[2024-06-26T09:19:04.648+0000] {local_task_job_runner.py:120} INFO - ::group::Pre task execution logs
[2024-06-26T09:19:04.685+0000] {taskinstance.py:2076} INFO - Dependencies all met for dep_context=non-requeueable deps ti=<TaskInstance: alerting_all_dags_using_apis.get_all_dagruns_task_instances manual__2024-06-26T09:18:59.150032+00:00 [queued]>
[2024-06-26T09:19:04.705+0000] {taskinstance.py:2076} INFO - Dependencies all met for dep_context=requeueable deps ti=<TaskInstance: alerting_all_dags_using_apis.get_all_dagruns_task_instances manual__2024-06-26T09:18:59.150032+00:00 [queued]>
[2024-06-26T09:19:04.706+0000] {taskinstance.py:2306} INFO - Starting attempt 1 of 6
[2024-06-26T09:19:04.731+0000] {taskinstance.py:2330} INFO - Executing <Task(PythonOperator): get_all_dagruns_task_instances> on 2024-06-26 09:18:59.150032+00:00
[2024-06-26T09:19:04.738+0000] {warnings.py:110} WARNING - /home/***/.local/lib/python3.12/site-packages/***/task/task_runner/standard_task_runner.py:61: DeprecationWarning: This process (pid=5601) is multi-threaded, use of fork() may lead to deadlocks in the child.
  pid = os.fork()

[2024-06-26T09:19:04.739+0000] {standard_task_runner.py:63} INFO - Started process 5602 to run task
[2024-06-26T09:19:04.740+0000] {standard_task_runner.py:90} INFO - Running: ['***', 'tasks', 'run', 'alerting_all_dags_using_apis', 'get_all_dagruns_task_instances', 'manual__2024-06-26T09:18:59.150032+00:00', '--job-id', '4238', '--raw', '--subdir', 'DAGS_FOLDER/alerting_all_dags_using_apis.py', '--cfg-path', '/tmp/tmpusm26hng']
[2024-06-26T09:19:04.741+0000] {standard_task_runner.py:91} INFO - Job 4238: Subtask get_all_dagruns_task_instances
[2024-06-26T09:19:04.814+0000] {task_command.py:426} INFO - Running <TaskInstance: alerting_all_dags_using_apis.get_all_dagruns_task_instances manual__2024-06-26T09:18:59.150032+00:00 [running]> on host ced2311e92d2
[2024-06-26T09:19:05.013+0000] {taskinstance.py:2648} INFO - Exporting env vars: AIRFLOW_CTX_DAG_OWNER='***' AIRFLOW_CTX_DAG_ID='alerting_all_dags_using_apis' AIRFLOW_CTX_TASK_ID='get_all_dagruns_task_instances' AIRFLOW_CTX_EXECUTION_DATE='2024-06-26T09:18:59.150032+00:00' AIRFLOW_CTX_TRY_NUMBER='1' AIRFLOW_CTX_DAG_RUN_ID='manual__2024-06-26T09:18:59.150032+00:00'
[2024-06-26T09:19:05.014+0000] {taskinstance.py:430} INFO - ::endgroup::
[2024-06-26T09:19:05.051+0000] {helper_functions.py:276} ERROR - Failed to get task instances for all DAG runs: 'NoneType' object is not iterable
Traceback (most recent call last):
  File "/opt/airflow/dags/helper_functions.py", line 263, in get_all_dagruns_task_instances
    for dag_id, run_id in run_ids:
TypeError: 'NoneType' object is not iterable
[2024-06-26T09:19:05.052+0000] {python.py:237} INFO - Done. Returned value was: None
[2024-06-26T09:19:05.052+0000] {taskinstance.py:441} INFO - ::group::Post task execution logs
[2024-06-26T09:19:05.068+0000] {taskinstance.py:1206} INFO - Marking task as SUCCESS. dag_id=alerting_all_dags_using_apis, task_id=get_all_dagruns_task_instances, run_id=manual__2024-06-26T09:18:59.150032+00:00, execution_date=20240626T091859, start_date=20240626T091904, end_date=20240626T091905
[2024-06-26T09:19:05.114+0000] {local_task_job_runner.py:240} INFO - Task exited with return code 0
[2024-06-26T09:19:05.170+0000] {taskinstance.py:3498} INFO - 1 downstream tasks scheduled from follow-on schedule check
[2024-06-26T09:19:05.172+0000] {local_task_job_runner.py:222} INFO - ::endgroup::
