[2024-06-27T05:40:02.111+0000] {local_task_job_runner.py:120} INFO - ::group::Pre task execution logs
[2024-06-27T05:40:02.154+0000] {taskinstance.py:2076} INFO - Dependencies all met for dep_context=non-requeueable deps ti=<TaskInstance: demo_dag_for_alerting_final.check_previous_run_status scheduled__2024-06-27T05:39:00+00:00 [queued]>
[2024-06-27T05:40:02.171+0000] {taskinstance.py:2076} INFO - Dependencies all met for dep_context=requeueable deps ti=<TaskInstance: demo_dag_for_alerting_final.check_previous_run_status scheduled__2024-06-27T05:39:00+00:00 [queued]>
[2024-06-27T05:40:02.171+0000] {taskinstance.py:2306} INFO - Starting attempt 1 of 6
[2024-06-27T05:40:02.200+0000] {taskinstance.py:2330} INFO - Executing <Task(BranchPythonOperator): check_previous_run_status> on 2024-06-27 05:39:00+00:00
[2024-06-27T05:40:02.209+0000] {warnings.py:110} WARNING - /home/***/.local/lib/python3.12/site-packages/***/task/task_runner/standard_task_runner.py:61: DeprecationWarning: This process (pid=958) is multi-threaded, use of fork() may lead to deadlocks in the child.
  pid = os.fork()

[2024-06-27T05:40:02.211+0000] {standard_task_runner.py:63} INFO - Started process 963 to run task
[2024-06-27T05:40:02.212+0000] {standard_task_runner.py:90} INFO - Running: ['***', 'tasks', 'run', 'demo_dag_for_alerting_final', 'check_previous_run_status', 'scheduled__2024-06-27T05:39:00+00:00', '--job-id', '4599', '--raw', '--subdir', 'DAGS_FOLDER/demo_dag_for_alerting.py', '--cfg-path', '/tmp/tmpnufhnufn']
[2024-06-27T05:40:02.215+0000] {standard_task_runner.py:91} INFO - Job 4599: Subtask check_previous_run_status
[2024-06-27T05:40:02.301+0000] {task_command.py:426} INFO - Running <TaskInstance: demo_dag_for_alerting_final.check_previous_run_status scheduled__2024-06-27T05:39:00+00:00 [running]> on host eeacb89bcfc1
[2024-06-27T05:40:02.483+0000] {taskinstance.py:2648} INFO - Exporting env vars: AIRFLOW_CTX_DAG_OWNER='***' AIRFLOW_CTX_DAG_ID='demo_dag_for_alerting_final' AIRFLOW_CTX_TASK_ID='check_previous_run_status' AIRFLOW_CTX_EXECUTION_DATE='2024-06-27T05:39:00+00:00' AIRFLOW_CTX_TRY_NUMBER='1' AIRFLOW_CTX_DAG_RUN_ID='scheduled__2024-06-27T05:39:00+00:00'
[2024-06-27T05:40:02.484+0000] {taskinstance.py:430} INFO - ::endgroup::
[2024-06-27T05:40:02.506+0000] {baseoperator.py:399} WARNING - BranchPythonOperator.execute cannot be called outside TaskInstance!
[2024-06-27T05:40:02.506+0000] {helper_functions.py:134} INFO - Reading encrypted details from ('/opt/***/dags/postgres_connection.py', '/opt/***/dags/***_api_configuration.py')
[2024-06-27T05:40:02.515+0000] {helper_functions.py:137} INFO - Decrypted postgres connection: {'user': '***', 'password': '***', 'dbname': '***', 'host': '172.240.2.2', 'port': '5432'}
[2024-06-27T05:40:02.518+0000] {helper_functions.py:98} INFO - Executing create table SQL
[2024-06-27T05:40:02.520+0000] {helper_functions.py:102} INFO - Checking existing record for dag_id and task_id
[2024-06-27T05:40:02.522+0000] {helper_functions.py:108} INFO - Updating skip count for demo_dag_for_alerting_final - check_previous_run_status
[2024-06-27T05:40:02.526+0000] {python.py:237} INFO - Done. Returned value was: skip_run
[2024-06-27T05:40:02.526+0000] {branch.py:36} INFO - Branch into skip_run
[2024-06-27T05:40:02.526+0000] {skipmixin.py:178} INFO - Following branch skip_run
[2024-06-27T05:40:02.547+0000] {skipmixin.py:246} INFO - Skipping tasks [('start_run', -1)]
[2024-06-27T05:40:02.573+0000] {taskinstance.py:441} INFO - ::group::Post task execution logs
[2024-06-27T05:40:02.597+0000] {taskinstance.py:1206} INFO - Marking task as SUCCESS. dag_id=demo_dag_for_alerting_final, task_id=check_previous_run_status, run_id=scheduled__2024-06-27T05:39:00+00:00, execution_date=20240627T053900, start_date=20240627T054002, end_date=20240627T054002
[2024-06-27T05:40:02.627+0000] {local_task_job_runner.py:240} INFO - Task exited with return code 0
[2024-06-27T05:40:02.673+0000] {taskinstance.py:3498} INFO - 1 downstream tasks scheduled from follow-on schedule check
[2024-06-27T05:40:02.678+0000] {local_task_job_runner.py:222} INFO - ::endgroup::
