[2024-06-19T18:41:04.421+0000] {local_task_job_runner.py:120} INFO - ::group::Pre task execution logs
[2024-06-19T18:41:04.445+0000] {taskinstance.py:2076} INFO - Dependencies all met for dep_context=non-requeueable deps ti=<TaskInstance: demo_dag_for_alerting_apis_final.check_data_in_stream scheduled__2024-06-19T18:40:00+00:00 [queued]>
[2024-06-19T18:41:04.454+0000] {taskinstance.py:2076} INFO - Dependencies all met for dep_context=requeueable deps ti=<TaskInstance: demo_dag_for_alerting_apis_final.check_data_in_stream scheduled__2024-06-19T18:40:00+00:00 [queued]>
[2024-06-19T18:41:04.454+0000] {taskinstance.py:2306} INFO - Starting attempt 1 of 6
[2024-06-19T18:41:04.468+0000] {taskinstance.py:2330} INFO - Executing <Task(BranchPythonOperator): check_data_in_stream> on 2024-06-19 18:40:00+00:00
[2024-06-19T18:41:04.474+0000] {warnings.py:110} WARNING - /home/***/.local/lib/python3.12/site-packages/***/task/task_runner/standard_task_runner.py:61: DeprecationWarning: This process (pid=1615) is multi-threaded, use of fork() may lead to deadlocks in the child.
  pid = os.fork()

[2024-06-19T18:41:04.475+0000] {standard_task_runner.py:63} INFO - Started process 1617 to run task
[2024-06-19T18:41:04.475+0000] {standard_task_runner.py:90} INFO - Running: ['***', 'tasks', 'run', 'demo_dag_for_alerting_apis_final', 'check_data_in_stream', 'scheduled__2024-06-19T18:40:00+00:00', '--job-id', '1782', '--raw', '--subdir', 'DAGS_FOLDER/demo_dag_for_alerting_apis.py', '--cfg-path', '/tmp/tmpqkknri6v']
[2024-06-19T18:41:04.476+0000] {standard_task_runner.py:91} INFO - Job 1782: Subtask check_data_in_stream
[2024-06-19T18:41:04.514+0000] {task_command.py:426} INFO - Running <TaskInstance: demo_dag_for_alerting_apis_final.check_data_in_stream scheduled__2024-06-19T18:40:00+00:00 [running]> on host e66744caf823
[2024-06-19T18:41:04.616+0000] {taskinstance.py:2648} INFO - Exporting env vars: AIRFLOW_CTX_DAG_OWNER='***' AIRFLOW_CTX_DAG_ID='demo_dag_for_alerting_apis_final' AIRFLOW_CTX_TASK_ID='check_data_in_stream' AIRFLOW_CTX_EXECUTION_DATE='2024-06-19T18:40:00+00:00' AIRFLOW_CTX_TRY_NUMBER='1' AIRFLOW_CTX_DAG_RUN_ID='scheduled__2024-06-19T18:40:00+00:00'
[2024-06-19T18:41:04.617+0000] {taskinstance.py:430} INFO - ::endgroup::
[2024-06-19T18:41:04.628+0000] {baseoperator.py:399} WARNING - BranchPythonOperator.execute cannot be called outside TaskInstance!
[2024-06-19T18:41:04.628+0000] {python.py:237} INFO - Done. Returned value was: skipped_due_to_data_unavailability
[2024-06-19T18:41:04.629+0000] {branch.py:36} INFO - Branch into skipped_due_to_data_unavailability
[2024-06-19T18:41:04.629+0000] {skipmixin.py:178} INFO - Following branch skipped_due_to_data_unavailability
[2024-06-19T18:41:04.642+0000] {skipmixin.py:246} INFO - Skipping tasks [('insert_new_record_into_audit_table', -1)]
[2024-06-19T18:41:04.662+0000] {taskinstance.py:441} INFO - ::group::Post task execution logs
[2024-06-19T18:41:04.682+0000] {taskinstance.py:1206} INFO - Marking task as SUCCESS. dag_id=demo_dag_for_alerting_apis_final, task_id=check_data_in_stream, run_id=scheduled__2024-06-19T18:40:00+00:00, execution_date=20240619T184000, start_date=20240619T184104, end_date=20240619T184104
[2024-06-19T18:41:04.728+0000] {local_task_job_runner.py:240} INFO - Task exited with return code 0
[2024-06-19T18:41:04.781+0000] {taskinstance.py:3498} INFO - 1 downstream tasks scheduled from follow-on schedule check
[2024-06-19T18:41:04.785+0000] {local_task_job_runner.py:222} INFO - ::endgroup::
