[2024-06-21T07:32:02.104+0000] {local_task_job_runner.py:120} INFO - ::group::Pre task execution logs
[2024-06-21T07:32:02.128+0000] {taskinstance.py:2076} INFO - Dependencies all met for dep_context=non-requeueable deps ti=<TaskInstance: demo_dag_for_alerting_apis_final.check_previous_run_status scheduled__2024-06-21T07:31:00+00:00 [queued]>
[2024-06-21T07:32:02.137+0000] {taskinstance.py:2076} INFO - Dependencies all met for dep_context=requeueable deps ti=<TaskInstance: demo_dag_for_alerting_apis_final.check_previous_run_status scheduled__2024-06-21T07:31:00+00:00 [queued]>
[2024-06-21T07:32:02.138+0000] {taskinstance.py:2306} INFO - Starting attempt 1 of 6
[2024-06-21T07:32:02.156+0000] {taskinstance.py:2330} INFO - Executing <Task(BranchPythonOperator): check_previous_run_status> on 2024-06-21 07:31:00+00:00
[2024-06-21T07:32:02.162+0000] {warnings.py:110} WARNING - /home/***/.local/lib/python3.12/site-packages/***/task/task_runner/standard_task_runner.py:61: DeprecationWarning: This process (pid=2969) is multi-threaded, use of fork() may lead to deadlocks in the child.
  pid = os.fork()

[2024-06-21T07:32:02.163+0000] {standard_task_runner.py:63} INFO - Started process 2971 to run task
[2024-06-21T07:32:02.163+0000] {standard_task_runner.py:90} INFO - Running: ['***', 'tasks', 'run', 'demo_dag_for_alerting_apis_final', 'check_previous_run_status', 'scheduled__2024-06-21T07:31:00+00:00', '--job-id', '2983', '--raw', '--subdir', 'DAGS_FOLDER/demo_dag_for_alerting_apis.py', '--cfg-path', '/tmp/tmpnx8ilz5s']
[2024-06-21T07:32:02.164+0000] {standard_task_runner.py:91} INFO - Job 2983: Subtask check_previous_run_status
[2024-06-21T07:32:02.210+0000] {task_command.py:426} INFO - Running <TaskInstance: demo_dag_for_alerting_apis_final.check_previous_run_status scheduled__2024-06-21T07:31:00+00:00 [running]> on host e66744caf823
[2024-06-21T07:32:02.313+0000] {taskinstance.py:2648} INFO - Exporting env vars: AIRFLOW_CTX_DAG_OWNER='***' AIRFLOW_CTX_DAG_ID='demo_dag_for_alerting_apis_final' AIRFLOW_CTX_TASK_ID='check_previous_run_status' AIRFLOW_CTX_EXECUTION_DATE='2024-06-21T07:31:00+00:00' AIRFLOW_CTX_TRY_NUMBER='1' AIRFLOW_CTX_DAG_RUN_ID='scheduled__2024-06-21T07:31:00+00:00'
[2024-06-21T07:32:02.314+0000] {taskinstance.py:430} INFO - ::endgroup::
[2024-06-21T07:32:02.327+0000] {baseoperator.py:399} WARNING - BranchPythonOperator.execute cannot be called outside TaskInstance!
[2024-06-21T07:32:02.328+0000] {python.py:237} INFO - Done. Returned value was: skip_run
[2024-06-21T07:32:02.328+0000] {branch.py:36} INFO - Branch into skip_run
[2024-06-21T07:32:02.328+0000] {skipmixin.py:178} INFO - Following branch skip_run
[2024-06-21T07:32:02.344+0000] {skipmixin.py:246} INFO - Skipping tasks [('start_run', -1)]
[2024-06-21T07:32:02.373+0000] {taskinstance.py:441} INFO - ::group::Post task execution logs
[2024-06-21T07:32:02.394+0000] {taskinstance.py:1206} INFO - Marking task as SUCCESS. dag_id=demo_dag_for_alerting_apis_final, task_id=check_previous_run_status, run_id=scheduled__2024-06-21T07:31:00+00:00, execution_date=20240621T073100, start_date=20240621T073202, end_date=20240621T073202
[2024-06-21T07:32:02.417+0000] {local_task_job_runner.py:240} INFO - Task exited with return code 0
[2024-06-21T07:32:02.450+0000] {taskinstance.py:3498} INFO - 1 downstream tasks scheduled from follow-on schedule check
[2024-06-21T07:32:02.453+0000] {local_task_job_runner.py:222} INFO - ::endgroup::
