[2024-06-12T06:16:50.713+0000] {local_task_job_runner.py:120} INFO - ::group::Pre task execution logs
[2024-06-12T06:16:50.748+0000] {taskinstance.py:2076} INFO - Dependencies all met for dep_context=non-requeueable deps ti=<TaskInstance: create_table.create_table manual__2024-06-12T06:16:49.488642+00:00 [queued]>
[2024-06-12T06:16:50.760+0000] {taskinstance.py:2076} INFO - Dependencies all met for dep_context=requeueable deps ti=<TaskInstance: create_table.create_table manual__2024-06-12T06:16:49.488642+00:00 [queued]>
[2024-06-12T06:16:50.760+0000] {taskinstance.py:2306} INFO - Starting attempt 1 of 6
[2024-06-12T06:16:50.778+0000] {taskinstance.py:2330} INFO - Executing <Task(PythonOperator): create_table> on 2024-06-12 06:16:49.488642+00:00
[2024-06-12T06:16:50.786+0000] {warnings.py:110} WARNING - /home/***/.local/lib/python3.12/site-packages/***/task/task_runner/standard_task_runner.py:61: DeprecationWarning: This process (pid=1095) is multi-threaded, use of fork() may lead to deadlocks in the child.
  pid = os.fork()

[2024-06-12T06:16:50.787+0000] {standard_task_runner.py:63} INFO - Started process 1096 to run task
[2024-06-12T06:16:50.788+0000] {standard_task_runner.py:90} INFO - Running: ['***', 'tasks', 'run', 'create_table', 'create_table', 'manual__2024-06-12T06:16:49.488642+00:00', '--job-id', '120', '--raw', '--subdir', 'DAGS_FOLDER/create_table.py', '--cfg-path', '/tmp/tmp78z67ugs']
[2024-06-12T06:16:50.789+0000] {standard_task_runner.py:91} INFO - Job 120: Subtask create_table
[2024-06-12T06:16:50.842+0000] {task_command.py:426} INFO - Running <TaskInstance: create_table.create_table manual__2024-06-12T06:16:49.488642+00:00 [running]> on host 7bea3768514b
[2024-06-12T06:16:50.972+0000] {taskinstance.py:2648} INFO - Exporting env vars: AIRFLOW_CTX_DAG_OWNER='***' AIRFLOW_CTX_DAG_ID='create_table' AIRFLOW_CTX_TASK_ID='create_table' AIRFLOW_CTX_EXECUTION_DATE='2024-06-12T06:16:49.488642+00:00' AIRFLOW_CTX_TRY_NUMBER='1' AIRFLOW_CTX_DAG_RUN_ID='manual__2024-06-12T06:16:49.488642+00:00'
[2024-06-12T06:16:50.973+0000] {taskinstance.py:430} INFO - ::endgroup::
[2024-06-12T06:16:51.001+0000] {base.py:84} INFO - Using connection ID 'postgres_conn' for task execution.
[2024-06-12T06:16:51.005+0000] {sql.py:470} INFO - Running statement: 
    CREATE TABLE IF NOT EXISTS valid_data (
        id SERIAL PRIMARY KEY,
        name VARCHAR(255) NOT NULL,
        email VARCHAR(255) NOT NULL,
        date TIMESTAMP NOT NULL
    );
    , parameters: None
[2024-06-12T06:16:51.013+0000] {python.py:237} INFO - Done. Returned value was: None
[2024-06-12T06:16:51.017+0000] {taskinstance.py:441} INFO - ::group::Post task execution logs
[2024-06-12T06:16:51.037+0000] {taskinstance.py:1206} INFO - Marking task as SUCCESS. dag_id=create_table, task_id=create_table, run_id=manual__2024-06-12T06:16:49.488642+00:00, execution_date=20240612T061649, start_date=20240612T061650, end_date=20240612T061651
[2024-06-12T06:16:51.082+0000] {local_task_job_runner.py:240} INFO - Task exited with return code 0
[2024-06-12T06:16:51.128+0000] {taskinstance.py:3498} INFO - 0 downstream tasks scheduled from follow-on schedule check
[2024-06-12T06:16:51.131+0000] {local_task_job_runner.py:222} INFO - ::endgroup::
