[2024-06-27T05:40:03.991+0000] {local_task_job_runner.py:120} INFO - ::group::Pre task execution logs
[2024-06-27T05:40:04.070+0000] {taskinstance.py:2076} INFO - Dependencies all met for dep_context=non-requeueable deps ti=<TaskInstance: demo_dag_for_alerting_apis_final.skip_run scheduled__2024-06-27T05:38:00+00:00 [queued]>
[2024-06-27T05:40:04.097+0000] {taskinstance.py:2076} INFO - Dependencies all met for dep_context=requeueable deps ti=<TaskInstance: demo_dag_for_alerting_apis_final.skip_run scheduled__2024-06-27T05:38:00+00:00 [queued]>
[2024-06-27T05:40:04.098+0000] {taskinstance.py:2306} INFO - Starting attempt 1 of 6
[2024-06-27T05:40:04.123+0000] {taskinstance.py:2330} INFO - Executing <Task(PythonOperator): skip_run> on 2024-06-27 05:38:00+00:00
[2024-06-27T05:40:04.133+0000] {warnings.py:110} WARNING - /home/***/.local/lib/python3.12/site-packages/***/task/task_runner/standard_task_runner.py:61: DeprecationWarning: This process (pid=968) is multi-threaded, use of fork() may lead to deadlocks in the child.
  pid = os.fork()

[2024-06-27T05:40:04.135+0000] {standard_task_runner.py:63} INFO - Started process 979 to run task
[2024-06-27T05:40:04.136+0000] {standard_task_runner.py:90} INFO - Running: ['***', 'tasks', 'run', 'demo_dag_for_alerting_apis_final', 'skip_run', 'scheduled__2024-06-27T05:38:00+00:00', '--job-id', '4604', '--raw', '--subdir', 'DAGS_FOLDER/demo_dag_for_alerting_apis.py', '--cfg-path', '/tmp/tmpwa0yoyi9']
[2024-06-27T05:40:04.138+0000] {standard_task_runner.py:91} INFO - Job 4604: Subtask skip_run
[2024-06-27T05:40:04.217+0000] {task_command.py:426} INFO - Running <TaskInstance: demo_dag_for_alerting_apis_final.skip_run scheduled__2024-06-27T05:38:00+00:00 [running]> on host eeacb89bcfc1
[2024-06-27T05:40:04.399+0000] {taskinstance.py:2648} INFO - Exporting env vars: AIRFLOW_CTX_DAG_OWNER='***' AIRFLOW_CTX_DAG_ID='demo_dag_for_alerting_apis_final' AIRFLOW_CTX_TASK_ID='skip_run' AIRFLOW_CTX_EXECUTION_DATE='2024-06-27T05:38:00+00:00' AIRFLOW_CTX_TRY_NUMBER='1' AIRFLOW_CTX_DAG_RUN_ID='scheduled__2024-06-27T05:38:00+00:00'
[2024-06-27T05:40:04.400+0000] {taskinstance.py:430} INFO - ::endgroup::
[2024-06-27T05:40:04.656+0000] {helper_functions.py:228} INFO - ['scheduled__2024-06-27T04:42:00+00:00']
[2024-06-27T05:40:04.864+0000] {helper_functions.py:237} INFO - ['success']
[2024-06-27T05:40:04.865+0000] {python.py:237} INFO - Done. Returned value was: None
[2024-06-27T05:40:04.865+0000] {taskinstance.py:441} INFO - ::group::Post task execution logs
[2024-06-27T05:40:04.875+0000] {taskinstance.py:1206} INFO - Marking task as SUCCESS. dag_id=demo_dag_for_alerting_apis_final, task_id=skip_run, run_id=scheduled__2024-06-27T05:38:00+00:00, execution_date=20240627T053800, start_date=20240627T054004, end_date=20240627T054004
[2024-06-27T05:40:04.914+0000] {local_task_job_runner.py:240} INFO - Task exited with return code 0
[2024-06-27T05:40:04.928+0000] {taskinstance.py:3498} INFO - 0 downstream tasks scheduled from follow-on schedule check
[2024-06-27T05:40:04.929+0000] {local_task_job_runner.py:222} INFO - ::endgroup::
