[2024-06-20T07:56:05.272+0000] {local_task_job_runner.py:120} INFO - ::group::Pre task execution logs
[2024-06-20T07:56:05.291+0000] {taskinstance.py:2076} INFO - Dependencies all met for dep_context=non-requeueable deps ti=<TaskInstance: demo_dag_for_alerting_final_1.check_data_in_stream scheduled__2024-06-20T07:55:00+00:00 [queued]>
[2024-06-20T07:56:05.299+0000] {taskinstance.py:2076} INFO - Dependencies all met for dep_context=requeueable deps ti=<TaskInstance: demo_dag_for_alerting_final_1.check_data_in_stream scheduled__2024-06-20T07:55:00+00:00 [queued]>
[2024-06-20T07:56:05.300+0000] {taskinstance.py:2306} INFO - Starting attempt 1 of 6
[2024-06-20T07:56:05.313+0000] {taskinstance.py:2330} INFO - Executing <Task(BranchPythonOperator): check_data_in_stream> on 2024-06-20 07:55:00+00:00
[2024-06-20T07:56:05.318+0000] {warnings.py:110} WARNING - /home/***/.local/lib/python3.12/site-packages/***/task/task_runner/standard_task_runner.py:61: DeprecationWarning: This process (pid=2113) is multi-threaded, use of fork() may lead to deadlocks in the child.
  pid = os.fork()

[2024-06-20T07:56:05.319+0000] {standard_task_runner.py:63} INFO - Started process 2114 to run task
[2024-06-20T07:56:05.319+0000] {standard_task_runner.py:90} INFO - Running: ['***', 'tasks', 'run', 'demo_dag_for_alerting_final_1', 'check_data_in_stream', 'scheduled__2024-06-20T07:55:00+00:00', '--job-id', '2024', '--raw', '--subdir', 'DAGS_FOLDER/demo_dag_for_alerting.py', '--cfg-path', '/tmp/tmpvsjkl8dd']
[2024-06-20T07:56:05.320+0000] {standard_task_runner.py:91} INFO - Job 2024: Subtask check_data_in_stream
[2024-06-20T07:56:05.356+0000] {task_command.py:426} INFO - Running <TaskInstance: demo_dag_for_alerting_final_1.check_data_in_stream scheduled__2024-06-20T07:55:00+00:00 [running]> on host e66744caf823
[2024-06-20T07:56:05.438+0000] {taskinstance.py:2648} INFO - Exporting env vars: AIRFLOW_CTX_DAG_OWNER='***' AIRFLOW_CTX_DAG_ID='demo_dag_for_alerting_final_1' AIRFLOW_CTX_TASK_ID='check_data_in_stream' AIRFLOW_CTX_EXECUTION_DATE='2024-06-20T07:55:00+00:00' AIRFLOW_CTX_TRY_NUMBER='1' AIRFLOW_CTX_DAG_RUN_ID='scheduled__2024-06-20T07:55:00+00:00'
[2024-06-20T07:56:05.439+0000] {taskinstance.py:430} INFO - ::endgroup::
[2024-06-20T07:56:05.450+0000] {baseoperator.py:399} WARNING - BranchPythonOperator.execute cannot be called outside TaskInstance!
[2024-06-20T07:56:05.455+0000] {python.py:237} INFO - Done. Returned value was: skipped_due_to_data_unavailability
[2024-06-20T07:56:05.455+0000] {branch.py:36} INFO - Branch into skipped_due_to_data_unavailability
[2024-06-20T07:56:05.455+0000] {skipmixin.py:178} INFO - Following branch skipped_due_to_data_unavailability
[2024-06-20T07:56:05.467+0000] {skipmixin.py:246} INFO - Skipping tasks [('insert_new_record_into_audit_table', -1)]
[2024-06-20T07:56:05.486+0000] {taskinstance.py:441} INFO - ::group::Post task execution logs
[2024-06-20T07:56:05.502+0000] {taskinstance.py:1206} INFO - Marking task as SUCCESS. dag_id=demo_dag_for_alerting_final_1, task_id=check_data_in_stream, run_id=scheduled__2024-06-20T07:55:00+00:00, execution_date=20240620T075500, start_date=20240620T075605, end_date=20240620T075605
[2024-06-20T07:56:05.533+0000] {local_task_job_runner.py:240} INFO - Task exited with return code 0
[2024-06-20T07:56:05.568+0000] {taskinstance.py:3498} INFO - 1 downstream tasks scheduled from follow-on schedule check
[2024-06-20T07:56:05.572+0000] {local_task_job_runner.py:222} INFO - ::endgroup::
