[2024-06-19T09:22:00.573+0000] {local_task_job_runner.py:120} INFO - ::group::Pre task execution logs
[2024-06-19T09:22:00.598+0000] {taskinstance.py:2076} INFO - Dependencies all met for dep_context=non-requeueable deps ti=<TaskInstance: demo_dag_for_alerting_final_1.check_data_in_stream scheduled__2024-06-19T09:21:00+00:00 [queued]>
[2024-06-19T09:22:00.607+0000] {taskinstance.py:2076} INFO - Dependencies all met for dep_context=requeueable deps ti=<TaskInstance: demo_dag_for_alerting_final_1.check_data_in_stream scheduled__2024-06-19T09:21:00+00:00 [queued]>
[2024-06-19T09:22:00.607+0000] {taskinstance.py:2306} INFO - Starting attempt 1 of 6
[2024-06-19T09:22:00.620+0000] {taskinstance.py:2330} INFO - Executing <Task(BranchPythonOperator): check_data_in_stream> on 2024-06-19 09:21:00+00:00
[2024-06-19T09:22:00.625+0000] {warnings.py:110} WARNING - /home/***/.local/lib/python3.12/site-packages/***/task/task_runner/standard_task_runner.py:61: DeprecationWarning: This process (pid=3203) is multi-threaded, use of fork() may lead to deadlocks in the child.
  pid = os.fork()

[2024-06-19T09:22:00.626+0000] {standard_task_runner.py:63} INFO - Started process 3205 to run task
[2024-06-19T09:22:00.626+0000] {standard_task_runner.py:90} INFO - Running: ['***', 'tasks', 'run', 'demo_dag_for_alerting_final_1', 'check_data_in_stream', 'scheduled__2024-06-19T09:21:00+00:00', '--job-id', '1244', '--raw', '--subdir', 'DAGS_FOLDER/demo_dag_for_alerting.py', '--cfg-path', '/tmp/tmpctslfq16']
[2024-06-19T09:22:00.627+0000] {standard_task_runner.py:91} INFO - Job 1244: Subtask check_data_in_stream
[2024-06-19T09:22:00.668+0000] {task_command.py:426} INFO - Running <TaskInstance: demo_dag_for_alerting_final_1.check_data_in_stream scheduled__2024-06-19T09:21:00+00:00 [running]> on host 9e4d135130fa
[2024-06-19T09:22:00.772+0000] {taskinstance.py:2648} INFO - Exporting env vars: AIRFLOW_CTX_DAG_OWNER='***' AIRFLOW_CTX_DAG_ID='demo_dag_for_alerting_final_1' AIRFLOW_CTX_TASK_ID='check_data_in_stream' AIRFLOW_CTX_EXECUTION_DATE='2024-06-19T09:21:00+00:00' AIRFLOW_CTX_TRY_NUMBER='1' AIRFLOW_CTX_DAG_RUN_ID='scheduled__2024-06-19T09:21:00+00:00'
[2024-06-19T09:22:00.772+0000] {taskinstance.py:430} INFO - ::endgroup::
[2024-06-19T09:22:00.785+0000] {baseoperator.py:399} WARNING - BranchPythonOperator.execute cannot be called outside TaskInstance!
[2024-06-19T09:22:00.790+0000] {python.py:237} INFO - Done. Returned value was: start_run
[2024-06-19T09:22:00.790+0000] {branch.py:36} INFO - Branch into start_run
[2024-06-19T09:22:00.790+0000] {skipmixin.py:178} INFO - Following branch start_run
[2024-06-19T09:22:00.791+0000] {taskinstance.py:441} INFO - ::group::Post task execution logs
[2024-06-19T09:22:00.809+0000] {taskinstance.py:1206} INFO - Marking task as SUCCESS. dag_id=demo_dag_for_alerting_final_1, task_id=check_data_in_stream, run_id=scheduled__2024-06-19T09:21:00+00:00, execution_date=20240619T092100, start_date=20240619T092200, end_date=20240619T092200
[2024-06-19T09:22:00.839+0000] {local_task_job_runner.py:240} INFO - Task exited with return code 0
[2024-06-19T09:22:00.854+0000] {taskinstance.py:3498} INFO - 0 downstream tasks scheduled from follow-on schedule check
[2024-06-19T09:22:00.855+0000] {local_task_job_runner.py:222} INFO - ::endgroup::
