[2024-06-26T05:56:02.304+0000] {local_task_job_runner.py:120} INFO - ::group::Pre task execution logs
[2024-06-26T05:56:02.336+0000] {taskinstance.py:2076} INFO - Dependencies all met for dep_context=non-requeueable deps ti=<TaskInstance: demo_dag_for_alerting_final_1.skip_run scheduled__2024-06-26T05:55:00+00:00 [queued]>
[2024-06-26T05:56:02.347+0000] {taskinstance.py:2076} INFO - Dependencies all met for dep_context=requeueable deps ti=<TaskInstance: demo_dag_for_alerting_final_1.skip_run scheduled__2024-06-26T05:55:00+00:00 [queued]>
[2024-06-26T05:56:02.348+0000] {taskinstance.py:2306} INFO - Starting attempt 1 of 6
[2024-06-26T05:56:02.363+0000] {taskinstance.py:2330} INFO - Executing <Task(PythonOperator): skip_run> on 2024-06-26 05:55:00+00:00
[2024-06-26T05:56:02.369+0000] {warnings.py:110} WARNING - /home/***/.local/lib/python3.12/site-packages/***/task/task_runner/standard_task_runner.py:61: DeprecationWarning: This process (pid=3650) is multi-threaded, use of fork() may lead to deadlocks in the child.
  pid = os.fork()

[2024-06-26T05:56:02.370+0000] {standard_task_runner.py:63} INFO - Started process 3651 to run task
[2024-06-26T05:56:02.371+0000] {standard_task_runner.py:90} INFO - Running: ['***', 'tasks', 'run', 'demo_dag_for_alerting_final_1', 'skip_run', 'scheduled__2024-06-26T05:55:00+00:00', '--job-id', '4060', '--raw', '--subdir', 'DAGS_FOLDER/demo_dag_for_alerting.py', '--cfg-path', '/tmp/tmpqwp193m4']
[2024-06-26T05:56:02.372+0000] {standard_task_runner.py:91} INFO - Job 4060: Subtask skip_run
[2024-06-26T05:56:02.423+0000] {task_command.py:426} INFO - Running <TaskInstance: demo_dag_for_alerting_final_1.skip_run scheduled__2024-06-26T05:55:00+00:00 [running]> on host ced2311e92d2
[2024-06-26T05:56:02.542+0000] {taskinstance.py:2648} INFO - Exporting env vars: AIRFLOW_CTX_DAG_OWNER='***' AIRFLOW_CTX_DAG_ID='demo_dag_for_alerting_final_1' AIRFLOW_CTX_TASK_ID='skip_run' AIRFLOW_CTX_EXECUTION_DATE='2024-06-26T05:55:00+00:00' AIRFLOW_CTX_TRY_NUMBER='1' AIRFLOW_CTX_DAG_RUN_ID='scheduled__2024-06-26T05:55:00+00:00'
[2024-06-26T05:56:02.543+0000] {taskinstance.py:430} INFO - ::endgroup::
[2024-06-26T05:56:02.556+0000] {helper_functions.py:245} INFO - The DAG demo_dag_for_alerting_final_1 was skipped at 2024-06-26 05:56:02.556874

[2024-06-26T05:56:02.557+0000] {python.py:237} INFO - Done. Returned value was: None
[2024-06-26T05:56:02.557+0000] {taskinstance.py:441} INFO - ::group::Post task execution logs
[2024-06-26T05:56:02.566+0000] {taskinstance.py:1206} INFO - Marking task as SUCCESS. dag_id=demo_dag_for_alerting_final_1, task_id=skip_run, run_id=scheduled__2024-06-26T05:55:00+00:00, execution_date=20240626T055500, start_date=20240626T055602, end_date=20240626T055602
[2024-06-26T05:56:02.624+0000] {local_task_job_runner.py:240} INFO - Task exited with return code 0
[2024-06-26T05:56:02.645+0000] {taskinstance.py:3498} INFO - 0 downstream tasks scheduled from follow-on schedule check
[2024-06-26T05:56:02.647+0000] {local_task_job_runner.py:222} INFO - ::endgroup::
