[2024-06-19T18:30:04.255+0000] {local_task_job_runner.py:120} INFO - ::group::Pre task execution logs
[2024-06-19T18:30:04.290+0000] {taskinstance.py:2076} INFO - Dependencies all met for dep_context=non-requeueable deps ti=<TaskInstance: demo_dag_for_alerting_apis_final.skipped_due_to_data_unavailability scheduled__2024-06-19T18:29:00+00:00 [queued]>
[2024-06-19T18:30:04.306+0000] {taskinstance.py:2076} INFO - Dependencies all met for dep_context=requeueable deps ti=<TaskInstance: demo_dag_for_alerting_apis_final.skipped_due_to_data_unavailability scheduled__2024-06-19T18:29:00+00:00 [queued]>
[2024-06-19T18:30:04.306+0000] {taskinstance.py:2306} INFO - Starting attempt 1 of 6
[2024-06-19T18:30:04.321+0000] {taskinstance.py:2330} INFO - Executing <Task(PythonOperator): skipped_due_to_data_unavailability> on 2024-06-19 18:29:00+00:00
[2024-06-19T18:30:04.330+0000] {warnings.py:110} WARNING - /home/***/.local/lib/python3.12/site-packages/***/task/task_runner/standard_task_runner.py:61: DeprecationWarning: This process (pid=1299) is multi-threaded, use of fork() may lead to deadlocks in the child.
  pid = os.fork()

[2024-06-19T18:30:04.331+0000] {standard_task_runner.py:63} INFO - Started process 1300 to run task
[2024-06-19T18:30:04.331+0000] {standard_task_runner.py:90} INFO - Running: ['***', 'tasks', 'run', 'demo_dag_for_alerting_apis_final', 'skipped_due_to_data_unavailability', 'scheduled__2024-06-19T18:29:00+00:00', '--job-id', '1694', '--raw', '--subdir', 'DAGS_FOLDER/demo_dag_for_alerting_apis.py', '--cfg-path', '/tmp/tmpjg_77c21']
[2024-06-19T18:30:04.332+0000] {standard_task_runner.py:91} INFO - Job 1694: Subtask skipped_due_to_data_unavailability
[2024-06-19T18:30:04.381+0000] {task_command.py:426} INFO - Running <TaskInstance: demo_dag_for_alerting_apis_final.skipped_due_to_data_unavailability scheduled__2024-06-19T18:29:00+00:00 [running]> on host e66744caf823
[2024-06-19T18:30:04.494+0000] {taskinstance.py:2648} INFO - Exporting env vars: AIRFLOW_CTX_DAG_OWNER='***' AIRFLOW_CTX_DAG_ID='demo_dag_for_alerting_apis_final' AIRFLOW_CTX_TASK_ID='skipped_due_to_data_unavailability' AIRFLOW_CTX_EXECUTION_DATE='2024-06-19T18:29:00+00:00' AIRFLOW_CTX_TRY_NUMBER='1' AIRFLOW_CTX_DAG_RUN_ID='scheduled__2024-06-19T18:29:00+00:00'
[2024-06-19T18:30:04.495+0000] {taskinstance.py:430} INFO - ::endgroup::
[2024-06-19T18:30:04.524+0000] {helper_functions.py:156} ERROR - HTTP request failed: 404 Client Error: NOT FOUND for url: http://***:***@172.240.2.4:8080/api/v1/demo_dag_for_alerting_apis_final/dagRuns?limit=3&order_by=-start_date
[2024-06-19T18:30:04.524+0000] {python.py:237} INFO - Done. Returned value was: None
[2024-06-19T18:30:04.525+0000] {taskinstance.py:441} INFO - ::group::Post task execution logs
[2024-06-19T18:30:04.534+0000] {taskinstance.py:1206} INFO - Marking task as SUCCESS. dag_id=demo_dag_for_alerting_apis_final, task_id=skipped_due_to_data_unavailability, run_id=scheduled__2024-06-19T18:29:00+00:00, execution_date=20240619T182900, start_date=20240619T183004, end_date=20240619T183004
[2024-06-19T18:30:04.585+0000] {local_task_job_runner.py:240} INFO - Task exited with return code 0
[2024-06-19T18:30:04.602+0000] {taskinstance.py:3498} INFO - 0 downstream tasks scheduled from follow-on schedule check
[2024-06-19T18:30:04.604+0000] {local_task_job_runner.py:222} INFO - ::endgroup::
