[2024-06-27T11:06:02.329+0000] {local_task_job_runner.py:120} INFO - ::group::Pre task execution logs
[2024-06-27T11:06:02.357+0000] {taskinstance.py:2076} INFO - Dependencies all met for dep_context=non-requeueable deps ti=<TaskInstance: alerting_all_dags_using_apis.get_all_active_dags scheduled__2024-06-27T11:03:00+00:00 [queued]>
[2024-06-27T11:06:02.366+0000] {taskinstance.py:2076} INFO - Dependencies all met for dep_context=requeueable deps ti=<TaskInstance: alerting_all_dags_using_apis.get_all_active_dags scheduled__2024-06-27T11:03:00+00:00 [queued]>
[2024-06-27T11:06:02.366+0000] {taskinstance.py:2306} INFO - Starting attempt 1 of 6
[2024-06-27T11:06:02.381+0000] {taskinstance.py:2330} INFO - Executing <Task(PythonOperator): get_all_active_dags> on 2024-06-27 11:03:00+00:00
[2024-06-27T11:06:02.386+0000] {warnings.py:110} WARNING - /home/***/.local/lib/python3.12/site-packages/***/task/task_runner/standard_task_runner.py:61: DeprecationWarning: This process (pid=3820) is multi-threaded, use of fork() may lead to deadlocks in the child.
  pid = os.fork()

[2024-06-27T11:06:02.387+0000] {standard_task_runner.py:63} INFO - Started process 3821 to run task
[2024-06-27T11:06:02.388+0000] {standard_task_runner.py:90} INFO - Running: ['***', 'tasks', 'run', 'alerting_all_dags_using_apis', 'get_all_active_dags', 'scheduled__2024-06-27T11:03:00+00:00', '--job-id', '4704', '--raw', '--subdir', 'DAGS_FOLDER/alerting_all_dags_using_apis.py', '--cfg-path', '/tmp/tmp87y60bgh']
[2024-06-27T11:06:02.389+0000] {standard_task_runner.py:91} INFO - Job 4704: Subtask get_all_active_dags
[2024-06-27T11:06:02.432+0000] {task_command.py:426} INFO - Running <TaskInstance: alerting_all_dags_using_apis.get_all_active_dags scheduled__2024-06-27T11:03:00+00:00 [running]> on host eeacb89bcfc1
[2024-06-27T11:06:02.533+0000] {taskinstance.py:2648} INFO - Exporting env vars: AIRFLOW_CTX_DAG_OWNER='***' AIRFLOW_CTX_DAG_ID='alerting_all_dags_using_apis' AIRFLOW_CTX_TASK_ID='get_all_active_dags' AIRFLOW_CTX_EXECUTION_DATE='2024-06-27T11:03:00+00:00' AIRFLOW_CTX_TRY_NUMBER='1' AIRFLOW_CTX_DAG_RUN_ID='scheduled__2024-06-27T11:03:00+00:00'
[2024-06-27T11:06:02.534+0000] {taskinstance.py:430} INFO - ::endgroup::
[2024-06-27T11:06:02.553+0000] {helper_functions.py:268} INFO - Requesting http://***:***@172.240.2.5:8080/api/v1/dags?only_active=true
[2024-06-27T11:06:02.755+0000] {python.py:237} INFO - Done. Returned value was: ['alerting_all_dags_using_apis', 'demo_dag_for_alerting_apis_final', 'demo_dag_for_alerting_final']
[2024-06-27T11:06:02.756+0000] {taskinstance.py:441} INFO - ::group::Post task execution logs
[2024-06-27T11:06:02.783+0000] {taskinstance.py:1206} INFO - Marking task as SUCCESS. dag_id=alerting_all_dags_using_apis, task_id=get_all_active_dags, run_id=scheduled__2024-06-27T11:03:00+00:00, execution_date=20240627T110300, start_date=20240627T110602, end_date=20240627T110602
[2024-06-27T11:06:02.801+0000] {local_task_job_runner.py:240} INFO - Task exited with return code 0
[2024-06-27T11:06:02.826+0000] {taskinstance.py:3498} INFO - 1 downstream tasks scheduled from follow-on schedule check
[2024-06-27T11:06:02.827+0000] {local_task_job_runner.py:222} INFO - ::endgroup::
