[2024-06-12T09:12:45.883+0000] {local_task_job_runner.py:120} INFO - ::group::Pre task execution logs
[2024-06-12T09:12:45.909+0000] {taskinstance.py:2076} INFO - Dependencies all met for dep_context=non-requeueable deps ti=<TaskInstance: manual_json_to_postgres4.process_json manual__2024-06-12T09:12:44.326454+00:00 [queued]>
[2024-06-12T09:12:45.920+0000] {taskinstance.py:2076} INFO - Dependencies all met for dep_context=requeueable deps ti=<TaskInstance: manual_json_to_postgres4.process_json manual__2024-06-12T09:12:44.326454+00:00 [queued]>
[2024-06-12T09:12:45.921+0000] {taskinstance.py:2306} INFO - Starting attempt 1 of 6
[2024-06-12T09:12:45.937+0000] {taskinstance.py:2330} INFO - Executing <Task(PythonOperator): process_json> on 2024-06-12 09:12:44.326454+00:00
[2024-06-12T09:12:45.941+0000] {warnings.py:110} WARNING - /home/***/.local/lib/python3.12/site-packages/***/task/task_runner/standard_task_runner.py:61: DeprecationWarning: This process (pid=2153) is multi-threaded, use of fork() may lead to deadlocks in the child.
  pid = os.fork()

[2024-06-12T09:12:45.942+0000] {standard_task_runner.py:63} INFO - Started process 2154 to run task
[2024-06-12T09:12:45.943+0000] {standard_task_runner.py:90} INFO - Running: ['***', 'tasks', 'run', 'manual_json_to_postgres4', 'process_json', 'manual__2024-06-12T09:12:44.326454+00:00', '--job-id', '137', '--raw', '--subdir', 'DAGS_FOLDER/manual_json_to_postgres.py', '--cfg-path', '/tmp/tmpujs03puj']
[2024-06-12T09:12:45.944+0000] {standard_task_runner.py:91} INFO - Job 137: Subtask process_json
[2024-06-12T09:12:45.987+0000] {task_command.py:426} INFO - Running <TaskInstance: manual_json_to_postgres4.process_json manual__2024-06-12T09:12:44.326454+00:00 [running]> on host 7bea3768514b
[2024-06-12T09:12:46.082+0000] {taskinstance.py:2648} INFO - Exporting env vars: AIRFLOW_CTX_DAG_OWNER='***' AIRFLOW_CTX_DAG_ID='manual_json_to_postgres4' AIRFLOW_CTX_TASK_ID='process_json' AIRFLOW_CTX_EXECUTION_DATE='2024-06-12T09:12:44.326454+00:00' AIRFLOW_CTX_TRY_NUMBER='1' AIRFLOW_CTX_DAG_RUN_ID='manual__2024-06-12T09:12:44.326454+00:00'
[2024-06-12T09:12:46.082+0000] {taskinstance.py:430} INFO - ::endgroup::
[2024-06-12T09:12:46.098+0000] {manual_json_to_postgres.py:45} INFO - Loaded JSON data: [{'name': '', 'phoneNumber': '6234567890', 'date': '2022-05-11T10:08:00.026Z', 'email': 'N!k#!1$*@gmail.com'}, {'phoneNumber': '6234567890', 'date': '2022-05-11T10:08:00.026Z', 'email': 'N!k#!1$*@gmail.com'}, {'name': 'nikhil4', 'phoneNumber': '6234567890', 'date': '2022-05-11T10:08:00.026Z', 'email': 'sdfghgjhgf'}, {'name': 'nikhil5', 'phoneNumber': '6234567890', 'date': '2022-05-11T10:08:00.026Z'}, {'name': 'nikhil6', 'phoneNumber': '6234567890', 'date': '', 'email': 'N!k#!1$*@gmail.com'}, {'name': 'nikhil7', 'phoneNumber': '6234567890', 'email': 'N!k#!1$*@gmail.com'}, {'name': 'nikhil1', 'phoneNumber': '6234567890', 'date': '2022-05-11T10:08:00.026Z', 'email': 'N!k#!1$*@gmail.com'}]
[2024-06-12T09:12:46.099+0000] {manual_json_to_postgres.py:54} INFO - Filtered valid data: [{'name': 'nikhil1', 'phoneNumber': '6234567890', 'date': '2022-05-11T10:08:00.026Z', 'email': 'N!k#!1$*@gmail.com'}]
[2024-06-12T09:12:46.099+0000] {manual_json_to_postgres.py:63} INFO - Inserting entry: {'name': 'nikhil1', 'phoneNumber': '6234567890', 'date': '2022-05-11T10:08:00.026Z', 'email': 'N!k#!1$*@gmail.com'}
[2024-06-12T09:12:46.107+0000] {base.py:84} INFO - Using connection ID 'postgres_conn' for task execution.
[2024-06-12T09:12:46.111+0000] {sql.py:470} INFO - Running statement: 
            INSERT INTO valid_data1 (name, email, date) VALUES (%s, %s, %s)
            , parameters: ('nikhil1', 'N!k#!1$*@gmail.com', '2022-05-11T10:08:00.026Z')
[2024-06-12T09:12:46.112+0000] {sql.py:479} INFO - Rows affected: 1
[2024-06-12T09:12:46.114+0000] {manual_json_to_postgres.py:65} INFO - Data insertion completed successfully.
[2024-06-12T09:12:46.114+0000] {python.py:237} INFO - Done. Returned value was: None
[2024-06-12T09:12:46.115+0000] {taskinstance.py:441} INFO - ::group::Post task execution logs
[2024-06-12T09:12:46.124+0000] {taskinstance.py:1206} INFO - Marking task as SUCCESS. dag_id=manual_json_to_postgres4, task_id=process_json, run_id=manual__2024-06-12T09:12:44.326454+00:00, execution_date=20240612T091244, start_date=20240612T091245, end_date=20240612T091246
[2024-06-12T09:12:46.156+0000] {local_task_job_runner.py:240} INFO - Task exited with return code 0
[2024-06-12T09:12:46.173+0000] {taskinstance.py:3498} INFO - 0 downstream tasks scheduled from follow-on schedule check
[2024-06-12T09:12:46.175+0000] {local_task_job_runner.py:222} INFO - ::endgroup::
