[2024-06-27T05:51:05.078+0000] {local_task_job_runner.py:120} INFO - ::group::Pre task execution logs
[2024-06-27T05:51:05.111+0000] {taskinstance.py:2076} INFO - Dependencies all met for dep_context=non-requeueable deps ti=<TaskInstance: demo_dag_for_alerting_apis_final.skipped_due_to_data_unavailability scheduled__2024-06-27T05:50:00+00:00 [queued]>
[2024-06-27T05:51:05.124+0000] {taskinstance.py:2076} INFO - Dependencies all met for dep_context=requeueable deps ti=<TaskInstance: demo_dag_for_alerting_apis_final.skipped_due_to_data_unavailability scheduled__2024-06-27T05:50:00+00:00 [queued]>
[2024-06-27T05:51:05.124+0000] {taskinstance.py:2306} INFO - Starting attempt 1 of 6
[2024-06-27T05:51:05.140+0000] {taskinstance.py:2330} INFO - Executing <Task(PythonOperator): skipped_due_to_data_unavailability> on 2024-06-27 05:50:00+00:00
[2024-06-27T05:51:05.145+0000] {warnings.py:110} WARNING - /home/***/.local/lib/python3.12/site-packages/***/task/task_runner/standard_task_runner.py:61: DeprecationWarning: This process (pid=1282) is multi-threaded, use of fork() may lead to deadlocks in the child.
  pid = os.fork()

[2024-06-27T05:51:05.146+0000] {standard_task_runner.py:63} INFO - Started process 1284 to run task
[2024-06-27T05:51:05.146+0000] {standard_task_runner.py:90} INFO - Running: ['***', 'tasks', 'run', 'demo_dag_for_alerting_apis_final', 'skipped_due_to_data_unavailability', 'scheduled__2024-06-27T05:50:00+00:00', '--job-id', '4686', '--raw', '--subdir', 'DAGS_FOLDER/demo_dag_for_alerting_apis.py', '--cfg-path', '/tmp/tmpdel_6a90']
[2024-06-27T05:51:05.147+0000] {standard_task_runner.py:91} INFO - Job 4686: Subtask skipped_due_to_data_unavailability
[2024-06-27T05:51:05.196+0000] {task_command.py:426} INFO - Running <TaskInstance: demo_dag_for_alerting_apis_final.skipped_due_to_data_unavailability scheduled__2024-06-27T05:50:00+00:00 [running]> on host eeacb89bcfc1
[2024-06-27T05:51:05.300+0000] {taskinstance.py:2648} INFO - Exporting env vars: AIRFLOW_CTX_DAG_OWNER='***' AIRFLOW_CTX_DAG_ID='demo_dag_for_alerting_apis_final' AIRFLOW_CTX_TASK_ID='skipped_due_to_data_unavailability' AIRFLOW_CTX_EXECUTION_DATE='2024-06-27T05:50:00+00:00' AIRFLOW_CTX_TRY_NUMBER='1' AIRFLOW_CTX_DAG_RUN_ID='scheduled__2024-06-27T05:50:00+00:00'
[2024-06-27T05:51:05.300+0000] {taskinstance.py:430} INFO - ::endgroup::
[2024-06-27T05:51:05.503+0000] {helper_functions.py:228} INFO - ['scheduled__2024-06-27T05:49:00+00:00', 'scheduled__2024-06-27T05:48:00+00:00']
[2024-06-27T05:51:05.890+0000] {helper_functions.py:237} INFO - ['success', 'success']
[2024-06-27T05:51:05.892+0000] {python.py:237} INFO - Done. Returned value was: None
[2024-06-27T05:51:05.892+0000] {taskinstance.py:441} INFO - ::group::Post task execution logs
[2024-06-27T05:51:05.903+0000] {taskinstance.py:1206} INFO - Marking task as SUCCESS. dag_id=demo_dag_for_alerting_apis_final, task_id=skipped_due_to_data_unavailability, run_id=scheduled__2024-06-27T05:50:00+00:00, execution_date=20240627T055000, start_date=20240627T055105, end_date=20240627T055105
[2024-06-27T05:51:05.961+0000] {local_task_job_runner.py:240} INFO - Task exited with return code 0
[2024-06-27T05:51:05.971+0000] {local_task_job_runner.py:222} INFO - ::endgroup::
