[2024-06-20T18:59:37.592+0000] {local_task_job_runner.py:120} INFO - ::group::Pre task execution logs
[2024-06-20T18:59:37.626+0000] {taskinstance.py:2076} INFO - Dependencies all met for dep_context=non-requeueable deps ti=<TaskInstance: alerting_all_dags_using_apis.get_all_active_dags manual__2024-06-20T18:59:35.037767+00:00 [queued]>
[2024-06-20T18:59:37.641+0000] {taskinstance.py:2076} INFO - Dependencies all met for dep_context=requeueable deps ti=<TaskInstance: alerting_all_dags_using_apis.get_all_active_dags manual__2024-06-20T18:59:35.037767+00:00 [queued]>
[2024-06-20T18:59:37.641+0000] {taskinstance.py:2306} INFO - Starting attempt 1 of 6
[2024-06-20T18:59:37.665+0000] {taskinstance.py:2330} INFO - Executing <Task(PythonOperator): get_all_active_dags> on 2024-06-20 18:59:35.037767+00:00
[2024-06-20T18:59:37.672+0000] {warnings.py:110} WARNING - /home/***/.local/lib/python3.12/site-packages/***/task/task_runner/standard_task_runner.py:61: DeprecationWarning: This process (pid=2253) is multi-threaded, use of fork() may lead to deadlocks in the child.
  pid = os.fork()

[2024-06-20T18:59:37.673+0000] {standard_task_runner.py:63} INFO - Started process 2254 to run task
[2024-06-20T18:59:37.674+0000] {standard_task_runner.py:90} INFO - Running: ['***', 'tasks', 'run', 'alerting_all_dags_using_apis', 'get_all_active_dags', 'manual__2024-06-20T18:59:35.037767+00:00', '--job-id', '2692', '--raw', '--subdir', 'DAGS_FOLDER/alerting_all_dags_using_apis.py', '--cfg-path', '/tmp/tmpuv4mefqb']
[2024-06-20T18:59:37.675+0000] {standard_task_runner.py:91} INFO - Job 2692: Subtask get_all_active_dags
[2024-06-20T18:59:37.723+0000] {task_command.py:426} INFO - Running <TaskInstance: alerting_all_dags_using_apis.get_all_active_dags manual__2024-06-20T18:59:35.037767+00:00 [running]> on host e66744caf823
[2024-06-20T18:59:37.815+0000] {taskinstance.py:2648} INFO - Exporting env vars: AIRFLOW_CTX_DAG_OWNER='***' AIRFLOW_CTX_DAG_ID='alerting_all_dags_using_apis' AIRFLOW_CTX_TASK_ID='get_all_active_dags' AIRFLOW_CTX_EXECUTION_DATE='2024-06-20T18:59:35.037767+00:00' AIRFLOW_CTX_TRY_NUMBER='1' AIRFLOW_CTX_DAG_RUN_ID='manual__2024-06-20T18:59:35.037767+00:00'
[2024-06-20T18:59:37.816+0000] {taskinstance.py:430} INFO - ::endgroup::
[2024-06-20T18:59:37.829+0000] {helper_functions.py:169} INFO - Requesting http://***:***@172.240.2.7:8080/api/v1/dags?only_active=true
[2024-06-20T18:59:38.037+0000] {helper_functions.py:177} INFO - Active DAGs: ['alerting_all_dags_using_apis', 'create_table', 'demo_dag_for_alerting_apis_final', 'demo_dag_for_alerting_final_1', 'file_jsons_to_postgres']
[2024-06-20T18:59:38.038+0000] {python.py:237} INFO - Done. Returned value was: ['alerting_all_dags_using_apis', 'create_table', 'demo_dag_for_alerting_apis_final', 'demo_dag_for_alerting_final_1', 'file_jsons_to_postgres']
[2024-06-20T18:59:38.038+0000] {taskinstance.py:441} INFO - ::group::Post task execution logs
[2024-06-20T18:59:38.068+0000] {taskinstance.py:1206} INFO - Marking task as SUCCESS. dag_id=alerting_all_dags_using_apis, task_id=get_all_active_dags, run_id=manual__2024-06-20T18:59:35.037767+00:00, execution_date=20240620T185935, start_date=20240620T185937, end_date=20240620T185938
[2024-06-20T18:59:38.128+0000] {local_task_job_runner.py:240} INFO - Task exited with return code 0
[2024-06-20T18:59:38.178+0000] {taskinstance.py:3498} INFO - 0 downstream tasks scheduled from follow-on schedule check
[2024-06-20T18:59:38.181+0000] {local_task_job_runner.py:222} INFO - ::endgroup::
