[2024-06-18T15:03:53.738+0000] {local_task_job_runner.py:120} INFO - ::group::Pre task execution logs
[2024-06-18T15:03:53.771+0000] {taskinstance.py:2076} INFO - Dependencies all met for dep_context=non-requeueable deps ti=<TaskInstance: alerting_skipped.check_previous_run_status manual__2024-06-18T15:02:50.089135+00:00 [queued]>
[2024-06-18T15:03:53.784+0000] {taskinstance.py:2076} INFO - Dependencies all met for dep_context=requeueable deps ti=<TaskInstance: alerting_skipped.check_previous_run_status manual__2024-06-18T15:02:50.089135+00:00 [queued]>
[2024-06-18T15:03:53.784+0000] {taskinstance.py:2306} INFO - Starting attempt 2 of 6
[2024-06-18T15:03:53.802+0000] {taskinstance.py:2330} INFO - Executing <Task(BranchPythonOperator): check_previous_run_status> on 2024-06-18 15:02:50.089135+00:00
[2024-06-18T15:03:53.808+0000] {warnings.py:110} WARNING - /home/***/.local/lib/python3.12/site-packages/***/task/task_runner/standard_task_runner.py:61: DeprecationWarning: This process (pid=6789) is multi-threaded, use of fork() may lead to deadlocks in the child.
  pid = os.fork()

[2024-06-18T15:03:53.809+0000] {standard_task_runner.py:63} INFO - Started process 6790 to run task
[2024-06-18T15:03:53.810+0000] {standard_task_runner.py:90} INFO - Running: ['***', 'tasks', 'run', 'alerting_skipped', 'check_previous_run_status', 'manual__2024-06-18T15:02:50.089135+00:00', '--job-id', '826', '--raw', '--subdir', 'DAGS_FOLDER/alerting_skipped.py', '--cfg-path', '/tmp/tmpqxyadcrm']
[2024-06-18T15:03:53.811+0000] {standard_task_runner.py:91} INFO - Job 826: Subtask check_previous_run_status
[2024-06-18T15:03:53.861+0000] {task_command.py:426} INFO - Running <TaskInstance: alerting_skipped.check_previous_run_status manual__2024-06-18T15:02:50.089135+00:00 [running]> on host fa5c5d972e05
[2024-06-18T15:03:53.974+0000] {taskinstance.py:2648} INFO - Exporting env vars: AIRFLOW_CTX_DAG_OWNER='***' AIRFLOW_CTX_DAG_ID='alerting_skipped' AIRFLOW_CTX_TASK_ID='check_previous_run_status' AIRFLOW_CTX_EXECUTION_DATE='2024-06-18T15:02:50.089135+00:00' AIRFLOW_CTX_TRY_NUMBER='2' AIRFLOW_CTX_DAG_RUN_ID='manual__2024-06-18T15:02:50.089135+00:00'
[2024-06-18T15:03:53.975+0000] {taskinstance.py:430} INFO - ::endgroup::
[2024-06-18T15:03:53.992+0000] {baseoperator.py:399} WARNING - BranchPythonOperator.execute cannot be called outside TaskInstance!
[2024-06-18T15:03:53.992+0000] {helper_functions.py:76} ERROR - Failed to run alerting_skipped with task check_previous_run_status: can only concatenate str (not "type") to str
[2024-06-18T15:03:53.993+0000] {python.py:237} INFO - Done. Returned value was: start_run
[2024-06-18T15:03:53.994+0000] {branch.py:36} INFO - Branch into start_run
[2024-06-18T15:03:53.994+0000] {skipmixin.py:178} INFO - Following branch start_run
[2024-06-18T15:03:54.011+0000] {skipmixin.py:246} INFO - Skipping tasks [('skip_run', -1)]
[2024-06-18T15:03:54.036+0000] {taskinstance.py:441} INFO - ::group::Post task execution logs
[2024-06-18T15:03:54.058+0000] {taskinstance.py:1206} INFO - Marking task as SUCCESS. dag_id=alerting_skipped, task_id=check_previous_run_status, run_id=manual__2024-06-18T15:02:50.089135+00:00, execution_date=20240618T150250, start_date=20240618T150353, end_date=20240618T150354
[2024-06-18T15:03:54.104+0000] {local_task_job_runner.py:240} INFO - Task exited with return code 0
[2024-06-18T15:03:54.136+0000] {taskinstance.py:3498} INFO - 1 downstream tasks scheduled from follow-on schedule check
[2024-06-18T15:03:54.138+0000] {local_task_job_runner.py:222} INFO - ::endgroup::
