[2024-06-26T05:55:11.913+0000] {local_task_job_runner.py:120} INFO - ::group::Pre task execution logs
[2024-06-26T05:55:11.968+0000] {taskinstance.py:2076} INFO - Dependencies all met for dep_context=non-requeueable deps ti=<TaskInstance: demo_dag_for_alerting_final_1.skip_run scheduled__2024-06-26T05:54:00+00:00 [queued]>
[2024-06-26T05:55:11.983+0000] {taskinstance.py:2076} INFO - Dependencies all met for dep_context=requeueable deps ti=<TaskInstance: demo_dag_for_alerting_final_1.skip_run scheduled__2024-06-26T05:54:00+00:00 [queued]>
[2024-06-26T05:55:11.984+0000] {taskinstance.py:2306} INFO - Starting attempt 1 of 6
[2024-06-26T05:55:12.004+0000] {taskinstance.py:2330} INFO - Executing <Task(PythonOperator): skip_run> on 2024-06-26 05:54:00+00:00
[2024-06-26T05:55:12.012+0000] {warnings.py:110} WARNING - /home/***/.local/lib/python3.12/site-packages/***/task/task_runner/standard_task_runner.py:61: DeprecationWarning: This process (pid=3638) is multi-threaded, use of fork() may lead to deadlocks in the child.
  pid = os.fork()

[2024-06-26T05:55:12.015+0000] {standard_task_runner.py:63} INFO - Started process 3639 to run task
[2024-06-26T05:55:12.016+0000] {standard_task_runner.py:90} INFO - Running: ['***', 'tasks', 'run', 'demo_dag_for_alerting_final_1', 'skip_run', 'scheduled__2024-06-26T05:54:00+00:00', '--job-id', '4057', '--raw', '--subdir', 'DAGS_FOLDER/demo_dag_for_alerting.py', '--cfg-path', '/tmp/tmpihqrafso']
[2024-06-26T05:55:12.017+0000] {standard_task_runner.py:91} INFO - Job 4057: Subtask skip_run
[2024-06-26T05:55:12.082+0000] {task_command.py:426} INFO - Running <TaskInstance: demo_dag_for_alerting_final_1.skip_run scheduled__2024-06-26T05:54:00+00:00 [running]> on host ced2311e92d2
[2024-06-26T05:55:12.219+0000] {taskinstance.py:2648} INFO - Exporting env vars: AIRFLOW_CTX_DAG_OWNER='***' AIRFLOW_CTX_DAG_ID='demo_dag_for_alerting_final_1' AIRFLOW_CTX_TASK_ID='skip_run' AIRFLOW_CTX_EXECUTION_DATE='2024-06-26T05:54:00+00:00' AIRFLOW_CTX_TRY_NUMBER='1' AIRFLOW_CTX_DAG_RUN_ID='scheduled__2024-06-26T05:54:00+00:00'
[2024-06-26T05:55:12.220+0000] {taskinstance.py:430} INFO - ::endgroup::
[2024-06-26T05:55:12.242+0000] {helper_functions.py:245} INFO - The DAG demo_dag_for_alerting_final_1 was skipped at 2024-06-26 05:55:12.242443

[2024-06-26T05:55:12.242+0000] {python.py:237} INFO - Done. Returned value was: None
[2024-06-26T05:55:12.243+0000] {taskinstance.py:441} INFO - ::group::Post task execution logs
[2024-06-26T05:55:12.255+0000] {taskinstance.py:1206} INFO - Marking task as SUCCESS. dag_id=demo_dag_for_alerting_final_1, task_id=skip_run, run_id=scheduled__2024-06-26T05:54:00+00:00, execution_date=20240626T055400, start_date=20240626T055511, end_date=20240626T055512
[2024-06-26T05:55:12.309+0000] {local_task_job_runner.py:240} INFO - Task exited with return code 0
[2024-06-26T05:55:12.333+0000] {taskinstance.py:3498} INFO - 0 downstream tasks scheduled from follow-on schedule check
[2024-06-26T05:55:12.335+0000] {local_task_job_runner.py:222} INFO - ::endgroup::
