[2024-06-12T06:24:40.076+0000] {local_task_job_runner.py:120} INFO - ::group::Pre task execution logs
[2024-06-12T06:24:40.129+0000] {taskinstance.py:2076} INFO - Dependencies all met for dep_context=non-requeueable deps ti=<TaskInstance: manual_json_to_postgres2.process_json manual__2024-06-12T06:24:38.717783+00:00 [queued]>
[2024-06-12T06:24:40.142+0000] {taskinstance.py:2076} INFO - Dependencies all met for dep_context=requeueable deps ti=<TaskInstance: manual_json_to_postgres2.process_json manual__2024-06-12T06:24:38.717783+00:00 [queued]>
[2024-06-12T06:24:40.143+0000] {taskinstance.py:2306} INFO - Starting attempt 1 of 6
[2024-06-12T06:24:40.163+0000] {taskinstance.py:2330} INFO - Executing <Task(PythonOperator): process_json> on 2024-06-12 06:24:38.717783+00:00
[2024-06-12T06:24:40.171+0000] {warnings.py:110} WARNING - /home/***/.local/lib/python3.12/site-packages/***/task/task_runner/standard_task_runner.py:61: DeprecationWarning: This process (pid=1198) is multi-threaded, use of fork() may lead to deadlocks in the child.
  pid = os.fork()

[2024-06-12T06:24:40.172+0000] {standard_task_runner.py:63} INFO - Started process 1205 to run task
[2024-06-12T06:24:40.173+0000] {standard_task_runner.py:90} INFO - Running: ['***', 'tasks', 'run', 'manual_json_to_postgres2', 'process_json', 'manual__2024-06-12T06:24:38.717783+00:00', '--job-id', '126', '--raw', '--subdir', 'DAGS_FOLDER/manual_json_to_postgres.py', '--cfg-path', '/tmp/tmpjvjip3cv']
[2024-06-12T06:24:40.174+0000] {standard_task_runner.py:91} INFO - Job 126: Subtask process_json
[2024-06-12T06:24:40.227+0000] {task_command.py:426} INFO - Running <TaskInstance: manual_json_to_postgres2.process_json manual__2024-06-12T06:24:38.717783+00:00 [running]> on host 7bea3768514b
[2024-06-12T06:24:40.369+0000] {taskinstance.py:2648} INFO - Exporting env vars: AIRFLOW_CTX_DAG_OWNER='***' AIRFLOW_CTX_DAG_ID='manual_json_to_postgres2' AIRFLOW_CTX_TASK_ID='process_json' AIRFLOW_CTX_EXECUTION_DATE='2024-06-12T06:24:38.717783+00:00' AIRFLOW_CTX_TRY_NUMBER='1' AIRFLOW_CTX_DAG_RUN_ID='manual__2024-06-12T06:24:38.717783+00:00'
[2024-06-12T06:24:40.370+0000] {taskinstance.py:430} INFO - ::endgroup::
[2024-06-12T06:24:40.397+0000] {manual_json_to_postgres.py:60} INFO - Loaded JSON data: [{'name': 'John Doe', 'email': 'john@example.com', 'date': '2023-06-01'}, {'name': 'Jane Smith', 'email': 'jane@example.com', 'date': '2023-06-02'}, {'name': 'nikhil1', 'phoneNumber': '6234567890', 'date': '2022-05-11T10:08:00.026Z', 'email': 'N!k#!1$*@gmail.com'}, {'name': '', 'phoneNumber': '6234567890', 'date': '2022-05-11T10:08:00.026Z', 'email': 'N!k#!1$*@gmail.com'}, {'phoneNumber': '6234567890', 'date': '2022-05-11T10:08:00.026Z', 'email': 'N!k#!1$*@gmail.com'}, {'name': 'nikhil4', 'phoneNumber': '6234567890', 'date': '2022-05-11T10:08:00.026Z', 'email': 'sdfghgjhgf'}, {'name': 'nikhil5', 'phoneNumber': '6234567890', 'date': '2022-05-11T10:08:00.026Z'}, {'name': 'nikhil6', 'phoneNumber': '6234567890', 'date': '', 'email': 'N!k#!1$*@gmail.com'}, {'name': 'nikhil7', 'phoneNumber': '6234567890', 'email': 'N!k#!1$*@gmail.com'}]
[2024-06-12T06:24:40.398+0000] {manual_json_to_postgres.py:69} INFO - Filtered valid data: [{'name': 'John Doe', 'email': 'john@example.com', 'date': '2023-06-01'}, {'name': 'Jane Smith', 'email': 'jane@example.com', 'date': '2023-06-02'}, {'name': 'nikhil1', 'phoneNumber': '6234567890', 'date': '2022-05-11T10:08:00.026Z', 'email': 'N!k#!1$*@gmail.com'}]
[2024-06-12T06:24:40.399+0000] {manual_json_to_postgres.py:78} INFO - Inserting entry: {'name': 'John Doe', 'email': 'john@example.com', 'date': '2023-06-01'}
[2024-06-12T06:24:40.419+0000] {base.py:84} INFO - Using connection ID 'postgres_conn' for task execution.
[2024-06-12T06:24:40.425+0000] {sql.py:470} INFO - Running statement: 
            INSERT INTO valid_data (name, email, date) VALUES (%s, %s, %s)
            , parameters: ('John Doe', 'john@example.com', '2023-06-01')
[2024-06-12T06:24:40.427+0000] {sql.py:479} INFO - Rows affected: 1
[2024-06-12T06:24:40.428+0000] {manual_json_to_postgres.py:78} INFO - Inserting entry: {'name': 'Jane Smith', 'email': 'jane@example.com', 'date': '2023-06-02'}
[2024-06-12T06:24:40.441+0000] {base.py:84} INFO - Using connection ID 'postgres_conn' for task execution.
[2024-06-12T06:24:40.446+0000] {sql.py:470} INFO - Running statement: 
            INSERT INTO valid_data (name, email, date) VALUES (%s, %s, %s)
            , parameters: ('Jane Smith', 'jane@example.com', '2023-06-02')
[2024-06-12T06:24:40.448+0000] {sql.py:479} INFO - Rows affected: 1
[2024-06-12T06:24:40.451+0000] {manual_json_to_postgres.py:78} INFO - Inserting entry: {'name': 'nikhil1', 'phoneNumber': '6234567890', 'date': '2022-05-11T10:08:00.026Z', 'email': 'N!k#!1$*@gmail.com'}
[2024-06-12T06:24:40.461+0000] {base.py:84} INFO - Using connection ID 'postgres_conn' for task execution.
[2024-06-12T06:24:40.467+0000] {sql.py:470} INFO - Running statement: 
            INSERT INTO valid_data (name, email, date) VALUES (%s, %s, %s)
            , parameters: ('nikhil1', 'N!k#!1$*@gmail.com', '2022-05-11T10:08:00.026Z')
[2024-06-12T06:24:40.469+0000] {sql.py:479} INFO - Rows affected: 1
[2024-06-12T06:24:40.471+0000] {manual_json_to_postgres.py:80} INFO - Data insertion completed successfully.
[2024-06-12T06:24:40.471+0000] {python.py:237} INFO - Done. Returned value was: None
[2024-06-12T06:24:40.473+0000] {taskinstance.py:441} INFO - ::group::Post task execution logs
[2024-06-12T06:24:40.487+0000] {taskinstance.py:1206} INFO - Marking task as SUCCESS. dag_id=manual_json_to_postgres2, task_id=process_json, run_id=manual__2024-06-12T06:24:38.717783+00:00, execution_date=20240612T062438, start_date=20240612T062440, end_date=20240612T062440
[2024-06-12T06:24:40.547+0000] {local_task_job_runner.py:240} INFO - Task exited with return code 0
[2024-06-12T06:24:40.579+0000] {taskinstance.py:3498} INFO - 0 downstream tasks scheduled from follow-on schedule check
[2024-06-12T06:24:40.582+0000] {local_task_job_runner.py:222} INFO - ::endgroup::
