[2024-06-24T12:07:08.538+0000] {local_task_job_runner.py:120} INFO - ::group::Pre task execution logs
[2024-06-24T12:07:08.566+0000] {taskinstance.py:2076} INFO - Dependencies all met for dep_context=non-requeueable deps ti=<TaskInstance: alerting_all_dags_using_apis.get_all_active_dags manual__2024-06-24T12:07:06.654962+00:00 [queued]>
[2024-06-24T12:07:08.574+0000] {taskinstance.py:2076} INFO - Dependencies all met for dep_context=requeueable deps ti=<TaskInstance: alerting_all_dags_using_apis.get_all_active_dags manual__2024-06-24T12:07:06.654962+00:00 [queued]>
[2024-06-24T12:07:08.575+0000] {taskinstance.py:2306} INFO - Starting attempt 1 of 6
[2024-06-24T12:07:08.590+0000] {taskinstance.py:2330} INFO - Executing <Task(PythonOperator): get_all_active_dags> on 2024-06-24 12:07:06.654962+00:00
[2024-06-24T12:07:08.596+0000] {warnings.py:110} WARNING - /home/***/.local/lib/python3.12/site-packages/***/task/task_runner/standard_task_runner.py:61: DeprecationWarning: This process (pid=4086) is multi-threaded, use of fork() may lead to deadlocks in the child.
  pid = os.fork()

[2024-06-24T12:07:08.598+0000] {standard_task_runner.py:63} INFO - Started process 4087 to run task
[2024-06-24T12:07:08.598+0000] {standard_task_runner.py:90} INFO - Running: ['***', 'tasks', 'run', 'alerting_all_dags_using_apis', 'get_all_active_dags', 'manual__2024-06-24T12:07:06.654962+00:00', '--job-id', '3622', '--raw', '--subdir', 'DAGS_FOLDER/alerting_all_dags_using_apis.py', '--cfg-path', '/tmp/tmpex143uqf']
[2024-06-24T12:07:08.599+0000] {standard_task_runner.py:91} INFO - Job 3622: Subtask get_all_active_dags
[2024-06-24T12:07:08.648+0000] {task_command.py:426} INFO - Running <TaskInstance: alerting_all_dags_using_apis.get_all_active_dags manual__2024-06-24T12:07:06.654962+00:00 [running]> on host bf895605831d
[2024-06-24T12:07:08.770+0000] {taskinstance.py:2648} INFO - Exporting env vars: AIRFLOW_CTX_DAG_OWNER='***' AIRFLOW_CTX_DAG_ID='alerting_all_dags_using_apis' AIRFLOW_CTX_TASK_ID='get_all_active_dags' AIRFLOW_CTX_EXECUTION_DATE='2024-06-24T12:07:06.654962+00:00' AIRFLOW_CTX_TRY_NUMBER='1' AIRFLOW_CTX_DAG_RUN_ID='manual__2024-06-24T12:07:06.654962+00:00'
[2024-06-24T12:07:08.771+0000] {taskinstance.py:430} INFO - ::endgroup::
[2024-06-24T12:07:08.788+0000] {helper_functions.py:194} INFO - Requesting http://***:***@172.240.2.5:8080/api/v1/dags?only_active=truee
[2024-06-24T12:07:08.795+0000] {helper_functions.py:204} ERROR - HTTP Error while fetching the API : 400 Client Error: BAD REQUEST for url: http://***:***@172.240.2.5:8080/api/v1/dags?only_active=truee
Traceback (most recent call last):
  File "/opt/airflow/dags/helper_functions.py", line 197, in get_all_active_dags
    response.raise_for_status()
  File "/home/airflow/.local/lib/python3.12/site-packages/requests/models.py", line 1021, in raise_for_status
    raise HTTPError(http_error_msg, response=self)
requests.exceptions.HTTPError: 400 Client Error: BAD REQUEST for url: http://***:***@172.240.2.5:8080/api/v1/dags?only_active=truee
[2024-06-24T12:07:08.797+0000] {helper_functions.py:148} ERROR - Failed to run alerting_all_dags_using_apis with task get_all_active_dags: 400 Client Error: BAD REQUEST for url: http://***:***@172.240.2.5:8080/api/v1/dags?only_active=truee
[2024-06-24T12:07:08.798+0000] {python.py:237} INFO - Done. Returned value was: None
[2024-06-24T12:07:08.799+0000] {taskinstance.py:441} INFO - ::group::Post task execution logs
[2024-06-24T12:07:08.809+0000] {taskinstance.py:1206} INFO - Marking task as SUCCESS. dag_id=alerting_all_dags_using_apis, task_id=get_all_active_dags, run_id=manual__2024-06-24T12:07:06.654962+00:00, execution_date=20240624T120706, start_date=20240624T120708, end_date=20240624T120708
[2024-06-24T12:07:08.852+0000] {local_task_job_runner.py:240} INFO - Task exited with return code 0
[2024-06-24T12:07:08.891+0000] {taskinstance.py:3498} INFO - 1 downstream tasks scheduled from follow-on schedule check
[2024-06-24T12:07:08.894+0000] {local_task_job_runner.py:222} INFO - ::endgroup::
