[2024-06-26T11:18:52.894+0000] {local_task_job_runner.py:120} INFO - ::group::Pre task execution logs
[2024-06-26T11:18:52.934+0000] {taskinstance.py:2076} INFO - Dependencies all met for dep_context=non-requeueable deps ti=<TaskInstance: alerting_all_dags_using_apis.get_all_active_dags manual__2024-06-26T11:18:50.817597+00:00 [queued]>
[2024-06-26T11:18:52.949+0000] {taskinstance.py:2076} INFO - Dependencies all met for dep_context=requeueable deps ti=<TaskInstance: alerting_all_dags_using_apis.get_all_active_dags manual__2024-06-26T11:18:50.817597+00:00 [queued]>
[2024-06-26T11:18:52.950+0000] {taskinstance.py:2306} INFO - Starting attempt 1 of 6
[2024-06-26T11:18:52.977+0000] {taskinstance.py:2330} INFO - Executing <Task(PythonOperator): get_all_active_dags> on 2024-06-26 11:18:50.817597+00:00
[2024-06-26T11:18:52.984+0000] {warnings.py:110} WARNING - /home/***/.local/lib/python3.12/site-packages/***/task/task_runner/standard_task_runner.py:61: DeprecationWarning: This process (pid=7406) is multi-threaded, use of fork() may lead to deadlocks in the child.
  pid = os.fork()

[2024-06-26T11:18:52.986+0000] {standard_task_runner.py:63} INFO - Started process 7407 to run task
[2024-06-26T11:18:52.986+0000] {standard_task_runner.py:90} INFO - Running: ['***', 'tasks', 'run', 'alerting_all_dags_using_apis', 'get_all_active_dags', 'manual__2024-06-26T11:18:50.817597+00:00', '--job-id', '4442', '--raw', '--subdir', 'DAGS_FOLDER/alerting_all_dags_using_apis.py', '--cfg-path', '/tmp/tmpcni3xszp']
[2024-06-26T11:18:52.987+0000] {standard_task_runner.py:91} INFO - Job 4442: Subtask get_all_active_dags
[2024-06-26T11:18:53.041+0000] {task_command.py:426} INFO - Running <TaskInstance: alerting_all_dags_using_apis.get_all_active_dags manual__2024-06-26T11:18:50.817597+00:00 [running]> on host ced2311e92d2
[2024-06-26T11:18:53.156+0000] {taskinstance.py:2648} INFO - Exporting env vars: AIRFLOW_CTX_DAG_OWNER='***' AIRFLOW_CTX_DAG_ID='alerting_all_dags_using_apis' AIRFLOW_CTX_TASK_ID='get_all_active_dags' AIRFLOW_CTX_EXECUTION_DATE='2024-06-26T11:18:50.817597+00:00' AIRFLOW_CTX_TRY_NUMBER='1' AIRFLOW_CTX_DAG_RUN_ID='manual__2024-06-26T11:18:50.817597+00:00'
[2024-06-26T11:18:53.157+0000] {taskinstance.py:430} INFO - ::endgroup::
[2024-06-26T11:18:53.185+0000] {helper_functions.py:218} INFO - Requesting http://***:***@172.240.4.4:8080/api/v1/dags?only_active=true2
[2024-06-26T11:18:53.198+0000] {helper_functions.py:234} ERROR - Failed to get active DAGs: 400 Client Error: BAD REQUEST for url: http://***:***@172.240.4.4:8080/api/v1/dags?only_active=true2
Traceback (most recent call last):
  File "/opt/airflow/dags/helper_functions.py", line 223, in get_all_active_dags
    response.raise_for_status()  # Raise an exception to handle non-200 status codes
    ^^^^^^^^^^^^^^^^^^^^^^^^^^^
  File "/home/airflow/.local/lib/python3.12/site-packages/requests/models.py", line 1021, in raise_for_status
    raise HTTPError(http_error_msg, response=self)
requests.exceptions.HTTPError: 400 Client Error: BAD REQUEST for url: http://***:***@172.240.4.4:8080/api/v1/dags?only_active=true2
[2024-06-26T11:18:53.201+0000] {helper_functions.py:178} ERROR - Failed to run alerting_all_dags_using_apis with task get_all_active_dags: name 'my_task' is not defined
[2024-06-26T11:18:53.202+0000] {python.py:237} INFO - Done. Returned value was: None
[2024-06-26T11:18:53.203+0000] {taskinstance.py:441} INFO - ::group::Post task execution logs
[2024-06-26T11:18:53.221+0000] {taskinstance.py:1206} INFO - Marking task as SUCCESS. dag_id=alerting_all_dags_using_apis, task_id=get_all_active_dags, run_id=manual__2024-06-26T11:18:50.817597+00:00, execution_date=20240626T111850, start_date=20240626T111852, end_date=20240626T111853
[2024-06-26T11:18:53.282+0000] {local_task_job_runner.py:240} INFO - Task exited with return code 0
[2024-06-26T11:18:53.345+0000] {taskinstance.py:3498} INFO - 1 downstream tasks scheduled from follow-on schedule check
[2024-06-26T11:18:53.349+0000] {local_task_job_runner.py:222} INFO - ::endgroup::
