[2024-06-19T05:10:01.925+0000] {local_task_job_runner.py:120} INFO - ::group::Pre task execution logs
[2024-06-19T05:10:01.953+0000] {taskinstance.py:2076} INFO - Dependencies all met for dep_context=non-requeueable deps ti=<TaskInstance: demo_dag_for_alerting_final.check_previous_run_status scheduled__2024-06-19T05:09:00+00:00 [queued]>
[2024-06-19T05:10:01.966+0000] {taskinstance.py:2076} INFO - Dependencies all met for dep_context=requeueable deps ti=<TaskInstance: demo_dag_for_alerting_final.check_previous_run_status scheduled__2024-06-19T05:09:00+00:00 [queued]>
[2024-06-19T05:10:01.967+0000] {taskinstance.py:2306} INFO - Starting attempt 1 of 6
[2024-06-19T05:10:01.981+0000] {taskinstance.py:2330} INFO - Executing <Task(BranchPythonOperator): check_previous_run_status> on 2024-06-19 05:09:00+00:00
[2024-06-19T05:10:01.987+0000] {warnings.py:110} WARNING - /home/***/.local/lib/python3.12/site-packages/***/task/task_runner/standard_task_runner.py:61: DeprecationWarning: This process (pid=1006) is multi-threaded, use of fork() may lead to deadlocks in the child.
  pid = os.fork()

[2024-06-19T05:10:01.988+0000] {standard_task_runner.py:63} INFO - Started process 1007 to run task
[2024-06-19T05:10:01.988+0000] {standard_task_runner.py:90} INFO - Running: ['***', 'tasks', 'run', 'demo_dag_for_alerting_final', 'check_previous_run_status', 'scheduled__2024-06-19T05:09:00+00:00', '--job-id', '1025', '--raw', '--subdir', 'DAGS_FOLDER/demo_dag_for_alerting.py', '--cfg-path', '/tmp/tmpjdgh49_w']
[2024-06-19T05:10:01.989+0000] {standard_task_runner.py:91} INFO - Job 1025: Subtask check_previous_run_status
[2024-06-19T05:10:02.035+0000] {task_command.py:426} INFO - Running <TaskInstance: demo_dag_for_alerting_final.check_previous_run_status scheduled__2024-06-19T05:09:00+00:00 [running]> on host 9e4d135130fa
[2024-06-19T05:10:02.134+0000] {taskinstance.py:2648} INFO - Exporting env vars: AIRFLOW_CTX_DAG_OWNER='***' AIRFLOW_CTX_DAG_ID='demo_dag_for_alerting_final' AIRFLOW_CTX_TASK_ID='check_previous_run_status' AIRFLOW_CTX_EXECUTION_DATE='2024-06-19T05:09:00+00:00' AIRFLOW_CTX_TRY_NUMBER='1' AIRFLOW_CTX_DAG_RUN_ID='scheduled__2024-06-19T05:09:00+00:00'
[2024-06-19T05:10:02.135+0000] {taskinstance.py:430} INFO - ::endgroup::
[2024-06-19T05:10:02.150+0000] {baseoperator.py:399} WARNING - BranchPythonOperator.execute cannot be called outside TaskInstance!
[2024-06-19T05:10:02.155+0000] {helper_functions.py:69} ERROR - Error interacting with the database: name 'skip_condition' is not defined
[2024-06-19T05:10:02.155+0000] {python.py:237} INFO - Done. Returned value was: refresh_external_table
[2024-06-19T05:10:02.155+0000] {branch.py:36} INFO - Branch into refresh_external_table
[2024-06-19T05:10:02.156+0000] {skipmixin.py:178} INFO - Following branch refresh_external_table
[2024-06-19T05:10:02.171+0000] {skipmixin.py:246} INFO - Skipping tasks [('skip_run', -1)]
[2024-06-19T05:10:02.196+0000] {taskinstance.py:441} INFO - ::group::Post task execution logs
[2024-06-19T05:10:02.223+0000] {taskinstance.py:1206} INFO - Marking task as SUCCESS. dag_id=demo_dag_for_alerting_final, task_id=check_previous_run_status, run_id=scheduled__2024-06-19T05:09:00+00:00, execution_date=20240619T050900, start_date=20240619T051001, end_date=20240619T051002
[2024-06-19T05:10:02.282+0000] {local_task_job_runner.py:240} INFO - Task exited with return code 0
[2024-06-19T05:10:02.328+0000] {taskinstance.py:3498} INFO - 1 downstream tasks scheduled from follow-on schedule check
[2024-06-19T05:10:02.331+0000] {local_task_job_runner.py:222} INFO - ::endgroup::
