[2024-06-19T11:03:40.821+0000] {local_task_job_runner.py:120} INFO - ::group::Pre task execution logs
[2024-06-19T11:03:40.851+0000] {taskinstance.py:2076} INFO - Dependencies all met for dep_context=non-requeueable deps ti=<TaskInstance: demo_dag_for_alerting_final_1.check_previous_run_status manual__2024-06-19T11:03:38.566806+00:00 [queued]>
[2024-06-19T11:03:40.864+0000] {taskinstance.py:2076} INFO - Dependencies all met for dep_context=requeueable deps ti=<TaskInstance: demo_dag_for_alerting_final_1.check_previous_run_status manual__2024-06-19T11:03:38.566806+00:00 [queued]>
[2024-06-19T11:03:40.865+0000] {taskinstance.py:2306} INFO - Starting attempt 1 of 6
[2024-06-19T11:03:40.890+0000] {taskinstance.py:2330} INFO - Executing <Task(BranchPythonOperator): check_previous_run_status> on 2024-06-19 11:03:38.566806+00:00
[2024-06-19T11:03:40.896+0000] {warnings.py:110} WARNING - /home/***/.local/lib/python3.12/site-packages/***/task/task_runner/standard_task_runner.py:61: DeprecationWarning: This process (pid=4928) is multi-threaded, use of fork() may lead to deadlocks in the child.
  pid = os.fork()

[2024-06-19T11:03:40.897+0000] {standard_task_runner.py:63} INFO - Started process 4929 to run task
[2024-06-19T11:03:40.898+0000] {standard_task_runner.py:90} INFO - Running: ['***', 'tasks', 'run', 'demo_dag_for_alerting_final_1', 'check_previous_run_status', 'manual__2024-06-19T11:03:38.566806+00:00', '--job-id', '1487', '--raw', '--subdir', 'DAGS_FOLDER/demo_dag_for_alerting.py', '--cfg-path', '/tmp/tmp7682hnsu']
[2024-06-19T11:03:40.899+0000] {standard_task_runner.py:91} INFO - Job 1487: Subtask check_previous_run_status
[2024-06-19T11:03:40.959+0000] {task_command.py:426} INFO - Running <TaskInstance: demo_dag_for_alerting_final_1.check_previous_run_status manual__2024-06-19T11:03:38.566806+00:00 [running]> on host 9e4d135130fa
[2024-06-19T11:03:41.094+0000] {taskinstance.py:2648} INFO - Exporting env vars: AIRFLOW_CTX_DAG_OWNER='***' AIRFLOW_CTX_DAG_ID='demo_dag_for_alerting_final_1' AIRFLOW_CTX_TASK_ID='check_previous_run_status' AIRFLOW_CTX_EXECUTION_DATE='2024-06-19T11:03:38.566806+00:00' AIRFLOW_CTX_TRY_NUMBER='1' AIRFLOW_CTX_DAG_RUN_ID='manual__2024-06-19T11:03:38.566806+00:00'
[2024-06-19T11:03:41.095+0000] {taskinstance.py:430} INFO - ::endgroup::
[2024-06-19T11:03:41.114+0000] {baseoperator.py:399} WARNING - BranchPythonOperator.execute cannot be called outside TaskInstance!
[2024-06-19T11:03:41.121+0000] {python.py:237} INFO - Done. Returned value was: skip_run
[2024-06-19T11:03:41.122+0000] {branch.py:36} INFO - Branch into skip_run
[2024-06-19T11:03:41.123+0000] {skipmixin.py:178} INFO - Following branch skip_run
[2024-06-19T11:03:41.142+0000] {skipmixin.py:246} INFO - Skipping tasks [('start_run', -1)]
[2024-06-19T11:03:41.172+0000] {taskinstance.py:441} INFO - ::group::Post task execution logs
[2024-06-19T11:03:41.197+0000] {taskinstance.py:1206} INFO - Marking task as SUCCESS. dag_id=demo_dag_for_alerting_final_1, task_id=check_previous_run_status, run_id=manual__2024-06-19T11:03:38.566806+00:00, execution_date=20240619T110338, start_date=20240619T110340, end_date=20240619T110341
[2024-06-19T11:03:41.232+0000] {local_task_job_runner.py:240} INFO - Task exited with return code 0
[2024-06-19T11:03:41.280+0000] {taskinstance.py:3498} INFO - 1 downstream tasks scheduled from follow-on schedule check
[2024-06-19T11:03:41.283+0000] {local_task_job_runner.py:222} INFO - ::endgroup::
