[2024-06-24T14:30:03.780+0000] {local_task_job_runner.py:120} INFO - ::group::Pre task execution logs
[2024-06-24T14:30:03.800+0000] {taskinstance.py:2076} INFO - Dependencies all met for dep_context=non-requeueable deps ti=<TaskInstance: alerting_all_dags_using_apis.get_all_dagruns_task_instances scheduled__2024-06-24T14:15:00+00:00 [queued]>
[2024-06-24T14:30:03.809+0000] {taskinstance.py:2076} INFO - Dependencies all met for dep_context=requeueable deps ti=<TaskInstance: alerting_all_dags_using_apis.get_all_dagruns_task_instances scheduled__2024-06-24T14:15:00+00:00 [queued]>
[2024-06-24T14:30:03.809+0000] {taskinstance.py:2306} INFO - Starting attempt 1 of 6
[2024-06-24T14:30:03.821+0000] {taskinstance.py:2330} INFO - Executing <Task(PythonOperator): get_all_dagruns_task_instances> on 2024-06-24 14:15:00+00:00
[2024-06-24T14:30:03.826+0000] {warnings.py:110} WARNING - /home/***/.local/lib/python3.12/site-packages/***/task/task_runner/standard_task_runner.py:61: DeprecationWarning: This process (pid=6060) is multi-threaded, use of fork() may lead to deadlocks in the child.
  pid = os.fork()

[2024-06-24T14:30:03.827+0000] {standard_task_runner.py:63} INFO - Started process 6061 to run task
[2024-06-24T14:30:03.827+0000] {standard_task_runner.py:90} INFO - Running: ['***', 'tasks', 'run', 'alerting_all_dags_using_apis', 'get_all_dagruns_task_instances', 'scheduled__2024-06-24T14:15:00+00:00', '--job-id', '3680', '--raw', '--subdir', 'DAGS_FOLDER/alerting_all_dags_using_apis.py', '--cfg-path', '/tmp/tmpmzw2z5r6']
[2024-06-24T14:30:03.828+0000] {standard_task_runner.py:91} INFO - Job 3680: Subtask get_all_dagruns_task_instances
[2024-06-24T14:30:03.865+0000] {task_command.py:426} INFO - Running <TaskInstance: alerting_all_dags_using_apis.get_all_dagruns_task_instances scheduled__2024-06-24T14:15:00+00:00 [running]> on host bf895605831d
[2024-06-24T14:30:03.964+0000] {taskinstance.py:2648} INFO - Exporting env vars: AIRFLOW_CTX_DAG_OWNER='***' AIRFLOW_CTX_DAG_ID='alerting_all_dags_using_apis' AIRFLOW_CTX_TASK_ID='get_all_dagruns_task_instances' AIRFLOW_CTX_EXECUTION_DATE='2024-06-24T14:15:00+00:00' AIRFLOW_CTX_TRY_NUMBER='1' AIRFLOW_CTX_DAG_RUN_ID='scheduled__2024-06-24T14:15:00+00:00'
[2024-06-24T14:30:03.964+0000] {taskinstance.py:430} INFO - ::endgroup::
[2024-06-24T14:30:03.977+0000] {helper_functions.py:253} ERROR - Failed to get task instances for all DAG runs: 'NoneType' object has no attribute 'items'
Traceback (most recent call last):
  File "/opt/airflow/dags/helper_functions.py", line 240, in get_all_dagruns_task_instances
    for dag_id, dag_run_ids in run_ids.items():
                               ^^^^^^^^^^^^^
AttributeError: 'NoneType' object has no attribute 'items'
[2024-06-24T14:30:03.978+0000] {python.py:237} INFO - Done. Returned value was: None
[2024-06-24T14:30:03.978+0000] {taskinstance.py:441} INFO - ::group::Post task execution logs
[2024-06-24T14:30:03.986+0000] {taskinstance.py:1206} INFO - Marking task as SUCCESS. dag_id=alerting_all_dags_using_apis, task_id=get_all_dagruns_task_instances, run_id=scheduled__2024-06-24T14:15:00+00:00, execution_date=20240624T141500, start_date=20240624T143003, end_date=20240624T143003
[2024-06-24T14:30:04.000+0000] {local_task_job_runner.py:240} INFO - Task exited with return code 0
[2024-06-24T14:30:04.024+0000] {taskinstance.py:3498} INFO - 1 downstream tasks scheduled from follow-on schedule check
[2024-06-24T14:30:04.026+0000] {local_task_job_runner.py:222} INFO - ::endgroup::
