[2024-06-13T06:12:44.489+0000] {local_task_job_runner.py:120} INFO - ::group::Pre task execution logs
[2024-06-13T06:12:44.521+0000] {taskinstance.py:2076} INFO - Dependencies all met for dep_context=non-requeueable deps ti=<TaskInstance: airflow_example.read_file manual__2024-06-13T06:12:43.485969+00:00 [queued]>
[2024-06-13T06:12:44.532+0000] {taskinstance.py:2076} INFO - Dependencies all met for dep_context=requeueable deps ti=<TaskInstance: airflow_example.read_file manual__2024-06-13T06:12:43.485969+00:00 [queued]>
[2024-06-13T06:12:44.533+0000] {taskinstance.py:2306} INFO - Starting attempt 1 of 6
[2024-06-13T06:12:44.550+0000] {taskinstance.py:2330} INFO - Executing <Task(PythonOperator): read_file> on 2024-06-13 06:12:43.485969+00:00
[2024-06-13T06:12:44.555+0000] {warnings.py:110} WARNING - /home/***/.local/lib/python3.12/site-packages/***/task/task_runner/standard_task_runner.py:61: DeprecationWarning: This process (pid=408) is multi-threaded, use of fork() may lead to deadlocks in the child.
  pid = os.fork()

[2024-06-13T06:12:44.556+0000] {standard_task_runner.py:63} INFO - Started process 409 to run task
[2024-06-13T06:12:44.556+0000] {standard_task_runner.py:90} INFO - Running: ['***', 'tasks', 'run', '***_example', 'read_file', 'manual__2024-06-13T06:12:43.485969+00:00', '--job-id', '184', '--raw', '--subdir', 'DAGS_FOLDER/file_jsons_to_postgres.py', '--cfg-path', '/tmp/tmprdmery0u']
[2024-06-13T06:12:44.557+0000] {standard_task_runner.py:91} INFO - Job 184: Subtask read_file
[2024-06-13T06:12:44.603+0000] {task_command.py:426} INFO - Running <TaskInstance: airflow_example.read_file manual__2024-06-13T06:12:43.485969+00:00 [running]> on host 8cc8d7c9eee4
[2024-06-13T06:12:44.698+0000] {taskinstance.py:2648} INFO - Exporting env vars: AIRFLOW_CTX_DAG_OWNER='***' AIRFLOW_CTX_DAG_ID='***_example' AIRFLOW_CTX_TASK_ID='read_file' AIRFLOW_CTX_EXECUTION_DATE='2024-06-13T06:12:43.485969+00:00' AIRFLOW_CTX_TRY_NUMBER='1' AIRFLOW_CTX_DAG_RUN_ID='manual__2024-06-13T06:12:43.485969+00:00'
[2024-06-13T06:12:44.699+0000] {taskinstance.py:430} INFO - ::endgroup::
[2024-06-13T06:12:44.713+0000] {taskinstance.py:441} INFO - ::group::Post task execution logs
[2024-06-13T06:12:44.714+0000] {taskinstance.py:2905} ERROR - Task failed with exception
Traceback (most recent call last):
  File "/home/airflow/.local/lib/python3.12/site-packages/airflow/models/taskinstance.py", line 465, in _execute_task
    result = _execute_callable(context=context, **execute_callable_kwargs)
             ^^^^^^^^^^^^^^^^^^^^^^^^^^^^^^^^^^^^^^^^^^^^^^^^^^^^^^^^^^^^^
  File "/home/airflow/.local/lib/python3.12/site-packages/airflow/models/taskinstance.py", line 432, in _execute_callable
    return execute_callable(context=context, **execute_callable_kwargs)
           ^^^^^^^^^^^^^^^^^^^^^^^^^^^^^^^^^^^^^^^^^^^^^^^^^^^^^^^^^^^^
  File "/home/airflow/.local/lib/python3.12/site-packages/airflow/models/baseoperator.py", line 400, in wrapper
    return func(self, *args, **kwargs)
           ^^^^^^^^^^^^^^^^^^^^^^^^^^^
  File "/home/airflow/.local/lib/python3.12/site-packages/airflow/operators/python.py", line 235, in execute
    return_value = self.execute_callable()
                   ^^^^^^^^^^^^^^^^^^^^^^^
  File "/home/airflow/.local/lib/python3.12/site-packages/airflow/operators/python.py", line 252, in execute_callable
    return self.python_callable(*self.op_args, **self.op_kwargs)
           ^^^^^^^^^^^^^^^^^^^^^^^^^^^^^^^^^^^^^^^^^^^^^^^^^^^^^
  File "/opt/airflow/dags/file_jsons_to_postgres.py", line 30, in read_data_from_file
    data = json.loads(json_data)
           ^^^^^^^^^^^^^^^^^^^^^
  File "/usr/local/lib/python3.12/json/__init__.py", line 346, in loads
    return _default_decoder.decode(s)
           ^^^^^^^^^^^^^^^^^^^^^^^^^^
  File "/usr/local/lib/python3.12/json/decoder.py", line 337, in decode
    obj, end = self.raw_decode(s, idx=_w(s, 0).end())
               ^^^^^^^^^^^^^^^^^^^^^^^^^^^^^^^^^^^^^^
  File "/usr/local/lib/python3.12/json/decoder.py", line 353, in raw_decode
    obj, end = self.scan_once(s, idx)
               ^^^^^^^^^^^^^^^^^^^^^^
json.decoder.JSONDecodeError: Expecting ',' delimiter: line 253 column 5 (char 5473)
[2024-06-13T06:12:44.722+0000] {taskinstance.py:1206} INFO - Marking task as UP_FOR_RETRY. dag_id=***_example, task_id=read_file, run_id=manual__2024-06-13T06:12:43.485969+00:00, execution_date=20240613T061243, start_date=20240613T061244, end_date=20240613T061244
[2024-06-13T06:12:44.735+0000] {standard_task_runner.py:110} ERROR - Failed to execute job 184 for task read_file (Expecting ',' delimiter: line 253 column 5 (char 5473); 409)
[2024-06-13T06:12:44.770+0000] {local_task_job_runner.py:240} INFO - Task exited with return code 1
[2024-06-13T06:12:44.798+0000] {taskinstance.py:3498} INFO - 0 downstream tasks scheduled from follow-on schedule check
[2024-06-13T06:12:44.800+0000] {local_task_job_runner.py:222} INFO - ::endgroup::
