[2024-06-18T13:30:57.367+0000] {local_task_job_runner.py:120} INFO - ::group::Pre task execution logs
[2024-06-18T13:30:57.401+0000] {taskinstance.py:2076} INFO - Dependencies all met for dep_context=non-requeueable deps ti=<TaskInstance: alerting_skipped.check_previous_run_status manual__2024-06-18T13:30:55.388933+00:00 [queued]>
[2024-06-18T13:30:57.415+0000] {taskinstance.py:2076} INFO - Dependencies all met for dep_context=requeueable deps ti=<TaskInstance: alerting_skipped.check_previous_run_status manual__2024-06-18T13:30:55.388933+00:00 [queued]>
[2024-06-18T13:30:57.416+0000] {taskinstance.py:2306} INFO - Starting attempt 1 of 6
[2024-06-18T13:30:57.434+0000] {taskinstance.py:2330} INFO - Executing <Task(BranchPythonOperator): check_previous_run_status> on 2024-06-18 13:30:55.388933+00:00
[2024-06-18T13:30:57.440+0000] {warnings.py:110} WARNING - /home/***/.local/lib/python3.12/site-packages/***/task/task_runner/standard_task_runner.py:61: DeprecationWarning: This process (pid=5883) is multi-threaded, use of fork() may lead to deadlocks in the child.
  pid = os.fork()

[2024-06-18T13:30:57.441+0000] {standard_task_runner.py:63} INFO - Started process 5884 to run task
[2024-06-18T13:30:57.441+0000] {standard_task_runner.py:90} INFO - Running: ['***', 'tasks', 'run', 'alerting_skipped', 'check_previous_run_status', 'manual__2024-06-18T13:30:55.388933+00:00', '--job-id', '746', '--raw', '--subdir', 'DAGS_FOLDER/alerting_skipped.py', '--cfg-path', '/tmp/tmpo3e0ae4g']
[2024-06-18T13:30:57.443+0000] {standard_task_runner.py:91} INFO - Job 746: Subtask check_previous_run_status
[2024-06-18T13:30:57.498+0000] {task_command.py:426} INFO - Running <TaskInstance: alerting_skipped.check_previous_run_status manual__2024-06-18T13:30:55.388933+00:00 [running]> on host fa5c5d972e05
[2024-06-18T13:30:57.623+0000] {taskinstance.py:2648} INFO - Exporting env vars: AIRFLOW_CTX_DAG_OWNER='***' AIRFLOW_CTX_DAG_ID='alerting_skipped' AIRFLOW_CTX_TASK_ID='check_previous_run_status' AIRFLOW_CTX_EXECUTION_DATE='2024-06-18T13:30:55.388933+00:00' AIRFLOW_CTX_TRY_NUMBER='1' AIRFLOW_CTX_DAG_RUN_ID='manual__2024-06-18T13:30:55.388933+00:00'
[2024-06-18T13:30:57.625+0000] {taskinstance.py:430} INFO - ::endgroup::
[2024-06-18T13:30:57.660+0000] {baseoperator.py:399} WARNING - BranchPythonOperator.execute cannot be called outside TaskInstance!
[2024-06-18T13:30:57.661+0000] {logging_mixin.py:188} INFO - <class 'function'>
[2024-06-18T13:30:57.662+0000] {logging_mixin.py:188} INFO - <function check_last_run_status at 0x70e7bb7e7a60>
[2024-06-18T13:30:57.662+0000] {python.py:237} INFO - Done. Returned value was: skip_run
[2024-06-18T13:30:57.662+0000] {branch.py:36} INFO - Branch into skip_run
[2024-06-18T13:30:57.663+0000] {skipmixin.py:178} INFO - Following branch skip_run
[2024-06-18T13:30:57.684+0000] {skipmixin.py:246} INFO - Skipping tasks [('start_run', -1)]
[2024-06-18T13:30:57.713+0000] {taskinstance.py:441} INFO - ::group::Post task execution logs
[2024-06-18T13:30:57.737+0000] {taskinstance.py:1206} INFO - Marking task as SUCCESS. dag_id=alerting_skipped, task_id=check_previous_run_status, run_id=manual__2024-06-18T13:30:55.388933+00:00, execution_date=20240618T133055, start_date=20240618T133057, end_date=20240618T133057
[2024-06-18T13:30:57.776+0000] {local_task_job_runner.py:240} INFO - Task exited with return code 0
[2024-06-18T13:30:57.807+0000] {taskinstance.py:3498} INFO - 1 downstream tasks scheduled from follow-on schedule check
[2024-06-18T13:30:57.810+0000] {local_task_job_runner.py:222} INFO - ::endgroup::
