[2024-06-24T06:18:29.511+0000] {local_task_job_runner.py:120} INFO - ::group::Pre task execution logs
[2024-06-24T06:18:29.550+0000] {taskinstance.py:2076} INFO - Dependencies all met for dep_context=non-requeueable deps ti=<TaskInstance: demo_dag_for_alerting_final_1.refresh_external_table manual__2024-06-24T06:18:25.970738+00:00 [queued]>
[2024-06-24T06:18:29.565+0000] {taskinstance.py:2076} INFO - Dependencies all met for dep_context=requeueable deps ti=<TaskInstance: demo_dag_for_alerting_final_1.refresh_external_table manual__2024-06-24T06:18:25.970738+00:00 [queued]>
[2024-06-24T06:18:29.566+0000] {taskinstance.py:2306} INFO - Starting attempt 1 of 6
[2024-06-24T06:18:29.591+0000] {taskinstance.py:2330} INFO - Executing <Task(PythonOperator): refresh_external_table> on 2024-06-24 06:18:25.970738+00:00
[2024-06-24T06:18:29.598+0000] {warnings.py:110} WARNING - /home/***/.local/lib/python3.12/site-packages/***/task/task_runner/standard_task_runner.py:61: DeprecationWarning: This process (pid=234) is multi-threaded, use of fork() may lead to deadlocks in the child.
  pid = os.fork()

[2024-06-24T06:18:29.600+0000] {standard_task_runner.py:63} INFO - Started process 235 to run task
[2024-06-24T06:18:29.599+0000] {standard_task_runner.py:90} INFO - Running: ['***', 'tasks', 'run', 'demo_dag_for_alerting_final_1', 'refresh_external_table', 'manual__2024-06-24T06:18:25.970738+00:00', '--job-id', '3366', '--raw', '--subdir', 'DAGS_FOLDER/demo_dag_for_alerting.py', '--cfg-path', '/tmp/tmpyvgwv7ww']
[2024-06-24T06:18:29.601+0000] {standard_task_runner.py:91} INFO - Job 3366: Subtask refresh_external_table
[2024-06-24T06:18:29.650+0000] {task_command.py:426} INFO - Running <TaskInstance: demo_dag_for_alerting_final_1.refresh_external_table manual__2024-06-24T06:18:25.970738+00:00 [running]> on host bf895605831d
[2024-06-24T06:18:29.753+0000] {taskinstance.py:2648} INFO - Exporting env vars: AIRFLOW_CTX_DAG_OWNER='***' AIRFLOW_CTX_DAG_ID='demo_dag_for_alerting_final_1' AIRFLOW_CTX_TASK_ID='refresh_external_table' AIRFLOW_CTX_EXECUTION_DATE='2024-06-24T06:18:25.970738+00:00' AIRFLOW_CTX_TRY_NUMBER='1' AIRFLOW_CTX_DAG_RUN_ID='manual__2024-06-24T06:18:25.970738+00:00'
[2024-06-24T06:18:29.754+0000] {taskinstance.py:430} INFO - ::endgroup::
[2024-06-24T06:18:29.768+0000] {logging_mixin.py:188} INFO - refresh_crm_campaign_run_external_table
[2024-06-24T06:18:29.768+0000] {python.py:237} INFO - Done. Returned value was: None
[2024-06-24T06:18:29.769+0000] {taskinstance.py:441} INFO - ::group::Post task execution logs
[2024-06-24T06:18:29.780+0000] {taskinstance.py:1206} INFO - Marking task as SUCCESS. dag_id=demo_dag_for_alerting_final_1, task_id=refresh_external_table, run_id=manual__2024-06-24T06:18:25.970738+00:00, execution_date=20240624T061825, start_date=20240624T061829, end_date=20240624T061829
[2024-06-24T06:18:29.815+0000] {local_task_job_runner.py:240} INFO - Task exited with return code 0
[2024-06-24T06:18:29.883+0000] {taskinstance.py:3498} INFO - 1 downstream tasks scheduled from follow-on schedule check
[2024-06-24T06:18:29.886+0000] {local_task_job_runner.py:222} INFO - ::endgroup::
