[2024-06-12T07:05:22.936+0000] {local_task_job_runner.py:120} INFO - ::group::Pre task execution logs
[2024-06-12T07:05:22.970+0000] {taskinstance.py:2076} INFO - Dependencies all met for dep_context=non-requeueable deps ti=<TaskInstance: create_table4.create_table scheduled__2024-06-11T00:00:00+00:00 [queued]>
[2024-06-12T07:05:22.983+0000] {taskinstance.py:2076} INFO - Dependencies all met for dep_context=requeueable deps ti=<TaskInstance: create_table4.create_table scheduled__2024-06-11T00:00:00+00:00 [queued]>
[2024-06-12T07:05:22.983+0000] {taskinstance.py:2306} INFO - Starting attempt 1 of 6
[2024-06-12T07:05:23.002+0000] {taskinstance.py:2330} INFO - Executing <Task(PythonOperator): create_table> on 2024-06-11 00:00:00+00:00
[2024-06-12T07:05:23.014+0000] {warnings.py:110} WARNING - /home/***/.local/lib/python3.12/site-packages/***/task/task_runner/standard_task_runner.py:61: DeprecationWarning: This process (pid=1722) is multi-threaded, use of fork() may lead to deadlocks in the child.
  pid = os.fork()

[2024-06-12T07:05:23.015+0000] {standard_task_runner.py:63} INFO - Started process 1723 to run task
[2024-06-12T07:05:23.016+0000] {standard_task_runner.py:90} INFO - Running: ['***', 'tasks', 'run', 'create_table4', 'create_table', 'scheduled__2024-06-11T00:00:00+00:00', '--job-id', '129', '--raw', '--subdir', 'DAGS_FOLDER/create_table.py', '--cfg-path', '/tmp/tmpr2d_gd8o']
[2024-06-12T07:05:23.017+0000] {standard_task_runner.py:91} INFO - Job 129: Subtask create_table
[2024-06-12T07:05:23.067+0000] {task_command.py:426} INFO - Running <TaskInstance: create_table4.create_table scheduled__2024-06-11T00:00:00+00:00 [running]> on host 7bea3768514b
[2024-06-12T07:05:23.169+0000] {taskinstance.py:2648} INFO - Exporting env vars: AIRFLOW_CTX_DAG_OWNER='***' AIRFLOW_CTX_DAG_ID='create_table4' AIRFLOW_CTX_TASK_ID='create_table' AIRFLOW_CTX_EXECUTION_DATE='2024-06-11T00:00:00+00:00' AIRFLOW_CTX_TRY_NUMBER='1' AIRFLOW_CTX_DAG_RUN_ID='scheduled__2024-06-11T00:00:00+00:00'
[2024-06-12T07:05:23.170+0000] {taskinstance.py:430} INFO - ::endgroup::
[2024-06-12T07:05:23.198+0000] {base.py:84} INFO - Using connection ID 'postgres_conn' for task execution.
[2024-06-12T07:05:23.201+0000] {sql.py:470} INFO - Running statement: 
    CREATE TABLE IF NOT EXISTS valid_data (
        id SERIAL PRIMARY KEY,
        name VARCHAR(255) NOT NULL,
        email VARCHAR(255) NOT NULL,
        date TIMESTAMP NOT NULL
    );
    , parameters: None
[2024-06-12T07:05:23.211+0000] {python.py:237} INFO - Done. Returned value was: None
[2024-06-12T07:05:23.212+0000] {taskinstance.py:441} INFO - ::group::Post task execution logs
[2024-06-12T07:05:23.223+0000] {taskinstance.py:1206} INFO - Marking task as SUCCESS. dag_id=create_table4, task_id=create_table, run_id=scheduled__2024-06-11T00:00:00+00:00, execution_date=20240611T000000, start_date=20240612T070522, end_date=20240612T070523
[2024-06-12T07:05:23.269+0000] {local_task_job_runner.py:240} INFO - Task exited with return code 0
[2024-06-12T07:05:23.290+0000] {taskinstance.py:3498} INFO - 0 downstream tasks scheduled from follow-on schedule check
[2024-06-12T07:05:23.292+0000] {local_task_job_runner.py:222} INFO - ::endgroup::
