[2024-06-26T10:40:01.799+0000] {local_task_job_runner.py:120} INFO - ::group::Pre task execution logs
[2024-06-26T10:40:01.842+0000] {taskinstance.py:2076} INFO - Dependencies all met for dep_context=non-requeueable deps ti=<TaskInstance: demo_dag_for_alerting_final.check_previous_run_status scheduled__2024-06-26T10:39:00+00:00 [queued]>
[2024-06-26T10:40:01.860+0000] {taskinstance.py:2076} INFO - Dependencies all met for dep_context=requeueable deps ti=<TaskInstance: demo_dag_for_alerting_final.check_previous_run_status scheduled__2024-06-26T10:39:00+00:00 [queued]>
[2024-06-26T10:40:01.861+0000] {taskinstance.py:2306} INFO - Starting attempt 1 of 6
[2024-06-26T10:40:01.887+0000] {taskinstance.py:2330} INFO - Executing <Task(BranchPythonOperator): check_previous_run_status> on 2024-06-26 10:39:00+00:00
[2024-06-26T10:40:01.893+0000] {warnings.py:110} WARNING - /home/***/.local/lib/python3.12/site-packages/***/task/task_runner/standard_task_runner.py:61: DeprecationWarning: This process (pid=6824) is multi-threaded, use of fork() may lead to deadlocks in the child.
  pid = os.fork()

[2024-06-26T10:40:01.895+0000] {standard_task_runner.py:63} INFO - Started process 6825 to run task
[2024-06-26T10:40:01.896+0000] {standard_task_runner.py:90} INFO - Running: ['***', 'tasks', 'run', 'demo_dag_for_alerting_final', 'check_previous_run_status', 'scheduled__2024-06-26T10:39:00+00:00', '--job-id', '4368', '--raw', '--subdir', 'DAGS_FOLDER/demo_dag_for_alerting.py', '--cfg-path', '/tmp/tmp_q1mm6e_']
[2024-06-26T10:40:01.897+0000] {standard_task_runner.py:91} INFO - Job 4368: Subtask check_previous_run_status
[2024-06-26T10:40:01.953+0000] {task_command.py:426} INFO - Running <TaskInstance: demo_dag_for_alerting_final.check_previous_run_status scheduled__2024-06-26T10:39:00+00:00 [running]> on host ced2311e92d2
[2024-06-26T10:40:02.096+0000] {taskinstance.py:2648} INFO - Exporting env vars: AIRFLOW_CTX_DAG_OWNER='***' AIRFLOW_CTX_DAG_ID='demo_dag_for_alerting_final' AIRFLOW_CTX_TASK_ID='check_previous_run_status' AIRFLOW_CTX_EXECUTION_DATE='2024-06-26T10:39:00+00:00' AIRFLOW_CTX_TRY_NUMBER='1' AIRFLOW_CTX_DAG_RUN_ID='scheduled__2024-06-26T10:39:00+00:00'
[2024-06-26T10:40:02.097+0000] {taskinstance.py:430} INFO - ::endgroup::
[2024-06-26T10:40:02.115+0000] {baseoperator.py:399} WARNING - BranchPythonOperator.execute cannot be called outside TaskInstance!
[2024-06-26T10:40:02.116+0000] {helper_functions.py:120} INFO - Reading encrypted details from ('/opt/***/dags/postgres_connection.py', '/opt/***/dags/***_api_configuration.py')
[2024-06-26T10:40:02.124+0000] {helper_functions.py:123} INFO - Decrypted postgres connection: {'user': '***', 'password': '***', 'dbname': '***', 'host': '172.240.4.3', 'port': '5432'}
[2024-06-26T10:40:02.128+0000] {helper_functions.py:88} INFO - Executing create table SQL
[2024-06-26T10:40:02.129+0000] {helper_functions.py:113} ERROR - Failed to update database for demo_dag_for_alerting_final - check_previous_run_status: can't execute an empty query
Traceback (most recent call last):
  File "/opt/airflow/dags/helper_functions.py", line 89, in update_database
    cur.execute(self.create_table_sql)
psycopg2.ProgrammingError: can't execute an empty query
[2024-06-26T10:40:02.131+0000] {python.py:237} INFO - Done. Returned value was: start_run
[2024-06-26T10:40:02.132+0000] {branch.py:36} INFO - Branch into start_run
[2024-06-26T10:40:02.132+0000] {skipmixin.py:178} INFO - Following branch start_run
[2024-06-26T10:40:02.152+0000] {skipmixin.py:246} INFO - Skipping tasks [('skip_run', -1)]
[2024-06-26T10:40:02.184+0000] {taskinstance.py:441} INFO - ::group::Post task execution logs
[2024-06-26T10:40:02.206+0000] {taskinstance.py:1206} INFO - Marking task as SUCCESS. dag_id=demo_dag_for_alerting_final, task_id=check_previous_run_status, run_id=scheduled__2024-06-26T10:39:00+00:00, execution_date=20240626T103900, start_date=20240626T104001, end_date=20240626T104002
[2024-06-26T10:40:02.229+0000] {local_task_job_runner.py:240} INFO - Task exited with return code 0
[2024-06-26T10:40:02.273+0000] {taskinstance.py:3498} INFO - 0 downstream tasks scheduled from follow-on schedule check
[2024-06-26T10:40:02.275+0000] {local_task_job_runner.py:222} INFO - ::endgroup::
