[2024-06-28T05:24:01.937+0000] {local_task_job_runner.py:120} INFO - ::group::Pre task execution logs
[2024-06-28T05:24:01.962+0000] {taskinstance.py:2076} INFO - Dependencies all met for dep_context=non-requeueable deps ti=<TaskInstance: alerting_all_dags_using_apis.get_all_active_dags scheduled__2024-06-28T05:21:00+00:00 [queued]>
[2024-06-28T05:24:01.971+0000] {taskinstance.py:2076} INFO - Dependencies all met for dep_context=requeueable deps ti=<TaskInstance: alerting_all_dags_using_apis.get_all_active_dags scheduled__2024-06-28T05:21:00+00:00 [queued]>
[2024-06-28T05:24:01.972+0000] {taskinstance.py:2306} INFO - Starting attempt 1 of 6
[2024-06-28T05:24:01.988+0000] {taskinstance.py:2330} INFO - Executing <Task(PythonOperator): get_all_active_dags> on 2024-06-28 05:21:00+00:00
[2024-06-28T05:24:01.994+0000] {warnings.py:110} WARNING - /home/***/.local/lib/python3.12/site-packages/***/task/task_runner/standard_task_runner.py:61: DeprecationWarning: This process (pid=6364) is multi-threaded, use of fork() may lead to deadlocks in the child.
  pid = os.fork()

[2024-06-28T05:24:01.995+0000] {standard_task_runner.py:63} INFO - Started process 6365 to run task
[2024-06-28T05:24:01.996+0000] {standard_task_runner.py:90} INFO - Running: ['***', 'tasks', 'run', 'alerting_all_dags_using_apis', 'get_all_active_dags', 'scheduled__2024-06-28T05:21:00+00:00', '--job-id', '4816', '--raw', '--subdir', 'DAGS_FOLDER/alerting_all_dags_using_apis.py', '--cfg-path', '/tmp/tmpzjg2zgki']
[2024-06-28T05:24:01.997+0000] {standard_task_runner.py:91} INFO - Job 4816: Subtask get_all_active_dags
[2024-06-28T05:24:02.039+0000] {task_command.py:426} INFO - Running <TaskInstance: alerting_all_dags_using_apis.get_all_active_dags scheduled__2024-06-28T05:21:00+00:00 [running]> on host eeacb89bcfc1
[2024-06-28T05:24:02.133+0000] {taskinstance.py:2648} INFO - Exporting env vars: AIRFLOW_CTX_DAG_OWNER='***' AIRFLOW_CTX_DAG_ID='alerting_all_dags_using_apis' AIRFLOW_CTX_TASK_ID='get_all_active_dags' AIRFLOW_CTX_EXECUTION_DATE='2024-06-28T05:21:00+00:00' AIRFLOW_CTX_TRY_NUMBER='1' AIRFLOW_CTX_DAG_RUN_ID='scheduled__2024-06-28T05:21:00+00:00'
[2024-06-28T05:24:02.133+0000] {taskinstance.py:430} INFO - ::endgroup::
[2024-06-28T05:24:02.151+0000] {helper_functions.py:273} INFO - Requesting http://***:***@172.240.2.5:8080/api/v1/dags?only_active=true
[2024-06-28T05:24:02.346+0000] {python.py:237} INFO - Done. Returned value was: ['alerting_all_dags_using_apis', 'demo_dag_for_alerting_apis_final', 'demo_dag_for_alerting_final']
[2024-06-28T05:24:02.347+0000] {taskinstance.py:441} INFO - ::group::Post task execution logs
[2024-06-28T05:24:02.369+0000] {taskinstance.py:1206} INFO - Marking task as SUCCESS. dag_id=alerting_all_dags_using_apis, task_id=get_all_active_dags, run_id=scheduled__2024-06-28T05:21:00+00:00, execution_date=20240628T052100, start_date=20240628T052401, end_date=20240628T052402
[2024-06-28T05:24:02.410+0000] {local_task_job_runner.py:240} INFO - Task exited with return code 0
[2024-06-28T05:24:02.440+0000] {taskinstance.py:3498} INFO - 1 downstream tasks scheduled from follow-on schedule check
[2024-06-28T05:24:02.442+0000] {local_task_job_runner.py:222} INFO - ::endgroup::
