[2024-06-17T06:48:52.134+0000] {local_task_job_runner.py:120} INFO - ::group::Pre task execution logs
[2024-06-17T06:48:52.161+0000] {taskinstance.py:2076} INFO - Dependencies all met for dep_context=non-requeueable deps ti=<TaskInstance: file_jsons_to_postgres.insert_json manual__2024-06-17T06:48:45.969341+00:00 [queued]>
[2024-06-17T06:48:52.170+0000] {taskinstance.py:2076} INFO - Dependencies all met for dep_context=requeueable deps ti=<TaskInstance: file_jsons_to_postgres.insert_json manual__2024-06-17T06:48:45.969341+00:00 [queued]>
[2024-06-17T06:48:52.170+0000] {taskinstance.py:2306} INFO - Starting attempt 1 of 6
[2024-06-17T06:48:52.188+0000] {taskinstance.py:2330} INFO - Executing <Task(PythonOperator): insert_json> on 2024-06-17 06:48:45.969341+00:00
[2024-06-17T06:48:52.198+0000] {warnings.py:110} WARNING - /home/***/.local/lib/python3.12/site-packages/***/task/task_runner/standard_task_runner.py:61: DeprecationWarning: This process (pid=357) is multi-threaded, use of fork() may lead to deadlocks in the child.
  pid = os.fork()

[2024-06-17T06:48:52.199+0000] {standard_task_runner.py:63} INFO - Started process 358 to run task
[2024-06-17T06:48:52.199+0000] {standard_task_runner.py:90} INFO - Running: ['***', 'tasks', 'run', 'file_jsons_to_postgres', 'insert_json', 'manual__2024-06-17T06:48:45.969341+00:00', '--job-id', '330', '--raw', '--subdir', 'DAGS_FOLDER/file_jsons_to_postgres.py', '--cfg-path', '/tmp/tmpgz1ryhm5']
[2024-06-17T06:48:52.200+0000] {standard_task_runner.py:91} INFO - Job 330: Subtask insert_json
[2024-06-17T06:48:52.262+0000] {task_command.py:426} INFO - Running <TaskInstance: file_jsons_to_postgres.insert_json manual__2024-06-17T06:48:45.969341+00:00 [running]> on host 4d71c837c754
[2024-06-17T06:48:52.377+0000] {taskinstance.py:2648} INFO - Exporting env vars: AIRFLOW_CTX_DAG_OWNER='***' AIRFLOW_CTX_DAG_ID='file_jsons_to_postgres' AIRFLOW_CTX_TASK_ID='insert_json' AIRFLOW_CTX_EXECUTION_DATE='2024-06-17T06:48:45.969341+00:00' AIRFLOW_CTX_TRY_NUMBER='1' AIRFLOW_CTX_DAG_RUN_ID='manual__2024-06-17T06:48:45.969341+00:00'
[2024-06-17T06:48:52.378+0000] {taskinstance.py:430} INFO - ::endgroup::
[2024-06-17T06:48:52.413+0000] {file_jsons_to_postgres.py:118} INFO - Inserting entry: {'name': 'Sekhar', 'email': 'f5gqiw!vz4@kowtjsn.mb', 'date': '2024-06-13'}
[2024-06-17T06:48:52.415+0000] {file_jsons_to_postgres.py:118} INFO - Inserting entry: {'name': 'Praneeth', 'email': 'jj%fpfe!2a@ltuyxhh.vw', 'date': '2024-06-13'}
[2024-06-17T06:48:52.417+0000] {file_jsons_to_postgres.py:118} INFO - Inserting entry: {'name': 'Kiran', 'email': 'b@kbzv.jg', 'date': '2024-06-13'}
[2024-06-17T06:48:52.418+0000] {file_jsons_to_postgres.py:118} INFO - Inserting entry: {'name': 'Ushasri', 'email': 'dfkcn@wpdrh.fbg', 'date': '2024-06-13'}
[2024-06-17T06:48:52.419+0000] {file_jsons_to_postgres.py:118} INFO - Inserting entry: {'name': 'Nagavamsi', 'email': '44ldpo@wci.zl', 'date': '2024-06-13'}
[2024-06-17T06:48:52.420+0000] {file_jsons_to_postgres.py:118} INFO - Inserting entry: {'name': 'Nadikatla', 'email': 'h#zn1l3pu@hstx.rf', 'date': '2024-06-13'}
[2024-06-17T06:48:52.422+0000] {file_jsons_to_postgres.py:118} INFO - Inserting entry: {'name': 'Ushasri', 'email': 'jemhz4^i!#@nns.ld', 'date': '2024-01-13'}
[2024-06-17T06:48:52.423+0000] {file_jsons_to_postgres.py:118} INFO - Inserting entry: {'name': 'Masthan', 'email': '6b5v@jkaznzpsw.bw', 'date': '2024-06-13'}
[2024-06-17T06:48:52.424+0000] {file_jsons_to_postgres.py:118} INFO - Inserting entry: {'name': 'Soukhya', 'email': 'ihww2@noqe.mf', 'date': '2024-01-13'}
[2024-06-17T06:48:52.427+0000] {file_jsons_to_postgres.py:118} INFO - Inserting entry: {'name': 'Prasanna', 'email': 'l&@cbclt.keo', 'date': '2024-06-13'}
[2024-06-17T06:48:52.429+0000] {file_jsons_to_postgres.py:118} INFO - Inserting entry: {'name': 'Dathrika', 'email': 'f.z$ig!x&!@qow.iz', 'date': '2024-06-13'}
[2024-06-17T06:48:52.430+0000] {file_jsons_to_postgres.py:118} INFO - Inserting entry: {'name': 'Spandana', 'email': 'caonya#wz@mzkmcma.fe', 'date': '2024-06-13'}
[2024-06-17T06:48:52.431+0000] {file_jsons_to_postgres.py:118} INFO - Inserting entry: {'name': 'Saiteja', 'email': 'tbyhsqy@juh.dae', 'date': '2024-06-13'}
[2024-06-17T06:48:52.433+0000] {file_jsons_to_postgres.py:118} INFO - Inserting entry: {'name': 'Vadlamudi', 'email': 'tjcuy^8f5v@wcujzcxm.zi', 'date': '2024-06-13'}
[2024-06-17T06:48:52.434+0000] {file_jsons_to_postgres.py:118} INFO - Inserting entry: {'name': 'Bahoju', 'email': 'r&lx00k0e1@xadkfvwpy.ecq', 'date': '2024-06-13'}
[2024-06-17T06:48:52.436+0000] {file_jsons_to_postgres.py:118} INFO - Inserting entry: {'name': 'Udugula', 'email': 'mu67%^thy@nvji.tw', 'date': '2024-06-13'}
[2024-06-17T06:48:52.437+0000] {file_jsons_to_postgres.py:118} INFO - Inserting entry: {'name': 'Chandra', 'email': '5nss&r*!d@glt.bjk', 'date': '2024-06-13'}
[2024-06-17T06:48:52.438+0000] {file_jsons_to_postgres.py:118} INFO - Inserting entry: {'name': 'Machupalli', 'email': 'dcufgw@g.de', 'date': '2024-06-13'}
[2024-06-17T06:48:52.439+0000] {file_jsons_to_postgres.py:118} INFO - Inserting entry: {'name': 'Karnati', 'email': 'y@ezzgxyr.wly', 'date': '2024-06-13'}
[2024-06-17T06:48:52.441+0000] {file_jsons_to_postgres.py:118} INFO - Inserting entry: {'name': 'Moru', 'email': '3&bs@zzn.we', 'date': '2024-06-13'}
[2024-06-17T06:48:52.442+0000] {file_jsons_to_postgres.py:118} INFO - Inserting entry: {'name': 'Vankamamidi', 'email': 'y0decbadz@ycuuckeix.fc', 'date': '2024-06-13'}
[2024-06-17T06:48:52.445+0000] {file_jsons_to_postgres.py:118} INFO - Inserting entry: {'name': 'Mohammad', 'email': 'pr*@vvfgsrgy.ltl', 'date': '2024-06-13'}
[2024-06-17T06:48:52.446+0000] {file_jsons_to_postgres.py:118} INFO - Inserting entry: {'name': 'Saiteja', 'email': 'r5$yd&.@jotkhbpro.kpp', 'date': '2024-06-13'}
[2024-06-17T06:48:52.447+0000] {file_jsons_to_postgres.py:118} INFO - Inserting entry: {'name': 'Suma', 'email': 'y@a.aen', 'date': '2013-06-24'}
[2024-06-17T06:48:52.448+0000] {file_jsons_to_postgres.py:118} INFO - Inserting entry: {'name': 'Akhilesh', 'email': 'kx@nlqudvj.yyk', 'date': '2024-06-13'}
[2024-06-17T06:48:52.449+0000] {file_jsons_to_postgres.py:118} INFO - Inserting entry: {'name': 'Adepu', 'email': 'h57!p^plx6@mx.ahk', 'date': '2024-06-13'}
[2024-06-17T06:48:52.450+0000] {file_jsons_to_postgres.py:118} INFO - Inserting entry: {'name': 'Vadlamudi', 'email': 'h@fsodmmbxi.ya', 'date': '2024-06-13'}
[2024-06-17T06:48:52.451+0000] {file_jsons_to_postgres.py:118} INFO - Inserting entry: {'name': 'Chandrakanth', 'email': 'ze@kbc.ulm', 'date': '2024-06-13'}
[2024-06-17T06:48:52.452+0000] {file_jsons_to_postgres.py:118} INFO - Inserting entry: {'name': 'Shareef', 'email': 'ki9hv5@mjugdkxl.qa', 'date': '2024-06-13'}
[2024-06-17T06:48:52.453+0000] {file_jsons_to_postgres.py:118} INFO - Inserting entry: {'name': 'Komati', 'email': '10$*u@c.qt', 'date': '2024-06-13'}
[2024-06-17T06:48:52.455+0000] {file_jsons_to_postgres.py:118} INFO - Inserting entry: {'name': 'Anthati', 'email': '4@yjlw.fx', 'date': '2024-06-13'}
[2024-06-17T06:48:52.456+0000] {file_jsons_to_postgres.py:118} INFO - Inserting entry: {'name': 'Nikhil', 'email': 'cokto@zbpiwpi.mb', 'date': '2024-06-13'}
[2024-06-17T06:48:52.457+0000] {file_jsons_to_postgres.py:118} INFO - Inserting entry: {'name': 'Chandrakanth', 'email': 'z.4k#@qwpml.bl', 'date': '2024-06-13'}
[2024-06-17T06:48:52.458+0000] {file_jsons_to_postgres.py:118} INFO - Inserting entry: {'name': 'Chirneni', 'email': 'kv3*qy@jxoy.fxy', 'date': '2024-06-13'}
[2024-06-17T06:48:52.461+0000] {file_jsons_to_postgres.py:118} INFO - Inserting entry: {'name': 'Sree', 'email': 'ou@xfemwoclu.hm', 'date': '2024-06-13'}
[2024-06-17T06:48:52.462+0000] {file_jsons_to_postgres.py:118} INFO - Inserting entry: {'name': 'Bahoju', 'email': '4!w7@gezqtv.hk', 'date': '2024-06-13'}
[2024-06-17T06:48:52.463+0000] {file_jsons_to_postgres.py:118} INFO - Inserting entry: {'name': 'Karnati', 'email': 'ot@lwj.dc', 'date': '2024-06-13'}
[2024-06-17T06:48:52.464+0000] {file_jsons_to_postgres.py:118} INFO - Inserting entry: {'name': 'Suma', 'email': 'wj1k*!@vwejlvvp.hvi', 'date': '2024-06-13'}
[2024-06-17T06:48:52.465+0000] {file_jsons_to_postgres.py:118} INFO - Inserting entry: {'name': 'Davis', 'email': '23@faijzja.nt', 'date': '2024-06-13'}
[2024-06-17T06:48:52.467+0000] {file_jsons_to_postgres.py:118} INFO - Inserting entry: {'name': 'Krishna', 'email': 'q#$$j@yjxdinptj.gvl', 'date': '2024-06-13'}
[2024-06-17T06:48:52.468+0000] {file_jsons_to_postgres.py:118} INFO - Inserting entry: {'name': 'Sree', 'email': 'gvy&%4pec@g.wmh', 'date': '2024-06-13'}
[2024-06-17T06:48:52.469+0000] {file_jsons_to_postgres.py:118} INFO - Inserting entry: {'name': 'Sekhar', 'email': 'uv@afafb.rg', 'date': '2024-06-13'}
[2024-06-17T06:48:52.470+0000] {file_jsons_to_postgres.py:118} INFO - Inserting entry: {'name': 'Aishwarya', 'email': 'rp5@pccierqb.vxb', 'date': '2024-06-13'}
[2024-06-17T06:48:52.471+0000] {file_jsons_to_postgres.py:118} INFO - Inserting entry: {'name': 'Narandas', 'email': '4gct!j@begxgno.si', 'date': '2024-06-13'}
[2024-06-17T06:48:52.472+0000] {file_jsons_to_postgres.py:118} INFO - Inserting entry: {'name': 'Jyothi', 'email': '8r5xyb.!@bji.su', 'date': '2013-06-24'}
[2024-06-17T06:48:52.474+0000] {file_jsons_to_postgres.py:118} INFO - Inserting entry: {'name': 'Brahmadevara', 'email': '9%0@wxjgvhn.kt', 'date': '2024-06-13'}
[2024-06-17T06:48:52.476+0000] {file_jsons_to_postgres.py:118} INFO - Inserting entry: {'name': 'Gopalakrishna', 'email': 'bw@nnadav.it', 'date': '2024-06-13'}
[2024-06-17T06:48:52.478+0000] {file_jsons_to_postgres.py:118} INFO - Inserting entry: {'name': 'Krishna', 'email': 'u7s5y@rtam.qi', 'date': '2024-01-13'}
[2024-06-17T06:48:52.480+0000] {file_jsons_to_postgres.py:118} INFO - Inserting entry: {'name': 'Goud', 'email': 'e^@woyafva.yxu', 'date': '2024-06-13'}
[2024-06-17T06:48:52.481+0000] {file_jsons_to_postgres.py:118} INFO - Inserting entry: {'name': 'Komati', 'email': 'wcom.3@qbyppcsc.yvg', 'date': '2024-06-13'}
[2024-06-17T06:48:52.481+0000] {file_jsons_to_postgres.py:118} INFO - Inserting entry: {'name': 'Srikanth', 'email': '21fjr8@ufvf.nd', 'date': '2024-06-13'}
[2024-06-17T06:48:52.483+0000] {file_jsons_to_postgres.py:118} INFO - Inserting entry: {'name': 'Moru', 'email': 'jxwn@vytncdk.ch', 'date': '2024-06-13'}
[2024-06-17T06:48:52.484+0000] {file_jsons_to_postgres.py:118} INFO - Inserting entry: {'name': 'Rayapusetty', 'email': 'r&@h.djw', 'date': '2024-06-13'}
[2024-06-17T06:48:52.485+0000] {file_jsons_to_postgres.py:118} INFO - Inserting entry: {'name': 'Machupalli', 'email': 'b$2@whc.pa', 'date': '2024-06-13'}
[2024-06-17T06:48:52.486+0000] {file_jsons_to_postgres.py:118} INFO - Inserting entry: {'name': 'Prudhvi', 'email': '50d@mi.uk', 'date': '2024-06-13'}
[2024-06-17T06:48:52.487+0000] {file_jsons_to_postgres.py:118} INFO - Inserting entry: {'name': 'Vankamamidi', 'email': '9@quplf.tuo', 'date': '2024-06-13'}
[2024-06-17T06:48:52.488+0000] {file_jsons_to_postgres.py:118} INFO - Inserting entry: {'name': 'Kambhampati', 'email': 'g03$u2x5o@ijep.gl', 'date': '2024-06-13'}
[2024-06-17T06:48:52.488+0000] {file_jsons_to_postgres.py:118} INFO - Inserting entry: {'name': 'Sundar', 'email': 'd3ng8xv@npciy.jf', 'date': '2024-06-13'}
[2024-06-17T06:48:52.489+0000] {file_jsons_to_postgres.py:118} INFO - Inserting entry: {'name': 'Vishnu', 'email': 'dyclw@qwm.fm', 'date': '2024-06-13'}
[2024-06-17T06:48:52.490+0000] {file_jsons_to_postgres.py:118} INFO - Inserting entry: {'name': 'Pavan', 'email': 'lmgv043q^s@haebqn.ajl', 'date': '2024-06-13'}
[2024-06-17T06:48:52.492+0000] {file_jsons_to_postgres.py:118} INFO - Inserting entry: {'name': 'Vinay', 'email': 'j&#hmz@xc.vev', 'date': '2024-01-13'}
[2024-06-17T06:48:52.494+0000] {file_jsons_to_postgres.py:118} INFO - Inserting entry: {'name': 'Majji', 'email': 'n!$ji@xah.mmi', 'date': '2024-01-13'}
[2024-06-17T06:48:52.496+0000] {file_jsons_to_postgres.py:118} INFO - Inserting entry: {'name': 'Keerthana', 'email': 'n9hb@j.wjz', 'date': '2013-06-24'}
[2024-06-17T06:48:52.497+0000] {file_jsons_to_postgres.py:118} INFO - Inserting entry: {'name': 'Adepu', 'email': '1x2fpbmxo@odswnvhzy.lyj', 'date': '2024-06-13'}
[2024-06-17T06:48:52.498+0000] {file_jsons_to_postgres.py:118} INFO - Inserting entry: {'name': 'Vemuri', 'email': 'm$@hhndqwuov.ijr', 'date': '2024-06-13'}
[2024-06-17T06:48:52.499+0000] {file_jsons_to_postgres.py:118} INFO - Inserting entry: {'name': 'Sekhar', 'email': 'e@vrevyu.hsv', 'date': '2024-06-13'}
[2024-06-17T06:48:52.500+0000] {file_jsons_to_postgres.py:118} INFO - Inserting entry: {'name': 'Udugula', 'email': '6d&i@jswggj.np', 'date': '2024-06-13'}
[2024-06-17T06:48:52.501+0000] {file_jsons_to_postgres.py:118} INFO - Inserting entry: {'name': 'Vinay', 'email': '8wq&$f@hwpdqmszg.udh', 'date': '2024-06-13'}
[2024-06-17T06:48:52.502+0000] {file_jsons_to_postgres.py:118} INFO - Inserting entry: {'name': 'Vadlamudi', 'email': '3obud^v%@akykqyk.zb', 'date': '2024-06-13'}
[2024-06-17T06:48:52.503+0000] {file_jsons_to_postgres.py:118} INFO - Inserting entry: {'name': 'Koti', 'email': 'o@chjwllurx.khj', 'date': '2024-06-13'}
[2024-06-17T06:48:52.505+0000] {file_jsons_to_postgres.py:118} INFO - Inserting entry: {'name': 'Lakshmi', 'email': 'wx%la6c@svvgyqar.pnb', 'date': '2024-06-13'}
[2024-06-17T06:48:52.506+0000] {file_jsons_to_postgres.py:118} INFO - Inserting entry: {'name': 'Vankamamidi', 'email': 'qm9it5403a@mpqh.ne', 'date': '2024-06-13'}
[2024-06-17T06:48:52.507+0000] {file_jsons_to_postgres.py:118} INFO - Inserting entry: {'name': 'Brahmadevara', 'email': '7i9j@fgvh.fvw', 'date': '2024-06-13'}
[2024-06-17T06:48:52.509+0000] {file_jsons_to_postgres.py:118} INFO - Inserting entry: {'name': 'Ramya', 'email': '1z@d.ms', 'date': '2024-06-13'}
[2024-06-17T06:48:52.511+0000] {file_jsons_to_postgres.py:118} INFO - Inserting entry: {'name': 'Pottabathini', 'email': '4we@extjg.bs', 'date': '2024-06-13'}
[2024-06-17T06:48:52.512+0000] {file_jsons_to_postgres.py:118} INFO - Inserting entry: {'name': 'Kambhampati', 'email': 'z@atze.vbh', 'date': '2024-06-13'}
[2024-06-17T06:48:52.514+0000] {file_jsons_to_postgres.py:118} INFO - Inserting entry: {'name': 'Pottabathini', 'email': 'j2l&$diihs@xy.xln', 'date': '2024-06-13'}
[2024-06-17T06:48:52.523+0000] {file_jsons_to_postgres.py:118} INFO - Inserting entry: {'name': 'Sree', 'email': 'csqdsvr.ch@mp.cb', 'date': '2024-06-13'}
[2024-06-17T06:48:52.524+0000] {file_jsons_to_postgres.py:118} INFO - Inserting entry: {'name': 'Srikanth', 'email': 'uz!*101@ie.aum', 'date': '2013-06-24'}
[2024-06-17T06:48:52.526+0000] {file_jsons_to_postgres.py:118} INFO - Inserting entry: {'name': 'Bharath', 'email': 'rvecd^^@zdomsy.hz', 'date': '2013-06-24'}
[2024-06-17T06:48:52.528+0000] {file_jsons_to_postgres.py:118} INFO - Inserting entry: {'name': 'Narandas', 'email': 'in5!4ay9fc@bxtsj.lt', 'date': '2024-06-13'}
[2024-06-17T06:48:52.530+0000] {file_jsons_to_postgres.py:118} INFO - Inserting entry: {'name': 'Nagavamsi', 'email': '6vo^yn$1^@irvyvnaci.oqr', 'date': '2013-06-24'}
[2024-06-17T06:48:52.531+0000] {file_jsons_to_postgres.py:118} INFO - Inserting entry: {'name': 'Nadikatla', 'email': 'cdzhu803gh@xk.st', 'date': '2024-06-13'}
[2024-06-17T06:48:52.532+0000] {file_jsons_to_postgres.py:118} INFO - Inserting entry: {'name': 'Zainuddin', 'email': 'i#r&h@jsokx.dq', 'date': '2024-06-13'}
[2024-06-17T06:48:52.533+0000] {file_jsons_to_postgres.py:118} INFO - Inserting entry: {'name': 'Thej', 'email': 'y*j1lsdfi4@wvw.yi', 'date': '2013-06-24'}
[2024-06-17T06:48:52.534+0000] {file_jsons_to_postgres.py:118} INFO - Inserting entry: {'name': 'Nagavamsi', 'email': '05380!o.d1@nu.lg', 'date': '2024-06-13'}
[2024-06-17T06:48:52.535+0000] {file_jsons_to_postgres.py:118} INFO - Inserting entry: {'name': 'Vemuri', 'email': '4ygv@ujxosenc.vj', 'date': '2024-06-13'}
[2024-06-17T06:48:52.537+0000] {file_jsons_to_postgres.py:118} INFO - Inserting entry: {'name': 'Moru', 'email': '7ozln$fxk9@ywgwaeyx.fe', 'date': '2024-06-13'}
[2024-06-17T06:48:52.538+0000] {file_jsons_to_postgres.py:118} INFO - Inserting entry: {'name': 'Uday', 'email': 'ilqb&kl0@pyzwu.jb', 'date': '2024-06-13'}
[2024-06-17T06:48:52.539+0000] {file_jsons_to_postgres.py:118} INFO - Inserting entry: {'name': 'Mohammad', 'email': 'ditbf#ra@madjr.sm', 'date': '2024-06-13'}
[2024-06-17T06:48:52.540+0000] {file_jsons_to_postgres.py:118} INFO - Inserting entry: {'name': 'Shaik', 'email': '3@yn.hy', 'date': '2024-06-13'}
[2024-06-17T06:48:52.541+0000] {file_jsons_to_postgres.py:118} INFO - Inserting entry: {'name': 'Soukhya', 'email': 'ga0e@uzfj.mi', 'date': '2024-06-13'}
[2024-06-17T06:48:52.542+0000] {file_jsons_to_postgres.py:118} INFO - Inserting entry: {'name': 'Prasanna', 'email': 'm!3ze0@aqfww.uxu', 'date': '2024-06-13'}
[2024-06-17T06:48:52.544+0000] {file_jsons_to_postgres.py:118} INFO - Inserting entry: {'name': 'Ganji', 'email': '8$5av%1@cwad.ywc', 'date': '2024-06-13'}
[2024-06-17T06:48:52.545+0000] {file_jsons_to_postgres.py:118} INFO - Inserting entry: {'name': 'Chandra', 'email': 'iw#!yt1wo@xv.rf', 'date': '2024-06-13'}
[2024-06-17T06:48:52.547+0000] {file_jsons_to_postgres.py:118} INFO - Inserting entry: {'name': 'Pottabathini', 'email': '4qmem&1hx7@eyj.okp', 'date': '2024-06-13'}
[2024-06-17T06:48:52.548+0000] {file_jsons_to_postgres.py:118} INFO - Inserting entry: {'name': 'Anthati', 'email': 'pfx!k@hzwrzo.iaa', 'date': '2024-06-13'}
[2024-06-17T06:48:52.549+0000] {file_jsons_to_postgres.py:118} INFO - Inserting entry: {'name': 'Goud', 'email': 'mq7.o5vz^#@nt.rqf', 'date': '2024-06-13'}
[2024-06-17T06:48:52.550+0000] {file_jsons_to_postgres.py:118} INFO - Inserting entry: {'name': 'Shashank', 'email': 'ousks@nvxwrlk.si', 'date': '2024-06-13'}
[2024-06-17T06:48:52.551+0000] {file_jsons_to_postgres.py:118} INFO - Inserting entry: {'name': 'Zainuddin', 'email': 'gk0s987@aa.lnx', 'date': '2024-06-13'}
[2024-06-17T06:48:52.552+0000] {file_jsons_to_postgres.py:118} INFO - Inserting entry: {'name': 'Adepu', 'email': 'xo31hid@isuzeis.lns', 'date': '2024-06-13'}
[2024-06-17T06:48:52.553+0000] {file_jsons_to_postgres.py:118} INFO - Inserting entry: {'name': 'Kuppireddy', 'email': 'ah9pr@rajnzlvp.suc', 'date': '2024-06-13'}
[2024-06-17T06:48:52.554+0000] {file_jsons_to_postgres.py:118} INFO - Inserting entry: {'name': 'Saiteja', 'email': 'zt3@vkehzvlky.ty', 'date': '2024-06-13'}
[2024-06-17T06:48:52.555+0000] {file_jsons_to_postgres.py:118} INFO - Inserting entry: {'name': 'Goud', 'email': '4a5kpe1n@yfl.trh', 'date': '2024-06-13'}
[2024-06-17T06:48:52.556+0000] {file_jsons_to_postgres.py:118} INFO - Inserting entry: {'name': 'Pottabathini', 'email': 'zqm@scl.km', 'date': '2024-06-13'}
[2024-06-17T06:48:52.557+0000] {file_jsons_to_postgres.py:118} INFO - Inserting entry: {'name': 'Nadikatla', 'email': 'pjbd.t@my.df', 'date': '2024-06-13'}
[2024-06-17T06:48:52.558+0000] {file_jsons_to_postgres.py:118} INFO - Inserting entry: {'name': 'Anthati', 'email': '1bp1rx.@s.me', 'date': '2024-06-13'}
[2024-06-17T06:48:52.561+0000] {file_jsons_to_postgres.py:118} INFO - Inserting entry: {'name': 'Narandas', 'email': '7@z.gki', 'date': '2024-06-13'}
[2024-06-17T06:48:52.562+0000] {file_jsons_to_postgres.py:118} INFO - Inserting entry: {'name': 'Bharath', 'email': 'n%j7ro0@uf.fp', 'date': '2024-06-13'}
[2024-06-17T06:48:52.563+0000] {file_jsons_to_postgres.py:118} INFO - Inserting entry: {'name': 'Komati', 'email': '73*d@zy.phd', 'date': '2013-06-24'}
[2024-06-17T06:48:52.564+0000] {file_jsons_to_postgres.py:118} INFO - Inserting entry: {'name': 'Chandrakanth', 'email': '32w@elrrxocmi.eza', 'date': '2024-06-13'}
[2024-06-17T06:48:52.565+0000] {file_jsons_to_postgres.py:118} INFO - Inserting entry: {'name': 'Gopalakrishna', 'email': 'aajiu@lnev.ufk', 'date': '2024-01-13'}
[2024-06-17T06:48:52.566+0000] {file_jsons_to_postgres.py:118} INFO - Inserting entry: {'name': 'Ramya', 'email': 'd.8fq!63@zchoa.pz', 'date': '2024-01-13'}
[2024-06-17T06:48:52.567+0000] {file_jsons_to_postgres.py:118} INFO - Inserting entry: {'name': 'Arun', 'email': '7f3@cxoqlke.yk', 'date': '2024-06-13'}
[2024-06-17T06:48:52.569+0000] {file_jsons_to_postgres.py:118} INFO - Inserting entry: {'name': 'Pavan', 'email': '2k&y#&2j@drb.nzl', 'date': '2024-06-13'}
[2024-06-17T06:48:52.570+0000] {file_jsons_to_postgres.py:118} INFO - Inserting entry: {'name': 'Sree', 'email': 'rbp4xu5rto@j.kf', 'date': '2024-06-13'}
[2024-06-17T06:48:52.571+0000] {file_jsons_to_postgres.py:118} INFO - Inserting entry: {'name': 'Bhargavi', 'email': 'ry3*d@ylrl.gol', 'date': '2024-06-13'}
[2024-06-17T06:48:52.572+0000] {file_jsons_to_postgres.py:118} INFO - Inserting entry: {'name': 'Sanka', 'email': 'nl@bksbfrr.nc', 'date': '2024-06-13'}
[2024-06-17T06:48:52.573+0000] {file_jsons_to_postgres.py:118} INFO - Inserting entry: {'name': 'Kiran', 'email': 'l8n%7x4@mrd.hio', 'date': '2024-01-13'}
[2024-06-17T06:48:52.574+0000] {file_jsons_to_postgres.py:118} INFO - Inserting entry: {'name': 'Nagavamsi', 'email': 'k^w0s81i@vtdwjpi.tp', 'date': '2024-01-13'}
[2024-06-17T06:48:52.576+0000] {file_jsons_to_postgres.py:118} INFO - Inserting entry: {'name': 'Sadvika', 'email': 'g&yg8@uidd.rmd', 'date': '2024-01-13'}
[2024-06-17T06:48:52.577+0000] {file_jsons_to_postgres.py:118} INFO - Inserting entry: {'name': 'Addala', 'email': 'atqsgotlzm@nuwiifpnf.fb', 'date': '2024-06-13'}
[2024-06-17T06:48:52.578+0000] {file_jsons_to_postgres.py:118} INFO - Inserting entry: {'name': 'Pottabathini', 'email': '3qxh*@jalrtcsz.cm', 'date': '2024-06-13'}
[2024-06-17T06:48:52.579+0000] {file_jsons_to_postgres.py:118} INFO - Inserting entry: {'name': 'Samala', 'email': 'ra.f@vzfvgvgj.sxy', 'date': '2024-06-13'}
[2024-06-17T06:48:52.580+0000] {file_jsons_to_postgres.py:118} INFO - Inserting entry: {'name': 'Davis', 'email': 'ace.#a&eqq@dxqyze.xpb', 'date': '2024-06-13'}
[2024-06-17T06:48:52.581+0000] {file_jsons_to_postgres.py:118} INFO - Inserting entry: {'name': 'Komati', 'email': 'p7u#zrj2if@n.uto', 'date': '2024-06-13'}
[2024-06-17T06:48:52.582+0000] {file_jsons_to_postgres.py:118} INFO - Inserting entry: {'name': 'Prudhvi', 'email': 'v9f9qas@yg.lj', 'date': '2024-06-13'}
[2024-06-17T06:48:52.583+0000] {file_jsons_to_postgres.py:118} INFO - Inserting entry: {'name': 'Adepu', 'email': 'r*8v@udcsu.bp', 'date': '2024-06-13'}
[2024-06-17T06:48:52.585+0000] {file_jsons_to_postgres.py:118} INFO - Inserting entry: {'name': 'Kambhampati', 'email': 'c&k@zrahmwzr.gvg', 'date': '2024-06-13'}
[2024-06-17T06:48:52.586+0000] {file_jsons_to_postgres.py:118} INFO - Inserting entry: {'name': 'Gopalakrishna', 'email': '7m@ihwlcf.jj', 'date': '2013-06-24'}
[2024-06-17T06:48:52.588+0000] {file_jsons_to_postgres.py:118} INFO - Inserting entry: {'name': 'Raghu', 'email': 'd8xzd@bwrulrw.ghv', 'date': '2024-06-13'}
[2024-06-17T06:48:52.589+0000] {file_jsons_to_postgres.py:118} INFO - Inserting entry: {'name': 'Sekhar', 'email': 'ruh9m5#&c@aycfulbk.wxo', 'date': '2024-06-13'}
[2024-06-17T06:48:52.592+0000] {file_jsons_to_postgres.py:118} INFO - Inserting entry: {'name': 'Thej', 'email': 'kytemkeol@eyc.bu', 'date': '2024-06-13'}
[2024-06-17T06:48:52.593+0000] {file_jsons_to_postgres.py:118} INFO - Inserting entry: {'name': 'Naga', 'email': 'm@o.ads', 'date': '2024-06-13'}
[2024-06-17T06:48:52.595+0000] {file_jsons_to_postgres.py:118} INFO - Inserting entry: {'name': 'Ushasri', 'email': 'exdq01h@mo.tob', 'date': '2024-06-13'}
[2024-06-17T06:48:52.596+0000] {file_jsons_to_postgres.py:118} INFO - Inserting entry: {'name': 'Arun', 'email': '570gjb1hgx@kgeyx.jo', 'date': '2024-06-13'}
[2024-06-17T06:48:52.597+0000] {file_jsons_to_postgres.py:118} INFO - Inserting entry: {'name': 'Pottabathini', 'email': '79dz!q@bomxmlp.vsi', 'date': '2013-06-24'}
[2024-06-17T06:48:52.599+0000] {file_jsons_to_postgres.py:118} INFO - Inserting entry: {'name': 'Kuppireddy', 'email': 'n#f0%n^y&@tkdikebg.dip', 'date': '2024-06-13'}
[2024-06-17T06:48:52.600+0000] {file_jsons_to_postgres.py:118} INFO - Inserting entry: {'name': 'Ganji', 'email': 'rd#9s@rctobises.xx', 'date': '2024-06-13'}
[2024-06-17T06:48:52.601+0000] {file_jsons_to_postgres.py:118} INFO - Inserting entry: {'name': 'Narandas', 'email': 'hnv.n5k*og@gjyhhxohm.gqh', 'date': '2024-06-13'}
[2024-06-17T06:48:52.603+0000] {file_jsons_to_postgres.py:118} INFO - Inserting entry: {'name': 'Thej', 'email': 'wqqxvh7f1@juqec.sw', 'date': '2024-06-13'}
[2024-06-17T06:48:52.604+0000] {file_jsons_to_postgres.py:118} INFO - Inserting entry: {'name': 'Maneesha', 'email': '6@kevxzdvw.ir', 'date': '2024-06-13'}
[2024-06-17T06:48:52.605+0000] {file_jsons_to_postgres.py:118} INFO - Inserting entry: {'name': 'Pottabathini', 'email': 'b660h7nqib@ajzytpjkz.kwx', 'date': '2024-06-13'}
[2024-06-17T06:48:52.607+0000] {file_jsons_to_postgres.py:118} INFO - Inserting entry: {'name': 'Vemuri', 'email': 'y3ljf2@qefwgcgx.pzm', 'date': '2024-06-13'}
[2024-06-17T06:48:52.609+0000] {file_jsons_to_postgres.py:118} INFO - Inserting entry: {'name': 'Maneesha', 'email': 'a4zfppg*@aox.jej', 'date': '2024-06-13'}
[2024-06-17T06:48:52.610+0000] {file_jsons_to_postgres.py:118} INFO - Inserting entry: {'name': 'Naga', 'email': 'v*l7%$kuz@mcrfvey.gtq', 'date': '2024-06-13'}
[2024-06-17T06:48:52.612+0000] {file_jsons_to_postgres.py:118} INFO - Inserting entry: {'name': 'Nikhil', 'email': 'w0@fhgpxgtqu.sdo', 'date': '2024-06-13'}
[2024-06-17T06:48:52.613+0000] {file_jsons_to_postgres.py:118} INFO - Inserting entry: {'name': 'Kuruva', 'email': 'xdlj@nzxhe.dx', 'date': '2024-06-13'}
[2024-06-17T06:48:52.614+0000] {file_jsons_to_postgres.py:118} INFO - Inserting entry: {'name': 'Uday', 'email': 'u66.t8ou@ikbhoui.yj', 'date': '2024-06-13'}
[2024-06-17T06:48:52.616+0000] {file_jsons_to_postgres.py:118} INFO - Inserting entry: {'name': 'Podipireddi', 'email': 'sjej2!p@npizdxriy.bap', 'date': '2024-01-13'}
[2024-06-17T06:48:52.617+0000] {file_jsons_to_postgres.py:118} INFO - Inserting entry: {'name': 'Gopalakrishna', 'email': 'n@kqfbznc.rcl', 'date': '2024-01-13'}
[2024-06-17T06:48:52.618+0000] {file_jsons_to_postgres.py:118} INFO - Inserting entry: {'name': 'Addala', 'email': 'y@sutozx.nm', 'date': '2024-06-13'}
[2024-06-17T06:48:52.620+0000] {file_jsons_to_postgres.py:118} INFO - Inserting entry: {'name': 'Raghu', 'email': 'l9k5oll5!@xvtl.ytx', 'date': '2024-06-13'}
[2024-06-17T06:48:52.621+0000] {file_jsons_to_postgres.py:118} INFO - Inserting entry: {'name': 'Nikhil', 'email': 'j@uq.mo', 'date': '2024-06-13'}
[2024-06-17T06:48:52.622+0000] {file_jsons_to_postgres.py:118} INFO - Inserting entry: {'name': 'Anyam', 'email': 'h9jk@d.lvi', 'date': '2024-06-13'}
[2024-06-17T06:48:52.623+0000] {file_jsons_to_postgres.py:118} INFO - Inserting entry: {'name': 'Masthan', 'email': 'g0@er.ovp', 'date': '2024-06-13'}
[2024-06-17T06:48:52.625+0000] {file_jsons_to_postgres.py:118} INFO - Inserting entry: {'name': 'McLaine', 'email': '636@nikft.zvb', 'date': '2024-01-13'}
[2024-06-17T06:48:52.627+0000] {file_jsons_to_postgres.py:118} INFO - Inserting entry: {'name': 'Sivani', 'email': 'tga@ev.jpm', 'date': '2024-06-13'}
[2024-06-17T06:48:52.628+0000] {file_jsons_to_postgres.py:118} INFO - Inserting entry: {'name': 'Sree', 'email': 'oka&gb%s@z.ge', 'date': '2024-01-13'}
[2024-06-17T06:48:52.630+0000] {file_jsons_to_postgres.py:118} INFO - Inserting entry: {'name': 'Chirneni', 'email': 'c@mj.os', 'date': '2024-01-13'}
[2024-06-17T06:48:52.631+0000] {file_jsons_to_postgres.py:118} INFO - Inserting entry: {'name': 'Praneeth', 'email': 'a%*@fdvqggh.on', 'date': '2024-06-13'}
[2024-06-17T06:48:52.632+0000] {file_jsons_to_postgres.py:118} INFO - Inserting entry: {'name': 'Samala', 'email': 'dpd%08yi@olssjp.vyz', 'date': '2024-06-13'}
[2024-06-17T06:48:52.634+0000] {file_jsons_to_postgres.py:118} INFO - Inserting entry: {'name': 'Koti', 'email': 'swk*mcl&!@etsrxnhrq.piw', 'date': '2024-06-13'}
[2024-06-17T06:48:52.635+0000] {file_jsons_to_postgres.py:118} INFO - Inserting entry: {'name': 'Chirneni', 'email': 'hsh5xvw@dfqptcxn.pb', 'date': '2024-06-13'}
[2024-06-17T06:48:52.636+0000] {file_jsons_to_postgres.py:118} INFO - Inserting entry: {'name': 'Kuruva', 'email': 'k@mg.ve', 'date': '2024-06-13'}
[2024-06-17T06:48:52.638+0000] {file_jsons_to_postgres.py:118} INFO - Inserting entry: {'name': 'Brahmadevara', 'email': 'fg6f#9@cws.oz', 'date': '2024-01-13'}
[2024-06-17T06:48:52.639+0000] {file_jsons_to_postgres.py:118} INFO - Inserting entry: {'name': 'Vadlamudi', 'email': 'nl.oxhzn@csmz.cg', 'date': '2013-06-24'}
[2024-06-17T06:48:52.640+0000] {file_jsons_to_postgres.py:118} INFO - Inserting entry: {'name': 'Anwesh', 'email': '5uk@qi.ond', 'date': '2024-06-13'}
[2024-06-17T06:48:52.641+0000] {file_jsons_to_postgres.py:118} INFO - Inserting entry: {'name': 'Komati', 'email': 'ixam@vqw.bsf', 'date': '2024-06-13'}
[2024-06-17T06:48:52.643+0000] {file_jsons_to_postgres.py:118} INFO - Inserting entry: {'name': 'Shaik', 'email': '9!fp%wg@ly.okr', 'date': '2024-06-13'}
[2024-06-17T06:48:52.645+0000] {file_jsons_to_postgres.py:118} INFO - Inserting entry: {'name': 'Keerthana', 'email': 'th@hpyehou.xv', 'date': '2024-06-13'}
[2024-06-17T06:48:52.646+0000] {file_jsons_to_postgres.py:118} INFO - Inserting entry: {'name': 'Ushasri', 'email': 'rgqd.u93fl@xvcrrex.tdu', 'date': '2024-06-13'}
[2024-06-17T06:48:52.647+0000] {file_jsons_to_postgres.py:118} INFO - Inserting entry: {'name': 'Nikhil', 'email': 'zau@systwn.sp', 'date': '2024-06-13'}
[2024-06-17T06:48:52.648+0000] {file_jsons_to_postgres.py:118} INFO - Inserting entry: {'name': 'Brahmadevara', 'email': 'sycnmzb9@gxupggxhw.gg', 'date': '2013-06-24'}
[2024-06-17T06:48:52.649+0000] {file_jsons_to_postgres.py:118} INFO - Inserting entry: {'name': 'Krishna', 'email': 'kmp1.%@fubdrrokn.ib', 'date': '2013-06-24'}
[2024-06-17T06:48:52.651+0000] {file_jsons_to_postgres.py:118} INFO - Inserting entry: {'name': 'Saiteja', 'email': '0j*q723j%@kg.qu', 'date': '2024-06-13'}
[2024-06-17T06:48:52.652+0000] {file_jsons_to_postgres.py:118} INFO - Inserting entry: {'name': 'Narandas', 'email': 'z3@pzn.ht', 'date': '2024-06-13'}
[2024-06-17T06:48:52.653+0000] {file_jsons_to_postgres.py:118} INFO - Inserting entry: {'name': 'Ramya', 'email': 'rzsu8b@lneilk.efu', 'date': '2024-06-13'}
[2024-06-17T06:48:52.654+0000] {file_jsons_to_postgres.py:118} INFO - Inserting entry: {'name': 'Spandana', 'email': 'ny25pkmi@kuhfkiee.ql', 'date': '2024-01-13'}
[2024-06-17T06:48:52.655+0000] {file_jsons_to_postgres.py:118} INFO - Inserting entry: {'name': 'Pavan', 'email': 'pwynq!y2@wjogpe.ku', 'date': '2024-06-13'}
[2024-06-17T06:48:52.657+0000] {file_jsons_to_postgres.py:118} INFO - Inserting entry: {'name': 'Ramya', 'email': 'lzq^46@rpjpoedo.vj', 'date': '2024-06-13'}
[2024-06-17T06:48:52.658+0000] {file_jsons_to_postgres.py:118} INFO - Inserting entry: {'name': 'Shashank', 'email': 'ziu.wz@e.ywq', 'date': '2024-06-13'}
[2024-06-17T06:48:52.660+0000] {file_jsons_to_postgres.py:118} INFO - Inserting entry: {'name': 'Nikhitha', 'email': '2!i@vtatqbs.gxq', 'date': '2024-06-13'}
[2024-06-17T06:48:52.662+0000] {file_jsons_to_postgres.py:118} INFO - Inserting entry: {'name': 'Chary', 'email': 'he@hk.xtq', 'date': '2024-01-13'}
[2024-06-17T06:48:52.663+0000] {file_jsons_to_postgres.py:118} INFO - Inserting entry: {'name': 'Kaithapu', 'email': 'u4uypr0pps@vxd.ulc', 'date': '2013-06-24'}
[2024-06-17T06:48:52.664+0000] {file_jsons_to_postgres.py:118} INFO - Inserting entry: {'name': 'Bhargavi', 'email': '506m9z$s8u@vvfr.rjl', 'date': '2024-06-13'}
[2024-06-17T06:48:52.665+0000] {file_jsons_to_postgres.py:118} INFO - Inserting entry: {'name': 'Jyothi', 'email': '6yv8j&$@ew.xhp', 'date': '2024-01-13'}
[2024-06-17T06:48:52.666+0000] {file_jsons_to_postgres.py:118} INFO - Inserting entry: {'name': 'Pinninti', 'email': 'g7z4!x@zfxqycaxh.dm', 'date': '2024-06-13'}
[2024-06-17T06:48:52.667+0000] {file_jsons_to_postgres.py:118} INFO - Inserting entry: {'name': 'Nagavamsi', 'email': 'hxh5jvj0r@u.kko', 'date': '2024-06-13'}
[2024-06-17T06:48:52.668+0000] {file_jsons_to_postgres.py:118} INFO - Inserting entry: {'name': 'Goud', 'email': '1se!3x0a!2@fcbetzuw.wsh', 'date': '2024-06-13'}
[2024-06-17T06:48:52.669+0000] {file_jsons_to_postgres.py:118} INFO - Inserting entry: {'name': 'Praneeth', 'email': 'jaq@vq.lfl', 'date': '2024-06-13'}
[2024-06-17T06:48:52.670+0000] {file_jsons_to_postgres.py:118} INFO - Inserting entry: {'name': 'Mohammad', 'email': 'w@hfrz.vde', 'date': '2024-06-13'}
[2024-06-17T06:48:52.671+0000] {file_jsons_to_postgres.py:118} INFO - Inserting entry: {'name': 'Kambhampati', 'email': 'd#^u6gm0l@ucan.cwe', 'date': '2024-06-13'}
[2024-06-17T06:48:52.672+0000] {file_jsons_to_postgres.py:118} INFO - Inserting entry: {'name': 'Kambhampati', 'email': 'e@oiqkreei.cp', 'date': '2024-06-13'}
[2024-06-17T06:48:52.674+0000] {file_jsons_to_postgres.py:118} INFO - Inserting entry: {'name': 'Karnati', 'email': '17sg@vm.dq', 'date': '2024-06-13'}
[2024-06-17T06:48:52.675+0000] {file_jsons_to_postgres.py:118} INFO - Inserting entry: {'name': 'Srikanth', 'email': '1*$yc9x0a@pewlcmv.dba', 'date': '2024-06-13'}
[2024-06-17T06:48:52.676+0000] {file_jsons_to_postgres.py:118} INFO - Inserting entry: {'name': 'Addala', 'email': 'o^@rtgqvifvv.frl', 'date': '2013-06-24'}
[2024-06-17T06:48:52.678+0000] {file_jsons_to_postgres.py:118} INFO - Inserting entry: {'name': 'Dathrika', 'email': 'snq0@vzuylor.wg', 'date': '2024-06-13'}
[2024-06-17T06:48:52.679+0000] {file_jsons_to_postgres.py:118} INFO - Inserting entry: {'name': 'Lakshmi', 'email': '8l6t7z%15%@jrzrgf.yb', 'date': '2024-06-13'}
[2024-06-17T06:48:52.680+0000] {file_jsons_to_postgres.py:118} INFO - Inserting entry: {'name': 'Jyothi', 'email': 'a5@kaab.to', 'date': '2024-01-13'}
[2024-06-17T06:48:52.681+0000] {file_jsons_to_postgres.py:118} INFO - Inserting entry: {'name': 'Kunche', 'email': 'sb!v4@ew.owb', 'date': '2024-01-13'}
[2024-06-17T06:48:52.682+0000] {file_jsons_to_postgres.py:118} INFO - Inserting entry: {'name': 'Masthan', 'email': '64srjrv@iwnxirgz.xy', 'date': '2024-06-13'}
[2024-06-17T06:48:52.683+0000] {file_jsons_to_postgres.py:118} INFO - Inserting entry: {'name': 'Vasamsetti', 'email': 'u6.9le@iqrru.yt', 'date': '2024-06-13'}
[2024-06-17T06:48:52.684+0000] {file_jsons_to_postgres.py:118} INFO - Inserting entry: {'name': 'Praneeth', 'email': 'pp7!q@uxmzfr.vi', 'date': '2024-06-13'}
[2024-06-17T06:48:52.686+0000] {file_jsons_to_postgres.py:118} INFO - Inserting entry: {'name': 'Chary', 'email': 'kmdpp54@tcgmq.ge', 'date': '2024-06-13'}
[2024-06-17T06:48:52.687+0000] {file_jsons_to_postgres.py:118} INFO - Inserting entry: {'name': 'Aishwarya', 'email': '3pnu7%@x.qaw', 'date': '2024-06-13'}
[2024-06-17T06:48:52.687+0000] {file_jsons_to_postgres.py:118} INFO - Inserting entry: {'name': 'Soukhya', 'email': 'pnn@f.ye', 'date': '2024-01-13'}
[2024-06-17T06:48:52.688+0000] {file_jsons_to_postgres.py:118} INFO - Inserting entry: {'name': 'Naga', 'email': 'b56pv@ztlbnie.ju', 'date': '2024-06-13'}
[2024-06-17T06:48:52.689+0000] {file_jsons_to_postgres.py:118} INFO - Inserting entry: {'name': 'McLaine', 'email': 'd@vaphajcqc.it', 'date': '2013-06-24'}
[2024-06-17T06:48:52.690+0000] {file_jsons_to_postgres.py:118} INFO - Inserting entry: {'name': 'Reddy', 'email': 't!@zdgoix.pw', 'date': '2024-06-13'}
[2024-06-17T06:48:52.692+0000] {file_jsons_to_postgres.py:118} INFO - Inserting entry: {'name': 'Maneesha', 'email': '0%b^t4^#yj@ohv.jqa', 'date': '2024-06-13'}
[2024-06-17T06:48:52.694+0000] {file_jsons_to_postgres.py:118} INFO - Inserting entry: {'name': 'Adepu', 'email': 'p^j5w00vx.@dvs.wes', 'date': '2024-06-13'}
[2024-06-17T06:48:52.695+0000] {file_jsons_to_postgres.py:118} INFO - Inserting entry: {'name': 'Ramya', 'email': '0&og4@mgoyu.nd', 'date': '2024-06-13'}
[2024-06-17T06:48:52.696+0000] {file_jsons_to_postgres.py:118} INFO - Inserting entry: {'name': 'Sanka', 'email': 'zyd0dpu*g#@psqzyfa.wv', 'date': '2024-06-13'}
[2024-06-17T06:48:52.697+0000] {file_jsons_to_postgres.py:118} INFO - Inserting entry: {'name': 'Namburi', 'email': 'dy@pxzwsbgp.hy', 'date': '2013-06-24'}
[2024-06-17T06:48:52.698+0000] {file_jsons_to_postgres.py:118} INFO - Inserting entry: {'name': 'Sekhar', 'email': '3*^w@gwegl.vtr', 'date': '2013-06-24'}
[2024-06-17T06:48:52.699+0000] {file_jsons_to_postgres.py:118} INFO - Inserting entry: {'name': 'Vishnu', 'email': 'bgyl2#gknk@hqdnsc.ijs', 'date': '2024-06-13'}
[2024-06-17T06:48:52.700+0000] {file_jsons_to_postgres.py:118} INFO - Inserting entry: {'name': 'Sundar', 'email': 'gl@tzlfbeb.bwq', 'date': '2024-06-13'}
[2024-06-17T06:48:52.701+0000] {file_jsons_to_postgres.py:118} INFO - Inserting entry: {'name': 'Pavan', 'email': 'p13vcq7b1@ritvrnm.un', 'date': '2024-06-13'}
[2024-06-17T06:48:52.702+0000] {file_jsons_to_postgres.py:118} INFO - Inserting entry: {'name': 'Praneeth', 'email': 'dvd@p.cy', 'date': '2024-06-13'}
[2024-06-17T06:48:52.703+0000] {file_jsons_to_postgres.py:118} INFO - Inserting entry: {'name': 'Krishna', 'email': '2ku2#w^@t.nap', 'date': '2013-06-24'}
[2024-06-17T06:48:52.704+0000] {file_jsons_to_postgres.py:118} INFO - Inserting entry: {'name': 'Vishnu', 'email': '5g4%7zx@tdezuglaq.qct', 'date': '2024-06-13'}
[2024-06-17T06:48:52.705+0000] {file_jsons_to_postgres.py:118} INFO - Inserting entry: {'name': 'Karnati', 'email': 'ic%k2m$@b.xot', 'date': '2024-06-13'}
[2024-06-17T06:48:52.707+0000] {file_jsons_to_postgres.py:118} INFO - Inserting entry: {'name': 'Kadagalla', 'email': 'us6p2@omzqzgzq.xr', 'date': '2024-01-13'}
[2024-06-17T06:48:52.708+0000] {file_jsons_to_postgres.py:118} INFO - Inserting entry: {'name': 'Srikanth', 'email': '8t0%@chwwxdopm.yjr', 'date': '2013-06-24'}
[2024-06-17T06:48:52.709+0000] {file_jsons_to_postgres.py:118} INFO - Inserting entry: {'name': 'Suma', 'email': 'x2nl!gquvb@ubmr.rtf', 'date': '2024-06-13'}
[2024-06-17T06:48:52.711+0000] {file_jsons_to_postgres.py:118} INFO - Inserting entry: {'name': 'Chirneni', 'email': '5a9&rb#@o.vst', 'date': '2024-06-13'}
[2024-06-17T06:48:52.712+0000] {file_jsons_to_postgres.py:118} INFO - Inserting entry: {'name': 'Chandrakanth', 'email': '000*s@pjw.gp', 'date': '2024-06-13'}
[2024-06-17T06:48:52.713+0000] {file_jsons_to_postgres.py:118} INFO - Inserting entry: {'name': 'Sivani', 'email': 'pmjd$yw4e9@lgkrormz.hww', 'date': '2024-01-13'}
[2024-06-17T06:48:52.714+0000] {file_jsons_to_postgres.py:118} INFO - Inserting entry: {'name': 'Karnati', 'email': 'wtror84uh@n.dak', 'date': '2024-06-13'}
[2024-06-17T06:48:52.715+0000] {file_jsons_to_postgres.py:118} INFO - Inserting entry: {'name': 'Koti', 'email': 'mu@hekfylz.wk', 'date': '2024-06-13'}
[2024-06-17T06:48:52.716+0000] {file_jsons_to_postgres.py:118} INFO - Inserting entry: {'name': 'Vadlamudi', 'email': 'n7$3p5o$6w@tyztxdmvt.ik', 'date': '2024-06-13'}
[2024-06-17T06:48:52.717+0000] {file_jsons_to_postgres.py:118} INFO - Inserting entry: {'name': 'Bharath', 'email': '3gs@ojzqa.kaf', 'date': '2024-06-13'}
[2024-06-17T06:48:52.718+0000] {file_jsons_to_postgres.py:118} INFO - Inserting entry: {'name': 'Raghu', 'email': 'omj0@vledemaeo.vj', 'date': '2024-06-13'}
[2024-06-17T06:48:52.719+0000] {file_jsons_to_postgres.py:118} INFO - Inserting entry: {'name': 'Anyam', 'email': 'h3jn@ejjyeayx.dwp', 'date': '2024-06-13'}
[2024-06-17T06:48:52.720+0000] {file_jsons_to_postgres.py:118} INFO - Inserting entry: {'name': 'Dathrika', 'email': '627%uak^rl@nz.qz', 'date': '2024-06-13'}
[2024-06-17T06:48:52.721+0000] {file_jsons_to_postgres.py:118} INFO - Inserting entry: {'name': 'Bahoju', 'email': '22io48!1%@knapgqrq.hd', 'date': '2024-06-13'}
[2024-06-17T06:48:52.722+0000] {file_jsons_to_postgres.py:118} INFO - Inserting entry: {'name': 'Anwesh', 'email': 'hgy2%@qppsrb.vg', 'date': '2024-06-13'}
[2024-06-17T06:48:52.723+0000] {file_jsons_to_postgres.py:118} INFO - Inserting entry: {'name': 'Narandas', 'email': '4$wo97@gw.yh', 'date': '2024-06-13'}
[2024-06-17T06:48:52.725+0000] {file_jsons_to_postgres.py:118} INFO - Inserting entry: {'name': 'Praneeth', 'email': '1z%2p@wxnux.cf', 'date': '2024-06-13'}
[2024-06-17T06:48:52.727+0000] {file_jsons_to_postgres.py:118} INFO - Inserting entry: {'name': 'Spandana', 'email': 't*.@qg.pey', 'date': '2024-06-13'}
[2024-06-17T06:48:52.729+0000] {file_jsons_to_postgres.py:118} INFO - Inserting entry: {'name': 'Pottabathini', 'email': '8cdz&m@vvojyh.dlp', 'date': '2024-06-13'}
[2024-06-17T06:48:52.730+0000] {file_jsons_to_postgres.py:118} INFO - Inserting entry: {'name': 'Anwesh', 'email': 'fw0jrmo7@upft.kh', 'date': '2024-06-13'}
[2024-06-17T06:48:52.731+0000] {file_jsons_to_postgres.py:118} INFO - Inserting entry: {'name': 'Chary', 'email': 'x5.@ltjpapjcw.rhp', 'date': '2024-06-13'}
[2024-06-17T06:48:52.732+0000] {file_jsons_to_postgres.py:118} INFO - Inserting entry: {'name': 'Vemuri', 'email': '34*2851o@pila.kj', 'date': '2024-06-13'}
[2024-06-17T06:48:52.733+0000] {file_jsons_to_postgres.py:124} INFO - Data insertion completed successfully.
[2024-06-17T06:48:52.734+0000] {python.py:237} INFO - Done. Returned value was: None
[2024-06-17T06:48:52.734+0000] {taskinstance.py:441} INFO - ::group::Post task execution logs
[2024-06-17T06:48:52.744+0000] {taskinstance.py:1206} INFO - Marking task as SUCCESS. dag_id=file_jsons_to_postgres, task_id=insert_json, run_id=manual__2024-06-17T06:48:45.969341+00:00, execution_date=20240617T064845, start_date=20240617T064852, end_date=20240617T064852
[2024-06-17T06:48:52.773+0000] {local_task_job_runner.py:240} INFO - Task exited with return code 0
[2024-06-17T06:48:52.793+0000] {taskinstance.py:3498} INFO - 0 downstream tasks scheduled from follow-on schedule check
[2024-06-17T06:48:52.796+0000] {local_task_job_runner.py:222} INFO - ::endgroup::
