[2024-06-19T10:58:51.781+0000] {local_task_job_runner.py:120} INFO - ::group::Pre task execution logs
[2024-06-19T10:58:51.822+0000] {taskinstance.py:2076} INFO - Dependencies all met for dep_context=non-requeueable deps ti=<TaskInstance: demo_dag_for_alerting_final.insert_new_record_into_audit_table manual__2024-06-19T10:58:44.716533+00:00 [queued]>
[2024-06-19T10:58:51.839+0000] {taskinstance.py:2076} INFO - Dependencies all met for dep_context=requeueable deps ti=<TaskInstance: demo_dag_for_alerting_final.insert_new_record_into_audit_table manual__2024-06-19T10:58:44.716533+00:00 [queued]>
[2024-06-19T10:58:51.839+0000] {taskinstance.py:2306} INFO - Starting attempt 1 of 6
[2024-06-19T10:58:51.869+0000] {taskinstance.py:2330} INFO - Executing <Task(PythonOperator): insert_new_record_into_audit_table> on 2024-06-19 10:58:44.716533+00:00
[2024-06-19T10:58:51.875+0000] {warnings.py:110} WARNING - /home/***/.local/lib/python3.12/site-packages/***/task/task_runner/standard_task_runner.py:61: DeprecationWarning: This process (pid=4810) is multi-threaded, use of fork() may lead to deadlocks in the child.
  pid = os.fork()

[2024-06-19T10:58:51.876+0000] {standard_task_runner.py:63} INFO - Started process 4811 to run task
[2024-06-19T10:58:51.877+0000] {standard_task_runner.py:90} INFO - Running: ['***', 'tasks', 'run', 'demo_dag_for_alerting_final', 'insert_new_record_into_audit_table', 'manual__2024-06-19T10:58:44.716533+00:00', '--job-id', '1458', '--raw', '--subdir', 'DAGS_FOLDER/demo_dag_for_alerting.py', '--cfg-path', '/tmp/tmp0rx2yy45']
[2024-06-19T10:58:51.878+0000] {standard_task_runner.py:91} INFO - Job 1458: Subtask insert_new_record_into_audit_table
[2024-06-19T10:58:51.934+0000] {task_command.py:426} INFO - Running <TaskInstance: demo_dag_for_alerting_final.insert_new_record_into_audit_table manual__2024-06-19T10:58:44.716533+00:00 [running]> on host 9e4d135130fa
[2024-06-19T10:58:52.066+0000] {taskinstance.py:2648} INFO - Exporting env vars: AIRFLOW_CTX_DAG_OWNER='***' AIRFLOW_CTX_DAG_ID='demo_dag_for_alerting_final' AIRFLOW_CTX_TASK_ID='insert_new_record_into_audit_table' AIRFLOW_CTX_EXECUTION_DATE='2024-06-19T10:58:44.716533+00:00' AIRFLOW_CTX_TRY_NUMBER='1' AIRFLOW_CTX_DAG_RUN_ID='manual__2024-06-19T10:58:44.716533+00:00'
[2024-06-19T10:58:52.068+0000] {taskinstance.py:430} INFO - ::endgroup::
[2024-06-19T10:58:52.093+0000] {logging_mixin.py:188} INFO - insert_into_audit_table_for_adhoc_data
[2024-06-19T10:58:52.094+0000] {python.py:237} INFO - Done. Returned value was: None
[2024-06-19T10:58:52.094+0000] {taskinstance.py:441} INFO - ::group::Post task execution logs
[2024-06-19T10:58:52.106+0000] {taskinstance.py:1206} INFO - Marking task as SUCCESS. dag_id=demo_dag_for_alerting_final, task_id=insert_new_record_into_audit_table, run_id=manual__2024-06-19T10:58:44.716533+00:00, execution_date=20240619T105844, start_date=20240619T105851, end_date=20240619T105852
[2024-06-19T10:58:52.130+0000] {local_task_job_runner.py:240} INFO - Task exited with return code 0
[2024-06-19T10:58:52.152+0000] {taskinstance.py:3498} INFO - 0 downstream tasks scheduled from follow-on schedule check
[2024-06-19T10:58:52.154+0000] {local_task_job_runner.py:222} INFO - ::endgroup::
