[2024-06-20T19:14:01.937+0000] {local_task_job_runner.py:120} INFO - ::group::Pre task execution logs
[2024-06-20T19:14:01.966+0000] {taskinstance.py:2076} INFO - Dependencies all met for dep_context=non-requeueable deps ti=<TaskInstance: demo_dag_for_alerting_final_1.check_previous_run_status scheduled__2024-06-20T19:13:00+00:00 [queued]>
[2024-06-20T19:14:01.977+0000] {taskinstance.py:2076} INFO - Dependencies all met for dep_context=requeueable deps ti=<TaskInstance: demo_dag_for_alerting_final_1.check_previous_run_status scheduled__2024-06-20T19:13:00+00:00 [queued]>
[2024-06-20T19:14:01.977+0000] {taskinstance.py:2306} INFO - Starting attempt 1 of 6
[2024-06-20T19:14:01.999+0000] {taskinstance.py:2330} INFO - Executing <Task(BranchPythonOperator): check_previous_run_status> on 2024-06-20 19:13:00+00:00
[2024-06-20T19:14:02.005+0000] {warnings.py:110} WARNING - /home/***/.local/lib/python3.12/site-packages/***/task/task_runner/standard_task_runner.py:61: DeprecationWarning: This process (pid=2599) is multi-threaded, use of fork() may lead to deadlocks in the child.
  pid = os.fork()

[2024-06-20T19:14:02.006+0000] {standard_task_runner.py:63} INFO - Started process 2600 to run task
[2024-06-20T19:14:02.007+0000] {standard_task_runner.py:90} INFO - Running: ['***', 'tasks', 'run', 'demo_dag_for_alerting_final_1', 'check_previous_run_status', 'scheduled__2024-06-20T19:13:00+00:00', '--job-id', '2769', '--raw', '--subdir', 'DAGS_FOLDER/demo_dag_for_alerting.py', '--cfg-path', '/tmp/tmpym7spcat']
[2024-06-20T19:14:02.008+0000] {standard_task_runner.py:91} INFO - Job 2769: Subtask check_previous_run_status
[2024-06-20T19:14:02.059+0000] {task_command.py:426} INFO - Running <TaskInstance: demo_dag_for_alerting_final_1.check_previous_run_status scheduled__2024-06-20T19:13:00+00:00 [running]> on host e66744caf823
[2024-06-20T19:14:02.176+0000] {taskinstance.py:2648} INFO - Exporting env vars: AIRFLOW_CTX_DAG_OWNER='***' AIRFLOW_CTX_DAG_ID='demo_dag_for_alerting_final_1' AIRFLOW_CTX_TASK_ID='check_previous_run_status' AIRFLOW_CTX_EXECUTION_DATE='2024-06-20T19:13:00+00:00' AIRFLOW_CTX_TRY_NUMBER='1' AIRFLOW_CTX_DAG_RUN_ID='scheduled__2024-06-20T19:13:00+00:00'
[2024-06-20T19:14:02.177+0000] {taskinstance.py:430} INFO - ::endgroup::
[2024-06-20T19:14:02.194+0000] {baseoperator.py:399} WARNING - BranchPythonOperator.execute cannot be called outside TaskInstance!
[2024-06-20T19:14:02.199+0000] {python.py:237} INFO - Done. Returned value was: skip_run
[2024-06-20T19:14:02.199+0000] {branch.py:36} INFO - Branch into skip_run
[2024-06-20T19:14:02.200+0000] {skipmixin.py:178} INFO - Following branch skip_run
[2024-06-20T19:14:02.215+0000] {skipmixin.py:246} INFO - Skipping tasks [('start_run', -1)]
[2024-06-20T19:14:02.241+0000] {taskinstance.py:441} INFO - ::group::Post task execution logs
[2024-06-20T19:14:02.259+0000] {taskinstance.py:1206} INFO - Marking task as SUCCESS. dag_id=demo_dag_for_alerting_final_1, task_id=check_previous_run_status, run_id=scheduled__2024-06-20T19:13:00+00:00, execution_date=20240620T191300, start_date=20240620T191401, end_date=20240620T191402
[2024-06-20T19:14:02.300+0000] {local_task_job_runner.py:240} INFO - Task exited with return code 0
[2024-06-20T19:14:02.341+0000] {taskinstance.py:3498} INFO - 1 downstream tasks scheduled from follow-on schedule check
[2024-06-20T19:14:02.345+0000] {local_task_job_runner.py:222} INFO - ::endgroup::
