[2024-06-24T09:17:01.791+0000] {local_task_job_runner.py:120} INFO - ::group::Pre task execution logs
[2024-06-24T09:17:01.814+0000] {taskinstance.py:2076} INFO - Dependencies all met for dep_context=non-requeueable deps ti=<TaskInstance: demo_dag_for_alerting_final_1.check_previous_run_status scheduled__2024-06-24T09:16:00+00:00 [queued]>
[2024-06-24T09:17:01.822+0000] {taskinstance.py:2076} INFO - Dependencies all met for dep_context=requeueable deps ti=<TaskInstance: demo_dag_for_alerting_final_1.check_previous_run_status scheduled__2024-06-24T09:16:00+00:00 [queued]>
[2024-06-24T09:17:01.823+0000] {taskinstance.py:2306} INFO - Starting attempt 1 of 6
[2024-06-24T09:17:01.836+0000] {taskinstance.py:2330} INFO - Executing <Task(BranchPythonOperator): check_previous_run_status> on 2024-06-24 09:16:00+00:00
[2024-06-24T09:17:01.841+0000] {warnings.py:110} WARNING - /home/***/.local/lib/python3.12/site-packages/***/task/task_runner/standard_task_runner.py:61: DeprecationWarning: This process (pid=1550) is multi-threaded, use of fork() may lead to deadlocks in the child.
  pid = os.fork()

[2024-06-24T09:17:01.842+0000] {standard_task_runner.py:63} INFO - Started process 1551 to run task
[2024-06-24T09:17:01.842+0000] {standard_task_runner.py:90} INFO - Running: ['***', 'tasks', 'run', 'demo_dag_for_alerting_final_1', 'check_previous_run_status', 'scheduled__2024-06-24T09:16:00+00:00', '--job-id', '3426', '--raw', '--subdir', 'DAGS_FOLDER/demo_dag_for_alerting.py', '--cfg-path', '/tmp/tmpglx2f97v']
[2024-06-24T09:17:01.843+0000] {standard_task_runner.py:91} INFO - Job 3426: Subtask check_previous_run_status
[2024-06-24T09:17:01.883+0000] {task_command.py:426} INFO - Running <TaskInstance: demo_dag_for_alerting_final_1.check_previous_run_status scheduled__2024-06-24T09:16:00+00:00 [running]> on host bf895605831d
[2024-06-24T09:17:01.989+0000] {taskinstance.py:2648} INFO - Exporting env vars: AIRFLOW_CTX_DAG_OWNER='***' AIRFLOW_CTX_DAG_ID='demo_dag_for_alerting_final_1' AIRFLOW_CTX_TASK_ID='check_previous_run_status' AIRFLOW_CTX_EXECUTION_DATE='2024-06-24T09:16:00+00:00' AIRFLOW_CTX_TRY_NUMBER='1' AIRFLOW_CTX_DAG_RUN_ID='scheduled__2024-06-24T09:16:00+00:00'
[2024-06-24T09:17:01.990+0000] {taskinstance.py:430} INFO - ::endgroup::
[2024-06-24T09:17:02.002+0000] {baseoperator.py:399} WARNING - BranchPythonOperator.execute cannot be called outside TaskInstance!
[2024-06-24T09:17:02.006+0000] {helper_functions.py:88} ERROR - Error interacting with the database: name 'skip_update_query' is not defined
[2024-06-24T09:17:02.007+0000] {python.py:237} INFO - Done. Returned value was: skip_run
[2024-06-24T09:17:02.007+0000] {branch.py:36} INFO - Branch into skip_run
[2024-06-24T09:17:02.007+0000] {skipmixin.py:178} INFO - Following branch skip_run
[2024-06-24T09:17:02.023+0000] {skipmixin.py:246} INFO - Skipping tasks [('start_run', -1)]
[2024-06-24T09:17:02.047+0000] {taskinstance.py:441} INFO - ::group::Post task execution logs
[2024-06-24T09:17:02.066+0000] {taskinstance.py:1206} INFO - Marking task as SUCCESS. dag_id=demo_dag_for_alerting_final_1, task_id=check_previous_run_status, run_id=scheduled__2024-06-24T09:16:00+00:00, execution_date=20240624T091600, start_date=20240624T091701, end_date=20240624T091702
[2024-06-24T09:17:02.095+0000] {local_task_job_runner.py:240} INFO - Task exited with return code 0
[2024-06-24T09:17:02.131+0000] {taskinstance.py:3498} INFO - 1 downstream tasks scheduled from follow-on schedule check
[2024-06-24T09:17:02.135+0000] {local_task_job_runner.py:222} INFO - ::endgroup::
