[2024-06-25T13:09:03.900+0000] {local_task_job_runner.py:120} INFO - ::group::Pre task execution logs
[2024-06-25T13:09:03.934+0000] {taskinstance.py:2076} INFO - Dependencies all met for dep_context=non-requeueable deps ti=<TaskInstance: demo_dag_for_alerting_apis_final.check_previous_run_status scheduled__2024-06-25T13:08:00+00:00 [queued]>
[2024-06-25T13:09:03.944+0000] {taskinstance.py:2076} INFO - Dependencies all met for dep_context=requeueable deps ti=<TaskInstance: demo_dag_for_alerting_apis_final.check_previous_run_status scheduled__2024-06-25T13:08:00+00:00 [queued]>
[2024-06-25T13:09:03.945+0000] {taskinstance.py:2306} INFO - Starting attempt 1 of 6
[2024-06-25T13:09:03.965+0000] {taskinstance.py:2330} INFO - Executing <Task(BranchPythonOperator): check_previous_run_status> on 2024-06-25 13:08:00+00:00
[2024-06-25T13:09:03.972+0000] {warnings.py:110} WARNING - /home/***/.local/lib/python3.12/site-packages/***/task/task_runner/standard_task_runner.py:61: DeprecationWarning: This process (pid=2175) is multi-threaded, use of fork() may lead to deadlocks in the child.
  pid = os.fork()

[2024-06-25T13:09:03.973+0000] {standard_task_runner.py:63} INFO - Started process 2176 to run task
[2024-06-25T13:09:03.973+0000] {standard_task_runner.py:90} INFO - Running: ['***', 'tasks', 'run', 'demo_dag_for_alerting_apis_final', 'check_previous_run_status', 'scheduled__2024-06-25T13:08:00+00:00', '--job-id', '4000', '--raw', '--subdir', 'DAGS_FOLDER/demo_dag_for_alerting_apis.py', '--cfg-path', '/tmp/tmp20tguj57']
[2024-06-25T13:09:03.974+0000] {standard_task_runner.py:91} INFO - Job 4000: Subtask check_previous_run_status
[2024-06-25T13:09:04.025+0000] {task_command.py:426} INFO - Running <TaskInstance: demo_dag_for_alerting_apis_final.check_previous_run_status scheduled__2024-06-25T13:08:00+00:00 [running]> on host ced2311e92d2
[2024-06-25T13:09:04.160+0000] {taskinstance.py:2648} INFO - Exporting env vars: AIRFLOW_CTX_DAG_OWNER='***' AIRFLOW_CTX_DAG_ID='demo_dag_for_alerting_apis_final' AIRFLOW_CTX_TASK_ID='check_previous_run_status' AIRFLOW_CTX_EXECUTION_DATE='2024-06-25T13:08:00+00:00' AIRFLOW_CTX_TRY_NUMBER='1' AIRFLOW_CTX_DAG_RUN_ID='scheduled__2024-06-25T13:08:00+00:00'
[2024-06-25T13:09:04.161+0000] {taskinstance.py:430} INFO - ::endgroup::
[2024-06-25T13:09:04.178+0000] {baseoperator.py:399} WARNING - BranchPythonOperator.execute cannot be called outside TaskInstance!
[2024-06-25T13:09:04.178+0000] {python.py:237} INFO - Done. Returned value was: skip_run
[2024-06-25T13:09:04.179+0000] {branch.py:36} INFO - Branch into skip_run
[2024-06-25T13:09:04.179+0000] {skipmixin.py:178} INFO - Following branch skip_run
[2024-06-25T13:09:04.200+0000] {skipmixin.py:246} INFO - Skipping tasks [('start_run', -1)]
[2024-06-25T13:09:04.230+0000] {taskinstance.py:441} INFO - ::group::Post task execution logs
[2024-06-25T13:09:04.254+0000] {taskinstance.py:1206} INFO - Marking task as SUCCESS. dag_id=demo_dag_for_alerting_apis_final, task_id=check_previous_run_status, run_id=scheduled__2024-06-25T13:08:00+00:00, execution_date=20240625T130800, start_date=20240625T130903, end_date=20240625T130904
[2024-06-25T13:09:04.307+0000] {local_task_job_runner.py:240} INFO - Task exited with return code 0
[2024-06-25T13:09:04.357+0000] {taskinstance.py:3498} INFO - 1 downstream tasks scheduled from follow-on schedule check
[2024-06-25T13:09:04.362+0000] {local_task_job_runner.py:222} INFO - ::endgroup::
