[2024-06-17T06:29:46.093+0000] {local_task_job_runner.py:120} INFO - ::group::Pre task execution logs
[2024-06-17T06:29:46.120+0000] {taskinstance.py:2076} INFO - Dependencies all met for dep_context=non-requeueable deps ti=<TaskInstance: airflow_example.get_task_instances manual__2024-06-17T06:29:44.102770+00:00 [queued]>
[2024-06-17T06:29:46.130+0000] {taskinstance.py:2076} INFO - Dependencies all met for dep_context=requeueable deps ti=<TaskInstance: airflow_example.get_task_instances manual__2024-06-17T06:29:44.102770+00:00 [queued]>
[2024-06-17T06:29:46.130+0000] {taskinstance.py:2306} INFO - Starting attempt 1 of 6
[2024-06-17T06:29:46.145+0000] {taskinstance.py:2330} INFO - Executing <Task(PythonOperator): get_task_instances> on 2024-06-17 06:29:44.102770+00:00
[2024-06-17T06:29:46.152+0000] {warnings.py:110} WARNING - /home/***/.local/lib/python3.12/site-packages/***/task/task_runner/standard_task_runner.py:61: DeprecationWarning: This process (pid=64) is multi-threaded, use of fork() may lead to deadlocks in the child.
  pid = os.fork()

[2024-06-17T06:29:46.154+0000] {standard_task_runner.py:63} INFO - Started process 66 to run task
[2024-06-17T06:29:46.154+0000] {standard_task_runner.py:90} INFO - Running: ['***', 'tasks', 'run', '***_example', 'get_task_instances', 'manual__2024-06-17T06:29:44.102770+00:00', '--job-id', '307', '--raw', '--subdir', 'DAGS_FOLDER/file_jsons_to_postgres.py', '--cfg-path', '/tmp/tmpkiszxspp']
[2024-06-17T06:29:46.155+0000] {standard_task_runner.py:91} INFO - Job 307: Subtask get_task_instances
[2024-06-17T06:29:46.207+0000] {task_command.py:426} INFO - Running <TaskInstance: airflow_example.get_task_instances manual__2024-06-17T06:29:44.102770+00:00 [running]> on host 4d71c837c754
[2024-06-17T06:29:46.328+0000] {taskinstance.py:2648} INFO - Exporting env vars: AIRFLOW_CTX_DAG_OWNER='***' AIRFLOW_CTX_DAG_ID='***_example' AIRFLOW_CTX_TASK_ID='get_task_instances' AIRFLOW_CTX_EXECUTION_DATE='2024-06-17T06:29:44.102770+00:00' AIRFLOW_CTX_TRY_NUMBER='1' AIRFLOW_CTX_DAG_RUN_ID='manual__2024-06-17T06:29:44.102770+00:00'
[2024-06-17T06:29:46.330+0000] {taskinstance.py:430} INFO - ::endgroup::
[2024-06-17T06:29:46.385+0000] {file_jsons_to_postgres.py:136} INFO - Attempting to fetch task instances from: http://localhost:8080/api/v1/dags/***_example/tasks/insert_json/instances?limit=3
[2024-06-17T06:29:46.393+0000] {file_jsons_to_postgres.py:143} ERROR - Request failed: HTTPConnectionPool(host='localhost', port=8080): Max retries exceeded with url: /api/v1/dags/***_example/tasks/insert_json/instances?limit=3 (Caused by NewConnectionError('<urllib3.connection.HTTPConnection object at 0x7176664e83e0>: Failed to establish a new connection: [Errno 111] Connection refused'))
[2024-06-17T06:29:46.393+0000] {python.py:237} INFO - Done. Returned value was: None
[2024-06-17T06:29:46.394+0000] {taskinstance.py:441} INFO - ::group::Post task execution logs
[2024-06-17T06:29:46.412+0000] {taskinstance.py:1206} INFO - Marking task as SUCCESS. dag_id=***_example, task_id=get_task_instances, run_id=manual__2024-06-17T06:29:44.102770+00:00, execution_date=20240617T062944, start_date=20240617T062946, end_date=20240617T062946
[2024-06-17T06:29:46.448+0000] {local_task_job_runner.py:240} INFO - Task exited with return code 0
[2024-06-17T06:29:46.478+0000] {taskinstance.py:3498} INFO - 0 downstream tasks scheduled from follow-on schedule check
[2024-06-17T06:29:46.480+0000] {local_task_job_runner.py:222} INFO - ::endgroup::
