[2024-06-13T06:59:38.999+0000] {local_task_job_runner.py:120} INFO - ::group::Pre task execution logs
[2024-06-13T06:59:39.047+0000] {taskinstance.py:2076} INFO - Dependencies all met for dep_context=non-requeueable deps ti=<TaskInstance: airflow_example1.read_file manual__2024-06-13T06:59:37.949746+00:00 [queued]>
[2024-06-13T06:59:39.061+0000] {taskinstance.py:2076} INFO - Dependencies all met for dep_context=requeueable deps ti=<TaskInstance: airflow_example1.read_file manual__2024-06-13T06:59:37.949746+00:00 [queued]>
[2024-06-13T06:59:39.061+0000] {taskinstance.py:2306} INFO - Starting attempt 1 of 6
[2024-06-13T06:59:39.082+0000] {taskinstance.py:2330} INFO - Executing <Task(PythonOperator): read_file> on 2024-06-13 06:59:37.949746+00:00
[2024-06-13T06:59:39.087+0000] {warnings.py:110} WARNING - /home/***/.local/lib/python3.12/site-packages/***/task/task_runner/standard_task_runner.py:61: DeprecationWarning: This process (pid=1126) is multi-threaded, use of fork() may lead to deadlocks in the child.
  pid = os.fork()

[2024-06-13T06:59:39.088+0000] {standard_task_runner.py:63} INFO - Started process 1134 to run task
[2024-06-13T06:59:39.089+0000] {standard_task_runner.py:90} INFO - Running: ['***', 'tasks', 'run', '***_example1', 'read_file', 'manual__2024-06-13T06:59:37.949746+00:00', '--job-id', '242', '--raw', '--subdir', 'DAGS_FOLDER/file_jsons_to_postgres.py', '--cfg-path', '/tmp/tmpp557y65t']
[2024-06-13T06:59:39.090+0000] {standard_task_runner.py:91} INFO - Job 242: Subtask read_file
[2024-06-13T06:59:39.137+0000] {task_command.py:426} INFO - Running <TaskInstance: airflow_example1.read_file manual__2024-06-13T06:59:37.949746+00:00 [running]> on host 8cc8d7c9eee4
[2024-06-13T06:59:39.249+0000] {taskinstance.py:2648} INFO - Exporting env vars: AIRFLOW_CTX_DAG_OWNER='***' AIRFLOW_CTX_DAG_ID='***_example1' AIRFLOW_CTX_TASK_ID='read_file' AIRFLOW_CTX_EXECUTION_DATE='2024-06-13T06:59:37.949746+00:00' AIRFLOW_CTX_TRY_NUMBER='1' AIRFLOW_CTX_DAG_RUN_ID='manual__2024-06-13T06:59:37.949746+00:00'
[2024-06-13T06:59:39.250+0000] {taskinstance.py:430} INFO - ::endgroup::
[2024-06-13T06:59:39.266+0000] {file_jsons_to_postgres.py:31} INFO - Loaded JSON data: [{'name': 'Pavan', 'email': '&*cl&l0%a@f.nfh', 'date': '13/06/24'}, {'name': 'Prudhvi', 'email': '6sbnfr$@k.eo', 'date': '2024-06-13'}, {'name': 'Davis', 'email': '0evge@eev.io', 'date': '2024/06/13'}, {'name': 'Sridhar', 'email': '0kmo8m@arvqb.jh', 'date': '2024-06-13 15:30:00'}, {'name': 'McLaine', 'email': 'u@uxf.kz', 'date': '2024/06/13'}, {'name': 'Gollamudi', 'email': '$^6r!rb6e@hh.pqb', 'date': '06.13.24'}, {'name': 'Anthati', 'email': 'j$k6@xav.ewj', 'date': '06.13.24'}, {'name': 'Srikanth', 'email': '5@rzbrftp.fu', 'date': '2024-02-30'}, {'name': 'Gopalakrishna', 'email': '.zw%@kadrzvp.xbu', 'date': '06.13.24'}, {'name': 'Sai', 'email': '5oy1tatpxu@yfpbtnwg.lo', 'date': '24-06-13'}, {'name': 'Aishwarya', 'email': 'dqf05fzx2@a.rop', 'date': '2024-00-01'}, {'name': 'Addala', 'email': '6vw^up4fej@iuizjtfo.ze', 'date': '2024-06-32'}, {'name': 'Vishnu', 'email': 'sj3@lqm.@vsiaqm.jap', 'date': '2024/06/13'}, {'name': 'Chandrakanth', 'email': '9x86ick62b@tb.edx', 'date': '2024-00-01'}, {'name': 'Samala', 'email': '1ul.@tmukheqt.qp', 'date': '06.13.24'}, {'name': 'Nimmaturi', 'email': 'yzd@kbbh.wk', 'date': '24-06-13'}, {'name': 'Vinay', 'email': 's@bguhriwst.bu', 'date': '13.06.2024'}, {'name': 'Soukhya', 'email': '3#j*%g@qhlygjuef.pe', 'date': '13/06/24'}, {'name': 'Sree', 'email': '7$g@hunrf.qtr', 'date': '13/06/24'}, {'name': 'Komati', 'email': '@x&0bw2^n@rhndxudk.jvk', 'date': '2024/06/13'}, {'name': 'Sai', 'email': 'vn9wd9.@bv.ns', 'date': '13/06/24'}, {'name': 'Sivani', 'email': '2zulon@tffyz.iux', 'date': '2024-06-13 15:30:00'}, {'name': 'Bahoju', 'email': '$#u$1a@ge.fa', 'date': '2024-13-01'}, {'name': 'Koti', 'email': '5@amcnzjr.ula', 'date': '13.06.2024'}, {'name': 'Zainuddin', 'email': 'ih0t8m@bxfkjg.szm', 'date': '13-06-2024'}, {'name': 'Bahoju', 'email': 'l69#x.az6l@ijccvyvi.lo', 'date': '2024/15/06'}, {'name': 'Majji', 'email': '3ace@nfpacjxq.cf', 'date': '06.13.24'}, {'name': 'Masthan', 'email': 'z08mon@koymqgwwq.jgp', 'date': '06/13/2024'}, {'name': 'Praneeth', 'email': '$e#whrqjr$@mmccd.zrf', 'date': '2024-06-13 15:30:00'}, {'name': 'Gollamudi', 'email': 'rpse@@z.wha', 'date': '06.13.24'}]
[2024-06-13T06:59:39.280+0000] {python.py:237} INFO - Done. Returned value was: None
[2024-06-13T06:59:39.281+0000] {taskinstance.py:441} INFO - ::group::Post task execution logs
[2024-06-13T06:59:39.290+0000] {taskinstance.py:1206} INFO - Marking task as SUCCESS. dag_id=***_example1, task_id=read_file, run_id=manual__2024-06-13T06:59:37.949746+00:00, execution_date=20240613T065937, start_date=20240613T065939, end_date=20240613T065939
[2024-06-13T06:59:39.342+0000] {local_task_job_runner.py:240} INFO - Task exited with return code 0
[2024-06-13T06:59:39.369+0000] {taskinstance.py:3498} INFO - 1 downstream tasks scheduled from follow-on schedule check
[2024-06-13T06:59:39.370+0000] {local_task_job_runner.py:222} INFO - ::endgroup::
