[2024-06-18T11:28:03.844+0000] {local_task_job_runner.py:120} INFO - ::group::Pre task execution logs
[2024-06-18T11:28:03.875+0000] {taskinstance.py:2076} INFO - Dependencies all met for dep_context=non-requeueable deps ti=<TaskInstance: alerting_skipped.skip_run scheduled__2024-06-18T11:27:00+00:00 [queued]>
[2024-06-18T11:28:03.887+0000] {taskinstance.py:2076} INFO - Dependencies all met for dep_context=requeueable deps ti=<TaskInstance: alerting_skipped.skip_run scheduled__2024-06-18T11:27:00+00:00 [queued]>
[2024-06-18T11:28:03.887+0000] {taskinstance.py:2306} INFO - Starting attempt 1 of 6
[2024-06-18T11:28:03.901+0000] {taskinstance.py:2330} INFO - Executing <Task(PythonOperator): skip_run> on 2024-06-18 11:27:00+00:00
[2024-06-18T11:28:03.906+0000] {warnings.py:110} WARNING - /home/***/.local/lib/python3.12/site-packages/***/task/task_runner/standard_task_runner.py:61: DeprecationWarning: This process (pid=4817) is multi-threaded, use of fork() may lead to deadlocks in the child.
  pid = os.fork()

[2024-06-18T11:28:03.907+0000] {standard_task_runner.py:63} INFO - Started process 4818 to run task
[2024-06-18T11:28:03.908+0000] {standard_task_runner.py:90} INFO - Running: ['***', 'tasks', 'run', 'alerting_skipped', 'skip_run', 'scheduled__2024-06-18T11:27:00+00:00', '--job-id', '697', '--raw', '--subdir', 'DAGS_FOLDER/alerting_skipped.py', '--cfg-path', '/tmp/tmpgo76ahn_']
[2024-06-18T11:28:03.909+0000] {standard_task_runner.py:91} INFO - Job 697: Subtask skip_run
[2024-06-18T11:28:03.948+0000] {task_command.py:426} INFO - Running <TaskInstance: alerting_skipped.skip_run scheduled__2024-06-18T11:27:00+00:00 [running]> on host fa5c5d972e05
[2024-06-18T11:28:04.042+0000] {taskinstance.py:2648} INFO - Exporting env vars: AIRFLOW_CTX_DAG_OWNER='***' AIRFLOW_CTX_DAG_ID='alerting_skipped' AIRFLOW_CTX_TASK_ID='skip_run' AIRFLOW_CTX_EXECUTION_DATE='2024-06-18T11:27:00+00:00' AIRFLOW_CTX_TRY_NUMBER='1' AIRFLOW_CTX_DAG_RUN_ID='scheduled__2024-06-18T11:27:00+00:00'
[2024-06-18T11:28:04.043+0000] {taskinstance.py:430} INFO - ::endgroup::
[2024-06-18T11:28:04.063+0000] {taskinstance.py:441} INFO - ::group::Post task execution logs
[2024-06-18T11:28:04.064+0000] {taskinstance.py:2905} ERROR - Task failed with exception
Traceback (most recent call last):
  File "/home/airflow/.local/lib/python3.12/site-packages/airflow/models/taskinstance.py", line 465, in _execute_task
    result = _execute_callable(context=context, **execute_callable_kwargs)
             ^^^^^^^^^^^^^^^^^^^^^^^^^^^^^^^^^^^^^^^^^^^^^^^^^^^^^^^^^^^^^
  File "/home/airflow/.local/lib/python3.12/site-packages/airflow/models/taskinstance.py", line 432, in _execute_callable
    return execute_callable(context=context, **execute_callable_kwargs)
           ^^^^^^^^^^^^^^^^^^^^^^^^^^^^^^^^^^^^^^^^^^^^^^^^^^^^^^^^^^^^
  File "/home/airflow/.local/lib/python3.12/site-packages/airflow/models/baseoperator.py", line 400, in wrapper
    return func(self, *args, **kwargs)
           ^^^^^^^^^^^^^^^^^^^^^^^^^^^
  File "/home/airflow/.local/lib/python3.12/site-packages/airflow/operators/python.py", line 235, in execute
    return_value = self.execute_callable()
                   ^^^^^^^^^^^^^^^^^^^^^^^
  File "/home/airflow/.local/lib/python3.12/site-packages/airflow/operators/python.py", line 252, in execute_callable
    return self.python_callable(*self.op_args, **self.op_kwargs)
           ^^^^^^^^^^^^^^^^^^^^^^^^^^^^^^^^^^^^^^^^^^^^^^^^^^^^^
  File "/opt/airflow/dags/helper_functions.py", line 47, in alert_notif_skipped
    session = Session()
              ^^^^^^^
NameError: name 'Session' is not defined
[2024-06-18T11:28:04.081+0000] {taskinstance.py:1206} INFO - Marking task as UP_FOR_RETRY. dag_id=alerting_skipped, task_id=skip_run, run_id=scheduled__2024-06-18T11:27:00+00:00, execution_date=20240618T112700, start_date=20240618T112803, end_date=20240618T112804
[2024-06-18T11:28:04.100+0000] {standard_task_runner.py:110} ERROR - Failed to execute job 697 for task skip_run (name 'Session' is not defined; 4818)
[2024-06-18T11:28:04.121+0000] {local_task_job_runner.py:240} INFO - Task exited with return code 1
[2024-06-18T11:28:04.142+0000] {taskinstance.py:3498} INFO - 0 downstream tasks scheduled from follow-on schedule check
[2024-06-18T11:28:04.144+0000] {local_task_job_runner.py:222} INFO - ::endgroup::
