[2024-06-18T07:01:56.739+0000] {local_task_job_runner.py:120} INFO - ::group::Pre task execution logs
[2024-06-18T07:01:56.779+0000] {taskinstance.py:2076} INFO - Dependencies all met for dep_context=non-requeueable deps ti=<TaskInstance: alerting_skipped.check_status manual__2024-06-18T07:01:55.481653+00:00 [queued]>
[2024-06-18T07:01:56.791+0000] {taskinstance.py:2076} INFO - Dependencies all met for dep_context=requeueable deps ti=<TaskInstance: alerting_skipped.check_status manual__2024-06-18T07:01:55.481653+00:00 [queued]>
[2024-06-18T07:01:56.792+0000] {taskinstance.py:2306} INFO - Starting attempt 1 of 6
[2024-06-18T07:01:56.811+0000] {taskinstance.py:2330} INFO - Executing <Task(BranchPythonOperator): check_status> on 2024-06-18 07:01:55.481653+00:00
[2024-06-18T07:01:56.817+0000] {warnings.py:110} WARNING - /home/***/.local/lib/python3.12/site-packages/***/task/task_runner/standard_task_runner.py:61: DeprecationWarning: This process (pid=1419) is multi-threaded, use of fork() may lead to deadlocks in the child.
  pid = os.fork()

[2024-06-18T07:01:56.819+0000] {standard_task_runner.py:63} INFO - Started process 1420 to run task
[2024-06-18T07:01:56.820+0000] {standard_task_runner.py:90} INFO - Running: ['***', 'tasks', 'run', 'alerting_skipped', 'check_status', 'manual__2024-06-18T07:01:55.481653+00:00', '--job-id', '425', '--raw', '--subdir', 'DAGS_FOLDER/alerting_skipped.py', '--cfg-path', '/tmp/tmp16ih6p3u']
[2024-06-18T07:01:56.821+0000] {standard_task_runner.py:91} INFO - Job 425: Subtask check_status
[2024-06-18T07:01:56.872+0000] {task_command.py:426} INFO - Running <TaskInstance: alerting_skipped.check_status manual__2024-06-18T07:01:55.481653+00:00 [running]> on host fa5c5d972e05
[2024-06-18T07:01:56.977+0000] {taskinstance.py:2648} INFO - Exporting env vars: AIRFLOW_CTX_DAG_OWNER='***' AIRFLOW_CTX_DAG_ID='alerting_skipped' AIRFLOW_CTX_TASK_ID='check_status' AIRFLOW_CTX_EXECUTION_DATE='2024-06-18T07:01:55.481653+00:00' AIRFLOW_CTX_TRY_NUMBER='1' AIRFLOW_CTX_DAG_RUN_ID='manual__2024-06-18T07:01:55.481653+00:00'
[2024-06-18T07:01:56.977+0000] {taskinstance.py:430} INFO - ::endgroup::
[2024-06-18T07:01:56.992+0000] {baseoperator.py:399} WARNING - BranchPythonOperator.execute cannot be called outside TaskInstance!
[2024-06-18T07:01:56.993+0000] {helper_functions.py:13} ERROR - Failed to run alerting_skipped with task skip_run: This task is skipped on purpose
[2024-06-18T07:01:56.993+0000] {python.py:237} INFO - Done. Returned value was: start_run
[2024-06-18T07:01:56.994+0000] {branch.py:36} INFO - Branch into start_run
[2024-06-18T07:01:56.994+0000] {skipmixin.py:178} INFO - Following branch start_run
[2024-06-18T07:01:57.010+0000] {skipmixin.py:246} INFO - Skipping tasks [('skip_run', -1)]
[2024-06-18T07:01:57.037+0000] {taskinstance.py:441} INFO - ::group::Post task execution logs
[2024-06-18T07:01:57.057+0000] {taskinstance.py:1206} INFO - Marking task as SUCCESS. dag_id=alerting_skipped, task_id=check_status, run_id=manual__2024-06-18T07:01:55.481653+00:00, execution_date=20240618T070155, start_date=20240618T070156, end_date=20240618T070157
[2024-06-18T07:01:57.114+0000] {local_task_job_runner.py:240} INFO - Task exited with return code 0
[2024-06-18T07:01:57.177+0000] {taskinstance.py:3498} INFO - 0 downstream tasks scheduled from follow-on schedule check
[2024-06-18T07:01:57.181+0000] {local_task_job_runner.py:222} INFO - ::endgroup::
