[2024-06-13T07:07:43.995+0000] {local_task_job_runner.py:120} INFO - ::group::Pre task execution logs
[2024-06-13T07:07:44.031+0000] {taskinstance.py:2076} INFO - Dependencies all met for dep_context=non-requeueable deps ti=<TaskInstance: airflow_example.insert_json manual__2024-06-13T07:07:38.511205+00:00 [queued]>
[2024-06-13T07:07:44.047+0000] {taskinstance.py:2076} INFO - Dependencies all met for dep_context=requeueable deps ti=<TaskInstance: airflow_example.insert_json manual__2024-06-13T07:07:38.511205+00:00 [queued]>
[2024-06-13T07:07:44.048+0000] {taskinstance.py:2306} INFO - Starting attempt 1 of 6
[2024-06-13T07:07:44.073+0000] {taskinstance.py:2330} INFO - Executing <Task(PythonOperator): insert_json> on 2024-06-13 07:07:38.511205+00:00
[2024-06-13T07:07:44.081+0000] {warnings.py:110} WARNING - /home/***/.local/lib/python3.12/site-packages/***/task/task_runner/standard_task_runner.py:61: DeprecationWarning: This process (pid=1253) is multi-threaded, use of fork() may lead to deadlocks in the child.
  pid = os.fork()

[2024-06-13T07:07:44.082+0000] {standard_task_runner.py:63} INFO - Started process 1254 to run task
[2024-06-13T07:07:44.083+0000] {standard_task_runner.py:90} INFO - Running: ['***', 'tasks', 'run', '***_example', 'insert_json', 'manual__2024-06-13T07:07:38.511205+00:00', '--job-id', '253', '--raw', '--subdir', 'DAGS_FOLDER/file_jsons_to_postgres.py', '--cfg-path', '/tmp/tmp3zflez5g']
[2024-06-13T07:07:44.084+0000] {standard_task_runner.py:91} INFO - Job 253: Subtask insert_json
[2024-06-13T07:07:44.144+0000] {task_command.py:426} INFO - Running <TaskInstance: airflow_example.insert_json manual__2024-06-13T07:07:38.511205+00:00 [running]> on host 8cc8d7c9eee4
[2024-06-13T07:07:44.269+0000] {taskinstance.py:2648} INFO - Exporting env vars: AIRFLOW_CTX_DAG_OWNER='***' AIRFLOW_CTX_DAG_ID='***_example' AIRFLOW_CTX_TASK_ID='insert_json' AIRFLOW_CTX_EXECUTION_DATE='2024-06-13T07:07:38.511205+00:00' AIRFLOW_CTX_TRY_NUMBER='1' AIRFLOW_CTX_DAG_RUN_ID='manual__2024-06-13T07:07:38.511205+00:00'
[2024-06-13T07:07:44.270+0000] {taskinstance.py:430} INFO - ::endgroup::
[2024-06-13T07:07:44.311+0000] {file_jsons_to_postgres.py:109} INFO - Inserting entry: {'name': 'Addala', 'email': 'f6o@ubsdvm.uk', 'date': '06.13.24'}
[2024-06-13T07:07:44.313+0000] {file_jsons_to_postgres.py:109} INFO - Inserting entry: {'name': 'Vasamsetti', 'email': 'cpx@k.bkt', 'date': '2024-13-01'}
[2024-06-13T07:07:44.314+0000] {file_jsons_to_postgres.py:114} ERROR - Error inserting data: date/time field value out of range: "2024-13-01"
LINE 2: ..., email, date) VALUES ('Vasamsetti', 'cpx@k.bkt', '2024-13-0...
                                                             ^
HINT:  Perhaps you need a different "datestyle" setting.

[2024-06-13T07:07:44.314+0000] {python.py:237} INFO - Done. Returned value was: None
[2024-06-13T07:07:44.315+0000] {taskinstance.py:441} INFO - ::group::Post task execution logs
[2024-06-13T07:07:44.328+0000] {taskinstance.py:1206} INFO - Marking task as SUCCESS. dag_id=***_example, task_id=insert_json, run_id=manual__2024-06-13T07:07:38.511205+00:00, execution_date=20240613T070738, start_date=20240613T070744, end_date=20240613T070744
[2024-06-13T07:07:44.376+0000] {local_task_job_runner.py:240} INFO - Task exited with return code 0
[2024-06-13T07:07:44.396+0000] {taskinstance.py:3498} INFO - 0 downstream tasks scheduled from follow-on schedule check
[2024-06-13T07:07:44.397+0000] {local_task_job_runner.py:222} INFO - ::endgroup::
