[2024-06-19T11:09:14.907+0000] {local_task_job_runner.py:120} INFO - ::group::Pre task execution logs
[2024-06-19T11:09:15.004+0000] {taskinstance.py:2076} INFO - Dependencies all met for dep_context=non-requeueable deps ti=<TaskInstance: demo_dag_for_alerting_final_1.insert_new_record_into_audit_table scheduled__2024-06-19T11:08:00+00:00 [queued]>
[2024-06-19T11:09:15.040+0000] {taskinstance.py:2076} INFO - Dependencies all met for dep_context=requeueable deps ti=<TaskInstance: demo_dag_for_alerting_final_1.insert_new_record_into_audit_table scheduled__2024-06-19T11:08:00+00:00 [queued]>
[2024-06-19T11:09:15.041+0000] {taskinstance.py:2306} INFO - Starting attempt 1 of 6
[2024-06-19T11:09:15.089+0000] {taskinstance.py:2330} INFO - Executing <Task(PythonOperator): insert_new_record_into_audit_table> on 2024-06-19 11:08:00+00:00
[2024-06-19T11:09:15.105+0000] {warnings.py:110} WARNING - /home/***/.local/lib/python3.12/site-packages/***/task/task_runner/standard_task_runner.py:61: DeprecationWarning: This process (pid=5036) is multi-threaded, use of fork() may lead to deadlocks in the child.
  pid = os.fork()

[2024-06-19T11:09:15.108+0000] {standard_task_runner.py:63} INFO - Started process 5037 to run task
[2024-06-19T11:09:15.110+0000] {standard_task_runner.py:90} INFO - Running: ['***', 'tasks', 'run', 'demo_dag_for_alerting_final_1', 'insert_new_record_into_audit_table', 'scheduled__2024-06-19T11:08:00+00:00', '--job-id', '1506', '--raw', '--subdir', 'DAGS_FOLDER/demo_dag_for_alerting.py', '--cfg-path', '/tmp/tmptg9ybxcn']
[2024-06-19T11:09:15.113+0000] {standard_task_runner.py:91} INFO - Job 1506: Subtask insert_new_record_into_audit_table
[2024-06-19T11:09:15.244+0000] {task_command.py:426} INFO - Running <TaskInstance: demo_dag_for_alerting_final_1.insert_new_record_into_audit_table scheduled__2024-06-19T11:08:00+00:00 [running]> on host 9e4d135130fa
[2024-06-19T11:09:15.589+0000] {taskinstance.py:2648} INFO - Exporting env vars: AIRFLOW_CTX_DAG_OWNER='***' AIRFLOW_CTX_DAG_ID='demo_dag_for_alerting_final_1' AIRFLOW_CTX_TASK_ID='insert_new_record_into_audit_table' AIRFLOW_CTX_EXECUTION_DATE='2024-06-19T11:08:00+00:00' AIRFLOW_CTX_TRY_NUMBER='1' AIRFLOW_CTX_DAG_RUN_ID='scheduled__2024-06-19T11:08:00+00:00'
[2024-06-19T11:09:15.591+0000] {taskinstance.py:430} INFO - ::endgroup::
[2024-06-19T11:09:15.646+0000] {logging_mixin.py:188} INFO - insert_into_audit_table_for_adhoc_data
[2024-06-19T11:09:15.648+0000] {python.py:237} INFO - Done. Returned value was: None
[2024-06-19T11:09:15.648+0000] {taskinstance.py:441} INFO - ::group::Post task execution logs
[2024-06-19T11:09:15.678+0000] {taskinstance.py:1206} INFO - Marking task as SUCCESS. dag_id=demo_dag_for_alerting_final_1, task_id=insert_new_record_into_audit_table, run_id=scheduled__2024-06-19T11:08:00+00:00, execution_date=20240619T110800, start_date=20240619T110915, end_date=20240619T110915
[2024-06-19T11:09:15.835+0000] {local_task_job_runner.py:240} INFO - Task exited with return code 0
[2024-06-19T11:09:15.950+0000] {taskinstance.py:3498} INFO - 0 downstream tasks scheduled from follow-on schedule check
[2024-06-19T11:09:15.973+0000] {local_task_job_runner.py:222} INFO - ::endgroup::
