[2024-06-26T11:27:05.767+0000] {local_task_job_runner.py:120} INFO - ::group::Pre task execution logs
[2024-06-26T11:27:05.788+0000] {taskinstance.py:2076} INFO - Dependencies all met for dep_context=non-requeueable deps ti=<TaskInstance: alerting_all_dags_using_apis.alert_all_continuous_skipped_dags scheduled__2024-06-26T11:24:00+00:00 [queued]>
[2024-06-26T11:27:05.796+0000] {taskinstance.py:2076} INFO - Dependencies all met for dep_context=requeueable deps ti=<TaskInstance: alerting_all_dags_using_apis.alert_all_continuous_skipped_dags scheduled__2024-06-26T11:24:00+00:00 [queued]>
[2024-06-26T11:27:05.797+0000] {taskinstance.py:2306} INFO - Starting attempt 1 of 6
[2024-06-26T11:27:05.809+0000] {taskinstance.py:2330} INFO - Executing <Task(PythonOperator): alert_all_continuous_skipped_dags> on 2024-06-26 11:24:00+00:00
[2024-06-26T11:27:05.814+0000] {warnings.py:110} WARNING - /home/***/.local/lib/python3.12/site-packages/***/task/task_runner/standard_task_runner.py:61: DeprecationWarning: This process (pid=7558) is multi-threaded, use of fork() may lead to deadlocks in the child.
  pid = os.fork()

[2024-06-26T11:27:05.815+0000] {standard_task_runner.py:63} INFO - Started process 7559 to run task
[2024-06-26T11:27:05.815+0000] {standard_task_runner.py:90} INFO - Running: ['***', 'tasks', 'run', 'alerting_all_dags_using_apis', 'alert_all_continuous_skipped_dags', 'scheduled__2024-06-26T11:24:00+00:00', '--job-id', '4469', '--raw', '--subdir', 'DAGS_FOLDER/alerting_all_dags_using_apis.py', '--cfg-path', '/tmp/tmpas4y00kq']
[2024-06-26T11:27:05.816+0000] {standard_task_runner.py:91} INFO - Job 4469: Subtask alert_all_continuous_skipped_dags
[2024-06-26T11:27:05.857+0000] {task_command.py:426} INFO - Running <TaskInstance: alerting_all_dags_using_apis.alert_all_continuous_skipped_dags scheduled__2024-06-26T11:24:00+00:00 [running]> on host ced2311e92d2
[2024-06-26T11:27:05.954+0000] {taskinstance.py:2648} INFO - Exporting env vars: AIRFLOW_CTX_DAG_OWNER='***' AIRFLOW_CTX_DAG_ID='alerting_all_dags_using_apis' AIRFLOW_CTX_TASK_ID='alert_all_continuous_skipped_dags' AIRFLOW_CTX_EXECUTION_DATE='2024-06-26T11:24:00+00:00' AIRFLOW_CTX_TRY_NUMBER='1' AIRFLOW_CTX_DAG_RUN_ID='scheduled__2024-06-26T11:24:00+00:00'
[2024-06-26T11:27:05.955+0000] {taskinstance.py:430} INFO - ::endgroup::
[2024-06-26T11:27:05.970+0000] {helper_functions.py:276} ERROR - Failed to alert continuous skipped DAGs: 'NoneType' object has no attribute 'items'
Traceback (most recent call last):
  File "/opt/airflow/dags/helper_functions.py", line 270, in alert_all_continuous_skipped_dags
    for dag_id, skipped_counts in states_of_all_dags_each_runs.items():
                                  ^^^^^^^^^^^^^^^^^^^^^^^^^^^^^^^^^^
AttributeError: 'NoneType' object has no attribute 'items'
[2024-06-26T11:27:05.971+0000] {python.py:237} INFO - Done. Returned value was: None
[2024-06-26T11:27:05.972+0000] {taskinstance.py:441} INFO - ::group::Post task execution logs
[2024-06-26T11:27:05.980+0000] {taskinstance.py:1206} INFO - Marking task as SUCCESS. dag_id=alerting_all_dags_using_apis, task_id=alert_all_continuous_skipped_dags, run_id=scheduled__2024-06-26T11:24:00+00:00, execution_date=20240626T112400, start_date=20240626T112705, end_date=20240626T112705
[2024-06-26T11:27:06.029+0000] {local_task_job_runner.py:240} INFO - Task exited with return code 0
[2024-06-26T11:27:06.049+0000] {taskinstance.py:3498} INFO - 0 downstream tasks scheduled from follow-on schedule check
[2024-06-26T11:27:06.050+0000] {local_task_job_runner.py:222} INFO - ::endgroup::
