[2024-06-18T18:00:01.149+0000] {local_task_job_runner.py:120} INFO - ::group::Pre task execution logs
[2024-06-18T18:00:01.171+0000] {taskinstance.py:2076} INFO - Dependencies all met for dep_context=non-requeueable deps ti=<TaskInstance: demo_dag_for_alerting_apis.check_previous_run_status scheduled__2024-06-18T17:55:00+00:00 [queued]>
[2024-06-18T18:00:01.179+0000] {taskinstance.py:2076} INFO - Dependencies all met for dep_context=requeueable deps ti=<TaskInstance: demo_dag_for_alerting_apis.check_previous_run_status scheduled__2024-06-18T17:55:00+00:00 [queued]>
[2024-06-18T18:00:01.179+0000] {taskinstance.py:2306} INFO - Starting attempt 1 of 6
[2024-06-18T18:00:01.193+0000] {taskinstance.py:2330} INFO - Executing <Task(BranchPythonOperator): check_previous_run_status> on 2024-06-18 17:55:00+00:00
[2024-06-18T18:00:01.198+0000] {warnings.py:110} WARNING - /home/***/.local/lib/python3.12/site-packages/***/task/task_runner/standard_task_runner.py:61: DeprecationWarning: This process (pid=517) is multi-threaded, use of fork() may lead to deadlocks in the child.
  pid = os.fork()

[2024-06-18T18:00:01.199+0000] {standard_task_runner.py:63} INFO - Started process 518 to run task
[2024-06-18T18:00:01.199+0000] {standard_task_runner.py:90} INFO - Running: ['***', 'tasks', 'run', 'demo_dag_for_alerting_apis', 'check_previous_run_status', 'scheduled__2024-06-18T17:55:00+00:00', '--job-id', '873', '--raw', '--subdir', 'DAGS_FOLDER/demo_dag_for_alerting_apis.py', '--cfg-path', '/tmp/tmpf7a_hcow']
[2024-06-18T18:00:01.200+0000] {standard_task_runner.py:91} INFO - Job 873: Subtask check_previous_run_status
[2024-06-18T18:00:01.235+0000] {task_command.py:426} INFO - Running <TaskInstance: demo_dag_for_alerting_apis.check_previous_run_status scheduled__2024-06-18T17:55:00+00:00 [running]> on host 9e4d135130fa
[2024-06-18T18:00:01.315+0000] {taskinstance.py:2648} INFO - Exporting env vars: AIRFLOW_CTX_DAG_OWNER='***' AIRFLOW_CTX_DAG_ID='demo_dag_for_alerting_apis' AIRFLOW_CTX_TASK_ID='check_previous_run_status' AIRFLOW_CTX_EXECUTION_DATE='2024-06-18T17:55:00+00:00' AIRFLOW_CTX_TRY_NUMBER='1' AIRFLOW_CTX_DAG_RUN_ID='scheduled__2024-06-18T17:55:00+00:00'
[2024-06-18T18:00:01.316+0000] {taskinstance.py:430} INFO - ::endgroup::
[2024-06-18T18:00:01.328+0000] {baseoperator.py:399} WARNING - BranchPythonOperator.execute cannot be called outside TaskInstance!
[2024-06-18T18:00:01.328+0000] {python.py:237} INFO - Done. Returned value was: skip_run
[2024-06-18T18:00:01.328+0000] {branch.py:36} INFO - Branch into skip_run
[2024-06-18T18:00:01.329+0000] {skipmixin.py:178} INFO - Following branch skip_run
[2024-06-18T18:00:01.341+0000] {skipmixin.py:246} INFO - Skipping tasks [('start_run', -1)]
[2024-06-18T18:00:01.362+0000] {taskinstance.py:441} INFO - ::group::Post task execution logs
[2024-06-18T18:00:01.378+0000] {taskinstance.py:1206} INFO - Marking task as SUCCESS. dag_id=demo_dag_for_alerting_apis, task_id=check_previous_run_status, run_id=scheduled__2024-06-18T17:55:00+00:00, execution_date=20240618T175500, start_date=20240618T180001, end_date=20240618T180001
[2024-06-18T18:00:01.412+0000] {local_task_job_runner.py:240} INFO - Task exited with return code 0
[2024-06-18T18:00:01.445+0000] {taskinstance.py:3498} INFO - 1 downstream tasks scheduled from follow-on schedule check
[2024-06-18T18:00:01.447+0000] {local_task_job_runner.py:222} INFO - ::endgroup::
