[2024-06-20T07:21:04.884+0000] {local_task_job_runner.py:120} INFO - ::group::Pre task execution logs
[2024-06-20T07:21:04.919+0000] {taskinstance.py:2076} INFO - Dependencies all met for dep_context=non-requeueable deps ti=<TaskInstance: demo_dag_for_alerting_final_1.refresh_external_table scheduled__2024-06-20T07:20:00+00:00 [queued]>
[2024-06-20T07:21:04.934+0000] {taskinstance.py:2076} INFO - Dependencies all met for dep_context=requeueable deps ti=<TaskInstance: demo_dag_for_alerting_final_1.refresh_external_table scheduled__2024-06-20T07:20:00+00:00 [queued]>
[2024-06-20T07:21:04.935+0000] {taskinstance.py:2306} INFO - Starting attempt 1 of 6
[2024-06-20T07:21:04.960+0000] {taskinstance.py:2330} INFO - Executing <Task(PythonOperator): refresh_external_table> on 2024-06-20 07:20:00+00:00
[2024-06-20T07:21:04.967+0000] {warnings.py:110} WARNING - /home/***/.local/lib/python3.12/site-packages/***/task/task_runner/standard_task_runner.py:61: DeprecationWarning: This process (pid=1389) is multi-threaded, use of fork() may lead to deadlocks in the child.
  pid = os.fork()

[2024-06-20T07:21:04.969+0000] {standard_task_runner.py:63} INFO - Started process 1390 to run task
[2024-06-20T07:21:04.969+0000] {standard_task_runner.py:90} INFO - Running: ['***', 'tasks', 'run', 'demo_dag_for_alerting_final_1', 'refresh_external_table', 'scheduled__2024-06-20T07:20:00+00:00', '--job-id', '1885', '--raw', '--subdir', 'DAGS_FOLDER/demo_dag_for_alerting.py', '--cfg-path', '/tmp/tmpr19xdscp']
[2024-06-20T07:21:04.971+0000] {standard_task_runner.py:91} INFO - Job 1885: Subtask refresh_external_table
[2024-06-20T07:21:05.028+0000] {task_command.py:426} INFO - Running <TaskInstance: demo_dag_for_alerting_final_1.refresh_external_table scheduled__2024-06-20T07:20:00+00:00 [running]> on host e66744caf823
[2024-06-20T07:21:05.120+0000] {taskinstance.py:2648} INFO - Exporting env vars: AIRFLOW_CTX_DAG_OWNER='***' AIRFLOW_CTX_DAG_ID='demo_dag_for_alerting_final_1' AIRFLOW_CTX_TASK_ID='refresh_external_table' AIRFLOW_CTX_EXECUTION_DATE='2024-06-20T07:20:00+00:00' AIRFLOW_CTX_TRY_NUMBER='1' AIRFLOW_CTX_DAG_RUN_ID='scheduled__2024-06-20T07:20:00+00:00'
[2024-06-20T07:21:05.121+0000] {taskinstance.py:430} INFO - ::endgroup::
[2024-06-20T07:21:05.133+0000] {logging_mixin.py:188} INFO - refresh_crm_campaign_run_external_table
[2024-06-20T07:21:05.134+0000] {python.py:237} INFO - Done. Returned value was: None
[2024-06-20T07:21:05.134+0000] {taskinstance.py:441} INFO - ::group::Post task execution logs
[2024-06-20T07:21:05.144+0000] {taskinstance.py:1206} INFO - Marking task as SUCCESS. dag_id=demo_dag_for_alerting_final_1, task_id=refresh_external_table, run_id=scheduled__2024-06-20T07:20:00+00:00, execution_date=20240620T072000, start_date=20240620T072104, end_date=20240620T072105
[2024-06-20T07:21:05.183+0000] {local_task_job_runner.py:240} INFO - Task exited with return code 0
[2024-06-20T07:21:05.214+0000] {taskinstance.py:3498} INFO - 1 downstream tasks scheduled from follow-on schedule check
[2024-06-20T07:21:05.216+0000] {local_task_job_runner.py:222} INFO - ::endgroup::
