[2024-06-27T12:56:05.736+0000] {local_task_job_runner.py:120} INFO - ::group::Pre task execution logs
[2024-06-27T12:56:05.769+0000] {taskinstance.py:2076} INFO - Dependencies all met for dep_context=non-requeueable deps ti=<TaskInstance: demo_dag_for_alerting_apis_final.skipped_due_to_data_unavailability scheduled__2024-06-27T12:55:00+00:00 [queued]>
[2024-06-27T12:56:05.781+0000] {taskinstance.py:2076} INFO - Dependencies all met for dep_context=requeueable deps ti=<TaskInstance: demo_dag_for_alerting_apis_final.skipped_due_to_data_unavailability scheduled__2024-06-27T12:55:00+00:00 [queued]>
[2024-06-27T12:56:05.781+0000] {taskinstance.py:2306} INFO - Starting attempt 1 of 6
[2024-06-27T12:56:05.799+0000] {taskinstance.py:2330} INFO - Executing <Task(PythonOperator): skipped_due_to_data_unavailability> on 2024-06-27 12:55:00+00:00
[2024-06-27T12:56:05.805+0000] {warnings.py:110} WARNING - /home/***/.local/lib/python3.12/site-packages/***/task/task_runner/standard_task_runner.py:61: DeprecationWarning: This process (pid=4621) is multi-threaded, use of fork() may lead to deadlocks in the child.
  pid = os.fork()

[2024-06-27T12:56:05.806+0000] {standard_task_runner.py:63} INFO - Started process 4622 to run task
[2024-06-27T12:56:05.807+0000] {standard_task_runner.py:90} INFO - Running: ['***', 'tasks', 'run', 'demo_dag_for_alerting_apis_final', 'skipped_due_to_data_unavailability', 'scheduled__2024-06-27T12:55:00+00:00', '--job-id', '4728', '--raw', '--subdir', 'DAGS_FOLDER/demo_dag_for_alerting_apis.py', '--cfg-path', '/tmp/tmpsa11hgsu']
[2024-06-27T12:56:05.808+0000] {standard_task_runner.py:91} INFO - Job 4728: Subtask skipped_due_to_data_unavailability
[2024-06-27T12:56:05.845+0000] {task_command.py:426} INFO - Running <TaskInstance: demo_dag_for_alerting_apis_final.skipped_due_to_data_unavailability scheduled__2024-06-27T12:55:00+00:00 [running]> on host eeacb89bcfc1
[2024-06-27T12:56:05.935+0000] {taskinstance.py:2648} INFO - Exporting env vars: AIRFLOW_CTX_DAG_OWNER='***' AIRFLOW_CTX_DAG_ID='demo_dag_for_alerting_apis_final' AIRFLOW_CTX_TASK_ID='skipped_due_to_data_unavailability' AIRFLOW_CTX_EXECUTION_DATE='2024-06-27T12:55:00+00:00' AIRFLOW_CTX_TRY_NUMBER='1' AIRFLOW_CTX_DAG_RUN_ID='scheduled__2024-06-27T12:55:00+00:00'
[2024-06-27T12:56:05.936+0000] {taskinstance.py:430} INFO - ::endgroup::
[2024-06-27T12:56:06.132+0000] {helper_functions.py:240} INFO - ['manual__2024-06-27T12:55:36.549178+00:00']
[2024-06-27T12:56:06.314+0000] {helper_functions.py:249} INFO - ['success']
[2024-06-27T12:56:06.315+0000] {python.py:237} INFO - Done. Returned value was: None
[2024-06-27T12:56:06.316+0000] {taskinstance.py:441} INFO - ::group::Post task execution logs
[2024-06-27T12:56:06.325+0000] {taskinstance.py:1206} INFO - Marking task as SUCCESS. dag_id=demo_dag_for_alerting_apis_final, task_id=skipped_due_to_data_unavailability, run_id=scheduled__2024-06-27T12:55:00+00:00, execution_date=20240627T125500, start_date=20240627T125605, end_date=20240627T125606
[2024-06-27T12:56:06.341+0000] {local_task_job_runner.py:240} INFO - Task exited with return code 0
[2024-06-27T12:56:06.355+0000] {taskinstance.py:3498} INFO - 0 downstream tasks scheduled from follow-on schedule check
[2024-06-27T12:56:06.357+0000] {local_task_job_runner.py:222} INFO - ::endgroup::
