[2024-06-18T14:45:46.286+0000] {local_task_job_runner.py:120} INFO - ::group::Pre task execution logs
[2024-06-18T14:45:46.312+0000] {taskinstance.py:2076} INFO - Dependencies all met for dep_context=non-requeueable deps ti=<TaskInstance: alerting_skipped.check_previous_run_status scheduled__2024-06-18T14:40:00+00:00 [queued]>
[2024-06-18T14:45:46.328+0000] {taskinstance.py:2076} INFO - Dependencies all met for dep_context=requeueable deps ti=<TaskInstance: alerting_skipped.check_previous_run_status scheduled__2024-06-18T14:40:00+00:00 [queued]>
[2024-06-18T14:45:46.328+0000] {taskinstance.py:2306} INFO - Starting attempt 1 of 6
[2024-06-18T14:45:46.349+0000] {taskinstance.py:2330} INFO - Executing <Task(BranchPythonOperator): check_previous_run_status> on 2024-06-18 14:40:00+00:00
[2024-06-18T14:45:46.357+0000] {warnings.py:110} WARNING - /home/***/.local/lib/python3.12/site-packages/***/task/task_runner/standard_task_runner.py:61: DeprecationWarning: This process (pid=6537) is multi-threaded, use of fork() may lead to deadlocks in the child.
  pid = os.fork()

[2024-06-18T14:45:46.359+0000] {standard_task_runner.py:63} INFO - Started process 6539 to run task
[2024-06-18T14:45:46.361+0000] {standard_task_runner.py:90} INFO - Running: ['***', 'tasks', 'run', 'alerting_skipped', 'check_previous_run_status', 'scheduled__2024-06-18T14:40:00+00:00', '--job-id', '813', '--raw', '--subdir', 'DAGS_FOLDER/alerting_skipped.py', '--cfg-path', '/tmp/tmp0wdwht6c']
[2024-06-18T14:45:46.363+0000] {standard_task_runner.py:91} INFO - Job 813: Subtask check_previous_run_status
[2024-06-18T14:45:46.418+0000] {task_command.py:426} INFO - Running <TaskInstance: alerting_skipped.check_previous_run_status scheduled__2024-06-18T14:40:00+00:00 [running]> on host fa5c5d972e05
[2024-06-18T14:45:46.547+0000] {taskinstance.py:2648} INFO - Exporting env vars: AIRFLOW_CTX_DAG_OWNER='***' AIRFLOW_CTX_DAG_ID='alerting_skipped' AIRFLOW_CTX_TASK_ID='check_previous_run_status' AIRFLOW_CTX_EXECUTION_DATE='2024-06-18T14:40:00+00:00' AIRFLOW_CTX_TRY_NUMBER='1' AIRFLOW_CTX_DAG_RUN_ID='scheduled__2024-06-18T14:40:00+00:00'
[2024-06-18T14:45:46.548+0000] {taskinstance.py:430} INFO - ::endgroup::
[2024-06-18T14:45:46.566+0000] {baseoperator.py:399} WARNING - BranchPythonOperator.execute cannot be called outside TaskInstance!
[2024-06-18T14:45:46.571+0000] {helper_functions.py:46} ERROR - Error creating table: column "continous_skip_count" does not exist
LINE 2:             SELECT continous_skip_count WHERE dag_id='{dag_i...
                           ^

[2024-06-18T14:45:46.571+0000] {python.py:237} INFO - Done. Returned value was: skip_run
[2024-06-18T14:45:46.571+0000] {branch.py:36} INFO - Branch into skip_run
[2024-06-18T14:45:46.572+0000] {skipmixin.py:178} INFO - Following branch skip_run
[2024-06-18T14:45:46.595+0000] {skipmixin.py:246} INFO - Skipping tasks [('start_run', -1)]
[2024-06-18T14:45:46.629+0000] {taskinstance.py:441} INFO - ::group::Post task execution logs
[2024-06-18T14:45:46.654+0000] {taskinstance.py:1206} INFO - Marking task as SUCCESS. dag_id=alerting_skipped, task_id=check_previous_run_status, run_id=scheduled__2024-06-18T14:40:00+00:00, execution_date=20240618T144000, start_date=20240618T144546, end_date=20240618T144546
[2024-06-18T14:45:46.693+0000] {local_task_job_runner.py:240} INFO - Task exited with return code 0
[2024-06-18T14:45:46.732+0000] {taskinstance.py:3498} INFO - 1 downstream tasks scheduled from follow-on schedule check
[2024-06-18T14:45:46.734+0000] {local_task_job_runner.py:222} INFO - ::endgroup::
