[2024-06-27T13:01:01.668+0000] {local_task_job_runner.py:120} INFO - ::group::Pre task execution logs
[2024-06-27T13:01:01.715+0000] {taskinstance.py:2076} INFO - Dependencies all met for dep_context=non-requeueable deps ti=<TaskInstance: demo_dag_for_alerting_apis_final.skipped_due_to_data_unavailability manual__2024-06-27T13:00:57.091817+00:00 [queued]>
[2024-06-27T13:01:01.739+0000] {taskinstance.py:2076} INFO - Dependencies all met for dep_context=requeueable deps ti=<TaskInstance: demo_dag_for_alerting_apis_final.skipped_due_to_data_unavailability manual__2024-06-27T13:00:57.091817+00:00 [queued]>
[2024-06-27T13:01:01.740+0000] {taskinstance.py:2306} INFO - Starting attempt 1 of 6
[2024-06-27T13:01:01.764+0000] {taskinstance.py:2330} INFO - Executing <Task(PythonOperator): skipped_due_to_data_unavailability> on 2024-06-27 13:00:57.091817+00:00
[2024-06-27T13:01:01.774+0000] {warnings.py:110} WARNING - /home/***/.local/lib/python3.12/site-packages/***/task/task_runner/standard_task_runner.py:61: DeprecationWarning: This process (pid=4718) is multi-threaded, use of fork() may lead to deadlocks in the child.
  pid = os.fork()

[2024-06-27T13:01:01.775+0000] {standard_task_runner.py:63} INFO - Started process 4720 to run task
[2024-06-27T13:01:01.776+0000] {standard_task_runner.py:90} INFO - Running: ['***', 'tasks', 'run', 'demo_dag_for_alerting_apis_final', 'skipped_due_to_data_unavailability', 'manual__2024-06-27T13:00:57.091817+00:00', '--job-id', '4745', '--raw', '--subdir', 'DAGS_FOLDER/demo_dag_for_alerting_apis.py', '--cfg-path', '/tmp/tmpe7rys029']
[2024-06-27T13:01:01.777+0000] {standard_task_runner.py:91} INFO - Job 4745: Subtask skipped_due_to_data_unavailability
[2024-06-27T13:01:01.845+0000] {task_command.py:426} INFO - Running <TaskInstance: demo_dag_for_alerting_apis_final.skipped_due_to_data_unavailability manual__2024-06-27T13:00:57.091817+00:00 [running]> on host eeacb89bcfc1
[2024-06-27T13:01:02.013+0000] {taskinstance.py:2648} INFO - Exporting env vars: AIRFLOW_CTX_DAG_OWNER='***' AIRFLOW_CTX_DAG_ID='demo_dag_for_alerting_apis_final' AIRFLOW_CTX_TASK_ID='skipped_due_to_data_unavailability' AIRFLOW_CTX_EXECUTION_DATE='2024-06-27T13:00:57.091817+00:00' AIRFLOW_CTX_TRY_NUMBER='1' AIRFLOW_CTX_DAG_RUN_ID='manual__2024-06-27T13:00:57.091817+00:00'
[2024-06-27T13:01:02.014+0000] {taskinstance.py:430} INFO - ::endgroup::
[2024-06-27T13:01:02.051+0000] {helper_functions.py:296} INFO - Requesting http://***:***@172.240.2.5:8080/api/v1/dags/demo_dag_for_alerting_apis_final/dagRuns?limit=3&order_by=-start_date
[2024-06-27T13:01:02.324+0000] {taskinstance.py:441} INFO - ::group::Post task execution logs
[2024-06-27T13:01:02.324+0000] {taskinstance.py:2905} ERROR - Task failed with exception
Traceback (most recent call last):
  File "/home/airflow/.local/lib/python3.12/site-packages/airflow/models/taskinstance.py", line 465, in _execute_task
    result = _execute_callable(context=context, **execute_callable_kwargs)
             ^^^^^^^^^^^^^^^^^^^^^^^^^^^^^^^^^^^^^^^^^^^^^^^^^^^^^^^^^^^^^
  File "/home/airflow/.local/lib/python3.12/site-packages/airflow/models/taskinstance.py", line 432, in _execute_callable
    return execute_callable(context=context, **execute_callable_kwargs)
           ^^^^^^^^^^^^^^^^^^^^^^^^^^^^^^^^^^^^^^^^^^^^^^^^^^^^^^^^^^^^
  File "/home/airflow/.local/lib/python3.12/site-packages/airflow/models/baseoperator.py", line 400, in wrapper
    return func(self, *args, **kwargs)
           ^^^^^^^^^^^^^^^^^^^^^^^^^^^
  File "/home/airflow/.local/lib/python3.12/site-packages/airflow/operators/python.py", line 235, in execute
    return_value = self.execute_callable()
                   ^^^^^^^^^^^^^^^^^^^^^^^
  File "/home/airflow/.local/lib/python3.12/site-packages/airflow/operators/python.py", line 252, in execute_callable
    return self.python_callable(*self.op_args, **self.op_kwargs)
           ^^^^^^^^^^^^^^^^^^^^^^^^^^^^^^^^^^^^^^^^^^^^^^^^^^^^^
  File "/opt/airflow/dags/helper_functions.py", line 244, in alert_notif_skipped_api
    get_task_Instances_api = f"{base_url}/{dag_id}/dagRuns/{run_id}/taskInstances/{task_id}"
                                ^^^^^^^^
NameError: name 'base_url' is not defined
[2024-06-27T13:01:02.340+0000] {taskinstance.py:1206} INFO - Marking task as UP_FOR_RETRY. dag_id=demo_dag_for_alerting_apis_final, task_id=skipped_due_to_data_unavailability, run_id=manual__2024-06-27T13:00:57.091817+00:00, execution_date=20240627T130057, start_date=20240627T130101, end_date=20240627T130102
[2024-06-27T13:01:02.359+0000] {standard_task_runner.py:110} ERROR - Failed to execute job 4745 for task skipped_due_to_data_unavailability (name 'base_url' is not defined; 4720)
[2024-06-27T13:01:02.393+0000] {local_task_job_runner.py:240} INFO - Task exited with return code 1
[2024-06-27T13:01:02.416+0000] {taskinstance.py:3498} INFO - 0 downstream tasks scheduled from follow-on schedule check
[2024-06-27T13:01:02.417+0000] {local_task_job_runner.py:222} INFO - ::endgroup::
