[2024-06-26T08:32:10.290+0000] {local_task_job_runner.py:120} INFO - ::group::Pre task execution logs
[2024-06-26T08:32:10.323+0000] {taskinstance.py:2076} INFO - Dependencies all met for dep_context=non-requeueable deps ti=<TaskInstance: demo_dag_for_alerting_final.insert_new_record_into_audit_table scheduled__2024-06-26T08:31:00+00:00 [queued]>
[2024-06-26T08:32:10.337+0000] {taskinstance.py:2076} INFO - Dependencies all met for dep_context=requeueable deps ti=<TaskInstance: demo_dag_for_alerting_final.insert_new_record_into_audit_table scheduled__2024-06-26T08:31:00+00:00 [queued]>
[2024-06-26T08:32:10.337+0000] {taskinstance.py:2306} INFO - Starting attempt 1 of 6
[2024-06-26T08:32:10.355+0000] {taskinstance.py:2330} INFO - Executing <Task(PythonOperator): insert_new_record_into_audit_table> on 2024-06-26 08:31:00+00:00
[2024-06-26T08:32:10.360+0000] {warnings.py:110} WARNING - /home/***/.local/lib/python3.12/site-packages/***/task/task_runner/standard_task_runner.py:61: DeprecationWarning: This process (pid=4902) is multi-threaded, use of fork() may lead to deadlocks in the child.
  pid = os.fork()

[2024-06-26T08:32:10.362+0000] {standard_task_runner.py:63} INFO - Started process 4904 to run task
[2024-06-26T08:32:10.363+0000] {standard_task_runner.py:90} INFO - Running: ['***', 'tasks', 'run', 'demo_dag_for_alerting_final', 'insert_new_record_into_audit_table', 'scheduled__2024-06-26T08:31:00+00:00', '--job-id', '4185', '--raw', '--subdir', 'DAGS_FOLDER/demo_dag_for_alerting.py', '--cfg-path', '/tmp/tmp3zr7srzf']
[2024-06-26T08:32:10.364+0000] {standard_task_runner.py:91} INFO - Job 4185: Subtask insert_new_record_into_audit_table
[2024-06-26T08:32:10.418+0000] {task_command.py:426} INFO - Running <TaskInstance: demo_dag_for_alerting_final.insert_new_record_into_audit_table scheduled__2024-06-26T08:31:00+00:00 [running]> on host ced2311e92d2
[2024-06-26T08:32:10.528+0000] {taskinstance.py:2648} INFO - Exporting env vars: AIRFLOW_CTX_DAG_OWNER='***' AIRFLOW_CTX_DAG_ID='demo_dag_for_alerting_final' AIRFLOW_CTX_TASK_ID='insert_new_record_into_audit_table' AIRFLOW_CTX_EXECUTION_DATE='2024-06-26T08:31:00+00:00' AIRFLOW_CTX_TRY_NUMBER='1' AIRFLOW_CTX_DAG_RUN_ID='scheduled__2024-06-26T08:31:00+00:00'
[2024-06-26T08:32:10.530+0000] {taskinstance.py:430} INFO - ::endgroup::
[2024-06-26T08:32:10.546+0000] {logging_mixin.py:188} INFO - insert_into_audit_table_for_adhoc_data
[2024-06-26T08:32:10.547+0000] {python.py:237} INFO - Done. Returned value was: None
[2024-06-26T08:32:10.547+0000] {taskinstance.py:441} INFO - ::group::Post task execution logs
[2024-06-26T08:32:10.561+0000] {taskinstance.py:1206} INFO - Marking task as SUCCESS. dag_id=demo_dag_for_alerting_final, task_id=insert_new_record_into_audit_table, run_id=scheduled__2024-06-26T08:31:00+00:00, execution_date=20240626T083100, start_date=20240626T083210, end_date=20240626T083210
[2024-06-26T08:32:10.616+0000] {local_task_job_runner.py:240} INFO - Task exited with return code 0
[2024-06-26T08:32:10.636+0000] {taskinstance.py:3498} INFO - 0 downstream tasks scheduled from follow-on schedule check
[2024-06-26T08:32:10.638+0000] {local_task_job_runner.py:222} INFO - ::endgroup::
