[2024-06-13T05:49:57.899+0000] {local_task_job_runner.py:120} INFO - ::group::Pre task execution logs
[2024-06-13T05:49:57.922+0000] {taskinstance.py:2076} INFO - Dependencies all met for dep_context=non-requeueable deps ti=<TaskInstance: airflow_example.filter_data manual__2024-06-13T05:49:54.901566+00:00 [queued]>
[2024-06-13T05:49:57.931+0000] {taskinstance.py:2076} INFO - Dependencies all met for dep_context=requeueable deps ti=<TaskInstance: airflow_example.filter_data manual__2024-06-13T05:49:54.901566+00:00 [queued]>
[2024-06-13T05:49:57.931+0000] {taskinstance.py:2306} INFO - Starting attempt 1 of 6
[2024-06-13T05:49:57.948+0000] {taskinstance.py:2330} INFO - Executing <Task(PythonOperator): filter_data> on 2024-06-13 05:49:54.901566+00:00
[2024-06-13T05:49:57.956+0000] {warnings.py:110} WARNING - /home/***/.local/lib/python3.12/site-packages/***/task/task_runner/standard_task_runner.py:61: DeprecationWarning: This process (pid=86) is multi-threaded, use of fork() may lead to deadlocks in the child.
  pid = os.fork()

[2024-06-13T05:49:57.957+0000] {standard_task_runner.py:63} INFO - Started process 87 to run task
[2024-06-13T05:49:57.958+0000] {standard_task_runner.py:90} INFO - Running: ['***', 'tasks', 'run', '***_example', 'filter_data', 'manual__2024-06-13T05:49:54.901566+00:00', '--job-id', '173', '--raw', '--subdir', 'DAGS_FOLDER/file_jsons_to_postgres.py', '--cfg-path', '/tmp/tmpbdd0tmpg']
[2024-06-13T05:49:57.959+0000] {standard_task_runner.py:91} INFO - Job 173: Subtask filter_data
[2024-06-13T05:49:58.011+0000] {task_command.py:426} INFO - Running <TaskInstance: airflow_example.filter_data manual__2024-06-13T05:49:54.901566+00:00 [running]> on host 8cc8d7c9eee4
[2024-06-13T05:49:58.119+0000] {taskinstance.py:2648} INFO - Exporting env vars: AIRFLOW_CTX_DAG_OWNER='***' AIRFLOW_CTX_DAG_ID='***_example' AIRFLOW_CTX_TASK_ID='filter_data' AIRFLOW_CTX_EXECUTION_DATE='2024-06-13T05:49:54.901566+00:00' AIRFLOW_CTX_TRY_NUMBER='1' AIRFLOW_CTX_DAG_RUN_ID='manual__2024-06-13T05:49:54.901566+00:00'
[2024-06-13T05:49:58.120+0000] {taskinstance.py:430} INFO - ::endgroup::
[2024-06-13T05:49:58.144+0000] {file_jsons_to_postgres.py:52} INFO - Filtered valid data: [{'name': 'Jane', 'email': 'aoe6@ummc.com', 'date': '2022-12-31'}, {'name': 'John', 'email': 'fes0qqmbm@egkn.com', 'date': '2023-01-01'}, {'name': 'Jake', 'email': 'kky2cw5@nkqm.com', 'date': '2024-06-12'}, {'name': 'Jake', 'email': 'qdo9@krszenu.com', 'date': '2023-01-01'}]
[2024-06-13T05:49:58.158+0000] {python.py:237} INFO - Done. Returned value was: None
[2024-06-13T05:49:58.158+0000] {taskinstance.py:441} INFO - ::group::Post task execution logs
[2024-06-13T05:49:58.167+0000] {taskinstance.py:1206} INFO - Marking task as SUCCESS. dag_id=***_example, task_id=filter_data, run_id=manual__2024-06-13T05:49:54.901566+00:00, execution_date=20240613T054954, start_date=20240613T054957, end_date=20240613T054958
[2024-06-13T05:49:58.211+0000] {local_task_job_runner.py:240} INFO - Task exited with return code 0
[2024-06-13T05:49:58.242+0000] {taskinstance.py:3498} INFO - 1 downstream tasks scheduled from follow-on schedule check
[2024-06-13T05:49:58.243+0000] {local_task_job_runner.py:222} INFO - ::endgroup::
