[2024-06-19T06:08:03.540+0000] {local_task_job_runner.py:120} INFO - ::group::Pre task execution logs
[2024-06-19T06:08:03.569+0000] {taskinstance.py:2076} INFO - Dependencies all met for dep_context=non-requeueable deps ti=<TaskInstance: demo_dag_for_alerting_apis_final.skip_run scheduled__2024-06-19T06:07:00+00:00 [queued]>
[2024-06-19T06:08:03.580+0000] {taskinstance.py:2076} INFO - Dependencies all met for dep_context=requeueable deps ti=<TaskInstance: demo_dag_for_alerting_apis_final.skip_run scheduled__2024-06-19T06:07:00+00:00 [queued]>
[2024-06-19T06:08:03.580+0000] {taskinstance.py:2306} INFO - Starting attempt 1 of 6
[2024-06-19T06:08:03.594+0000] {taskinstance.py:2330} INFO - Executing <Task(PythonOperator): skip_run> on 2024-06-19 06:07:00+00:00
[2024-06-19T06:08:03.599+0000] {warnings.py:110} WARNING - /home/***/.local/lib/python3.12/site-packages/***/task/task_runner/standard_task_runner.py:61: DeprecationWarning: This process (pid=1989) is multi-threaded, use of fork() may lead to deadlocks in the child.
  pid = os.fork()

[2024-06-19T06:08:03.600+0000] {standard_task_runner.py:63} INFO - Started process 1990 to run task
[2024-06-19T06:08:03.601+0000] {standard_task_runner.py:90} INFO - Running: ['***', 'tasks', 'run', 'demo_dag_for_alerting_apis_final', 'skip_run', 'scheduled__2024-06-19T06:07:00+00:00', '--job-id', '1156', '--raw', '--subdir', 'DAGS_FOLDER/demo_dag_for_alerting_apis.py', '--cfg-path', '/tmp/tmpvnikxc6g']
[2024-06-19T06:08:03.602+0000] {standard_task_runner.py:91} INFO - Job 1156: Subtask skip_run
[2024-06-19T06:08:03.647+0000] {task_command.py:426} INFO - Running <TaskInstance: demo_dag_for_alerting_apis_final.skip_run scheduled__2024-06-19T06:07:00+00:00 [running]> on host 9e4d135130fa
[2024-06-19T06:08:03.745+0000] {taskinstance.py:2648} INFO - Exporting env vars: AIRFLOW_CTX_DAG_OWNER='***' AIRFLOW_CTX_DAG_ID='demo_dag_for_alerting_apis_final' AIRFLOW_CTX_TASK_ID='skip_run' AIRFLOW_CTX_EXECUTION_DATE='2024-06-19T06:07:00+00:00' AIRFLOW_CTX_TRY_NUMBER='1' AIRFLOW_CTX_DAG_RUN_ID='scheduled__2024-06-19T06:07:00+00:00'
[2024-06-19T06:08:03.746+0000] {taskinstance.py:430} INFO - ::endgroup::
[2024-06-19T06:08:03.951+0000] {logging_mixin.py:188} INFO - ['scheduled__2024-06-19T06:07:00+00:00', 'manual__2024-06-19T06:07:31.448818+00:00', 'scheduled__2024-06-19T06:06:00+00:00']
[2024-06-19T06:08:04.515+0000] {logging_mixin.py:188} INFO - ['running', 'success', 'success']
[2024-06-19T06:08:04.515+0000] {python.py:237} INFO - Done. Returned value was: None
[2024-06-19T06:08:04.516+0000] {taskinstance.py:441} INFO - ::group::Post task execution logs
[2024-06-19T06:08:04.526+0000] {taskinstance.py:1206} INFO - Marking task as SUCCESS. dag_id=demo_dag_for_alerting_apis_final, task_id=skip_run, run_id=scheduled__2024-06-19T06:07:00+00:00, execution_date=20240619T060700, start_date=20240619T060803, end_date=20240619T060804
[2024-06-19T06:08:04.576+0000] {local_task_job_runner.py:240} INFO - Task exited with return code 0
[2024-06-19T06:08:04.602+0000] {taskinstance.py:3498} INFO - 0 downstream tasks scheduled from follow-on schedule check
[2024-06-19T06:08:04.604+0000] {local_task_job_runner.py:222} INFO - ::endgroup::
