[2024-06-19T10:50:03.816+0000] {local_task_job_runner.py:120} INFO - ::group::Pre task execution logs
[2024-06-19T10:50:03.840+0000] {taskinstance.py:2076} INFO - Dependencies all met for dep_context=non-requeueable deps ti=<TaskInstance: demo_dag_for_alerting_final.refresh_external_table scheduled__2024-06-19T10:49:00+00:00 [queued]>
[2024-06-19T10:50:03.849+0000] {taskinstance.py:2076} INFO - Dependencies all met for dep_context=requeueable deps ti=<TaskInstance: demo_dag_for_alerting_final.refresh_external_table scheduled__2024-06-19T10:49:00+00:00 [queued]>
[2024-06-19T10:50:03.850+0000] {taskinstance.py:2306} INFO - Starting attempt 1 of 6
[2024-06-19T10:50:03.863+0000] {taskinstance.py:2330} INFO - Executing <Task(PythonOperator): refresh_external_table> on 2024-06-19 10:49:00+00:00
[2024-06-19T10:50:03.869+0000] {warnings.py:110} WARNING - /home/***/.local/lib/python3.12/site-packages/***/task/task_runner/standard_task_runner.py:61: DeprecationWarning: This process (pid=4621) is multi-threaded, use of fork() may lead to deadlocks in the child.
  pid = os.fork()

[2024-06-19T10:50:03.871+0000] {standard_task_runner.py:63} INFO - Started process 4622 to run task
[2024-06-19T10:50:03.871+0000] {standard_task_runner.py:90} INFO - Running: ['***', 'tasks', 'run', 'demo_dag_for_alerting_final', 'refresh_external_table', 'scheduled__2024-06-19T10:49:00+00:00', '--job-id', '1420', '--raw', '--subdir', 'DAGS_FOLDER/demo_dag_for_alerting.py', '--cfg-path', '/tmp/tmpfsbz45j7']
[2024-06-19T10:50:03.872+0000] {standard_task_runner.py:91} INFO - Job 1420: Subtask refresh_external_table
[2024-06-19T10:50:03.921+0000] {task_command.py:426} INFO - Running <TaskInstance: demo_dag_for_alerting_final.refresh_external_table scheduled__2024-06-19T10:49:00+00:00 [running]> on host 9e4d135130fa
[2024-06-19T10:50:04.029+0000] {taskinstance.py:2648} INFO - Exporting env vars: AIRFLOW_CTX_DAG_OWNER='***' AIRFLOW_CTX_DAG_ID='demo_dag_for_alerting_final' AIRFLOW_CTX_TASK_ID='refresh_external_table' AIRFLOW_CTX_EXECUTION_DATE='2024-06-19T10:49:00+00:00' AIRFLOW_CTX_TRY_NUMBER='1' AIRFLOW_CTX_DAG_RUN_ID='scheduled__2024-06-19T10:49:00+00:00'
[2024-06-19T10:50:04.030+0000] {taskinstance.py:430} INFO - ::endgroup::
[2024-06-19T10:50:04.048+0000] {helper_functions.py:75} ERROR - Failed to run demo_dag_for_alerting_final with task refresh_external_table: 'EmptyOperator' object is not callable
[2024-06-19T10:50:04.048+0000] {python.py:237} INFO - Done. Returned value was: None
[2024-06-19T10:50:04.050+0000] {taskinstance.py:441} INFO - ::group::Post task execution logs
[2024-06-19T10:50:04.061+0000] {taskinstance.py:1206} INFO - Marking task as SUCCESS. dag_id=demo_dag_for_alerting_final, task_id=refresh_external_table, run_id=scheduled__2024-06-19T10:49:00+00:00, execution_date=20240619T104900, start_date=20240619T105003, end_date=20240619T105004
[2024-06-19T10:50:04.085+0000] {local_task_job_runner.py:240} INFO - Task exited with return code 0
[2024-06-19T10:50:04.113+0000] {taskinstance.py:3498} INFO - 1 downstream tasks scheduled from follow-on schedule check
[2024-06-19T10:50:04.115+0000] {local_task_job_runner.py:222} INFO - ::endgroup::
