[2024-06-24T09:37:08.293+0000] {local_task_job_runner.py:120} INFO - ::group::Pre task execution logs
[2024-06-24T09:37:08.320+0000] {taskinstance.py:2076} INFO - Dependencies all met for dep_context=non-requeueable deps ti=<TaskInstance: demo_dag_for_alerting_apis_final.skipped_due_to_data_unavailability scheduled__2024-06-24T09:36:00+00:00 [queued]>
[2024-06-24T09:37:08.330+0000] {taskinstance.py:2076} INFO - Dependencies all met for dep_context=requeueable deps ti=<TaskInstance: demo_dag_for_alerting_apis_final.skipped_due_to_data_unavailability scheduled__2024-06-24T09:36:00+00:00 [queued]>
[2024-06-24T09:37:08.331+0000] {taskinstance.py:2306} INFO - Starting attempt 1 of 6
[2024-06-24T09:37:08.343+0000] {taskinstance.py:2330} INFO - Executing <Task(PythonOperator): skipped_due_to_data_unavailability> on 2024-06-24 09:36:00+00:00
[2024-06-24T09:37:08.348+0000] {warnings.py:110} WARNING - /home/***/.local/lib/python3.12/site-packages/***/task/task_runner/standard_task_runner.py:61: DeprecationWarning: This process (pid=1942) is multi-threaded, use of fork() may lead to deadlocks in the child.
  pid = os.fork()

[2024-06-24T09:37:08.349+0000] {standard_task_runner.py:63} INFO - Started process 1943 to run task
[2024-06-24T09:37:08.349+0000] {standard_task_runner.py:90} INFO - Running: ['***', 'tasks', 'run', 'demo_dag_for_alerting_apis_final', 'skipped_due_to_data_unavailability', 'scheduled__2024-06-24T09:36:00+00:00', '--job-id', '3490', '--raw', '--subdir', 'DAGS_FOLDER/demo_dag_for_alerting_apis.py', '--cfg-path', '/tmp/tmpqoebuvxb']
[2024-06-24T09:37:08.350+0000] {standard_task_runner.py:91} INFO - Job 3490: Subtask skipped_due_to_data_unavailability
[2024-06-24T09:37:08.387+0000] {task_command.py:426} INFO - Running <TaskInstance: demo_dag_for_alerting_apis_final.skipped_due_to_data_unavailability scheduled__2024-06-24T09:36:00+00:00 [running]> on host bf895605831d
[2024-06-24T09:37:08.470+0000] {taskinstance.py:2648} INFO - Exporting env vars: AIRFLOW_CTX_DAG_OWNER='***' AIRFLOW_CTX_DAG_ID='demo_dag_for_alerting_apis_final' AIRFLOW_CTX_TASK_ID='skipped_due_to_data_unavailability' AIRFLOW_CTX_EXECUTION_DATE='2024-06-24T09:36:00+00:00' AIRFLOW_CTX_TRY_NUMBER='1' AIRFLOW_CTX_DAG_RUN_ID='scheduled__2024-06-24T09:36:00+00:00'
[2024-06-24T09:37:08.471+0000] {taskinstance.py:430} INFO - ::endgroup::
[2024-06-24T09:37:08.674+0000] {helper_functions.py:151} INFO - ['scheduled__2024-06-24T09:35:00+00:00', 'scheduled__2024-06-24T09:34:00+00:00']
[2024-06-24T09:37:09.036+0000] {helper_functions.py:161} INFO - ['success', 'success']
[2024-06-24T09:37:09.036+0000] {python.py:237} INFO - Done. Returned value was: None
[2024-06-24T09:37:09.037+0000] {taskinstance.py:441} INFO - ::group::Post task execution logs
[2024-06-24T09:37:09.046+0000] {taskinstance.py:1206} INFO - Marking task as SUCCESS. dag_id=demo_dag_for_alerting_apis_final, task_id=skipped_due_to_data_unavailability, run_id=scheduled__2024-06-24T09:36:00+00:00, execution_date=20240624T093600, start_date=20240624T093708, end_date=20240624T093709
[2024-06-24T09:37:09.083+0000] {local_task_job_runner.py:240} INFO - Task exited with return code 0
[2024-06-24T09:37:09.097+0000] {taskinstance.py:3498} INFO - 0 downstream tasks scheduled from follow-on schedule check
[2024-06-24T09:37:09.098+0000] {local_task_job_runner.py:222} INFO - ::endgroup::
