[2024-06-12T09:52:42.959+0000] {local_task_job_runner.py:120} INFO - ::group::Pre task execution logs
[2024-06-12T09:52:42.987+0000] {taskinstance.py:2076} INFO - Dependencies all met for dep_context=non-requeueable deps ti=<TaskInstance: airflow_example.process_json manual__2024-06-12T09:52:40.702350+00:00 [queued]>
[2024-06-12T09:52:42.997+0000] {taskinstance.py:2076} INFO - Dependencies all met for dep_context=requeueable deps ti=<TaskInstance: airflow_example.process_json manual__2024-06-12T09:52:40.702350+00:00 [queued]>
[2024-06-12T09:52:42.997+0000] {taskinstance.py:2306} INFO - Starting attempt 1 of 6
[2024-06-12T09:52:43.012+0000] {taskinstance.py:2330} INFO - Executing <Task(PythonOperator): process_json> on 2024-06-12 09:52:40.702350+00:00
[2024-06-12T09:52:43.017+0000] {warnings.py:110} WARNING - /home/***/.local/lib/python3.12/site-packages/***/task/task_runner/standard_task_runner.py:61: DeprecationWarning: This process (pid=2678) is multi-threaded, use of fork() may lead to deadlocks in the child.
  pid = os.fork()

[2024-06-12T09:52:43.018+0000] {standard_task_runner.py:63} INFO - Started process 2679 to run task
[2024-06-12T09:52:43.018+0000] {standard_task_runner.py:90} INFO - Running: ['***', 'tasks', 'run', '***_example', 'process_json', 'manual__2024-06-12T09:52:40.702350+00:00', '--job-id', '147', '--raw', '--subdir', 'DAGS_FOLDER/file_jsons_to_postgres.py', '--cfg-path', '/tmp/tmp8kssnx_w']
[2024-06-12T09:52:43.019+0000] {standard_task_runner.py:91} INFO - Job 147: Subtask process_json
[2024-06-12T09:52:43.062+0000] {task_command.py:426} INFO - Running <TaskInstance: airflow_example.process_json manual__2024-06-12T09:52:40.702350+00:00 [running]> on host 7bea3768514b
[2024-06-12T09:52:43.145+0000] {taskinstance.py:2648} INFO - Exporting env vars: AIRFLOW_CTX_DAG_OWNER='***' AIRFLOW_CTX_DAG_ID='***_example' AIRFLOW_CTX_TASK_ID='process_json' AIRFLOW_CTX_EXECUTION_DATE='2024-06-12T09:52:40.702350+00:00' AIRFLOW_CTX_TRY_NUMBER='1' AIRFLOW_CTX_DAG_RUN_ID='manual__2024-06-12T09:52:40.702350+00:00'
[2024-06-12T09:52:43.145+0000] {taskinstance.py:430} INFO - ::endgroup::
[2024-06-12T09:52:43.161+0000] {file_jsons_to_postgres.py:56} INFO - Loaded JSON data: [{'name': '', 'phoneNumber': '6234567890', 'date': '2022-05-11T10:08:00.026Z', 'email': 'N!k#!1$*@gmail.com'}, {'phoneNumber': '6234567890', 'date': '2022-05-11T10:08:00.026Z', 'email': 'N!k#!1$*@gmail.com'}, {'name': 'nikhil11', 'phoneNumber': '6234567890', 'date': '2022-05-11T10:08:00.026Z', 'email': 'N!k#!1$*@gmail.com'}, {'name': 'nikhil4', 'phoneNumber': '6234567890', 'date': '2022-05-11T10:08:00.026Z', 'email': 'sdfghgjhgf'}, {'name': 'nikhil5', 'phoneNumber': '6234567890', 'date': '2022-05-11T10:08:00.026Z'}, {'name': 'nikhil1', 'phoneNumber': '6234567890', 'date': '2022-05-11T10:08:00.026Z', 'email': 'N!k#!1$*@gmail.com'}, {'name': 'nikhil6', 'phoneNumber': '6234567890', 'date': '', 'email': 'N!k#!1$*@gmail.com'}, {'name': 'nikhil7', 'phoneNumber': '6234567890', 'email': 'N!k#!1$*@gmail.com'}, {'name': 'nikhil12', 'phoneNumber': '6234567890', 'date': '2022-05-11T10:08:00.026Z', 'email': 'N!k#!1$*@gmail.com'}]
[2024-06-12T09:52:43.162+0000] {file_jsons_to_postgres.py:65} INFO - Filtered valid data: [{'name': 'nikhil11', 'phoneNumber': '6234567890', 'date': '2022-05-11T10:08:00.026Z', 'email': 'N!k#!1$*@gmail.com'}, {'name': 'nikhil1', 'phoneNumber': '6234567890', 'date': '2022-05-11T10:08:00.026Z', 'email': 'N!k#!1$*@gmail.com'}, {'name': 'nikhil12', 'phoneNumber': '6234567890', 'date': '2022-05-11T10:08:00.026Z', 'email': 'N!k#!1$*@gmail.com'}]
[2024-06-12T09:52:43.162+0000] {file_jsons_to_postgres.py:74} INFO - Inserting entry: {'name': 'nikhil11', 'phoneNumber': '6234567890', 'date': '2022-05-11T10:08:00.026Z', 'email': 'N!k#!1$*@gmail.com'}
[2024-06-12T09:52:43.170+0000] {base.py:84} INFO - Using connection ID 'postgres_conn' for task execution.
[2024-06-12T09:52:43.173+0000] {sql.py:470} INFO - Running statement: 
            INSERT INTO valid_data (name, email, date) VALUES (%s, %s, %s)
            , parameters: ('nikhil11', 'N!k#!1$*@gmail.com', '2022-05-11T10:08:00.026Z')
[2024-06-12T09:52:43.175+0000] {sql.py:479} INFO - Rows affected: 1
[2024-06-12T09:52:43.176+0000] {file_jsons_to_postgres.py:74} INFO - Inserting entry: {'name': 'nikhil1', 'phoneNumber': '6234567890', 'date': '2022-05-11T10:08:00.026Z', 'email': 'N!k#!1$*@gmail.com'}
[2024-06-12T09:52:43.183+0000] {base.py:84} INFO - Using connection ID 'postgres_conn' for task execution.
[2024-06-12T09:52:43.186+0000] {sql.py:470} INFO - Running statement: 
            INSERT INTO valid_data (name, email, date) VALUES (%s, %s, %s)
            , parameters: ('nikhil1', 'N!k#!1$*@gmail.com', '2022-05-11T10:08:00.026Z')
[2024-06-12T09:52:43.187+0000] {sql.py:479} INFO - Rows affected: 1
[2024-06-12T09:52:43.189+0000] {file_jsons_to_postgres.py:74} INFO - Inserting entry: {'name': 'nikhil12', 'phoneNumber': '6234567890', 'date': '2022-05-11T10:08:00.026Z', 'email': 'N!k#!1$*@gmail.com'}
[2024-06-12T09:52:43.196+0000] {base.py:84} INFO - Using connection ID 'postgres_conn' for task execution.
[2024-06-12T09:52:43.199+0000] {sql.py:470} INFO - Running statement: 
            INSERT INTO valid_data (name, email, date) VALUES (%s, %s, %s)
            , parameters: ('nikhil12', 'N!k#!1$*@gmail.com', '2022-05-11T10:08:00.026Z')
[2024-06-12T09:52:43.200+0000] {sql.py:479} INFO - Rows affected: 1
[2024-06-12T09:52:43.201+0000] {file_jsons_to_postgres.py:76} INFO - Data insertion completed successfully.
[2024-06-12T09:52:43.202+0000] {python.py:237} INFO - Done. Returned value was: None
[2024-06-12T09:52:43.203+0000] {taskinstance.py:441} INFO - ::group::Post task execution logs
[2024-06-12T09:52:43.215+0000] {taskinstance.py:1206} INFO - Marking task as SUCCESS. dag_id=***_example, task_id=process_json, run_id=manual__2024-06-12T09:52:40.702350+00:00, execution_date=20240612T095240, start_date=20240612T095242, end_date=20240612T095243
[2024-06-12T09:52:43.271+0000] {local_task_job_runner.py:240} INFO - Task exited with return code 0
[2024-06-12T09:52:43.287+0000] {taskinstance.py:3498} INFO - 0 downstream tasks scheduled from follow-on schedule check
[2024-06-12T09:52:43.289+0000] {local_task_job_runner.py:222} INFO - ::endgroup::
