[2024-06-26T10:12:02.974+0000] {local_task_job_runner.py:120} INFO - ::group::Pre task execution logs
[2024-06-26T10:12:03.035+0000] {taskinstance.py:2076} INFO - Dependencies all met for dep_context=non-requeueable deps ti=<TaskInstance: demo_dag_for_alerting_final.skip_run scheduled__2024-06-26T10:11:00+00:00 [queued]>
[2024-06-26T10:12:03.058+0000] {taskinstance.py:2076} INFO - Dependencies all met for dep_context=requeueable deps ti=<TaskInstance: demo_dag_for_alerting_final.skip_run scheduled__2024-06-26T10:11:00+00:00 [queued]>
[2024-06-26T10:12:03.059+0000] {taskinstance.py:2306} INFO - Starting attempt 1 of 6
[2024-06-26T10:12:03.088+0000] {taskinstance.py:2330} INFO - Executing <Task(PythonOperator): skip_run> on 2024-06-26 10:11:00+00:00
[2024-06-26T10:12:03.100+0000] {warnings.py:110} WARNING - /home/***/.local/lib/python3.12/site-packages/***/task/task_runner/standard_task_runner.py:61: DeprecationWarning: This process (pid=6292) is multi-threaded, use of fork() may lead to deadlocks in the child.
  pid = os.fork()

[2024-06-26T10:12:03.102+0000] {standard_task_runner.py:63} INFO - Started process 6296 to run task
[2024-06-26T10:12:03.102+0000] {standard_task_runner.py:90} INFO - Running: ['***', 'tasks', 'run', 'demo_dag_for_alerting_final', 'skip_run', 'scheduled__2024-06-26T10:11:00+00:00', '--job-id', '4279', '--raw', '--subdir', 'DAGS_FOLDER/demo_dag_for_alerting.py', '--cfg-path', '/tmp/tmpsx_i3nx6']
[2024-06-26T10:12:03.104+0000] {standard_task_runner.py:91} INFO - Job 4279: Subtask skip_run
[2024-06-26T10:12:03.171+0000] {task_command.py:426} INFO - Running <TaskInstance: demo_dag_for_alerting_final.skip_run scheduled__2024-06-26T10:11:00+00:00 [running]> on host ced2311e92d2
[2024-06-26T10:12:03.319+0000] {taskinstance.py:2648} INFO - Exporting env vars: AIRFLOW_CTX_DAG_OWNER='***' AIRFLOW_CTX_DAG_ID='demo_dag_for_alerting_final' AIRFLOW_CTX_TASK_ID='skip_run' AIRFLOW_CTX_EXECUTION_DATE='2024-06-26T10:11:00+00:00' AIRFLOW_CTX_TRY_NUMBER='1' AIRFLOW_CTX_DAG_RUN_ID='scheduled__2024-06-26T10:11:00+00:00'
[2024-06-26T10:12:03.320+0000] {taskinstance.py:430} INFO - ::endgroup::
[2024-06-26T10:12:03.342+0000] {helper_functions.py:158} INFO - The DAG demo_dag_for_alerting_final was skipped at 2024-06-26 10:12:03.342726

[2024-06-26T10:12:03.343+0000] {python.py:237} INFO - Done. Returned value was: None
[2024-06-26T10:12:03.343+0000] {taskinstance.py:441} INFO - ::group::Post task execution logs
[2024-06-26T10:12:03.363+0000] {taskinstance.py:1206} INFO - Marking task as SUCCESS. dag_id=demo_dag_for_alerting_final, task_id=skip_run, run_id=scheduled__2024-06-26T10:11:00+00:00, execution_date=20240626T101100, start_date=20240626T101203, end_date=20240626T101203
[2024-06-26T10:12:03.400+0000] {local_task_job_runner.py:240} INFO - Task exited with return code 0
[2024-06-26T10:12:03.421+0000] {taskinstance.py:3498} INFO - 0 downstream tasks scheduled from follow-on schedule check
[2024-06-26T10:12:03.422+0000] {local_task_job_runner.py:222} INFO - ::endgroup::
