[2024-06-18T10:25:01.934+0000] {local_task_job_runner.py:120} INFO - ::group::Pre task execution logs
[2024-06-18T10:25:01.993+0000] {taskinstance.py:2076} INFO - Dependencies all met for dep_context=non-requeueable deps ti=<TaskInstance: alerting_skipped11.check_previous_run_status scheduled__2024-06-18T10:24:00+00:00 [queued]>
[2024-06-18T10:25:02.010+0000] {taskinstance.py:2076} INFO - Dependencies all met for dep_context=requeueable deps ti=<TaskInstance: alerting_skipped11.check_previous_run_status scheduled__2024-06-18T10:24:00+00:00 [queued]>
[2024-06-18T10:25:02.010+0000] {taskinstance.py:2306} INFO - Starting attempt 1 of 6
[2024-06-18T10:25:02.035+0000] {taskinstance.py:2330} INFO - Executing <Task(BranchPythonOperator): check_previous_run_status> on 2024-06-18 10:24:00+00:00
[2024-06-18T10:25:02.042+0000] {warnings.py:110} WARNING - /home/***/.local/lib/python3.12/site-packages/***/task/task_runner/standard_task_runner.py:61: DeprecationWarning: This process (pid=3826) is multi-threaded, use of fork() may lead to deadlocks in the child.
  pid = os.fork()

[2024-06-18T10:25:02.043+0000] {standard_task_runner.py:63} INFO - Started process 3827 to run task
[2024-06-18T10:25:02.043+0000] {standard_task_runner.py:90} INFO - Running: ['***', 'tasks', 'run', 'alerting_skipped11', 'check_previous_run_status', 'scheduled__2024-06-18T10:24:00+00:00', '--job-id', '607', '--raw', '--subdir', 'DAGS_FOLDER/alerting_skipped.py', '--cfg-path', '/tmp/tmpivjtg02s']
[2024-06-18T10:25:02.044+0000] {standard_task_runner.py:91} INFO - Job 607: Subtask check_previous_run_status
[2024-06-18T10:25:02.095+0000] {task_command.py:426} INFO - Running <TaskInstance: alerting_skipped11.check_previous_run_status scheduled__2024-06-18T10:24:00+00:00 [running]> on host fa5c5d972e05
[2024-06-18T10:25:02.227+0000] {taskinstance.py:2648} INFO - Exporting env vars: AIRFLOW_CTX_DAG_OWNER='***' AIRFLOW_CTX_DAG_ID='alerting_skipped11' AIRFLOW_CTX_TASK_ID='check_previous_run_status' AIRFLOW_CTX_EXECUTION_DATE='2024-06-18T10:24:00+00:00' AIRFLOW_CTX_TRY_NUMBER='1' AIRFLOW_CTX_DAG_RUN_ID='scheduled__2024-06-18T10:24:00+00:00'
[2024-06-18T10:25:02.228+0000] {taskinstance.py:430} INFO - ::endgroup::
[2024-06-18T10:25:02.260+0000] {baseoperator.py:399} WARNING - BranchPythonOperator.execute cannot be called outside TaskInstance!
[2024-06-18T10:25:02.260+0000] {python.py:237} INFO - Done. Returned value was: skip_run
[2024-06-18T10:25:02.261+0000] {branch.py:36} INFO - Branch into skip_run
[2024-06-18T10:25:02.261+0000] {skipmixin.py:178} INFO - Following branch skip_run
[2024-06-18T10:25:02.282+0000] {skipmixin.py:246} INFO - Skipping tasks [('start_run', -1)]
[2024-06-18T10:25:02.324+0000] {taskinstance.py:441} INFO - ::group::Post task execution logs
[2024-06-18T10:25:02.350+0000] {taskinstance.py:1206} INFO - Marking task as SUCCESS. dag_id=alerting_skipped11, task_id=check_previous_run_status, run_id=scheduled__2024-06-18T10:24:00+00:00, execution_date=20240618T102400, start_date=20240618T102501, end_date=20240618T102502
[2024-06-18T10:25:02.417+0000] {local_task_job_runner.py:240} INFO - Task exited with return code 0
[2024-06-18T10:25:02.500+0000] {taskinstance.py:3498} INFO - 1 downstream tasks scheduled from follow-on schedule check
[2024-06-18T10:25:02.507+0000] {local_task_job_runner.py:222} INFO - ::endgroup::
