[2024-06-18T14:05:02.500+0000] {local_task_job_runner.py:120} INFO - ::group::Pre task execution logs
[2024-06-18T14:05:02.531+0000] {taskinstance.py:2076} INFO - Dependencies all met for dep_context=non-requeueable deps ti=<TaskInstance: alerting_skipped.check_previous_run_status scheduled__2024-06-18T14:04:00+00:00 [queued]>
[2024-06-18T14:05:02.544+0000] {taskinstance.py:2076} INFO - Dependencies all met for dep_context=requeueable deps ti=<TaskInstance: alerting_skipped.check_previous_run_status scheduled__2024-06-18T14:04:00+00:00 [queued]>
[2024-06-18T14:05:02.544+0000] {taskinstance.py:2306} INFO - Starting attempt 1 of 6
[2024-06-18T14:05:02.567+0000] {taskinstance.py:2330} INFO - Executing <Task(BranchPythonOperator): check_previous_run_status> on 2024-06-18 14:04:00+00:00
[2024-06-18T14:05:02.575+0000] {warnings.py:110} WARNING - /home/***/.local/lib/python3.12/site-packages/***/task/task_runner/standard_task_runner.py:61: DeprecationWarning: This process (pid=6425) is multi-threaded, use of fork() may lead to deadlocks in the child.
  pid = os.fork()

[2024-06-18T14:05:02.576+0000] {standard_task_runner.py:63} INFO - Started process 6426 to run task
[2024-06-18T14:05:02.576+0000] {standard_task_runner.py:90} INFO - Running: ['***', 'tasks', 'run', 'alerting_skipped', 'check_previous_run_status', 'scheduled__2024-06-18T14:04:00+00:00', '--job-id', '802', '--raw', '--subdir', 'DAGS_FOLDER/alerting_skipped.py', '--cfg-path', '/tmp/tmpr6n8vqbp']
[2024-06-18T14:05:02.578+0000] {standard_task_runner.py:91} INFO - Job 802: Subtask check_previous_run_status
[2024-06-18T14:05:02.633+0000] {task_command.py:426} INFO - Running <TaskInstance: alerting_skipped.check_previous_run_status scheduled__2024-06-18T14:04:00+00:00 [running]> on host fa5c5d972e05
[2024-06-18T14:05:02.740+0000] {taskinstance.py:2648} INFO - Exporting env vars: AIRFLOW_CTX_DAG_OWNER='***' AIRFLOW_CTX_DAG_ID='alerting_skipped' AIRFLOW_CTX_TASK_ID='check_previous_run_status' AIRFLOW_CTX_EXECUTION_DATE='2024-06-18T14:04:00+00:00' AIRFLOW_CTX_TRY_NUMBER='1' AIRFLOW_CTX_DAG_RUN_ID='scheduled__2024-06-18T14:04:00+00:00'
[2024-06-18T14:05:02.741+0000] {taskinstance.py:430} INFO - ::endgroup::
[2024-06-18T14:05:02.757+0000] {baseoperator.py:399} WARNING - BranchPythonOperator.execute cannot be called outside TaskInstance!
[2024-06-18T14:05:02.774+0000] {helper_functions.py:46} ERROR - Error creating table: syntax error at or near "{"
LINE 2: ...         SELECT continous_skip_count WHERE dag_id={dag_id} A...
                                                             ^

[2024-06-18T14:05:02.775+0000] {python.py:237} INFO - Done. Returned value was: skip_run
[2024-06-18T14:05:02.775+0000] {branch.py:36} INFO - Branch into skip_run
[2024-06-18T14:05:02.775+0000] {skipmixin.py:178} INFO - Following branch skip_run
[2024-06-18T14:05:02.793+0000] {skipmixin.py:246} INFO - Skipping tasks [('start_run', -1)]
[2024-06-18T14:05:02.821+0000] {taskinstance.py:441} INFO - ::group::Post task execution logs
[2024-06-18T14:05:02.844+0000] {taskinstance.py:1206} INFO - Marking task as SUCCESS. dag_id=alerting_skipped, task_id=check_previous_run_status, run_id=scheduled__2024-06-18T14:04:00+00:00, execution_date=20240618T140400, start_date=20240618T140502, end_date=20240618T140502
[2024-06-18T14:05:02.870+0000] {local_task_job_runner.py:240} INFO - Task exited with return code 0
[2024-06-18T14:05:02.914+0000] {taskinstance.py:3498} INFO - 1 downstream tasks scheduled from follow-on schedule check
[2024-06-18T14:05:02.916+0000] {local_task_job_runner.py:222} INFO - ::endgroup::
