[2024-06-26T06:09:02.708+0000] {local_task_job_runner.py:120} INFO - ::group::Pre task execution logs
[2024-06-26T06:09:02.741+0000] {taskinstance.py:2076} INFO - Dependencies all met for dep_context=non-requeueable deps ti=<TaskInstance: demo_dag_for_alerting_final_1.check_previous_run_status scheduled__2024-06-26T06:08:00+00:00 [queued]>
[2024-06-26T06:09:02.755+0000] {taskinstance.py:2076} INFO - Dependencies all met for dep_context=requeueable deps ti=<TaskInstance: demo_dag_for_alerting_final_1.check_previous_run_status scheduled__2024-06-26T06:08:00+00:00 [queued]>
[2024-06-26T06:09:02.755+0000] {taskinstance.py:2306} INFO - Starting attempt 1 of 6
[2024-06-26T06:09:02.780+0000] {taskinstance.py:2330} INFO - Executing <Task(BranchPythonOperator): check_previous_run_status> on 2024-06-26 06:08:00+00:00
[2024-06-26T06:09:02.790+0000] {warnings.py:110} WARNING - /home/***/.local/lib/python3.12/site-packages/***/task/task_runner/standard_task_runner.py:61: DeprecationWarning: This process (pid=3866) is multi-threaded, use of fork() may lead to deadlocks in the child.
  pid = os.fork()

[2024-06-26T06:09:02.791+0000] {standard_task_runner.py:63} INFO - Started process 3867 to run task
[2024-06-26T06:09:02.791+0000] {standard_task_runner.py:90} INFO - Running: ['***', 'tasks', 'run', 'demo_dag_for_alerting_final_1', 'check_previous_run_status', 'scheduled__2024-06-26T06:08:00+00:00', '--job-id', '4083', '--raw', '--subdir', 'DAGS_FOLDER/demo_dag_for_alerting.py', '--cfg-path', '/tmp/tmpg8amn4df']
[2024-06-26T06:09:02.792+0000] {standard_task_runner.py:91} INFO - Job 4083: Subtask check_previous_run_status
[2024-06-26T06:09:02.849+0000] {task_command.py:426} INFO - Running <TaskInstance: demo_dag_for_alerting_final_1.check_previous_run_status scheduled__2024-06-26T06:08:00+00:00 [running]> on host ced2311e92d2
[2024-06-26T06:09:02.959+0000] {taskinstance.py:2648} INFO - Exporting env vars: AIRFLOW_CTX_DAG_OWNER='***' AIRFLOW_CTX_DAG_ID='demo_dag_for_alerting_final_1' AIRFLOW_CTX_TASK_ID='check_previous_run_status' AIRFLOW_CTX_EXECUTION_DATE='2024-06-26T06:08:00+00:00' AIRFLOW_CTX_TRY_NUMBER='1' AIRFLOW_CTX_DAG_RUN_ID='scheduled__2024-06-26T06:08:00+00:00'
[2024-06-26T06:09:02.960+0000] {taskinstance.py:430} INFO - ::endgroup::
[2024-06-26T06:09:02.975+0000] {baseoperator.py:399} WARNING - BranchPythonOperator.execute cannot be called outside TaskInstance!
[2024-06-26T06:09:02.976+0000] {helper_functions.py:199} INFO - Reading encrypted details from ('/opt/***/dags/postgres_connection.py', '/opt/***/dags/***_api_configuration.py')
[2024-06-26T06:09:02.983+0000] {helper_functions.py:202} INFO - Decrypted postgres connection: {'user': '***', 'password': '***', 'dbname': '***', 'host': '172.240.4.3', 'port': '5432'}
[2024-06-26T06:09:02.987+0000] {helper_functions.py:169} INFO - Executing create table SQL
[2024-06-26T06:09:02.988+0000] {helper_functions.py:173} INFO - Checking existing record for dag_id and task_id
[2024-06-26T06:09:02.989+0000] {helper_functions.py:179} INFO - Updating skip count for demo_dag_for_alerting_final_1 - check_previous_run_status
[2024-06-26T06:09:02.992+0000] {python.py:237} INFO - Done. Returned value was: skip_run
[2024-06-26T06:09:02.992+0000] {branch.py:36} INFO - Branch into skip_run
[2024-06-26T06:09:02.993+0000] {skipmixin.py:178} INFO - Following branch skip_run
[2024-06-26T06:09:03.011+0000] {skipmixin.py:246} INFO - Skipping tasks [('start_run', -1)]
[2024-06-26T06:09:03.039+0000] {taskinstance.py:441} INFO - ::group::Post task execution logs
[2024-06-26T06:09:03.063+0000] {taskinstance.py:1206} INFO - Marking task as SUCCESS. dag_id=demo_dag_for_alerting_final_1, task_id=check_previous_run_status, run_id=scheduled__2024-06-26T06:08:00+00:00, execution_date=20240626T060800, start_date=20240626T060902, end_date=20240626T060903
[2024-06-26T06:09:03.126+0000] {local_task_job_runner.py:240} INFO - Task exited with return code 0
[2024-06-26T06:09:03.168+0000] {taskinstance.py:3498} INFO - 1 downstream tasks scheduled from follow-on schedule check
[2024-06-26T06:09:03.171+0000] {local_task_job_runner.py:222} INFO - ::endgroup::
