[2024-06-19T17:09:42.609+0000] {processor.py:161} INFO - Started process (PID=33) to work on /opt/airflow/dags/config/airflow_api.py
[2024-06-19T17:09:42.610+0000] {processor.py:830} INFO - Processing file /opt/airflow/dags/config/airflow_api.py for tasks to queue
[2024-06-19T17:09:42.611+0000] {logging_mixin.py:188} INFO - [2024-06-19T17:09:42.611+0000] {dagbag.py:545} INFO - Filling up the DagBag from /opt/airflow/dags/config/airflow_api.py
[2024-06-19T17:09:42.613+0000] {processor.py:842} WARNING - No viable dags retrieved from /opt/airflow/dags/config/airflow_api.py
[2024-06-19T17:09:42.625+0000] {processor.py:183} INFO - Processing /opt/airflow/dags/config/airflow_api.py took 0.022 seconds
[2024-06-19T17:10:13.568+0000] {processor.py:161} INFO - Started process (PID=52) to work on /opt/airflow/dags/config/airflow_api.py
[2024-06-19T17:10:13.569+0000] {processor.py:830} INFO - Processing file /opt/airflow/dags/config/airflow_api.py for tasks to queue
[2024-06-19T17:10:13.570+0000] {logging_mixin.py:188} INFO - [2024-06-19T17:10:13.570+0000] {dagbag.py:545} INFO - Filling up the DagBag from /opt/airflow/dags/config/airflow_api.py
[2024-06-19T17:10:13.572+0000] {processor.py:842} WARNING - No viable dags retrieved from /opt/airflow/dags/config/airflow_api.py
[2024-06-19T17:10:13.584+0000] {processor.py:183} INFO - Processing /opt/airflow/dags/config/airflow_api.py took 0.022 seconds
[2024-06-19T17:10:44.205+0000] {processor.py:161} INFO - Started process (PID=67) to work on /opt/airflow/dags/config/airflow_api.py
[2024-06-19T17:10:44.206+0000] {processor.py:830} INFO - Processing file /opt/airflow/dags/config/airflow_api.py for tasks to queue
[2024-06-19T17:10:44.209+0000] {logging_mixin.py:188} INFO - [2024-06-19T17:10:44.209+0000] {dagbag.py:545} INFO - Filling up the DagBag from /opt/airflow/dags/config/airflow_api.py
[2024-06-19T17:10:44.212+0000] {processor.py:842} WARNING - No viable dags retrieved from /opt/airflow/dags/config/airflow_api.py
[2024-06-19T17:10:44.230+0000] {processor.py:183} INFO - Processing /opt/airflow/dags/config/airflow_api.py took 0.040 seconds
[2024-06-19T17:11:14.729+0000] {processor.py:161} INFO - Started process (PID=82) to work on /opt/airflow/dags/config/airflow_api.py
[2024-06-19T17:11:14.730+0000] {processor.py:830} INFO - Processing file /opt/airflow/dags/config/airflow_api.py for tasks to queue
[2024-06-19T17:11:14.732+0000] {logging_mixin.py:188} INFO - [2024-06-19T17:11:14.732+0000] {dagbag.py:545} INFO - Filling up the DagBag from /opt/airflow/dags/config/airflow_api.py
[2024-06-19T17:11:14.734+0000] {processor.py:842} WARNING - No viable dags retrieved from /opt/airflow/dags/config/airflow_api.py
[2024-06-19T17:11:14.747+0000] {processor.py:183} INFO - Processing /opt/airflow/dags/config/airflow_api.py took 0.024 seconds
[2024-06-19T17:11:45.527+0000] {processor.py:161} INFO - Started process (PID=101) to work on /opt/airflow/dags/config/airflow_api.py
[2024-06-19T17:11:45.528+0000] {processor.py:830} INFO - Processing file /opt/airflow/dags/config/airflow_api.py for tasks to queue
[2024-06-19T17:11:45.529+0000] {logging_mixin.py:188} INFO - [2024-06-19T17:11:45.529+0000] {dagbag.py:545} INFO - Filling up the DagBag from /opt/airflow/dags/config/airflow_api.py
[2024-06-19T17:11:45.531+0000] {processor.py:842} WARNING - No viable dags retrieved from /opt/airflow/dags/config/airflow_api.py
[2024-06-19T17:11:45.544+0000] {processor.py:183} INFO - Processing /opt/airflow/dags/config/airflow_api.py took 0.024 seconds
[2024-06-19T17:12:16.065+0000] {processor.py:161} INFO - Started process (PID=115) to work on /opt/airflow/dags/config/airflow_api.py
[2024-06-19T17:12:16.069+0000] {processor.py:830} INFO - Processing file /opt/airflow/dags/config/airflow_api.py for tasks to queue
[2024-06-19T17:12:16.074+0000] {logging_mixin.py:188} INFO - [2024-06-19T17:12:16.073+0000] {dagbag.py:545} INFO - Filling up the DagBag from /opt/airflow/dags/config/airflow_api.py
[2024-06-19T17:12:16.079+0000] {processor.py:842} WARNING - No viable dags retrieved from /opt/airflow/dags/config/airflow_api.py
[2024-06-19T17:12:16.114+0000] {processor.py:183} INFO - Processing /opt/airflow/dags/config/airflow_api.py took 0.055 seconds
[2024-06-19T17:12:46.525+0000] {processor.py:161} INFO - Started process (PID=129) to work on /opt/airflow/dags/config/airflow_api.py
[2024-06-19T17:12:46.526+0000] {processor.py:830} INFO - Processing file /opt/airflow/dags/config/airflow_api.py for tasks to queue
[2024-06-19T17:12:46.528+0000] {logging_mixin.py:188} INFO - [2024-06-19T17:12:46.527+0000] {dagbag.py:545} INFO - Filling up the DagBag from /opt/airflow/dags/config/airflow_api.py
[2024-06-19T17:12:46.529+0000] {processor.py:842} WARNING - No viable dags retrieved from /opt/airflow/dags/config/airflow_api.py
[2024-06-19T17:12:46.544+0000] {processor.py:183} INFO - Processing /opt/airflow/dags/config/airflow_api.py took 0.025 seconds
[2024-06-19T17:13:17.068+0000] {processor.py:161} INFO - Started process (PID=143) to work on /opt/airflow/dags/config/airflow_api.py
[2024-06-19T17:13:17.073+0000] {processor.py:830} INFO - Processing file /opt/airflow/dags/config/airflow_api.py for tasks to queue
[2024-06-19T17:13:17.077+0000] {logging_mixin.py:188} INFO - [2024-06-19T17:13:17.076+0000] {dagbag.py:545} INFO - Filling up the DagBag from /opt/airflow/dags/config/airflow_api.py
[2024-06-19T17:13:17.082+0000] {processor.py:842} WARNING - No viable dags retrieved from /opt/airflow/dags/config/airflow_api.py
[2024-06-19T17:13:17.116+0000] {processor.py:183} INFO - Processing /opt/airflow/dags/config/airflow_api.py took 0.054 seconds
[2024-06-19T17:13:47.606+0000] {processor.py:161} INFO - Started process (PID=158) to work on /opt/airflow/dags/config/airflow_api.py
[2024-06-19T17:13:47.607+0000] {processor.py:830} INFO - Processing file /opt/airflow/dags/config/airflow_api.py for tasks to queue
[2024-06-19T17:13:47.609+0000] {logging_mixin.py:188} INFO - [2024-06-19T17:13:47.609+0000] {dagbag.py:545} INFO - Filling up the DagBag from /opt/airflow/dags/config/airflow_api.py
[2024-06-19T17:13:47.611+0000] {processor.py:842} WARNING - No viable dags retrieved from /opt/airflow/dags/config/airflow_api.py
[2024-06-19T17:13:47.623+0000] {processor.py:183} INFO - Processing /opt/airflow/dags/config/airflow_api.py took 0.023 seconds
[2024-06-19T17:14:18.134+0000] {processor.py:161} INFO - Started process (PID=173) to work on /opt/airflow/dags/config/airflow_api.py
[2024-06-19T17:14:18.137+0000] {processor.py:830} INFO - Processing file /opt/airflow/dags/config/airflow_api.py for tasks to queue
[2024-06-19T17:14:18.139+0000] {logging_mixin.py:188} INFO - [2024-06-19T17:14:18.138+0000] {dagbag.py:545} INFO - Filling up the DagBag from /opt/airflow/dags/config/airflow_api.py
[2024-06-19T17:14:18.140+0000] {processor.py:842} WARNING - No viable dags retrieved from /opt/airflow/dags/config/airflow_api.py
[2024-06-19T17:14:18.150+0000] {processor.py:183} INFO - Processing /opt/airflow/dags/config/airflow_api.py took 0.020 seconds
[2024-06-19T17:14:48.778+0000] {processor.py:161} INFO - Started process (PID=186) to work on /opt/airflow/dags/config/airflow_api.py
[2024-06-19T17:14:48.779+0000] {processor.py:830} INFO - Processing file /opt/airflow/dags/config/airflow_api.py for tasks to queue
[2024-06-19T17:14:48.780+0000] {logging_mixin.py:188} INFO - [2024-06-19T17:14:48.780+0000] {dagbag.py:545} INFO - Filling up the DagBag from /opt/airflow/dags/config/airflow_api.py
[2024-06-19T17:14:48.781+0000] {processor.py:842} WARNING - No viable dags retrieved from /opt/airflow/dags/config/airflow_api.py
[2024-06-19T17:14:48.791+0000] {processor.py:183} INFO - Processing /opt/airflow/dags/config/airflow_api.py took 0.017 seconds
[2024-06-19T17:15:19.409+0000] {processor.py:161} INFO - Started process (PID=200) to work on /opt/airflow/dags/config/airflow_api.py
[2024-06-19T17:15:19.410+0000] {processor.py:830} INFO - Processing file /opt/airflow/dags/config/airflow_api.py for tasks to queue
[2024-06-19T17:15:19.412+0000] {logging_mixin.py:188} INFO - [2024-06-19T17:15:19.412+0000] {dagbag.py:545} INFO - Filling up the DagBag from /opt/airflow/dags/config/airflow_api.py
[2024-06-19T17:15:19.414+0000] {processor.py:842} WARNING - No viable dags retrieved from /opt/airflow/dags/config/airflow_api.py
[2024-06-19T17:15:19.428+0000] {processor.py:183} INFO - Processing /opt/airflow/dags/config/airflow_api.py took 0.031 seconds
[2024-06-19T17:15:49.913+0000] {processor.py:161} INFO - Started process (PID=214) to work on /opt/airflow/dags/config/airflow_api.py
[2024-06-19T17:15:49.914+0000] {processor.py:830} INFO - Processing file /opt/airflow/dags/config/airflow_api.py for tasks to queue
[2024-06-19T17:15:49.915+0000] {logging_mixin.py:188} INFO - [2024-06-19T17:15:49.915+0000] {dagbag.py:545} INFO - Filling up the DagBag from /opt/airflow/dags/config/airflow_api.py
[2024-06-19T17:15:49.917+0000] {processor.py:842} WARNING - No viable dags retrieved from /opt/airflow/dags/config/airflow_api.py
[2024-06-19T17:15:49.929+0000] {processor.py:183} INFO - Processing /opt/airflow/dags/config/airflow_api.py took 0.022 seconds
[2024-06-19T17:16:20.414+0000] {processor.py:161} INFO - Started process (PID=228) to work on /opt/airflow/dags/config/airflow_api.py
[2024-06-19T17:16:20.418+0000] {processor.py:830} INFO - Processing file /opt/airflow/dags/config/airflow_api.py for tasks to queue
[2024-06-19T17:16:20.419+0000] {logging_mixin.py:188} INFO - [2024-06-19T17:16:20.419+0000] {dagbag.py:545} INFO - Filling up the DagBag from /opt/airflow/dags/config/airflow_api.py
[2024-06-19T17:16:20.421+0000] {processor.py:842} WARNING - No viable dags retrieved from /opt/airflow/dags/config/airflow_api.py
[2024-06-19T17:16:20.431+0000] {processor.py:183} INFO - Processing /opt/airflow/dags/config/airflow_api.py took 0.022 seconds
[2024-06-19T17:16:50.923+0000] {processor.py:161} INFO - Started process (PID=241) to work on /opt/airflow/dags/config/airflow_api.py
[2024-06-19T17:16:50.924+0000] {processor.py:830} INFO - Processing file /opt/airflow/dags/config/airflow_api.py for tasks to queue
[2024-06-19T17:16:50.926+0000] {logging_mixin.py:188} INFO - [2024-06-19T17:16:50.925+0000] {dagbag.py:545} INFO - Filling up the DagBag from /opt/airflow/dags/config/airflow_api.py
[2024-06-19T17:16:50.928+0000] {processor.py:842} WARNING - No viable dags retrieved from /opt/airflow/dags/config/airflow_api.py
[2024-06-19T17:16:50.943+0000] {processor.py:183} INFO - Processing /opt/airflow/dags/config/airflow_api.py took 0.033 seconds
[2024-06-19T17:17:21.463+0000] {processor.py:161} INFO - Started process (PID=255) to work on /opt/airflow/dags/config/airflow_api.py
[2024-06-19T17:17:21.465+0000] {processor.py:830} INFO - Processing file /opt/airflow/dags/config/airflow_api.py for tasks to queue
[2024-06-19T17:17:21.469+0000] {logging_mixin.py:188} INFO - [2024-06-19T17:17:21.468+0000] {dagbag.py:545} INFO - Filling up the DagBag from /opt/airflow/dags/config/airflow_api.py
[2024-06-19T17:17:21.474+0000] {processor.py:842} WARNING - No viable dags retrieved from /opt/airflow/dags/config/airflow_api.py
[2024-06-19T17:17:21.503+0000] {processor.py:183} INFO - Processing /opt/airflow/dags/config/airflow_api.py took 0.047 seconds
[2024-06-19T17:17:51.943+0000] {processor.py:161} INFO - Started process (PID=269) to work on /opt/airflow/dags/config/airflow_api.py
[2024-06-19T17:17:51.944+0000] {processor.py:830} INFO - Processing file /opt/airflow/dags/config/airflow_api.py for tasks to queue
[2024-06-19T17:17:51.945+0000] {logging_mixin.py:188} INFO - [2024-06-19T17:17:51.945+0000] {dagbag.py:545} INFO - Filling up the DagBag from /opt/airflow/dags/config/airflow_api.py
[2024-06-19T17:17:51.946+0000] {processor.py:842} WARNING - No viable dags retrieved from /opt/airflow/dags/config/airflow_api.py
[2024-06-19T17:17:51.956+0000] {processor.py:183} INFO - Processing /opt/airflow/dags/config/airflow_api.py took 0.017 seconds
[2024-06-19T17:18:22.473+0000] {processor.py:161} INFO - Started process (PID=283) to work on /opt/airflow/dags/config/airflow_api.py
[2024-06-19T17:18:22.475+0000] {processor.py:830} INFO - Processing file /opt/airflow/dags/config/airflow_api.py for tasks to queue
[2024-06-19T17:18:22.477+0000] {logging_mixin.py:188} INFO - [2024-06-19T17:18:22.477+0000] {dagbag.py:545} INFO - Filling up the DagBag from /opt/airflow/dags/config/airflow_api.py
[2024-06-19T17:18:22.480+0000] {processor.py:842} WARNING - No viable dags retrieved from /opt/airflow/dags/config/airflow_api.py
[2024-06-19T17:18:22.497+0000] {processor.py:183} INFO - Processing /opt/airflow/dags/config/airflow_api.py took 0.036 seconds
[2024-06-19T17:18:52.977+0000] {processor.py:161} INFO - Started process (PID=297) to work on /opt/airflow/dags/config/airflow_api.py
[2024-06-19T17:18:52.978+0000] {processor.py:830} INFO - Processing file /opt/airflow/dags/config/airflow_api.py for tasks to queue
[2024-06-19T17:18:52.980+0000] {logging_mixin.py:188} INFO - [2024-06-19T17:18:52.979+0000] {dagbag.py:545} INFO - Filling up the DagBag from /opt/airflow/dags/config/airflow_api.py
[2024-06-19T17:18:52.981+0000] {processor.py:842} WARNING - No viable dags retrieved from /opt/airflow/dags/config/airflow_api.py
[2024-06-19T17:18:52.994+0000] {processor.py:183} INFO - Processing /opt/airflow/dags/config/airflow_api.py took 0.023 seconds
[2024-06-19T17:19:23.491+0000] {processor.py:161} INFO - Started process (PID=311) to work on /opt/airflow/dags/config/airflow_api.py
[2024-06-19T17:19:23.492+0000] {processor.py:830} INFO - Processing file /opt/airflow/dags/config/airflow_api.py for tasks to queue
[2024-06-19T17:19:23.493+0000] {logging_mixin.py:188} INFO - [2024-06-19T17:19:23.493+0000] {dagbag.py:545} INFO - Filling up the DagBag from /opt/airflow/dags/config/airflow_api.py
[2024-06-19T17:19:23.495+0000] {processor.py:842} WARNING - No viable dags retrieved from /opt/airflow/dags/config/airflow_api.py
[2024-06-19T17:19:23.506+0000] {processor.py:183} INFO - Processing /opt/airflow/dags/config/airflow_api.py took 0.020 seconds
[2024-06-19T17:19:54.046+0000] {processor.py:161} INFO - Started process (PID=325) to work on /opt/airflow/dags/config/airflow_api.py
[2024-06-19T17:19:54.046+0000] {processor.py:830} INFO - Processing file /opt/airflow/dags/config/airflow_api.py for tasks to queue
[2024-06-19T17:19:54.048+0000] {logging_mixin.py:188} INFO - [2024-06-19T17:19:54.048+0000] {dagbag.py:545} INFO - Filling up the DagBag from /opt/airflow/dags/config/airflow_api.py
[2024-06-19T17:19:54.050+0000] {processor.py:842} WARNING - No viable dags retrieved from /opt/airflow/dags/config/airflow_api.py
[2024-06-19T17:19:54.063+0000] {processor.py:183} INFO - Processing /opt/airflow/dags/config/airflow_api.py took 0.025 seconds
[2024-06-19T17:20:24.642+0000] {processor.py:161} INFO - Started process (PID=341) to work on /opt/airflow/dags/config/airflow_api.py
[2024-06-19T17:20:24.646+0000] {processor.py:830} INFO - Processing file /opt/airflow/dags/config/airflow_api.py for tasks to queue
[2024-06-19T17:20:24.648+0000] {logging_mixin.py:188} INFO - [2024-06-19T17:20:24.647+0000] {dagbag.py:545} INFO - Filling up the DagBag from /opt/airflow/dags/config/airflow_api.py
[2024-06-19T17:20:24.649+0000] {processor.py:842} WARNING - No viable dags retrieved from /opt/airflow/dags/config/airflow_api.py
[2024-06-19T17:20:24.661+0000] {processor.py:183} INFO - Processing /opt/airflow/dags/config/airflow_api.py took 0.024 seconds
[2024-06-19T17:20:55.312+0000] {processor.py:161} INFO - Started process (PID=365) to work on /opt/airflow/dags/config/airflow_api.py
[2024-06-19T17:20:55.313+0000] {processor.py:830} INFO - Processing file /opt/airflow/dags/config/airflow_api.py for tasks to queue
[2024-06-19T17:20:55.315+0000] {logging_mixin.py:188} INFO - [2024-06-19T17:20:55.315+0000] {dagbag.py:545} INFO - Filling up the DagBag from /opt/airflow/dags/config/airflow_api.py
[2024-06-19T17:20:55.318+0000] {processor.py:842} WARNING - No viable dags retrieved from /opt/airflow/dags/config/airflow_api.py
[2024-06-19T17:20:55.334+0000] {processor.py:183} INFO - Processing /opt/airflow/dags/config/airflow_api.py took 0.036 seconds
[2024-06-19T17:21:25.738+0000] {processor.py:161} INFO - Started process (PID=381) to work on /opt/airflow/dags/config/airflow_api.py
[2024-06-19T17:21:25.742+0000] {processor.py:830} INFO - Processing file /opt/airflow/dags/config/airflow_api.py for tasks to queue
[2024-06-19T17:21:25.744+0000] {logging_mixin.py:188} INFO - [2024-06-19T17:21:25.743+0000] {dagbag.py:545} INFO - Filling up the DagBag from /opt/airflow/dags/config/airflow_api.py
[2024-06-19T17:21:25.745+0000] {processor.py:842} WARNING - No viable dags retrieved from /opt/airflow/dags/config/airflow_api.py
[2024-06-19T17:21:25.760+0000] {processor.py:183} INFO - Processing /opt/airflow/dags/config/airflow_api.py took 0.029 seconds
[2024-06-19T17:21:56.197+0000] {processor.py:161} INFO - Started process (PID=397) to work on /opt/airflow/dags/config/airflow_api.py
[2024-06-19T17:21:56.197+0000] {processor.py:830} INFO - Processing file /opt/airflow/dags/config/airflow_api.py for tasks to queue
[2024-06-19T17:21:56.198+0000] {logging_mixin.py:188} INFO - [2024-06-19T17:21:56.198+0000] {dagbag.py:545} INFO - Filling up the DagBag from /opt/airflow/dags/config/airflow_api.py
[2024-06-19T17:21:56.199+0000] {processor.py:842} WARNING - No viable dags retrieved from /opt/airflow/dags/config/airflow_api.py
[2024-06-19T17:21:56.209+0000] {processor.py:183} INFO - Processing /opt/airflow/dags/config/airflow_api.py took 0.017 seconds
[2024-06-19T17:22:26.677+0000] {processor.py:161} INFO - Started process (PID=414) to work on /opt/airflow/dags/config/airflow_api.py
[2024-06-19T17:22:26.678+0000] {processor.py:830} INFO - Processing file /opt/airflow/dags/config/airflow_api.py for tasks to queue
[2024-06-19T17:22:26.679+0000] {logging_mixin.py:188} INFO - [2024-06-19T17:22:26.679+0000] {dagbag.py:545} INFO - Filling up the DagBag from /opt/airflow/dags/config/airflow_api.py
[2024-06-19T17:22:26.680+0000] {processor.py:842} WARNING - No viable dags retrieved from /opt/airflow/dags/config/airflow_api.py
[2024-06-19T17:22:26.692+0000] {processor.py:183} INFO - Processing /opt/airflow/dags/config/airflow_api.py took 0.020 seconds
[2024-06-19T17:22:57.215+0000] {processor.py:161} INFO - Started process (PID=433) to work on /opt/airflow/dags/config/airflow_api.py
[2024-06-19T17:22:57.215+0000] {processor.py:830} INFO - Processing file /opt/airflow/dags/config/airflow_api.py for tasks to queue
[2024-06-19T17:22:57.216+0000] {logging_mixin.py:188} INFO - [2024-06-19T17:22:57.216+0000] {dagbag.py:545} INFO - Filling up the DagBag from /opt/airflow/dags/config/airflow_api.py
[2024-06-19T17:22:57.217+0000] {processor.py:842} WARNING - No viable dags retrieved from /opt/airflow/dags/config/airflow_api.py
[2024-06-19T17:22:57.228+0000] {processor.py:183} INFO - Processing /opt/airflow/dags/config/airflow_api.py took 0.017 seconds
[2024-06-19T17:23:27.639+0000] {processor.py:161} INFO - Started process (PID=449) to work on /opt/airflow/dags/config/airflow_api.py
[2024-06-19T17:23:27.640+0000] {processor.py:830} INFO - Processing file /opt/airflow/dags/config/airflow_api.py for tasks to queue
[2024-06-19T17:23:27.641+0000] {logging_mixin.py:188} INFO - [2024-06-19T17:23:27.641+0000] {dagbag.py:545} INFO - Filling up the DagBag from /opt/airflow/dags/config/airflow_api.py
[2024-06-19T17:23:27.643+0000] {processor.py:842} WARNING - No viable dags retrieved from /opt/airflow/dags/config/airflow_api.py
[2024-06-19T17:23:27.653+0000] {processor.py:183} INFO - Processing /opt/airflow/dags/config/airflow_api.py took 0.021 seconds
[2024-06-19T17:23:58.272+0000] {processor.py:161} INFO - Started process (PID=468) to work on /opt/airflow/dags/config/airflow_api.py
[2024-06-19T17:23:58.273+0000] {processor.py:830} INFO - Processing file /opt/airflow/dags/config/airflow_api.py for tasks to queue
[2024-06-19T17:23:58.274+0000] {logging_mixin.py:188} INFO - [2024-06-19T17:23:58.274+0000] {dagbag.py:545} INFO - Filling up the DagBag from /opt/airflow/dags/config/airflow_api.py
[2024-06-19T17:23:58.277+0000] {processor.py:842} WARNING - No viable dags retrieved from /opt/airflow/dags/config/airflow_api.py
[2024-06-19T17:23:58.297+0000] {processor.py:183} INFO - Processing /opt/airflow/dags/config/airflow_api.py took 0.037 seconds
[2024-06-19T17:24:28.761+0000] {processor.py:161} INFO - Started process (PID=486) to work on /opt/airflow/dags/config/airflow_api.py
[2024-06-19T17:24:28.764+0000] {processor.py:830} INFO - Processing file /opt/airflow/dags/config/airflow_api.py for tasks to queue
[2024-06-19T17:24:28.766+0000] {logging_mixin.py:188} INFO - [2024-06-19T17:24:28.765+0000] {dagbag.py:545} INFO - Filling up the DagBag from /opt/airflow/dags/config/airflow_api.py
[2024-06-19T17:24:28.767+0000] {processor.py:842} WARNING - No viable dags retrieved from /opt/airflow/dags/config/airflow_api.py
[2024-06-19T17:24:28.780+0000] {processor.py:183} INFO - Processing /opt/airflow/dags/config/airflow_api.py took 0.026 seconds
[2024-06-19T17:24:59.222+0000] {processor.py:161} INFO - Started process (PID=502) to work on /opt/airflow/dags/config/airflow_api.py
[2024-06-19T17:24:59.222+0000] {processor.py:830} INFO - Processing file /opt/airflow/dags/config/airflow_api.py for tasks to queue
[2024-06-19T17:24:59.223+0000] {logging_mixin.py:188} INFO - [2024-06-19T17:24:59.223+0000] {dagbag.py:545} INFO - Filling up the DagBag from /opt/airflow/dags/config/airflow_api.py
[2024-06-19T17:24:59.225+0000] {processor.py:842} WARNING - No viable dags retrieved from /opt/airflow/dags/config/airflow_api.py
[2024-06-19T17:24:59.238+0000] {processor.py:183} INFO - Processing /opt/airflow/dags/config/airflow_api.py took 0.023 seconds
[2024-06-19T17:25:29.642+0000] {processor.py:161} INFO - Started process (PID=517) to work on /opt/airflow/dags/config/airflow_api.py
[2024-06-19T17:25:29.646+0000] {processor.py:830} INFO - Processing file /opt/airflow/dags/config/airflow_api.py for tasks to queue
[2024-06-19T17:25:29.647+0000] {logging_mixin.py:188} INFO - [2024-06-19T17:25:29.647+0000] {dagbag.py:545} INFO - Filling up the DagBag from /opt/airflow/dags/config/airflow_api.py
[2024-06-19T17:25:29.648+0000] {processor.py:842} WARNING - No viable dags retrieved from /opt/airflow/dags/config/airflow_api.py
[2024-06-19T17:25:29.659+0000] {processor.py:183} INFO - Processing /opt/airflow/dags/config/airflow_api.py took 0.022 seconds
[2024-06-19T17:26:00.122+0000] {processor.py:161} INFO - Started process (PID=535) to work on /opt/airflow/dags/config/airflow_api.py
[2024-06-19T17:26:00.123+0000] {processor.py:830} INFO - Processing file /opt/airflow/dags/config/airflow_api.py for tasks to queue
[2024-06-19T17:26:00.124+0000] {logging_mixin.py:188} INFO - [2024-06-19T17:26:00.124+0000] {dagbag.py:545} INFO - Filling up the DagBag from /opt/airflow/dags/config/airflow_api.py
[2024-06-19T17:26:00.126+0000] {processor.py:842} WARNING - No viable dags retrieved from /opt/airflow/dags/config/airflow_api.py
[2024-06-19T17:26:00.140+0000] {processor.py:183} INFO - Processing /opt/airflow/dags/config/airflow_api.py took 0.026 seconds
[2024-06-19T17:26:30.725+0000] {processor.py:161} INFO - Started process (PID=553) to work on /opt/airflow/dags/config/airflow_api.py
[2024-06-19T17:26:30.730+0000] {processor.py:830} INFO - Processing file /opt/airflow/dags/config/airflow_api.py for tasks to queue
[2024-06-19T17:26:30.731+0000] {logging_mixin.py:188} INFO - [2024-06-19T17:26:30.731+0000] {dagbag.py:545} INFO - Filling up the DagBag from /opt/airflow/dags/config/airflow_api.py
[2024-06-19T17:26:30.734+0000] {processor.py:842} WARNING - No viable dags retrieved from /opt/airflow/dags/config/airflow_api.py
[2024-06-19T17:26:30.748+0000] {processor.py:183} INFO - Processing /opt/airflow/dags/config/airflow_api.py took 0.041 seconds
[2024-06-19T17:27:01.206+0000] {processor.py:161} INFO - Started process (PID=570) to work on /opt/airflow/dags/config/airflow_api.py
[2024-06-19T17:27:01.208+0000] {processor.py:830} INFO - Processing file /opt/airflow/dags/config/airflow_api.py for tasks to queue
[2024-06-19T17:27:01.211+0000] {logging_mixin.py:188} INFO - [2024-06-19T17:27:01.210+0000] {dagbag.py:545} INFO - Filling up the DagBag from /opt/airflow/dags/config/airflow_api.py
[2024-06-19T17:27:01.215+0000] {processor.py:842} WARNING - No viable dags retrieved from /opt/airflow/dags/config/airflow_api.py
[2024-06-19T17:27:01.232+0000] {processor.py:183} INFO - Processing /opt/airflow/dags/config/airflow_api.py took 0.044 seconds
[2024-06-19T17:27:32.093+0000] {processor.py:161} INFO - Started process (PID=600) to work on /opt/airflow/dags/config/airflow_api.py
[2024-06-19T17:27:32.094+0000] {processor.py:830} INFO - Processing file /opt/airflow/dags/config/airflow_api.py for tasks to queue
[2024-06-19T17:27:32.095+0000] {logging_mixin.py:188} INFO - [2024-06-19T17:27:32.094+0000] {dagbag.py:545} INFO - Filling up the DagBag from /opt/airflow/dags/config/airflow_api.py
[2024-06-19T17:27:32.097+0000] {processor.py:842} WARNING - No viable dags retrieved from /opt/airflow/dags/config/airflow_api.py
[2024-06-19T17:27:32.114+0000] {processor.py:183} INFO - Processing /opt/airflow/dags/config/airflow_api.py took 0.030 seconds
[2024-06-19T17:28:02.645+0000] {processor.py:161} INFO - Started process (PID=617) to work on /opt/airflow/dags/config/airflow_api.py
[2024-06-19T17:28:02.646+0000] {processor.py:830} INFO - Processing file /opt/airflow/dags/config/airflow_api.py for tasks to queue
[2024-06-19T17:28:02.647+0000] {logging_mixin.py:188} INFO - [2024-06-19T17:28:02.647+0000] {dagbag.py:545} INFO - Filling up the DagBag from /opt/airflow/dags/config/airflow_api.py
[2024-06-19T17:28:02.649+0000] {processor.py:842} WARNING - No viable dags retrieved from /opt/airflow/dags/config/airflow_api.py
[2024-06-19T17:28:02.663+0000] {processor.py:183} INFO - Processing /opt/airflow/dags/config/airflow_api.py took 0.032 seconds
[2024-06-19T17:28:33.039+0000] {processor.py:161} INFO - Started process (PID=632) to work on /opt/airflow/dags/config/airflow_api.py
[2024-06-19T17:28:33.043+0000] {processor.py:830} INFO - Processing file /opt/airflow/dags/config/airflow_api.py for tasks to queue
[2024-06-19T17:28:33.044+0000] {logging_mixin.py:188} INFO - [2024-06-19T17:28:33.044+0000] {dagbag.py:545} INFO - Filling up the DagBag from /opt/airflow/dags/config/airflow_api.py
[2024-06-19T17:28:33.048+0000] {processor.py:842} WARNING - No viable dags retrieved from /opt/airflow/dags/config/airflow_api.py
[2024-06-19T17:28:33.068+0000] {processor.py:183} INFO - Processing /opt/airflow/dags/config/airflow_api.py took 0.046 seconds
[2024-06-19T17:29:03.545+0000] {processor.py:161} INFO - Started process (PID=650) to work on /opt/airflow/dags/config/airflow_api.py
[2024-06-19T17:29:03.545+0000] {processor.py:830} INFO - Processing file /opt/airflow/dags/config/airflow_api.py for tasks to queue
[2024-06-19T17:29:03.546+0000] {logging_mixin.py:188} INFO - [2024-06-19T17:29:03.546+0000] {dagbag.py:545} INFO - Filling up the DagBag from /opt/airflow/dags/config/airflow_api.py
[2024-06-19T17:29:03.548+0000] {processor.py:842} WARNING - No viable dags retrieved from /opt/airflow/dags/config/airflow_api.py
[2024-06-19T17:29:03.560+0000] {processor.py:183} INFO - Processing /opt/airflow/dags/config/airflow_api.py took 0.021 seconds
[2024-06-19T17:29:34.012+0000] {processor.py:161} INFO - Started process (PID=667) to work on /opt/airflow/dags/config/airflow_api.py
[2024-06-19T17:29:34.015+0000] {processor.py:830} INFO - Processing file /opt/airflow/dags/config/airflow_api.py for tasks to queue
[2024-06-19T17:29:34.016+0000] {logging_mixin.py:188} INFO - [2024-06-19T17:29:34.016+0000] {dagbag.py:545} INFO - Filling up the DagBag from /opt/airflow/dags/config/airflow_api.py
[2024-06-19T17:29:34.017+0000] {processor.py:842} WARNING - No viable dags retrieved from /opt/airflow/dags/config/airflow_api.py
[2024-06-19T17:29:34.028+0000] {processor.py:183} INFO - Processing /opt/airflow/dags/config/airflow_api.py took 0.021 seconds
[2024-06-19T17:30:04.656+0000] {processor.py:161} INFO - Started process (PID=688) to work on /opt/airflow/dags/config/airflow_api.py
[2024-06-19T17:30:04.657+0000] {processor.py:830} INFO - Processing file /opt/airflow/dags/config/airflow_api.py for tasks to queue
[2024-06-19T17:30:04.658+0000] {logging_mixin.py:188} INFO - [2024-06-19T17:30:04.657+0000] {dagbag.py:545} INFO - Filling up the DagBag from /opt/airflow/dags/config/airflow_api.py
[2024-06-19T17:30:04.659+0000] {processor.py:842} WARNING - No viable dags retrieved from /opt/airflow/dags/config/airflow_api.py
[2024-06-19T17:30:04.670+0000] {processor.py:183} INFO - Processing /opt/airflow/dags/config/airflow_api.py took 0.018 seconds
[2024-06-19T17:30:35.054+0000] {processor.py:161} INFO - Started process (PID=704) to work on /opt/airflow/dags/config/airflow_api.py
[2024-06-19T17:30:35.058+0000] {processor.py:830} INFO - Processing file /opt/airflow/dags/config/airflow_api.py for tasks to queue
[2024-06-19T17:30:35.058+0000] {logging_mixin.py:188} INFO - [2024-06-19T17:30:35.058+0000] {dagbag.py:545} INFO - Filling up the DagBag from /opt/airflow/dags/config/airflow_api.py
[2024-06-19T17:30:35.060+0000] {processor.py:842} WARNING - No viable dags retrieved from /opt/airflow/dags/config/airflow_api.py
[2024-06-19T17:30:35.069+0000] {processor.py:183} INFO - Processing /opt/airflow/dags/config/airflow_api.py took 0.019 seconds
[2024-06-19T17:31:05.625+0000] {processor.py:161} INFO - Started process (PID=722) to work on /opt/airflow/dags/config/airflow_api.py
[2024-06-19T17:31:05.626+0000] {processor.py:830} INFO - Processing file /opt/airflow/dags/config/airflow_api.py for tasks to queue
[2024-06-19T17:31:05.627+0000] {logging_mixin.py:188} INFO - [2024-06-19T17:31:05.627+0000] {dagbag.py:545} INFO - Filling up the DagBag from /opt/airflow/dags/config/airflow_api.py
[2024-06-19T17:31:05.629+0000] {processor.py:842} WARNING - No viable dags retrieved from /opt/airflow/dags/config/airflow_api.py
[2024-06-19T17:31:05.645+0000] {processor.py:183} INFO - Processing /opt/airflow/dags/config/airflow_api.py took 0.033 seconds
[2024-06-19T17:31:36.243+0000] {processor.py:161} INFO - Started process (PID=742) to work on /opt/airflow/dags/config/airflow_api.py
[2024-06-19T17:31:36.244+0000] {processor.py:830} INFO - Processing file /opt/airflow/dags/config/airflow_api.py for tasks to queue
[2024-06-19T17:31:36.245+0000] {logging_mixin.py:188} INFO - [2024-06-19T17:31:36.245+0000] {dagbag.py:545} INFO - Filling up the DagBag from /opt/airflow/dags/config/airflow_api.py
[2024-06-19T17:31:36.247+0000] {processor.py:842} WARNING - No viable dags retrieved from /opt/airflow/dags/config/airflow_api.py
[2024-06-19T17:31:36.261+0000] {processor.py:183} INFO - Processing /opt/airflow/dags/config/airflow_api.py took 0.025 seconds
[2024-06-19T17:32:06.782+0000] {processor.py:161} INFO - Started process (PID=762) to work on /opt/airflow/dags/config/airflow_api.py
[2024-06-19T17:32:06.783+0000] {processor.py:830} INFO - Processing file /opt/airflow/dags/config/airflow_api.py for tasks to queue
[2024-06-19T17:32:06.784+0000] {logging_mixin.py:188} INFO - [2024-06-19T17:32:06.783+0000] {dagbag.py:545} INFO - Filling up the DagBag from /opt/airflow/dags/config/airflow_api.py
[2024-06-19T17:32:06.786+0000] {processor.py:842} WARNING - No viable dags retrieved from /opt/airflow/dags/config/airflow_api.py
[2024-06-19T17:32:06.800+0000] {processor.py:183} INFO - Processing /opt/airflow/dags/config/airflow_api.py took 0.025 seconds
[2024-06-19T17:32:37.201+0000] {processor.py:161} INFO - Started process (PID=778) to work on /opt/airflow/dags/config/airflow_api.py
[2024-06-19T17:32:37.202+0000] {processor.py:830} INFO - Processing file /opt/airflow/dags/config/airflow_api.py for tasks to queue
[2024-06-19T17:32:37.203+0000] {logging_mixin.py:188} INFO - [2024-06-19T17:32:37.203+0000] {dagbag.py:545} INFO - Filling up the DagBag from /opt/airflow/dags/config/airflow_api.py
[2024-06-19T17:32:37.205+0000] {processor.py:842} WARNING - No viable dags retrieved from /opt/airflow/dags/config/airflow_api.py
[2024-06-19T17:32:37.221+0000] {processor.py:183} INFO - Processing /opt/airflow/dags/config/airflow_api.py took 0.027 seconds
[2024-06-19T17:33:07.557+0000] {processor.py:161} INFO - Started process (PID=793) to work on /opt/airflow/dags/config/airflow_api.py
[2024-06-19T17:33:07.561+0000] {processor.py:830} INFO - Processing file /opt/airflow/dags/config/airflow_api.py for tasks to queue
[2024-06-19T17:33:07.564+0000] {logging_mixin.py:188} INFO - [2024-06-19T17:33:07.563+0000] {dagbag.py:545} INFO - Filling up the DagBag from /opt/airflow/dags/config/airflow_api.py
[2024-06-19T17:33:07.569+0000] {processor.py:842} WARNING - No viable dags retrieved from /opt/airflow/dags/config/airflow_api.py
[2024-06-19T17:33:07.607+0000] {processor.py:183} INFO - Processing /opt/airflow/dags/config/airflow_api.py took 0.057 seconds
[2024-06-19T17:33:38.133+0000] {processor.py:161} INFO - Started process (PID=812) to work on /opt/airflow/dags/config/airflow_api.py
[2024-06-19T17:33:38.138+0000] {processor.py:830} INFO - Processing file /opt/airflow/dags/config/airflow_api.py for tasks to queue
[2024-06-19T17:33:38.139+0000] {logging_mixin.py:188} INFO - [2024-06-19T17:33:38.139+0000] {dagbag.py:545} INFO - Filling up the DagBag from /opt/airflow/dags/config/airflow_api.py
[2024-06-19T17:33:38.142+0000] {processor.py:842} WARNING - No viable dags retrieved from /opt/airflow/dags/config/airflow_api.py
[2024-06-19T17:33:38.163+0000] {processor.py:183} INFO - Processing /opt/airflow/dags/config/airflow_api.py took 0.045 seconds
[2024-06-19T17:34:08.638+0000] {processor.py:161} INFO - Started process (PID=829) to work on /opt/airflow/dags/config/airflow_api.py
[2024-06-19T17:34:08.639+0000] {processor.py:830} INFO - Processing file /opt/airflow/dags/config/airflow_api.py for tasks to queue
[2024-06-19T17:34:08.640+0000] {logging_mixin.py:188} INFO - [2024-06-19T17:34:08.640+0000] {dagbag.py:545} INFO - Filling up the DagBag from /opt/airflow/dags/config/airflow_api.py
[2024-06-19T17:34:08.643+0000] {processor.py:842} WARNING - No viable dags retrieved from /opt/airflow/dags/config/airflow_api.py
[2024-06-19T17:34:08.656+0000] {processor.py:183} INFO - Processing /opt/airflow/dags/config/airflow_api.py took 0.029 seconds
[2024-06-19T17:34:39.019+0000] {processor.py:161} INFO - Started process (PID=843) to work on /opt/airflow/dags/config/airflow_api.py
[2024-06-19T17:34:39.023+0000] {processor.py:830} INFO - Processing file /opt/airflow/dags/config/airflow_api.py for tasks to queue
[2024-06-19T17:34:39.024+0000] {logging_mixin.py:188} INFO - [2024-06-19T17:34:39.024+0000] {dagbag.py:545} INFO - Filling up the DagBag from /opt/airflow/dags/config/airflow_api.py
[2024-06-19T17:34:39.027+0000] {processor.py:842} WARNING - No viable dags retrieved from /opt/airflow/dags/config/airflow_api.py
[2024-06-19T17:34:39.041+0000] {processor.py:183} INFO - Processing /opt/airflow/dags/config/airflow_api.py took 0.032 seconds
[2024-06-19T17:35:09.439+0000] {processor.py:161} INFO - Started process (PID=857) to work on /opt/airflow/dags/config/airflow_api.py
[2024-06-19T17:35:09.439+0000] {processor.py:830} INFO - Processing file /opt/airflow/dags/config/airflow_api.py for tasks to queue
[2024-06-19T17:35:09.440+0000] {logging_mixin.py:188} INFO - [2024-06-19T17:35:09.440+0000] {dagbag.py:545} INFO - Filling up the DagBag from /opt/airflow/dags/config/airflow_api.py
[2024-06-19T17:35:09.443+0000] {processor.py:842} WARNING - No viable dags retrieved from /opt/airflow/dags/config/airflow_api.py
[2024-06-19T17:35:09.458+0000] {processor.py:183} INFO - Processing /opt/airflow/dags/config/airflow_api.py took 0.030 seconds
[2024-06-19T17:35:39.874+0000] {processor.py:161} INFO - Started process (PID=875) to work on /opt/airflow/dags/config/airflow_api.py
[2024-06-19T17:35:39.876+0000] {processor.py:830} INFO - Processing file /opt/airflow/dags/config/airflow_api.py for tasks to queue
[2024-06-19T17:35:39.877+0000] {logging_mixin.py:188} INFO - [2024-06-19T17:35:39.876+0000] {dagbag.py:545} INFO - Filling up the DagBag from /opt/airflow/dags/config/airflow_api.py
[2024-06-19T17:35:39.879+0000] {processor.py:842} WARNING - No viable dags retrieved from /opt/airflow/dags/config/airflow_api.py
[2024-06-19T17:35:39.894+0000] {processor.py:183} INFO - Processing /opt/airflow/dags/config/airflow_api.py took 0.031 seconds
[2024-06-19T17:36:10.339+0000] {processor.py:161} INFO - Started process (PID=890) to work on /opt/airflow/dags/config/airflow_api.py
[2024-06-19T17:36:10.341+0000] {processor.py:830} INFO - Processing file /opt/airflow/dags/config/airflow_api.py for tasks to queue
[2024-06-19T17:36:10.342+0000] {logging_mixin.py:188} INFO - [2024-06-19T17:36:10.341+0000] {dagbag.py:545} INFO - Filling up the DagBag from /opt/airflow/dags/config/airflow_api.py
[2024-06-19T17:36:10.344+0000] {processor.py:842} WARNING - No viable dags retrieved from /opt/airflow/dags/config/airflow_api.py
[2024-06-19T17:36:10.359+0000] {processor.py:183} INFO - Processing /opt/airflow/dags/config/airflow_api.py took 0.037 seconds
[2024-06-19T17:36:40.715+0000] {processor.py:161} INFO - Started process (PID=904) to work on /opt/airflow/dags/config/airflow_api.py
[2024-06-19T17:36:40.719+0000] {processor.py:830} INFO - Processing file /opt/airflow/dags/config/airflow_api.py for tasks to queue
[2024-06-19T17:36:40.720+0000] {logging_mixin.py:188} INFO - [2024-06-19T17:36:40.719+0000] {dagbag.py:545} INFO - Filling up the DagBag from /opt/airflow/dags/config/airflow_api.py
[2024-06-19T17:36:40.721+0000] {processor.py:842} WARNING - No viable dags retrieved from /opt/airflow/dags/config/airflow_api.py
[2024-06-19T17:36:40.731+0000] {processor.py:183} INFO - Processing /opt/airflow/dags/config/airflow_api.py took 0.020 seconds
[2024-06-19T17:37:11.163+0000] {processor.py:161} INFO - Started process (PID=918) to work on /opt/airflow/dags/config/airflow_api.py
[2024-06-19T17:37:11.164+0000] {processor.py:830} INFO - Processing file /opt/airflow/dags/config/airflow_api.py for tasks to queue
[2024-06-19T17:37:11.165+0000] {logging_mixin.py:188} INFO - [2024-06-19T17:37:11.164+0000] {dagbag.py:545} INFO - Filling up the DagBag from /opt/airflow/dags/config/airflow_api.py
[2024-06-19T17:37:11.166+0000] {processor.py:842} WARNING - No viable dags retrieved from /opt/airflow/dags/config/airflow_api.py
[2024-06-19T17:37:11.178+0000] {processor.py:183} INFO - Processing /opt/airflow/dags/config/airflow_api.py took 0.020 seconds
[2024-06-19T17:37:41.520+0000] {processor.py:161} INFO - Started process (PID=932) to work on /opt/airflow/dags/config/airflow_api.py
[2024-06-19T17:37:41.521+0000] {processor.py:830} INFO - Processing file /opt/airflow/dags/config/airflow_api.py for tasks to queue
[2024-06-19T17:37:41.521+0000] {logging_mixin.py:188} INFO - [2024-06-19T17:37:41.521+0000] {dagbag.py:545} INFO - Filling up the DagBag from /opt/airflow/dags/config/airflow_api.py
[2024-06-19T17:37:41.523+0000] {processor.py:842} WARNING - No viable dags retrieved from /opt/airflow/dags/config/airflow_api.py
[2024-06-19T17:37:41.533+0000] {processor.py:183} INFO - Processing /opt/airflow/dags/config/airflow_api.py took 0.017 seconds
[2024-06-19T17:38:11.919+0000] {processor.py:161} INFO - Started process (PID=946) to work on /opt/airflow/dags/config/airflow_api.py
[2024-06-19T17:38:11.921+0000] {processor.py:830} INFO - Processing file /opt/airflow/dags/config/airflow_api.py for tasks to queue
[2024-06-19T17:38:11.922+0000] {logging_mixin.py:188} INFO - [2024-06-19T17:38:11.921+0000] {dagbag.py:545} INFO - Filling up the DagBag from /opt/airflow/dags/config/airflow_api.py
[2024-06-19T17:38:11.925+0000] {processor.py:842} WARNING - No viable dags retrieved from /opt/airflow/dags/config/airflow_api.py
[2024-06-19T17:38:11.941+0000] {processor.py:183} INFO - Processing /opt/airflow/dags/config/airflow_api.py took 0.034 seconds
[2024-06-19T17:38:42.328+0000] {processor.py:161} INFO - Started process (PID=960) to work on /opt/airflow/dags/config/airflow_api.py
[2024-06-19T17:38:42.333+0000] {processor.py:830} INFO - Processing file /opt/airflow/dags/config/airflow_api.py for tasks to queue
[2024-06-19T17:38:42.336+0000] {logging_mixin.py:188} INFO - [2024-06-19T17:38:42.335+0000] {dagbag.py:545} INFO - Filling up the DagBag from /opt/airflow/dags/config/airflow_api.py
[2024-06-19T17:38:42.340+0000] {processor.py:842} WARNING - No viable dags retrieved from /opt/airflow/dags/config/airflow_api.py
[2024-06-19T17:38:42.359+0000] {processor.py:183} INFO - Processing /opt/airflow/dags/config/airflow_api.py took 0.049 seconds
[2024-06-19T17:39:12.711+0000] {processor.py:161} INFO - Started process (PID=974) to work on /opt/airflow/dags/config/airflow_api.py
[2024-06-19T17:39:12.711+0000] {processor.py:830} INFO - Processing file /opt/airflow/dags/config/airflow_api.py for tasks to queue
[2024-06-19T17:39:12.712+0000] {logging_mixin.py:188} INFO - [2024-06-19T17:39:12.712+0000] {dagbag.py:545} INFO - Filling up the DagBag from /opt/airflow/dags/config/airflow_api.py
[2024-06-19T17:39:12.713+0000] {processor.py:842} WARNING - No viable dags retrieved from /opt/airflow/dags/config/airflow_api.py
[2024-06-19T17:39:12.726+0000] {processor.py:183} INFO - Processing /opt/airflow/dags/config/airflow_api.py took 0.021 seconds
[2024-06-19T17:39:43.175+0000] {processor.py:161} INFO - Started process (PID=991) to work on /opt/airflow/dags/config/airflow_api.py
[2024-06-19T17:39:43.176+0000] {processor.py:830} INFO - Processing file /opt/airflow/dags/config/airflow_api.py for tasks to queue
[2024-06-19T17:39:43.177+0000] {logging_mixin.py:188} INFO - [2024-06-19T17:39:43.177+0000] {dagbag.py:545} INFO - Filling up the DagBag from /opt/airflow/dags/config/airflow_api.py
[2024-06-19T17:39:43.179+0000] {processor.py:842} WARNING - No viable dags retrieved from /opt/airflow/dags/config/airflow_api.py
[2024-06-19T17:39:43.193+0000] {processor.py:183} INFO - Processing /opt/airflow/dags/config/airflow_api.py took 0.025 seconds
[2024-06-19T17:40:13.916+0000] {processor.py:161} INFO - Started process (PID=1013) to work on /opt/airflow/dags/config/airflow_api.py
[2024-06-19T17:40:13.918+0000] {processor.py:830} INFO - Processing file /opt/airflow/dags/config/airflow_api.py for tasks to queue
[2024-06-19T17:40:13.919+0000] {logging_mixin.py:188} INFO - [2024-06-19T17:40:13.919+0000] {dagbag.py:545} INFO - Filling up the DagBag from /opt/airflow/dags/config/airflow_api.py
[2024-06-19T17:40:13.923+0000] {processor.py:842} WARNING - No viable dags retrieved from /opt/airflow/dags/config/airflow_api.py
[2024-06-19T17:40:13.938+0000] {processor.py:183} INFO - Processing /opt/airflow/dags/config/airflow_api.py took 0.043 seconds
[2024-06-19T17:40:44.430+0000] {processor.py:161} INFO - Started process (PID=1030) to work on /opt/airflow/dags/config/airflow_api.py
[2024-06-19T17:40:44.432+0000] {processor.py:830} INFO - Processing file /opt/airflow/dags/config/airflow_api.py for tasks to queue
[2024-06-19T17:40:44.433+0000] {logging_mixin.py:188} INFO - [2024-06-19T17:40:44.433+0000] {dagbag.py:545} INFO - Filling up the DagBag from /opt/airflow/dags/config/airflow_api.py
[2024-06-19T17:40:44.435+0000] {processor.py:842} WARNING - No viable dags retrieved from /opt/airflow/dags/config/airflow_api.py
[2024-06-19T17:40:44.450+0000] {processor.py:183} INFO - Processing /opt/airflow/dags/config/airflow_api.py took 0.028 seconds
[2024-06-19T17:41:14.825+0000] {processor.py:161} INFO - Started process (PID=1044) to work on /opt/airflow/dags/config/airflow_api.py
[2024-06-19T17:41:14.825+0000] {processor.py:830} INFO - Processing file /opt/airflow/dags/config/airflow_api.py for tasks to queue
[2024-06-19T17:41:14.826+0000] {logging_mixin.py:188} INFO - [2024-06-19T17:41:14.826+0000] {dagbag.py:545} INFO - Filling up the DagBag from /opt/airflow/dags/config/airflow_api.py
[2024-06-19T17:41:14.828+0000] {processor.py:842} WARNING - No viable dags retrieved from /opt/airflow/dags/config/airflow_api.py
[2024-06-19T17:41:14.841+0000] {processor.py:183} INFO - Processing /opt/airflow/dags/config/airflow_api.py took 0.023 seconds
[2024-06-19T17:41:45.260+0000] {processor.py:161} INFO - Started process (PID=1058) to work on /opt/airflow/dags/config/airflow_api.py
[2024-06-19T17:41:45.264+0000] {processor.py:830} INFO - Processing file /opt/airflow/dags/config/airflow_api.py for tasks to queue
[2024-06-19T17:41:45.265+0000] {logging_mixin.py:188} INFO - [2024-06-19T17:41:45.265+0000] {dagbag.py:545} INFO - Filling up the DagBag from /opt/airflow/dags/config/airflow_api.py
[2024-06-19T17:41:45.267+0000] {processor.py:842} WARNING - No viable dags retrieved from /opt/airflow/dags/config/airflow_api.py
[2024-06-19T17:41:45.282+0000] {processor.py:183} INFO - Processing /opt/airflow/dags/config/airflow_api.py took 0.028 seconds
[2024-06-19T17:42:15.650+0000] {processor.py:161} INFO - Started process (PID=1073) to work on /opt/airflow/dags/config/airflow_api.py
[2024-06-19T17:42:15.650+0000] {processor.py:830} INFO - Processing file /opt/airflow/dags/config/airflow_api.py for tasks to queue
[2024-06-19T17:42:15.651+0000] {logging_mixin.py:188} INFO - [2024-06-19T17:42:15.651+0000] {dagbag.py:545} INFO - Filling up the DagBag from /opt/airflow/dags/config/airflow_api.py
[2024-06-19T17:42:15.653+0000] {processor.py:842} WARNING - No viable dags retrieved from /opt/airflow/dags/config/airflow_api.py
[2024-06-19T17:42:15.666+0000] {processor.py:183} INFO - Processing /opt/airflow/dags/config/airflow_api.py took 0.024 seconds
[2024-06-19T17:42:46.325+0000] {processor.py:161} INFO - Started process (PID=1096) to work on /opt/airflow/dags/config/airflow_api.py
[2024-06-19T17:42:46.330+0000] {processor.py:830} INFO - Processing file /opt/airflow/dags/config/airflow_api.py for tasks to queue
[2024-06-19T17:42:46.331+0000] {logging_mixin.py:188} INFO - [2024-06-19T17:42:46.331+0000] {dagbag.py:545} INFO - Filling up the DagBag from /opt/airflow/dags/config/airflow_api.py
[2024-06-19T17:42:46.334+0000] {processor.py:842} WARNING - No viable dags retrieved from /opt/airflow/dags/config/airflow_api.py
[2024-06-19T17:42:46.349+0000] {processor.py:183} INFO - Processing /opt/airflow/dags/config/airflow_api.py took 0.033 seconds
[2024-06-19T17:43:16.809+0000] {processor.py:161} INFO - Started process (PID=1113) to work on /opt/airflow/dags/config/airflow_api.py
[2024-06-19T17:43:16.809+0000] {processor.py:830} INFO - Processing file /opt/airflow/dags/config/airflow_api.py for tasks to queue
[2024-06-19T17:43:16.810+0000] {logging_mixin.py:188} INFO - [2024-06-19T17:43:16.810+0000] {dagbag.py:545} INFO - Filling up the DagBag from /opt/airflow/dags/config/airflow_api.py
[2024-06-19T17:43:16.812+0000] {processor.py:842} WARNING - No viable dags retrieved from /opt/airflow/dags/config/airflow_api.py
[2024-06-19T17:43:16.826+0000] {processor.py:183} INFO - Processing /opt/airflow/dags/config/airflow_api.py took 0.024 seconds
[2024-06-19T17:43:47.229+0000] {processor.py:161} INFO - Started process (PID=1127) to work on /opt/airflow/dags/config/airflow_api.py
[2024-06-19T17:43:47.230+0000] {processor.py:830} INFO - Processing file /opt/airflow/dags/config/airflow_api.py for tasks to queue
[2024-06-19T17:43:47.231+0000] {logging_mixin.py:188} INFO - [2024-06-19T17:43:47.230+0000] {dagbag.py:545} INFO - Filling up the DagBag from /opt/airflow/dags/config/airflow_api.py
[2024-06-19T17:43:47.233+0000] {processor.py:842} WARNING - No viable dags retrieved from /opt/airflow/dags/config/airflow_api.py
[2024-06-19T17:43:47.250+0000] {processor.py:183} INFO - Processing /opt/airflow/dags/config/airflow_api.py took 0.029 seconds
[2024-06-19T17:44:17.625+0000] {processor.py:161} INFO - Started process (PID=1142) to work on /opt/airflow/dags/config/airflow_api.py
[2024-06-19T17:44:17.626+0000] {processor.py:830} INFO - Processing file /opt/airflow/dags/config/airflow_api.py for tasks to queue
[2024-06-19T17:44:17.626+0000] {logging_mixin.py:188} INFO - [2024-06-19T17:44:17.626+0000] {dagbag.py:545} INFO - Filling up the DagBag from /opt/airflow/dags/config/airflow_api.py
[2024-06-19T17:44:17.627+0000] {processor.py:842} WARNING - No viable dags retrieved from /opt/airflow/dags/config/airflow_api.py
[2024-06-19T17:44:17.638+0000] {processor.py:183} INFO - Processing /opt/airflow/dags/config/airflow_api.py took 0.017 seconds
[2024-06-19T17:44:48.188+0000] {processor.py:161} INFO - Started process (PID=1159) to work on /opt/airflow/dags/config/airflow_api.py
[2024-06-19T17:44:48.191+0000] {processor.py:830} INFO - Processing file /opt/airflow/dags/config/airflow_api.py for tasks to queue
[2024-06-19T17:44:48.193+0000] {logging_mixin.py:188} INFO - [2024-06-19T17:44:48.192+0000] {dagbag.py:545} INFO - Filling up the DagBag from /opt/airflow/dags/config/airflow_api.py
[2024-06-19T17:44:48.196+0000] {processor.py:842} WARNING - No viable dags retrieved from /opt/airflow/dags/config/airflow_api.py
[2024-06-19T17:44:48.212+0000] {processor.py:183} INFO - Processing /opt/airflow/dags/config/airflow_api.py took 0.043 seconds
[2024-06-19T17:45:18.760+0000] {processor.py:161} INFO - Started process (PID=1178) to work on /opt/airflow/dags/config/airflow_api.py
[2024-06-19T17:45:18.761+0000] {processor.py:830} INFO - Processing file /opt/airflow/dags/config/airflow_api.py for tasks to queue
[2024-06-19T17:45:18.762+0000] {logging_mixin.py:188} INFO - [2024-06-19T17:45:18.761+0000] {dagbag.py:545} INFO - Filling up the DagBag from /opt/airflow/dags/config/airflow_api.py
[2024-06-19T17:45:18.764+0000] {processor.py:842} WARNING - No viable dags retrieved from /opt/airflow/dags/config/airflow_api.py
[2024-06-19T17:45:18.779+0000] {processor.py:183} INFO - Processing /opt/airflow/dags/config/airflow_api.py took 0.027 seconds
[2024-06-19T17:45:49.224+0000] {processor.py:161} INFO - Started process (PID=1193) to work on /opt/airflow/dags/config/airflow_api.py
[2024-06-19T17:45:49.227+0000] {processor.py:830} INFO - Processing file /opt/airflow/dags/config/airflow_api.py for tasks to queue
[2024-06-19T17:45:49.228+0000] {logging_mixin.py:188} INFO - [2024-06-19T17:45:49.228+0000] {dagbag.py:545} INFO - Filling up the DagBag from /opt/airflow/dags/config/airflow_api.py
[2024-06-19T17:45:49.230+0000] {processor.py:842} WARNING - No viable dags retrieved from /opt/airflow/dags/config/airflow_api.py
[2024-06-19T17:45:49.246+0000] {processor.py:183} INFO - Processing /opt/airflow/dags/config/airflow_api.py took 0.029 seconds
[2024-06-19T17:46:19.625+0000] {processor.py:161} INFO - Started process (PID=1207) to work on /opt/airflow/dags/config/airflow_api.py
[2024-06-19T17:46:19.625+0000] {processor.py:830} INFO - Processing file /opt/airflow/dags/config/airflow_api.py for tasks to queue
[2024-06-19T17:46:19.626+0000] {logging_mixin.py:188} INFO - [2024-06-19T17:46:19.626+0000] {dagbag.py:545} INFO - Filling up the DagBag from /opt/airflow/dags/config/airflow_api.py
[2024-06-19T17:46:19.628+0000] {processor.py:842} WARNING - No viable dags retrieved from /opt/airflow/dags/config/airflow_api.py
[2024-06-19T17:46:19.641+0000] {processor.py:183} INFO - Processing /opt/airflow/dags/config/airflow_api.py took 0.022 seconds
[2024-06-19T17:46:50.020+0000] {processor.py:161} INFO - Started process (PID=1222) to work on /opt/airflow/dags/config/airflow_api.py
[2024-06-19T17:46:50.024+0000] {processor.py:830} INFO - Processing file /opt/airflow/dags/config/airflow_api.py for tasks to queue
[2024-06-19T17:46:50.026+0000] {logging_mixin.py:188} INFO - [2024-06-19T17:46:50.025+0000] {dagbag.py:545} INFO - Filling up the DagBag from /opt/airflow/dags/config/airflow_api.py
[2024-06-19T17:46:50.029+0000] {processor.py:842} WARNING - No viable dags retrieved from /opt/airflow/dags/config/airflow_api.py
[2024-06-19T17:46:50.056+0000] {processor.py:183} INFO - Processing /opt/airflow/dags/config/airflow_api.py took 0.048 seconds
[2024-06-19T17:47:20.468+0000] {processor.py:161} INFO - Started process (PID=1237) to work on /opt/airflow/dags/config/airflow_api.py
[2024-06-19T17:47:20.469+0000] {processor.py:830} INFO - Processing file /opt/airflow/dags/config/airflow_api.py for tasks to queue
[2024-06-19T17:47:20.470+0000] {logging_mixin.py:188} INFO - [2024-06-19T17:47:20.470+0000] {dagbag.py:545} INFO - Filling up the DagBag from /opt/airflow/dags/config/airflow_api.py
[2024-06-19T17:47:20.472+0000] {processor.py:842} WARNING - No viable dags retrieved from /opt/airflow/dags/config/airflow_api.py
[2024-06-19T17:47:20.489+0000] {processor.py:183} INFO - Processing /opt/airflow/dags/config/airflow_api.py took 0.031 seconds
[2024-06-19T17:47:50.934+0000] {processor.py:161} INFO - Started process (PID=1256) to work on /opt/airflow/dags/config/airflow_api.py
[2024-06-19T17:47:50.938+0000] {processor.py:830} INFO - Processing file /opt/airflow/dags/config/airflow_api.py for tasks to queue
[2024-06-19T17:47:50.938+0000] {logging_mixin.py:188} INFO - [2024-06-19T17:47:50.938+0000] {dagbag.py:545} INFO - Filling up the DagBag from /opt/airflow/dags/config/airflow_api.py
[2024-06-19T17:47:50.940+0000] {processor.py:842} WARNING - No viable dags retrieved from /opt/airflow/dags/config/airflow_api.py
[2024-06-19T17:47:50.953+0000] {processor.py:183} INFO - Processing /opt/airflow/dags/config/airflow_api.py took 0.025 seconds
[2024-06-19T17:48:21.495+0000] {processor.py:161} INFO - Started process (PID=1273) to work on /opt/airflow/dags/config/airflow_api.py
[2024-06-19T17:48:21.496+0000] {processor.py:830} INFO - Processing file /opt/airflow/dags/config/airflow_api.py for tasks to queue
[2024-06-19T17:48:21.497+0000] {logging_mixin.py:188} INFO - [2024-06-19T17:48:21.497+0000] {dagbag.py:545} INFO - Filling up the DagBag from /opt/airflow/dags/config/airflow_api.py
[2024-06-19T17:48:21.499+0000] {processor.py:842} WARNING - No viable dags retrieved from /opt/airflow/dags/config/airflow_api.py
[2024-06-19T17:48:21.511+0000] {processor.py:183} INFO - Processing /opt/airflow/dags/config/airflow_api.py took 0.029 seconds
[2024-06-19T17:48:51.922+0000] {processor.py:161} INFO - Started process (PID=1292) to work on /opt/airflow/dags/config/airflow_api.py
[2024-06-19T17:48:51.926+0000] {processor.py:830} INFO - Processing file /opt/airflow/dags/config/airflow_api.py for tasks to queue
[2024-06-19T17:48:51.926+0000] {logging_mixin.py:188} INFO - [2024-06-19T17:48:51.926+0000] {dagbag.py:545} INFO - Filling up the DagBag from /opt/airflow/dags/config/airflow_api.py
[2024-06-19T17:48:51.928+0000] {processor.py:842} WARNING - No viable dags retrieved from /opt/airflow/dags/config/airflow_api.py
[2024-06-19T17:48:51.938+0000] {processor.py:183} INFO - Processing /opt/airflow/dags/config/airflow_api.py took 0.020 seconds
[2024-06-19T17:49:22.343+0000] {processor.py:161} INFO - Started process (PID=1306) to work on /opt/airflow/dags/config/airflow_api.py
[2024-06-19T17:49:22.345+0000] {processor.py:830} INFO - Processing file /opt/airflow/dags/config/airflow_api.py for tasks to queue
[2024-06-19T17:49:22.347+0000] {logging_mixin.py:188} INFO - [2024-06-19T17:49:22.346+0000] {dagbag.py:545} INFO - Filling up the DagBag from /opt/airflow/dags/config/airflow_api.py
[2024-06-19T17:49:22.350+0000] {processor.py:842} WARNING - No viable dags retrieved from /opt/airflow/dags/config/airflow_api.py
[2024-06-19T17:49:22.367+0000] {processor.py:183} INFO - Processing /opt/airflow/dags/config/airflow_api.py took 0.039 seconds
[2024-06-19T17:49:52.824+0000] {processor.py:161} INFO - Started process (PID=1324) to work on /opt/airflow/dags/config/airflow_api.py
[2024-06-19T17:49:52.829+0000] {processor.py:830} INFO - Processing file /opt/airflow/dags/config/airflow_api.py for tasks to queue
[2024-06-19T17:49:52.830+0000] {logging_mixin.py:188} INFO - [2024-06-19T17:49:52.830+0000] {dagbag.py:545} INFO - Filling up the DagBag from /opt/airflow/dags/config/airflow_api.py
[2024-06-19T17:49:52.834+0000] {processor.py:842} WARNING - No viable dags retrieved from /opt/airflow/dags/config/airflow_api.py
[2024-06-19T17:49:52.851+0000] {processor.py:183} INFO - Processing /opt/airflow/dags/config/airflow_api.py took 0.046 seconds
[2024-06-19T17:50:23.413+0000] {processor.py:161} INFO - Started process (PID=1341) to work on /opt/airflow/dags/config/airflow_api.py
[2024-06-19T17:50:23.414+0000] {processor.py:830} INFO - Processing file /opt/airflow/dags/config/airflow_api.py for tasks to queue
[2024-06-19T17:50:23.416+0000] {logging_mixin.py:188} INFO - [2024-06-19T17:50:23.415+0000] {dagbag.py:545} INFO - Filling up the DagBag from /opt/airflow/dags/config/airflow_api.py
[2024-06-19T17:50:23.419+0000] {processor.py:842} WARNING - No viable dags retrieved from /opt/airflow/dags/config/airflow_api.py
[2024-06-19T17:50:23.435+0000] {processor.py:183} INFO - Processing /opt/airflow/dags/config/airflow_api.py took 0.036 seconds
[2024-06-19T17:50:53.812+0000] {processor.py:161} INFO - Started process (PID=1357) to work on /opt/airflow/dags/config/airflow_api.py
[2024-06-19T17:50:53.816+0000] {processor.py:830} INFO - Processing file /opt/airflow/dags/config/airflow_api.py for tasks to queue
[2024-06-19T17:50:53.817+0000] {logging_mixin.py:188} INFO - [2024-06-19T17:50:53.816+0000] {dagbag.py:545} INFO - Filling up the DagBag from /opt/airflow/dags/config/airflow_api.py
[2024-06-19T17:50:53.819+0000] {processor.py:842} WARNING - No viable dags retrieved from /opt/airflow/dags/config/airflow_api.py
[2024-06-19T17:50:53.832+0000] {processor.py:183} INFO - Processing /opt/airflow/dags/config/airflow_api.py took 0.026 seconds
[2024-06-19T17:51:24.419+0000] {processor.py:161} INFO - Started process (PID=1376) to work on /opt/airflow/dags/config/airflow_api.py
[2024-06-19T17:51:24.420+0000] {processor.py:830} INFO - Processing file /opt/airflow/dags/config/airflow_api.py for tasks to queue
[2024-06-19T17:51:24.420+0000] {logging_mixin.py:188} INFO - [2024-06-19T17:51:24.420+0000] {dagbag.py:545} INFO - Filling up the DagBag from /opt/airflow/dags/config/airflow_api.py
[2024-06-19T17:51:24.422+0000] {processor.py:842} WARNING - No viable dags retrieved from /opt/airflow/dags/config/airflow_api.py
[2024-06-19T17:51:24.434+0000] {processor.py:183} INFO - Processing /opt/airflow/dags/config/airflow_api.py took 0.019 seconds
[2024-06-19T17:51:54.894+0000] {processor.py:161} INFO - Started process (PID=1393) to work on /opt/airflow/dags/config/airflow_api.py
[2024-06-19T17:51:54.899+0000] {processor.py:830} INFO - Processing file /opt/airflow/dags/config/airflow_api.py for tasks to queue
[2024-06-19T17:51:54.900+0000] {logging_mixin.py:188} INFO - [2024-06-19T17:51:54.899+0000] {dagbag.py:545} INFO - Filling up the DagBag from /opt/airflow/dags/config/airflow_api.py
[2024-06-19T17:51:54.902+0000] {processor.py:842} WARNING - No viable dags retrieved from /opt/airflow/dags/config/airflow_api.py
[2024-06-19T17:51:54.916+0000] {processor.py:183} INFO - Processing /opt/airflow/dags/config/airflow_api.py took 0.034 seconds
[2024-06-19T17:52:25.513+0000] {processor.py:161} INFO - Started process (PID=1412) to work on /opt/airflow/dags/config/airflow_api.py
[2024-06-19T17:52:25.514+0000] {processor.py:830} INFO - Processing file /opt/airflow/dags/config/airflow_api.py for tasks to queue
[2024-06-19T17:52:25.515+0000] {logging_mixin.py:188} INFO - [2024-06-19T17:52:25.515+0000] {dagbag.py:545} INFO - Filling up the DagBag from /opt/airflow/dags/config/airflow_api.py
[2024-06-19T17:52:25.517+0000] {processor.py:842} WARNING - No viable dags retrieved from /opt/airflow/dags/config/airflow_api.py
[2024-06-19T17:52:25.534+0000] {processor.py:183} INFO - Processing /opt/airflow/dags/config/airflow_api.py took 0.028 seconds
[2024-06-19T17:52:56.085+0000] {processor.py:161} INFO - Started process (PID=1431) to work on /opt/airflow/dags/config/airflow_api.py
[2024-06-19T17:52:56.090+0000] {processor.py:830} INFO - Processing file /opt/airflow/dags/config/airflow_api.py for tasks to queue
[2024-06-19T17:52:56.092+0000] {logging_mixin.py:188} INFO - [2024-06-19T17:52:56.091+0000] {dagbag.py:545} INFO - Filling up the DagBag from /opt/airflow/dags/config/airflow_api.py
[2024-06-19T17:52:56.097+0000] {processor.py:842} WARNING - No viable dags retrieved from /opt/airflow/dags/config/airflow_api.py
[2024-06-19T17:52:56.122+0000] {processor.py:183} INFO - Processing /opt/airflow/dags/config/airflow_api.py took 0.052 seconds
[2024-06-19T17:53:26.463+0000] {processor.py:161} INFO - Started process (PID=1445) to work on /opt/airflow/dags/config/airflow_api.py
[2024-06-19T17:53:26.463+0000] {processor.py:830} INFO - Processing file /opt/airflow/dags/config/airflow_api.py for tasks to queue
[2024-06-19T17:53:26.464+0000] {logging_mixin.py:188} INFO - [2024-06-19T17:53:26.464+0000] {dagbag.py:545} INFO - Filling up the DagBag from /opt/airflow/dags/config/airflow_api.py
[2024-06-19T17:53:26.465+0000] {processor.py:842} WARNING - No viable dags retrieved from /opt/airflow/dags/config/airflow_api.py
[2024-06-19T17:53:26.475+0000] {processor.py:183} INFO - Processing /opt/airflow/dags/config/airflow_api.py took 0.016 seconds
[2024-06-19T17:53:56.911+0000] {processor.py:161} INFO - Started process (PID=1463) to work on /opt/airflow/dags/config/airflow_api.py
[2024-06-19T17:53:56.916+0000] {processor.py:830} INFO - Processing file /opt/airflow/dags/config/airflow_api.py for tasks to queue
[2024-06-19T17:53:56.918+0000] {logging_mixin.py:188} INFO - [2024-06-19T17:53:56.917+0000] {dagbag.py:545} INFO - Filling up the DagBag from /opt/airflow/dags/config/airflow_api.py
[2024-06-19T17:53:56.924+0000] {processor.py:842} WARNING - No viable dags retrieved from /opt/airflow/dags/config/airflow_api.py
[2024-06-19T17:53:56.952+0000] {processor.py:183} INFO - Processing /opt/airflow/dags/config/airflow_api.py took 0.047 seconds
[2024-06-19T17:54:27.437+0000] {processor.py:161} INFO - Started process (PID=1479) to work on /opt/airflow/dags/config/airflow_api.py
[2024-06-19T17:54:27.437+0000] {processor.py:830} INFO - Processing file /opt/airflow/dags/config/airflow_api.py for tasks to queue
[2024-06-19T17:54:27.438+0000] {logging_mixin.py:188} INFO - [2024-06-19T17:54:27.438+0000] {dagbag.py:545} INFO - Filling up the DagBag from /opt/airflow/dags/config/airflow_api.py
[2024-06-19T17:54:27.440+0000] {processor.py:842} WARNING - No viable dags retrieved from /opt/airflow/dags/config/airflow_api.py
[2024-06-19T17:54:27.454+0000] {processor.py:183} INFO - Processing /opt/airflow/dags/config/airflow_api.py took 0.025 seconds
[2024-06-19T17:54:58.094+0000] {processor.py:161} INFO - Started process (PID=1499) to work on /opt/airflow/dags/config/airflow_api.py
[2024-06-19T17:54:58.095+0000] {processor.py:830} INFO - Processing file /opt/airflow/dags/config/airflow_api.py for tasks to queue
[2024-06-19T17:54:58.096+0000] {logging_mixin.py:188} INFO - [2024-06-19T17:54:58.096+0000] {dagbag.py:545} INFO - Filling up the DagBag from /opt/airflow/dags/config/airflow_api.py
[2024-06-19T17:54:58.098+0000] {processor.py:842} WARNING - No viable dags retrieved from /opt/airflow/dags/config/airflow_api.py
[2024-06-19T17:54:58.113+0000] {processor.py:183} INFO - Processing /opt/airflow/dags/config/airflow_api.py took 0.026 seconds
[2024-06-19T17:55:28.534+0000] {processor.py:161} INFO - Started process (PID=1513) to work on /opt/airflow/dags/config/airflow_api.py
[2024-06-19T17:55:28.536+0000] {processor.py:830} INFO - Processing file /opt/airflow/dags/config/airflow_api.py for tasks to queue
[2024-06-19T17:55:28.538+0000] {logging_mixin.py:188} INFO - [2024-06-19T17:55:28.537+0000] {dagbag.py:545} INFO - Filling up the DagBag from /opt/airflow/dags/config/airflow_api.py
[2024-06-19T17:55:28.541+0000] {processor.py:842} WARNING - No viable dags retrieved from /opt/airflow/dags/config/airflow_api.py
[2024-06-19T17:55:28.557+0000] {processor.py:183} INFO - Processing /opt/airflow/dags/config/airflow_api.py took 0.041 seconds
[2024-06-19T17:55:58.929+0000] {processor.py:161} INFO - Started process (PID=1528) to work on /opt/airflow/dags/config/airflow_api.py
[2024-06-19T17:55:58.930+0000] {processor.py:830} INFO - Processing file /opt/airflow/dags/config/airflow_api.py for tasks to queue
[2024-06-19T17:55:58.931+0000] {logging_mixin.py:188} INFO - [2024-06-19T17:55:58.931+0000] {dagbag.py:545} INFO - Filling up the DagBag from /opt/airflow/dags/config/airflow_api.py
[2024-06-19T17:55:58.934+0000] {processor.py:842} WARNING - No viable dags retrieved from /opt/airflow/dags/config/airflow_api.py
[2024-06-19T17:55:58.950+0000] {processor.py:183} INFO - Processing /opt/airflow/dags/config/airflow_api.py took 0.034 seconds
[2024-06-19T17:56:29.543+0000] {processor.py:161} INFO - Started process (PID=1549) to work on /opt/airflow/dags/config/airflow_api.py
[2024-06-19T17:56:29.544+0000] {processor.py:830} INFO - Processing file /opt/airflow/dags/config/airflow_api.py for tasks to queue
[2024-06-19T17:56:29.545+0000] {logging_mixin.py:188} INFO - [2024-06-19T17:56:29.545+0000] {dagbag.py:545} INFO - Filling up the DagBag from /opt/airflow/dags/config/airflow_api.py
[2024-06-19T17:56:29.547+0000] {processor.py:842} WARNING - No viable dags retrieved from /opt/airflow/dags/config/airflow_api.py
[2024-06-19T17:56:29.560+0000] {processor.py:183} INFO - Processing /opt/airflow/dags/config/airflow_api.py took 0.024 seconds
[2024-06-19T17:57:00.124+0000] {processor.py:161} INFO - Started process (PID=1569) to work on /opt/airflow/dags/config/airflow_api.py
[2024-06-19T17:57:00.129+0000] {processor.py:830} INFO - Processing file /opt/airflow/dags/config/airflow_api.py for tasks to queue
[2024-06-19T17:57:00.131+0000] {logging_mixin.py:188} INFO - [2024-06-19T17:57:00.130+0000] {dagbag.py:545} INFO - Filling up the DagBag from /opt/airflow/dags/config/airflow_api.py
[2024-06-19T17:57:00.137+0000] {processor.py:842} WARNING - No viable dags retrieved from /opt/airflow/dags/config/airflow_api.py
[2024-06-19T17:57:00.159+0000] {processor.py:183} INFO - Processing /opt/airflow/dags/config/airflow_api.py took 0.053 seconds
[2024-06-19T17:57:30.661+0000] {processor.py:161} INFO - Started process (PID=1586) to work on /opt/airflow/dags/config/airflow_api.py
[2024-06-19T17:57:30.662+0000] {processor.py:830} INFO - Processing file /opt/airflow/dags/config/airflow_api.py for tasks to queue
[2024-06-19T17:57:30.662+0000] {logging_mixin.py:188} INFO - [2024-06-19T17:57:30.662+0000] {dagbag.py:545} INFO - Filling up the DagBag from /opt/airflow/dags/config/airflow_api.py
[2024-06-19T17:57:30.664+0000] {processor.py:842} WARNING - No viable dags retrieved from /opt/airflow/dags/config/airflow_api.py
[2024-06-19T17:57:30.674+0000] {processor.py:183} INFO - Processing /opt/airflow/dags/config/airflow_api.py took 0.018 seconds
[2024-06-19T17:58:01.107+0000] {processor.py:161} INFO - Started process (PID=1602) to work on /opt/airflow/dags/config/airflow_api.py
[2024-06-19T17:58:01.108+0000] {processor.py:830} INFO - Processing file /opt/airflow/dags/config/airflow_api.py for tasks to queue
[2024-06-19T17:58:01.109+0000] {logging_mixin.py:188} INFO - [2024-06-19T17:58:01.108+0000] {dagbag.py:545} INFO - Filling up the DagBag from /opt/airflow/dags/config/airflow_api.py
[2024-06-19T17:58:01.110+0000] {processor.py:842} WARNING - No viable dags retrieved from /opt/airflow/dags/config/airflow_api.py
[2024-06-19T17:58:01.124+0000] {processor.py:183} INFO - Processing /opt/airflow/dags/config/airflow_api.py took 0.024 seconds
[2024-06-19T17:58:31.455+0000] {processor.py:161} INFO - Started process (PID=1616) to work on /opt/airflow/dags/config/airflow_api.py
[2024-06-19T17:58:31.456+0000] {processor.py:830} INFO - Processing file /opt/airflow/dags/config/airflow_api.py for tasks to queue
[2024-06-19T17:58:31.456+0000] {logging_mixin.py:188} INFO - [2024-06-19T17:58:31.456+0000] {dagbag.py:545} INFO - Filling up the DagBag from /opt/airflow/dags/config/airflow_api.py
[2024-06-19T17:58:31.458+0000] {processor.py:842} WARNING - No viable dags retrieved from /opt/airflow/dags/config/airflow_api.py
[2024-06-19T17:58:31.470+0000] {processor.py:183} INFO - Processing /opt/airflow/dags/config/airflow_api.py took 0.020 seconds
[2024-06-19T17:59:01.780+0000] {processor.py:161} INFO - Started process (PID=1630) to work on /opt/airflow/dags/config/airflow_api.py
[2024-06-19T17:59:01.784+0000] {processor.py:830} INFO - Processing file /opt/airflow/dags/config/airflow_api.py for tasks to queue
[2024-06-19T17:59:01.784+0000] {logging_mixin.py:188} INFO - [2024-06-19T17:59:01.784+0000] {dagbag.py:545} INFO - Filling up the DagBag from /opt/airflow/dags/config/airflow_api.py
[2024-06-19T17:59:01.786+0000] {processor.py:842} WARNING - No viable dags retrieved from /opt/airflow/dags/config/airflow_api.py
[2024-06-19T17:59:01.796+0000] {processor.py:183} INFO - Processing /opt/airflow/dags/config/airflow_api.py took 0.020 seconds
[2024-06-19T17:59:32.340+0000] {processor.py:161} INFO - Started process (PID=1654) to work on /opt/airflow/dags/config/airflow_api.py
[2024-06-19T17:59:32.345+0000] {processor.py:830} INFO - Processing file /opt/airflow/dags/config/airflow_api.py for tasks to queue
[2024-06-19T17:59:32.346+0000] {logging_mixin.py:188} INFO - [2024-06-19T17:59:32.345+0000] {dagbag.py:545} INFO - Filling up the DagBag from /opt/airflow/dags/config/airflow_api.py
[2024-06-19T17:59:32.348+0000] {processor.py:842} WARNING - No viable dags retrieved from /opt/airflow/dags/config/airflow_api.py
[2024-06-19T17:59:32.363+0000] {processor.py:183} INFO - Processing /opt/airflow/dags/config/airflow_api.py took 0.038 seconds
[2024-06-19T18:00:02.712+0000] {processor.py:161} INFO - Started process (PID=1667) to work on /opt/airflow/dags/config/airflow_api.py
[2024-06-19T18:00:02.713+0000] {processor.py:830} INFO - Processing file /opt/airflow/dags/config/airflow_api.py for tasks to queue
[2024-06-19T18:00:02.714+0000] {logging_mixin.py:188} INFO - [2024-06-19T18:00:02.714+0000] {dagbag.py:545} INFO - Filling up the DagBag from /opt/airflow/dags/config/airflow_api.py
[2024-06-19T18:00:02.715+0000] {processor.py:842} WARNING - No viable dags retrieved from /opt/airflow/dags/config/airflow_api.py
[2024-06-19T18:00:02.726+0000] {processor.py:183} INFO - Processing /opt/airflow/dags/config/airflow_api.py took 0.018 seconds
[2024-06-19T18:00:33.174+0000] {processor.py:161} INFO - Started process (PID=1681) to work on /opt/airflow/dags/config/airflow_api.py
[2024-06-19T18:00:33.174+0000] {processor.py:830} INFO - Processing file /opt/airflow/dags/config/airflow_api.py for tasks to queue
[2024-06-19T18:00:33.175+0000] {logging_mixin.py:188} INFO - [2024-06-19T18:00:33.175+0000] {dagbag.py:545} INFO - Filling up the DagBag from /opt/airflow/dags/config/airflow_api.py
[2024-06-19T18:00:33.177+0000] {processor.py:842} WARNING - No viable dags retrieved from /opt/airflow/dags/config/airflow_api.py
[2024-06-19T18:00:33.190+0000] {processor.py:183} INFO - Processing /opt/airflow/dags/config/airflow_api.py took 0.031 seconds
[2024-06-19T18:01:03.595+0000] {processor.py:161} INFO - Started process (PID=1696) to work on /opt/airflow/dags/config/airflow_api.py
[2024-06-19T18:01:03.596+0000] {processor.py:830} INFO - Processing file /opt/airflow/dags/config/airflow_api.py for tasks to queue
[2024-06-19T18:01:03.597+0000] {logging_mixin.py:188} INFO - [2024-06-19T18:01:03.597+0000] {dagbag.py:545} INFO - Filling up the DagBag from /opt/airflow/dags/config/airflow_api.py
[2024-06-19T18:01:03.599+0000] {processor.py:842} WARNING - No viable dags retrieved from /opt/airflow/dags/config/airflow_api.py
[2024-06-19T18:01:03.613+0000] {processor.py:183} INFO - Processing /opt/airflow/dags/config/airflow_api.py took 0.022 seconds
[2024-06-19T18:01:34.343+0000] {processor.py:161} INFO - Started process (PID=1721) to work on /opt/airflow/dags/config/airflow_api.py
[2024-06-19T18:01:34.344+0000] {processor.py:830} INFO - Processing file /opt/airflow/dags/config/airflow_api.py for tasks to queue
[2024-06-19T18:01:34.345+0000] {logging_mixin.py:188} INFO - [2024-06-19T18:01:34.344+0000] {dagbag.py:545} INFO - Filling up the DagBag from /opt/airflow/dags/config/airflow_api.py
[2024-06-19T18:01:34.347+0000] {processor.py:842} WARNING - No viable dags retrieved from /opt/airflow/dags/config/airflow_api.py
[2024-06-19T18:01:34.360+0000] {processor.py:183} INFO - Processing /opt/airflow/dags/config/airflow_api.py took 0.023 seconds
[2024-06-19T18:02:04.981+0000] {processor.py:161} INFO - Started process (PID=1743) to work on /opt/airflow/dags/config/airflow_api.py
[2024-06-19T18:02:04.986+0000] {processor.py:830} INFO - Processing file /opt/airflow/dags/config/airflow_api.py for tasks to queue
[2024-06-19T18:02:04.988+0000] {logging_mixin.py:188} INFO - [2024-06-19T18:02:04.987+0000] {dagbag.py:545} INFO - Filling up the DagBag from /opt/airflow/dags/config/airflow_api.py
[2024-06-19T18:02:04.991+0000] {processor.py:842} WARNING - No viable dags retrieved from /opt/airflow/dags/config/airflow_api.py
[2024-06-19T18:02:05.007+0000] {processor.py:183} INFO - Processing /opt/airflow/dags/config/airflow_api.py took 0.046 seconds
[2024-06-19T18:02:35.368+0000] {processor.py:161} INFO - Started process (PID=1756) to work on /opt/airflow/dags/config/airflow_api.py
[2024-06-19T18:02:35.369+0000] {processor.py:830} INFO - Processing file /opt/airflow/dags/config/airflow_api.py for tasks to queue
[2024-06-19T18:02:35.370+0000] {logging_mixin.py:188} INFO - [2024-06-19T18:02:35.369+0000] {dagbag.py:545} INFO - Filling up the DagBag from /opt/airflow/dags/config/airflow_api.py
[2024-06-19T18:02:35.372+0000] {processor.py:842} WARNING - No viable dags retrieved from /opt/airflow/dags/config/airflow_api.py
[2024-06-19T18:02:35.386+0000] {processor.py:183} INFO - Processing /opt/airflow/dags/config/airflow_api.py took 0.026 seconds
[2024-06-19T18:03:05.911+0000] {processor.py:161} INFO - Started process (PID=1775) to work on /opt/airflow/dags/config/airflow_api.py
[2024-06-19T18:03:05.916+0000] {processor.py:830} INFO - Processing file /opt/airflow/dags/config/airflow_api.py for tasks to queue
[2024-06-19T18:03:05.918+0000] {logging_mixin.py:188} INFO - [2024-06-19T18:03:05.917+0000] {dagbag.py:545} INFO - Filling up the DagBag from /opt/airflow/dags/config/airflow_api.py
[2024-06-19T18:03:05.920+0000] {processor.py:842} WARNING - No viable dags retrieved from /opt/airflow/dags/config/airflow_api.py
[2024-06-19T18:03:05.934+0000] {processor.py:183} INFO - Processing /opt/airflow/dags/config/airflow_api.py took 0.041 seconds
[2024-06-19T18:03:36.405+0000] {processor.py:161} INFO - Started process (PID=1791) to work on /opt/airflow/dags/config/airflow_api.py
[2024-06-19T18:03:36.406+0000] {processor.py:830} INFO - Processing file /opt/airflow/dags/config/airflow_api.py for tasks to queue
[2024-06-19T18:03:36.407+0000] {logging_mixin.py:188} INFO - [2024-06-19T18:03:36.407+0000] {dagbag.py:545} INFO - Filling up the DagBag from /opt/airflow/dags/config/airflow_api.py
[2024-06-19T18:03:36.410+0000] {processor.py:842} WARNING - No viable dags retrieved from /opt/airflow/dags/config/airflow_api.py
[2024-06-19T18:03:36.426+0000] {processor.py:183} INFO - Processing /opt/airflow/dags/config/airflow_api.py took 0.031 seconds
[2024-06-19T18:04:07.126+0000] {processor.py:161} INFO - Started process (PID=1816) to work on /opt/airflow/dags/config/airflow_api.py
[2024-06-19T18:04:07.131+0000] {processor.py:830} INFO - Processing file /opt/airflow/dags/config/airflow_api.py for tasks to queue
[2024-06-19T18:04:07.133+0000] {logging_mixin.py:188} INFO - [2024-06-19T18:04:07.132+0000] {dagbag.py:545} INFO - Filling up the DagBag from /opt/airflow/dags/config/airflow_api.py
[2024-06-19T18:04:07.138+0000] {processor.py:842} WARNING - No viable dags retrieved from /opt/airflow/dags/config/airflow_api.py
[2024-06-19T18:04:07.160+0000] {processor.py:183} INFO - Processing /opt/airflow/dags/config/airflow_api.py took 0.053 seconds
[2024-06-19T18:04:37.702+0000] {processor.py:161} INFO - Started process (PID=1835) to work on /opt/airflow/dags/config/airflow_api.py
[2024-06-19T18:04:37.702+0000] {processor.py:830} INFO - Processing file /opt/airflow/dags/config/airflow_api.py for tasks to queue
[2024-06-19T18:04:37.703+0000] {logging_mixin.py:188} INFO - [2024-06-19T18:04:37.702+0000] {dagbag.py:545} INFO - Filling up the DagBag from /opt/airflow/dags/config/airflow_api.py
[2024-06-19T18:04:37.704+0000] {processor.py:842} WARNING - No viable dags retrieved from /opt/airflow/dags/config/airflow_api.py
[2024-06-19T18:04:37.714+0000] {processor.py:183} INFO - Processing /opt/airflow/dags/config/airflow_api.py took 0.017 seconds
[2024-06-19T18:05:08.136+0000] {processor.py:161} INFO - Started process (PID=1849) to work on /opt/airflow/dags/config/airflow_api.py
[2024-06-19T18:05:08.137+0000] {processor.py:830} INFO - Processing file /opt/airflow/dags/config/airflow_api.py for tasks to queue
[2024-06-19T18:05:08.138+0000] {logging_mixin.py:188} INFO - [2024-06-19T18:05:08.138+0000] {dagbag.py:545} INFO - Filling up the DagBag from /opt/airflow/dags/config/airflow_api.py
[2024-06-19T18:05:08.140+0000] {processor.py:842} WARNING - No viable dags retrieved from /opt/airflow/dags/config/airflow_api.py
[2024-06-19T18:05:08.154+0000] {processor.py:183} INFO - Processing /opt/airflow/dags/config/airflow_api.py took 0.025 seconds
[2024-06-19T18:05:38.518+0000] {processor.py:161} INFO - Started process (PID=1863) to work on /opt/airflow/dags/config/airflow_api.py
[2024-06-19T18:05:38.519+0000] {processor.py:830} INFO - Processing file /opt/airflow/dags/config/airflow_api.py for tasks to queue
[2024-06-19T18:05:38.520+0000] {logging_mixin.py:188} INFO - [2024-06-19T18:05:38.520+0000] {dagbag.py:545} INFO - Filling up the DagBag from /opt/airflow/dags/config/airflow_api.py
[2024-06-19T18:05:38.522+0000] {processor.py:842} WARNING - No viable dags retrieved from /opt/airflow/dags/config/airflow_api.py
[2024-06-19T18:05:38.535+0000] {processor.py:183} INFO - Processing /opt/airflow/dags/config/airflow_api.py took 0.025 seconds
[2024-06-19T18:06:08.885+0000] {processor.py:161} INFO - Started process (PID=1877) to work on /opt/airflow/dags/config/airflow_api.py
[2024-06-19T18:06:08.888+0000] {processor.py:830} INFO - Processing file /opt/airflow/dags/config/airflow_api.py for tasks to queue
[2024-06-19T18:06:08.889+0000] {logging_mixin.py:188} INFO - [2024-06-19T18:06:08.889+0000] {dagbag.py:545} INFO - Filling up the DagBag from /opt/airflow/dags/config/airflow_api.py
[2024-06-19T18:06:08.890+0000] {processor.py:842} WARNING - No viable dags retrieved from /opt/airflow/dags/config/airflow_api.py
[2024-06-19T18:06:08.900+0000] {processor.py:183} INFO - Processing /opt/airflow/dags/config/airflow_api.py took 0.020 seconds
[2024-06-19T18:06:39.297+0000] {processor.py:161} INFO - Started process (PID=1891) to work on /opt/airflow/dags/config/airflow_api.py
[2024-06-19T18:06:39.298+0000] {processor.py:830} INFO - Processing file /opt/airflow/dags/config/airflow_api.py for tasks to queue
[2024-06-19T18:06:39.300+0000] {logging_mixin.py:188} INFO - [2024-06-19T18:06:39.299+0000] {dagbag.py:545} INFO - Filling up the DagBag from /opt/airflow/dags/config/airflow_api.py
[2024-06-19T18:06:39.303+0000] {processor.py:842} WARNING - No viable dags retrieved from /opt/airflow/dags/config/airflow_api.py
[2024-06-19T18:06:39.319+0000] {processor.py:183} INFO - Processing /opt/airflow/dags/config/airflow_api.py took 0.040 seconds
[2024-06-19T18:07:09.662+0000] {processor.py:161} INFO - Started process (PID=1905) to work on /opt/airflow/dags/config/airflow_api.py
[2024-06-19T18:07:09.666+0000] {processor.py:830} INFO - Processing file /opt/airflow/dags/config/airflow_api.py for tasks to queue
[2024-06-19T18:07:09.666+0000] {logging_mixin.py:188} INFO - [2024-06-19T18:07:09.666+0000] {dagbag.py:545} INFO - Filling up the DagBag from /opt/airflow/dags/config/airflow_api.py
[2024-06-19T18:07:09.668+0000] {processor.py:842} WARNING - No viable dags retrieved from /opt/airflow/dags/config/airflow_api.py
[2024-06-19T18:07:09.678+0000] {processor.py:183} INFO - Processing /opt/airflow/dags/config/airflow_api.py took 0.021 seconds
[2024-06-19T18:07:40.047+0000] {processor.py:161} INFO - Started process (PID=1919) to work on /opt/airflow/dags/config/airflow_api.py
[2024-06-19T18:07:40.049+0000] {processor.py:830} INFO - Processing file /opt/airflow/dags/config/airflow_api.py for tasks to queue
[2024-06-19T18:07:40.051+0000] {logging_mixin.py:188} INFO - [2024-06-19T18:07:40.050+0000] {dagbag.py:545} INFO - Filling up the DagBag from /opt/airflow/dags/config/airflow_api.py
[2024-06-19T18:07:40.055+0000] {processor.py:842} WARNING - No viable dags retrieved from /opt/airflow/dags/config/airflow_api.py
[2024-06-19T18:07:40.073+0000] {processor.py:183} INFO - Processing /opt/airflow/dags/config/airflow_api.py took 0.044 seconds
[2024-06-19T18:08:10.458+0000] {processor.py:161} INFO - Started process (PID=1933) to work on /opt/airflow/dags/config/airflow_api.py
[2024-06-19T18:08:10.462+0000] {processor.py:830} INFO - Processing file /opt/airflow/dags/config/airflow_api.py for tasks to queue
[2024-06-19T18:08:10.463+0000] {logging_mixin.py:188} INFO - [2024-06-19T18:08:10.462+0000] {dagbag.py:545} INFO - Filling up the DagBag from /opt/airflow/dags/config/airflow_api.py
[2024-06-19T18:08:10.464+0000] {processor.py:842} WARNING - No viable dags retrieved from /opt/airflow/dags/config/airflow_api.py
[2024-06-19T18:08:10.477+0000] {processor.py:183} INFO - Processing /opt/airflow/dags/config/airflow_api.py took 0.025 seconds
[2024-06-19T18:08:40.765+0000] {processor.py:161} INFO - Started process (PID=1947) to work on /opt/airflow/dags/config/airflow_api.py
[2024-06-19T18:08:40.765+0000] {processor.py:830} INFO - Processing file /opt/airflow/dags/config/airflow_api.py for tasks to queue
[2024-06-19T18:08:40.766+0000] {logging_mixin.py:188} INFO - [2024-06-19T18:08:40.766+0000] {dagbag.py:545} INFO - Filling up the DagBag from /opt/airflow/dags/config/airflow_api.py
[2024-06-19T18:08:40.767+0000] {processor.py:842} WARNING - No viable dags retrieved from /opt/airflow/dags/config/airflow_api.py
[2024-06-19T18:08:40.777+0000] {processor.py:183} INFO - Processing /opt/airflow/dags/config/airflow_api.py took 0.016 seconds
[2024-06-19T18:09:11.200+0000] {processor.py:161} INFO - Started process (PID=1961) to work on /opt/airflow/dags/config/airflow_api.py
[2024-06-19T18:09:11.204+0000] {processor.py:830} INFO - Processing file /opt/airflow/dags/config/airflow_api.py for tasks to queue
[2024-06-19T18:09:11.204+0000] {logging_mixin.py:188} INFO - [2024-06-19T18:09:11.204+0000] {dagbag.py:545} INFO - Filling up the DagBag from /opt/airflow/dags/config/airflow_api.py
[2024-06-19T18:09:11.206+0000] {processor.py:842} WARNING - No viable dags retrieved from /opt/airflow/dags/config/airflow_api.py
[2024-06-19T18:09:11.219+0000] {processor.py:183} INFO - Processing /opt/airflow/dags/config/airflow_api.py took 0.026 seconds
[2024-06-19T18:09:41.594+0000] {processor.py:161} INFO - Started process (PID=1975) to work on /opt/airflow/dags/config/airflow_api.py
[2024-06-19T18:09:41.594+0000] {processor.py:830} INFO - Processing file /opt/airflow/dags/config/airflow_api.py for tasks to queue
[2024-06-19T18:09:41.595+0000] {logging_mixin.py:188} INFO - [2024-06-19T18:09:41.595+0000] {dagbag.py:545} INFO - Filling up the DagBag from /opt/airflow/dags/config/airflow_api.py
[2024-06-19T18:09:41.597+0000] {processor.py:842} WARNING - No viable dags retrieved from /opt/airflow/dags/config/airflow_api.py
[2024-06-19T18:09:41.611+0000] {processor.py:183} INFO - Processing /opt/airflow/dags/config/airflow_api.py took 0.024 seconds
[2024-06-19T18:10:11.990+0000] {processor.py:161} INFO - Started process (PID=1989) to work on /opt/airflow/dags/config/airflow_api.py
[2024-06-19T18:10:11.991+0000] {processor.py:830} INFO - Processing file /opt/airflow/dags/config/airflow_api.py for tasks to queue
[2024-06-19T18:10:11.992+0000] {logging_mixin.py:188} INFO - [2024-06-19T18:10:11.992+0000] {dagbag.py:545} INFO - Filling up the DagBag from /opt/airflow/dags/config/airflow_api.py
[2024-06-19T18:10:11.994+0000] {processor.py:842} WARNING - No viable dags retrieved from /opt/airflow/dags/config/airflow_api.py
[2024-06-19T18:10:12.010+0000] {processor.py:183} INFO - Processing /opt/airflow/dags/config/airflow_api.py took 0.025 seconds
[2024-06-19T18:10:42.402+0000] {processor.py:161} INFO - Started process (PID=2003) to work on /opt/airflow/dags/config/airflow_api.py
[2024-06-19T18:10:42.403+0000] {processor.py:830} INFO - Processing file /opt/airflow/dags/config/airflow_api.py for tasks to queue
[2024-06-19T18:10:42.404+0000] {logging_mixin.py:188} INFO - [2024-06-19T18:10:42.403+0000] {dagbag.py:545} INFO - Filling up the DagBag from /opt/airflow/dags/config/airflow_api.py
[2024-06-19T18:10:42.406+0000] {processor.py:842} WARNING - No viable dags retrieved from /opt/airflow/dags/config/airflow_api.py
[2024-06-19T18:10:42.420+0000] {processor.py:183} INFO - Processing /opt/airflow/dags/config/airflow_api.py took 0.025 seconds
[2024-06-19T18:11:12.768+0000] {processor.py:161} INFO - Started process (PID=2017) to work on /opt/airflow/dags/config/airflow_api.py
[2024-06-19T18:11:12.772+0000] {processor.py:830} INFO - Processing file /opt/airflow/dags/config/airflow_api.py for tasks to queue
[2024-06-19T18:11:12.775+0000] {logging_mixin.py:188} INFO - [2024-06-19T18:11:12.774+0000] {dagbag.py:545} INFO - Filling up the DagBag from /opt/airflow/dags/config/airflow_api.py
[2024-06-19T18:11:12.779+0000] {processor.py:842} WARNING - No viable dags retrieved from /opt/airflow/dags/config/airflow_api.py
[2024-06-19T18:11:12.815+0000] {processor.py:183} INFO - Processing /opt/airflow/dags/config/airflow_api.py took 0.052 seconds
[2024-06-19T18:11:43.220+0000] {processor.py:161} INFO - Started process (PID=2031) to work on /opt/airflow/dags/config/airflow_api.py
[2024-06-19T18:11:43.222+0000] {processor.py:830} INFO - Processing file /opt/airflow/dags/config/airflow_api.py for tasks to queue
[2024-06-19T18:11:43.223+0000] {logging_mixin.py:188} INFO - [2024-06-19T18:11:43.222+0000] {dagbag.py:545} INFO - Filling up the DagBag from /opt/airflow/dags/config/airflow_api.py
[2024-06-19T18:11:43.225+0000] {processor.py:842} WARNING - No viable dags retrieved from /opt/airflow/dags/config/airflow_api.py
[2024-06-19T18:11:43.239+0000] {processor.py:183} INFO - Processing /opt/airflow/dags/config/airflow_api.py took 0.030 seconds
[2024-06-19T18:12:13.600+0000] {processor.py:161} INFO - Started process (PID=2045) to work on /opt/airflow/dags/config/airflow_api.py
[2024-06-19T18:12:13.605+0000] {processor.py:830} INFO - Processing file /opt/airflow/dags/config/airflow_api.py for tasks to queue
[2024-06-19T18:12:13.607+0000] {logging_mixin.py:188} INFO - [2024-06-19T18:12:13.606+0000] {dagbag.py:545} INFO - Filling up the DagBag from /opt/airflow/dags/config/airflow_api.py
[2024-06-19T18:12:13.612+0000] {processor.py:842} WARNING - No viable dags retrieved from /opt/airflow/dags/config/airflow_api.py
[2024-06-19T18:12:13.647+0000] {processor.py:183} INFO - Processing /opt/airflow/dags/config/airflow_api.py took 0.053 seconds
[2024-06-19T18:12:44.076+0000] {processor.py:161} INFO - Started process (PID=2059) to work on /opt/airflow/dags/config/airflow_api.py
[2024-06-19T18:12:44.077+0000] {processor.py:830} INFO - Processing file /opt/airflow/dags/config/airflow_api.py for tasks to queue
[2024-06-19T18:12:44.078+0000] {logging_mixin.py:188} INFO - [2024-06-19T18:12:44.077+0000] {dagbag.py:545} INFO - Filling up the DagBag from /opt/airflow/dags/config/airflow_api.py
[2024-06-19T18:12:44.080+0000] {processor.py:842} WARNING - No viable dags retrieved from /opt/airflow/dags/config/airflow_api.py
[2024-06-19T18:12:44.092+0000] {processor.py:183} INFO - Processing /opt/airflow/dags/config/airflow_api.py took 0.023 seconds
[2024-06-19T18:13:14.465+0000] {processor.py:161} INFO - Started process (PID=2073) to work on /opt/airflow/dags/config/airflow_api.py
[2024-06-19T18:13:14.466+0000] {processor.py:830} INFO - Processing file /opt/airflow/dags/config/airflow_api.py for tasks to queue
[2024-06-19T18:13:14.467+0000] {logging_mixin.py:188} INFO - [2024-06-19T18:13:14.467+0000] {dagbag.py:545} INFO - Filling up the DagBag from /opt/airflow/dags/config/airflow_api.py
[2024-06-19T18:13:14.469+0000] {processor.py:842} WARNING - No viable dags retrieved from /opt/airflow/dags/config/airflow_api.py
[2024-06-19T18:13:14.486+0000] {processor.py:183} INFO - Processing /opt/airflow/dags/config/airflow_api.py took 0.028 seconds
[2024-06-19T18:13:44.811+0000] {processor.py:161} INFO - Started process (PID=2087) to work on /opt/airflow/dags/config/airflow_api.py
[2024-06-19T18:13:44.812+0000] {processor.py:830} INFO - Processing file /opt/airflow/dags/config/airflow_api.py for tasks to queue
[2024-06-19T18:13:44.812+0000] {logging_mixin.py:188} INFO - [2024-06-19T18:13:44.812+0000] {dagbag.py:545} INFO - Filling up the DagBag from /opt/airflow/dags/config/airflow_api.py
[2024-06-19T18:13:44.814+0000] {processor.py:842} WARNING - No viable dags retrieved from /opt/airflow/dags/config/airflow_api.py
[2024-06-19T18:13:44.823+0000] {processor.py:183} INFO - Processing /opt/airflow/dags/config/airflow_api.py took 0.016 seconds
[2024-06-19T18:14:15.238+0000] {processor.py:161} INFO - Started process (PID=2101) to work on /opt/airflow/dags/config/airflow_api.py
[2024-06-19T18:14:15.242+0000] {processor.py:830} INFO - Processing file /opt/airflow/dags/config/airflow_api.py for tasks to queue
[2024-06-19T18:14:15.243+0000] {logging_mixin.py:188} INFO - [2024-06-19T18:14:15.243+0000] {dagbag.py:545} INFO - Filling up the DagBag from /opt/airflow/dags/config/airflow_api.py
[2024-06-19T18:14:15.246+0000] {processor.py:842} WARNING - No viable dags retrieved from /opt/airflow/dags/config/airflow_api.py
[2024-06-19T18:14:15.260+0000] {processor.py:183} INFO - Processing /opt/airflow/dags/config/airflow_api.py took 0.035 seconds
[2024-06-19T18:14:45.715+0000] {processor.py:161} INFO - Started process (PID=2117) to work on /opt/airflow/dags/config/airflow_api.py
[2024-06-19T18:14:45.717+0000] {processor.py:830} INFO - Processing file /opt/airflow/dags/config/airflow_api.py for tasks to queue
[2024-06-19T18:14:45.719+0000] {logging_mixin.py:188} INFO - [2024-06-19T18:14:45.718+0000] {dagbag.py:545} INFO - Filling up the DagBag from /opt/airflow/dags/config/airflow_api.py
[2024-06-19T18:14:45.723+0000] {processor.py:842} WARNING - No viable dags retrieved from /opt/airflow/dags/config/airflow_api.py
[2024-06-19T18:14:45.739+0000] {processor.py:183} INFO - Processing /opt/airflow/dags/config/airflow_api.py took 0.043 seconds
