[2024-06-27T05:45:03.861+0000] {local_task_job_runner.py:120} INFO - ::group::Pre task execution logs
[2024-06-27T05:45:03.889+0000] {taskinstance.py:2076} INFO - Dependencies all met for dep_context=non-requeueable deps ti=<TaskInstance: demo_dag_for_alerting_apis_final.check_data_in_stream scheduled__2024-06-27T05:44:00+00:00 [queued]>
[2024-06-27T05:45:03.900+0000] {taskinstance.py:2076} INFO - Dependencies all met for dep_context=requeueable deps ti=<TaskInstance: demo_dag_for_alerting_apis_final.check_data_in_stream scheduled__2024-06-27T05:44:00+00:00 [queued]>
[2024-06-27T05:45:03.900+0000] {taskinstance.py:2306} INFO - Starting attempt 1 of 6
[2024-06-27T05:45:03.918+0000] {taskinstance.py:2330} INFO - Executing <Task(BranchPythonOperator): check_data_in_stream> on 2024-06-27 05:44:00+00:00
[2024-06-27T05:45:03.925+0000] {warnings.py:110} WARNING - /home/***/.local/lib/python3.12/site-packages/***/task/task_runner/standard_task_runner.py:61: DeprecationWarning: This process (pid=1103) is multi-threaded, use of fork() may lead to deadlocks in the child.
  pid = os.fork()

[2024-06-27T05:45:03.926+0000] {standard_task_runner.py:63} INFO - Started process 1106 to run task
[2024-06-27T05:45:03.926+0000] {standard_task_runner.py:90} INFO - Running: ['***', 'tasks', 'run', 'demo_dag_for_alerting_apis_final', 'check_data_in_stream', 'scheduled__2024-06-27T05:44:00+00:00', '--job-id', '4636', '--raw', '--subdir', 'DAGS_FOLDER/demo_dag_for_alerting_apis.py', '--cfg-path', '/tmp/tmpz5en333r']
[2024-06-27T05:45:03.927+0000] {standard_task_runner.py:91} INFO - Job 4636: Subtask check_data_in_stream
[2024-06-27T05:45:03.969+0000] {task_command.py:426} INFO - Running <TaskInstance: demo_dag_for_alerting_apis_final.check_data_in_stream scheduled__2024-06-27T05:44:00+00:00 [running]> on host eeacb89bcfc1
[2024-06-27T05:45:04.058+0000] {taskinstance.py:2648} INFO - Exporting env vars: AIRFLOW_CTX_DAG_OWNER='***' AIRFLOW_CTX_DAG_ID='demo_dag_for_alerting_apis_final' AIRFLOW_CTX_TASK_ID='check_data_in_stream' AIRFLOW_CTX_EXECUTION_DATE='2024-06-27T05:44:00+00:00' AIRFLOW_CTX_TRY_NUMBER='1' AIRFLOW_CTX_DAG_RUN_ID='scheduled__2024-06-27T05:44:00+00:00'
[2024-06-27T05:45:04.058+0000] {taskinstance.py:430} INFO - ::endgroup::
[2024-06-27T05:45:04.069+0000] {baseoperator.py:399} WARNING - BranchPythonOperator.execute cannot be called outside TaskInstance!
[2024-06-27T05:45:04.069+0000] {python.py:237} INFO - Done. Returned value was: insert_new_record_into_audit_table
[2024-06-27T05:45:04.069+0000] {branch.py:36} INFO - Branch into insert_new_record_into_audit_table
[2024-06-27T05:45:04.069+0000] {skipmixin.py:178} INFO - Following branch insert_new_record_into_audit_table
[2024-06-27T05:45:04.083+0000] {skipmixin.py:246} INFO - Skipping tasks [('skipped_due_to_data_unavailability', -1)]
[2024-06-27T05:45:04.103+0000] {taskinstance.py:441} INFO - ::group::Post task execution logs
[2024-06-27T05:45:04.120+0000] {taskinstance.py:1206} INFO - Marking task as SUCCESS. dag_id=demo_dag_for_alerting_apis_final, task_id=check_data_in_stream, run_id=scheduled__2024-06-27T05:44:00+00:00, execution_date=20240627T054400, start_date=20240627T054503, end_date=20240627T054504
[2024-06-27T05:45:04.139+0000] {local_task_job_runner.py:240} INFO - Task exited with return code 0
[2024-06-27T05:45:04.168+0000] {taskinstance.py:3498} INFO - 0 downstream tasks scheduled from follow-on schedule check
[2024-06-27T05:45:04.170+0000] {local_task_job_runner.py:222} INFO - ::endgroup::
