[2024-06-24T14:15:02.846+0000] {local_task_job_runner.py:120} INFO - ::group::Pre task execution logs
[2024-06-24T14:15:02.868+0000] {taskinstance.py:2076} INFO - Dependencies all met for dep_context=non-requeueable deps ti=<TaskInstance: alerting_all_dags_using_apis.get_all_dag_ids_last_limit_run_ids scheduled__2024-06-24T14:00:00+00:00 [queued]>
[2024-06-24T14:15:02.876+0000] {taskinstance.py:2076} INFO - Dependencies all met for dep_context=requeueable deps ti=<TaskInstance: alerting_all_dags_using_apis.get_all_dag_ids_last_limit_run_ids scheduled__2024-06-24T14:00:00+00:00 [queued]>
[2024-06-24T14:15:02.876+0000] {taskinstance.py:2306} INFO - Starting attempt 1 of 6
[2024-06-24T14:15:02.890+0000] {taskinstance.py:2330} INFO - Executing <Task(PythonOperator): get_all_dag_ids_last_limit_run_ids> on 2024-06-24 14:00:00+00:00
[2024-06-24T14:15:02.894+0000] {warnings.py:110} WARNING - /home/***/.local/lib/python3.12/site-packages/***/task/task_runner/standard_task_runner.py:61: DeprecationWarning: This process (pid=5852) is multi-threaded, use of fork() may lead to deadlocks in the child.
  pid = os.fork()

[2024-06-24T14:15:02.895+0000] {standard_task_runner.py:63} INFO - Started process 5853 to run task
[2024-06-24T14:15:02.896+0000] {standard_task_runner.py:90} INFO - Running: ['***', 'tasks', 'run', 'alerting_all_dags_using_apis', 'get_all_dag_ids_last_limit_run_ids', 'scheduled__2024-06-24T14:00:00+00:00', '--job-id', '3675', '--raw', '--subdir', 'DAGS_FOLDER/alerting_all_dags_using_apis.py', '--cfg-path', '/tmp/tmpsi26rngr']
[2024-06-24T14:15:02.897+0000] {standard_task_runner.py:91} INFO - Job 3675: Subtask get_all_dag_ids_last_limit_run_ids
[2024-06-24T14:15:02.934+0000] {task_command.py:426} INFO - Running <TaskInstance: alerting_all_dags_using_apis.get_all_dag_ids_last_limit_run_ids scheduled__2024-06-24T14:00:00+00:00 [running]> on host bf895605831d
[2024-06-24T14:15:03.031+0000] {taskinstance.py:2648} INFO - Exporting env vars: AIRFLOW_CTX_DAG_OWNER='***' AIRFLOW_CTX_DAG_ID='alerting_all_dags_using_apis' AIRFLOW_CTX_TASK_ID='get_all_dag_ids_last_limit_run_ids' AIRFLOW_CTX_EXECUTION_DATE='2024-06-24T14:00:00+00:00' AIRFLOW_CTX_TRY_NUMBER='1' AIRFLOW_CTX_DAG_RUN_ID='scheduled__2024-06-24T14:00:00+00:00'
[2024-06-24T14:15:03.032+0000] {taskinstance.py:430} INFO - ::endgroup::
[2024-06-24T14:15:03.046+0000] {helper_functions.py:230} ERROR - Failed to get DAG IDs and their last limit run IDs: 'NoneType' object is not iterable
Traceback (most recent call last):
  File "/opt/airflow/dags/helper_functions.py", line 220, in get_all_dag_ids_last_limit_run_ids
    for dag_id in active_dag_ids:
TypeError: 'NoneType' object is not iterable
[2024-06-24T14:15:03.047+0000] {python.py:237} INFO - Done. Returned value was: None
[2024-06-24T14:15:03.047+0000] {taskinstance.py:441} INFO - ::group::Post task execution logs
[2024-06-24T14:15:03.055+0000] {taskinstance.py:1206} INFO - Marking task as SUCCESS. dag_id=alerting_all_dags_using_apis, task_id=get_all_dag_ids_last_limit_run_ids, run_id=scheduled__2024-06-24T14:00:00+00:00, execution_date=20240624T140000, start_date=20240624T141502, end_date=20240624T141503
[2024-06-24T14:15:03.069+0000] {local_task_job_runner.py:240} INFO - Task exited with return code 0
[2024-06-24T14:15:03.094+0000] {taskinstance.py:3498} INFO - 1 downstream tasks scheduled from follow-on schedule check
[2024-06-24T14:15:03.096+0000] {local_task_job_runner.py:222} INFO - ::endgroup::
