[2024-06-27T05:51:08.888+0000] {local_task_job_runner.py:120} INFO - ::group::Pre task execution logs
[2024-06-27T05:51:08.941+0000] {taskinstance.py:2076} INFO - Dependencies all met for dep_context=non-requeueable deps ti=<TaskInstance: alerting_all_dags_using_apis.alert_all_continuous_skipped_dags scheduled__2024-06-27T05:48:00+00:00 [queued]>
[2024-06-27T05:51:08.967+0000] {taskinstance.py:2076} INFO - Dependencies all met for dep_context=requeueable deps ti=<TaskInstance: alerting_all_dags_using_apis.alert_all_continuous_skipped_dags scheduled__2024-06-27T05:48:00+00:00 [queued]>
[2024-06-27T05:51:08.967+0000] {taskinstance.py:2306} INFO - Starting attempt 1 of 6
[2024-06-27T05:51:09.009+0000] {taskinstance.py:2330} INFO - Executing <Task(PythonOperator): alert_all_continuous_skipped_dags> on 2024-06-27 05:48:00+00:00
[2024-06-27T05:51:09.021+0000] {warnings.py:110} WARNING - /home/***/.local/lib/python3.12/site-packages/***/task/task_runner/standard_task_runner.py:61: DeprecationWarning: This process (pid=1289) is multi-threaded, use of fork() may lead to deadlocks in the child.
  pid = os.fork()

[2024-06-27T05:51:09.024+0000] {standard_task_runner.py:63} INFO - Started process 1290 to run task
[2024-06-27T05:51:09.028+0000] {standard_task_runner.py:90} INFO - Running: ['***', 'tasks', 'run', 'alerting_all_dags_using_apis', 'alert_all_continuous_skipped_dags', 'scheduled__2024-06-27T05:48:00+00:00', '--job-id', '4689', '--raw', '--subdir', 'DAGS_FOLDER/alerting_all_dags_using_apis.py', '--cfg-path', '/tmp/tmpwxcy4b66']
[2024-06-27T05:51:09.031+0000] {standard_task_runner.py:91} INFO - Job 4689: Subtask alert_all_continuous_skipped_dags
[2024-06-27T05:51:09.188+0000] {task_command.py:426} INFO - Running <TaskInstance: alerting_all_dags_using_apis.alert_all_continuous_skipped_dags scheduled__2024-06-27T05:48:00+00:00 [running]> on host eeacb89bcfc1
[2024-06-27T05:51:09.408+0000] {taskinstance.py:2648} INFO - Exporting env vars: AIRFLOW_CTX_DAG_OWNER='***' AIRFLOW_CTX_DAG_ID='alerting_all_dags_using_apis' AIRFLOW_CTX_TASK_ID='alert_all_continuous_skipped_dags' AIRFLOW_CTX_EXECUTION_DATE='2024-06-27T05:48:00+00:00' AIRFLOW_CTX_TRY_NUMBER='1' AIRFLOW_CTX_DAG_RUN_ID='scheduled__2024-06-27T05:48:00+00:00'
[2024-06-27T05:51:09.409+0000] {taskinstance.py:430} INFO - ::endgroup::
[2024-06-27T05:51:09.430+0000] {helper_functions.py:333} INFO - The DAG demo_dag_for_alerting_apis_final has reached its threshold skips, please look into it

[2024-06-27T05:51:09.431+0000] {helper_functions.py:333} INFO - The DAG demo_dag_for_alerting_final has reached its threshold skips, please look into it

[2024-06-27T05:51:09.431+0000] {python.py:237} INFO - Done. Returned value was: None
[2024-06-27T05:51:09.431+0000] {taskinstance.py:441} INFO - ::group::Post task execution logs
[2024-06-27T05:51:09.447+0000] {taskinstance.py:1206} INFO - Marking task as SUCCESS. dag_id=alerting_all_dags_using_apis, task_id=alert_all_continuous_skipped_dags, run_id=scheduled__2024-06-27T05:48:00+00:00, execution_date=20240627T054800, start_date=20240627T055108, end_date=20240627T055109
[2024-06-27T05:51:09.496+0000] {local_task_job_runner.py:240} INFO - Task exited with return code 0
[2024-06-27T05:51:09.522+0000] {taskinstance.py:3498} INFO - 0 downstream tasks scheduled from follow-on schedule check
[2024-06-27T05:51:09.524+0000] {local_task_job_runner.py:222} INFO - ::endgroup::
