[2024-06-24T12:07:10.001+0000] {local_task_job_runner.py:120} INFO - ::group::Pre task execution logs
[2024-06-24T12:07:10.027+0000] {taskinstance.py:2076} INFO - Dependencies all met for dep_context=non-requeueable deps ti=<TaskInstance: alerting_all_dags_using_apis.get_all_dag_ids_last_limit_run_ids manual__2024-06-24T12:07:06.654962+00:00 [queued]>
[2024-06-24T12:07:10.038+0000] {taskinstance.py:2076} INFO - Dependencies all met for dep_context=requeueable deps ti=<TaskInstance: alerting_all_dags_using_apis.get_all_dag_ids_last_limit_run_ids manual__2024-06-24T12:07:06.654962+00:00 [queued]>
[2024-06-24T12:07:10.038+0000] {taskinstance.py:2306} INFO - Starting attempt 1 of 6
[2024-06-24T12:07:10.055+0000] {taskinstance.py:2330} INFO - Executing <Task(PythonOperator): get_all_dag_ids_last_limit_run_ids> on 2024-06-24 12:07:06.654962+00:00
[2024-06-24T12:07:10.060+0000] {warnings.py:110} WARNING - /home/***/.local/lib/python3.12/site-packages/***/task/task_runner/standard_task_runner.py:61: DeprecationWarning: This process (pid=4088) is multi-threaded, use of fork() may lead to deadlocks in the child.
  pid = os.fork()

[2024-06-24T12:07:10.061+0000] {standard_task_runner.py:63} INFO - Started process 4089 to run task
[2024-06-24T12:07:10.062+0000] {standard_task_runner.py:90} INFO - Running: ['***', 'tasks', 'run', 'alerting_all_dags_using_apis', 'get_all_dag_ids_last_limit_run_ids', 'manual__2024-06-24T12:07:06.654962+00:00', '--job-id', '3623', '--raw', '--subdir', 'DAGS_FOLDER/alerting_all_dags_using_apis.py', '--cfg-path', '/tmp/tmp35j99vzh']
[2024-06-24T12:07:10.063+0000] {standard_task_runner.py:91} INFO - Job 3623: Subtask get_all_dag_ids_last_limit_run_ids
[2024-06-24T12:07:10.108+0000] {task_command.py:426} INFO - Running <TaskInstance: alerting_all_dags_using_apis.get_all_dag_ids_last_limit_run_ids manual__2024-06-24T12:07:06.654962+00:00 [running]> on host bf895605831d
[2024-06-24T12:07:10.227+0000] {taskinstance.py:2648} INFO - Exporting env vars: AIRFLOW_CTX_DAG_OWNER='***' AIRFLOW_CTX_DAG_ID='alerting_all_dags_using_apis' AIRFLOW_CTX_TASK_ID='get_all_dag_ids_last_limit_run_ids' AIRFLOW_CTX_EXECUTION_DATE='2024-06-24T12:07:06.654962+00:00' AIRFLOW_CTX_TRY_NUMBER='1' AIRFLOW_CTX_DAG_RUN_ID='manual__2024-06-24T12:07:06.654962+00:00'
[2024-06-24T12:07:10.228+0000] {taskinstance.py:430} INFO - ::endgroup::
[2024-06-24T12:07:10.257+0000] {helper_functions.py:227} ERROR - Failed to get DAG IDs and their last limit run IDs: 'NoneType' object is not iterable
Traceback (most recent call last):
  File "/opt/airflow/dags/helper_functions.py", line 217, in get_all_dag_ids_last_limit_run_ids
    for dag_id in active_dag_ids:
TypeError: 'NoneType' object is not iterable
[2024-06-24T12:07:10.257+0000] {python.py:237} INFO - Done. Returned value was: None
[2024-06-24T12:07:10.258+0000] {taskinstance.py:441} INFO - ::group::Post task execution logs
[2024-06-24T12:07:10.271+0000] {taskinstance.py:1206} INFO - Marking task as SUCCESS. dag_id=alerting_all_dags_using_apis, task_id=get_all_dag_ids_last_limit_run_ids, run_id=manual__2024-06-24T12:07:06.654962+00:00, execution_date=20240624T120706, start_date=20240624T120710, end_date=20240624T120710
[2024-06-24T12:07:10.316+0000] {local_task_job_runner.py:240} INFO - Task exited with return code 0
[2024-06-24T12:07:10.341+0000] {taskinstance.py:3498} INFO - 1 downstream tasks scheduled from follow-on schedule check
[2024-06-24T12:07:10.343+0000] {local_task_job_runner.py:222} INFO - ::endgroup::
