[2024-06-18T08:21:02.556+0000] {local_task_job_runner.py:120} INFO - ::group::Pre task execution logs
[2024-06-18T08:21:02.584+0000] {taskinstance.py:2076} INFO - Dependencies all met for dep_context=non-requeueable deps ti=<TaskInstance: alerting_skipped.check_previous_run_status manual__2024-06-18T08:21:00.438320+00:00 [queued]>
[2024-06-18T08:21:02.595+0000] {taskinstance.py:2076} INFO - Dependencies all met for dep_context=requeueable deps ti=<TaskInstance: alerting_skipped.check_previous_run_status manual__2024-06-18T08:21:00.438320+00:00 [queued]>
[2024-06-18T08:21:02.596+0000] {taskinstance.py:2306} INFO - Starting attempt 1 of 6
[2024-06-18T08:21:02.613+0000] {taskinstance.py:2330} INFO - Executing <Task(BranchPythonOperator): check_previous_run_status> on 2024-06-18 08:21:00.438320+00:00
[2024-06-18T08:21:02.620+0000] {warnings.py:110} WARNING - /home/***/.local/lib/python3.12/site-packages/***/task/task_runner/standard_task_runner.py:61: DeprecationWarning: This process (pid=1985) is multi-threaded, use of fork() may lead to deadlocks in the child.
  pid = os.fork()

[2024-06-18T08:21:02.622+0000] {standard_task_runner.py:63} INFO - Started process 1986 to run task
[2024-06-18T08:21:02.623+0000] {standard_task_runner.py:90} INFO - Running: ['***', 'tasks', 'run', 'alerting_skipped', 'check_previous_run_status', 'manual__2024-06-18T08:21:00.438320+00:00', '--job-id', '450', '--raw', '--subdir', 'DAGS_FOLDER/alerting_skipped.py', '--cfg-path', '/tmp/tmpk5jslzlt']
[2024-06-18T08:21:02.624+0000] {standard_task_runner.py:91} INFO - Job 450: Subtask check_previous_run_status
[2024-06-18T08:21:02.688+0000] {task_command.py:426} INFO - Running <TaskInstance: alerting_skipped.check_previous_run_status manual__2024-06-18T08:21:00.438320+00:00 [running]> on host fa5c5d972e05
[2024-06-18T08:21:02.802+0000] {taskinstance.py:2648} INFO - Exporting env vars: AIRFLOW_CTX_DAG_OWNER='***' AIRFLOW_CTX_DAG_ID='alerting_skipped' AIRFLOW_CTX_TASK_ID='check_previous_run_status' AIRFLOW_CTX_EXECUTION_DATE='2024-06-18T08:21:00.438320+00:00' AIRFLOW_CTX_TRY_NUMBER='1' AIRFLOW_CTX_DAG_RUN_ID='manual__2024-06-18T08:21:00.438320+00:00'
[2024-06-18T08:21:02.802+0000] {taskinstance.py:430} INFO - ::endgroup::
[2024-06-18T08:21:02.818+0000] {baseoperator.py:399} WARNING - BranchPythonOperator.execute cannot be called outside TaskInstance!
[2024-06-18T08:21:02.818+0000] {python.py:237} INFO - Done. Returned value was: None
[2024-06-18T08:21:02.819+0000] {branch.py:36} INFO - Branch into None
[2024-06-18T08:21:02.820+0000] {skipmixin.py:178} INFO - Following branch None
[2024-06-18T08:21:02.836+0000] {skipmixin.py:246} INFO - Skipping tasks [('skip_run', -1), ('start_run', -1)]
[2024-06-18T08:21:02.891+0000] {taskinstance.py:441} INFO - ::group::Post task execution logs
[2024-06-18T08:21:02.919+0000] {taskinstance.py:1206} INFO - Marking task as SUCCESS. dag_id=alerting_skipped, task_id=check_previous_run_status, run_id=manual__2024-06-18T08:21:00.438320+00:00, execution_date=20240618T082100, start_date=20240618T082102, end_date=20240618T082102
[2024-06-18T08:21:02.956+0000] {local_task_job_runner.py:240} INFO - Task exited with return code 0
[2024-06-18T08:21:03.012+0000] {taskinstance.py:3498} INFO - 0 downstream tasks scheduled from follow-on schedule check
[2024-06-18T08:21:03.014+0000] {local_task_job_runner.py:222} INFO - ::endgroup::
