[2024-06-13T07:12:19.599+0000] {local_task_job_runner.py:120} INFO - ::group::Pre task execution logs
[2024-06-13T07:12:19.623+0000] {taskinstance.py:2076} INFO - Dependencies all met for dep_context=non-requeueable deps ti=<TaskInstance: airflow_example.insert_json manual__2024-06-13T07:12:13.948788+00:00 [queued]>
[2024-06-13T07:12:19.631+0000] {taskinstance.py:2076} INFO - Dependencies all met for dep_context=requeueable deps ti=<TaskInstance: airflow_example.insert_json manual__2024-06-13T07:12:13.948788+00:00 [queued]>
[2024-06-13T07:12:19.632+0000] {taskinstance.py:2306} INFO - Starting attempt 1 of 6
[2024-06-13T07:12:19.645+0000] {taskinstance.py:2330} INFO - Executing <Task(PythonOperator): insert_json> on 2024-06-13 07:12:13.948788+00:00
[2024-06-13T07:12:19.651+0000] {warnings.py:110} WARNING - /home/***/.local/lib/python3.12/site-packages/***/task/task_runner/standard_task_runner.py:61: DeprecationWarning: This process (pid=1318) is multi-threaded, use of fork() may lead to deadlocks in the child.
  pid = os.fork()

[2024-06-13T07:12:19.652+0000] {standard_task_runner.py:63} INFO - Started process 1319 to run task
[2024-06-13T07:12:19.652+0000] {standard_task_runner.py:90} INFO - Running: ['***', 'tasks', 'run', '***_example', 'insert_json', 'manual__2024-06-13T07:12:13.948788+00:00', '--job-id', '257', '--raw', '--subdir', 'DAGS_FOLDER/file_jsons_to_postgres.py', '--cfg-path', '/tmp/tmpk162bzo7']
[2024-06-13T07:12:19.653+0000] {standard_task_runner.py:91} INFO - Job 257: Subtask insert_json
[2024-06-13T07:12:19.691+0000] {task_command.py:426} INFO - Running <TaskInstance: airflow_example.insert_json manual__2024-06-13T07:12:13.948788+00:00 [running]> on host 8cc8d7c9eee4
[2024-06-13T07:12:19.782+0000] {taskinstance.py:2648} INFO - Exporting env vars: AIRFLOW_CTX_DAG_OWNER='***' AIRFLOW_CTX_DAG_ID='***_example' AIRFLOW_CTX_TASK_ID='insert_json' AIRFLOW_CTX_EXECUTION_DATE='2024-06-13T07:12:13.948788+00:00' AIRFLOW_CTX_TRY_NUMBER='1' AIRFLOW_CTX_DAG_RUN_ID='manual__2024-06-13T07:12:13.948788+00:00'
[2024-06-13T07:12:19.783+0000] {taskinstance.py:430} INFO - ::endgroup::
[2024-06-13T07:12:19.810+0000] {file_jsons_to_postgres.py:109} INFO - Inserting entry: {'name': 'Addala', 'email': 'f6o@ubsdvm.uk', 'date': '06.13.24'}
[2024-06-13T07:12:19.812+0000] {file_jsons_to_postgres.py:109} INFO - Inserting entry: {'name': 'Vasamsetti', 'email': 'cpx@k.bkt', 'date': '2024-13-01'}
[2024-06-13T07:12:19.813+0000] {file_jsons_to_postgres.py:114} ERROR - Error inserting entry: {'name': 'Vasamsetti', 'email': 'cpx@k.bkt', 'date': '2024-13-01'}, Error: date/time field value out of range: "2024-13-01"
LINE 2: ..., email, date) VALUES ('Vasamsetti', 'cpx@k.bkt', '2024-13-0...
                                                             ^
HINT:  Perhaps you need a different "datestyle" setting.

[2024-06-13T07:12:19.813+0000] {file_jsons_to_postgres.py:109} INFO - Inserting entry: {'name': 'Narandas', 'email': 'r$!@yg.je', 'date': '06/13/2024'}
[2024-06-13T07:12:19.813+0000] {file_jsons_to_postgres.py:114} ERROR - Error inserting entry: {'name': 'Narandas', 'email': 'r$!@yg.je', 'date': '06/13/2024'}, Error: current transaction is aborted, commands ignored until end of transaction block

[2024-06-13T07:12:19.814+0000] {file_jsons_to_postgres.py:109} INFO - Inserting entry: {'name': 'Nikhil', 'email': '23@qwoslcf.lpo', 'date': '13/06/24'}
[2024-06-13T07:12:19.814+0000] {file_jsons_to_postgres.py:114} ERROR - Error inserting entry: {'name': 'Nikhil', 'email': '23@qwoslcf.lpo', 'date': '13/06/24'}, Error: current transaction is aborted, commands ignored until end of transaction block

[2024-06-13T07:12:19.814+0000] {file_jsons_to_postgres.py:109} INFO - Inserting entry: {'name': 'Ushasri', 'email': 'xhn$0wf@kvoe.nu', 'date': '2024-06-13'}
[2024-06-13T07:12:19.815+0000] {file_jsons_to_postgres.py:114} ERROR - Error inserting entry: {'name': 'Ushasri', 'email': 'xhn$0wf@kvoe.nu', 'date': '2024-06-13'}, Error: current transaction is aborted, commands ignored until end of transaction block

[2024-06-13T07:12:19.815+0000] {file_jsons_to_postgres.py:109} INFO - Inserting entry: {'name': 'Arun', 'email': '3f@cyu.ahf', 'date': '2024-06-13'}
[2024-06-13T07:12:19.816+0000] {file_jsons_to_postgres.py:114} ERROR - Error inserting entry: {'name': 'Arun', 'email': '3f@cyu.ahf', 'date': '2024-06-13'}, Error: current transaction is aborted, commands ignored until end of transaction block

[2024-06-13T07:12:19.816+0000] {file_jsons_to_postgres.py:109} INFO - Inserting entry: {'name': 'Adepu', 'email': '6*w@hvl.xg', 'date': '13.06.2024'}
[2024-06-13T07:12:19.816+0000] {file_jsons_to_postgres.py:114} ERROR - Error inserting entry: {'name': 'Adepu', 'email': '6*w@hvl.xg', 'date': '13.06.2024'}, Error: current transaction is aborted, commands ignored until end of transaction block

[2024-06-13T07:12:19.816+0000] {file_jsons_to_postgres.py:109} INFO - Inserting entry: {'name': 'Kaithapu', 'email': 'wl74ywl@fhzoh.fz', 'date': '2024-06-13'}
[2024-06-13T07:12:19.817+0000] {file_jsons_to_postgres.py:114} ERROR - Error inserting entry: {'name': 'Kaithapu', 'email': 'wl74ywl@fhzoh.fz', 'date': '2024-06-13'}, Error: current transaction is aborted, commands ignored until end of transaction block

[2024-06-13T07:12:19.817+0000] {file_jsons_to_postgres.py:109} INFO - Inserting entry: {'name': 'Rayapusetty', 'email': 'y11qg@tofspltnw.qfl', 'date': '13/06/24'}
[2024-06-13T07:12:19.818+0000] {file_jsons_to_postgres.py:114} ERROR - Error inserting entry: {'name': 'Rayapusetty', 'email': 'y11qg@tofspltnw.qfl', 'date': '13/06/24'}, Error: current transaction is aborted, commands ignored until end of transaction block

[2024-06-13T07:12:19.818+0000] {file_jsons_to_postgres.py:109} INFO - Inserting entry: {'name': 'Kiran', 'email': 'u5^nm53@zfjxra.yzh', 'date': '06.13.24'}
[2024-06-13T07:12:19.819+0000] {file_jsons_to_postgres.py:114} ERROR - Error inserting entry: {'name': 'Kiran', 'email': 'u5^nm53@zfjxra.yzh', 'date': '06.13.24'}, Error: current transaction is aborted, commands ignored until end of transaction block

[2024-06-13T07:12:19.819+0000] {file_jsons_to_postgres.py:109} INFO - Inserting entry: {'name': 'Sridhar', 'email': 'wg.@gz.ixw', 'date': '24-06-13'}
[2024-06-13T07:12:19.820+0000] {file_jsons_to_postgres.py:114} ERROR - Error inserting entry: {'name': 'Sridhar', 'email': 'wg.@gz.ixw', 'date': '24-06-13'}, Error: current transaction is aborted, commands ignored until end of transaction block

[2024-06-13T07:12:19.820+0000] {file_jsons_to_postgres.py:115} INFO - Data insertion completed successfully.
[2024-06-13T07:12:19.821+0000] {python.py:237} INFO - Done. Returned value was: None
[2024-06-13T07:12:19.821+0000] {taskinstance.py:441} INFO - ::group::Post task execution logs
[2024-06-13T07:12:19.831+0000] {taskinstance.py:1206} INFO - Marking task as SUCCESS. dag_id=***_example, task_id=insert_json, run_id=manual__2024-06-13T07:12:13.948788+00:00, execution_date=20240613T071213, start_date=20240613T071219, end_date=20240613T071219
[2024-06-13T07:12:19.865+0000] {local_task_job_runner.py:240} INFO - Task exited with return code 0
[2024-06-13T07:12:19.915+0000] {taskinstance.py:3498} INFO - 0 downstream tasks scheduled from follow-on schedule check
[2024-06-13T07:12:19.917+0000] {local_task_job_runner.py:222} INFO - ::endgroup::
