[2024-06-20T18:07:21.993+0000] {local_task_job_runner.py:120} INFO - ::group::Pre task execution logs
[2024-06-20T18:07:22.033+0000] {taskinstance.py:2076} INFO - Dependencies all met for dep_context=non-requeueable deps ti=<TaskInstance: demo_dag_for_alerting_final_1.check_data_in_stream scheduled__2024-06-20T18:06:00+00:00 [queued]>
[2024-06-20T18:07:22.055+0000] {taskinstance.py:2076} INFO - Dependencies all met for dep_context=requeueable deps ti=<TaskInstance: demo_dag_for_alerting_final_1.check_data_in_stream scheduled__2024-06-20T18:06:00+00:00 [queued]>
[2024-06-20T18:07:22.056+0000] {taskinstance.py:2306} INFO - Starting attempt 1 of 6
[2024-06-20T18:07:22.087+0000] {taskinstance.py:2330} INFO - Executing <Task(BranchPythonOperator): check_data_in_stream> on 2024-06-20 18:06:00+00:00
[2024-06-20T18:07:22.095+0000] {warnings.py:110} WARNING - /home/***/.local/lib/python3.12/site-packages/***/task/task_runner/standard_task_runner.py:61: DeprecationWarning: This process (pid=1259) is multi-threaded, use of fork() may lead to deadlocks in the child.
  pid = os.fork()

[2024-06-20T18:07:22.096+0000] {standard_task_runner.py:63} INFO - Started process 1261 to run task
[2024-06-20T18:07:22.097+0000] {standard_task_runner.py:90} INFO - Running: ['***', 'tasks', 'run', 'demo_dag_for_alerting_final_1', 'check_data_in_stream', 'scheduled__2024-06-20T18:06:00+00:00', '--job-id', '2527', '--raw', '--subdir', 'DAGS_FOLDER/demo_dag_for_alerting.py', '--cfg-path', '/tmp/tmpb7x1ry6g']
[2024-06-20T18:07:22.098+0000] {standard_task_runner.py:91} INFO - Job 2527: Subtask check_data_in_stream
[2024-06-20T18:07:22.167+0000] {task_command.py:426} INFO - Running <TaskInstance: demo_dag_for_alerting_final_1.check_data_in_stream scheduled__2024-06-20T18:06:00+00:00 [running]> on host e66744caf823
[2024-06-20T18:07:22.324+0000] {taskinstance.py:2648} INFO - Exporting env vars: AIRFLOW_CTX_DAG_OWNER='***' AIRFLOW_CTX_DAG_ID='demo_dag_for_alerting_final_1' AIRFLOW_CTX_TASK_ID='check_data_in_stream' AIRFLOW_CTX_EXECUTION_DATE='2024-06-20T18:06:00+00:00' AIRFLOW_CTX_TRY_NUMBER='1' AIRFLOW_CTX_DAG_RUN_ID='scheduled__2024-06-20T18:06:00+00:00'
[2024-06-20T18:07:22.325+0000] {taskinstance.py:430} INFO - ::endgroup::
[2024-06-20T18:07:22.347+0000] {baseoperator.py:399} WARNING - BranchPythonOperator.execute cannot be called outside TaskInstance!
[2024-06-20T18:07:22.356+0000] {python.py:237} INFO - Done. Returned value was: insert_new_record_into_audit_table
[2024-06-20T18:07:22.356+0000] {branch.py:36} INFO - Branch into insert_new_record_into_audit_table
[2024-06-20T18:07:22.357+0000] {skipmixin.py:178} INFO - Following branch insert_new_record_into_audit_table
[2024-06-20T18:07:22.385+0000] {skipmixin.py:246} INFO - Skipping tasks [('skipped_due_to_data_unavailability', -1)]
[2024-06-20T18:07:22.417+0000] {taskinstance.py:441} INFO - ::group::Post task execution logs
[2024-06-20T18:07:22.442+0000] {taskinstance.py:1206} INFO - Marking task as SUCCESS. dag_id=demo_dag_for_alerting_final_1, task_id=check_data_in_stream, run_id=scheduled__2024-06-20T18:06:00+00:00, execution_date=20240620T180600, start_date=20240620T180722, end_date=20240620T180722
[2024-06-20T18:07:22.472+0000] {local_task_job_runner.py:240} INFO - Task exited with return code 0
[2024-06-20T18:07:22.511+0000] {taskinstance.py:3498} INFO - 1 downstream tasks scheduled from follow-on schedule check
[2024-06-20T18:07:22.513+0000] {local_task_job_runner.py:222} INFO - ::endgroup::
