[2024-06-24T14:15:03.495+0000] {local_task_job_runner.py:120} INFO - ::group::Pre task execution logs
[2024-06-24T14:15:03.518+0000] {taskinstance.py:2076} INFO - Dependencies all met for dep_context=non-requeueable deps ti=<TaskInstance: alerting_all_dags_using_apis.get_all_dagruns_task_instances scheduled__2024-06-24T14:00:00+00:00 [queued]>
[2024-06-24T14:15:03.526+0000] {taskinstance.py:2076} INFO - Dependencies all met for dep_context=requeueable deps ti=<TaskInstance: alerting_all_dags_using_apis.get_all_dagruns_task_instances scheduled__2024-06-24T14:00:00+00:00 [queued]>
[2024-06-24T14:15:03.526+0000] {taskinstance.py:2306} INFO - Starting attempt 1 of 6
[2024-06-24T14:15:03.539+0000] {taskinstance.py:2330} INFO - Executing <Task(PythonOperator): get_all_dagruns_task_instances> on 2024-06-24 14:00:00+00:00
[2024-06-24T14:15:03.544+0000] {warnings.py:110} WARNING - /home/***/.local/lib/python3.12/site-packages/***/task/task_runner/standard_task_runner.py:61: DeprecationWarning: This process (pid=5854) is multi-threaded, use of fork() may lead to deadlocks in the child.
  pid = os.fork()

[2024-06-24T14:15:03.545+0000] {standard_task_runner.py:63} INFO - Started process 5855 to run task
[2024-06-24T14:15:03.545+0000] {standard_task_runner.py:90} INFO - Running: ['***', 'tasks', 'run', 'alerting_all_dags_using_apis', 'get_all_dagruns_task_instances', 'scheduled__2024-06-24T14:00:00+00:00', '--job-id', '3676', '--raw', '--subdir', 'DAGS_FOLDER/alerting_all_dags_using_apis.py', '--cfg-path', '/tmp/tmppvbf_hdt']
[2024-06-24T14:15:03.546+0000] {standard_task_runner.py:91} INFO - Job 3676: Subtask get_all_dagruns_task_instances
[2024-06-24T14:15:03.584+0000] {task_command.py:426} INFO - Running <TaskInstance: alerting_all_dags_using_apis.get_all_dagruns_task_instances scheduled__2024-06-24T14:00:00+00:00 [running]> on host bf895605831d
[2024-06-24T14:15:03.689+0000] {taskinstance.py:2648} INFO - Exporting env vars: AIRFLOW_CTX_DAG_OWNER='***' AIRFLOW_CTX_DAG_ID='alerting_all_dags_using_apis' AIRFLOW_CTX_TASK_ID='get_all_dagruns_task_instances' AIRFLOW_CTX_EXECUTION_DATE='2024-06-24T14:00:00+00:00' AIRFLOW_CTX_TRY_NUMBER='1' AIRFLOW_CTX_DAG_RUN_ID='scheduled__2024-06-24T14:00:00+00:00'
[2024-06-24T14:15:03.690+0000] {taskinstance.py:430} INFO - ::endgroup::
[2024-06-24T14:15:03.702+0000] {helper_functions.py:253} ERROR - Failed to get task instances for all DAG runs: 'NoneType' object has no attribute 'items'
Traceback (most recent call last):
  File "/opt/airflow/dags/helper_functions.py", line 240, in get_all_dagruns_task_instances
    for dag_id, dag_run_ids in run_ids.items():
                               ^^^^^^^^^^^^^
AttributeError: 'NoneType' object has no attribute 'items'
[2024-06-24T14:15:03.703+0000] {python.py:237} INFO - Done. Returned value was: None
[2024-06-24T14:15:03.703+0000] {taskinstance.py:441} INFO - ::group::Post task execution logs
[2024-06-24T14:15:03.712+0000] {taskinstance.py:1206} INFO - Marking task as SUCCESS. dag_id=alerting_all_dags_using_apis, task_id=get_all_dagruns_task_instances, run_id=scheduled__2024-06-24T14:00:00+00:00, execution_date=20240624T140000, start_date=20240624T141503, end_date=20240624T141503
[2024-06-24T14:15:03.759+0000] {local_task_job_runner.py:240} INFO - Task exited with return code 0
[2024-06-24T14:15:03.785+0000] {taskinstance.py:3498} INFO - 1 downstream tasks scheduled from follow-on schedule check
[2024-06-24T14:15:03.787+0000] {local_task_job_runner.py:222} INFO - ::endgroup::
