[2024-06-19T10:50:04.731+0000] {local_task_job_runner.py:120} INFO - ::group::Pre task execution logs
[2024-06-19T10:50:04.757+0000] {taskinstance.py:2076} INFO - Dependencies all met for dep_context=non-requeueable deps ti=<TaskInstance: demo_dag_for_alerting_final.check_data_in_stream scheduled__2024-06-19T10:49:00+00:00 [queued]>
[2024-06-19T10:50:04.768+0000] {taskinstance.py:2076} INFO - Dependencies all met for dep_context=requeueable deps ti=<TaskInstance: demo_dag_for_alerting_final.check_data_in_stream scheduled__2024-06-19T10:49:00+00:00 [queued]>
[2024-06-19T10:50:04.769+0000] {taskinstance.py:2306} INFO - Starting attempt 1 of 6
[2024-06-19T10:50:04.788+0000] {taskinstance.py:2330} INFO - Executing <Task(BranchPythonOperator): check_data_in_stream> on 2024-06-19 10:49:00+00:00
[2024-06-19T10:50:04.794+0000] {warnings.py:110} WARNING - /home/***/.local/lib/python3.12/site-packages/***/task/task_runner/standard_task_runner.py:61: DeprecationWarning: This process (pid=4623) is multi-threaded, use of fork() may lead to deadlocks in the child.
  pid = os.fork()

[2024-06-19T10:50:04.795+0000] {standard_task_runner.py:63} INFO - Started process 4624 to run task
[2024-06-19T10:50:04.796+0000] {standard_task_runner.py:90} INFO - Running: ['***', 'tasks', 'run', 'demo_dag_for_alerting_final', 'check_data_in_stream', 'scheduled__2024-06-19T10:49:00+00:00', '--job-id', '1421', '--raw', '--subdir', 'DAGS_FOLDER/demo_dag_for_alerting.py', '--cfg-path', '/tmp/tmpt1rffol3']
[2024-06-19T10:50:04.797+0000] {standard_task_runner.py:91} INFO - Job 1421: Subtask check_data_in_stream
[2024-06-19T10:50:04.849+0000] {task_command.py:426} INFO - Running <TaskInstance: demo_dag_for_alerting_final.check_data_in_stream scheduled__2024-06-19T10:49:00+00:00 [running]> on host 9e4d135130fa
[2024-06-19T10:50:04.971+0000] {taskinstance.py:2648} INFO - Exporting env vars: AIRFLOW_CTX_DAG_OWNER='***' AIRFLOW_CTX_DAG_ID='demo_dag_for_alerting_final' AIRFLOW_CTX_TASK_ID='check_data_in_stream' AIRFLOW_CTX_EXECUTION_DATE='2024-06-19T10:49:00+00:00' AIRFLOW_CTX_TRY_NUMBER='1' AIRFLOW_CTX_DAG_RUN_ID='scheduled__2024-06-19T10:49:00+00:00'
[2024-06-19T10:50:04.972+0000] {taskinstance.py:430} INFO - ::endgroup::
[2024-06-19T10:50:04.989+0000] {baseoperator.py:399} WARNING - BranchPythonOperator.execute cannot be called outside TaskInstance!
[2024-06-19T10:50:04.995+0000] {python.py:237} INFO - Done. Returned value was: insert_new_record_into_audit_table
[2024-06-19T10:50:04.995+0000] {branch.py:36} INFO - Branch into insert_new_record_into_audit_table
[2024-06-19T10:50:04.996+0000] {skipmixin.py:178} INFO - Following branch insert_new_record_into_audit_table
[2024-06-19T10:50:05.013+0000] {skipmixin.py:246} INFO - Skipping tasks [('skipped_due_to_data_unavailability', -1)]
[2024-06-19T10:50:05.040+0000] {taskinstance.py:441} INFO - ::group::Post task execution logs
[2024-06-19T10:50:05.063+0000] {taskinstance.py:1206} INFO - Marking task as SUCCESS. dag_id=demo_dag_for_alerting_final, task_id=check_data_in_stream, run_id=scheduled__2024-06-19T10:49:00+00:00, execution_date=20240619T104900, start_date=20240619T105004, end_date=20240619T105005
[2024-06-19T10:50:05.089+0000] {local_task_job_runner.py:240} INFO - Task exited with return code 0
[2024-06-19T10:50:05.132+0000] {taskinstance.py:3498} INFO - 1 downstream tasks scheduled from follow-on schedule check
[2024-06-19T10:50:05.135+0000] {local_task_job_runner.py:222} INFO - ::endgroup::
