[2024-06-24T11:40:44.400+0000] {local_task_job_runner.py:120} INFO - ::group::Pre task execution logs
[2024-06-24T11:40:44.513+0000] {taskinstance.py:2076} INFO - Dependencies all met for dep_context=non-requeueable deps ti=<TaskInstance: alerting_all_dags_using_apis.get_all_dagruns_task_instances manual__2024-06-24T11:40:32.350699+00:00 [queued]>
[2024-06-24T11:40:44.557+0000] {taskinstance.py:2076} INFO - Dependencies all met for dep_context=requeueable deps ti=<TaskInstance: alerting_all_dags_using_apis.get_all_dagruns_task_instances manual__2024-06-24T11:40:32.350699+00:00 [queued]>
[2024-06-24T11:40:44.559+0000] {taskinstance.py:2306} INFO - Starting attempt 1 of 6
[2024-06-24T11:40:44.632+0000] {taskinstance.py:2330} INFO - Executing <Task(PythonOperator): get_all_dagruns_task_instances> on 2024-06-24 11:40:32.350699+00:00
[2024-06-24T11:40:44.653+0000] {warnings.py:110} WARNING - /home/***/.local/lib/python3.12/site-packages/***/task/task_runner/standard_task_runner.py:61: DeprecationWarning: This process (pid=3735) is multi-threaded, use of fork() may lead to deadlocks in the child.
  pid = os.fork()

[2024-06-24T11:40:44.659+0000] {standard_task_runner.py:63} INFO - Started process 3736 to run task
[2024-06-24T11:40:44.659+0000] {standard_task_runner.py:90} INFO - Running: ['***', 'tasks', 'run', 'alerting_all_dags_using_apis', 'get_all_dagruns_task_instances', 'manual__2024-06-24T11:40:32.350699+00:00', '--job-id', '3612', '--raw', '--subdir', 'DAGS_FOLDER/alerting_all_dags_using_apis.py', '--cfg-path', '/tmp/tmp15ixwvpe']
[2024-06-24T11:40:44.663+0000] {standard_task_runner.py:91} INFO - Job 3612: Subtask get_all_dagruns_task_instances
[2024-06-24T11:40:44.808+0000] {task_command.py:426} INFO - Running <TaskInstance: alerting_all_dags_using_apis.get_all_dagruns_task_instances manual__2024-06-24T11:40:32.350699+00:00 [running]> on host bf895605831d
[2024-06-24T11:40:45.191+0000] {taskinstance.py:2648} INFO - Exporting env vars: AIRFLOW_CTX_DAG_OWNER='***' AIRFLOW_CTX_DAG_ID='alerting_all_dags_using_apis' AIRFLOW_CTX_TASK_ID='get_all_dagruns_task_instances' AIRFLOW_CTX_EXECUTION_DATE='2024-06-24T11:40:32.350699+00:00' AIRFLOW_CTX_TRY_NUMBER='1' AIRFLOW_CTX_DAG_RUN_ID='manual__2024-06-24T11:40:32.350699+00:00'
[2024-06-24T11:40:45.194+0000] {taskinstance.py:430} INFO - ::endgroup::
[2024-06-24T11:40:45.269+0000] {helper_functions.py:235} ERROR - Failed to get task instances for all DAG runs: 'NoneType' object has no attribute 'items'
Traceback (most recent call last):
  File "/opt/airflow/dags/helper_functions.py", line 222, in get_all_dagruns_task_instances
    for dag_id, dag_run_ids in run_ids.items():
                               ^^^^^^^^^^^^^
AttributeError: 'NoneType' object has no attribute 'items'
[2024-06-24T11:40:45.276+0000] {python.py:237} INFO - Done. Returned value was: None
[2024-06-24T11:40:45.277+0000] {taskinstance.py:441} INFO - ::group::Post task execution logs
[2024-06-24T11:40:45.320+0000] {taskinstance.py:1206} INFO - Marking task as SUCCESS. dag_id=alerting_all_dags_using_apis, task_id=get_all_dagruns_task_instances, run_id=manual__2024-06-24T11:40:32.350699+00:00, execution_date=20240624T114032, start_date=20240624T114044, end_date=20240624T114045
[2024-06-24T11:40:45.402+0000] {local_task_job_runner.py:240} INFO - Task exited with return code 0
[2024-06-24T11:40:45.543+0000] {taskinstance.py:3498} INFO - 1 downstream tasks scheduled from follow-on schedule check
[2024-06-24T11:40:45.548+0000] {local_task_job_runner.py:222} INFO - ::endgroup::
