[2024-06-20T17:52:50.734+0000] {local_task_job_runner.py:120} INFO - ::group::Pre task execution logs
[2024-06-20T17:52:50.755+0000] {taskinstance.py:2076} INFO - Dependencies all met for dep_context=non-requeueable deps ti=<TaskInstance: demo_dag_for_alerting_final_1.check_previous_run_status scheduled__2024-06-20T17:51:00+00:00 [queued]>
[2024-06-20T17:52:50.770+0000] {taskinstance.py:2076} INFO - Dependencies all met for dep_context=requeueable deps ti=<TaskInstance: demo_dag_for_alerting_final_1.check_previous_run_status scheduled__2024-06-20T17:51:00+00:00 [queued]>
[2024-06-20T17:52:50.770+0000] {taskinstance.py:2306} INFO - Starting attempt 1 of 6
[2024-06-20T17:52:50.786+0000] {taskinstance.py:2330} INFO - Executing <Task(BranchPythonOperator): check_previous_run_status> on 2024-06-20 17:51:00+00:00
[2024-06-20T17:52:50.791+0000] {warnings.py:110} WARNING - /home/***/.local/lib/python3.12/site-packages/***/task/task_runner/standard_task_runner.py:61: DeprecationWarning: This process (pid=1001) is multi-threaded, use of fork() may lead to deadlocks in the child.
  pid = os.fork()

[2024-06-20T17:52:50.792+0000] {standard_task_runner.py:63} INFO - Started process 1002 to run task
[2024-06-20T17:52:50.792+0000] {standard_task_runner.py:90} INFO - Running: ['***', 'tasks', 'run', 'demo_dag_for_alerting_final_1', 'check_previous_run_status', 'scheduled__2024-06-20T17:51:00+00:00', '--job-id', '2492', '--raw', '--subdir', 'DAGS_FOLDER/demo_dag_for_alerting.py', '--cfg-path', '/tmp/tmp21mskefc']
[2024-06-20T17:52:50.793+0000] {standard_task_runner.py:91} INFO - Job 2492: Subtask check_previous_run_status
[2024-06-20T17:52:50.855+0000] {task_command.py:426} INFO - Running <TaskInstance: demo_dag_for_alerting_final_1.check_previous_run_status scheduled__2024-06-20T17:51:00+00:00 [running]> on host e66744caf823
[2024-06-20T17:52:50.948+0000] {taskinstance.py:2648} INFO - Exporting env vars: AIRFLOW_CTX_DAG_OWNER='***' AIRFLOW_CTX_DAG_ID='demo_dag_for_alerting_final_1' AIRFLOW_CTX_TASK_ID='check_previous_run_status' AIRFLOW_CTX_EXECUTION_DATE='2024-06-20T17:51:00+00:00' AIRFLOW_CTX_TRY_NUMBER='1' AIRFLOW_CTX_DAG_RUN_ID='scheduled__2024-06-20T17:51:00+00:00'
[2024-06-20T17:52:50.949+0000] {taskinstance.py:430} INFO - ::endgroup::
[2024-06-20T17:52:50.961+0000] {baseoperator.py:399} WARNING - BranchPythonOperator.execute cannot be called outside TaskInstance!
[2024-06-20T17:52:50.966+0000] {python.py:237} INFO - Done. Returned value was: start_run
[2024-06-20T17:52:50.967+0000] {branch.py:36} INFO - Branch into start_run
[2024-06-20T17:52:50.967+0000] {skipmixin.py:178} INFO - Following branch start_run
[2024-06-20T17:52:50.981+0000] {skipmixin.py:246} INFO - Skipping tasks [('skip_run', -1)]
[2024-06-20T17:52:51.001+0000] {taskinstance.py:441} INFO - ::group::Post task execution logs
[2024-06-20T17:52:51.016+0000] {taskinstance.py:1206} INFO - Marking task as SUCCESS. dag_id=demo_dag_for_alerting_final_1, task_id=check_previous_run_status, run_id=scheduled__2024-06-20T17:51:00+00:00, execution_date=20240620T175100, start_date=20240620T175250, end_date=20240620T175251
[2024-06-20T17:52:51.045+0000] {local_task_job_runner.py:240} INFO - Task exited with return code 0
[2024-06-20T17:52:51.071+0000] {taskinstance.py:3498} INFO - 0 downstream tasks scheduled from follow-on schedule check
[2024-06-20T17:52:51.072+0000] {local_task_job_runner.py:222} INFO - ::endgroup::
