[2024-06-26T06:53:02.284+0000] {local_task_job_runner.py:120} INFO - ::group::Pre task execution logs
[2024-06-26T06:53:02.311+0000] {taskinstance.py:2076} INFO - Dependencies all met for dep_context=non-requeueable deps ti=<TaskInstance: demo_dag_for_alerting_final_1.check_previous_run_status scheduled__2024-06-26T06:52:00+00:00 [queued]>
[2024-06-26T06:53:02.321+0000] {taskinstance.py:2076} INFO - Dependencies all met for dep_context=requeueable deps ti=<TaskInstance: demo_dag_for_alerting_final_1.check_previous_run_status scheduled__2024-06-26T06:52:00+00:00 [queued]>
[2024-06-26T06:53:02.321+0000] {taskinstance.py:2306} INFO - Starting attempt 1 of 6
[2024-06-26T06:53:02.339+0000] {taskinstance.py:2330} INFO - Executing <Task(BranchPythonOperator): check_previous_run_status> on 2024-06-26 06:52:00+00:00
[2024-06-26T06:53:02.346+0000] {warnings.py:110} WARNING - /home/***/.local/lib/python3.12/site-packages/***/task/task_runner/standard_task_runner.py:61: DeprecationWarning: This process (pid=4474) is multi-threaded, use of fork() may lead to deadlocks in the child.
  pid = os.fork()

[2024-06-26T06:53:02.347+0000] {standard_task_runner.py:63} INFO - Started process 4476 to run task
[2024-06-26T06:53:02.348+0000] {standard_task_runner.py:90} INFO - Running: ['***', 'tasks', 'run', 'demo_dag_for_alerting_final_1', 'check_previous_run_status', 'scheduled__2024-06-26T06:52:00+00:00', '--job-id', '4119', '--raw', '--subdir', 'DAGS_FOLDER/demo_dag_for_alerting.py', '--cfg-path', '/tmp/tmpxph435v3']
[2024-06-26T06:53:02.349+0000] {standard_task_runner.py:91} INFO - Job 4119: Subtask check_previous_run_status
[2024-06-26T06:53:02.406+0000] {task_command.py:426} INFO - Running <TaskInstance: demo_dag_for_alerting_final_1.check_previous_run_status scheduled__2024-06-26T06:52:00+00:00 [running]> on host ced2311e92d2
[2024-06-26T06:53:02.532+0000] {taskinstance.py:2648} INFO - Exporting env vars: AIRFLOW_CTX_DAG_OWNER='***' AIRFLOW_CTX_DAG_ID='demo_dag_for_alerting_final_1' AIRFLOW_CTX_TASK_ID='check_previous_run_status' AIRFLOW_CTX_EXECUTION_DATE='2024-06-26T06:52:00+00:00' AIRFLOW_CTX_TRY_NUMBER='1' AIRFLOW_CTX_DAG_RUN_ID='scheduled__2024-06-26T06:52:00+00:00'
[2024-06-26T06:53:02.533+0000] {taskinstance.py:430} INFO - ::endgroup::
[2024-06-26T06:53:02.556+0000] {baseoperator.py:399} WARNING - BranchPythonOperator.execute cannot be called outside TaskInstance!
[2024-06-26T06:53:02.556+0000] {helper_functions.py:88} INFO - Reading encrypted details from ('/opt/***/dags/postgres_connection.py', '/opt/***/dags/***_api_configuration.py')
[2024-06-26T06:53:02.562+0000] {helper_functions.py:91} INFO - Decrypted postgres connection: {'user': '***', 'password': '***', 'dbname': '***', 'host': '172.240.4.3', 'port': '5432'}
[2024-06-26T06:53:02.566+0000] {helper_functions.py:58} INFO - Executing create table SQL
[2024-06-26T06:53:02.567+0000] {helper_functions.py:62} INFO - Checking existing record for dag_id and task_id
[2024-06-26T06:53:02.568+0000] {helper_functions.py:76} INFO - Updating success count for demo_dag_for_alerting_final_1 - check_previous_run_status
[2024-06-26T06:53:02.571+0000] {python.py:237} INFO - Done. Returned value was: start_run
[2024-06-26T06:53:02.571+0000] {branch.py:36} INFO - Branch into start_run
[2024-06-26T06:53:02.572+0000] {skipmixin.py:178} INFO - Following branch start_run
[2024-06-26T06:53:02.590+0000] {skipmixin.py:246} INFO - Skipping tasks [('skip_run', -1)]
[2024-06-26T06:53:02.617+0000] {taskinstance.py:441} INFO - ::group::Post task execution logs
[2024-06-26T06:53:02.641+0000] {taskinstance.py:1206} INFO - Marking task as SUCCESS. dag_id=demo_dag_for_alerting_final_1, task_id=check_previous_run_status, run_id=scheduled__2024-06-26T06:52:00+00:00, execution_date=20240626T065200, start_date=20240626T065302, end_date=20240626T065302
[2024-06-26T06:53:02.681+0000] {local_task_job_runner.py:240} INFO - Task exited with return code 0
[2024-06-26T06:53:02.725+0000] {taskinstance.py:3498} INFO - 0 downstream tasks scheduled from follow-on schedule check
[2024-06-26T06:53:02.727+0000] {local_task_job_runner.py:222} INFO - ::endgroup::
