[2024-06-19T06:24:00.856+0000] {local_task_job_runner.py:120} INFO - ::group::Pre task execution logs
[2024-06-19T06:24:00.879+0000] {taskinstance.py:2076} INFO - Dependencies all met for dep_context=non-requeueable deps ti=<TaskInstance: demo_dag_for_alerting_apis_final.check_previous_run_status scheduled__2024-06-19T06:23:00+00:00 [queued]>
[2024-06-19T06:24:00.887+0000] {taskinstance.py:2076} INFO - Dependencies all met for dep_context=requeueable deps ti=<TaskInstance: demo_dag_for_alerting_apis_final.check_previous_run_status scheduled__2024-06-19T06:23:00+00:00 [queued]>
[2024-06-19T06:24:00.887+0000] {taskinstance.py:2306} INFO - Starting attempt 1 of 6
[2024-06-19T06:24:00.902+0000] {taskinstance.py:2330} INFO - Executing <Task(BranchPythonOperator): check_previous_run_status> on 2024-06-19 06:23:00+00:00
[2024-06-19T06:24:00.907+0000] {warnings.py:110} WARNING - /home/***/.local/lib/python3.12/site-packages/***/task/task_runner/standard_task_runner.py:61: DeprecationWarning: This process (pid=2257) is multi-threaded, use of fork() may lead to deadlocks in the child.
  pid = os.fork()

[2024-06-19T06:24:00.908+0000] {standard_task_runner.py:63} INFO - Started process 2258 to run task
[2024-06-19T06:24:00.908+0000] {standard_task_runner.py:90} INFO - Running: ['***', 'tasks', 'run', 'demo_dag_for_alerting_apis_final', 'check_previous_run_status', 'scheduled__2024-06-19T06:23:00+00:00', '--job-id', '1187', '--raw', '--subdir', 'DAGS_FOLDER/demo_dag_for_alerting_apis.py', '--cfg-path', '/tmp/tmpuo12j0v3']
[2024-06-19T06:24:00.909+0000] {standard_task_runner.py:91} INFO - Job 1187: Subtask check_previous_run_status
[2024-06-19T06:24:00.950+0000] {task_command.py:426} INFO - Running <TaskInstance: demo_dag_for_alerting_apis_final.check_previous_run_status scheduled__2024-06-19T06:23:00+00:00 [running]> on host 9e4d135130fa
[2024-06-19T06:24:01.049+0000] {taskinstance.py:2648} INFO - Exporting env vars: AIRFLOW_CTX_DAG_OWNER='***' AIRFLOW_CTX_DAG_ID='demo_dag_for_alerting_apis_final' AIRFLOW_CTX_TASK_ID='check_previous_run_status' AIRFLOW_CTX_EXECUTION_DATE='2024-06-19T06:23:00+00:00' AIRFLOW_CTX_TRY_NUMBER='1' AIRFLOW_CTX_DAG_RUN_ID='scheduled__2024-06-19T06:23:00+00:00'
[2024-06-19T06:24:01.050+0000] {taskinstance.py:430} INFO - ::endgroup::
[2024-06-19T06:24:01.063+0000] {baseoperator.py:399} WARNING - BranchPythonOperator.execute cannot be called outside TaskInstance!
[2024-06-19T06:24:01.063+0000] {python.py:237} INFO - Done. Returned value was: skip_run
[2024-06-19T06:24:01.064+0000] {branch.py:36} INFO - Branch into skip_run
[2024-06-19T06:24:01.064+0000] {skipmixin.py:178} INFO - Following branch skip_run
[2024-06-19T06:24:01.079+0000] {skipmixin.py:246} INFO - Skipping tasks [('refresh_external_table', -1)]
[2024-06-19T06:24:01.102+0000] {taskinstance.py:441} INFO - ::group::Post task execution logs
[2024-06-19T06:24:01.120+0000] {taskinstance.py:1206} INFO - Marking task as SUCCESS. dag_id=demo_dag_for_alerting_apis_final, task_id=check_previous_run_status, run_id=scheduled__2024-06-19T06:23:00+00:00, execution_date=20240619T062300, start_date=20240619T062400, end_date=20240619T062401
[2024-06-19T06:24:01.161+0000] {local_task_job_runner.py:240} INFO - Task exited with return code 0
[2024-06-19T06:24:01.188+0000] {taskinstance.py:3498} INFO - 1 downstream tasks scheduled from follow-on schedule check
[2024-06-19T06:24:01.190+0000] {local_task_job_runner.py:222} INFO - ::endgroup::
