[2024-06-18T05:10:24.552+0000] {local_task_job_runner.py:120} INFO - ::group::Pre task execution logs
[2024-06-18T05:10:24.576+0000] {taskinstance.py:2076} INFO - Dependencies all met for dep_context=non-requeueable deps ti=<TaskInstance: alerting_skipped.task1 scheduled__2024-06-18T05:05:00+00:00 [queued]>
[2024-06-18T05:10:24.585+0000] {taskinstance.py:2076} INFO - Dependencies all met for dep_context=requeueable deps ti=<TaskInstance: alerting_skipped.task1 scheduled__2024-06-18T05:05:00+00:00 [queued]>
[2024-06-18T05:10:24.585+0000] {taskinstance.py:2306} INFO - Starting attempt 1 of 6
[2024-06-18T05:10:24.600+0000] {taskinstance.py:2330} INFO - Executing <Task(PythonOperator): task1> on 2024-06-18 05:05:00+00:00
[2024-06-18T05:10:24.605+0000] {warnings.py:110} WARNING - /home/***/.local/lib/python3.12/site-packages/***/task/task_runner/standard_task_runner.py:61: DeprecationWarning: This process (pid=51) is multi-threaded, use of fork() may lead to deadlocks in the child.
  pid = os.fork()

[2024-06-18T05:10:24.606+0000] {standard_task_runner.py:63} INFO - Started process 52 to run task
[2024-06-18T05:10:24.607+0000] {standard_task_runner.py:90} INFO - Running: ['***', 'tasks', 'run', 'alerting_skipped', 'task1', 'scheduled__2024-06-18T05:05:00+00:00', '--job-id', '397', '--raw', '--subdir', 'DAGS_FOLDER/alerting_skipped.py', '--cfg-path', '/tmp/tmpidmsihxe']
[2024-06-18T05:10:24.608+0000] {standard_task_runner.py:91} INFO - Job 397: Subtask task1
[2024-06-18T05:10:24.646+0000] {task_command.py:426} INFO - Running <TaskInstance: alerting_skipped.task1 scheduled__2024-06-18T05:05:00+00:00 [running]> on host fa5c5d972e05
[2024-06-18T05:10:24.727+0000] {taskinstance.py:2648} INFO - Exporting env vars: AIRFLOW_CTX_DAG_OWNER='***' AIRFLOW_CTX_DAG_ID='alerting_skipped' AIRFLOW_CTX_TASK_ID='task1' AIRFLOW_CTX_EXECUTION_DATE='2024-06-18T05:05:00+00:00' AIRFLOW_CTX_TRY_NUMBER='1' AIRFLOW_CTX_DAG_RUN_ID='scheduled__2024-06-18T05:05:00+00:00'
[2024-06-18T05:10:24.728+0000] {taskinstance.py:430} INFO - ::endgroup::
[2024-06-18T05:10:24.740+0000] {alerting_skipped.py:29} INFO - Skipping task as intended.
[2024-06-18T05:10:24.740+0000] {taskinstance.py:441} INFO - ::group::Post task execution logs
[2024-06-18T05:10:24.741+0000] {taskinstance.py:2506} INFO - This task is intentionally skipped
[2024-06-18T05:10:24.751+0000] {taskinstance.py:1206} INFO - Marking task as SKIPPED. dag_id=alerting_skipped, task_id=task1, run_id=scheduled__2024-06-18T05:05:00+00:00, execution_date=20240618T050500, start_date=20240618T051024, end_date=20240618T051024
[2024-06-18T05:10:24.780+0000] {local_task_job_runner.py:240} INFO - Task exited with return code 0
[2024-06-18T05:10:24.794+0000] {taskinstance.py:3498} INFO - 0 downstream tasks scheduled from follow-on schedule check
[2024-06-18T05:10:24.795+0000] {local_task_job_runner.py:222} INFO - ::endgroup::
[2024-06-18T05:13:09.218+0000] {local_task_job_runner.py:120} INFO - ::group::Pre task execution logs
[2024-06-18T05:13:09.250+0000] {taskinstance.py:2076} INFO - Dependencies all met for dep_context=non-requeueable deps ti=<TaskInstance: alerting_skipped.task1 scheduled__2024-06-18T05:05:00+00:00 [queued]>
[2024-06-18T05:13:09.263+0000] {taskinstance.py:2076} INFO - Dependencies all met for dep_context=requeueable deps ti=<TaskInstance: alerting_skipped.task1 scheduled__2024-06-18T05:05:00+00:00 [queued]>
[2024-06-18T05:13:09.264+0000] {taskinstance.py:2306} INFO - Starting attempt 1 of 6
[2024-06-18T05:13:09.282+0000] {taskinstance.py:2330} INFO - Executing <Task(PythonOperator): task1> on 2024-06-18 05:05:00+00:00
[2024-06-18T05:13:09.288+0000] {warnings.py:110} WARNING - /home/***/.local/lib/python3.12/site-packages/***/task/task_runner/standard_task_runner.py:61: DeprecationWarning: This process (pid=60) is multi-threaded, use of fork() may lead to deadlocks in the child.
  pid = os.fork()

[2024-06-18T05:13:09.291+0000] {standard_task_runner.py:63} INFO - Started process 62 to run task
[2024-06-18T05:13:09.291+0000] {standard_task_runner.py:90} INFO - Running: ['***', 'tasks', 'run', 'alerting_skipped', 'task1', 'scheduled__2024-06-18T05:05:00+00:00', '--job-id', '403', '--raw', '--subdir', 'DAGS_FOLDER/alerting_skipped.py', '--cfg-path', '/tmp/tmppfucjmwy']
[2024-06-18T05:13:09.292+0000] {standard_task_runner.py:91} INFO - Job 403: Subtask task1
[2024-06-18T05:13:09.345+0000] {task_command.py:426} INFO - Running <TaskInstance: alerting_skipped.task1 scheduled__2024-06-18T05:05:00+00:00 [running]> on host fa5c5d972e05
[2024-06-18T05:13:09.450+0000] {taskinstance.py:2648} INFO - Exporting env vars: AIRFLOW_CTX_DAG_OWNER='***' AIRFLOW_CTX_DAG_ID='alerting_skipped' AIRFLOW_CTX_TASK_ID='task1' AIRFLOW_CTX_EXECUTION_DATE='2024-06-18T05:05:00+00:00' AIRFLOW_CTX_TRY_NUMBER='1' AIRFLOW_CTX_DAG_RUN_ID='scheduled__2024-06-18T05:05:00+00:00'
[2024-06-18T05:13:09.451+0000] {taskinstance.py:430} INFO - ::endgroup::
[2024-06-18T05:13:09.467+0000] {alerting_skipped.py:29} INFO - Skipping task as intended.
[2024-06-18T05:13:09.467+0000] {taskinstance.py:441} INFO - ::group::Post task execution logs
[2024-06-18T05:13:09.467+0000] {taskinstance.py:2506} INFO - This task is intentionally skipped
[2024-06-18T05:13:09.481+0000] {taskinstance.py:1206} INFO - Marking task as SKIPPED. dag_id=alerting_skipped, task_id=task1, run_id=scheduled__2024-06-18T05:05:00+00:00, execution_date=20240618T050500, start_date=20240618T051309, end_date=20240618T051309
[2024-06-18T05:13:09.505+0000] {local_task_job_runner.py:240} INFO - Task exited with return code 0
[2024-06-18T05:13:09.529+0000] {taskinstance.py:3498} INFO - 0 downstream tasks scheduled from follow-on schedule check
[2024-06-18T05:13:09.530+0000] {local_task_job_runner.py:222} INFO - ::endgroup::
