[2024-06-25T13:17:23.869+0000] {local_task_job_runner.py:120} INFO - ::group::Pre task execution logs
[2024-06-25T13:17:23.894+0000] {taskinstance.py:2076} INFO - Dependencies all met for dep_context=non-requeueable deps ti=<TaskInstance: alerting_all_dags_using_apis.get_all_dag_ids_last_limit_run_ids manual__2024-06-25T13:17:21.469803+00:00 [queued]>
[2024-06-25T13:17:23.902+0000] {taskinstance.py:2076} INFO - Dependencies all met for dep_context=requeueable deps ti=<TaskInstance: alerting_all_dags_using_apis.get_all_dag_ids_last_limit_run_ids manual__2024-06-25T13:17:21.469803+00:00 [queued]>
[2024-06-25T13:17:23.902+0000] {taskinstance.py:2306} INFO - Starting attempt 1 of 6
[2024-06-25T13:17:23.917+0000] {taskinstance.py:2330} INFO - Executing <Task(PythonOperator): get_all_dag_ids_last_limit_run_ids> on 2024-06-25 13:17:21.469803+00:00
[2024-06-25T13:17:23.926+0000] {warnings.py:110} WARNING - /home/***/.local/lib/python3.12/site-packages/***/task/task_runner/standard_task_runner.py:61: DeprecationWarning: This process (pid=2319) is multi-threaded, use of fork() may lead to deadlocks in the child.
  pid = os.fork()

[2024-06-25T13:17:23.928+0000] {standard_task_runner.py:63} INFO - Started process 2320 to run task
[2024-06-25T13:17:23.929+0000] {standard_task_runner.py:90} INFO - Running: ['***', 'tasks', 'run', 'alerting_all_dags_using_apis', 'get_all_dag_ids_last_limit_run_ids', 'manual__2024-06-25T13:17:21.469803+00:00', '--job-id', '4019', '--raw', '--subdir', 'DAGS_FOLDER/alerting_all_dags_using_apis.py', '--cfg-path', '/tmp/tmpv1z7gb5h']
[2024-06-25T13:17:23.930+0000] {standard_task_runner.py:91} INFO - Job 4019: Subtask get_all_dag_ids_last_limit_run_ids
[2024-06-25T13:17:23.971+0000] {task_command.py:426} INFO - Running <TaskInstance: alerting_all_dags_using_apis.get_all_dag_ids_last_limit_run_ids manual__2024-06-25T13:17:21.469803+00:00 [running]> on host ced2311e92d2
[2024-06-25T13:17:24.088+0000] {taskinstance.py:2648} INFO - Exporting env vars: AIRFLOW_CTX_DAG_OWNER='***' AIRFLOW_CTX_DAG_ID='alerting_all_dags_using_apis' AIRFLOW_CTX_TASK_ID='get_all_dag_ids_last_limit_run_ids' AIRFLOW_CTX_EXECUTION_DATE='2024-06-25T13:17:21.469803+00:00' AIRFLOW_CTX_TRY_NUMBER='1' AIRFLOW_CTX_DAG_RUN_ID='manual__2024-06-25T13:17:21.469803+00:00'
[2024-06-25T13:17:24.089+0000] {taskinstance.py:430} INFO - ::endgroup::
[2024-06-25T13:17:24.113+0000] {helper_functions.py:281} INFO - Requesting http://***:***@172.240.4.4:8080/api/v1/dags/alerting_all_dags_using_apis/dagRuns?limit=3&order_by=-start_date
[2024-06-25T13:17:24.340+0000] {helper_functions.py:281} INFO - Requesting http://***:***@172.240.4.4:8080/api/v1/dags/create_table/dagRuns?limit=3&order_by=-start_date
[2024-06-25T13:17:24.527+0000] {helper_functions.py:281} INFO - Requesting http://***:***@172.240.4.4:8080/api/v1/dags/demo_dag_for_alerting_apis_final/dagRuns?limit=3&order_by=-start_date
[2024-06-25T13:17:24.718+0000] {helper_functions.py:281} INFO - Requesting http://***:***@172.240.4.4:8080/api/v1/dags/demo_dag_for_alerting_final_1/dagRuns?limit=3&order_by=-start_date
[2024-06-25T13:17:24.908+0000] {helper_functions.py:286} INFO - Run IDs: {'alerting_all_dags_using_apis': ['manual__2024-06-25T13:17:21.469803+00:00', 'scheduled__2024-06-25T13:00:00+00:00', 'scheduled__2024-06-25T12:45:00+00:00'], 'create_table': [], 'demo_dag_for_alerting_apis_final': ['scheduled__2024-06-25T13:09:00+00:00', 'scheduled__2024-06-25T13:08:00+00:00', 'manual__2024-06-25T13:08:53.649199+00:00'], 'demo_dag_for_alerting_final_1': ['scheduled__2024-06-25T13:02:00+00:00', 'manual__2024-06-25T13:02:09.592394+00:00', 'scheduled__2024-06-25T13:01:00+00:00']}
[2024-06-25T13:17:24.909+0000] {python.py:237} INFO - Done. Returned value was: {'alerting_all_dags_using_apis': ['manual__2024-06-25T13:17:21.469803+00:00', 'scheduled__2024-06-25T13:00:00+00:00', 'scheduled__2024-06-25T12:45:00+00:00'], 'create_table': [], 'demo_dag_for_alerting_apis_final': ['scheduled__2024-06-25T13:09:00+00:00', 'scheduled__2024-06-25T13:08:00+00:00', 'manual__2024-06-25T13:08:53.649199+00:00'], 'demo_dag_for_alerting_final_1': ['scheduled__2024-06-25T13:02:00+00:00', 'manual__2024-06-25T13:02:09.592394+00:00', 'scheduled__2024-06-25T13:01:00+00:00']}
[2024-06-25T13:17:24.909+0000] {taskinstance.py:441} INFO - ::group::Post task execution logs
[2024-06-25T13:17:24.932+0000] {taskinstance.py:1206} INFO - Marking task as SUCCESS. dag_id=alerting_all_dags_using_apis, task_id=get_all_dag_ids_last_limit_run_ids, run_id=manual__2024-06-25T13:17:21.469803+00:00, execution_date=20240625T131721, start_date=20240625T131723, end_date=20240625T131724
[2024-06-25T13:17:24.985+0000] {local_task_job_runner.py:240} INFO - Task exited with return code 0
[2024-06-25T13:17:25.013+0000] {taskinstance.py:3498} INFO - 1 downstream tasks scheduled from follow-on schedule check
[2024-06-25T13:17:25.014+0000] {local_task_job_runner.py:222} INFO - ::endgroup::
