[2024-06-21T07:09:45.860+0000] {local_task_job_runner.py:120} INFO - ::group::Pre task execution logs
[2024-06-21T07:09:45.902+0000] {taskinstance.py:2076} INFO - Dependencies all met for dep_context=non-requeueable deps ti=<TaskInstance: alerting_all_dags_using_apis.get_all_active_dags manual__2024-06-21T07:09:44.673933+00:00 [queued]>
[2024-06-21T07:09:45.918+0000] {taskinstance.py:2076} INFO - Dependencies all met for dep_context=requeueable deps ti=<TaskInstance: alerting_all_dags_using_apis.get_all_active_dags manual__2024-06-21T07:09:44.673933+00:00 [queued]>
[2024-06-21T07:09:45.919+0000] {taskinstance.py:2306} INFO - Starting attempt 1 of 6
[2024-06-21T07:09:45.947+0000] {taskinstance.py:2330} INFO - Executing <Task(PythonOperator): get_all_active_dags> on 2024-06-21 07:09:44.673933+00:00
[2024-06-21T07:09:45.955+0000] {warnings.py:110} WARNING - /home/***/.local/lib/python3.12/site-packages/***/task/task_runner/standard_task_runner.py:61: DeprecationWarning: This process (pid=2461) is multi-threaded, use of fork() may lead to deadlocks in the child.
  pid = os.fork()

[2024-06-21T07:09:45.957+0000] {standard_task_runner.py:63} INFO - Started process 2463 to run task
[2024-06-21T07:09:45.957+0000] {standard_task_runner.py:90} INFO - Running: ['***', 'tasks', 'run', 'alerting_all_dags_using_apis', 'get_all_active_dags', 'manual__2024-06-21T07:09:44.673933+00:00', '--job-id', '2869', '--raw', '--subdir', 'DAGS_FOLDER/alerting_all_dags_using_apis.py', '--cfg-path', '/tmp/tmp8pn5pcq1']
[2024-06-21T07:09:45.959+0000] {standard_task_runner.py:91} INFO - Job 2869: Subtask get_all_active_dags
[2024-06-21T07:09:46.028+0000] {task_command.py:426} INFO - Running <TaskInstance: alerting_all_dags_using_apis.get_all_active_dags manual__2024-06-21T07:09:44.673933+00:00 [running]> on host e66744caf823
[2024-06-21T07:09:46.166+0000] {taskinstance.py:2648} INFO - Exporting env vars: AIRFLOW_CTX_DAG_OWNER='***' AIRFLOW_CTX_DAG_ID='alerting_all_dags_using_apis' AIRFLOW_CTX_TASK_ID='get_all_active_dags' AIRFLOW_CTX_EXECUTION_DATE='2024-06-21T07:09:44.673933+00:00' AIRFLOW_CTX_TRY_NUMBER='1' AIRFLOW_CTX_DAG_RUN_ID='manual__2024-06-21T07:09:44.673933+00:00'
[2024-06-21T07:09:46.167+0000] {taskinstance.py:430} INFO - ::endgroup::
[2024-06-21T07:09:46.184+0000] {helper_functions.py:168} INFO - Requesting http://***:***@172.240.2.5:8080/api/v1/dags?only_active=true
[2024-06-21T07:09:46.553+0000] {helper_functions.py:174} INFO - Active DAGs: ['alerting_all_dags_using_apis', 'create_table', 'demo_dag_for_alerting_apis_final', 'demo_dag_for_alerting_final_1', 'file_jsons_to_postgres']
[2024-06-21T07:09:46.553+0000] {python.py:237} INFO - Done. Returned value was: ['alerting_all_dags_using_apis', 'create_table', 'demo_dag_for_alerting_apis_final', 'demo_dag_for_alerting_final_1', 'file_jsons_to_postgres']
[2024-06-21T07:09:46.554+0000] {taskinstance.py:441} INFO - ::group::Post task execution logs
[2024-06-21T07:09:46.584+0000] {taskinstance.py:1206} INFO - Marking task as SUCCESS. dag_id=alerting_all_dags_using_apis, task_id=get_all_active_dags, run_id=manual__2024-06-21T07:09:44.673933+00:00, execution_date=20240621T070944, start_date=20240621T070945, end_date=20240621T070946
[2024-06-21T07:09:46.632+0000] {local_task_job_runner.py:240} INFO - Task exited with return code 0
[2024-06-21T07:09:46.678+0000] {taskinstance.py:3498} INFO - 1 downstream tasks scheduled from follow-on schedule check
[2024-06-21T07:09:46.679+0000] {local_task_job_runner.py:222} INFO - ::endgroup::
