[2024-06-26T06:05:02.749+0000] {local_task_job_runner.py:120} INFO - ::group::Pre task execution logs
[2024-06-26T06:05:02.778+0000] {taskinstance.py:2076} INFO - Dependencies all met for dep_context=non-requeueable deps ti=<TaskInstance: demo_dag_for_alerting_final_1.check_data_in_stream scheduled__2024-06-26T06:03:00+00:00 [queued]>
[2024-06-26T06:05:02.792+0000] {taskinstance.py:2076} INFO - Dependencies all met for dep_context=requeueable deps ti=<TaskInstance: demo_dag_for_alerting_final_1.check_data_in_stream scheduled__2024-06-26T06:03:00+00:00 [queued]>
[2024-06-26T06:05:02.793+0000] {taskinstance.py:2306} INFO - Starting attempt 1 of 6
[2024-06-26T06:05:02.813+0000] {taskinstance.py:2330} INFO - Executing <Task(BranchPythonOperator): check_data_in_stream> on 2024-06-26 06:03:00+00:00
[2024-06-26T06:05:02.820+0000] {warnings.py:110} WARNING - /home/***/.local/lib/python3.12/site-packages/***/task/task_runner/standard_task_runner.py:61: DeprecationWarning: This process (pid=3794) is multi-threaded, use of fork() may lead to deadlocks in the child.
  pid = os.fork()

[2024-06-26T06:05:02.822+0000] {standard_task_runner.py:63} INFO - Started process 3796 to run task
[2024-06-26T06:05:02.822+0000] {standard_task_runner.py:90} INFO - Running: ['***', 'tasks', 'run', 'demo_dag_for_alerting_final_1', 'check_data_in_stream', 'scheduled__2024-06-26T06:03:00+00:00', '--job-id', '4072', '--raw', '--subdir', 'DAGS_FOLDER/demo_dag_for_alerting.py', '--cfg-path', '/tmp/tmpec9r1yjp']
[2024-06-26T06:05:02.824+0000] {standard_task_runner.py:91} INFO - Job 4072: Subtask check_data_in_stream
[2024-06-26T06:05:02.880+0000] {task_command.py:426} INFO - Running <TaskInstance: demo_dag_for_alerting_final_1.check_data_in_stream scheduled__2024-06-26T06:03:00+00:00 [running]> on host ced2311e92d2
[2024-06-26T06:05:03.024+0000] {taskinstance.py:2648} INFO - Exporting env vars: AIRFLOW_CTX_DAG_OWNER='***' AIRFLOW_CTX_DAG_ID='demo_dag_for_alerting_final_1' AIRFLOW_CTX_TASK_ID='check_data_in_stream' AIRFLOW_CTX_EXECUTION_DATE='2024-06-26T06:03:00+00:00' AIRFLOW_CTX_TRY_NUMBER='1' AIRFLOW_CTX_DAG_RUN_ID='scheduled__2024-06-26T06:03:00+00:00'
[2024-06-26T06:05:03.025+0000] {taskinstance.py:430} INFO - ::endgroup::
[2024-06-26T06:05:03.048+0000] {baseoperator.py:399} WARNING - BranchPythonOperator.execute cannot be called outside TaskInstance!
[2024-06-26T06:05:03.049+0000] {helper_functions.py:199} INFO - Reading encrypted details from ('/opt/***/dags/postgres_connection.py', '/opt/***/dags/***_api_configuration.py')
[2024-06-26T06:05:03.058+0000] {helper_functions.py:202} INFO - Decrypted postgres connection: {'user': '***', 'password': '***', 'dbname': '***', 'host': '172.240.4.3', 'port': '5432'}
[2024-06-26T06:05:03.062+0000] {helper_functions.py:169} INFO - Executing create table SQL
[2024-06-26T06:05:03.063+0000] {helper_functions.py:173} INFO - Checking existing record for dag_id and task_id
[2024-06-26T06:05:03.064+0000] {helper_functions.py:187} INFO - Updating success count for demo_dag_for_alerting_final_1 - check_data_in_stream
[2024-06-26T06:05:03.067+0000] {python.py:237} INFO - Done. Returned value was: insert_new_record_into_audit_table
[2024-06-26T06:05:03.068+0000] {branch.py:36} INFO - Branch into insert_new_record_into_audit_table
[2024-06-26T06:05:03.068+0000] {skipmixin.py:178} INFO - Following branch insert_new_record_into_audit_table
[2024-06-26T06:05:03.085+0000] {skipmixin.py:246} INFO - Skipping tasks [('skipped_due_to_data_unavailability', -1)]
[2024-06-26T06:05:03.115+0000] {taskinstance.py:441} INFO - ::group::Post task execution logs
[2024-06-26T06:05:03.139+0000] {taskinstance.py:1206} INFO - Marking task as SUCCESS. dag_id=demo_dag_for_alerting_final_1, task_id=check_data_in_stream, run_id=scheduled__2024-06-26T06:03:00+00:00, execution_date=20240626T060300, start_date=20240626T060502, end_date=20240626T060503
[2024-06-26T06:05:03.196+0000] {local_task_job_runner.py:240} INFO - Task exited with return code 0
[2024-06-26T06:05:03.230+0000] {taskinstance.py:3498} INFO - 1 downstream tasks scheduled from follow-on schedule check
[2024-06-26T06:05:03.231+0000] {local_task_job_runner.py:222} INFO - ::endgroup::
