[2024-06-20T07:22:03.059+0000] {local_task_job_runner.py:120} INFO - ::group::Pre task execution logs
[2024-06-20T07:22:03.081+0000] {taskinstance.py:2076} INFO - Dependencies all met for dep_context=non-requeueable deps ti=<TaskInstance: demo_dag_for_alerting_final_1.refresh_external_table scheduled__2024-06-20T07:21:00+00:00 [queued]>
[2024-06-20T07:22:03.090+0000] {taskinstance.py:2076} INFO - Dependencies all met for dep_context=requeueable deps ti=<TaskInstance: demo_dag_for_alerting_final_1.refresh_external_table scheduled__2024-06-20T07:21:00+00:00 [queued]>
[2024-06-20T07:22:03.090+0000] {taskinstance.py:2306} INFO - Starting attempt 1 of 6
[2024-06-20T07:22:03.105+0000] {taskinstance.py:2330} INFO - Executing <Task(PythonOperator): refresh_external_table> on 2024-06-20 07:21:00+00:00
[2024-06-20T07:22:03.110+0000] {warnings.py:110} WARNING - /home/***/.local/lib/python3.12/site-packages/***/task/task_runner/standard_task_runner.py:61: DeprecationWarning: This process (pid=1411) is multi-threaded, use of fork() may lead to deadlocks in the child.
  pid = os.fork()

[2024-06-20T07:22:03.111+0000] {standard_task_runner.py:63} INFO - Started process 1412 to run task
[2024-06-20T07:22:03.111+0000] {standard_task_runner.py:90} INFO - Running: ['***', 'tasks', 'run', 'demo_dag_for_alerting_final_1', 'refresh_external_table', 'scheduled__2024-06-20T07:21:00+00:00', '--job-id', '1889', '--raw', '--subdir', 'DAGS_FOLDER/demo_dag_for_alerting.py', '--cfg-path', '/tmp/tmp9avyzy5g']
[2024-06-20T07:22:03.112+0000] {standard_task_runner.py:91} INFO - Job 1889: Subtask refresh_external_table
[2024-06-20T07:22:03.153+0000] {task_command.py:426} INFO - Running <TaskInstance: demo_dag_for_alerting_final_1.refresh_external_table scheduled__2024-06-20T07:21:00+00:00 [running]> on host e66744caf823
[2024-06-20T07:22:03.241+0000] {taskinstance.py:2648} INFO - Exporting env vars: AIRFLOW_CTX_DAG_OWNER='***' AIRFLOW_CTX_DAG_ID='demo_dag_for_alerting_final_1' AIRFLOW_CTX_TASK_ID='refresh_external_table' AIRFLOW_CTX_EXECUTION_DATE='2024-06-20T07:21:00+00:00' AIRFLOW_CTX_TRY_NUMBER='1' AIRFLOW_CTX_DAG_RUN_ID='scheduled__2024-06-20T07:21:00+00:00'
[2024-06-20T07:22:03.243+0000] {taskinstance.py:430} INFO - ::endgroup::
[2024-06-20T07:22:03.264+0000] {logging_mixin.py:188} INFO - refresh_crm_campaign_run_external_table
[2024-06-20T07:22:03.265+0000] {python.py:237} INFO - Done. Returned value was: None
[2024-06-20T07:22:03.266+0000] {taskinstance.py:441} INFO - ::group::Post task execution logs
[2024-06-20T07:22:03.276+0000] {taskinstance.py:1206} INFO - Marking task as SUCCESS. dag_id=demo_dag_for_alerting_final_1, task_id=refresh_external_table, run_id=scheduled__2024-06-20T07:21:00+00:00, execution_date=20240620T072100, start_date=20240620T072203, end_date=20240620T072203
[2024-06-20T07:22:03.324+0000] {local_task_job_runner.py:240} INFO - Task exited with return code 0
[2024-06-20T07:22:03.358+0000] {taskinstance.py:3498} INFO - 1 downstream tasks scheduled from follow-on schedule check
[2024-06-20T07:22:03.360+0000] {local_task_job_runner.py:222} INFO - ::endgroup::
