[2024-06-18T10:20:06.704+0000] {local_task_job_runner.py:120} INFO - ::group::Pre task execution logs
[2024-06-18T10:20:06.738+0000] {taskinstance.py:2076} INFO - Dependencies all met for dep_context=non-requeueable deps ti=<TaskInstance: alerting_skipped.start_run scheduled__2024-06-18T10:17:00+00:00 [queued]>
[2024-06-18T10:20:06.752+0000] {taskinstance.py:2076} INFO - Dependencies all met for dep_context=requeueable deps ti=<TaskInstance: alerting_skipped.start_run scheduled__2024-06-18T10:17:00+00:00 [queued]>
[2024-06-18T10:20:06.752+0000] {taskinstance.py:2306} INFO - Starting attempt 3 of 6
[2024-06-18T10:20:06.768+0000] {taskinstance.py:2330} INFO - Executing <Task(PythonOperator): start_run> on 2024-06-18 10:17:00+00:00
[2024-06-18T10:20:06.773+0000] {warnings.py:110} WARNING - /home/***/.local/lib/python3.12/site-packages/***/task/task_runner/standard_task_runner.py:61: DeprecationWarning: This process (pid=3731) is multi-threaded, use of fork() may lead to deadlocks in the child.
  pid = os.fork()

[2024-06-18T10:20:06.774+0000] {standard_task_runner.py:63} INFO - Started process 3732 to run task
[2024-06-18T10:20:06.775+0000] {standard_task_runner.py:90} INFO - Running: ['***', 'tasks', 'run', 'alerting_skipped', 'start_run', 'scheduled__2024-06-18T10:17:00+00:00', '--job-id', '591', '--raw', '--subdir', 'DAGS_FOLDER/alerting_skipped.py', '--cfg-path', '/tmp/tmp7c_w_boe']
[2024-06-18T10:20:06.776+0000] {standard_task_runner.py:91} INFO - Job 591: Subtask start_run
[2024-06-18T10:20:06.839+0000] {task_command.py:426} INFO - Running <TaskInstance: alerting_skipped.start_run scheduled__2024-06-18T10:17:00+00:00 [running]> on host fa5c5d972e05
[2024-06-18T10:20:06.936+0000] {taskinstance.py:2648} INFO - Exporting env vars: AIRFLOW_CTX_DAG_OWNER='***' AIRFLOW_CTX_DAG_ID='alerting_skipped' AIRFLOW_CTX_TASK_ID='start_run' AIRFLOW_CTX_EXECUTION_DATE='2024-06-18T10:17:00+00:00' AIRFLOW_CTX_TRY_NUMBER='3' AIRFLOW_CTX_DAG_RUN_ID='scheduled__2024-06-18T10:17:00+00:00'
[2024-06-18T10:20:06.937+0000] {taskinstance.py:430} INFO - ::endgroup::
[2024-06-18T10:20:06.951+0000] {warnings.py:110} WARNING - /home/***/.local/lib/python3.12/site-packages/***/utils/context.py:320: AirflowContextDeprecationWarning: Accessing 'execution_date' from the template is deprecated and will be removed in a future version. Please use 'data_interval_start' or 'logical_date' instead.
  warnings.warn(_create_deprecation_warning(k, replacements))

[2024-06-18T10:20:06.951+0000] {logging_mixin.py:188} INFO - Started run successfully
[2024-06-18T10:20:06.952+0000] {python.py:237} INFO - Done. Returned value was: None
[2024-06-18T10:20:06.952+0000] {taskinstance.py:441} INFO - ::group::Post task execution logs
[2024-06-18T10:20:06.962+0000] {taskinstance.py:1206} INFO - Marking task as SUCCESS. dag_id=alerting_skipped, task_id=start_run, run_id=scheduled__2024-06-18T10:17:00+00:00, execution_date=20240618T101700, start_date=20240618T102006, end_date=20240618T102006
[2024-06-18T10:20:06.989+0000] {local_task_job_runner.py:240} INFO - Task exited with return code 0
[2024-06-18T10:20:07.005+0000] {taskinstance.py:3498} INFO - 0 downstream tasks scheduled from follow-on schedule check
[2024-06-18T10:20:07.006+0000] {local_task_job_runner.py:222} INFO - ::endgroup::
