[2024-06-19T06:23:02.919+0000] {local_task_job_runner.py:120} INFO - ::group::Pre task execution logs
[2024-06-19T06:23:02.959+0000] {taskinstance.py:2076} INFO - Dependencies all met for dep_context=non-requeueable deps ti=<TaskInstance: demo_dag_for_alerting_apis_final.skip_run scheduled__2024-06-19T06:22:00+00:00 [queued]>
[2024-06-19T06:23:02.973+0000] {taskinstance.py:2076} INFO - Dependencies all met for dep_context=requeueable deps ti=<TaskInstance: demo_dag_for_alerting_apis_final.skip_run scheduled__2024-06-19T06:22:00+00:00 [queued]>
[2024-06-19T06:23:02.973+0000] {taskinstance.py:2306} INFO - Starting attempt 1 of 6
[2024-06-19T06:23:02.991+0000] {taskinstance.py:2330} INFO - Executing <Task(PythonOperator): skip_run> on 2024-06-19 06:22:00+00:00
[2024-06-19T06:23:02.997+0000] {warnings.py:110} WARNING - /home/***/.local/lib/python3.12/site-packages/***/task/task_runner/standard_task_runner.py:61: DeprecationWarning: This process (pid=2248) is multi-threaded, use of fork() may lead to deadlocks in the child.
  pid = os.fork()

[2024-06-19T06:23:02.998+0000] {standard_task_runner.py:63} INFO - Started process 2249 to run task
[2024-06-19T06:23:02.999+0000] {standard_task_runner.py:90} INFO - Running: ['***', 'tasks', 'run', 'demo_dag_for_alerting_apis_final', 'skip_run', 'scheduled__2024-06-19T06:22:00+00:00', '--job-id', '1186', '--raw', '--subdir', 'DAGS_FOLDER/demo_dag_for_alerting_apis.py', '--cfg-path', '/tmp/tmpahu114ud']
[2024-06-19T06:23:03.000+0000] {standard_task_runner.py:91} INFO - Job 1186: Subtask skip_run
[2024-06-19T06:23:03.044+0000] {task_command.py:426} INFO - Running <TaskInstance: demo_dag_for_alerting_apis_final.skip_run scheduled__2024-06-19T06:22:00+00:00 [running]> on host 9e4d135130fa
[2024-06-19T06:23:03.140+0000] {taskinstance.py:2648} INFO - Exporting env vars: AIRFLOW_CTX_DAG_OWNER='***' AIRFLOW_CTX_DAG_ID='demo_dag_for_alerting_apis_final' AIRFLOW_CTX_TASK_ID='skip_run' AIRFLOW_CTX_EXECUTION_DATE='2024-06-19T06:22:00+00:00' AIRFLOW_CTX_TRY_NUMBER='1' AIRFLOW_CTX_DAG_RUN_ID='scheduled__2024-06-19T06:22:00+00:00'
[2024-06-19T06:23:03.141+0000] {taskinstance.py:430} INFO - ::endgroup::
[2024-06-19T06:23:03.342+0000] {logging_mixin.py:188} INFO - ['scheduled__2024-06-19T06:22:00+00:00', 'scheduled__2024-06-19T06:21:00+00:00', 'scheduled__2024-06-19T06:20:00+00:00']
[2024-06-19T06:23:04.031+0000] {logging_mixin.py:188} INFO - ['running', 'success', 'success']
[2024-06-19T06:23:04.031+0000] {python.py:237} INFO - Done. Returned value was: None
[2024-06-19T06:23:04.031+0000] {taskinstance.py:441} INFO - ::group::Post task execution logs
[2024-06-19T06:23:04.039+0000] {taskinstance.py:1206} INFO - Marking task as SUCCESS. dag_id=demo_dag_for_alerting_apis_final, task_id=skip_run, run_id=scheduled__2024-06-19T06:22:00+00:00, execution_date=20240619T062200, start_date=20240619T062302, end_date=20240619T062304
[2024-06-19T06:23:04.055+0000] {local_task_job_runner.py:240} INFO - Task exited with return code 0
[2024-06-19T06:23:04.071+0000] {taskinstance.py:3498} INFO - 0 downstream tasks scheduled from follow-on schedule check
[2024-06-19T06:23:04.072+0000] {local_task_job_runner.py:222} INFO - ::endgroup::
