[2024-06-21T07:54:03.008+0000] {local_task_job_runner.py:120} INFO - ::group::Pre task execution logs
[2024-06-21T07:54:03.034+0000] {taskinstance.py:2076} INFO - Dependencies all met for dep_context=non-requeueable deps ti=<TaskInstance: demo_dag_for_alerting_apis_final.skip_run scheduled__2024-06-21T07:53:00+00:00 [queued]>
[2024-06-21T07:54:03.048+0000] {taskinstance.py:2076} INFO - Dependencies all met for dep_context=requeueable deps ti=<TaskInstance: demo_dag_for_alerting_apis_final.skip_run scheduled__2024-06-21T07:53:00+00:00 [queued]>
[2024-06-21T07:54:03.049+0000] {taskinstance.py:2306} INFO - Starting attempt 1 of 6
[2024-06-21T07:54:03.063+0000] {taskinstance.py:2330} INFO - Executing <Task(PythonOperator): skip_run> on 2024-06-21 07:53:00+00:00
[2024-06-21T07:54:03.068+0000] {warnings.py:110} WARNING - /home/***/.local/lib/python3.12/site-packages/***/task/task_runner/standard_task_runner.py:61: DeprecationWarning: This process (pid=3447) is multi-threaded, use of fork() may lead to deadlocks in the child.
  pid = os.fork()

[2024-06-21T07:54:03.069+0000] {standard_task_runner.py:63} INFO - Started process 3449 to run task
[2024-06-21T07:54:03.070+0000] {standard_task_runner.py:90} INFO - Running: ['***', 'tasks', 'run', 'demo_dag_for_alerting_apis_final', 'skip_run', 'scheduled__2024-06-21T07:53:00+00:00', '--job-id', '3078', '--raw', '--subdir', 'DAGS_FOLDER/demo_dag_for_alerting_apis.py', '--cfg-path', '/tmp/tmpk0v9ggl6']
[2024-06-21T07:54:03.070+0000] {standard_task_runner.py:91} INFO - Job 3078: Subtask skip_run
[2024-06-21T07:54:03.111+0000] {task_command.py:426} INFO - Running <TaskInstance: demo_dag_for_alerting_apis_final.skip_run scheduled__2024-06-21T07:53:00+00:00 [running]> on host e66744caf823
[2024-06-21T07:54:03.216+0000] {taskinstance.py:2648} INFO - Exporting env vars: AIRFLOW_CTX_DAG_OWNER='***' AIRFLOW_CTX_DAG_ID='demo_dag_for_alerting_apis_final' AIRFLOW_CTX_TASK_ID='skip_run' AIRFLOW_CTX_EXECUTION_DATE='2024-06-21T07:53:00+00:00' AIRFLOW_CTX_TRY_NUMBER='1' AIRFLOW_CTX_DAG_RUN_ID='scheduled__2024-06-21T07:53:00+00:00'
[2024-06-21T07:54:03.217+0000] {taskinstance.py:430} INFO - ::endgroup::
[2024-06-21T07:54:03.425+0000] {helper_functions.py:136} INFO - ['scheduled__2024-06-21T07:52:00+00:00', 'scheduled__2024-06-21T07:51:00+00:00']
[2024-06-21T07:54:03.788+0000] {helper_functions.py:146} INFO - ['success', 'success']
[2024-06-21T07:54:03.788+0000] {python.py:237} INFO - Done. Returned value was: None
[2024-06-21T07:54:03.789+0000] {taskinstance.py:441} INFO - ::group::Post task execution logs
[2024-06-21T07:54:03.796+0000] {taskinstance.py:1206} INFO - Marking task as SUCCESS. dag_id=demo_dag_for_alerting_apis_final, task_id=skip_run, run_id=scheduled__2024-06-21T07:53:00+00:00, execution_date=20240621T075300, start_date=20240621T075403, end_date=20240621T075403
[2024-06-21T07:54:03.844+0000] {local_task_job_runner.py:240} INFO - Task exited with return code 0
[2024-06-21T07:54:03.859+0000] {taskinstance.py:3498} INFO - 0 downstream tasks scheduled from follow-on schedule check
[2024-06-21T07:54:03.860+0000] {local_task_job_runner.py:222} INFO - ::endgroup::
