[2024-06-19T06:21:03.769+0000] {local_task_job_runner.py:120} INFO - ::group::Pre task execution logs
[2024-06-19T06:21:03.797+0000] {taskinstance.py:2076} INFO - Dependencies all met for dep_context=non-requeueable deps ti=<TaskInstance: demo_dag_for_alerting_apis_final.skip_run scheduled__2024-06-19T06:20:00+00:00 [queued]>
[2024-06-19T06:21:03.808+0000] {taskinstance.py:2076} INFO - Dependencies all met for dep_context=requeueable deps ti=<TaskInstance: demo_dag_for_alerting_apis_final.skip_run scheduled__2024-06-19T06:20:00+00:00 [queued]>
[2024-06-19T06:21:03.808+0000] {taskinstance.py:2306} INFO - Starting attempt 1 of 6
[2024-06-19T06:21:03.821+0000] {taskinstance.py:2330} INFO - Executing <Task(PythonOperator): skip_run> on 2024-06-19 06:20:00+00:00
[2024-06-19T06:21:03.826+0000] {warnings.py:110} WARNING - /home/***/.local/lib/python3.12/site-packages/***/task/task_runner/standard_task_runner.py:61: DeprecationWarning: This process (pid=2213) is multi-threaded, use of fork() may lead to deadlocks in the child.
  pid = os.fork()

[2024-06-19T06:21:03.827+0000] {standard_task_runner.py:63} INFO - Started process 2214 to run task
[2024-06-19T06:21:03.827+0000] {standard_task_runner.py:90} INFO - Running: ['***', 'tasks', 'run', 'demo_dag_for_alerting_apis_final', 'skip_run', 'scheduled__2024-06-19T06:20:00+00:00', '--job-id', '1182', '--raw', '--subdir', 'DAGS_FOLDER/demo_dag_for_alerting_apis.py', '--cfg-path', '/tmp/tmpi6xq5zl6']
[2024-06-19T06:21:03.828+0000] {standard_task_runner.py:91} INFO - Job 1182: Subtask skip_run
[2024-06-19T06:21:03.868+0000] {task_command.py:426} INFO - Running <TaskInstance: demo_dag_for_alerting_apis_final.skip_run scheduled__2024-06-19T06:20:00+00:00 [running]> on host 9e4d135130fa
[2024-06-19T06:21:03.958+0000] {taskinstance.py:2648} INFO - Exporting env vars: AIRFLOW_CTX_DAG_OWNER='***' AIRFLOW_CTX_DAG_ID='demo_dag_for_alerting_apis_final' AIRFLOW_CTX_TASK_ID='skip_run' AIRFLOW_CTX_EXECUTION_DATE='2024-06-19T06:20:00+00:00' AIRFLOW_CTX_TRY_NUMBER='1' AIRFLOW_CTX_DAG_RUN_ID='scheduled__2024-06-19T06:20:00+00:00'
[2024-06-19T06:21:03.958+0000] {taskinstance.py:430} INFO - ::endgroup::
[2024-06-19T06:21:04.154+0000] {logging_mixin.py:188} INFO - ['scheduled__2024-06-19T06:20:00+00:00', 'scheduled__2024-06-19T06:19:00+00:00', 'scheduled__2024-06-19T06:18:00+00:00']
[2024-06-19T06:21:04.713+0000] {logging_mixin.py:188} INFO - ['running', 'success', 'success']
[2024-06-19T06:21:04.713+0000] {python.py:237} INFO - Done. Returned value was: None
[2024-06-19T06:21:04.714+0000] {taskinstance.py:441} INFO - ::group::Post task execution logs
[2024-06-19T06:21:04.724+0000] {taskinstance.py:1206} INFO - Marking task as SUCCESS. dag_id=demo_dag_for_alerting_apis_final, task_id=skip_run, run_id=scheduled__2024-06-19T06:20:00+00:00, execution_date=20240619T062000, start_date=20240619T062103, end_date=20240619T062104
[2024-06-19T06:21:04.762+0000] {local_task_job_runner.py:240} INFO - Task exited with return code 0
[2024-06-19T06:21:04.781+0000] {taskinstance.py:3498} INFO - 0 downstream tasks scheduled from follow-on schedule check
[2024-06-19T06:21:04.783+0000] {local_task_job_runner.py:222} INFO - ::endgroup::
