[2024-06-26T10:29:02.414+0000] {local_task_job_runner.py:120} INFO - ::group::Pre task execution logs
[2024-06-26T10:29:02.442+0000] {taskinstance.py:2076} INFO - Dependencies all met for dep_context=non-requeueable deps ti=<TaskInstance: demo_dag_for_alerting_final.check_previous_run_status scheduled__2024-06-26T10:28:00+00:00 [queued]>
[2024-06-26T10:29:02.457+0000] {taskinstance.py:2076} INFO - Dependencies all met for dep_context=requeueable deps ti=<TaskInstance: demo_dag_for_alerting_final.check_previous_run_status scheduled__2024-06-26T10:28:00+00:00 [queued]>
[2024-06-26T10:29:02.458+0000] {taskinstance.py:2306} INFO - Starting attempt 1 of 6
[2024-06-26T10:29:02.484+0000] {taskinstance.py:2330} INFO - Executing <Task(BranchPythonOperator): check_previous_run_status> on 2024-06-26 10:28:00+00:00
[2024-06-26T10:29:02.491+0000] {warnings.py:110} WARNING - /home/***/.local/lib/python3.12/site-packages/***/task/task_runner/standard_task_runner.py:61: DeprecationWarning: This process (pid=6567) is multi-threaded, use of fork() may lead to deadlocks in the child.
  pid = os.fork()

[2024-06-26T10:29:02.493+0000] {standard_task_runner.py:63} INFO - Started process 6568 to run task
[2024-06-26T10:29:02.494+0000] {standard_task_runner.py:90} INFO - Running: ['***', 'tasks', 'run', 'demo_dag_for_alerting_final', 'check_previous_run_status', 'scheduled__2024-06-26T10:28:00+00:00', '--job-id', '4312', '--raw', '--subdir', 'DAGS_FOLDER/demo_dag_for_alerting.py', '--cfg-path', '/tmp/tmp7wl4o1u3']
[2024-06-26T10:29:02.495+0000] {standard_task_runner.py:91} INFO - Job 4312: Subtask check_previous_run_status
[2024-06-26T10:29:02.554+0000] {task_command.py:426} INFO - Running <TaskInstance: demo_dag_for_alerting_final.check_previous_run_status scheduled__2024-06-26T10:28:00+00:00 [running]> on host ced2311e92d2
[2024-06-26T10:29:02.679+0000] {taskinstance.py:2648} INFO - Exporting env vars: AIRFLOW_CTX_DAG_OWNER='***' AIRFLOW_CTX_DAG_ID='demo_dag_for_alerting_final' AIRFLOW_CTX_TASK_ID='check_previous_run_status' AIRFLOW_CTX_EXECUTION_DATE='2024-06-26T10:28:00+00:00' AIRFLOW_CTX_TRY_NUMBER='1' AIRFLOW_CTX_DAG_RUN_ID='scheduled__2024-06-26T10:28:00+00:00'
[2024-06-26T10:29:02.680+0000] {taskinstance.py:430} INFO - ::endgroup::
[2024-06-26T10:29:02.697+0000] {baseoperator.py:399} WARNING - BranchPythonOperator.execute cannot be called outside TaskInstance!
[2024-06-26T10:29:02.698+0000] {helper_functions.py:114} INFO - Reading encrypted details from ('/opt/***/dags/postgres_connection.py', '/opt/***/dags/***_api_configuration.py')
[2024-06-26T10:29:02.705+0000] {helper_functions.py:117} INFO - Decrypted postgres connection: {'user': '***', 'password': '***', 'dbname': '***', 'host': '172.240.4.3', 'port': '5432'}
[2024-06-26T10:29:02.709+0000] {helper_functions.py:82} INFO - Executing create table SQL
[2024-06-26T10:29:02.710+0000] {helper_functions.py:86} INFO - Checking existing record for dag_id and task_id
[2024-06-26T10:29:02.712+0000] {helper_functions.py:103} INFO - Inserting new record for demo_dag_for_alerting_final - check_previous_run_status
[2024-06-26T10:29:02.712+0000] {helper_functions.py:107} ERROR - Failed to update database for demo_dag_for_alerting_final - check_previous_run_status: can't execute an empty query
Traceback (most recent call last):
  File "/opt/airflow/dags/helper_functions.py", line 104, in update_database
    cur.execute(self.insert_query, (dag_id, task_id, current_time))
psycopg2.ProgrammingError: can't execute an empty query
[2024-06-26T10:29:02.715+0000] {python.py:237} INFO - Done. Returned value was: start_run
[2024-06-26T10:29:02.716+0000] {branch.py:36} INFO - Branch into start_run
[2024-06-26T10:29:02.716+0000] {skipmixin.py:178} INFO - Following branch start_run
[2024-06-26T10:29:02.735+0000] {skipmixin.py:246} INFO - Skipping tasks [('skip_run', -1)]
[2024-06-26T10:29:02.769+0000] {taskinstance.py:441} INFO - ::group::Post task execution logs
[2024-06-26T10:29:02.795+0000] {taskinstance.py:1206} INFO - Marking task as SUCCESS. dag_id=demo_dag_for_alerting_final, task_id=check_previous_run_status, run_id=scheduled__2024-06-26T10:28:00+00:00, execution_date=20240626T102800, start_date=20240626T102902, end_date=20240626T102902
[2024-06-26T10:29:02.827+0000] {local_task_job_runner.py:240} INFO - Task exited with return code 0
[2024-06-26T10:29:02.879+0000] {taskinstance.py:3498} INFO - 0 downstream tasks scheduled from follow-on schedule check
[2024-06-26T10:29:02.881+0000] {local_task_job_runner.py:222} INFO - ::endgroup::
