[2024-06-28T10:18:07.348+0000] {local_task_job_runner.py:120} INFO - ::group::Pre task execution logs
[2024-06-28T10:18:07.377+0000] {taskinstance.py:2076} INFO - Dependencies all met for dep_context=non-requeueable deps ti=<TaskInstance: demo_dag_for_alerting_final.skipped_due_to_data_unavailability scheduled__2024-06-28T10:17:00+00:00 [queued]>
[2024-06-28T10:18:07.390+0000] {taskinstance.py:2076} INFO - Dependencies all met for dep_context=requeueable deps ti=<TaskInstance: demo_dag_for_alerting_final.skipped_due_to_data_unavailability scheduled__2024-06-28T10:17:00+00:00 [queued]>
[2024-06-28T10:18:07.390+0000] {taskinstance.py:2306} INFO - Starting attempt 1 of 6
[2024-06-28T10:18:07.406+0000] {taskinstance.py:2330} INFO - Executing <Task(PythonOperator): skipped_due_to_data_unavailability> on 2024-06-28 10:17:00+00:00
[2024-06-28T10:18:07.412+0000] {warnings.py:110} WARNING - /home/***/.local/lib/python3.12/site-packages/***/task/task_runner/standard_task_runner.py:61: DeprecationWarning: This process (pid=301) is multi-threaded, use of fork() may lead to deadlocks in the child.
  pid = os.fork()

[2024-06-28T10:18:07.413+0000] {standard_task_runner.py:63} INFO - Started process 302 to run task
[2024-06-28T10:18:07.414+0000] {standard_task_runner.py:90} INFO - Running: ['***', 'tasks', 'run', 'demo_dag_for_alerting_final', 'skipped_due_to_data_unavailability', 'scheduled__2024-06-28T10:17:00+00:00', '--job-id', '4991', '--raw', '--subdir', 'DAGS_FOLDER/demo_dag_for_alerting.py', '--cfg-path', '/tmp/tmph_6eu6rh']
[2024-06-28T10:18:07.415+0000] {standard_task_runner.py:91} INFO - Job 4991: Subtask skipped_due_to_data_unavailability
[2024-06-28T10:18:07.455+0000] {task_command.py:426} INFO - Running <TaskInstance: demo_dag_for_alerting_final.skipped_due_to_data_unavailability scheduled__2024-06-28T10:17:00+00:00 [running]> on host 2552e7b36400
[2024-06-28T10:18:07.545+0000] {taskinstance.py:2648} INFO - Exporting env vars: AIRFLOW_CTX_DAG_OWNER='***' AIRFLOW_CTX_DAG_ID='demo_dag_for_alerting_final' AIRFLOW_CTX_TASK_ID='skipped_due_to_data_unavailability' AIRFLOW_CTX_EXECUTION_DATE='2024-06-28T10:17:00+00:00' AIRFLOW_CTX_TRY_NUMBER='1' AIRFLOW_CTX_DAG_RUN_ID='scheduled__2024-06-28T10:17:00+00:00'
[2024-06-28T10:18:07.546+0000] {taskinstance.py:430} INFO - ::endgroup::
[2024-06-28T10:18:07.560+0000] {helper_functions.py:196} INFO - The DAG demo_dag_for_alerting_final was skipped at 2024-06-28 10:18:07.560489

[2024-06-28T10:18:07.560+0000] {python.py:237} INFO - Done. Returned value was: None
[2024-06-28T10:18:07.561+0000] {taskinstance.py:441} INFO - ::group::Post task execution logs
[2024-06-28T10:18:07.570+0000] {taskinstance.py:1206} INFO - Marking task as SUCCESS. dag_id=demo_dag_for_alerting_final, task_id=skipped_due_to_data_unavailability, run_id=scheduled__2024-06-28T10:17:00+00:00, execution_date=20240628T101700, start_date=20240628T101807, end_date=20240628T101807
[2024-06-28T10:18:07.587+0000] {local_task_job_runner.py:240} INFO - Task exited with return code 0
[2024-06-28T10:18:07.602+0000] {taskinstance.py:3498} INFO - 0 downstream tasks scheduled from follow-on schedule check
[2024-06-28T10:18:07.605+0000] {local_task_job_runner.py:222} INFO - ::endgroup::
