[2024-06-13T06:40:54.083+0000] {local_task_job_runner.py:120} INFO - ::group::Pre task execution logs
[2024-06-13T06:40:54.112+0000] {taskinstance.py:2076} INFO - Dependencies all met for dep_context=non-requeueable deps ti=<TaskInstance: airflow_example.insert_json manual__2024-06-13T06:40:48.867612+00:00 [queued]>
[2024-06-13T06:40:54.121+0000] {taskinstance.py:2076} INFO - Dependencies all met for dep_context=requeueable deps ti=<TaskInstance: airflow_example.insert_json manual__2024-06-13T06:40:48.867612+00:00 [queued]>
[2024-06-13T06:40:54.122+0000] {taskinstance.py:2306} INFO - Starting attempt 1 of 6
[2024-06-13T06:40:54.137+0000] {taskinstance.py:2330} INFO - Executing <Task(PythonOperator): insert_json> on 2024-06-13 06:40:48.867612+00:00
[2024-06-13T06:40:54.142+0000] {warnings.py:110} WARNING - /home/***/.local/lib/python3.12/site-packages/***/task/task_runner/standard_task_runner.py:61: DeprecationWarning: This process (pid=860) is multi-threaded, use of fork() may lead to deadlocks in the child.
  pid = os.fork()

[2024-06-13T06:40:54.143+0000] {standard_task_runner.py:63} INFO - Started process 861 to run task
[2024-06-13T06:40:54.144+0000] {standard_task_runner.py:90} INFO - Running: ['***', 'tasks', 'run', '***_example', 'insert_json', 'manual__2024-06-13T06:40:48.867612+00:00', '--job-id', '229', '--raw', '--subdir', 'DAGS_FOLDER/file_jsons_to_postgres.py', '--cfg-path', '/tmp/tmpam0rpd_7']
[2024-06-13T06:40:54.145+0000] {standard_task_runner.py:91} INFO - Job 229: Subtask insert_json
[2024-06-13T06:40:54.186+0000] {task_command.py:426} INFO - Running <TaskInstance: airflow_example.insert_json manual__2024-06-13T06:40:48.867612+00:00 [running]> on host 8cc8d7c9eee4
[2024-06-13T06:40:54.277+0000] {taskinstance.py:2648} INFO - Exporting env vars: AIRFLOW_CTX_DAG_OWNER='***' AIRFLOW_CTX_DAG_ID='***_example' AIRFLOW_CTX_TASK_ID='insert_json' AIRFLOW_CTX_EXECUTION_DATE='2024-06-13T06:40:48.867612+00:00' AIRFLOW_CTX_TRY_NUMBER='1' AIRFLOW_CTX_DAG_RUN_ID='manual__2024-06-13T06:40:48.867612+00:00'
[2024-06-13T06:40:54.278+0000] {taskinstance.py:430} INFO - ::endgroup::
[2024-06-13T06:40:54.308+0000] {file_jsons_to_postgres.py:100} INFO - Inserting entry: {'name': 'Majji', 'email': 'm7#hv@fgbckjh.hg', 'date': '06.12.2024'}
[2024-06-13T06:40:54.309+0000] {file_jsons_to_postgres.py:100} INFO - Inserting entry: {'name': 'McLaine', 'email': '8r@jt.ftz', 'date': '2022/12/31'}
[2024-06-13T06:40:54.310+0000] {file_jsons_to_postgres.py:100} INFO - Inserting entry: {'name': 'Nikhitha', 'email': 's@ypabrani.mig', 'date': '06.12.2024'}
[2024-06-13T06:40:54.310+0000] {file_jsons_to_postgres.py:100} INFO - Inserting entry: {'name': 'Aishwarya', 'email': 'i10^09*wt@buroxr.pm', 'date': '2024.06.12'}
[2024-06-13T06:40:54.311+0000] {file_jsons_to_postgres.py:100} INFO - Inserting entry: {'name': 'Anthati', 'email': '4vogq@kie.ya', 'date': '06-12-2024'}
[2024-06-13T06:40:54.311+0000] {file_jsons_to_postgres.py:100} INFO - Inserting entry: {'name': 'Vasamsetti', 'email': 'l$0!4ud.ta@nlgcogps.ja', 'date': '12-06-2024'}
[2024-06-13T06:40:54.312+0000] {file_jsons_to_postgres.py:100} INFO - Inserting entry: {'name': 'Addala', 'email': '0!q#7%j@ahsgllw.lls', 'date': '06.12.2024'}
[2024-06-13T06:40:54.312+0000] {file_jsons_to_postgres.py:100} INFO - Inserting entry: {'name': 'Goud', 'email': 'ftml@xqfixisoe.mk', 'date': '2023-01-01 00:00:00'}
[2024-06-13T06:40:54.313+0000] {file_jsons_to_postgres.py:100} INFO - Inserting entry: {'name': 'Machupalli', 'email': 'w416%l59@pllpfoqbs.bx', 'date': '12/31/2022'}
[2024-06-13T06:40:54.314+0000] {file_jsons_to_postgres.py:100} INFO - Inserting entry: {'name': 'Kambhampati', 'email': 'elt5u*ojt@rwereuom.iq', 'date': '12-06-2024'}
[2024-06-13T06:40:54.314+0000] {file_jsons_to_postgres.py:100} INFO - Inserting entry: {'name': 'Davis', 'email': 'a@uztupnn.qty', 'date': '12.06.2024'}
[2024-06-13T06:40:54.315+0000] {file_jsons_to_postgres.py:100} INFO - Inserting entry: {'name': 'Udugula', 'email': 'b4.h^zv#@itbpro.qj', 'date': '12/31/2022'}
[2024-06-13T06:40:54.315+0000] {file_jsons_to_postgres.py:100} INFO - Inserting entry: {'name': 'Akhilesh', 'email': 'h3eu7mszo^@u.rv', 'date': '01.12.2022'}
[2024-06-13T06:40:54.315+0000] {file_jsons_to_postgres.py:100} INFO - Inserting entry: {'name': 'Vasamsetti', 'email': 'k6x80wj@oiwdly.niv', 'date': '2023-01-01 00:00:00'}
[2024-06-13T06:40:54.316+0000] {file_jsons_to_postgres.py:100} INFO - Inserting entry: {'name': 'Chandrakanth', 'email': '64u3xye9.#@pkprgal.tzv', 'date': '2024.06.12'}
[2024-06-13T06:40:54.316+0000] {file_jsons_to_postgres.py:100} INFO - Inserting entry: {'name': 'Satya', 'email': 'l&@eb.krl', 'date': '01-Jan-2023'}
[2024-06-13T06:40:54.316+0000] {file_jsons_to_postgres.py:100} INFO - Inserting entry: {'name': 'Dathrika', 'email': 'mb*@msidff.wcv', 'date': '2023-01-01T00:00:00'}
[2024-06-13T06:40:54.317+0000] {file_jsons_to_postgres.py:100} INFO - Inserting entry: {'name': 'Pinninti', 'email': 'mk7okba1wx@spi.bb', 'date': '03/12/2022'}
[2024-06-13T06:40:54.317+0000] {file_jsons_to_postgres.py:100} INFO - Inserting entry: {'name': 'Nirjogi', 'email': 'k5exli@bbxhjp.mla', 'date': '2023-01-01 12:00:00 AM'}
[2024-06-13T06:40:54.317+0000] {file_jsons_to_postgres.py:100} INFO - Inserting entry: {'name': 'Vadlamudi', 'email': 'vfqvfr@zizdita.lt', 'date': '20230101'}
[2024-06-13T06:40:54.318+0000] {file_jsons_to_postgres.py:100} INFO - Inserting entry: {'name': 'Suma', 'email': 'asl001@qqrnj.gh', 'date': 'Jan-01-2023'}
[2024-06-13T06:40:54.318+0000] {file_jsons_to_postgres.py:100} INFO - Inserting entry: {'name': 'Chirneni', 'email': 'rxb@pvg.oiu', 'date': '2024.06.12'}
[2024-06-13T06:40:54.318+0000] {file_jsons_to_postgres.py:100} INFO - Inserting entry: {'name': 'Vasamsetti', 'email': 'wtod9ial*@hytfft.rk', 'date': '2022/12/31'}
[2024-06-13T06:40:54.319+0000] {file_jsons_to_postgres.py:100} INFO - Inserting entry: {'name': 'Masthan', 'email': 'ry.e0ky@vmdp.xyt', 'date': '2023-01-01 00:00:00'}
[2024-06-13T06:40:54.319+0000] {file_jsons_to_postgres.py:100} INFO - Inserting entry: {'name': 'Nagavamsi', 'email': 'cb$#yv@ccb.yl', 'date': '2023-01-01T00:00:00+00:00'}
[2024-06-13T06:40:54.319+0000] {file_jsons_to_postgres.py:100} INFO - Inserting entry: {'name': 'Aishwarya', 'email': '2rk@t.hpz', 'date': '2023-01-01T00:00:00'}
[2024-06-13T06:40:54.320+0000] {file_jsons_to_postgres.py:100} INFO - Inserting entry: {'name': 'Sekhar', 'email': '90ffrjz9#&@jlrmbrsay.vc', 'date': '2023 Jan 01'}
[2024-06-13T06:40:54.320+0000] {file_jsons_to_postgres.py:100} INFO - Inserting entry: {'name': 'Davis', 'email': '6#j286v@e.xxy', 'date': 'Jan-01-2023'}
[2024-06-13T06:40:54.320+0000] {file_jsons_to_postgres.py:100} INFO - Inserting entry: {'name': 'Sundar', 'email': '3dsa7v72m@nomll.klv', 'date': '10/12/2022'}
[2024-06-13T06:40:54.321+0000] {file_jsons_to_postgres.py:100} INFO - Inserting entry: {'name': 'Davis', 'email': 'l*lh2..4@uylsla.bki', 'date': 'Jan 01 2023'}
[2024-06-13T06:40:54.321+0000] {file_jsons_to_postgres.py:100} INFO - Inserting entry: {'name': 'Nikhil', 'email': 'bssbo@v.fq', 'date': '2023/01/01'}
[2024-06-13T06:40:54.321+0000] {file_jsons_to_postgres.py:100} INFO - Inserting entry: {'name': 'Chandrakanth', 'email': '19v6o@ecrxrkfna.fv', 'date': '2023 Jan 01'}
[2024-06-13T06:40:54.322+0000] {file_jsons_to_postgres.py:100} INFO - Inserting entry: {'name': 'Madhava', 'email': '7sryxoi&@anzg.gb', 'date': '2022/12/31'}
[2024-06-13T06:40:54.322+0000] {file_jsons_to_postgres.py:100} INFO - Inserting entry: {'name': 'Ushasri', 'email': '192@iugtylrs.dym', 'date': '2023-01-01'}
[2024-06-13T06:40:54.323+0000] {file_jsons_to_postgres.py:100} INFO - Inserting entry: {'name': 'Chirneni', 'email': 'bb!%sb99k@pbaogmpws.egg', 'date': 'Jan 01, 2023'}
[2024-06-13T06:40:54.323+0000] {file_jsons_to_postgres.py:100} INFO - Inserting entry: {'name': 'Samala', 'email': 'fa@ck.bft', 'date': '20230101000000'}
[2024-06-13T06:40:54.324+0000] {file_jsons_to_postgres.py:105} ERROR - Error inserting data: date/time field value out of range: "20230101000000"
LINE 2: ...name, email, date) VALUES ('Samala', 'fa@ck.bft', '202301010...
                                                             ^
HINT:  Perhaps you need a different "datestyle" setting.

[2024-06-13T06:40:54.324+0000] {python.py:237} INFO - Done. Returned value was: None
[2024-06-13T06:40:54.324+0000] {taskinstance.py:441} INFO - ::group::Post task execution logs
[2024-06-13T06:40:54.335+0000] {taskinstance.py:1206} INFO - Marking task as SUCCESS. dag_id=***_example, task_id=insert_json, run_id=manual__2024-06-13T06:40:48.867612+00:00, execution_date=20240613T064048, start_date=20240613T064054, end_date=20240613T064054
[2024-06-13T06:40:54.357+0000] {local_task_job_runner.py:240} INFO - Task exited with return code 0
[2024-06-13T06:40:54.378+0000] {taskinstance.py:3498} INFO - 0 downstream tasks scheduled from follow-on schedule check
[2024-06-13T06:40:54.380+0000] {local_task_job_runner.py:222} INFO - ::endgroup::
