[2024-06-17T09:17:38.923+0000] {local_task_job_runner.py:120} INFO - ::group::Pre task execution logs
[2024-06-17T09:17:38.956+0000] {taskinstance.py:2076} INFO - Dependencies all met for dep_context=non-requeueable deps ti=<TaskInstance: slack_notif.slack_notif manual__2024-06-17T09:17:37.814764+00:00 [queued]>
[2024-06-17T09:17:38.966+0000] {taskinstance.py:2076} INFO - Dependencies all met for dep_context=requeueable deps ti=<TaskInstance: slack_notif.slack_notif manual__2024-06-17T09:17:37.814764+00:00 [queued]>
[2024-06-17T09:17:38.967+0000] {taskinstance.py:2306} INFO - Starting attempt 1 of 6
[2024-06-17T09:17:38.983+0000] {taskinstance.py:2330} INFO - Executing <Task(PythonOperator): slack_notif> on 2024-06-17 09:17:37.814764+00:00
[2024-06-17T09:17:38.991+0000] {warnings.py:110} WARNING - /home/***/.local/lib/python3.12/site-packages/***/task/task_runner/standard_task_runner.py:61: DeprecationWarning: This process (pid=2277) is multi-threaded, use of fork() may lead to deadlocks in the child.
  pid = os.fork()

[2024-06-17T09:17:38.993+0000] {standard_task_runner.py:63} INFO - Started process 2278 to run task
[2024-06-17T09:17:38.993+0000] {standard_task_runner.py:90} INFO - Running: ['***', 'tasks', 'run', 'slack_notif', 'slack_notif', 'manual__2024-06-17T09:17:37.814764+00:00', '--job-id', '333', '--raw', '--subdir', 'DAGS_FOLDER/slack_notif.py', '--cfg-path', '/tmp/tmpo1t6ty9d']
[2024-06-17T09:17:38.994+0000] {standard_task_runner.py:91} INFO - Job 333: Subtask slack_notif
[2024-06-17T09:17:39.046+0000] {task_command.py:426} INFO - Running <TaskInstance: slack_notif.slack_notif manual__2024-06-17T09:17:37.814764+00:00 [running]> on host 4d71c837c754
[2024-06-17T09:17:39.183+0000] {taskinstance.py:2648} INFO - Exporting env vars: AIRFLOW_CTX_DAG_OWNER='***' AIRFLOW_CTX_DAG_ID='slack_notif' AIRFLOW_CTX_TASK_ID='slack_notif' AIRFLOW_CTX_EXECUTION_DATE='2024-06-17T09:17:37.814764+00:00' AIRFLOW_CTX_TRY_NUMBER='1' AIRFLOW_CTX_DAG_RUN_ID='manual__2024-06-17T09:17:37.814764+00:00'
[2024-06-17T09:17:39.184+0000] {taskinstance.py:430} INFO - ::endgroup::
[2024-06-17T09:17:39.200+0000] {slack_notif.py:32} ERROR - Error sending Slack notification: 'SlackWebhookHook' object has no attribute 'execute'
[2024-06-17T09:17:39.201+0000] {python.py:237} INFO - Done. Returned value was: None
[2024-06-17T09:17:39.201+0000] {taskinstance.py:441} INFO - ::group::Post task execution logs
[2024-06-17T09:17:39.214+0000] {taskinstance.py:1206} INFO - Marking task as SUCCESS. dag_id=slack_notif, task_id=slack_notif, run_id=manual__2024-06-17T09:17:37.814764+00:00, execution_date=20240617T091737, start_date=20240617T091738, end_date=20240617T091739
[2024-06-17T09:17:39.248+0000] {local_task_job_runner.py:240} INFO - Task exited with return code 0
[2024-06-17T09:17:39.274+0000] {taskinstance.py:3498} INFO - 0 downstream tasks scheduled from follow-on schedule check
[2024-06-17T09:17:39.276+0000] {local_task_job_runner.py:222} INFO - ::endgroup::
