[2024-06-21T07:48:03.355+0000] {local_task_job_runner.py:120} INFO - ::group::Pre task execution logs
[2024-06-21T07:48:03.397+0000] {taskinstance.py:2076} INFO - Dependencies all met for dep_context=non-requeueable deps ti=<TaskInstance: demo_dag_for_alerting_apis_final.skip_run scheduled__2024-06-21T07:47:00+00:00 [queued]>
[2024-06-21T07:48:03.422+0000] {taskinstance.py:2076} INFO - Dependencies all met for dep_context=requeueable deps ti=<TaskInstance: demo_dag_for_alerting_apis_final.skip_run scheduled__2024-06-21T07:47:00+00:00 [queued]>
[2024-06-21T07:48:03.423+0000] {taskinstance.py:2306} INFO - Starting attempt 1 of 6
[2024-06-21T07:48:03.446+0000] {taskinstance.py:2330} INFO - Executing <Task(PythonOperator): skip_run> on 2024-06-21 07:47:00+00:00
[2024-06-21T07:48:03.455+0000] {warnings.py:110} WARNING - /home/***/.local/lib/python3.12/site-packages/***/task/task_runner/standard_task_runner.py:61: DeprecationWarning: This process (pid=3322) is multi-threaded, use of fork() may lead to deadlocks in the child.
  pid = os.fork()

[2024-06-21T07:48:03.456+0000] {standard_task_runner.py:63} INFO - Started process 3323 to run task
[2024-06-21T07:48:03.457+0000] {standard_task_runner.py:90} INFO - Running: ['***', 'tasks', 'run', 'demo_dag_for_alerting_apis_final', 'skip_run', 'scheduled__2024-06-21T07:47:00+00:00', '--job-id', '3053', '--raw', '--subdir', 'DAGS_FOLDER/demo_dag_for_alerting_apis.py', '--cfg-path', '/tmp/tmpo30y9sbf']
[2024-06-21T07:48:03.458+0000] {standard_task_runner.py:91} INFO - Job 3053: Subtask skip_run
[2024-06-21T07:48:03.522+0000] {task_command.py:426} INFO - Running <TaskInstance: demo_dag_for_alerting_apis_final.skip_run scheduled__2024-06-21T07:47:00+00:00 [running]> on host e66744caf823
[2024-06-21T07:48:03.642+0000] {taskinstance.py:2648} INFO - Exporting env vars: AIRFLOW_CTX_DAG_OWNER='***' AIRFLOW_CTX_DAG_ID='demo_dag_for_alerting_apis_final' AIRFLOW_CTX_TASK_ID='skip_run' AIRFLOW_CTX_EXECUTION_DATE='2024-06-21T07:47:00+00:00' AIRFLOW_CTX_TRY_NUMBER='1' AIRFLOW_CTX_DAG_RUN_ID='scheduled__2024-06-21T07:47:00+00:00'
[2024-06-21T07:48:03.643+0000] {taskinstance.py:430} INFO - ::endgroup::
[2024-06-21T07:48:04.030+0000] {helper_functions.py:136} INFO - ['scheduled__2024-06-21T07:46:00+00:00', 'scheduled__2024-06-21T07:45:00+00:00']
[2024-06-21T07:48:04.531+0000] {helper_functions.py:146} INFO - ['success', 'success']
[2024-06-21T07:48:04.531+0000] {python.py:237} INFO - Done. Returned value was: None
[2024-06-21T07:48:04.532+0000] {taskinstance.py:441} INFO - ::group::Post task execution logs
[2024-06-21T07:48:04.542+0000] {taskinstance.py:1206} INFO - Marking task as SUCCESS. dag_id=demo_dag_for_alerting_apis_final, task_id=skip_run, run_id=scheduled__2024-06-21T07:47:00+00:00, execution_date=20240621T074700, start_date=20240621T074803, end_date=20240621T074804
[2024-06-21T07:48:04.561+0000] {local_task_job_runner.py:240} INFO - Task exited with return code 0
[2024-06-21T07:48:04.577+0000] {taskinstance.py:3498} INFO - 0 downstream tasks scheduled from follow-on schedule check
[2024-06-21T07:48:04.578+0000] {local_task_job_runner.py:222} INFO - ::endgroup::
