[2024-06-19T09:42:52.843+0000] {local_task_job_runner.py:120} INFO - ::group::Pre task execution logs
[2024-06-19T09:42:52.892+0000] {taskinstance.py:2076} INFO - Dependencies all met for dep_context=non-requeueable deps ti=<TaskInstance: demo_dag_for_alerting_apis_final_1.check_previous_run_status manual__2024-06-19T09:42:50.294885+00:00 [queued]>
[2024-06-19T09:42:52.909+0000] {taskinstance.py:2076} INFO - Dependencies all met for dep_context=requeueable deps ti=<TaskInstance: demo_dag_for_alerting_apis_final_1.check_previous_run_status manual__2024-06-19T09:42:50.294885+00:00 [queued]>
[2024-06-19T09:42:52.910+0000] {taskinstance.py:2306} INFO - Starting attempt 1 of 6
[2024-06-19T09:42:52.932+0000] {taskinstance.py:2330} INFO - Executing <Task(BranchPythonOperator): check_previous_run_status> on 2024-06-19 09:42:50.294885+00:00
[2024-06-19T09:42:52.938+0000] {warnings.py:110} WARNING - /home/***/.local/lib/python3.12/site-packages/***/task/task_runner/standard_task_runner.py:61: DeprecationWarning: This process (pid=3583) is multi-threaded, use of fork() may lead to deadlocks in the child.
  pid = os.fork()

[2024-06-19T09:42:52.939+0000] {standard_task_runner.py:63} INFO - Started process 3584 to run task
[2024-06-19T09:42:52.940+0000] {standard_task_runner.py:90} INFO - Running: ['***', 'tasks', 'run', 'demo_dag_for_alerting_apis_final_1', 'check_previous_run_status', 'manual__2024-06-19T09:42:50.294885+00:00', '--job-id', '1301', '--raw', '--subdir', 'DAGS_FOLDER/demo_dag_for_alerting_apis.py', '--cfg-path', '/tmp/tmpvd2wypiz']
[2024-06-19T09:42:52.942+0000] {standard_task_runner.py:91} INFO - Job 1301: Subtask check_previous_run_status
[2024-06-19T09:42:52.994+0000] {task_command.py:426} INFO - Running <TaskInstance: demo_dag_for_alerting_apis_final_1.check_previous_run_status manual__2024-06-19T09:42:50.294885+00:00 [running]> on host 9e4d135130fa
[2024-06-19T09:42:53.101+0000] {taskinstance.py:2648} INFO - Exporting env vars: AIRFLOW_CTX_DAG_OWNER='***' AIRFLOW_CTX_DAG_ID='demo_dag_for_alerting_apis_final_1' AIRFLOW_CTX_TASK_ID='check_previous_run_status' AIRFLOW_CTX_EXECUTION_DATE='2024-06-19T09:42:50.294885+00:00' AIRFLOW_CTX_TRY_NUMBER='1' AIRFLOW_CTX_DAG_RUN_ID='manual__2024-06-19T09:42:50.294885+00:00'
[2024-06-19T09:42:53.102+0000] {taskinstance.py:430} INFO - ::endgroup::
[2024-06-19T09:42:53.116+0000] {baseoperator.py:399} WARNING - BranchPythonOperator.execute cannot be called outside TaskInstance!
[2024-06-19T09:42:53.117+0000] {python.py:237} INFO - Done. Returned value was: start_run
[2024-06-19T09:42:53.117+0000] {branch.py:36} INFO - Branch into start_run
[2024-06-19T09:42:53.117+0000] {skipmixin.py:178} INFO - Following branch start_run
[2024-06-19T09:42:53.132+0000] {skipmixin.py:246} INFO - Skipping tasks [('skip_run', -1)]
[2024-06-19T09:42:53.154+0000] {taskinstance.py:441} INFO - ::group::Post task execution logs
[2024-06-19T09:42:53.174+0000] {taskinstance.py:1206} INFO - Marking task as SUCCESS. dag_id=demo_dag_for_alerting_apis_final_1, task_id=check_previous_run_status, run_id=manual__2024-06-19T09:42:50.294885+00:00, execution_date=20240619T094250, start_date=20240619T094252, end_date=20240619T094253
[2024-06-19T09:42:53.194+0000] {local_task_job_runner.py:240} INFO - Task exited with return code 0
[2024-06-19T09:42:53.228+0000] {taskinstance.py:3498} INFO - 0 downstream tasks scheduled from follow-on schedule check
[2024-06-19T09:42:53.229+0000] {local_task_job_runner.py:222} INFO - ::endgroup::
