[2024-06-12T05:16:35.713+0000] {local_task_job_runner.py:120} INFO - ::group::Pre task execution logs
[2024-06-12T05:16:35.748+0000] {taskinstance.py:2076} INFO - Dependencies all met for dep_context=non-requeueable deps ti=<TaskInstance: process_json_to_postgres.process_json manual__2024-06-12T05:16:33.941081+00:00 [queued]>
[2024-06-12T05:16:35.758+0000] {taskinstance.py:2076} INFO - Dependencies all met for dep_context=requeueable deps ti=<TaskInstance: process_json_to_postgres.process_json manual__2024-06-12T05:16:33.941081+00:00 [queued]>
[2024-06-12T05:16:35.758+0000] {taskinstance.py:2306} INFO - Starting attempt 1 of 6
[2024-06-12T05:16:35.776+0000] {taskinstance.py:2330} INFO - Executing <Task(PythonOperator): process_json> on 2024-06-12 05:16:33.941081+00:00
[2024-06-12T05:16:35.784+0000] {warnings.py:110} WARNING - /home/***/.local/lib/python3.12/site-packages/***/task/task_runner/standard_task_runner.py:61: DeprecationWarning: This process (pid=282) is multi-threaded, use of fork() may lead to deadlocks in the child.
  pid = os.fork()

[2024-06-12T05:16:35.785+0000] {standard_task_runner.py:63} INFO - Started process 283 to run task
[2024-06-12T05:16:35.786+0000] {standard_task_runner.py:90} INFO - Running: ['***', 'tasks', 'run', 'process_json_to_postgres', 'process_json', 'manual__2024-06-12T05:16:33.941081+00:00', '--job-id', '98', '--raw', '--subdir', 'DAGS_FOLDER/process_json_to_postgres.py', '--cfg-path', '/tmp/tmp0znia66v']
[2024-06-12T05:16:35.787+0000] {standard_task_runner.py:91} INFO - Job 98: Subtask process_json
[2024-06-12T05:16:35.839+0000] {task_command.py:426} INFO - Running <TaskInstance: process_json_to_postgres.process_json manual__2024-06-12T05:16:33.941081+00:00 [running]> on host 7bea3768514b
[2024-06-12T05:16:36.002+0000] {taskinstance.py:2648} INFO - Exporting env vars: AIRFLOW_CTX_DAG_OWNER='***' AIRFLOW_CTX_DAG_ID='process_json_to_postgres' AIRFLOW_CTX_TASK_ID='process_json' AIRFLOW_CTX_EXECUTION_DATE='2024-06-12T05:16:33.941081+00:00' AIRFLOW_CTX_TRY_NUMBER='1' AIRFLOW_CTX_DAG_RUN_ID='manual__2024-06-12T05:16:33.941081+00:00'
[2024-06-12T05:16:36.003+0000] {taskinstance.py:430} INFO - ::endgroup::
[2024-06-12T05:16:36.063+0000] {taskinstance.py:441} INFO - ::group::Post task execution logs
[2024-06-12T05:16:36.064+0000] {taskinstance.py:2905} ERROR - Task failed with exception
Traceback (most recent call last):
  File "/home/airflow/.local/lib/python3.12/site-packages/airflow/models/taskinstance.py", line 465, in _execute_task
    result = _execute_callable(context=context, **execute_callable_kwargs)
             ^^^^^^^^^^^^^^^^^^^^^^^^^^^^^^^^^^^^^^^^^^^^^^^^^^^^^^^^^^^^^
  File "/home/airflow/.local/lib/python3.12/site-packages/airflow/models/taskinstance.py", line 432, in _execute_callable
    return execute_callable(context=context, **execute_callable_kwargs)
           ^^^^^^^^^^^^^^^^^^^^^^^^^^^^^^^^^^^^^^^^^^^^^^^^^^^^^^^^^^^^
  File "/home/airflow/.local/lib/python3.12/site-packages/airflow/models/baseoperator.py", line 400, in wrapper
    return func(self, *args, **kwargs)
           ^^^^^^^^^^^^^^^^^^^^^^^^^^^
  File "/home/airflow/.local/lib/python3.12/site-packages/airflow/operators/python.py", line 235, in execute
    return_value = self.execute_callable()
                   ^^^^^^^^^^^^^^^^^^^^^^^
  File "/home/airflow/.local/lib/python3.12/site-packages/airflow/operators/python.py", line 252, in execute_callable
    return self.python_callable(*self.op_args, **self.op_kwargs)
           ^^^^^^^^^^^^^^^^^^^^^^^^^^^^^^^^^^^^^^^^^^^^^^^^^^^^^
  File "/opt/airflow/dags/process_json_to_postgres.py", line 34, in process_and_insert_json
    data = json.loads(json_data)
           ^^^^^^^^^^^^^^^^^^^^^
  File "/usr/local/lib/python3.12/json/__init__.py", line 346, in loads
    return _default_decoder.decode(s)
           ^^^^^^^^^^^^^^^^^^^^^^^^^^
  File "/usr/local/lib/python3.12/json/decoder.py", line 337, in decode
    obj, end = self.raw_decode(s, idx=_w(s, 0).end())
               ^^^^^^^^^^^^^^^^^^^^^^^^^^^^^^^^^^^^^^
  File "/usr/local/lib/python3.12/json/decoder.py", line 353, in raw_decode
    obj, end = self.scan_once(s, idx)
               ^^^^^^^^^^^^^^^^^^^^^^
json.decoder.JSONDecodeError: Expecting ',' delimiter: line 5 column 54 (char 212)
[2024-06-12T05:16:36.075+0000] {taskinstance.py:1206} INFO - Marking task as UP_FOR_RETRY. dag_id=process_json_to_postgres, task_id=process_json, run_id=manual__2024-06-12T05:16:33.941081+00:00, execution_date=20240612T051633, start_date=20240612T051635, end_date=20240612T051636
[2024-06-12T05:16:36.094+0000] {standard_task_runner.py:110} ERROR - Failed to execute job 98 for task process_json (Expecting ',' delimiter: line 5 column 54 (char 212); 283)
[2024-06-12T05:16:36.120+0000] {local_task_job_runner.py:240} INFO - Task exited with return code 1
[2024-06-12T05:16:36.142+0000] {taskinstance.py:3498} INFO - 0 downstream tasks scheduled from follow-on schedule check
[2024-06-12T05:16:36.144+0000] {local_task_job_runner.py:222} INFO - ::endgroup::
