[2024-06-19T06:36:02.890+0000] {local_task_job_runner.py:120} INFO - ::group::Pre task execution logs
[2024-06-19T06:36:02.923+0000] {taskinstance.py:2076} INFO - Dependencies all met for dep_context=non-requeueable deps ti=<TaskInstance: demo_dag_for_alerting_apis_final.skip_run scheduled__2024-06-19T06:35:00+00:00 [queued]>
[2024-06-19T06:36:02.935+0000] {taskinstance.py:2076} INFO - Dependencies all met for dep_context=requeueable deps ti=<TaskInstance: demo_dag_for_alerting_apis_final.skip_run scheduled__2024-06-19T06:35:00+00:00 [queued]>
[2024-06-19T06:36:02.936+0000] {taskinstance.py:2306} INFO - Starting attempt 1 of 6
[2024-06-19T06:36:02.949+0000] {taskinstance.py:2330} INFO - Executing <Task(PythonOperator): skip_run> on 2024-06-19 06:35:00+00:00
[2024-06-19T06:36:02.954+0000] {warnings.py:110} WARNING - /home/***/.local/lib/python3.12/site-packages/***/task/task_runner/standard_task_runner.py:61: DeprecationWarning: This process (pid=2465) is multi-threaded, use of fork() may lead to deadlocks in the child.
  pid = os.fork()

[2024-06-19T06:36:02.955+0000] {standard_task_runner.py:63} INFO - Started process 2466 to run task
[2024-06-19T06:36:02.955+0000] {standard_task_runner.py:90} INFO - Running: ['***', 'tasks', 'run', 'demo_dag_for_alerting_apis_final', 'skip_run', 'scheduled__2024-06-19T06:35:00+00:00', '--job-id', '1212', '--raw', '--subdir', 'DAGS_FOLDER/demo_dag_for_alerting_apis.py', '--cfg-path', '/tmp/tmp9n9kbzyj']
[2024-06-19T06:36:02.956+0000] {standard_task_runner.py:91} INFO - Job 1212: Subtask skip_run
[2024-06-19T06:36:02.999+0000] {task_command.py:426} INFO - Running <TaskInstance: demo_dag_for_alerting_apis_final.skip_run scheduled__2024-06-19T06:35:00+00:00 [running]> on host 9e4d135130fa
[2024-06-19T06:36:03.093+0000] {taskinstance.py:2648} INFO - Exporting env vars: AIRFLOW_CTX_DAG_OWNER='***' AIRFLOW_CTX_DAG_ID='demo_dag_for_alerting_apis_final' AIRFLOW_CTX_TASK_ID='skip_run' AIRFLOW_CTX_EXECUTION_DATE='2024-06-19T06:35:00+00:00' AIRFLOW_CTX_TRY_NUMBER='1' AIRFLOW_CTX_DAG_RUN_ID='scheduled__2024-06-19T06:35:00+00:00'
[2024-06-19T06:36:03.095+0000] {taskinstance.py:430} INFO - ::endgroup::
[2024-06-19T06:36:03.324+0000] {logging_mixin.py:188} INFO - ['scheduled__2024-06-19T06:35:00+00:00', 'scheduled__2024-06-19T06:34:00+00:00', 'scheduled__2024-06-19T06:33:00+00:00']
[2024-06-19T06:36:03.944+0000] {logging_mixin.py:188} INFO - ['running', 'success', 'success']
[2024-06-19T06:36:03.945+0000] {python.py:237} INFO - Done. Returned value was: None
[2024-06-19T06:36:03.945+0000] {taskinstance.py:441} INFO - ::group::Post task execution logs
[2024-06-19T06:36:03.954+0000] {taskinstance.py:1206} INFO - Marking task as SUCCESS. dag_id=demo_dag_for_alerting_apis_final, task_id=skip_run, run_id=scheduled__2024-06-19T06:35:00+00:00, execution_date=20240619T063500, start_date=20240619T063602, end_date=20240619T063603
[2024-06-19T06:36:03.971+0000] {local_task_job_runner.py:240} INFO - Task exited with return code 0
[2024-06-19T06:36:03.987+0000] {taskinstance.py:3498} INFO - 0 downstream tasks scheduled from follow-on schedule check
[2024-06-19T06:36:03.989+0000] {local_task_job_runner.py:222} INFO - ::endgroup::
