[2024-06-21T08:24:03.600+0000] {local_task_job_runner.py:120} INFO - ::group::Pre task execution logs
[2024-06-21T08:24:03.624+0000] {taskinstance.py:2076} INFO - Dependencies all met for dep_context=non-requeueable deps ti=<TaskInstance: demo_dag_for_alerting_apis_final.skip_run scheduled__2024-06-21T08:23:00+00:00 [queued]>
[2024-06-21T08:24:03.635+0000] {taskinstance.py:2076} INFO - Dependencies all met for dep_context=requeueable deps ti=<TaskInstance: demo_dag_for_alerting_apis_final.skip_run scheduled__2024-06-21T08:23:00+00:00 [queued]>
[2024-06-21T08:24:03.635+0000] {taskinstance.py:2306} INFO - Starting attempt 1 of 6
[2024-06-21T08:24:03.647+0000] {taskinstance.py:2330} INFO - Executing <Task(PythonOperator): skip_run> on 2024-06-21 08:23:00+00:00
[2024-06-21T08:24:03.652+0000] {warnings.py:110} WARNING - /home/***/.local/lib/python3.12/site-packages/***/task/task_runner/standard_task_runner.py:61: DeprecationWarning: This process (pid=4082) is multi-threaded, use of fork() may lead to deadlocks in the child.
  pid = os.fork()

[2024-06-21T08:24:03.653+0000] {standard_task_runner.py:63} INFO - Started process 4083 to run task
[2024-06-21T08:24:03.654+0000] {standard_task_runner.py:90} INFO - Running: ['***', 'tasks', 'run', 'demo_dag_for_alerting_apis_final', 'skip_run', 'scheduled__2024-06-21T08:23:00+00:00', '--job-id', '3205', '--raw', '--subdir', 'DAGS_FOLDER/demo_dag_for_alerting_apis.py', '--cfg-path', '/tmp/tmplphr8zhu']
[2024-06-21T08:24:03.655+0000] {standard_task_runner.py:91} INFO - Job 3205: Subtask skip_run
[2024-06-21T08:24:03.695+0000] {task_command.py:426} INFO - Running <TaskInstance: demo_dag_for_alerting_apis_final.skip_run scheduled__2024-06-21T08:23:00+00:00 [running]> on host e66744caf823
[2024-06-21T08:24:03.784+0000] {taskinstance.py:2648} INFO - Exporting env vars: AIRFLOW_CTX_DAG_OWNER='***' AIRFLOW_CTX_DAG_ID='demo_dag_for_alerting_apis_final' AIRFLOW_CTX_TASK_ID='skip_run' AIRFLOW_CTX_EXECUTION_DATE='2024-06-21T08:23:00+00:00' AIRFLOW_CTX_TRY_NUMBER='1' AIRFLOW_CTX_DAG_RUN_ID='scheduled__2024-06-21T08:23:00+00:00'
[2024-06-21T08:24:03.785+0000] {taskinstance.py:430} INFO - ::endgroup::
[2024-06-21T08:24:03.995+0000] {helper_functions.py:136} INFO - ['scheduled__2024-06-21T08:22:00+00:00', 'scheduled__2024-06-21T08:21:00+00:00']
[2024-06-21T08:24:04.352+0000] {helper_functions.py:146} INFO - ['success', 'success']
[2024-06-21T08:24:04.353+0000] {python.py:237} INFO - Done. Returned value was: None
[2024-06-21T08:24:04.353+0000] {taskinstance.py:441} INFO - ::group::Post task execution logs
[2024-06-21T08:24:04.360+0000] {taskinstance.py:1206} INFO - Marking task as SUCCESS. dag_id=demo_dag_for_alerting_apis_final, task_id=skip_run, run_id=scheduled__2024-06-21T08:23:00+00:00, execution_date=20240621T082300, start_date=20240621T082403, end_date=20240621T082404
[2024-06-21T08:24:04.388+0000] {local_task_job_runner.py:240} INFO - Task exited with return code 0
[2024-06-21T08:24:04.397+0000] {local_task_job_runner.py:222} INFO - ::endgroup::
