[2024-06-19T11:20:10.821+0000] {local_task_job_runner.py:120} INFO - ::group::Pre task execution logs
[2024-06-19T11:20:10.953+0000] {taskinstance.py:2076} INFO - Dependencies all met for dep_context=non-requeueable deps ti=<TaskInstance: demo_dag_for_alerting_final_1.refresh_external_table scheduled__2024-06-19T11:19:00+00:00 [queued]>
[2024-06-19T11:20:10.993+0000] {taskinstance.py:2076} INFO - Dependencies all met for dep_context=requeueable deps ti=<TaskInstance: demo_dag_for_alerting_final_1.refresh_external_table scheduled__2024-06-19T11:19:00+00:00 [queued]>
[2024-06-19T11:20:10.994+0000] {taskinstance.py:2306} INFO - Starting attempt 1 of 6
[2024-06-19T11:20:11.076+0000] {taskinstance.py:2330} INFO - Executing <Task(PythonOperator): refresh_external_table> on 2024-06-19 11:19:00+00:00
[2024-06-19T11:20:11.100+0000] {warnings.py:110} WARNING - /home/***/.local/lib/python3.12/site-packages/***/task/task_runner/standard_task_runner.py:61: DeprecationWarning: This process (pid=5250) is multi-threaded, use of fork() may lead to deadlocks in the child.
  pid = os.fork()

[2024-06-19T11:20:11.104+0000] {standard_task_runner.py:63} INFO - Started process 5252 to run task
[2024-06-19T11:20:11.107+0000] {standard_task_runner.py:90} INFO - Running: ['***', 'tasks', 'run', 'demo_dag_for_alerting_final_1', 'refresh_external_table', 'scheduled__2024-06-19T11:19:00+00:00', '--job-id', '1557', '--raw', '--subdir', 'DAGS_FOLDER/demo_dag_for_alerting.py', '--cfg-path', '/tmp/tmpec91y424']
[2024-06-19T11:20:11.112+0000] {standard_task_runner.py:91} INFO - Job 1557: Subtask refresh_external_table
[2024-06-19T11:20:11.275+0000] {task_command.py:426} INFO - Running <TaskInstance: demo_dag_for_alerting_final_1.refresh_external_table scheduled__2024-06-19T11:19:00+00:00 [running]> on host 9e4d135130fa
[2024-06-19T11:20:11.647+0000] {taskinstance.py:2648} INFO - Exporting env vars: AIRFLOW_CTX_DAG_OWNER='***' AIRFLOW_CTX_DAG_ID='demo_dag_for_alerting_final_1' AIRFLOW_CTX_TASK_ID='refresh_external_table' AIRFLOW_CTX_EXECUTION_DATE='2024-06-19T11:19:00+00:00' AIRFLOW_CTX_TRY_NUMBER='1' AIRFLOW_CTX_DAG_RUN_ID='scheduled__2024-06-19T11:19:00+00:00'
[2024-06-19T11:20:11.650+0000] {taskinstance.py:430} INFO - ::endgroup::
[2024-06-19T11:20:11.716+0000] {logging_mixin.py:188} INFO - refresh_crm_campaign_run_external_table
[2024-06-19T11:20:11.717+0000] {python.py:237} INFO - Done. Returned value was: None
[2024-06-19T11:20:11.720+0000] {taskinstance.py:441} INFO - ::group::Post task execution logs
[2024-06-19T11:20:11.754+0000] {taskinstance.py:1206} INFO - Marking task as SUCCESS. dag_id=demo_dag_for_alerting_final_1, task_id=refresh_external_table, run_id=scheduled__2024-06-19T11:19:00+00:00, execution_date=20240619T111900, start_date=20240619T112010, end_date=20240619T112011
[2024-06-19T11:20:11.846+0000] {local_task_job_runner.py:240} INFO - Task exited with return code 0
[2024-06-19T11:20:11.959+0000] {taskinstance.py:3498} INFO - 1 downstream tasks scheduled from follow-on schedule check
[2024-06-19T11:20:11.965+0000] {local_task_job_runner.py:222} INFO - ::endgroup::
