[2024-06-12T06:18:00.310+0000] {local_task_job_runner.py:120} INFO - ::group::Pre task execution logs
[2024-06-12T06:18:00.341+0000] {taskinstance.py:2076} INFO - Dependencies all met for dep_context=non-requeueable deps ti=<TaskInstance: manual_json_to_postgres1.process_json manual__2024-06-12T06:17:59.231413+00:00 [queued]>
[2024-06-12T06:18:00.354+0000] {taskinstance.py:2076} INFO - Dependencies all met for dep_context=requeueable deps ti=<TaskInstance: manual_json_to_postgres1.process_json manual__2024-06-12T06:17:59.231413+00:00 [queued]>
[2024-06-12T06:18:00.355+0000] {taskinstance.py:2306} INFO - Starting attempt 1 of 6
[2024-06-12T06:18:00.373+0000] {taskinstance.py:2330} INFO - Executing <Task(PythonOperator): process_json> on 2024-06-12 06:17:59.231413+00:00
[2024-06-12T06:18:00.380+0000] {warnings.py:110} WARNING - /home/***/.local/lib/python3.12/site-packages/***/task/task_runner/standard_task_runner.py:61: DeprecationWarning: This process (pid=1116) is multi-threaded, use of fork() may lead to deadlocks in the child.
  pid = os.fork()

[2024-06-12T06:18:00.382+0000] {standard_task_runner.py:63} INFO - Started process 1117 to run task
[2024-06-12T06:18:00.383+0000] {standard_task_runner.py:90} INFO - Running: ['***', 'tasks', 'run', 'manual_json_to_postgres1', 'process_json', 'manual__2024-06-12T06:17:59.231413+00:00', '--job-id', '123', '--raw', '--subdir', 'DAGS_FOLDER/manual_json_to_postgres.py', '--cfg-path', '/tmp/tmpudcvifeb']
[2024-06-12T06:18:00.384+0000] {standard_task_runner.py:91} INFO - Job 123: Subtask process_json
[2024-06-12T06:18:00.436+0000] {task_command.py:426} INFO - Running <TaskInstance: manual_json_to_postgres1.process_json manual__2024-06-12T06:17:59.231413+00:00 [running]> on host 7bea3768514b
[2024-06-12T06:18:00.563+0000] {taskinstance.py:2648} INFO - Exporting env vars: AIRFLOW_CTX_DAG_OWNER='***' AIRFLOW_CTX_DAG_ID='manual_json_to_postgres1' AIRFLOW_CTX_TASK_ID='process_json' AIRFLOW_CTX_EXECUTION_DATE='2024-06-12T06:17:59.231413+00:00' AIRFLOW_CTX_TRY_NUMBER='1' AIRFLOW_CTX_DAG_RUN_ID='manual__2024-06-12T06:17:59.231413+00:00'
[2024-06-12T06:18:00.564+0000] {taskinstance.py:430} INFO - ::endgroup::
[2024-06-12T06:18:00.584+0000] {manual_json_to_postgres.py:60} INFO - Loaded JSON data: [{'name': 'John Doe', 'email': 'john@example.com', 'date': '2023-06-01'}, {'name': 'Jane Smith', 'email': 'jane@example.com', 'date': '2023-06-02'}, {'name': 'nikhil1', 'phoneNumber': '6234567890', 'date': '2022-05-11T10:08:00.026Z', 'email': 'N!k#!1$*@gmail.com'}, {'name': '', 'phoneNumber': '6234567890', 'date': '2022-05-11T10:08:00.026Z', 'email': 'N!k#!1$*@gmail.com'}, {'phoneNumber': '6234567890', 'date': '2022-05-11T10:08:00.026Z', 'email': 'N!k#!1$*@gmail.com'}, {'name': 'nikhil4', 'phoneNumber': '6234567890', 'date': '2022-05-11T10:08:00.026Z', 'email': 'sdfghgjhgf'}, {'name': 'nikhil5', 'phoneNumber': '6234567890', 'date': '2022-05-11T10:08:00.026Z'}, {'name': 'nikhil6', 'phoneNumber': '6234567890', 'date': '', 'email': 'N!k#!1$*@gmail.com'}, {'name': 'nikhil7', 'phoneNumber': '6234567890', 'email': 'N!k#!1$*@gmail.com'}]
[2024-06-12T06:18:00.585+0000] {manual_json_to_postgres.py:69} INFO - Filtered valid data: [{'name': 'John Doe', 'email': 'john@example.com', 'date': '2023-06-01'}, {'name': 'Jane Smith', 'email': 'jane@example.com', 'date': '2023-06-02'}]
[2024-06-12T06:18:00.585+0000] {manual_json_to_postgres.py:78} INFO - Inserting entry: {'name': 'John Doe', 'email': 'john@example.com', 'date': '2023-06-01'}
[2024-06-12T06:18:00.595+0000] {base.py:84} INFO - Using connection ID 'postgres_conn' for task execution.
[2024-06-12T06:18:00.601+0000] {sql.py:470} INFO - Running statement: 
            INSERT INTO valid_data (name, email, date) VALUES (%s, %s, %s)
            , parameters: ('John Doe', 'john@example.com', '2023-06-01')
[2024-06-12T06:18:00.603+0000] {sql.py:479} INFO - Rows affected: 1
[2024-06-12T06:18:00.604+0000] {manual_json_to_postgres.py:78} INFO - Inserting entry: {'name': 'Jane Smith', 'email': 'jane@example.com', 'date': '2023-06-02'}
[2024-06-12T06:18:00.611+0000] {base.py:84} INFO - Using connection ID 'postgres_conn' for task execution.
[2024-06-12T06:18:00.617+0000] {sql.py:470} INFO - Running statement: 
            INSERT INTO valid_data (name, email, date) VALUES (%s, %s, %s)
            , parameters: ('Jane Smith', 'jane@example.com', '2023-06-02')
[2024-06-12T06:18:00.618+0000] {sql.py:479} INFO - Rows affected: 1
[2024-06-12T06:18:00.619+0000] {manual_json_to_postgres.py:80} INFO - Data insertion completed successfully.
[2024-06-12T06:18:00.620+0000] {python.py:237} INFO - Done. Returned value was: None
[2024-06-12T06:18:00.621+0000] {taskinstance.py:441} INFO - ::group::Post task execution logs
[2024-06-12T06:18:00.634+0000] {taskinstance.py:1206} INFO - Marking task as SUCCESS. dag_id=manual_json_to_postgres1, task_id=process_json, run_id=manual__2024-06-12T06:17:59.231413+00:00, execution_date=20240612T061759, start_date=20240612T061800, end_date=20240612T061800
[2024-06-12T06:18:00.677+0000] {local_task_job_runner.py:240} INFO - Task exited with return code 0
[2024-06-12T06:18:00.725+0000] {taskinstance.py:3498} INFO - 0 downstream tasks scheduled from follow-on schedule check
[2024-06-12T06:18:00.727+0000] {local_task_job_runner.py:222} INFO - ::endgroup::
