[2024-06-19T09:18:01.718+0000] {local_task_job_runner.py:120} INFO - ::group::Pre task execution logs
[2024-06-19T09:18:01.755+0000] {taskinstance.py:2076} INFO - Dependencies all met for dep_context=non-requeueable deps ti=<TaskInstance: demo_dag_for_alerting_final_1.check_previous_run_status manual__2024-06-19T09:18:00.500535+00:00 [queued]>
[2024-06-19T09:18:01.770+0000] {taskinstance.py:2076} INFO - Dependencies all met for dep_context=requeueable deps ti=<TaskInstance: demo_dag_for_alerting_final_1.check_previous_run_status manual__2024-06-19T09:18:00.500535+00:00 [queued]>
[2024-06-19T09:18:01.770+0000] {taskinstance.py:2306} INFO - Starting attempt 1 of 6
[2024-06-19T09:18:01.797+0000] {taskinstance.py:2330} INFO - Executing <Task(BranchPythonOperator): check_previous_run_status> on 2024-06-19 09:18:00.500535+00:00
[2024-06-19T09:18:01.810+0000] {warnings.py:110} WARNING - /home/***/.local/lib/python3.12/site-packages/***/task/task_runner/standard_task_runner.py:61: DeprecationWarning: This process (pid=3129) is multi-threaded, use of fork() may lead to deadlocks in the child.
  pid = os.fork()

[2024-06-19T09:18:01.811+0000] {standard_task_runner.py:63} INFO - Started process 3131 to run task
[2024-06-19T09:18:01.815+0000] {standard_task_runner.py:90} INFO - Running: ['***', 'tasks', 'run', 'demo_dag_for_alerting_final_1', 'check_previous_run_status', 'manual__2024-06-19T09:18:00.500535+00:00', '--job-id', '1235', '--raw', '--subdir', 'DAGS_FOLDER/demo_dag_for_alerting.py', '--cfg-path', '/tmp/tmp5gnc8t7k']
[2024-06-19T09:18:01.817+0000] {standard_task_runner.py:91} INFO - Job 1235: Subtask check_previous_run_status
[2024-06-19T09:18:01.880+0000] {task_command.py:426} INFO - Running <TaskInstance: demo_dag_for_alerting_final_1.check_previous_run_status manual__2024-06-19T09:18:00.500535+00:00 [running]> on host 9e4d135130fa
[2024-06-19T09:18:02.001+0000] {taskinstance.py:2648} INFO - Exporting env vars: AIRFLOW_CTX_DAG_OWNER='***' AIRFLOW_CTX_DAG_ID='demo_dag_for_alerting_final_1' AIRFLOW_CTX_TASK_ID='check_previous_run_status' AIRFLOW_CTX_EXECUTION_DATE='2024-06-19T09:18:00.500535+00:00' AIRFLOW_CTX_TRY_NUMBER='1' AIRFLOW_CTX_DAG_RUN_ID='manual__2024-06-19T09:18:00.500535+00:00'
[2024-06-19T09:18:02.002+0000] {taskinstance.py:430} INFO - ::endgroup::
[2024-06-19T09:18:02.024+0000] {baseoperator.py:399} WARNING - BranchPythonOperator.execute cannot be called outside TaskInstance!
[2024-06-19T09:18:02.032+0000] {python.py:237} INFO - Done. Returned value was: refresh_external_table
[2024-06-19T09:18:02.032+0000] {branch.py:36} INFO - Branch into refresh_external_table
[2024-06-19T09:18:02.033+0000] {skipmixin.py:178} INFO - Following branch refresh_external_table
[2024-06-19T09:18:02.052+0000] {skipmixin.py:246} INFO - Skipping tasks [('skip_run', -1), ('start_run', -1)]
[2024-06-19T09:18:02.084+0000] {taskinstance.py:441} INFO - ::group::Post task execution logs
[2024-06-19T09:18:02.110+0000] {taskinstance.py:1206} INFO - Marking task as SUCCESS. dag_id=demo_dag_for_alerting_final_1, task_id=check_previous_run_status, run_id=manual__2024-06-19T09:18:00.500535+00:00, execution_date=20240619T091800, start_date=20240619T091801, end_date=20240619T091802
[2024-06-19T09:18:02.152+0000] {local_task_job_runner.py:240} INFO - Task exited with return code 0
[2024-06-19T09:18:02.183+0000] {taskinstance.py:3498} INFO - 0 downstream tasks scheduled from follow-on schedule check
[2024-06-19T09:18:02.188+0000] {local_task_job_runner.py:222} INFO - ::endgroup::
