[2024-06-13T05:50:00.477+0000] {local_task_job_runner.py:120} INFO - ::group::Pre task execution logs
[2024-06-13T05:50:00.502+0000] {taskinstance.py:2076} INFO - Dependencies all met for dep_context=non-requeueable deps ti=<TaskInstance: airflow_example.insert_json manual__2024-06-13T05:49:54.901566+00:00 [queued]>
[2024-06-13T05:50:00.511+0000] {taskinstance.py:2076} INFO - Dependencies all met for dep_context=requeueable deps ti=<TaskInstance: airflow_example.insert_json manual__2024-06-13T05:49:54.901566+00:00 [queued]>
[2024-06-13T05:50:00.512+0000] {taskinstance.py:2306} INFO - Starting attempt 1 of 6
[2024-06-13T05:50:00.529+0000] {taskinstance.py:2330} INFO - Executing <Task(PythonOperator): insert_json> on 2024-06-13 05:49:54.901566+00:00
[2024-06-13T05:50:00.534+0000] {warnings.py:110} WARNING - /home/***/.local/lib/python3.12/site-packages/***/task/task_runner/standard_task_runner.py:61: DeprecationWarning: This process (pid=90) is multi-threaded, use of fork() may lead to deadlocks in the child.
  pid = os.fork()

[2024-06-13T05:50:00.535+0000] {standard_task_runner.py:63} INFO - Started process 91 to run task
[2024-06-13T05:50:00.535+0000] {standard_task_runner.py:90} INFO - Running: ['***', 'tasks', 'run', '***_example', 'insert_json', 'manual__2024-06-13T05:49:54.901566+00:00', '--job-id', '175', '--raw', '--subdir', 'DAGS_FOLDER/file_jsons_to_postgres.py', '--cfg-path', '/tmp/tmpg06zcmev']
[2024-06-13T05:50:00.536+0000] {standard_task_runner.py:91} INFO - Job 175: Subtask insert_json
[2024-06-13T05:50:00.574+0000] {task_command.py:426} INFO - Running <TaskInstance: airflow_example.insert_json manual__2024-06-13T05:49:54.901566+00:00 [running]> on host 8cc8d7c9eee4
[2024-06-13T05:50:00.656+0000] {taskinstance.py:2648} INFO - Exporting env vars: AIRFLOW_CTX_DAG_OWNER='***' AIRFLOW_CTX_DAG_ID='***_example' AIRFLOW_CTX_TASK_ID='insert_json' AIRFLOW_CTX_EXECUTION_DATE='2024-06-13T05:49:54.901566+00:00' AIRFLOW_CTX_TRY_NUMBER='1' AIRFLOW_CTX_DAG_RUN_ID='manual__2024-06-13T05:49:54.901566+00:00'
[2024-06-13T05:50:00.656+0000] {taskinstance.py:430} INFO - ::endgroup::
[2024-06-13T05:50:00.681+0000] {file_jsons_to_postgres.py:99} INFO - Inserting entry: {'name': 'Jane', 'email': 'aoe6@ummc.com', 'date': '2022-12-31'}
[2024-06-13T05:50:00.682+0000] {file_jsons_to_postgres.py:99} INFO - Inserting entry: {'name': 'John', 'email': 'fes0qqmbm@egkn.com', 'date': '2023-01-01'}
[2024-06-13T05:50:00.683+0000] {file_jsons_to_postgres.py:99} INFO - Inserting entry: {'name': 'Jake', 'email': 'kky2cw5@nkqm.com', 'date': '2024-06-12'}
[2024-06-13T05:50:00.684+0000] {file_jsons_to_postgres.py:99} INFO - Inserting entry: {'name': 'Jake', 'email': 'qdo9@krszenu.com', 'date': '2023-01-01'}
[2024-06-13T05:50:00.685+0000] {file_jsons_to_postgres.py:102} INFO - Data insertion completed successfully.
[2024-06-13T05:50:00.685+0000] {python.py:237} INFO - Done. Returned value was: None
[2024-06-13T05:50:00.685+0000] {taskinstance.py:441} INFO - ::group::Post task execution logs
[2024-06-13T05:50:00.695+0000] {taskinstance.py:1206} INFO - Marking task as SUCCESS. dag_id=***_example, task_id=insert_json, run_id=manual__2024-06-13T05:49:54.901566+00:00, execution_date=20240613T054954, start_date=20240613T055000, end_date=20240613T055000
[2024-06-13T05:50:00.748+0000] {local_task_job_runner.py:240} INFO - Task exited with return code 0
[2024-06-13T05:50:00.793+0000] {taskinstance.py:3498} INFO - 0 downstream tasks scheduled from follow-on schedule check
[2024-06-13T05:50:00.796+0000] {local_task_job_runner.py:222} INFO - ::endgroup::
