[2024-06-26T10:46:02.563+0000] {local_task_job_runner.py:120} INFO - ::group::Pre task execution logs
[2024-06-26T10:46:02.609+0000] {taskinstance.py:2076} INFO - Dependencies all met for dep_context=non-requeueable deps ti=<TaskInstance: demo_dag_for_alerting_final.skip_run scheduled__2024-06-26T10:45:00+00:00 [queued]>
[2024-06-26T10:46:02.621+0000] {taskinstance.py:2076} INFO - Dependencies all met for dep_context=requeueable deps ti=<TaskInstance: demo_dag_for_alerting_final.skip_run scheduled__2024-06-26T10:45:00+00:00 [queued]>
[2024-06-26T10:46:02.622+0000] {taskinstance.py:2306} INFO - Starting attempt 1 of 6
[2024-06-26T10:46:02.646+0000] {taskinstance.py:2330} INFO - Executing <Task(PythonOperator): skip_run> on 2024-06-26 10:45:00+00:00
[2024-06-26T10:46:02.654+0000] {warnings.py:110} WARNING - /home/***/.local/lib/python3.12/site-packages/***/task/task_runner/standard_task_runner.py:61: DeprecationWarning: This process (pid=6970) is multi-threaded, use of fork() may lead to deadlocks in the child.
  pid = os.fork()

[2024-06-26T10:46:02.656+0000] {standard_task_runner.py:63} INFO - Started process 6971 to run task
[2024-06-26T10:46:02.655+0000] {standard_task_runner.py:90} INFO - Running: ['***', 'tasks', 'run', 'demo_dag_for_alerting_final', 'skip_run', 'scheduled__2024-06-26T10:45:00+00:00', '--job-id', '4401', '--raw', '--subdir', 'DAGS_FOLDER/demo_dag_for_alerting.py', '--cfg-path', '/tmp/tmpu5i0n_al']
[2024-06-26T10:46:02.657+0000] {standard_task_runner.py:91} INFO - Job 4401: Subtask skip_run
[2024-06-26T10:46:02.704+0000] {task_command.py:426} INFO - Running <TaskInstance: demo_dag_for_alerting_final.skip_run scheduled__2024-06-26T10:45:00+00:00 [running]> on host ced2311e92d2
[2024-06-26T10:46:02.808+0000] {taskinstance.py:2648} INFO - Exporting env vars: AIRFLOW_CTX_DAG_OWNER='***' AIRFLOW_CTX_DAG_ID='demo_dag_for_alerting_final' AIRFLOW_CTX_TASK_ID='skip_run' AIRFLOW_CTX_EXECUTION_DATE='2024-06-26T10:45:00+00:00' AIRFLOW_CTX_TRY_NUMBER='1' AIRFLOW_CTX_DAG_RUN_ID='scheduled__2024-06-26T10:45:00+00:00'
[2024-06-26T10:46:02.809+0000] {taskinstance.py:430} INFO - ::endgroup::
[2024-06-26T10:46:02.824+0000] {helper_functions.py:158} INFO - The DAG demo_dag_for_alerting_final was skipped at 2024-06-26 10:46:02.824904

[2024-06-26T10:46:02.825+0000] {python.py:237} INFO - Done. Returned value was: None
[2024-06-26T10:46:02.825+0000] {taskinstance.py:441} INFO - ::group::Post task execution logs
[2024-06-26T10:46:02.835+0000] {taskinstance.py:1206} INFO - Marking task as SUCCESS. dag_id=demo_dag_for_alerting_final, task_id=skip_run, run_id=scheduled__2024-06-26T10:45:00+00:00, execution_date=20240626T104500, start_date=20240626T104602, end_date=20240626T104602
[2024-06-26T10:46:02.871+0000] {local_task_job_runner.py:240} INFO - Task exited with return code 0
[2024-06-26T10:46:02.889+0000] {taskinstance.py:3498} INFO - 0 downstream tasks scheduled from follow-on schedule check
[2024-06-26T10:46:02.891+0000] {local_task_job_runner.py:222} INFO - ::endgroup::
