[2024-06-19T03:55:53.745+0000] {local_task_job_runner.py:120} INFO - ::group::Pre task execution logs
[2024-06-19T03:55:53.773+0000] {taskinstance.py:2076} INFO - Dependencies all met for dep_context=non-requeueable deps ti=<TaskInstance: demo_dag_for_alerting_apis.check_previous_run_status manual__2024-06-19T03:55:52.024516+00:00 [queued]>
[2024-06-19T03:55:53.781+0000] {taskinstance.py:2076} INFO - Dependencies all met for dep_context=requeueable deps ti=<TaskInstance: demo_dag_for_alerting_apis.check_previous_run_status manual__2024-06-19T03:55:52.024516+00:00 [queued]>
[2024-06-19T03:55:53.782+0000] {taskinstance.py:2306} INFO - Starting attempt 1 of 6
[2024-06-19T03:55:53.797+0000] {taskinstance.py:2330} INFO - Executing <Task(BranchPythonOperator): check_previous_run_status> on 2024-06-19 03:55:52.024516+00:00
[2024-06-19T03:55:53.803+0000] {warnings.py:110} WARNING - /home/***/.local/lib/python3.12/site-packages/***/task/task_runner/standard_task_runner.py:61: DeprecationWarning: This process (pid=320) is multi-threaded, use of fork() may lead to deadlocks in the child.
  pid = os.fork()

[2024-06-19T03:55:53.804+0000] {standard_task_runner.py:63} INFO - Started process 321 to run task
[2024-06-19T03:55:53.804+0000] {standard_task_runner.py:90} INFO - Running: ['***', 'tasks', 'run', 'demo_dag_for_alerting_apis', 'check_previous_run_status', 'manual__2024-06-19T03:55:52.024516+00:00', '--job-id', '947', '--raw', '--subdir', 'DAGS_FOLDER/demo_dag_for_alerting_apis.py', '--cfg-path', '/tmp/tmp3_trv5lh']
[2024-06-19T03:55:53.806+0000] {standard_task_runner.py:91} INFO - Job 947: Subtask check_previous_run_status
[2024-06-19T03:55:53.852+0000] {task_command.py:426} INFO - Running <TaskInstance: demo_dag_for_alerting_apis.check_previous_run_status manual__2024-06-19T03:55:52.024516+00:00 [running]> on host 9e4d135130fa
[2024-06-19T03:55:53.946+0000] {taskinstance.py:2648} INFO - Exporting env vars: AIRFLOW_CTX_DAG_OWNER='***' AIRFLOW_CTX_DAG_ID='demo_dag_for_alerting_apis' AIRFLOW_CTX_TASK_ID='check_previous_run_status' AIRFLOW_CTX_EXECUTION_DATE='2024-06-19T03:55:52.024516+00:00' AIRFLOW_CTX_TRY_NUMBER='1' AIRFLOW_CTX_DAG_RUN_ID='manual__2024-06-19T03:55:52.024516+00:00'
[2024-06-19T03:55:53.947+0000] {taskinstance.py:430} INFO - ::endgroup::
[2024-06-19T03:55:53.960+0000] {baseoperator.py:399} WARNING - BranchPythonOperator.execute cannot be called outside TaskInstance!
[2024-06-19T03:55:53.961+0000] {python.py:237} INFO - Done. Returned value was: skip_run
[2024-06-19T03:55:53.961+0000] {branch.py:36} INFO - Branch into skip_run
[2024-06-19T03:55:53.961+0000] {skipmixin.py:178} INFO - Following branch skip_run
[2024-06-19T03:55:53.977+0000] {skipmixin.py:246} INFO - Skipping tasks [('refresh_external_table', -1)]
[2024-06-19T03:55:54.005+0000] {taskinstance.py:441} INFO - ::group::Post task execution logs
[2024-06-19T03:55:54.025+0000] {taskinstance.py:1206} INFO - Marking task as SUCCESS. dag_id=demo_dag_for_alerting_apis, task_id=check_previous_run_status, run_id=manual__2024-06-19T03:55:52.024516+00:00, execution_date=20240619T035552, start_date=20240619T035553, end_date=20240619T035554
[2024-06-19T03:55:54.058+0000] {local_task_job_runner.py:240} INFO - Task exited with return code 0
[2024-06-19T03:55:54.088+0000] {taskinstance.py:3498} INFO - 1 downstream tasks scheduled from follow-on schedule check
[2024-06-19T03:55:54.089+0000] {local_task_job_runner.py:222} INFO - ::endgroup::
