[2024-06-28T05:07:07.036+0000] {local_task_job_runner.py:120} INFO - ::group::Pre task execution logs
[2024-06-28T05:07:07.065+0000] {taskinstance.py:2076} INFO - Dependencies all met for dep_context=non-requeueable deps ti=<TaskInstance: demo_dag_for_alerting_final.insert_new_record_into_audit_table scheduled__2024-06-28T05:06:00+00:00 [queued]>
[2024-06-28T05:07:07.076+0000] {taskinstance.py:2076} INFO - Dependencies all met for dep_context=requeueable deps ti=<TaskInstance: demo_dag_for_alerting_final.insert_new_record_into_audit_table scheduled__2024-06-28T05:06:00+00:00 [queued]>
[2024-06-28T05:07:07.076+0000] {taskinstance.py:2306} INFO - Starting attempt 1 of 6
[2024-06-28T05:07:07.090+0000] {taskinstance.py:2330} INFO - Executing <Task(PythonOperator): insert_new_record_into_audit_table> on 2024-06-28 05:06:00+00:00
[2024-06-28T05:07:07.095+0000] {warnings.py:110} WARNING - /home/***/.local/lib/python3.12/site-packages/***/task/task_runner/standard_task_runner.py:61: DeprecationWarning: This process (pid=6104) is multi-threaded, use of fork() may lead to deadlocks in the child.
  pid = os.fork()

[2024-06-28T05:07:07.096+0000] {standard_task_runner.py:63} INFO - Started process 6105 to run task
[2024-06-28T05:07:07.097+0000] {standard_task_runner.py:90} INFO - Running: ['***', 'tasks', 'run', 'demo_dag_for_alerting_final', 'insert_new_record_into_audit_table', 'scheduled__2024-06-28T05:06:00+00:00', '--job-id', '4792', '--raw', '--subdir', 'DAGS_FOLDER/demo_dag_for_alerting.py', '--cfg-path', '/tmp/tmp3q9eib06']
[2024-06-28T05:07:07.098+0000] {standard_task_runner.py:91} INFO - Job 4792: Subtask insert_new_record_into_audit_table
[2024-06-28T05:07:07.141+0000] {task_command.py:426} INFO - Running <TaskInstance: demo_dag_for_alerting_final.insert_new_record_into_audit_table scheduled__2024-06-28T05:06:00+00:00 [running]> on host eeacb89bcfc1
[2024-06-28T05:07:07.237+0000] {taskinstance.py:2648} INFO - Exporting env vars: AIRFLOW_CTX_DAG_OWNER='***' AIRFLOW_CTX_DAG_ID='demo_dag_for_alerting_final' AIRFLOW_CTX_TASK_ID='insert_new_record_into_audit_table' AIRFLOW_CTX_EXECUTION_DATE='2024-06-28T05:06:00+00:00' AIRFLOW_CTX_TRY_NUMBER='1' AIRFLOW_CTX_DAG_RUN_ID='scheduled__2024-06-28T05:06:00+00:00'
[2024-06-28T05:07:07.238+0000] {taskinstance.py:430} INFO - ::endgroup::
[2024-06-28T05:07:07.252+0000] {logging_mixin.py:188} INFO - insert_into_audit_table_for_adhoc_data
[2024-06-28T05:07:07.253+0000] {python.py:237} INFO - Done. Returned value was: None
[2024-06-28T05:07:07.253+0000] {taskinstance.py:441} INFO - ::group::Post task execution logs
[2024-06-28T05:07:07.262+0000] {taskinstance.py:1206} INFO - Marking task as SUCCESS. dag_id=demo_dag_for_alerting_final, task_id=insert_new_record_into_audit_table, run_id=scheduled__2024-06-28T05:06:00+00:00, execution_date=20240628T050600, start_date=20240628T050707, end_date=20240628T050707
[2024-06-28T05:07:07.310+0000] {local_task_job_runner.py:240} INFO - Task exited with return code 0
[2024-06-28T05:07:07.370+0000] {taskinstance.py:3498} INFO - 0 downstream tasks scheduled from follow-on schedule check
[2024-06-28T05:07:07.377+0000] {local_task_job_runner.py:222} INFO - ::endgroup::
