[2024-06-24T13:33:30.658+0000] {local_task_job_runner.py:120} INFO - ::group::Pre task execution logs
[2024-06-24T13:33:30.684+0000] {taskinstance.py:2076} INFO - Dependencies all met for dep_context=non-requeueable deps ti=<TaskInstance: alerting_all_dags_using_apis.get_all_active_dags manual__2024-06-24T13:33:28.818628+00:00 [queued]>
[2024-06-24T13:33:30.693+0000] {taskinstance.py:2076} INFO - Dependencies all met for dep_context=requeueable deps ti=<TaskInstance: alerting_all_dags_using_apis.get_all_active_dags manual__2024-06-24T13:33:28.818628+00:00 [queued]>
[2024-06-24T13:33:30.693+0000] {taskinstance.py:2306} INFO - Starting attempt 1 of 6
[2024-06-24T13:33:30.709+0000] {taskinstance.py:2330} INFO - Executing <Task(PythonOperator): get_all_active_dags> on 2024-06-24 13:33:28.818628+00:00
[2024-06-24T13:33:30.714+0000] {warnings.py:110} WARNING - /home/***/.local/lib/python3.12/site-packages/***/task/task_runner/standard_task_runner.py:61: DeprecationWarning: This process (pid=5285) is multi-threaded, use of fork() may lead to deadlocks in the child.
  pid = os.fork()

[2024-06-24T13:33:30.715+0000] {standard_task_runner.py:63} INFO - Started process 5286 to run task
[2024-06-24T13:33:30.715+0000] {standard_task_runner.py:90} INFO - Running: ['***', 'tasks', 'run', 'alerting_all_dags_using_apis', 'get_all_active_dags', 'manual__2024-06-24T13:33:28.818628+00:00', '--job-id', '3662', '--raw', '--subdir', 'DAGS_FOLDER/alerting_all_dags_using_apis.py', '--cfg-path', '/tmp/tmp43c5089o']
[2024-06-24T13:33:30.717+0000] {standard_task_runner.py:91} INFO - Job 3662: Subtask get_all_active_dags
[2024-06-24T13:33:30.760+0000] {task_command.py:426} INFO - Running <TaskInstance: alerting_all_dags_using_apis.get_all_active_dags manual__2024-06-24T13:33:28.818628+00:00 [running]> on host bf895605831d
[2024-06-24T13:33:30.872+0000] {taskinstance.py:2648} INFO - Exporting env vars: AIRFLOW_CTX_DAG_OWNER='***' AIRFLOW_CTX_DAG_ID='alerting_all_dags_using_apis' AIRFLOW_CTX_TASK_ID='get_all_active_dags' AIRFLOW_CTX_EXECUTION_DATE='2024-06-24T13:33:28.818628+00:00' AIRFLOW_CTX_TRY_NUMBER='1' AIRFLOW_CTX_DAG_RUN_ID='manual__2024-06-24T13:33:28.818628+00:00'
[2024-06-24T13:33:30.873+0000] {taskinstance.py:430} INFO - ::endgroup::
[2024-06-24T13:33:30.889+0000] {helper_functions.py:194} INFO - Requesting http://***:***@172.240.2.5:8080/api/v1/dags?only_active=truee
[2024-06-24T13:33:30.895+0000] {helper_functions.py:208} ERROR - HTTP error occurred: 400 Client Error: BAD REQUEST for url: http://***:***@172.240.2.5:8080/api/v1/dags?only_active=truee
Traceback (most recent call last):
  File "/opt/airflow/dags/helper_functions.py", line 198, in get_all_active_dags
    response.raise_for_status()
  File "/home/airflow/.local/lib/python3.12/site-packages/requests/models.py", line 1021, in raise_for_status
    raise HTTPError(http_error_msg, response=self)
requests.exceptions.HTTPError: 400 Client Error: BAD REQUEST for url: http://***:***@172.240.2.5:8080/api/v1/dags?only_active=truee
[2024-06-24T13:33:30.897+0000] {helper_functions.py:148} ERROR - Failed to run alerting_all_dags_using_apis with task get_all_active_dags: 400 Client Error: BAD REQUEST for url: http://***:***@172.240.2.5:8080/api/v1/dags?only_active=truee
[2024-06-24T13:33:30.897+0000] {python.py:237} INFO - Done. Returned value was: None
[2024-06-24T13:33:30.898+0000] {taskinstance.py:441} INFO - ::group::Post task execution logs
[2024-06-24T13:33:30.908+0000] {taskinstance.py:1206} INFO - Marking task as SUCCESS. dag_id=alerting_all_dags_using_apis, task_id=get_all_active_dags, run_id=manual__2024-06-24T13:33:28.818628+00:00, execution_date=20240624T133328, start_date=20240624T133330, end_date=20240624T133330
[2024-06-24T13:33:30.929+0000] {local_task_job_runner.py:240} INFO - Task exited with return code 0
[2024-06-24T13:33:30.961+0000] {taskinstance.py:3498} INFO - 1 downstream tasks scheduled from follow-on schedule check
[2024-06-24T13:33:30.962+0000] {local_task_job_runner.py:222} INFO - ::endgroup::
