[2024-06-22T15:33:07.212+0000] {processor.py:161} INFO - Started process (PID=36) to work on /opt/airflow/dags/create_table.py
[2024-06-22T15:33:07.213+0000] {processor.py:830} INFO - Processing file /opt/airflow/dags/create_table.py for tasks to queue
[2024-06-22T15:33:07.214+0000] {logging_mixin.py:188} INFO - [2024-06-22T15:33:07.214+0000] {dagbag.py:545} INFO - Filling up the DagBag from /opt/airflow/dags/create_table.py
[2024-06-22T15:33:07.244+0000] {processor.py:840} INFO - DAG(s) 'create_table' retrieved from /opt/airflow/dags/create_table.py
[2024-06-22T15:33:07.270+0000] {logging_mixin.py:188} INFO - [2024-06-22T15:33:07.270+0000] {dag.py:3096} INFO - Sync 1 DAGs
[2024-06-22T15:33:07.300+0000] {logging_mixin.py:188} INFO - [2024-06-22T15:33:07.299+0000] {dag.py:3954} INFO - Setting next_dagrun for create_table to 2024-06-21 00:00:00+00:00, run_after=2024-06-22 00:00:00+00:00
[2024-06-22T15:33:07.328+0000] {processor.py:183} INFO - Processing /opt/airflow/dags/create_table.py took 0.123 seconds
[2024-06-22T15:33:37.461+0000] {processor.py:161} INFO - Started process (PID=50) to work on /opt/airflow/dags/create_table.py
[2024-06-22T15:33:37.461+0000] {processor.py:830} INFO - Processing file /opt/airflow/dags/create_table.py for tasks to queue
[2024-06-22T15:33:37.463+0000] {logging_mixin.py:188} INFO - [2024-06-22T15:33:37.462+0000] {dagbag.py:545} INFO - Filling up the DagBag from /opt/airflow/dags/create_table.py
[2024-06-22T15:33:37.482+0000] {processor.py:840} INFO - DAG(s) 'create_table' retrieved from /opt/airflow/dags/create_table.py
[2024-06-22T15:33:37.506+0000] {logging_mixin.py:188} INFO - [2024-06-22T15:33:37.505+0000] {dag.py:3096} INFO - Sync 1 DAGs
[2024-06-22T15:33:37.529+0000] {logging_mixin.py:188} INFO - [2024-06-22T15:33:37.529+0000] {dag.py:3954} INFO - Setting next_dagrun for create_table to 2024-06-21 00:00:00+00:00, run_after=2024-06-22 00:00:00+00:00
[2024-06-22T15:33:37.547+0000] {processor.py:183} INFO - Processing /opt/airflow/dags/create_table.py took 0.091 seconds
[2024-06-22T15:34:08.080+0000] {processor.py:161} INFO - Started process (PID=64) to work on /opt/airflow/dags/create_table.py
[2024-06-22T15:34:08.081+0000] {processor.py:830} INFO - Processing file /opt/airflow/dags/create_table.py for tasks to queue
[2024-06-22T15:34:08.082+0000] {logging_mixin.py:188} INFO - [2024-06-22T15:34:08.082+0000] {dagbag.py:545} INFO - Filling up the DagBag from /opt/airflow/dags/create_table.py
[2024-06-22T15:34:08.100+0000] {processor.py:840} INFO - DAG(s) 'create_table' retrieved from /opt/airflow/dags/create_table.py
[2024-06-22T15:34:08.123+0000] {logging_mixin.py:188} INFO - [2024-06-22T15:34:08.122+0000] {dag.py:3096} INFO - Sync 1 DAGs
[2024-06-22T15:34:08.146+0000] {logging_mixin.py:188} INFO - [2024-06-22T15:34:08.146+0000] {dag.py:3954} INFO - Setting next_dagrun for create_table to 2024-06-21 00:00:00+00:00, run_after=2024-06-22 00:00:00+00:00
[2024-06-22T15:34:08.163+0000] {processor.py:183} INFO - Processing /opt/airflow/dags/create_table.py took 0.088 seconds
[2024-06-22T15:34:38.705+0000] {processor.py:161} INFO - Started process (PID=78) to work on /opt/airflow/dags/create_table.py
[2024-06-22T15:34:38.706+0000] {processor.py:830} INFO - Processing file /opt/airflow/dags/create_table.py for tasks to queue
[2024-06-22T15:34:38.708+0000] {logging_mixin.py:188} INFO - [2024-06-22T15:34:38.707+0000] {dagbag.py:545} INFO - Filling up the DagBag from /opt/airflow/dags/create_table.py
[2024-06-22T15:34:38.733+0000] {processor.py:840} INFO - DAG(s) 'create_table' retrieved from /opt/airflow/dags/create_table.py
[2024-06-22T15:34:38.771+0000] {logging_mixin.py:188} INFO - [2024-06-22T15:34:38.770+0000] {dag.py:3096} INFO - Sync 1 DAGs
[2024-06-22T15:34:38.800+0000] {logging_mixin.py:188} INFO - [2024-06-22T15:34:38.799+0000] {dag.py:3954} INFO - Setting next_dagrun for create_table to 2024-06-21 00:00:00+00:00, run_after=2024-06-22 00:00:00+00:00
[2024-06-22T15:34:38.818+0000] {processor.py:183} INFO - Processing /opt/airflow/dags/create_table.py took 0.118 seconds
[2024-06-22T15:35:09.388+0000] {processor.py:161} INFO - Started process (PID=92) to work on /opt/airflow/dags/create_table.py
[2024-06-22T15:35:09.389+0000] {processor.py:830} INFO - Processing file /opt/airflow/dags/create_table.py for tasks to queue
[2024-06-22T15:35:09.390+0000] {logging_mixin.py:188} INFO - [2024-06-22T15:35:09.390+0000] {dagbag.py:545} INFO - Filling up the DagBag from /opt/airflow/dags/create_table.py
[2024-06-22T15:35:09.411+0000] {processor.py:840} INFO - DAG(s) 'create_table' retrieved from /opt/airflow/dags/create_table.py
[2024-06-22T15:35:09.434+0000] {logging_mixin.py:188} INFO - [2024-06-22T15:35:09.434+0000] {dag.py:3096} INFO - Sync 1 DAGs
[2024-06-22T15:35:09.456+0000] {logging_mixin.py:188} INFO - [2024-06-22T15:35:09.456+0000] {dag.py:3954} INFO - Setting next_dagrun for create_table to 2024-06-21 00:00:00+00:00, run_after=2024-06-22 00:00:00+00:00
[2024-06-22T15:35:09.476+0000] {processor.py:183} INFO - Processing /opt/airflow/dags/create_table.py took 0.093 seconds
[2024-06-22T15:35:39.999+0000] {processor.py:161} INFO - Started process (PID=106) to work on /opt/airflow/dags/create_table.py
[2024-06-22T15:35:40.000+0000] {processor.py:830} INFO - Processing file /opt/airflow/dags/create_table.py for tasks to queue
[2024-06-22T15:35:40.002+0000] {logging_mixin.py:188} INFO - [2024-06-22T15:35:40.001+0000] {dagbag.py:545} INFO - Filling up the DagBag from /opt/airflow/dags/create_table.py
[2024-06-22T15:35:40.024+0000] {processor.py:840} INFO - DAG(s) 'create_table' retrieved from /opt/airflow/dags/create_table.py
[2024-06-22T15:35:40.047+0000] {logging_mixin.py:188} INFO - [2024-06-22T15:35:40.046+0000] {dag.py:3096} INFO - Sync 1 DAGs
[2024-06-22T15:35:40.069+0000] {logging_mixin.py:188} INFO - [2024-06-22T15:35:40.069+0000] {dag.py:3954} INFO - Setting next_dagrun for create_table to 2024-06-21 00:00:00+00:00, run_after=2024-06-22 00:00:00+00:00
[2024-06-22T15:35:40.088+0000] {processor.py:183} INFO - Processing /opt/airflow/dags/create_table.py took 0.093 seconds
[2024-06-22T15:36:10.589+0000] {processor.py:161} INFO - Started process (PID=120) to work on /opt/airflow/dags/create_table.py
[2024-06-22T15:36:10.590+0000] {processor.py:830} INFO - Processing file /opt/airflow/dags/create_table.py for tasks to queue
[2024-06-22T15:36:10.591+0000] {logging_mixin.py:188} INFO - [2024-06-22T15:36:10.591+0000] {dagbag.py:545} INFO - Filling up the DagBag from /opt/airflow/dags/create_table.py
[2024-06-22T15:36:10.613+0000] {processor.py:840} INFO - DAG(s) 'create_table' retrieved from /opt/airflow/dags/create_table.py
[2024-06-22T15:36:10.639+0000] {logging_mixin.py:188} INFO - [2024-06-22T15:36:10.639+0000] {dag.py:3096} INFO - Sync 1 DAGs
[2024-06-22T15:36:10.660+0000] {logging_mixin.py:188} INFO - [2024-06-22T15:36:10.660+0000] {dag.py:3954} INFO - Setting next_dagrun for create_table to 2024-06-21 00:00:00+00:00, run_after=2024-06-22 00:00:00+00:00
[2024-06-22T15:36:10.677+0000] {processor.py:183} INFO - Processing /opt/airflow/dags/create_table.py took 0.093 seconds
[2024-06-22T15:36:41.328+0000] {processor.py:161} INFO - Started process (PID=134) to work on /opt/airflow/dags/create_table.py
[2024-06-22T15:36:41.329+0000] {processor.py:830} INFO - Processing file /opt/airflow/dags/create_table.py for tasks to queue
[2024-06-22T15:36:41.331+0000] {logging_mixin.py:188} INFO - [2024-06-22T15:36:41.330+0000] {dagbag.py:545} INFO - Filling up the DagBag from /opt/airflow/dags/create_table.py
[2024-06-22T15:36:41.359+0000] {processor.py:840} INFO - DAG(s) 'create_table' retrieved from /opt/airflow/dags/create_table.py
[2024-06-22T15:36:41.387+0000] {logging_mixin.py:188} INFO - [2024-06-22T15:36:41.387+0000] {dag.py:3096} INFO - Sync 1 DAGs
[2024-06-22T15:36:41.416+0000] {logging_mixin.py:188} INFO - [2024-06-22T15:36:41.416+0000] {dag.py:3954} INFO - Setting next_dagrun for create_table to 2024-06-21 00:00:00+00:00, run_after=2024-06-22 00:00:00+00:00
[2024-06-22T15:36:41.437+0000] {processor.py:183} INFO - Processing /opt/airflow/dags/create_table.py took 0.114 seconds
[2024-06-22T15:37:12.018+0000] {processor.py:161} INFO - Started process (PID=148) to work on /opt/airflow/dags/create_table.py
[2024-06-22T15:37:12.019+0000] {processor.py:830} INFO - Processing file /opt/airflow/dags/create_table.py for tasks to queue
[2024-06-22T15:37:12.021+0000] {logging_mixin.py:188} INFO - [2024-06-22T15:37:12.021+0000] {dagbag.py:545} INFO - Filling up the DagBag from /opt/airflow/dags/create_table.py
[2024-06-22T15:37:12.043+0000] {processor.py:840} INFO - DAG(s) 'create_table' retrieved from /opt/airflow/dags/create_table.py
[2024-06-22T15:37:12.066+0000] {logging_mixin.py:188} INFO - [2024-06-22T15:37:12.066+0000] {dag.py:3096} INFO - Sync 1 DAGs
[2024-06-22T15:37:12.088+0000] {logging_mixin.py:188} INFO - [2024-06-22T15:37:12.088+0000] {dag.py:3954} INFO - Setting next_dagrun for create_table to 2024-06-21 00:00:00+00:00, run_after=2024-06-22 00:00:00+00:00
[2024-06-22T15:37:12.106+0000] {processor.py:183} INFO - Processing /opt/airflow/dags/create_table.py took 0.094 seconds
[2024-06-22T15:37:42.647+0000] {processor.py:161} INFO - Started process (PID=162) to work on /opt/airflow/dags/create_table.py
[2024-06-22T15:37:42.648+0000] {processor.py:830} INFO - Processing file /opt/airflow/dags/create_table.py for tasks to queue
[2024-06-22T15:37:42.650+0000] {logging_mixin.py:188} INFO - [2024-06-22T15:37:42.649+0000] {dagbag.py:545} INFO - Filling up the DagBag from /opt/airflow/dags/create_table.py
[2024-06-22T15:37:42.669+0000] {processor.py:840} INFO - DAG(s) 'create_table' retrieved from /opt/airflow/dags/create_table.py
[2024-06-22T15:37:42.692+0000] {logging_mixin.py:188} INFO - [2024-06-22T15:37:42.692+0000] {dag.py:3096} INFO - Sync 1 DAGs
[2024-06-22T15:37:42.714+0000] {logging_mixin.py:188} INFO - [2024-06-22T15:37:42.714+0000] {dag.py:3954} INFO - Setting next_dagrun for create_table to 2024-06-21 00:00:00+00:00, run_after=2024-06-22 00:00:00+00:00
[2024-06-22T15:37:42.732+0000] {processor.py:183} INFO - Processing /opt/airflow/dags/create_table.py took 0.089 seconds
[2024-06-22T15:38:13.294+0000] {processor.py:161} INFO - Started process (PID=176) to work on /opt/airflow/dags/create_table.py
[2024-06-22T15:38:13.295+0000] {processor.py:830} INFO - Processing file /opt/airflow/dags/create_table.py for tasks to queue
[2024-06-22T15:38:13.296+0000] {logging_mixin.py:188} INFO - [2024-06-22T15:38:13.296+0000] {dagbag.py:545} INFO - Filling up the DagBag from /opt/airflow/dags/create_table.py
[2024-06-22T15:38:13.315+0000] {processor.py:840} INFO - DAG(s) 'create_table' retrieved from /opt/airflow/dags/create_table.py
[2024-06-22T15:38:13.337+0000] {logging_mixin.py:188} INFO - [2024-06-22T15:38:13.337+0000] {dag.py:3096} INFO - Sync 1 DAGs
[2024-06-22T15:38:13.360+0000] {logging_mixin.py:188} INFO - [2024-06-22T15:38:13.359+0000] {dag.py:3954} INFO - Setting next_dagrun for create_table to 2024-06-21 00:00:00+00:00, run_after=2024-06-22 00:00:00+00:00
[2024-06-22T15:38:13.378+0000] {processor.py:183} INFO - Processing /opt/airflow/dags/create_table.py took 0.088 seconds
[2024-06-22T15:38:43.920+0000] {processor.py:161} INFO - Started process (PID=190) to work on /opt/airflow/dags/create_table.py
[2024-06-22T15:38:43.921+0000] {processor.py:830} INFO - Processing file /opt/airflow/dags/create_table.py for tasks to queue
[2024-06-22T15:38:43.922+0000] {logging_mixin.py:188} INFO - [2024-06-22T15:38:43.922+0000] {dagbag.py:545} INFO - Filling up the DagBag from /opt/airflow/dags/create_table.py
[2024-06-22T15:38:43.941+0000] {processor.py:840} INFO - DAG(s) 'create_table' retrieved from /opt/airflow/dags/create_table.py
[2024-06-22T15:38:43.964+0000] {logging_mixin.py:188} INFO - [2024-06-22T15:38:43.963+0000] {dag.py:3096} INFO - Sync 1 DAGs
[2024-06-22T15:38:43.986+0000] {logging_mixin.py:188} INFO - [2024-06-22T15:38:43.986+0000] {dag.py:3954} INFO - Setting next_dagrun for create_table to 2024-06-21 00:00:00+00:00, run_after=2024-06-22 00:00:00+00:00
[2024-06-22T15:38:44.006+0000] {processor.py:183} INFO - Processing /opt/airflow/dags/create_table.py took 0.091 seconds
[2024-06-22T15:39:14.472+0000] {processor.py:161} INFO - Started process (PID=204) to work on /opt/airflow/dags/create_table.py
[2024-06-22T15:39:14.473+0000] {processor.py:830} INFO - Processing file /opt/airflow/dags/create_table.py for tasks to queue
[2024-06-22T15:39:14.474+0000] {logging_mixin.py:188} INFO - [2024-06-22T15:39:14.474+0000] {dagbag.py:545} INFO - Filling up the DagBag from /opt/airflow/dags/create_table.py
[2024-06-22T15:39:14.494+0000] {processor.py:840} INFO - DAG(s) 'create_table' retrieved from /opt/airflow/dags/create_table.py
[2024-06-22T15:39:14.520+0000] {logging_mixin.py:188} INFO - [2024-06-22T15:39:14.519+0000] {dag.py:3096} INFO - Sync 1 DAGs
[2024-06-22T15:39:14.542+0000] {logging_mixin.py:188} INFO - [2024-06-22T15:39:14.542+0000] {dag.py:3954} INFO - Setting next_dagrun for create_table to 2024-06-21 00:00:00+00:00, run_after=2024-06-22 00:00:00+00:00
[2024-06-22T15:39:14.559+0000] {processor.py:183} INFO - Processing /opt/airflow/dags/create_table.py took 0.092 seconds
[2024-06-22T15:39:45.189+0000] {processor.py:161} INFO - Started process (PID=217) to work on /opt/airflow/dags/create_table.py
[2024-06-22T15:39:45.190+0000] {processor.py:830} INFO - Processing file /opt/airflow/dags/create_table.py for tasks to queue
[2024-06-22T15:39:45.191+0000] {logging_mixin.py:188} INFO - [2024-06-22T15:39:45.191+0000] {dagbag.py:545} INFO - Filling up the DagBag from /opt/airflow/dags/create_table.py
[2024-06-22T15:39:45.217+0000] {processor.py:840} INFO - DAG(s) 'create_table' retrieved from /opt/airflow/dags/create_table.py
[2024-06-22T15:39:45.242+0000] {logging_mixin.py:188} INFO - [2024-06-22T15:39:45.242+0000] {dag.py:3096} INFO - Sync 1 DAGs
[2024-06-22T15:39:45.266+0000] {logging_mixin.py:188} INFO - [2024-06-22T15:39:45.265+0000] {dag.py:3954} INFO - Setting next_dagrun for create_table to 2024-06-21 00:00:00+00:00, run_after=2024-06-22 00:00:00+00:00
[2024-06-22T15:39:45.285+0000] {processor.py:183} INFO - Processing /opt/airflow/dags/create_table.py took 0.101 seconds
[2024-06-22T15:40:15.846+0000] {processor.py:161} INFO - Started process (PID=231) to work on /opt/airflow/dags/create_table.py
[2024-06-22T15:40:15.847+0000] {processor.py:830} INFO - Processing file /opt/airflow/dags/create_table.py for tasks to queue
[2024-06-22T15:40:15.848+0000] {logging_mixin.py:188} INFO - [2024-06-22T15:40:15.848+0000] {dagbag.py:545} INFO - Filling up the DagBag from /opt/airflow/dags/create_table.py
[2024-06-22T15:40:15.869+0000] {processor.py:840} INFO - DAG(s) 'create_table' retrieved from /opt/airflow/dags/create_table.py
[2024-06-22T15:40:15.893+0000] {logging_mixin.py:188} INFO - [2024-06-22T15:40:15.892+0000] {dag.py:3096} INFO - Sync 1 DAGs
[2024-06-22T15:40:15.915+0000] {logging_mixin.py:188} INFO - [2024-06-22T15:40:15.914+0000] {dag.py:3954} INFO - Setting next_dagrun for create_table to 2024-06-21 00:00:00+00:00, run_after=2024-06-22 00:00:00+00:00
[2024-06-22T15:40:15.935+0000] {processor.py:183} INFO - Processing /opt/airflow/dags/create_table.py took 0.093 seconds
[2024-06-22T15:40:46.516+0000] {processor.py:161} INFO - Started process (PID=245) to work on /opt/airflow/dags/create_table.py
[2024-06-22T15:40:46.517+0000] {processor.py:830} INFO - Processing file /opt/airflow/dags/create_table.py for tasks to queue
[2024-06-22T15:40:46.518+0000] {logging_mixin.py:188} INFO - [2024-06-22T15:40:46.518+0000] {dagbag.py:545} INFO - Filling up the DagBag from /opt/airflow/dags/create_table.py
[2024-06-22T15:40:46.537+0000] {processor.py:840} INFO - DAG(s) 'create_table' retrieved from /opt/airflow/dags/create_table.py
[2024-06-22T15:40:46.561+0000] {logging_mixin.py:188} INFO - [2024-06-22T15:40:46.560+0000] {dag.py:3096} INFO - Sync 1 DAGs
[2024-06-22T15:40:46.584+0000] {logging_mixin.py:188} INFO - [2024-06-22T15:40:46.584+0000] {dag.py:3954} INFO - Setting next_dagrun for create_table to 2024-06-21 00:00:00+00:00, run_after=2024-06-22 00:00:00+00:00
[2024-06-22T15:40:46.602+0000] {processor.py:183} INFO - Processing /opt/airflow/dags/create_table.py took 0.091 seconds
[2024-06-22T15:41:17.201+0000] {processor.py:161} INFO - Started process (PID=259) to work on /opt/airflow/dags/create_table.py
[2024-06-22T15:41:17.201+0000] {processor.py:830} INFO - Processing file /opt/airflow/dags/create_table.py for tasks to queue
[2024-06-22T15:41:17.203+0000] {logging_mixin.py:188} INFO - [2024-06-22T15:41:17.203+0000] {dagbag.py:545} INFO - Filling up the DagBag from /opt/airflow/dags/create_table.py
[2024-06-22T15:41:17.225+0000] {processor.py:840} INFO - DAG(s) 'create_table' retrieved from /opt/airflow/dags/create_table.py
[2024-06-22T15:41:17.256+0000] {logging_mixin.py:188} INFO - [2024-06-22T15:41:17.256+0000] {dag.py:3096} INFO - Sync 1 DAGs
[2024-06-22T15:41:17.280+0000] {logging_mixin.py:188} INFO - [2024-06-22T15:41:17.280+0000] {dag.py:3954} INFO - Setting next_dagrun for create_table to 2024-06-21 00:00:00+00:00, run_after=2024-06-22 00:00:00+00:00
[2024-06-22T15:41:17.298+0000] {processor.py:183} INFO - Processing /opt/airflow/dags/create_table.py took 0.102 seconds
[2024-06-22T15:41:47.404+0000] {processor.py:161} INFO - Started process (PID=274) to work on /opt/airflow/dags/create_table.py
[2024-06-22T15:41:47.405+0000] {processor.py:830} INFO - Processing file /opt/airflow/dags/create_table.py for tasks to queue
[2024-06-22T15:41:47.406+0000] {logging_mixin.py:188} INFO - [2024-06-22T15:41:47.406+0000] {dagbag.py:545} INFO - Filling up the DagBag from /opt/airflow/dags/create_table.py
[2024-06-22T15:41:47.427+0000] {processor.py:840} INFO - DAG(s) 'create_table' retrieved from /opt/airflow/dags/create_table.py
[2024-06-22T15:41:47.452+0000] {logging_mixin.py:188} INFO - [2024-06-22T15:41:47.452+0000] {dag.py:3096} INFO - Sync 1 DAGs
[2024-06-22T15:41:47.473+0000] {logging_mixin.py:188} INFO - [2024-06-22T15:41:47.473+0000] {dag.py:3954} INFO - Setting next_dagrun for create_table to 2024-06-21 00:00:00+00:00, run_after=2024-06-22 00:00:00+00:00
[2024-06-22T15:41:47.492+0000] {processor.py:183} INFO - Processing /opt/airflow/dags/create_table.py took 0.092 seconds
[2024-06-22T15:42:18.136+0000] {processor.py:161} INFO - Started process (PID=288) to work on /opt/airflow/dags/create_table.py
[2024-06-22T15:42:18.137+0000] {processor.py:830} INFO - Processing file /opt/airflow/dags/create_table.py for tasks to queue
[2024-06-22T15:42:18.138+0000] {logging_mixin.py:188} INFO - [2024-06-22T15:42:18.138+0000] {dagbag.py:545} INFO - Filling up the DagBag from /opt/airflow/dags/create_table.py
[2024-06-22T15:42:18.158+0000] {processor.py:840} INFO - DAG(s) 'create_table' retrieved from /opt/airflow/dags/create_table.py
[2024-06-22T15:42:18.183+0000] {logging_mixin.py:188} INFO - [2024-06-22T15:42:18.182+0000] {dag.py:3096} INFO - Sync 1 DAGs
[2024-06-22T15:42:18.207+0000] {logging_mixin.py:188} INFO - [2024-06-22T15:42:18.207+0000] {dag.py:3954} INFO - Setting next_dagrun for create_table to 2024-06-21 00:00:00+00:00, run_after=2024-06-22 00:00:00+00:00
[2024-06-22T15:42:18.225+0000] {processor.py:183} INFO - Processing /opt/airflow/dags/create_table.py took 0.093 seconds
[2024-06-22T15:42:48.782+0000] {processor.py:161} INFO - Started process (PID=301) to work on /opt/airflow/dags/create_table.py
[2024-06-22T15:42:48.783+0000] {processor.py:830} INFO - Processing file /opt/airflow/dags/create_table.py for tasks to queue
[2024-06-22T15:42:48.785+0000] {logging_mixin.py:188} INFO - [2024-06-22T15:42:48.784+0000] {dagbag.py:545} INFO - Filling up the DagBag from /opt/airflow/dags/create_table.py
[2024-06-22T15:42:48.808+0000] {processor.py:840} INFO - DAG(s) 'create_table' retrieved from /opt/airflow/dags/create_table.py
[2024-06-22T15:42:48.834+0000] {logging_mixin.py:188} INFO - [2024-06-22T15:42:48.834+0000] {dag.py:3096} INFO - Sync 1 DAGs
[2024-06-22T15:42:48.860+0000] {logging_mixin.py:188} INFO - [2024-06-22T15:42:48.860+0000] {dag.py:3954} INFO - Setting next_dagrun for create_table to 2024-06-21 00:00:00+00:00, run_after=2024-06-22 00:00:00+00:00
[2024-06-22T15:42:48.877+0000] {processor.py:183} INFO - Processing /opt/airflow/dags/create_table.py took 0.100 seconds
[2024-06-22T15:43:19.429+0000] {processor.py:161} INFO - Started process (PID=315) to work on /opt/airflow/dags/create_table.py
[2024-06-22T15:43:19.430+0000] {processor.py:830} INFO - Processing file /opt/airflow/dags/create_table.py for tasks to queue
[2024-06-22T15:43:19.431+0000] {logging_mixin.py:188} INFO - [2024-06-22T15:43:19.431+0000] {dagbag.py:545} INFO - Filling up the DagBag from /opt/airflow/dags/create_table.py
[2024-06-22T15:43:19.454+0000] {processor.py:840} INFO - DAG(s) 'create_table' retrieved from /opt/airflow/dags/create_table.py
[2024-06-22T15:43:19.476+0000] {logging_mixin.py:188} INFO - [2024-06-22T15:43:19.476+0000] {dag.py:3096} INFO - Sync 1 DAGs
[2024-06-22T15:43:19.499+0000] {logging_mixin.py:188} INFO - [2024-06-22T15:43:19.499+0000] {dag.py:3954} INFO - Setting next_dagrun for create_table to 2024-06-21 00:00:00+00:00, run_after=2024-06-22 00:00:00+00:00
[2024-06-22T15:43:19.519+0000] {processor.py:183} INFO - Processing /opt/airflow/dags/create_table.py took 0.095 seconds
[2024-06-22T15:43:50.089+0000] {processor.py:161} INFO - Started process (PID=329) to work on /opt/airflow/dags/create_table.py
[2024-06-22T15:43:50.090+0000] {processor.py:830} INFO - Processing file /opt/airflow/dags/create_table.py for tasks to queue
[2024-06-22T15:43:50.091+0000] {logging_mixin.py:188} INFO - [2024-06-22T15:43:50.091+0000] {dagbag.py:545} INFO - Filling up the DagBag from /opt/airflow/dags/create_table.py
[2024-06-22T15:43:50.116+0000] {processor.py:840} INFO - DAG(s) 'create_table' retrieved from /opt/airflow/dags/create_table.py
[2024-06-22T15:43:50.144+0000] {logging_mixin.py:188} INFO - [2024-06-22T15:43:50.144+0000] {dag.py:3096} INFO - Sync 1 DAGs
[2024-06-22T15:43:50.170+0000] {logging_mixin.py:188} INFO - [2024-06-22T15:43:50.170+0000] {dag.py:3954} INFO - Setting next_dagrun for create_table to 2024-06-21 00:00:00+00:00, run_after=2024-06-22 00:00:00+00:00
[2024-06-22T15:43:50.193+0000] {processor.py:183} INFO - Processing /opt/airflow/dags/create_table.py took 0.109 seconds
[2024-06-22T15:44:20.831+0000] {processor.py:161} INFO - Started process (PID=343) to work on /opt/airflow/dags/create_table.py
[2024-06-22T15:44:20.832+0000] {processor.py:830} INFO - Processing file /opt/airflow/dags/create_table.py for tasks to queue
[2024-06-22T15:44:20.834+0000] {logging_mixin.py:188} INFO - [2024-06-22T15:44:20.834+0000] {dagbag.py:545} INFO - Filling up the DagBag from /opt/airflow/dags/create_table.py
[2024-06-22T15:44:20.860+0000] {processor.py:840} INFO - DAG(s) 'create_table' retrieved from /opt/airflow/dags/create_table.py
[2024-06-22T15:44:20.890+0000] {logging_mixin.py:188} INFO - [2024-06-22T15:44:20.890+0000] {dag.py:3096} INFO - Sync 1 DAGs
[2024-06-22T15:44:20.919+0000] {logging_mixin.py:188} INFO - [2024-06-22T15:44:20.919+0000] {dag.py:3954} INFO - Setting next_dagrun for create_table to 2024-06-21 00:00:00+00:00, run_after=2024-06-22 00:00:00+00:00
[2024-06-22T15:44:20.942+0000] {processor.py:183} INFO - Processing /opt/airflow/dags/create_table.py took 0.118 seconds
[2024-06-22T15:44:51.632+0000] {processor.py:161} INFO - Started process (PID=356) to work on /opt/airflow/dags/create_table.py
[2024-06-22T15:44:51.633+0000] {processor.py:830} INFO - Processing file /opt/airflow/dags/create_table.py for tasks to queue
[2024-06-22T15:44:51.636+0000] {logging_mixin.py:188} INFO - [2024-06-22T15:44:51.635+0000] {dagbag.py:545} INFO - Filling up the DagBag from /opt/airflow/dags/create_table.py
[2024-06-22T15:44:51.664+0000] {processor.py:840} INFO - DAG(s) 'create_table' retrieved from /opt/airflow/dags/create_table.py
[2024-06-22T15:44:51.692+0000] {logging_mixin.py:188} INFO - [2024-06-22T15:44:51.692+0000] {dag.py:3096} INFO - Sync 1 DAGs
[2024-06-22T15:44:51.725+0000] {logging_mixin.py:188} INFO - [2024-06-22T15:44:51.725+0000] {dag.py:3954} INFO - Setting next_dagrun for create_table to 2024-06-21 00:00:00+00:00, run_after=2024-06-22 00:00:00+00:00
[2024-06-22T15:44:51.756+0000] {processor.py:183} INFO - Processing /opt/airflow/dags/create_table.py took 0.131 seconds
[2024-06-22T15:45:22.392+0000] {processor.py:161} INFO - Started process (PID=370) to work on /opt/airflow/dags/create_table.py
[2024-06-22T15:45:22.393+0000] {processor.py:830} INFO - Processing file /opt/airflow/dags/create_table.py for tasks to queue
[2024-06-22T15:45:22.394+0000] {logging_mixin.py:188} INFO - [2024-06-22T15:45:22.394+0000] {dagbag.py:545} INFO - Filling up the DagBag from /opt/airflow/dags/create_table.py
[2024-06-22T15:45:22.416+0000] {processor.py:840} INFO - DAG(s) 'create_table' retrieved from /opt/airflow/dags/create_table.py
[2024-06-22T15:45:22.441+0000] {logging_mixin.py:188} INFO - [2024-06-22T15:45:22.441+0000] {dag.py:3096} INFO - Sync 1 DAGs
[2024-06-22T15:45:22.463+0000] {logging_mixin.py:188} INFO - [2024-06-22T15:45:22.463+0000] {dag.py:3954} INFO - Setting next_dagrun for create_table to 2024-06-21 00:00:00+00:00, run_after=2024-06-22 00:00:00+00:00
[2024-06-22T15:45:22.482+0000] {processor.py:183} INFO - Processing /opt/airflow/dags/create_table.py took 0.095 seconds
[2024-06-22T15:45:53.101+0000] {processor.py:161} INFO - Started process (PID=385) to work on /opt/airflow/dags/create_table.py
[2024-06-22T15:45:53.102+0000] {processor.py:830} INFO - Processing file /opt/airflow/dags/create_table.py for tasks to queue
[2024-06-22T15:45:53.104+0000] {logging_mixin.py:188} INFO - [2024-06-22T15:45:53.104+0000] {dagbag.py:545} INFO - Filling up the DagBag from /opt/airflow/dags/create_table.py
[2024-06-22T15:45:53.130+0000] {processor.py:840} INFO - DAG(s) 'create_table' retrieved from /opt/airflow/dags/create_table.py
[2024-06-22T15:45:53.165+0000] {logging_mixin.py:188} INFO - [2024-06-22T15:45:53.165+0000] {dag.py:3096} INFO - Sync 1 DAGs
[2024-06-22T15:45:53.200+0000] {logging_mixin.py:188} INFO - [2024-06-22T15:45:53.199+0000] {dag.py:3954} INFO - Setting next_dagrun for create_table to 2024-06-21 00:00:00+00:00, run_after=2024-06-22 00:00:00+00:00
[2024-06-22T15:45:53.218+0000] {processor.py:183} INFO - Processing /opt/airflow/dags/create_table.py took 0.124 seconds
