[2024-06-22T15:33:06.977+0000] {processor.py:161} INFO - Started process (PID=34) to work on /opt/airflow/dags/demo_dag_for_alerting_apis.py
[2024-06-22T15:33:06.977+0000] {processor.py:830} INFO - Processing file /opt/airflow/dags/demo_dag_for_alerting_apis.py for tasks to queue
[2024-06-22T15:33:06.979+0000] {logging_mixin.py:188} INFO - [2024-06-22T15:33:06.979+0000] {dagbag.py:545} INFO - Filling up the DagBag from /opt/airflow/dags/demo_dag_for_alerting_apis.py
[2024-06-22T15:33:06.997+0000] {processor.py:840} INFO - DAG(s) 'demo_dag_for_alerting_apis_final' retrieved from /opt/airflow/dags/demo_dag_for_alerting_apis.py
[2024-06-22T15:33:07.135+0000] {logging_mixin.py:188} INFO - [2024-06-22T15:33:07.135+0000] {dag.py:3096} INFO - Sync 1 DAGs
[2024-06-22T15:33:07.166+0000] {logging_mixin.py:188} INFO - [2024-06-22T15:33:07.165+0000] {dag.py:3954} INFO - Setting next_dagrun for demo_dag_for_alerting_apis_final to 2024-06-22 15:32:00+00:00, run_after=2024-06-22 15:33:00+00:00
[2024-06-22T15:33:07.188+0000] {processor.py:183} INFO - Processing /opt/airflow/dags/demo_dag_for_alerting_apis.py took 0.220 seconds
[2024-06-22T15:33:37.280+0000] {processor.py:161} INFO - Started process (PID=48) to work on /opt/airflow/dags/demo_dag_for_alerting_apis.py
[2024-06-22T15:33:37.280+0000] {processor.py:830} INFO - Processing file /opt/airflow/dags/demo_dag_for_alerting_apis.py for tasks to queue
[2024-06-22T15:33:37.281+0000] {logging_mixin.py:188} INFO - [2024-06-22T15:33:37.281+0000] {dagbag.py:545} INFO - Filling up the DagBag from /opt/airflow/dags/demo_dag_for_alerting_apis.py
[2024-06-22T15:33:37.294+0000] {processor.py:840} INFO - DAG(s) 'demo_dag_for_alerting_apis_final' retrieved from /opt/airflow/dags/demo_dag_for_alerting_apis.py
[2024-06-22T15:33:37.404+0000] {logging_mixin.py:188} INFO - [2024-06-22T15:33:37.404+0000] {dag.py:3096} INFO - Sync 1 DAGs
[2024-06-22T15:33:37.426+0000] {logging_mixin.py:188} INFO - [2024-06-22T15:33:37.426+0000] {dag.py:3954} INFO - Setting next_dagrun for demo_dag_for_alerting_apis_final to 2024-06-22 15:32:00+00:00, run_after=2024-06-22 15:33:00+00:00
[2024-06-22T15:33:37.442+0000] {processor.py:183} INFO - Processing /opt/airflow/dags/demo_dag_for_alerting_apis.py took 0.167 seconds
[2024-06-22T15:34:07.893+0000] {processor.py:161} INFO - Started process (PID=62) to work on /opt/airflow/dags/demo_dag_for_alerting_apis.py
[2024-06-22T15:34:07.893+0000] {processor.py:830} INFO - Processing file /opt/airflow/dags/demo_dag_for_alerting_apis.py for tasks to queue
[2024-06-22T15:34:07.895+0000] {logging_mixin.py:188} INFO - [2024-06-22T15:34:07.894+0000] {dagbag.py:545} INFO - Filling up the DagBag from /opt/airflow/dags/demo_dag_for_alerting_apis.py
[2024-06-22T15:34:07.910+0000] {processor.py:840} INFO - DAG(s) 'demo_dag_for_alerting_apis_final' retrieved from /opt/airflow/dags/demo_dag_for_alerting_apis.py
[2024-06-22T15:34:08.021+0000] {logging_mixin.py:188} INFO - [2024-06-22T15:34:08.020+0000] {dag.py:3096} INFO - Sync 1 DAGs
[2024-06-22T15:34:08.044+0000] {logging_mixin.py:188} INFO - [2024-06-22T15:34:08.043+0000] {dag.py:3954} INFO - Setting next_dagrun for demo_dag_for_alerting_apis_final to 2024-06-22 15:33:00+00:00, run_after=2024-06-22 15:34:00+00:00
[2024-06-22T15:34:08.061+0000] {processor.py:183} INFO - Processing /opt/airflow/dags/demo_dag_for_alerting_apis.py took 0.173 seconds
[2024-06-22T15:34:38.500+0000] {processor.py:161} INFO - Started process (PID=76) to work on /opt/airflow/dags/demo_dag_for_alerting_apis.py
[2024-06-22T15:34:38.501+0000] {processor.py:830} INFO - Processing file /opt/airflow/dags/demo_dag_for_alerting_apis.py for tasks to queue
[2024-06-22T15:34:38.503+0000] {logging_mixin.py:188} INFO - [2024-06-22T15:34:38.502+0000] {dagbag.py:545} INFO - Filling up the DagBag from /opt/airflow/dags/demo_dag_for_alerting_apis.py
[2024-06-22T15:34:38.518+0000] {processor.py:840} INFO - DAG(s) 'demo_dag_for_alerting_apis_final' retrieved from /opt/airflow/dags/demo_dag_for_alerting_apis.py
[2024-06-22T15:34:38.644+0000] {logging_mixin.py:188} INFO - [2024-06-22T15:34:38.644+0000] {dag.py:3096} INFO - Sync 1 DAGs
[2024-06-22T15:34:38.667+0000] {logging_mixin.py:188} INFO - [2024-06-22T15:34:38.667+0000] {dag.py:3954} INFO - Setting next_dagrun for demo_dag_for_alerting_apis_final to 2024-06-22 15:33:00+00:00, run_after=2024-06-22 15:34:00+00:00
[2024-06-22T15:34:38.686+0000] {processor.py:183} INFO - Processing /opt/airflow/dags/demo_dag_for_alerting_apis.py took 0.191 seconds
[2024-06-22T15:35:09.149+0000] {processor.py:161} INFO - Started process (PID=90) to work on /opt/airflow/dags/demo_dag_for_alerting_apis.py
[2024-06-22T15:35:09.149+0000] {processor.py:830} INFO - Processing file /opt/airflow/dags/demo_dag_for_alerting_apis.py for tasks to queue
[2024-06-22T15:35:09.151+0000] {logging_mixin.py:188} INFO - [2024-06-22T15:35:09.151+0000] {dagbag.py:545} INFO - Filling up the DagBag from /opt/airflow/dags/demo_dag_for_alerting_apis.py
[2024-06-22T15:35:09.168+0000] {processor.py:840} INFO - DAG(s) 'demo_dag_for_alerting_apis_final' retrieved from /opt/airflow/dags/demo_dag_for_alerting_apis.py
[2024-06-22T15:35:09.318+0000] {logging_mixin.py:188} INFO - [2024-06-22T15:35:09.318+0000] {dag.py:3096} INFO - Sync 1 DAGs
[2024-06-22T15:35:09.344+0000] {logging_mixin.py:188} INFO - [2024-06-22T15:35:09.344+0000] {dag.py:3954} INFO - Setting next_dagrun for demo_dag_for_alerting_apis_final to 2024-06-22 15:34:00+00:00, run_after=2024-06-22 15:35:00+00:00
[2024-06-22T15:35:09.366+0000] {processor.py:183} INFO - Processing /opt/airflow/dags/demo_dag_for_alerting_apis.py took 0.223 seconds
[2024-06-22T15:35:39.810+0000] {processor.py:161} INFO - Started process (PID=104) to work on /opt/airflow/dags/demo_dag_for_alerting_apis.py
[2024-06-22T15:35:39.811+0000] {processor.py:830} INFO - Processing file /opt/airflow/dags/demo_dag_for_alerting_apis.py for tasks to queue
[2024-06-22T15:35:39.812+0000] {logging_mixin.py:188} INFO - [2024-06-22T15:35:39.812+0000] {dagbag.py:545} INFO - Filling up the DagBag from /opt/airflow/dags/demo_dag_for_alerting_apis.py
[2024-06-22T15:35:39.825+0000] {processor.py:840} INFO - DAG(s) 'demo_dag_for_alerting_apis_final' retrieved from /opt/airflow/dags/demo_dag_for_alerting_apis.py
[2024-06-22T15:35:39.938+0000] {logging_mixin.py:188} INFO - [2024-06-22T15:35:39.938+0000] {dag.py:3096} INFO - Sync 1 DAGs
[2024-06-22T15:35:39.961+0000] {logging_mixin.py:188} INFO - [2024-06-22T15:35:39.961+0000] {dag.py:3954} INFO - Setting next_dagrun for demo_dag_for_alerting_apis_final to 2024-06-22 15:34:00+00:00, run_after=2024-06-22 15:35:00+00:00
[2024-06-22T15:35:39.979+0000] {processor.py:183} INFO - Processing /opt/airflow/dags/demo_dag_for_alerting_apis.py took 0.174 seconds
[2024-06-22T15:36:10.481+0000] {processor.py:161} INFO - Started process (PID=118) to work on /opt/airflow/dags/demo_dag_for_alerting_apis.py
[2024-06-22T15:36:10.482+0000] {processor.py:830} INFO - Processing file /opt/airflow/dags/demo_dag_for_alerting_apis.py for tasks to queue
[2024-06-22T15:36:10.483+0000] {logging_mixin.py:188} INFO - [2024-06-22T15:36:10.483+0000] {dagbag.py:545} INFO - Filling up the DagBag from /opt/airflow/dags/demo_dag_for_alerting_apis.py
[2024-06-22T15:36:10.496+0000] {processor.py:840} INFO - DAG(s) 'demo_dag_for_alerting_apis_final' retrieved from /opt/airflow/dags/demo_dag_for_alerting_apis.py
[2024-06-22T15:36:10.524+0000] {logging_mixin.py:188} INFO - [2024-06-22T15:36:10.523+0000] {dag.py:3096} INFO - Sync 1 DAGs
[2024-06-22T15:36:10.549+0000] {logging_mixin.py:188} INFO - [2024-06-22T15:36:10.549+0000] {dag.py:3954} INFO - Setting next_dagrun for demo_dag_for_alerting_apis_final to 2024-06-22 15:35:00+00:00, run_after=2024-06-22 15:36:00+00:00
[2024-06-22T15:36:10.566+0000] {processor.py:183} INFO - Processing /opt/airflow/dags/demo_dag_for_alerting_apis.py took 0.089 seconds
[2024-06-22T15:36:41.122+0000] {processor.py:161} INFO - Started process (PID=132) to work on /opt/airflow/dags/demo_dag_for_alerting_apis.py
[2024-06-22T15:36:41.123+0000] {processor.py:830} INFO - Processing file /opt/airflow/dags/demo_dag_for_alerting_apis.py for tasks to queue
[2024-06-22T15:36:41.125+0000] {logging_mixin.py:188} INFO - [2024-06-22T15:36:41.124+0000] {dagbag.py:545} INFO - Filling up the DagBag from /opt/airflow/dags/demo_dag_for_alerting_apis.py
[2024-06-22T15:36:41.138+0000] {processor.py:840} INFO - DAG(s) 'demo_dag_for_alerting_apis_final' retrieved from /opt/airflow/dags/demo_dag_for_alerting_apis.py
[2024-06-22T15:36:41.262+0000] {logging_mixin.py:188} INFO - [2024-06-22T15:36:41.261+0000] {dag.py:3096} INFO - Sync 1 DAGs
[2024-06-22T15:36:41.287+0000] {logging_mixin.py:188} INFO - [2024-06-22T15:36:41.287+0000] {dag.py:3954} INFO - Setting next_dagrun for demo_dag_for_alerting_apis_final to 2024-06-22 15:35:00+00:00, run_after=2024-06-22 15:36:00+00:00
[2024-06-22T15:36:41.306+0000] {processor.py:183} INFO - Processing /opt/airflow/dags/demo_dag_for_alerting_apis.py took 0.189 seconds
[2024-06-22T15:37:11.795+0000] {processor.py:161} INFO - Started process (PID=146) to work on /opt/airflow/dags/demo_dag_for_alerting_apis.py
[2024-06-22T15:37:11.796+0000] {processor.py:830} INFO - Processing file /opt/airflow/dags/demo_dag_for_alerting_apis.py for tasks to queue
[2024-06-22T15:37:11.798+0000] {logging_mixin.py:188} INFO - [2024-06-22T15:37:11.797+0000] {dagbag.py:545} INFO - Filling up the DagBag from /opt/airflow/dags/demo_dag_for_alerting_apis.py
[2024-06-22T15:37:11.811+0000] {processor.py:840} INFO - DAG(s) 'demo_dag_for_alerting_apis_final' retrieved from /opt/airflow/dags/demo_dag_for_alerting_apis.py
[2024-06-22T15:37:11.952+0000] {logging_mixin.py:188} INFO - [2024-06-22T15:37:11.952+0000] {dag.py:3096} INFO - Sync 1 DAGs
[2024-06-22T15:37:11.977+0000] {logging_mixin.py:188} INFO - [2024-06-22T15:37:11.977+0000] {dag.py:3954} INFO - Setting next_dagrun for demo_dag_for_alerting_apis_final to 2024-06-22 15:36:00+00:00, run_after=2024-06-22 15:37:00+00:00
[2024-06-22T15:37:11.996+0000] {processor.py:183} INFO - Processing /opt/airflow/dags/demo_dag_for_alerting_apis.py took 0.206 seconds
[2024-06-22T15:37:42.458+0000] {processor.py:161} INFO - Started process (PID=160) to work on /opt/airflow/dags/demo_dag_for_alerting_apis.py
[2024-06-22T15:37:42.459+0000] {processor.py:830} INFO - Processing file /opt/airflow/dags/demo_dag_for_alerting_apis.py for tasks to queue
[2024-06-22T15:37:42.460+0000] {logging_mixin.py:188} INFO - [2024-06-22T15:37:42.460+0000] {dagbag.py:545} INFO - Filling up the DagBag from /opt/airflow/dags/demo_dag_for_alerting_apis.py
[2024-06-22T15:37:42.472+0000] {processor.py:840} INFO - DAG(s) 'demo_dag_for_alerting_apis_final' retrieved from /opt/airflow/dags/demo_dag_for_alerting_apis.py
[2024-06-22T15:37:42.586+0000] {logging_mixin.py:188} INFO - [2024-06-22T15:37:42.586+0000] {dag.py:3096} INFO - Sync 1 DAGs
[2024-06-22T15:37:42.612+0000] {logging_mixin.py:188} INFO - [2024-06-22T15:37:42.612+0000] {dag.py:3954} INFO - Setting next_dagrun for demo_dag_for_alerting_apis_final to 2024-06-22 15:36:00+00:00, run_after=2024-06-22 15:37:00+00:00
[2024-06-22T15:37:42.629+0000] {processor.py:183} INFO - Processing /opt/airflow/dags/demo_dag_for_alerting_apis.py took 0.176 seconds
[2024-06-22T15:38:13.110+0000] {processor.py:161} INFO - Started process (PID=174) to work on /opt/airflow/dags/demo_dag_for_alerting_apis.py
[2024-06-22T15:38:13.111+0000] {processor.py:830} INFO - Processing file /opt/airflow/dags/demo_dag_for_alerting_apis.py for tasks to queue
[2024-06-22T15:38:13.112+0000] {logging_mixin.py:188} INFO - [2024-06-22T15:38:13.112+0000] {dagbag.py:545} INFO - Filling up the DagBag from /opt/airflow/dags/demo_dag_for_alerting_apis.py
[2024-06-22T15:38:13.124+0000] {processor.py:840} INFO - DAG(s) 'demo_dag_for_alerting_apis_final' retrieved from /opt/airflow/dags/demo_dag_for_alerting_apis.py
[2024-06-22T15:38:13.239+0000] {logging_mixin.py:188} INFO - [2024-06-22T15:38:13.238+0000] {dag.py:3096} INFO - Sync 1 DAGs
[2024-06-22T15:38:13.260+0000] {logging_mixin.py:188} INFO - [2024-06-22T15:38:13.260+0000] {dag.py:3954} INFO - Setting next_dagrun for demo_dag_for_alerting_apis_final to 2024-06-22 15:37:00+00:00, run_after=2024-06-22 15:38:00+00:00
[2024-06-22T15:38:13.276+0000] {processor.py:183} INFO - Processing /opt/airflow/dags/demo_dag_for_alerting_apis.py took 0.171 seconds
[2024-06-22T15:38:43.734+0000] {processor.py:161} INFO - Started process (PID=188) to work on /opt/airflow/dags/demo_dag_for_alerting_apis.py
[2024-06-22T15:38:43.735+0000] {processor.py:830} INFO - Processing file /opt/airflow/dags/demo_dag_for_alerting_apis.py for tasks to queue
[2024-06-22T15:38:43.736+0000] {logging_mixin.py:188} INFO - [2024-06-22T15:38:43.736+0000] {dagbag.py:545} INFO - Filling up the DagBag from /opt/airflow/dags/demo_dag_for_alerting_apis.py
[2024-06-22T15:38:43.749+0000] {processor.py:840} INFO - DAG(s) 'demo_dag_for_alerting_apis_final' retrieved from /opt/airflow/dags/demo_dag_for_alerting_apis.py
[2024-06-22T15:38:43.861+0000] {logging_mixin.py:188} INFO - [2024-06-22T15:38:43.861+0000] {dag.py:3096} INFO - Sync 1 DAGs
[2024-06-22T15:38:43.884+0000] {logging_mixin.py:188} INFO - [2024-06-22T15:38:43.884+0000] {dag.py:3954} INFO - Setting next_dagrun for demo_dag_for_alerting_apis_final to 2024-06-22 15:37:00+00:00, run_after=2024-06-22 15:38:00+00:00
[2024-06-22T15:38:43.901+0000] {processor.py:183} INFO - Processing /opt/airflow/dags/demo_dag_for_alerting_apis.py took 0.172 seconds
[2024-06-22T15:39:14.337+0000] {processor.py:161} INFO - Started process (PID=202) to work on /opt/airflow/dags/demo_dag_for_alerting_apis.py
[2024-06-22T15:39:14.338+0000] {processor.py:830} INFO - Processing file /opt/airflow/dags/demo_dag_for_alerting_apis.py for tasks to queue
[2024-06-22T15:39:14.339+0000] {logging_mixin.py:188} INFO - [2024-06-22T15:39:14.339+0000] {dagbag.py:545} INFO - Filling up the DagBag from /opt/airflow/dags/demo_dag_for_alerting_apis.py
[2024-06-22T15:39:14.356+0000] {processor.py:840} INFO - DAG(s) 'demo_dag_for_alerting_apis_final' retrieved from /opt/airflow/dags/demo_dag_for_alerting_apis.py
[2024-06-22T15:39:14.397+0000] {logging_mixin.py:188} INFO - [2024-06-22T15:39:14.397+0000] {dag.py:3096} INFO - Sync 1 DAGs
[2024-06-22T15:39:14.432+0000] {logging_mixin.py:188} INFO - [2024-06-22T15:39:14.431+0000] {dag.py:3954} INFO - Setting next_dagrun for demo_dag_for_alerting_apis_final to 2024-06-22 15:38:00+00:00, run_after=2024-06-22 15:39:00+00:00
[2024-06-22T15:39:14.452+0000] {processor.py:183} INFO - Processing /opt/airflow/dags/demo_dag_for_alerting_apis.py took 0.120 seconds
[2024-06-22T15:39:44.997+0000] {processor.py:161} INFO - Started process (PID=215) to work on /opt/airflow/dags/demo_dag_for_alerting_apis.py
[2024-06-22T15:39:44.998+0000] {processor.py:830} INFO - Processing file /opt/airflow/dags/demo_dag_for_alerting_apis.py for tasks to queue
[2024-06-22T15:39:45.000+0000] {logging_mixin.py:188} INFO - [2024-06-22T15:39:44.999+0000] {dagbag.py:545} INFO - Filling up the DagBag from /opt/airflow/dags/demo_dag_for_alerting_apis.py
[2024-06-22T15:39:45.013+0000] {processor.py:840} INFO - DAG(s) 'demo_dag_for_alerting_apis_final' retrieved from /opt/airflow/dags/demo_dag_for_alerting_apis.py
[2024-06-22T15:39:45.129+0000] {logging_mixin.py:188} INFO - [2024-06-22T15:39:45.128+0000] {dag.py:3096} INFO - Sync 1 DAGs
[2024-06-22T15:39:45.152+0000] {logging_mixin.py:188} INFO - [2024-06-22T15:39:45.152+0000] {dag.py:3954} INFO - Setting next_dagrun for demo_dag_for_alerting_apis_final to 2024-06-22 15:38:00+00:00, run_after=2024-06-22 15:39:00+00:00
[2024-06-22T15:39:45.170+0000] {processor.py:183} INFO - Processing /opt/airflow/dags/demo_dag_for_alerting_apis.py took 0.177 seconds
[2024-06-22T15:40:15.650+0000] {processor.py:161} INFO - Started process (PID=229) to work on /opt/airflow/dags/demo_dag_for_alerting_apis.py
[2024-06-22T15:40:15.650+0000] {processor.py:830} INFO - Processing file /opt/airflow/dags/demo_dag_for_alerting_apis.py for tasks to queue
[2024-06-22T15:40:15.652+0000] {logging_mixin.py:188} INFO - [2024-06-22T15:40:15.651+0000] {dagbag.py:545} INFO - Filling up the DagBag from /opt/airflow/dags/demo_dag_for_alerting_apis.py
[2024-06-22T15:40:15.665+0000] {processor.py:840} INFO - DAG(s) 'demo_dag_for_alerting_apis_final' retrieved from /opt/airflow/dags/demo_dag_for_alerting_apis.py
[2024-06-22T15:40:15.780+0000] {logging_mixin.py:188} INFO - [2024-06-22T15:40:15.780+0000] {dag.py:3096} INFO - Sync 1 DAGs
[2024-06-22T15:40:15.806+0000] {logging_mixin.py:188} INFO - [2024-06-22T15:40:15.806+0000] {dag.py:3954} INFO - Setting next_dagrun for demo_dag_for_alerting_apis_final to 2024-06-22 15:39:00+00:00, run_after=2024-06-22 15:40:00+00:00
[2024-06-22T15:40:15.825+0000] {processor.py:183} INFO - Processing /opt/airflow/dags/demo_dag_for_alerting_apis.py took 0.180 seconds
[2024-06-22T15:40:46.310+0000] {processor.py:161} INFO - Started process (PID=243) to work on /opt/airflow/dags/demo_dag_for_alerting_apis.py
[2024-06-22T15:40:46.311+0000] {processor.py:830} INFO - Processing file /opt/airflow/dags/demo_dag_for_alerting_apis.py for tasks to queue
[2024-06-22T15:40:46.313+0000] {logging_mixin.py:188} INFO - [2024-06-22T15:40:46.312+0000] {dagbag.py:545} INFO - Filling up the DagBag from /opt/airflow/dags/demo_dag_for_alerting_apis.py
[2024-06-22T15:40:46.326+0000] {processor.py:840} INFO - DAG(s) 'demo_dag_for_alerting_apis_final' retrieved from /opt/airflow/dags/demo_dag_for_alerting_apis.py
[2024-06-22T15:40:46.448+0000] {logging_mixin.py:188} INFO - [2024-06-22T15:40:46.448+0000] {dag.py:3096} INFO - Sync 1 DAGs
[2024-06-22T15:40:46.479+0000] {logging_mixin.py:188} INFO - [2024-06-22T15:40:46.478+0000] {dag.py:3954} INFO - Setting next_dagrun for demo_dag_for_alerting_apis_final to 2024-06-22 15:39:00+00:00, run_after=2024-06-22 15:40:00+00:00
[2024-06-22T15:40:46.497+0000] {processor.py:183} INFO - Processing /opt/airflow/dags/demo_dag_for_alerting_apis.py took 0.192 seconds
[2024-06-22T15:41:16.987+0000] {processor.py:161} INFO - Started process (PID=257) to work on /opt/airflow/dags/demo_dag_for_alerting_apis.py
[2024-06-22T15:41:16.988+0000] {processor.py:830} INFO - Processing file /opt/airflow/dags/demo_dag_for_alerting_apis.py for tasks to queue
[2024-06-22T15:41:16.989+0000] {logging_mixin.py:188} INFO - [2024-06-22T15:41:16.989+0000] {dagbag.py:545} INFO - Filling up the DagBag from /opt/airflow/dags/demo_dag_for_alerting_apis.py
[2024-06-22T15:41:17.002+0000] {processor.py:840} INFO - DAG(s) 'demo_dag_for_alerting_apis_final' retrieved from /opt/airflow/dags/demo_dag_for_alerting_apis.py
[2024-06-22T15:41:17.126+0000] {logging_mixin.py:188} INFO - [2024-06-22T15:41:17.126+0000] {dag.py:3096} INFO - Sync 1 DAGs
[2024-06-22T15:41:17.156+0000] {logging_mixin.py:188} INFO - [2024-06-22T15:41:17.156+0000] {dag.py:3954} INFO - Setting next_dagrun for demo_dag_for_alerting_apis_final to 2024-06-22 15:40:00+00:00, run_after=2024-06-22 15:41:00+00:00
[2024-06-22T15:41:17.177+0000] {processor.py:183} INFO - Processing /opt/airflow/dags/demo_dag_for_alerting_apis.py took 0.195 seconds
[2024-06-22T15:41:47.219+0000] {processor.py:161} INFO - Started process (PID=272) to work on /opt/airflow/dags/demo_dag_for_alerting_apis.py
[2024-06-22T15:41:47.220+0000] {processor.py:830} INFO - Processing file /opt/airflow/dags/demo_dag_for_alerting_apis.py for tasks to queue
[2024-06-22T15:41:47.221+0000] {logging_mixin.py:188} INFO - [2024-06-22T15:41:47.221+0000] {dagbag.py:545} INFO - Filling up the DagBag from /opt/airflow/dags/demo_dag_for_alerting_apis.py
[2024-06-22T15:41:47.234+0000] {processor.py:840} INFO - DAG(s) 'demo_dag_for_alerting_apis_final' retrieved from /opt/airflow/dags/demo_dag_for_alerting_apis.py
[2024-06-22T15:41:47.346+0000] {logging_mixin.py:188} INFO - [2024-06-22T15:41:47.345+0000] {dag.py:3096} INFO - Sync 1 DAGs
[2024-06-22T15:41:47.367+0000] {logging_mixin.py:188} INFO - [2024-06-22T15:41:47.367+0000] {dag.py:3954} INFO - Setting next_dagrun for demo_dag_for_alerting_apis_final to 2024-06-22 15:40:00+00:00, run_after=2024-06-22 15:41:00+00:00
[2024-06-22T15:41:47.382+0000] {processor.py:183} INFO - Processing /opt/airflow/dags/demo_dag_for_alerting_apis.py took 0.168 seconds
[2024-06-22T15:42:17.944+0000] {processor.py:161} INFO - Started process (PID=286) to work on /opt/airflow/dags/demo_dag_for_alerting_apis.py
[2024-06-22T15:42:17.945+0000] {processor.py:830} INFO - Processing file /opt/airflow/dags/demo_dag_for_alerting_apis.py for tasks to queue
[2024-06-22T15:42:17.947+0000] {logging_mixin.py:188} INFO - [2024-06-22T15:42:17.946+0000] {dagbag.py:545} INFO - Filling up the DagBag from /opt/airflow/dags/demo_dag_for_alerting_apis.py
[2024-06-22T15:42:17.959+0000] {processor.py:840} INFO - DAG(s) 'demo_dag_for_alerting_apis_final' retrieved from /opt/airflow/dags/demo_dag_for_alerting_apis.py
[2024-06-22T15:42:18.073+0000] {logging_mixin.py:188} INFO - [2024-06-22T15:42:18.073+0000] {dag.py:3096} INFO - Sync 1 DAGs
[2024-06-22T15:42:18.097+0000] {logging_mixin.py:188} INFO - [2024-06-22T15:42:18.096+0000] {dag.py:3954} INFO - Setting next_dagrun for demo_dag_for_alerting_apis_final to 2024-06-22 15:41:00+00:00, run_after=2024-06-22 15:42:00+00:00
[2024-06-22T15:42:18.117+0000] {processor.py:183} INFO - Processing /opt/airflow/dags/demo_dag_for_alerting_apis.py took 0.178 seconds
[2024-06-22T15:42:48.590+0000] {processor.py:161} INFO - Started process (PID=299) to work on /opt/airflow/dags/demo_dag_for_alerting_apis.py
[2024-06-22T15:42:48.591+0000] {processor.py:830} INFO - Processing file /opt/airflow/dags/demo_dag_for_alerting_apis.py for tasks to queue
[2024-06-22T15:42:48.592+0000] {logging_mixin.py:188} INFO - [2024-06-22T15:42:48.592+0000] {dagbag.py:545} INFO - Filling up the DagBag from /opt/airflow/dags/demo_dag_for_alerting_apis.py
[2024-06-22T15:42:48.605+0000] {processor.py:840} INFO - DAG(s) 'demo_dag_for_alerting_apis_final' retrieved from /opt/airflow/dags/demo_dag_for_alerting_apis.py
[2024-06-22T15:42:48.716+0000] {logging_mixin.py:188} INFO - [2024-06-22T15:42:48.715+0000] {dag.py:3096} INFO - Sync 1 DAGs
[2024-06-22T15:42:48.742+0000] {logging_mixin.py:188} INFO - [2024-06-22T15:42:48.741+0000] {dag.py:3954} INFO - Setting next_dagrun for demo_dag_for_alerting_apis_final to 2024-06-22 15:41:00+00:00, run_after=2024-06-22 15:42:00+00:00
[2024-06-22T15:42:48.763+0000] {processor.py:183} INFO - Processing /opt/airflow/dags/demo_dag_for_alerting_apis.py took 0.178 seconds
[2024-06-22T15:43:19.235+0000] {processor.py:161} INFO - Started process (PID=313) to work on /opt/airflow/dags/demo_dag_for_alerting_apis.py
[2024-06-22T15:43:19.236+0000] {processor.py:830} INFO - Processing file /opt/airflow/dags/demo_dag_for_alerting_apis.py for tasks to queue
[2024-06-22T15:43:19.238+0000] {logging_mixin.py:188} INFO - [2024-06-22T15:43:19.237+0000] {dagbag.py:545} INFO - Filling up the DagBag from /opt/airflow/dags/demo_dag_for_alerting_apis.py
[2024-06-22T15:43:19.251+0000] {processor.py:840} INFO - DAG(s) 'demo_dag_for_alerting_apis_final' retrieved from /opt/airflow/dags/demo_dag_for_alerting_apis.py
[2024-06-22T15:43:19.368+0000] {logging_mixin.py:188} INFO - [2024-06-22T15:43:19.368+0000] {dag.py:3096} INFO - Sync 1 DAGs
[2024-06-22T15:43:19.392+0000] {logging_mixin.py:188} INFO - [2024-06-22T15:43:19.392+0000] {dag.py:3954} INFO - Setting next_dagrun for demo_dag_for_alerting_apis_final to 2024-06-22 15:42:00+00:00, run_after=2024-06-22 15:43:00+00:00
[2024-06-22T15:43:19.410+0000] {processor.py:183} INFO - Processing /opt/airflow/dags/demo_dag_for_alerting_apis.py took 0.179 seconds
[2024-06-22T15:43:49.877+0000] {processor.py:161} INFO - Started process (PID=327) to work on /opt/airflow/dags/demo_dag_for_alerting_apis.py
[2024-06-22T15:43:49.878+0000] {processor.py:830} INFO - Processing file /opt/airflow/dags/demo_dag_for_alerting_apis.py for tasks to queue
[2024-06-22T15:43:49.879+0000] {logging_mixin.py:188} INFO - [2024-06-22T15:43:49.879+0000] {dagbag.py:545} INFO - Filling up the DagBag from /opt/airflow/dags/demo_dag_for_alerting_apis.py
[2024-06-22T15:43:49.894+0000] {processor.py:840} INFO - DAG(s) 'demo_dag_for_alerting_apis_final' retrieved from /opt/airflow/dags/demo_dag_for_alerting_apis.py
[2024-06-22T15:43:50.019+0000] {logging_mixin.py:188} INFO - [2024-06-22T15:43:50.019+0000] {dag.py:3096} INFO - Sync 1 DAGs
[2024-06-22T15:43:50.048+0000] {logging_mixin.py:188} INFO - [2024-06-22T15:43:50.047+0000] {dag.py:3954} INFO - Setting next_dagrun for demo_dag_for_alerting_apis_final to 2024-06-22 15:42:00+00:00, run_after=2024-06-22 15:43:00+00:00
[2024-06-22T15:43:50.069+0000] {processor.py:183} INFO - Processing /opt/airflow/dags/demo_dag_for_alerting_apis.py took 0.197 seconds
[2024-06-22T15:44:20.571+0000] {processor.py:161} INFO - Started process (PID=341) to work on /opt/airflow/dags/demo_dag_for_alerting_apis.py
[2024-06-22T15:44:20.572+0000] {processor.py:830} INFO - Processing file /opt/airflow/dags/demo_dag_for_alerting_apis.py for tasks to queue
[2024-06-22T15:44:20.573+0000] {logging_mixin.py:188} INFO - [2024-06-22T15:44:20.573+0000] {dagbag.py:545} INFO - Filling up the DagBag from /opt/airflow/dags/demo_dag_for_alerting_apis.py
[2024-06-22T15:44:20.590+0000] {processor.py:840} INFO - DAG(s) 'demo_dag_for_alerting_apis_final' retrieved from /opt/airflow/dags/demo_dag_for_alerting_apis.py
[2024-06-22T15:44:20.745+0000] {logging_mixin.py:188} INFO - [2024-06-22T15:44:20.744+0000] {dag.py:3096} INFO - Sync 1 DAGs
[2024-06-22T15:44:20.781+0000] {logging_mixin.py:188} INFO - [2024-06-22T15:44:20.780+0000] {dag.py:3954} INFO - Setting next_dagrun for demo_dag_for_alerting_apis_final to 2024-06-22 15:43:00+00:00, run_after=2024-06-22 15:44:00+00:00
[2024-06-22T15:44:20.806+0000] {processor.py:183} INFO - Processing /opt/airflow/dags/demo_dag_for_alerting_apis.py took 0.241 seconds
[2024-06-22T15:44:51.329+0000] {processor.py:161} INFO - Started process (PID=354) to work on /opt/airflow/dags/demo_dag_for_alerting_apis.py
[2024-06-22T15:44:51.330+0000] {processor.py:830} INFO - Processing file /opt/airflow/dags/demo_dag_for_alerting_apis.py for tasks to queue
[2024-06-22T15:44:51.331+0000] {logging_mixin.py:188} INFO - [2024-06-22T15:44:51.331+0000] {dagbag.py:545} INFO - Filling up the DagBag from /opt/airflow/dags/demo_dag_for_alerting_apis.py
[2024-06-22T15:44:51.353+0000] {processor.py:840} INFO - DAG(s) 'demo_dag_for_alerting_apis_final' retrieved from /opt/airflow/dags/demo_dag_for_alerting_apis.py
[2024-06-22T15:44:51.531+0000] {logging_mixin.py:188} INFO - [2024-06-22T15:44:51.531+0000] {dag.py:3096} INFO - Sync 1 DAGs
[2024-06-22T15:44:51.574+0000] {logging_mixin.py:188} INFO - [2024-06-22T15:44:51.573+0000] {dag.py:3954} INFO - Setting next_dagrun for demo_dag_for_alerting_apis_final to 2024-06-22 15:43:00+00:00, run_after=2024-06-22 15:44:00+00:00
[2024-06-22T15:44:51.599+0000] {processor.py:183} INFO - Processing /opt/airflow/dags/demo_dag_for_alerting_apis.py took 0.278 seconds
[2024-06-22T15:45:22.178+0000] {processor.py:161} INFO - Started process (PID=368) to work on /opt/airflow/dags/demo_dag_for_alerting_apis.py
[2024-06-22T15:45:22.178+0000] {processor.py:830} INFO - Processing file /opt/airflow/dags/demo_dag_for_alerting_apis.py for tasks to queue
[2024-06-22T15:45:22.180+0000] {logging_mixin.py:188} INFO - [2024-06-22T15:45:22.180+0000] {dagbag.py:545} INFO - Filling up the DagBag from /opt/airflow/dags/demo_dag_for_alerting_apis.py
[2024-06-22T15:45:22.194+0000] {processor.py:840} INFO - DAG(s) 'demo_dag_for_alerting_apis_final' retrieved from /opt/airflow/dags/demo_dag_for_alerting_apis.py
[2024-06-22T15:45:22.325+0000] {logging_mixin.py:188} INFO - [2024-06-22T15:45:22.325+0000] {dag.py:3096} INFO - Sync 1 DAGs
[2024-06-22T15:45:22.352+0000] {logging_mixin.py:188} INFO - [2024-06-22T15:45:22.352+0000] {dag.py:3954} INFO - Setting next_dagrun for demo_dag_for_alerting_apis_final to 2024-06-22 15:44:00+00:00, run_after=2024-06-22 15:45:00+00:00
[2024-06-22T15:45:22.373+0000] {processor.py:183} INFO - Processing /opt/airflow/dags/demo_dag_for_alerting_apis.py took 0.201 seconds
[2024-06-22T15:45:52.859+0000] {processor.py:161} INFO - Started process (PID=383) to work on /opt/airflow/dags/demo_dag_for_alerting_apis.py
[2024-06-22T15:45:52.860+0000] {processor.py:830} INFO - Processing file /opt/airflow/dags/demo_dag_for_alerting_apis.py for tasks to queue
[2024-06-22T15:45:52.862+0000] {logging_mixin.py:188} INFO - [2024-06-22T15:45:52.861+0000] {dagbag.py:545} INFO - Filling up the DagBag from /opt/airflow/dags/demo_dag_for_alerting_apis.py
[2024-06-22T15:45:52.878+0000] {processor.py:840} INFO - DAG(s) 'demo_dag_for_alerting_apis_final' retrieved from /opt/airflow/dags/demo_dag_for_alerting_apis.py
[2024-06-22T15:45:53.026+0000] {logging_mixin.py:188} INFO - [2024-06-22T15:45:53.026+0000] {dag.py:3096} INFO - Sync 1 DAGs
[2024-06-22T15:45:53.055+0000] {logging_mixin.py:188} INFO - [2024-06-22T15:45:53.054+0000] {dag.py:3954} INFO - Setting next_dagrun for demo_dag_for_alerting_apis_final to 2024-06-22 15:44:00+00:00, run_after=2024-06-22 15:45:00+00:00
[2024-06-22T15:45:53.077+0000] {processor.py:183} INFO - Processing /opt/airflow/dags/demo_dag_for_alerting_apis.py took 0.223 seconds
