[2024-06-26T10:14:01.831+0000] {local_task_job_runner.py:120} INFO - ::group::Pre task execution logs
[2024-06-26T10:14:01.872+0000] {taskinstance.py:2076} INFO - Dependencies all met for dep_context=non-requeueable deps ti=<TaskInstance: demo_dag_for_alerting_final.check_previous_run_status scheduled__2024-06-26T10:13:00+00:00 [queued]>
[2024-06-26T10:14:01.888+0000] {taskinstance.py:2076} INFO - Dependencies all met for dep_context=requeueable deps ti=<TaskInstance: demo_dag_for_alerting_final.check_previous_run_status scheduled__2024-06-26T10:13:00+00:00 [queued]>
[2024-06-26T10:14:01.889+0000] {taskinstance.py:2306} INFO - Starting attempt 1 of 6
[2024-06-26T10:14:01.913+0000] {taskinstance.py:2330} INFO - Executing <Task(BranchPythonOperator): check_previous_run_status> on 2024-06-26 10:13:00+00:00
[2024-06-26T10:14:01.921+0000] {warnings.py:110} WARNING - /home/***/.local/lib/python3.12/site-packages/***/task/task_runner/standard_task_runner.py:61: DeprecationWarning: This process (pid=6331) is multi-threaded, use of fork() may lead to deadlocks in the child.
  pid = os.fork()

[2024-06-26T10:14:01.923+0000] {standard_task_runner.py:63} INFO - Started process 6333 to run task
[2024-06-26T10:14:01.923+0000] {standard_task_runner.py:90} INFO - Running: ['***', 'tasks', 'run', 'demo_dag_for_alerting_final', 'check_previous_run_status', 'scheduled__2024-06-26T10:13:00+00:00', '--job-id', '4288', '--raw', '--subdir', 'DAGS_FOLDER/demo_dag_for_alerting.py', '--cfg-path', '/tmp/tmp4jpb3win']
[2024-06-26T10:14:01.925+0000] {standard_task_runner.py:91} INFO - Job 4288: Subtask check_previous_run_status
[2024-06-26T10:14:01.990+0000] {task_command.py:426} INFO - Running <TaskInstance: demo_dag_for_alerting_final.check_previous_run_status scheduled__2024-06-26T10:13:00+00:00 [running]> on host ced2311e92d2
[2024-06-26T10:14:02.125+0000] {taskinstance.py:2648} INFO - Exporting env vars: AIRFLOW_CTX_DAG_OWNER='***' AIRFLOW_CTX_DAG_ID='demo_dag_for_alerting_final' AIRFLOW_CTX_TASK_ID='check_previous_run_status' AIRFLOW_CTX_EXECUTION_DATE='2024-06-26T10:13:00+00:00' AIRFLOW_CTX_TRY_NUMBER='1' AIRFLOW_CTX_DAG_RUN_ID='scheduled__2024-06-26T10:13:00+00:00'
[2024-06-26T10:14:02.126+0000] {taskinstance.py:430} INFO - ::endgroup::
[2024-06-26T10:14:02.146+0000] {baseoperator.py:399} WARNING - BranchPythonOperator.execute cannot be called outside TaskInstance!
[2024-06-26T10:14:02.147+0000] {helper_functions.py:114} INFO - Reading encrypted details from ('/opt/***/dags/postgres_connection.py', '/opt/***/dags/***_api_configuration.py')
[2024-06-26T10:14:02.155+0000] {helper_functions.py:117} INFO - Decrypted postgres connection: {'user': '***', 'password': '***', 'dbname': '***', 'host': '172.240.4.3', 'port': '5432'}
[2024-06-26T10:14:02.159+0000] {helper_functions.py:82} INFO - Executing create table SQL
[2024-06-26T10:14:02.160+0000] {helper_functions.py:86} INFO - Checking existing record for dag_id and task_id
[2024-06-26T10:14:02.161+0000] {helper_functions.py:103} INFO - Inserting new record for demo_dag_for_alerting_final - check_previous_run_status
[2024-06-26T10:14:02.162+0000] {helper_functions.py:107} ERROR - Failed to update database for demo_dag_for_alerting_final - check_previous_run_status: can't execute an empty query
Traceback (most recent call last):
  File "/opt/airflow/dags/helper_functions.py", line 104, in update_database
    cur.execute(self.insert_query, (dag_id, task_id, current_time))
psycopg2.ProgrammingError: can't execute an empty query
[2024-06-26T10:14:02.164+0000] {python.py:237} INFO - Done. Returned value was: skip_run
[2024-06-26T10:14:02.165+0000] {branch.py:36} INFO - Branch into skip_run
[2024-06-26T10:14:02.165+0000] {skipmixin.py:178} INFO - Following branch skip_run
[2024-06-26T10:14:02.186+0000] {skipmixin.py:246} INFO - Skipping tasks [('start_run', -1)]
[2024-06-26T10:14:02.222+0000] {taskinstance.py:441} INFO - ::group::Post task execution logs
[2024-06-26T10:14:02.254+0000] {taskinstance.py:1206} INFO - Marking task as SUCCESS. dag_id=demo_dag_for_alerting_final, task_id=check_previous_run_status, run_id=scheduled__2024-06-26T10:13:00+00:00, execution_date=20240626T101300, start_date=20240626T101401, end_date=20240626T101402
[2024-06-26T10:14:02.299+0000] {local_task_job_runner.py:240} INFO - Task exited with return code 0
[2024-06-26T10:14:02.372+0000] {taskinstance.py:3498} INFO - 1 downstream tasks scheduled from follow-on schedule check
[2024-06-26T10:14:02.378+0000] {local_task_job_runner.py:222} INFO - ::endgroup::
