[2024-06-19T18:18:19.847+0000] {local_task_job_runner.py:120} INFO - ::group::Pre task execution logs
[2024-06-19T18:18:19.874+0000] {taskinstance.py:2076} INFO - Dependencies all met for dep_context=non-requeueable deps ti=<TaskInstance: demo_dag_for_alerting_final_1.check_previous_run_status scheduled__2024-06-19T18:16:00+00:00 [queued]>
[2024-06-19T18:18:19.885+0000] {taskinstance.py:2076} INFO - Dependencies all met for dep_context=requeueable deps ti=<TaskInstance: demo_dag_for_alerting_final_1.check_previous_run_status scheduled__2024-06-19T18:16:00+00:00 [queued]>
[2024-06-19T18:18:19.885+0000] {taskinstance.py:2306} INFO - Starting attempt 1 of 6
[2024-06-19T18:18:19.905+0000] {taskinstance.py:2330} INFO - Executing <Task(BranchPythonOperator): check_previous_run_status> on 2024-06-19 18:16:00+00:00
[2024-06-19T18:18:19.912+0000] {warnings.py:110} WARNING - /home/***/.local/lib/python3.12/site-packages/***/task/task_runner/standard_task_runner.py:61: DeprecationWarning: This process (pid=946) is multi-threaded, use of fork() may lead to deadlocks in the child.
  pid = os.fork()

[2024-06-19T18:18:19.913+0000] {standard_task_runner.py:63} INFO - Started process 951 to run task
[2024-06-19T18:18:19.913+0000] {standard_task_runner.py:90} INFO - Running: ['***', 'tasks', 'run', 'demo_dag_for_alerting_final_1', 'check_previous_run_status', 'scheduled__2024-06-19T18:16:00+00:00', '--job-id', '1598', '--raw', '--subdir', 'DAGS_FOLDER/demo_dag_for_alerting.py', '--cfg-path', '/tmp/tmpxq780rlt']
[2024-06-19T18:18:19.914+0000] {standard_task_runner.py:91} INFO - Job 1598: Subtask check_previous_run_status
[2024-06-19T18:18:19.969+0000] {task_command.py:426} INFO - Running <TaskInstance: demo_dag_for_alerting_final_1.check_previous_run_status scheduled__2024-06-19T18:16:00+00:00 [running]> on host e66744caf823
[2024-06-19T18:18:20.101+0000] {taskinstance.py:2648} INFO - Exporting env vars: AIRFLOW_CTX_DAG_OWNER='***' AIRFLOW_CTX_DAG_ID='demo_dag_for_alerting_final_1' AIRFLOW_CTX_TASK_ID='check_previous_run_status' AIRFLOW_CTX_EXECUTION_DATE='2024-06-19T18:16:00+00:00' AIRFLOW_CTX_TRY_NUMBER='1' AIRFLOW_CTX_DAG_RUN_ID='scheduled__2024-06-19T18:16:00+00:00'
[2024-06-19T18:18:20.102+0000] {taskinstance.py:430} INFO - ::endgroup::
[2024-06-19T18:18:20.117+0000] {baseoperator.py:399} WARNING - BranchPythonOperator.execute cannot be called outside TaskInstance!
[2024-06-19T18:18:20.124+0000] {python.py:237} INFO - Done. Returned value was: start_run
[2024-06-19T18:18:20.124+0000] {branch.py:36} INFO - Branch into start_run
[2024-06-19T18:18:20.125+0000] {skipmixin.py:178} INFO - Following branch start_run
[2024-06-19T18:18:20.146+0000] {skipmixin.py:246} INFO - Skipping tasks [('skip_run', -1)]
[2024-06-19T18:18:20.172+0000] {taskinstance.py:441} INFO - ::group::Post task execution logs
[2024-06-19T18:18:20.202+0000] {taskinstance.py:1206} INFO - Marking task as SUCCESS. dag_id=demo_dag_for_alerting_final_1, task_id=check_previous_run_status, run_id=scheduled__2024-06-19T18:16:00+00:00, execution_date=20240619T181600, start_date=20240619T181819, end_date=20240619T181820
[2024-06-19T18:18:20.249+0000] {local_task_job_runner.py:240} INFO - Task exited with return code 0
[2024-06-19T18:18:20.290+0000] {taskinstance.py:3498} INFO - 0 downstream tasks scheduled from follow-on schedule check
[2024-06-19T18:18:20.292+0000] {local_task_job_runner.py:222} INFO - ::endgroup::
