[2024-06-19T18:45:02.947+0000] {local_task_job_runner.py:120} INFO - ::group::Pre task execution logs
[2024-06-19T18:45:02.975+0000] {taskinstance.py:2076} INFO - Dependencies all met for dep_context=non-requeueable deps ti=<TaskInstance: alerting_all_dags_using_apis.get_all_dag_ids_last_limit_run_ids scheduled__2024-06-19T18:30:00+00:00 [queued]>
[2024-06-19T18:45:02.987+0000] {taskinstance.py:2076} INFO - Dependencies all met for dep_context=requeueable deps ti=<TaskInstance: alerting_all_dags_using_apis.get_all_dag_ids_last_limit_run_ids scheduled__2024-06-19T18:30:00+00:00 [queued]>
[2024-06-19T18:45:02.988+0000] {taskinstance.py:2306} INFO - Starting attempt 1 of 6
[2024-06-19T18:45:03.007+0000] {taskinstance.py:2330} INFO - Executing <Task(PythonOperator): get_all_dag_ids_last_limit_run_ids> on 2024-06-19 18:30:00+00:00
[2024-06-19T18:45:03.013+0000] {warnings.py:110} WARNING - /home/***/.local/lib/python3.12/site-packages/***/task/task_runner/standard_task_runner.py:61: DeprecationWarning: This process (pid=1725) is multi-threaded, use of fork() may lead to deadlocks in the child.
  pid = os.fork()

[2024-06-19T18:45:03.015+0000] {standard_task_runner.py:63} INFO - Started process 1728 to run task
[2024-06-19T18:45:03.015+0000] {standard_task_runner.py:90} INFO - Running: ['***', 'tasks', 'run', 'alerting_all_dags_using_apis', 'get_all_dag_ids_last_limit_run_ids', 'scheduled__2024-06-19T18:30:00+00:00', '--job-id', '1811', '--raw', '--subdir', 'DAGS_FOLDER/alerting_all_dags_using_apis.py', '--cfg-path', '/tmp/tmpdqsd4lgz']
[2024-06-19T18:45:03.017+0000] {standard_task_runner.py:91} INFO - Job 1811: Subtask get_all_dag_ids_last_limit_run_ids
[2024-06-19T18:45:03.072+0000] {task_command.py:426} INFO - Running <TaskInstance: alerting_all_dags_using_apis.get_all_dag_ids_last_limit_run_ids scheduled__2024-06-19T18:30:00+00:00 [running]> on host e66744caf823
[2024-06-19T18:45:03.199+0000] {taskinstance.py:2648} INFO - Exporting env vars: AIRFLOW_CTX_DAG_OWNER='***' AIRFLOW_CTX_DAG_ID='alerting_all_dags_using_apis' AIRFLOW_CTX_TASK_ID='get_all_dag_ids_last_limit_run_ids' AIRFLOW_CTX_EXECUTION_DATE='2024-06-19T18:30:00+00:00' AIRFLOW_CTX_TRY_NUMBER='1' AIRFLOW_CTX_DAG_RUN_ID='scheduled__2024-06-19T18:30:00+00:00'
[2024-06-19T18:45:03.200+0000] {taskinstance.py:430} INFO - ::endgroup::
[2024-06-19T18:45:03.220+0000] {helper_functions.py:180} INFO - Requesting http://***:***@172.240.2.4:8080/api/v1/dags/alerting_all_dags_using_apis/dagRuns?limit=3&order_by=-start_date
[2024-06-19T18:45:03.475+0000] {helper_functions.py:180} INFO - Requesting http://***:***@172.240.2.4:8080/api/v1/dags/create_table/dagRuns?limit=3&order_by=-start_date
[2024-06-19T18:45:03.712+0000] {helper_functions.py:180} INFO - Requesting http://***:***@172.240.2.4:8080/api/v1/dags/demo_dag_for_alerting_apis_final/dagRuns?limit=3&order_by=-start_date
[2024-06-19T18:45:03.893+0000] {helper_functions.py:180} INFO - Requesting http://***:***@172.240.2.4:8080/api/v1/dags/demo_dag_for_alerting_final_1/dagRuns?limit=3&order_by=-start_date
[2024-06-19T18:45:04.076+0000] {helper_functions.py:180} INFO - Requesting http://***:***@172.240.2.4:8080/api/v1/dags/file_jsons_to_postgres/dagRuns?limit=3&order_by=-start_date
[2024-06-19T18:45:04.401+0000] {helper_functions.py:187} INFO - Run IDs: {'alerting_all_dags_using_apis': ['scheduled__2024-06-19T18:30:00+00:00', 'scheduled__2024-06-19T18:15:00+00:00', 'manual__2024-06-19T18:27:56.448509+00:00'], 'create_table': ['scheduled__2024-06-18T00:00:00+00:00', 'manual__2024-06-12T06:16:49.488642+00:00', 'manual__2024-06-12T06:08:17.088814+00:00'], 'demo_dag_for_alerting_apis_final': ['scheduled__2024-06-19T18:44:00+00:00', 'scheduled__2024-06-19T18:43:00+00:00', 'scheduled__2024-06-19T18:42:00+00:00'], 'demo_dag_for_alerting_final_1': ['scheduled__2024-06-19T18:44:00+00:00', 'scheduled__2024-06-19T18:43:00+00:00', 'scheduled__2024-06-19T18:42:00+00:00'], 'file_jsons_to_postgres': ['scheduled__2024-06-19T18:40:00+00:00', 'scheduled__2024-06-19T18:35:00+00:00', 'scheduled__2024-06-19T18:30:00+00:00']}
[2024-06-19T18:45:04.401+0000] {python.py:237} INFO - Done. Returned value was: {'alerting_all_dags_using_apis': ['scheduled__2024-06-19T18:30:00+00:00', 'scheduled__2024-06-19T18:15:00+00:00', 'manual__2024-06-19T18:27:56.448509+00:00'], 'create_table': ['scheduled__2024-06-18T00:00:00+00:00', 'manual__2024-06-12T06:16:49.488642+00:00', 'manual__2024-06-12T06:08:17.088814+00:00'], 'demo_dag_for_alerting_apis_final': ['scheduled__2024-06-19T18:44:00+00:00', 'scheduled__2024-06-19T18:43:00+00:00', 'scheduled__2024-06-19T18:42:00+00:00'], 'demo_dag_for_alerting_final_1': ['scheduled__2024-06-19T18:44:00+00:00', 'scheduled__2024-06-19T18:43:00+00:00', 'scheduled__2024-06-19T18:42:00+00:00'], 'file_jsons_to_postgres': ['scheduled__2024-06-19T18:40:00+00:00', 'scheduled__2024-06-19T18:35:00+00:00', 'scheduled__2024-06-19T18:30:00+00:00']}
[2024-06-19T18:45:04.401+0000] {taskinstance.py:441} INFO - ::group::Post task execution logs
[2024-06-19T18:45:04.424+0000] {taskinstance.py:1206} INFO - Marking task as SUCCESS. dag_id=alerting_all_dags_using_apis, task_id=get_all_dag_ids_last_limit_run_ids, run_id=scheduled__2024-06-19T18:30:00+00:00, execution_date=20240619T183000, start_date=20240619T184502, end_date=20240619T184504
[2024-06-19T18:45:04.482+0000] {local_task_job_runner.py:240} INFO - Task exited with return code 0
[2024-06-19T18:45:04.514+0000] {taskinstance.py:3498} INFO - 1 downstream tasks scheduled from follow-on schedule check
[2024-06-19T18:45:04.516+0000] {local_task_job_runner.py:222} INFO - ::endgroup::
