[2024-06-25T13:09:04.973+0000] {local_task_job_runner.py:120} INFO - ::group::Pre task execution logs
[2024-06-25T13:09:05.027+0000] {taskinstance.py:2076} INFO - Dependencies all met for dep_context=non-requeueable deps ti=<TaskInstance: demo_dag_for_alerting_apis_final.skip_run scheduled__2024-06-25T13:07:00+00:00 [queued]>
[2024-06-25T13:09:05.044+0000] {taskinstance.py:2076} INFO - Dependencies all met for dep_context=requeueable deps ti=<TaskInstance: demo_dag_for_alerting_apis_final.skip_run scheduled__2024-06-25T13:07:00+00:00 [queued]>
[2024-06-25T13:09:05.044+0000] {taskinstance.py:2306} INFO - Starting attempt 2 of 6
[2024-06-25T13:09:05.070+0000] {taskinstance.py:2330} INFO - Executing <Task(PythonOperator): skip_run> on 2024-06-25 13:07:00+00:00
[2024-06-25T13:09:05.079+0000] {warnings.py:110} WARNING - /home/***/.local/lib/python3.12/site-packages/***/task/task_runner/standard_task_runner.py:61: DeprecationWarning: This process (pid=2177) is multi-threaded, use of fork() may lead to deadlocks in the child.
  pid = os.fork()

[2024-06-25T13:09:05.081+0000] {standard_task_runner.py:63} INFO - Started process 2179 to run task
[2024-06-25T13:09:05.080+0000] {standard_task_runner.py:90} INFO - Running: ['***', 'tasks', 'run', 'demo_dag_for_alerting_apis_final', 'skip_run', 'scheduled__2024-06-25T13:07:00+00:00', '--job-id', '4001', '--raw', '--subdir', 'DAGS_FOLDER/demo_dag_for_alerting_apis.py', '--cfg-path', '/tmp/tmp41np3r8i']
[2024-06-25T13:09:05.082+0000] {standard_task_runner.py:91} INFO - Job 4001: Subtask skip_run
[2024-06-25T13:09:05.143+0000] {task_command.py:426} INFO - Running <TaskInstance: demo_dag_for_alerting_apis_final.skip_run scheduled__2024-06-25T13:07:00+00:00 [running]> on host ced2311e92d2
[2024-06-25T13:09:05.271+0000] {taskinstance.py:2648} INFO - Exporting env vars: AIRFLOW_CTX_DAG_OWNER='***' AIRFLOW_CTX_DAG_ID='demo_dag_for_alerting_apis_final' AIRFLOW_CTX_TASK_ID='skip_run' AIRFLOW_CTX_EXECUTION_DATE='2024-06-25T13:07:00+00:00' AIRFLOW_CTX_TRY_NUMBER='2' AIRFLOW_CTX_DAG_RUN_ID='scheduled__2024-06-25T13:07:00+00:00'
[2024-06-25T13:09:05.272+0000] {taskinstance.py:430} INFO - ::endgroup::
[2024-06-25T13:09:05.575+0000] {helper_functions.py:195} INFO - ['manual__2024-06-25T13:08:53.649199+00:00']
[2024-06-25T13:09:05.879+0000] {helper_functions.py:205} INFO - ['success']
[2024-06-25T13:09:05.882+0000] {python.py:237} INFO - Done. Returned value was: None
[2024-06-25T13:09:05.882+0000] {taskinstance.py:441} INFO - ::group::Post task execution logs
[2024-06-25T13:09:05.900+0000] {taskinstance.py:1206} INFO - Marking task as SUCCESS. dag_id=demo_dag_for_alerting_apis_final, task_id=skip_run, run_id=scheduled__2024-06-25T13:07:00+00:00, execution_date=20240625T130700, start_date=20240625T130905, end_date=20240625T130905
[2024-06-25T13:09:05.937+0000] {local_task_job_runner.py:240} INFO - Task exited with return code 0
[2024-06-25T13:09:05.965+0000] {taskinstance.py:3498} INFO - 0 downstream tasks scheduled from follow-on schedule check
[2024-06-25T13:09:05.967+0000] {local_task_job_runner.py:222} INFO - ::endgroup::
