[2024-06-12T05:38:06.638+0000] {local_task_job_runner.py:120} INFO - ::group::Pre task execution logs
[2024-06-12T05:38:06.667+0000] {taskinstance.py:2076} INFO - Dependencies all met for dep_context=non-requeueable deps ti=<TaskInstance: process_json_to_postgres2.process_json manual__2024-06-12T05:38:05.254215+00:00 [queued]>
[2024-06-12T05:38:06.679+0000] {taskinstance.py:2076} INFO - Dependencies all met for dep_context=requeueable deps ti=<TaskInstance: process_json_to_postgres2.process_json manual__2024-06-12T05:38:05.254215+00:00 [queued]>
[2024-06-12T05:38:06.679+0000] {taskinstance.py:2306} INFO - Starting attempt 1 of 6
[2024-06-12T05:38:06.695+0000] {taskinstance.py:2330} INFO - Executing <Task(PythonOperator): process_json> on 2024-06-12 05:38:05.254215+00:00
[2024-06-12T05:38:06.700+0000] {warnings.py:110} WARNING - /home/***/.local/lib/python3.12/site-packages/***/task/task_runner/standard_task_runner.py:61: DeprecationWarning: This process (pid=577) is multi-threaded, use of fork() may lead to deadlocks in the child.
  pid = os.fork()

[2024-06-12T05:38:06.702+0000] {standard_task_runner.py:63} INFO - Started process 578 to run task
[2024-06-12T05:38:06.702+0000] {standard_task_runner.py:90} INFO - Running: ['***', 'tasks', 'run', 'process_json_to_postgres2', 'process_json', 'manual__2024-06-12T05:38:05.254215+00:00', '--job-id', '109', '--raw', '--subdir', 'DAGS_FOLDER/process_json_to_postgres.py', '--cfg-path', '/tmp/tmp2u05ea08']
[2024-06-12T05:38:06.703+0000] {standard_task_runner.py:91} INFO - Job 109: Subtask process_json
[2024-06-12T05:38:06.745+0000] {task_command.py:426} INFO - Running <TaskInstance: process_json_to_postgres2.process_json manual__2024-06-12T05:38:05.254215+00:00 [running]> on host 7bea3768514b
[2024-06-12T05:38:06.831+0000] {taskinstance.py:2648} INFO - Exporting env vars: AIRFLOW_CTX_DAG_OWNER='***' AIRFLOW_CTX_DAG_ID='process_json_to_postgres2' AIRFLOW_CTX_TASK_ID='process_json' AIRFLOW_CTX_EXECUTION_DATE='2024-06-12T05:38:05.254215+00:00' AIRFLOW_CTX_TRY_NUMBER='1' AIRFLOW_CTX_DAG_RUN_ID='manual__2024-06-12T05:38:05.254215+00:00'
[2024-06-12T05:38:06.832+0000] {taskinstance.py:430} INFO - ::endgroup::
[2024-06-12T05:38:06.846+0000] {process_json_to_postgres.py:38} INFO - Loaded JSON data: [{'name': 'John Doe', 'email': 'john@example.com', 'date': '2023-06-01'}, {'name': 'Jane Smith', 'email': 'jane@example.com', 'date': '2023-06-02'}, {'name': 'Invalid Entry', 'date': '2023-06-03'}]
[2024-06-12T05:38:06.846+0000] {process_json_to_postgres.py:42} INFO - Filtered valid data: [{'name': 'John Doe', 'email': 'john@example.com', 'date': '2023-06-01'}, {'name': 'Jane Smith', 'email': 'jane@example.com', 'date': '2023-06-02'}]
[2024-06-12T05:38:06.846+0000] {process_json_to_postgres.py:51} INFO - Inserting entry: {'name': 'John Doe', 'email': 'john@example.com', 'date': '2023-06-01'}
[2024-06-12T05:38:06.856+0000] {base.py:84} INFO - Using connection ID 'postgres_conn' for task execution.
[2024-06-12T05:38:06.862+0000] {sql.py:470} INFO - Running statement: 
            INSERT INTO vaild_data (name, email, date) VALUES (%s, %s, %s)
            , parameters: ('John Doe', 'john@example.com', '2023-06-01')
[2024-06-12T05:38:06.864+0000] {sql.py:479} INFO - Rows affected: 1
[2024-06-12T05:38:06.865+0000] {process_json_to_postgres.py:51} INFO - Inserting entry: {'name': 'Jane Smith', 'email': 'jane@example.com', 'date': '2023-06-02'}
[2024-06-12T05:38:06.873+0000] {base.py:84} INFO - Using connection ID 'postgres_conn' for task execution.
[2024-06-12T05:38:06.878+0000] {sql.py:470} INFO - Running statement: 
            INSERT INTO vaild_data (name, email, date) VALUES (%s, %s, %s)
            , parameters: ('Jane Smith', 'jane@example.com', '2023-06-02')
[2024-06-12T05:38:06.879+0000] {sql.py:479} INFO - Rows affected: 1
[2024-06-12T05:38:06.881+0000] {process_json_to_postgres.py:53} INFO - Data insertion completed successfully.
[2024-06-12T05:38:06.881+0000] {python.py:237} INFO - Done. Returned value was: None
[2024-06-12T05:38:06.882+0000] {taskinstance.py:441} INFO - ::group::Post task execution logs
[2024-06-12T05:38:06.893+0000] {taskinstance.py:1206} INFO - Marking task as SUCCESS. dag_id=process_json_to_postgres2, task_id=process_json, run_id=manual__2024-06-12T05:38:05.254215+00:00, execution_date=20240612T053805, start_date=20240612T053806, end_date=20240612T053806
[2024-06-12T05:38:06.955+0000] {local_task_job_runner.py:240} INFO - Task exited with return code 0
[2024-06-12T05:38:06.977+0000] {taskinstance.py:3498} INFO - 0 downstream tasks scheduled from follow-on schedule check
[2024-06-12T05:38:06.979+0000] {local_task_job_runner.py:222} INFO - ::endgroup::
