[2024-06-19T10:52:03.870+0000] {local_task_job_runner.py:120} INFO - ::group::Pre task execution logs
[2024-06-19T10:52:03.899+0000] {taskinstance.py:2076} INFO - Dependencies all met for dep_context=non-requeueable deps ti=<TaskInstance: demo_dag_for_alerting_final.refresh_external_table scheduled__2024-06-19T10:51:00+00:00 [queued]>
[2024-06-19T10:52:03.909+0000] {taskinstance.py:2076} INFO - Dependencies all met for dep_context=requeueable deps ti=<TaskInstance: demo_dag_for_alerting_final.refresh_external_table scheduled__2024-06-19T10:51:00+00:00 [queued]>
[2024-06-19T10:52:03.909+0000] {taskinstance.py:2306} INFO - Starting attempt 1 of 6
[2024-06-19T10:52:03.924+0000] {taskinstance.py:2330} INFO - Executing <Task(PythonOperator): refresh_external_table> on 2024-06-19 10:51:00+00:00
[2024-06-19T10:52:03.930+0000] {warnings.py:110} WARNING - /home/***/.local/lib/python3.12/site-packages/***/task/task_runner/standard_task_runner.py:61: DeprecationWarning: This process (pid=4666) is multi-threaded, use of fork() may lead to deadlocks in the child.
  pid = os.fork()

[2024-06-19T10:52:03.931+0000] {standard_task_runner.py:63} INFO - Started process 4667 to run task
[2024-06-19T10:52:03.932+0000] {standard_task_runner.py:90} INFO - Running: ['***', 'tasks', 'run', 'demo_dag_for_alerting_final', 'refresh_external_table', 'scheduled__2024-06-19T10:51:00+00:00', '--job-id', '1428', '--raw', '--subdir', 'DAGS_FOLDER/demo_dag_for_alerting.py', '--cfg-path', '/tmp/tmpsolgnhu9']
[2024-06-19T10:52:03.934+0000] {standard_task_runner.py:91} INFO - Job 1428: Subtask refresh_external_table
[2024-06-19T10:52:03.980+0000] {task_command.py:426} INFO - Running <TaskInstance: demo_dag_for_alerting_final.refresh_external_table scheduled__2024-06-19T10:51:00+00:00 [running]> on host 9e4d135130fa
[2024-06-19T10:52:04.098+0000] {taskinstance.py:2648} INFO - Exporting env vars: AIRFLOW_CTX_DAG_OWNER='***' AIRFLOW_CTX_DAG_ID='demo_dag_for_alerting_final' AIRFLOW_CTX_TASK_ID='refresh_external_table' AIRFLOW_CTX_EXECUTION_DATE='2024-06-19T10:51:00+00:00' AIRFLOW_CTX_TRY_NUMBER='1' AIRFLOW_CTX_DAG_RUN_ID='scheduled__2024-06-19T10:51:00+00:00'
[2024-06-19T10:52:04.099+0000] {taskinstance.py:430} INFO - ::endgroup::
[2024-06-19T10:52:04.114+0000] {helper_functions.py:75} ERROR - Failed to run demo_dag_for_alerting_final with task refresh_external_table: 'EmptyOperator' object is not callable
[2024-06-19T10:52:04.115+0000] {python.py:237} INFO - Done. Returned value was: None
[2024-06-19T10:52:04.116+0000] {taskinstance.py:441} INFO - ::group::Post task execution logs
[2024-06-19T10:52:04.125+0000] {taskinstance.py:1206} INFO - Marking task as SUCCESS. dag_id=demo_dag_for_alerting_final, task_id=refresh_external_table, run_id=scheduled__2024-06-19T10:51:00+00:00, execution_date=20240619T105100, start_date=20240619T105203, end_date=20240619T105204
[2024-06-19T10:52:04.146+0000] {local_task_job_runner.py:240} INFO - Task exited with return code 0
[2024-06-19T10:52:04.175+0000] {taskinstance.py:3498} INFO - 1 downstream tasks scheduled from follow-on schedule check
[2024-06-19T10:52:04.177+0000] {local_task_job_runner.py:222} INFO - ::endgroup::
