[2024-06-26T11:21:20.572+0000] {local_task_job_runner.py:120} INFO - ::group::Pre task execution logs
[2024-06-26T11:21:20.606+0000] {taskinstance.py:2076} INFO - Dependencies all met for dep_context=non-requeueable deps ti=<TaskInstance: alerting_all_dags_using_apis.alert_all_continuous_skipped_dags manual__2024-06-26T11:21:15.905562+00:00 [queued]>
[2024-06-26T11:21:20.615+0000] {taskinstance.py:2076} INFO - Dependencies all met for dep_context=requeueable deps ti=<TaskInstance: alerting_all_dags_using_apis.alert_all_continuous_skipped_dags manual__2024-06-26T11:21:15.905562+00:00 [queued]>
[2024-06-26T11:21:20.616+0000] {taskinstance.py:2306} INFO - Starting attempt 1 of 6
[2024-06-26T11:21:20.640+0000] {taskinstance.py:2330} INFO - Executing <Task(PythonOperator): alert_all_continuous_skipped_dags> on 2024-06-26 11:21:15.905562+00:00
[2024-06-26T11:21:20.647+0000] {warnings.py:110} WARNING - /home/***/.local/lib/python3.12/site-packages/***/task/task_runner/standard_task_runner.py:61: DeprecationWarning: This process (pid=7457) is multi-threaded, use of fork() may lead to deadlocks in the child.
  pid = os.fork()

[2024-06-26T11:21:20.649+0000] {standard_task_runner.py:63} INFO - Started process 7458 to run task
[2024-06-26T11:21:20.649+0000] {standard_task_runner.py:90} INFO - Running: ['***', 'tasks', 'run', 'alerting_all_dags_using_apis', 'alert_all_continuous_skipped_dags', 'manual__2024-06-26T11:21:15.905562+00:00', '--job-id', '4453', '--raw', '--subdir', 'DAGS_FOLDER/alerting_all_dags_using_apis.py', '--cfg-path', '/tmp/tmpavxou4ql']
[2024-06-26T11:21:20.650+0000] {standard_task_runner.py:91} INFO - Job 4453: Subtask alert_all_continuous_skipped_dags
[2024-06-26T11:21:20.713+0000] {task_command.py:426} INFO - Running <TaskInstance: alerting_all_dags_using_apis.alert_all_continuous_skipped_dags manual__2024-06-26T11:21:15.905562+00:00 [running]> on host ced2311e92d2
[2024-06-26T11:21:20.850+0000] {taskinstance.py:2648} INFO - Exporting env vars: AIRFLOW_CTX_DAG_OWNER='***' AIRFLOW_CTX_DAG_ID='alerting_all_dags_using_apis' AIRFLOW_CTX_TASK_ID='alert_all_continuous_skipped_dags' AIRFLOW_CTX_EXECUTION_DATE='2024-06-26T11:21:15.905562+00:00' AIRFLOW_CTX_TRY_NUMBER='1' AIRFLOW_CTX_DAG_RUN_ID='manual__2024-06-26T11:21:15.905562+00:00'
[2024-06-26T11:21:20.851+0000] {taskinstance.py:430} INFO - ::endgroup::
[2024-06-26T11:21:20.872+0000] {helper_functions.py:276} ERROR - Failed to alert continuous skipped DAGs: 'NoneType' object has no attribute 'items'
Traceback (most recent call last):
  File "/opt/airflow/dags/helper_functions.py", line 270, in alert_all_continuous_skipped_dags
    for dag_id, skipped_counts in states_of_all_dags_each_runs.items():
                                  ^^^^^^^^^^^^^^^^^^^^^^^^^^^^^^^^^^
AttributeError: 'NoneType' object has no attribute 'items'
[2024-06-26T11:21:20.873+0000] {python.py:237} INFO - Done. Returned value was: None
[2024-06-26T11:21:20.873+0000] {taskinstance.py:441} INFO - ::group::Post task execution logs
[2024-06-26T11:21:20.882+0000] {taskinstance.py:1206} INFO - Marking task as SUCCESS. dag_id=alerting_all_dags_using_apis, task_id=alert_all_continuous_skipped_dags, run_id=manual__2024-06-26T11:21:15.905562+00:00, execution_date=20240626T112115, start_date=20240626T112120, end_date=20240626T112120
[2024-06-26T11:21:20.904+0000] {local_task_job_runner.py:240} INFO - Task exited with return code 0
[2024-06-26T11:21:20.924+0000] {taskinstance.py:3498} INFO - 0 downstream tasks scheduled from follow-on schedule check
[2024-06-26T11:21:20.926+0000] {local_task_job_runner.py:222} INFO - ::endgroup::
