[2024-06-12T09:18:31.426+0000] {local_task_job_runner.py:120} INFO - ::group::Pre task execution logs
[2024-06-12T09:18:31.458+0000] {taskinstance.py:2076} INFO - Dependencies all met for dep_context=non-requeueable deps ti=<TaskInstance: manual_json_to_postgres4.process_json manual__2024-06-12T09:18:30.289380+00:00 [queued]>
[2024-06-12T09:18:31.471+0000] {taskinstance.py:2076} INFO - Dependencies all met for dep_context=requeueable deps ti=<TaskInstance: manual_json_to_postgres4.process_json manual__2024-06-12T09:18:30.289380+00:00 [queued]>
[2024-06-12T09:18:31.471+0000] {taskinstance.py:2306} INFO - Starting attempt 1 of 6
[2024-06-12T09:18:31.489+0000] {taskinstance.py:2330} INFO - Executing <Task(PythonOperator): process_json> on 2024-06-12 09:18:30.289380+00:00
[2024-06-12T09:18:31.497+0000] {warnings.py:110} WARNING - /home/***/.local/lib/python3.12/site-packages/***/task/task_runner/standard_task_runner.py:61: DeprecationWarning: This process (pid=2229) is multi-threaded, use of fork() may lead to deadlocks in the child.
  pid = os.fork()

[2024-06-12T09:18:31.499+0000] {standard_task_runner.py:63} INFO - Started process 2230 to run task
[2024-06-12T09:18:31.500+0000] {standard_task_runner.py:90} INFO - Running: ['***', 'tasks', 'run', 'manual_json_to_postgres4', 'process_json', 'manual__2024-06-12T09:18:30.289380+00:00', '--job-id', '139', '--raw', '--subdir', 'DAGS_FOLDER/manual_json_to_postgres.py', '--cfg-path', '/tmp/tmp9kixcle_']
[2024-06-12T09:18:31.501+0000] {standard_task_runner.py:91} INFO - Job 139: Subtask process_json
[2024-06-12T09:18:31.551+0000] {task_command.py:426} INFO - Running <TaskInstance: manual_json_to_postgres4.process_json manual__2024-06-12T09:18:30.289380+00:00 [running]> on host 7bea3768514b
[2024-06-12T09:18:31.669+0000] {taskinstance.py:2648} INFO - Exporting env vars: AIRFLOW_CTX_DAG_OWNER='***' AIRFLOW_CTX_DAG_ID='manual_json_to_postgres4' AIRFLOW_CTX_TASK_ID='process_json' AIRFLOW_CTX_EXECUTION_DATE='2024-06-12T09:18:30.289380+00:00' AIRFLOW_CTX_TRY_NUMBER='1' AIRFLOW_CTX_DAG_RUN_ID='manual__2024-06-12T09:18:30.289380+00:00'
[2024-06-12T09:18:31.670+0000] {taskinstance.py:430} INFO - ::endgroup::
[2024-06-12T09:18:31.683+0000] {manual_json_to_postgres.py:45} INFO - Loaded JSON data: [{'name': '', 'phoneNumber': '6234567890', 'date': '2022-05-11T10:08:00.026Z', 'email': 'N!k#!1$*@gmail.com'}, {'phoneNumber': '6234567890', 'date': '2022-05-11T10:08:00.026Z', 'email': 'N!k#!1$*@gmail.com'}, {'name': 'nikhil11', 'phoneNumber': '6234567890', 'date': '2022-05-11T10:08:00.026Z', 'email': 'N!k#!1$*@gmail.com'}, {'name': 'nikhil4', 'phoneNumber': '6234567890', 'date': '2022-05-11T10:08:00.026Z', 'email': 'sdfghgjhgf'}, {'name': 'nikhil5', 'phoneNumber': '6234567890', 'date': '2022-05-11T10:08:00.026Z'}, {'name': 'nikhil1', 'phoneNumber': '6234567890', 'date': '2022-05-11T10:08:00.026Z', 'email': 'N!k#!1$*@gmail.com'}, {'name': 'nikhil6', 'phoneNumber': '6234567890', 'date': '', 'email': 'N!k#!1$*@gmail.com'}, {'name': 'nikhil7', 'phoneNumber': '6234567890', 'email': 'N!k#!1$*@gmail.com'}, {'name': 'nikhil12', 'phoneNumber': '6234567890', 'date': '2022-05-11T10:08:00.026Z', 'email': 'N!k#!1$*@gmail.com'}]
[2024-06-12T09:18:31.684+0000] {manual_json_to_postgres.py:54} INFO - Filtered valid data: [{'name': 'nikhil11', 'phoneNumber': '6234567890', 'date': '2022-05-11T10:08:00.026Z', 'email': 'N!k#!1$*@gmail.com'}, {'name': 'nikhil1', 'phoneNumber': '6234567890', 'date': '2022-05-11T10:08:00.026Z', 'email': 'N!k#!1$*@gmail.com'}, {'name': 'nikhil12', 'phoneNumber': '6234567890', 'date': '2022-05-11T10:08:00.026Z', 'email': 'N!k#!1$*@gmail.com'}]
[2024-06-12T09:18:31.684+0000] {manual_json_to_postgres.py:63} INFO - Inserting entry: {'name': 'nikhil11', 'phoneNumber': '6234567890', 'date': '2022-05-11T10:08:00.026Z', 'email': 'N!k#!1$*@gmail.com'}
[2024-06-12T09:18:31.692+0000] {base.py:84} INFO - Using connection ID 'postgres_conn' for task execution.
[2024-06-12T09:18:31.694+0000] {sql.py:470} INFO - Running statement: 
            INSERT INTO valid_data2 (name, email, date) VALUES (%s, %s, %s)
            , parameters: ('nikhil11', 'N!k#!1$*@gmail.com', '2022-05-11T10:08:00.026Z')
[2024-06-12T09:18:31.696+0000] {sql.py:479} INFO - Rows affected: 1
[2024-06-12T09:18:31.697+0000] {manual_json_to_postgres.py:63} INFO - Inserting entry: {'name': 'nikhil1', 'phoneNumber': '6234567890', 'date': '2022-05-11T10:08:00.026Z', 'email': 'N!k#!1$*@gmail.com'}
[2024-06-12T09:18:31.705+0000] {base.py:84} INFO - Using connection ID 'postgres_conn' for task execution.
[2024-06-12T09:18:31.708+0000] {sql.py:470} INFO - Running statement: 
            INSERT INTO valid_data2 (name, email, date) VALUES (%s, %s, %s)
            , parameters: ('nikhil1', 'N!k#!1$*@gmail.com', '2022-05-11T10:08:00.026Z')
[2024-06-12T09:18:31.709+0000] {sql.py:479} INFO - Rows affected: 1
[2024-06-12T09:18:31.711+0000] {manual_json_to_postgres.py:63} INFO - Inserting entry: {'name': 'nikhil12', 'phoneNumber': '6234567890', 'date': '2022-05-11T10:08:00.026Z', 'email': 'N!k#!1$*@gmail.com'}
[2024-06-12T09:18:31.717+0000] {base.py:84} INFO - Using connection ID 'postgres_conn' for task execution.
[2024-06-12T09:18:31.721+0000] {sql.py:470} INFO - Running statement: 
            INSERT INTO valid_data2 (name, email, date) VALUES (%s, %s, %s)
            , parameters: ('nikhil12', 'N!k#!1$*@gmail.com', '2022-05-11T10:08:00.026Z')
[2024-06-12T09:18:31.722+0000] {sql.py:479} INFO - Rows affected: 1
[2024-06-12T09:18:31.723+0000] {manual_json_to_postgres.py:65} INFO - Data insertion completed successfully.
[2024-06-12T09:18:31.723+0000] {python.py:237} INFO - Done. Returned value was: None
[2024-06-12T09:18:31.724+0000] {taskinstance.py:441} INFO - ::group::Post task execution logs
[2024-06-12T09:18:31.734+0000] {taskinstance.py:1206} INFO - Marking task as SUCCESS. dag_id=manual_json_to_postgres4, task_id=process_json, run_id=manual__2024-06-12T09:18:30.289380+00:00, execution_date=20240612T091830, start_date=20240612T091831, end_date=20240612T091831
[2024-06-12T09:18:31.795+0000] {local_task_job_runner.py:240} INFO - Task exited with return code 0
[2024-06-12T09:18:31.841+0000] {taskinstance.py:3498} INFO - 0 downstream tasks scheduled from follow-on schedule check
[2024-06-12T09:18:31.842+0000] {local_task_job_runner.py:222} INFO - ::endgroup::
