[2024-06-28T10:22:35.489+0000] {local_task_job_runner.py:120} INFO - ::group::Pre task execution logs
[2024-06-28T10:22:35.522+0000] {taskinstance.py:2076} INFO - Dependencies all met for dep_context=non-requeueable deps ti=<TaskInstance: alerting_all_dags_using_apis.get_all_dag_ids_last_limit_run_ids scheduled__2024-06-28T10:18:00+00:00 [queued]>
[2024-06-28T10:22:35.535+0000] {taskinstance.py:2076} INFO - Dependencies all met for dep_context=requeueable deps ti=<TaskInstance: alerting_all_dags_using_apis.get_all_dag_ids_last_limit_run_ids scheduled__2024-06-28T10:18:00+00:00 [queued]>
[2024-06-28T10:22:35.536+0000] {taskinstance.py:2306} INFO - Starting attempt 1 of 6
[2024-06-28T10:22:35.556+0000] {taskinstance.py:2330} INFO - Executing <Task(PythonOperator): get_all_dag_ids_last_limit_run_ids> on 2024-06-28 10:18:00+00:00
[2024-06-28T10:22:35.562+0000] {warnings.py:110} WARNING - /home/***/.local/lib/python3.12/site-packages/***/task/task_runner/standard_task_runner.py:61: DeprecationWarning: This process (pid=378) is multi-threaded, use of fork() may lead to deadlocks in the child.
  pid = os.fork()

[2024-06-28T10:22:35.564+0000] {standard_task_runner.py:63} INFO - Started process 380 to run task
[2024-06-28T10:22:35.564+0000] {standard_task_runner.py:90} INFO - Running: ['***', 'tasks', 'run', 'alerting_all_dags_using_apis', 'get_all_dag_ids_last_limit_run_ids', 'scheduled__2024-06-28T10:18:00+00:00', '--job-id', '5001', '--raw', '--subdir', 'DAGS_FOLDER/alerting_all_dags_using_apis.py', '--cfg-path', '/tmp/tmpzgt6worn']
[2024-06-28T10:22:35.565+0000] {standard_task_runner.py:91} INFO - Job 5001: Subtask get_all_dag_ids_last_limit_run_ids
[2024-06-28T10:22:35.622+0000] {task_command.py:426} INFO - Running <TaskInstance: alerting_all_dags_using_apis.get_all_dag_ids_last_limit_run_ids scheduled__2024-06-28T10:18:00+00:00 [running]> on host 2552e7b36400
[2024-06-28T10:22:35.760+0000] {taskinstance.py:2648} INFO - Exporting env vars: AIRFLOW_CTX_DAG_OWNER='***' AIRFLOW_CTX_DAG_ID='alerting_all_dags_using_apis' AIRFLOW_CTX_TASK_ID='get_all_dag_ids_last_limit_run_ids' AIRFLOW_CTX_EXECUTION_DATE='2024-06-28T10:18:00+00:00' AIRFLOW_CTX_TRY_NUMBER='1' AIRFLOW_CTX_DAG_RUN_ID='scheduled__2024-06-28T10:18:00+00:00'
[2024-06-28T10:22:35.761+0000] {taskinstance.py:430} INFO - ::endgroup::
[2024-06-28T10:22:35.783+0000] {helper_functions.py:300} INFO - Requesting http://***:***@172.240.3.6:8080/api/v1/dags/alerting_all_dags_using_apis/dagRuns?limit=3&order_by=-start_date
[2024-06-28T10:22:36.009+0000] {helper_functions.py:300} INFO - Requesting http://***:***@172.240.3.6:8080/api/v1/dags/demo_dag_for_alerting_apis_final/dagRuns?limit=3&order_by=-start_date
[2024-06-28T10:22:36.284+0000] {helper_functions.py:300} INFO - Requesting http://***:***@172.240.3.6:8080/api/v1/dags/demo_dag_for_alerting_final/dagRuns?limit=3&order_by=-start_date
[2024-06-28T10:22:36.549+0000] {python.py:237} INFO - Done. Returned value was: [['alerting_all_dags_using_apis', 'scheduled__2024-06-28T10:18:00+00:00'], ['demo_dag_for_alerting_apis_final', 'scheduled__2024-06-28T10:21:00+00:00'], ['demo_dag_for_alerting_final', 'scheduled__2024-06-28T10:21:00+00:00']]
[2024-06-28T10:22:36.550+0000] {taskinstance.py:441} INFO - ::group::Post task execution logs
[2024-06-28T10:22:36.572+0000] {taskinstance.py:1206} INFO - Marking task as SUCCESS. dag_id=alerting_all_dags_using_apis, task_id=get_all_dag_ids_last_limit_run_ids, run_id=scheduled__2024-06-28T10:18:00+00:00, execution_date=20240628T101800, start_date=20240628T102235, end_date=20240628T102236
[2024-06-28T10:22:36.620+0000] {local_task_job_runner.py:240} INFO - Task exited with return code 0
[2024-06-28T10:22:36.653+0000] {taskinstance.py:3498} INFO - 1 downstream tasks scheduled from follow-on schedule check
[2024-06-28T10:22:36.654+0000] {local_task_job_runner.py:222} INFO - ::endgroup::
