[2024-06-20T10:35:52.744+0000] {local_task_job_runner.py:120} INFO - ::group::Pre task execution logs
[2024-06-20T10:35:52.770+0000] {taskinstance.py:2076} INFO - Dependencies all met for dep_context=non-requeueable deps ti=<TaskInstance: alerting_all_dags_using_apis.get_all_dag_ids_last_limit_run_ids scheduled__2024-06-20T10:15:00+00:00 [queued]>
[2024-06-20T10:35:52.780+0000] {taskinstance.py:2076} INFO - Dependencies all met for dep_context=requeueable deps ti=<TaskInstance: alerting_all_dags_using_apis.get_all_dag_ids_last_limit_run_ids scheduled__2024-06-20T10:15:00+00:00 [queued]>
[2024-06-20T10:35:52.781+0000] {taskinstance.py:2306} INFO - Starting attempt 1 of 6
[2024-06-20T10:35:52.796+0000] {taskinstance.py:2330} INFO - Executing <Task(PythonOperator): get_all_dag_ids_last_limit_run_ids> on 2024-06-20 10:15:00+00:00
[2024-06-20T10:35:52.802+0000] {warnings.py:110} WARNING - /home/***/.local/lib/python3.12/site-packages/***/task/task_runner/standard_task_runner.py:61: DeprecationWarning: This process (pid=4338) is multi-threaded, use of fork() may lead to deadlocks in the child.
  pid = os.fork()

[2024-06-20T10:35:52.803+0000] {standard_task_runner.py:63} INFO - Started process 4339 to run task
[2024-06-20T10:35:52.803+0000] {standard_task_runner.py:90} INFO - Running: ['***', 'tasks', 'run', 'alerting_all_dags_using_apis', 'get_all_dag_ids_last_limit_run_ids', 'scheduled__2024-06-20T10:15:00+00:00', '--job-id', '2455', '--raw', '--subdir', 'DAGS_FOLDER/alerting_all_dags_using_apis.py', '--cfg-path', '/tmp/tmpcgk3pee3']
[2024-06-20T10:35:52.804+0000] {standard_task_runner.py:91} INFO - Job 2455: Subtask get_all_dag_ids_last_limit_run_ids
[2024-06-20T10:35:52.848+0000] {task_command.py:426} INFO - Running <TaskInstance: alerting_all_dags_using_apis.get_all_dag_ids_last_limit_run_ids scheduled__2024-06-20T10:15:00+00:00 [running]> on host e66744caf823
[2024-06-20T10:35:52.950+0000] {taskinstance.py:2648} INFO - Exporting env vars: AIRFLOW_CTX_DAG_OWNER='***' AIRFLOW_CTX_DAG_ID='alerting_all_dags_using_apis' AIRFLOW_CTX_TASK_ID='get_all_dag_ids_last_limit_run_ids' AIRFLOW_CTX_EXECUTION_DATE='2024-06-20T10:15:00+00:00' AIRFLOW_CTX_TRY_NUMBER='1' AIRFLOW_CTX_DAG_RUN_ID='scheduled__2024-06-20T10:15:00+00:00'
[2024-06-20T10:35:52.950+0000] {taskinstance.py:430} INFO - ::endgroup::
[2024-06-20T10:35:52.965+0000] {logging_mixin.py:188} INFO - <class 'dict'>
[2024-06-20T10:35:52.965+0000] {helper_functions.py:181} INFO - Requesting http://***:***@172.240.2.4:8080/api/v1/dags/alerting_all_dags_using_apis/dagRuns?limit=3&order_by=-start_date
[2024-06-20T10:35:53.195+0000] {helper_functions.py:181} INFO - Requesting http://***:***@172.240.2.4:8080/api/v1/dags/create_table/dagRuns?limit=3&order_by=-start_date
[2024-06-20T10:35:53.417+0000] {helper_functions.py:181} INFO - Requesting http://***:***@172.240.2.4:8080/api/v1/dags/demo_dag_for_alerting_apis_final/dagRuns?limit=3&order_by=-start_date
[2024-06-20T10:35:53.660+0000] {helper_functions.py:181} INFO - Requesting http://***:***@172.240.2.4:8080/api/v1/dags/demo_dag_for_alerting_final_1/dagRuns?limit=3&order_by=-start_date
[2024-06-20T10:35:53.918+0000] {helper_functions.py:181} INFO - Requesting http://***:***@172.240.2.4:8080/api/v1/dags/file_jsons_to_postgres/dagRuns?limit=3&order_by=-start_date
[2024-06-20T10:35:54.127+0000] {helper_functions.py:188} INFO - Run IDs: {'alerting_all_dags_using_apis': ['scheduled__2024-06-20T10:15:00+00:00', 'scheduled__2024-06-19T18:30:00+00:00', 'scheduled__2024-06-19T18:15:00+00:00'], 'create_table': ['scheduled__2024-06-18T00:00:00+00:00', 'manual__2024-06-12T06:16:49.488642+00:00', 'manual__2024-06-12T06:08:17.088814+00:00'], 'demo_dag_for_alerting_apis_final': ['scheduled__2024-06-19T18:48:00+00:00', 'scheduled__2024-06-19T18:47:00+00:00', 'scheduled__2024-06-19T18:46:00+00:00'], 'demo_dag_for_alerting_final_1': ['scheduled__2024-06-20T10:34:00+00:00', 'scheduled__2024-06-20T10:33:00+00:00', 'scheduled__2024-06-20T10:32:00+00:00'], 'file_jsons_to_postgres': ['scheduled__2024-06-19T18:40:00+00:00', 'scheduled__2024-06-19T18:35:00+00:00', 'scheduled__2024-06-19T18:30:00+00:00']}
[2024-06-20T10:35:54.128+0000] {python.py:237} INFO - Done. Returned value was: {'alerting_all_dags_using_apis': ['scheduled__2024-06-20T10:15:00+00:00', 'scheduled__2024-06-19T18:30:00+00:00', 'scheduled__2024-06-19T18:15:00+00:00'], 'create_table': ['scheduled__2024-06-18T00:00:00+00:00', 'manual__2024-06-12T06:16:49.488642+00:00', 'manual__2024-06-12T06:08:17.088814+00:00'], 'demo_dag_for_alerting_apis_final': ['scheduled__2024-06-19T18:48:00+00:00', 'scheduled__2024-06-19T18:47:00+00:00', 'scheduled__2024-06-19T18:46:00+00:00'], 'demo_dag_for_alerting_final_1': ['scheduled__2024-06-20T10:34:00+00:00', 'scheduled__2024-06-20T10:33:00+00:00', 'scheduled__2024-06-20T10:32:00+00:00'], 'file_jsons_to_postgres': ['scheduled__2024-06-19T18:40:00+00:00', 'scheduled__2024-06-19T18:35:00+00:00', 'scheduled__2024-06-19T18:30:00+00:00']}
[2024-06-20T10:35:54.128+0000] {taskinstance.py:441} INFO - ::group::Post task execution logs
[2024-06-20T10:35:54.151+0000] {taskinstance.py:1206} INFO - Marking task as SUCCESS. dag_id=alerting_all_dags_using_apis, task_id=get_all_dag_ids_last_limit_run_ids, run_id=scheduled__2024-06-20T10:15:00+00:00, execution_date=20240620T101500, start_date=20240620T103552, end_date=20240620T103554
[2024-06-20T10:35:54.186+0000] {local_task_job_runner.py:240} INFO - Task exited with return code 0
[2024-06-20T10:35:54.250+0000] {taskinstance.py:3498} INFO - 1 downstream tasks scheduled from follow-on schedule check
[2024-06-20T10:35:54.252+0000] {local_task_job_runner.py:222} INFO - ::endgroup::
