[2024-06-26T09:06:01.835+0000] {local_task_job_runner.py:120} INFO - ::group::Pre task execution logs
[2024-06-26T09:06:01.873+0000] {taskinstance.py:2076} INFO - Dependencies all met for dep_context=non-requeueable deps ti=<TaskInstance: alerting_all_dags_using_apis.get_all_active_dags scheduled__2024-06-26T09:03:00+00:00 [queued]>
[2024-06-26T09:06:01.887+0000] {taskinstance.py:2076} INFO - Dependencies all met for dep_context=requeueable deps ti=<TaskInstance: alerting_all_dags_using_apis.get_all_active_dags scheduled__2024-06-26T09:03:00+00:00 [queued]>
[2024-06-26T09:06:01.887+0000] {taskinstance.py:2306} INFO - Starting attempt 1 of 6
[2024-06-26T09:06:01.915+0000] {taskinstance.py:2330} INFO - Executing <Task(PythonOperator): get_all_active_dags> on 2024-06-26 09:03:00+00:00
[2024-06-26T09:06:01.924+0000] {warnings.py:110} WARNING - /home/***/.local/lib/python3.12/site-packages/***/task/task_runner/standard_task_runner.py:61: DeprecationWarning: This process (pid=5392) is multi-threaded, use of fork() may lead to deadlocks in the child.
  pid = os.fork()

[2024-06-26T09:06:01.926+0000] {standard_task_runner.py:63} INFO - Started process 5393 to run task
[2024-06-26T09:06:01.926+0000] {standard_task_runner.py:90} INFO - Running: ['***', 'tasks', 'run', 'alerting_all_dags_using_apis', 'get_all_active_dags', 'scheduled__2024-06-26T09:03:00+00:00', '--job-id', '4212', '--raw', '--subdir', 'DAGS_FOLDER/alerting_all_dags_using_apis.py', '--cfg-path', '/tmp/tmpc9xod81e']
[2024-06-26T09:06:01.928+0000] {standard_task_runner.py:91} INFO - Job 4212: Subtask get_all_active_dags
[2024-06-26T09:06:01.989+0000] {task_command.py:426} INFO - Running <TaskInstance: alerting_all_dags_using_apis.get_all_active_dags scheduled__2024-06-26T09:03:00+00:00 [running]> on host ced2311e92d2
[2024-06-26T09:06:02.160+0000] {taskinstance.py:2648} INFO - Exporting env vars: AIRFLOW_CTX_DAG_OWNER='***' AIRFLOW_CTX_DAG_ID='alerting_all_dags_using_apis' AIRFLOW_CTX_TASK_ID='get_all_active_dags' AIRFLOW_CTX_EXECUTION_DATE='2024-06-26T09:03:00+00:00' AIRFLOW_CTX_TRY_NUMBER='1' AIRFLOW_CTX_DAG_RUN_ID='scheduled__2024-06-26T09:03:00+00:00'
[2024-06-26T09:06:02.161+0000] {taskinstance.py:430} INFO - ::endgroup::
[2024-06-26T09:06:02.200+0000] {helper_functions.py:221} INFO - Requesting http://***:***@172.240.4.4:8080/api/v1/dags?only_active=true
[2024-06-26T09:06:02.646+0000] {python.py:237} INFO - Done. Returned value was: ['alerting_all_dags_using_apis', 'demo_dag_for_alerting_apis_final', 'demo_dag_for_alerting_final']
[2024-06-26T09:06:02.647+0000] {taskinstance.py:441} INFO - ::group::Post task execution logs
[2024-06-26T09:06:02.678+0000] {taskinstance.py:1206} INFO - Marking task as SUCCESS. dag_id=alerting_all_dags_using_apis, task_id=get_all_active_dags, run_id=scheduled__2024-06-26T09:03:00+00:00, execution_date=20240626T090300, start_date=20240626T090601, end_date=20240626T090602
[2024-06-26T09:06:02.742+0000] {local_task_job_runner.py:240} INFO - Task exited with return code 0
[2024-06-26T09:06:02.780+0000] {taskinstance.py:3498} INFO - 1 downstream tasks scheduled from follow-on schedule check
[2024-06-26T09:06:02.781+0000] {local_task_job_runner.py:222} INFO - ::endgroup::
