[2024-06-17T09:11:39.335+0000] {local_task_job_runner.py:120} INFO - ::group::Pre task execution logs
[2024-06-17T09:11:39.374+0000] {taskinstance.py:2076} INFO - Dependencies all met for dep_context=non-requeueable deps ti=<TaskInstance: slack_notif.slack_notif scheduled__2024-06-16T00:00:00+00:00 [queued]>
[2024-06-17T09:11:39.387+0000] {taskinstance.py:2076} INFO - Dependencies all met for dep_context=requeueable deps ti=<TaskInstance: slack_notif.slack_notif scheduled__2024-06-16T00:00:00+00:00 [queued]>
[2024-06-17T09:11:39.388+0000] {taskinstance.py:2306} INFO - Starting attempt 1 of 6
[2024-06-17T09:11:39.407+0000] {taskinstance.py:2330} INFO - Executing <Task(PythonOperator): slack_notif> on 2024-06-16 00:00:00+00:00
[2024-06-17T09:11:39.414+0000] {warnings.py:110} WARNING - /home/***/.local/lib/python3.12/site-packages/***/task/task_runner/standard_task_runner.py:61: DeprecationWarning: This process (pid=2198) is multi-threaded, use of fork() may lead to deadlocks in the child.
  pid = os.fork()

[2024-06-17T09:11:39.415+0000] {standard_task_runner.py:63} INFO - Started process 2200 to run task
[2024-06-17T09:11:39.416+0000] {standard_task_runner.py:90} INFO - Running: ['***', 'tasks', 'run', 'slack_notif', 'slack_notif', 'scheduled__2024-06-16T00:00:00+00:00', '--job-id', '332', '--raw', '--subdir', 'DAGS_FOLDER/slack_notif.py', '--cfg-path', '/tmp/tmpytul_zbo']
[2024-06-17T09:11:39.417+0000] {standard_task_runner.py:91} INFO - Job 332: Subtask slack_notif
[2024-06-17T09:11:39.476+0000] {task_command.py:426} INFO - Running <TaskInstance: slack_notif.slack_notif scheduled__2024-06-16T00:00:00+00:00 [running]> on host 4d71c837c754
[2024-06-17T09:11:39.601+0000] {taskinstance.py:2648} INFO - Exporting env vars: AIRFLOW_CTX_DAG_OWNER='***' AIRFLOW_CTX_DAG_ID='slack_notif' AIRFLOW_CTX_TASK_ID='slack_notif' AIRFLOW_CTX_EXECUTION_DATE='2024-06-16T00:00:00+00:00' AIRFLOW_CTX_TRY_NUMBER='1' AIRFLOW_CTX_DAG_RUN_ID='scheduled__2024-06-16T00:00:00+00:00'
[2024-06-17T09:11:39.602+0000] {taskinstance.py:430} INFO - ::endgroup::
[2024-06-17T09:11:39.625+0000] {slack_notif.py:35} ERROR - Error sending Slack notification: SlackWebhookHook.__init__() missing 1 required keyword-only argument: 'slack_webhook_conn_id'
[2024-06-17T09:11:39.626+0000] {python.py:237} INFO - Done. Returned value was: None
[2024-06-17T09:11:39.627+0000] {taskinstance.py:441} INFO - ::group::Post task execution logs
[2024-06-17T09:11:39.640+0000] {taskinstance.py:1206} INFO - Marking task as SUCCESS. dag_id=slack_notif, task_id=slack_notif, run_id=scheduled__2024-06-16T00:00:00+00:00, execution_date=20240616T000000, start_date=20240617T091139, end_date=20240617T091139
[2024-06-17T09:11:39.670+0000] {local_task_job_runner.py:240} INFO - Task exited with return code 0
[2024-06-17T09:11:39.692+0000] {taskinstance.py:3498} INFO - 0 downstream tasks scheduled from follow-on schedule check
[2024-06-17T09:11:39.694+0000] {local_task_job_runner.py:222} INFO - ::endgroup::
