[2024-06-13T06:28:31.900+0000] {local_task_job_runner.py:120} INFO - ::group::Pre task execution logs
[2024-06-13T06:28:31.926+0000] {taskinstance.py:2076} INFO - Dependencies all met for dep_context=non-requeueable deps ti=<TaskInstance: airflow_example.filter_data manual__2024-06-13T06:28:29.773559+00:00 [queued]>
[2024-06-13T06:28:31.937+0000] {taskinstance.py:2076} INFO - Dependencies all met for dep_context=requeueable deps ti=<TaskInstance: airflow_example.filter_data manual__2024-06-13T06:28:29.773559+00:00 [queued]>
[2024-06-13T06:28:31.937+0000] {taskinstance.py:2306} INFO - Starting attempt 1 of 6
[2024-06-13T06:28:31.957+0000] {taskinstance.py:2330} INFO - Executing <Task(PythonOperator): filter_data> on 2024-06-13 06:28:29.773559+00:00
[2024-06-13T06:28:31.962+0000] {warnings.py:110} WARNING - /home/***/.local/lib/python3.12/site-packages/***/task/task_runner/standard_task_runner.py:61: DeprecationWarning: This process (pid=656) is multi-threaded, use of fork() may lead to deadlocks in the child.
  pid = os.fork()

[2024-06-13T06:28:31.963+0000] {standard_task_runner.py:63} INFO - Started process 657 to run task
[2024-06-13T06:28:31.963+0000] {standard_task_runner.py:90} INFO - Running: ['***', 'tasks', 'run', '***_example', 'filter_data', 'manual__2024-06-13T06:28:29.773559+00:00', '--job-id', '206', '--raw', '--subdir', 'DAGS_FOLDER/file_jsons_to_postgres.py', '--cfg-path', '/tmp/tmpjdxuxmhs']
[2024-06-13T06:28:31.964+0000] {standard_task_runner.py:91} INFO - Job 206: Subtask filter_data
[2024-06-13T06:28:32.008+0000] {task_command.py:426} INFO - Running <TaskInstance: airflow_example.filter_data manual__2024-06-13T06:28:29.773559+00:00 [running]> on host 8cc8d7c9eee4
[2024-06-13T06:28:32.100+0000] {taskinstance.py:2648} INFO - Exporting env vars: AIRFLOW_CTX_DAG_OWNER='***' AIRFLOW_CTX_DAG_ID='***_example' AIRFLOW_CTX_TASK_ID='filter_data' AIRFLOW_CTX_EXECUTION_DATE='2024-06-13T06:28:29.773559+00:00' AIRFLOW_CTX_TRY_NUMBER='1' AIRFLOW_CTX_DAG_RUN_ID='manual__2024-06-13T06:28:29.773559+00:00'
[2024-06-13T06:28:32.101+0000] {taskinstance.py:430} INFO - ::endgroup::
[2024-06-13T06:28:32.130+0000] {taskinstance.py:441} INFO - ::group::Post task execution logs
[2024-06-13T06:28:32.130+0000] {taskinstance.py:2905} ERROR - Task failed with exception
Traceback (most recent call last):
  File "/home/airflow/.local/lib/python3.12/site-packages/airflow/models/taskinstance.py", line 465, in _execute_task
    result = _execute_callable(context=context, **execute_callable_kwargs)
             ^^^^^^^^^^^^^^^^^^^^^^^^^^^^^^^^^^^^^^^^^^^^^^^^^^^^^^^^^^^^^
  File "/home/airflow/.local/lib/python3.12/site-packages/airflow/models/taskinstance.py", line 432, in _execute_callable
    return execute_callable(context=context, **execute_callable_kwargs)
           ^^^^^^^^^^^^^^^^^^^^^^^^^^^^^^^^^^^^^^^^^^^^^^^^^^^^^^^^^^^^
  File "/home/airflow/.local/lib/python3.12/site-packages/airflow/models/baseoperator.py", line 400, in wrapper
    return func(self, *args, **kwargs)
           ^^^^^^^^^^^^^^^^^^^^^^^^^^^
  File "/home/airflow/.local/lib/python3.12/site-packages/airflow/operators/python.py", line 235, in execute
    return_value = self.execute_callable()
                   ^^^^^^^^^^^^^^^^^^^^^^^
  File "/home/airflow/.local/lib/python3.12/site-packages/airflow/operators/python.py", line 252, in execute_callable
    return self.python_callable(*self.op_args, **self.op_kwargs)
           ^^^^^^^^^^^^^^^^^^^^^^^^^^^^^^^^^^^^^^^^^^^^^^^^^^^^^
  File "/opt/airflow/dags/file_jsons_to_postgres.py", line 50, in filter_data
    and 'date' in entry and is_valid_date(entry['date'])
                            ^^^^^^^^^^^^^^^^^^^^^^^^^^^^
  File "/opt/airflow/dags/file_jsons_to_postgres.py", line 36, in is_valid_date
    parser.parse(date_str)
    ^^^^^^
NameError: name 'parser' is not defined
[2024-06-13T06:28:32.141+0000] {taskinstance.py:1206} INFO - Marking task as UP_FOR_RETRY. dag_id=***_example, task_id=filter_data, run_id=manual__2024-06-13T06:28:29.773559+00:00, execution_date=20240613T062829, start_date=20240613T062831, end_date=20240613T062832
[2024-06-13T06:28:32.153+0000] {standard_task_runner.py:110} ERROR - Failed to execute job 206 for task filter_data (name 'parser' is not defined; 657)
[2024-06-13T06:28:32.177+0000] {local_task_job_runner.py:240} INFO - Task exited with return code 1
[2024-06-13T06:28:32.202+0000] {taskinstance.py:3498} INFO - 0 downstream tasks scheduled from follow-on schedule check
[2024-06-13T06:28:32.204+0000] {local_task_job_runner.py:222} INFO - ::endgroup::
