[2024-06-26T11:15:03.483+0000] {local_task_job_runner.py:120} INFO - ::group::Pre task execution logs
[2024-06-26T11:15:03.507+0000] {taskinstance.py:2076} INFO - Dependencies all met for dep_context=non-requeueable deps ti=<TaskInstance: alerting_all_dags_using_apis.get_all_dag_ids_last_limit_run_ids scheduled__2024-06-26T11:12:00+00:00 [queued]>
[2024-06-26T11:15:03.516+0000] {taskinstance.py:2076} INFO - Dependencies all met for dep_context=requeueable deps ti=<TaskInstance: alerting_all_dags_using_apis.get_all_dag_ids_last_limit_run_ids scheduled__2024-06-26T11:12:00+00:00 [queued]>
[2024-06-26T11:15:03.516+0000] {taskinstance.py:2306} INFO - Starting attempt 1 of 6
[2024-06-26T11:15:03.532+0000] {taskinstance.py:2330} INFO - Executing <Task(PythonOperator): get_all_dag_ids_last_limit_run_ids> on 2024-06-26 11:12:00+00:00
[2024-06-26T11:15:03.537+0000] {warnings.py:110} WARNING - /home/***/.local/lib/python3.12/site-packages/***/task/task_runner/standard_task_runner.py:61: DeprecationWarning: This process (pid=7342) is multi-threaded, use of fork() may lead to deadlocks in the child.
  pid = os.fork()

[2024-06-26T11:15:03.538+0000] {standard_task_runner.py:63} INFO - Started process 7343 to run task
[2024-06-26T11:15:03.538+0000] {standard_task_runner.py:90} INFO - Running: ['***', 'tasks', 'run', 'alerting_all_dags_using_apis', 'get_all_dag_ids_last_limit_run_ids', 'scheduled__2024-06-26T11:12:00+00:00', '--job-id', '4435', '--raw', '--subdir', 'DAGS_FOLDER/alerting_all_dags_using_apis.py', '--cfg-path', '/tmp/tmpo91bd091']
[2024-06-26T11:15:03.539+0000] {standard_task_runner.py:91} INFO - Job 4435: Subtask get_all_dag_ids_last_limit_run_ids
[2024-06-26T11:15:03.584+0000] {task_command.py:426} INFO - Running <TaskInstance: alerting_all_dags_using_apis.get_all_dag_ids_last_limit_run_ids scheduled__2024-06-26T11:12:00+00:00 [running]> on host ced2311e92d2
[2024-06-26T11:15:03.692+0000] {taskinstance.py:2648} INFO - Exporting env vars: AIRFLOW_CTX_DAG_OWNER='***' AIRFLOW_CTX_DAG_ID='alerting_all_dags_using_apis' AIRFLOW_CTX_TASK_ID='get_all_dag_ids_last_limit_run_ids' AIRFLOW_CTX_EXECUTION_DATE='2024-06-26T11:12:00+00:00' AIRFLOW_CTX_TRY_NUMBER='1' AIRFLOW_CTX_DAG_RUN_ID='scheduled__2024-06-26T11:12:00+00:00'
[2024-06-26T11:15:03.693+0000] {taskinstance.py:430} INFO - ::endgroup::
[2024-06-26T11:15:03.714+0000] {helper_functions.py:240} INFO - Requesting http://***:***@172.240.4.4:8080/api/v1/dags/alerting_all_dags_using_apis/dagRuns?limit=3&order_by=-start_date
[2024-06-26T11:15:03.960+0000] {helper_functions.py:240} INFO - Requesting http://***:***@172.240.4.4:8080/api/v1/dags/demo_dag_for_alerting_apis_final/dagRuns?limit=3&order_by=-start_date
[2024-06-26T11:15:04.209+0000] {helper_functions.py:240} INFO - Requesting http://***:***@172.240.4.4:8080/api/v1/dags/demo_dag_for_alerting_final/dagRuns?limit=3&order_by=-start_date
[2024-06-26T11:15:04.476+0000] {python.py:237} INFO - Done. Returned value was: [['alerting_all_dags_using_apis', 'scheduled__2024-06-26T11:12:00+00:00'], ['alerting_all_dags_using_apis', 'manual__2024-06-26T11:13:58.825195+00:00'], ['alerting_all_dags_using_apis', 'scheduled__2024-06-26T11:09:00+00:00'], ['demo_dag_for_alerting_apis_final', 'scheduled__2024-06-26T10:46:00+00:00'], ['demo_dag_for_alerting_apis_final', 'scheduled__2024-06-26T10:45:00+00:00'], ['demo_dag_for_alerting_apis_final', 'scheduled__2024-06-26T10:13:00+00:00'], ['demo_dag_for_alerting_final', 'scheduled__2024-06-26T10:45:00+00:00'], ['demo_dag_for_alerting_final', 'scheduled__2024-06-26T10:44:00+00:00'], ['demo_dag_for_alerting_final', 'scheduled__2024-06-26T10:43:00+00:00']]
[2024-06-26T11:15:04.477+0000] {taskinstance.py:441} INFO - ::group::Post task execution logs
[2024-06-26T11:15:04.507+0000] {taskinstance.py:1206} INFO - Marking task as SUCCESS. dag_id=alerting_all_dags_using_apis, task_id=get_all_dag_ids_last_limit_run_ids, run_id=scheduled__2024-06-26T11:12:00+00:00, execution_date=20240626T111200, start_date=20240626T111503, end_date=20240626T111504
[2024-06-26T11:15:04.554+0000] {local_task_job_runner.py:240} INFO - Task exited with return code 0
[2024-06-26T11:15:04.602+0000] {taskinstance.py:3498} INFO - 1 downstream tasks scheduled from follow-on schedule check
[2024-06-26T11:15:04.604+0000] {local_task_job_runner.py:222} INFO - ::endgroup::
