[2024-06-19T06:09:03.215+0000] {local_task_job_runner.py:120} INFO - ::group::Pre task execution logs
[2024-06-19T06:09:03.244+0000] {taskinstance.py:2076} INFO - Dependencies all met for dep_context=non-requeueable deps ti=<TaskInstance: demo_dag_for_alerting_apis_final.skip_run scheduled__2024-06-19T06:08:00+00:00 [queued]>
[2024-06-19T06:09:03.254+0000] {taskinstance.py:2076} INFO - Dependencies all met for dep_context=requeueable deps ti=<TaskInstance: demo_dag_for_alerting_apis_final.skip_run scheduled__2024-06-19T06:08:00+00:00 [queued]>
[2024-06-19T06:09:03.254+0000] {taskinstance.py:2306} INFO - Starting attempt 1 of 6
[2024-06-19T06:09:03.267+0000] {taskinstance.py:2330} INFO - Executing <Task(PythonOperator): skip_run> on 2024-06-19 06:08:00+00:00
[2024-06-19T06:09:03.272+0000] {warnings.py:110} WARNING - /home/***/.local/lib/python3.12/site-packages/***/task/task_runner/standard_task_runner.py:61: DeprecationWarning: This process (pid=2007) is multi-threaded, use of fork() may lead to deadlocks in the child.
  pid = os.fork()

[2024-06-19T06:09:03.273+0000] {standard_task_runner.py:63} INFO - Started process 2008 to run task
[2024-06-19T06:09:03.274+0000] {standard_task_runner.py:90} INFO - Running: ['***', 'tasks', 'run', 'demo_dag_for_alerting_apis_final', 'skip_run', 'scheduled__2024-06-19T06:08:00+00:00', '--job-id', '1158', '--raw', '--subdir', 'DAGS_FOLDER/demo_dag_for_alerting_apis.py', '--cfg-path', '/tmp/tmpxrw9cqr6']
[2024-06-19T06:09:03.275+0000] {standard_task_runner.py:91} INFO - Job 1158: Subtask skip_run
[2024-06-19T06:09:03.314+0000] {task_command.py:426} INFO - Running <TaskInstance: demo_dag_for_alerting_apis_final.skip_run scheduled__2024-06-19T06:08:00+00:00 [running]> on host 9e4d135130fa
[2024-06-19T06:09:03.406+0000] {taskinstance.py:2648} INFO - Exporting env vars: AIRFLOW_CTX_DAG_OWNER='***' AIRFLOW_CTX_DAG_ID='demo_dag_for_alerting_apis_final' AIRFLOW_CTX_TASK_ID='skip_run' AIRFLOW_CTX_EXECUTION_DATE='2024-06-19T06:08:00+00:00' AIRFLOW_CTX_TRY_NUMBER='1' AIRFLOW_CTX_DAG_RUN_ID='scheduled__2024-06-19T06:08:00+00:00'
[2024-06-19T06:09:03.407+0000] {taskinstance.py:430} INFO - ::endgroup::
[2024-06-19T06:09:03.607+0000] {logging_mixin.py:188} INFO - ['scheduled__2024-06-19T06:08:00+00:00', 'scheduled__2024-06-19T06:07:00+00:00', 'manual__2024-06-19T06:07:31.448818+00:00']
[2024-06-19T06:09:04.173+0000] {logging_mixin.py:188} INFO - ['running', 'success', 'success']
[2024-06-19T06:09:04.173+0000] {python.py:237} INFO - Done. Returned value was: None
[2024-06-19T06:09:04.174+0000] {taskinstance.py:441} INFO - ::group::Post task execution logs
[2024-06-19T06:09:04.184+0000] {taskinstance.py:1206} INFO - Marking task as SUCCESS. dag_id=demo_dag_for_alerting_apis_final, task_id=skip_run, run_id=scheduled__2024-06-19T06:08:00+00:00, execution_date=20240619T060800, start_date=20240619T060903, end_date=20240619T060904
[2024-06-19T06:09:04.209+0000] {local_task_job_runner.py:240} INFO - Task exited with return code 0
[2024-06-19T06:09:04.231+0000] {taskinstance.py:3498} INFO - 0 downstream tasks scheduled from follow-on schedule check
[2024-06-19T06:09:04.233+0000] {local_task_job_runner.py:222} INFO - ::endgroup::
