[2024-06-28T10:26:03.527+0000] {local_task_job_runner.py:120} INFO - ::group::Pre task execution logs
[2024-06-28T10:26:03.563+0000] {taskinstance.py:2076} INFO - Dependencies all met for dep_context=non-requeueable deps ti=<TaskInstance: demo_dag_for_alerting_apis_final.skip_run scheduled__2024-06-28T10:25:00+00:00 [queued]>
[2024-06-28T10:26:03.577+0000] {taskinstance.py:2076} INFO - Dependencies all met for dep_context=requeueable deps ti=<TaskInstance: demo_dag_for_alerting_apis_final.skip_run scheduled__2024-06-28T10:25:00+00:00 [queued]>
[2024-06-28T10:26:03.577+0000] {taskinstance.py:2306} INFO - Starting attempt 1 of 6
[2024-06-28T10:26:03.594+0000] {taskinstance.py:2330} INFO - Executing <Task(PythonOperator): skip_run> on 2024-06-28 10:25:00+00:00
[2024-06-28T10:26:03.602+0000] {warnings.py:110} WARNING - /home/***/.local/lib/python3.12/site-packages/***/task/task_runner/standard_task_runner.py:61: DeprecationWarning: This process (pid=467) is multi-threaded, use of fork() may lead to deadlocks in the child.
  pid = os.fork()

[2024-06-28T10:26:03.604+0000] {standard_task_runner.py:63} INFO - Started process 469 to run task
[2024-06-28T10:26:03.604+0000] {standard_task_runner.py:90} INFO - Running: ['***', 'tasks', 'run', 'demo_dag_for_alerting_apis_final', 'skip_run', 'scheduled__2024-06-28T10:25:00+00:00', '--job-id', '5024', '--raw', '--subdir', 'DAGS_FOLDER/demo_dag_for_alerting_apis.py', '--cfg-path', '/tmp/tmp5su8ck1s']
[2024-06-28T10:26:03.605+0000] {standard_task_runner.py:91} INFO - Job 5024: Subtask skip_run
[2024-06-28T10:26:03.662+0000] {task_command.py:426} INFO - Running <TaskInstance: demo_dag_for_alerting_apis_final.skip_run scheduled__2024-06-28T10:25:00+00:00 [running]> on host 2552e7b36400
[2024-06-28T10:26:03.784+0000] {taskinstance.py:2648} INFO - Exporting env vars: AIRFLOW_CTX_DAG_OWNER='***' AIRFLOW_CTX_DAG_ID='demo_dag_for_alerting_apis_final' AIRFLOW_CTX_TASK_ID='skip_run' AIRFLOW_CTX_EXECUTION_DATE='2024-06-28T10:25:00+00:00' AIRFLOW_CTX_TRY_NUMBER='1' AIRFLOW_CTX_DAG_RUN_ID='scheduled__2024-06-28T10:25:00+00:00'
[2024-06-28T10:26:03.786+0000] {taskinstance.py:430} INFO - ::endgroup::
[2024-06-28T10:26:04.058+0000] {helper_functions.py:242} INFO - ['scheduled__2024-06-28T10:24:00+00:00', 'scheduled__2024-06-28T10:23:00+00:00']
[2024-06-28T10:26:04.491+0000] {helper_functions.py:250} INFO - ['success', 'success']
[2024-06-28T10:26:04.492+0000] {python.py:237} INFO - Done. Returned value was: None
[2024-06-28T10:26:04.492+0000] {taskinstance.py:441} INFO - ::group::Post task execution logs
[2024-06-28T10:26:04.501+0000] {taskinstance.py:1206} INFO - Marking task as SUCCESS. dag_id=demo_dag_for_alerting_apis_final, task_id=skip_run, run_id=scheduled__2024-06-28T10:25:00+00:00, execution_date=20240628T102500, start_date=20240628T102603, end_date=20240628T102604
[2024-06-28T10:26:04.539+0000] {local_task_job_runner.py:240} INFO - Task exited with return code 0
[2024-06-28T10:26:04.558+0000] {taskinstance.py:3498} INFO - 0 downstream tasks scheduled from follow-on schedule check
[2024-06-28T10:26:04.560+0000] {local_task_job_runner.py:222} INFO - ::endgroup::
