[2024-06-18T11:49:54.907+0000] {local_task_job_runner.py:120} INFO - ::group::Pre task execution logs
[2024-06-18T11:49:54.937+0000] {taskinstance.py:2076} INFO - Dependencies all met for dep_context=non-requeueable deps ti=<TaskInstance: alerting_skipped.skip_run scheduled__2024-06-18T11:48:00+00:00 [queued]>
[2024-06-18T11:49:54.952+0000] {taskinstance.py:2076} INFO - Dependencies all met for dep_context=requeueable deps ti=<TaskInstance: alerting_skipped.skip_run scheduled__2024-06-18T11:48:00+00:00 [queued]>
[2024-06-18T11:49:54.952+0000] {taskinstance.py:2306} INFO - Starting attempt 1 of 6
[2024-06-18T11:49:54.967+0000] {taskinstance.py:2330} INFO - Executing <Task(PythonOperator): skip_run> on 2024-06-18 11:48:00+00:00
[2024-06-18T11:49:54.974+0000] {warnings.py:110} WARNING - /home/***/.local/lib/python3.12/site-packages/***/task/task_runner/standard_task_runner.py:61: DeprecationWarning: This process (pid=5135) is multi-threaded, use of fork() may lead to deadlocks in the child.
  pid = os.fork()

[2024-06-18T11:49:54.977+0000] {standard_task_runner.py:63} INFO - Started process 5138 to run task
[2024-06-18T11:49:54.977+0000] {standard_task_runner.py:90} INFO - Running: ['***', 'tasks', 'run', 'alerting_skipped', 'skip_run', 'scheduled__2024-06-18T11:48:00+00:00', '--job-id', '717', '--raw', '--subdir', 'DAGS_FOLDER/alerting_skipped.py', '--cfg-path', '/tmp/tmpwyz5kqv2']
[2024-06-18T11:49:54.980+0000] {standard_task_runner.py:91} INFO - Job 717: Subtask skip_run
[2024-06-18T11:49:55.040+0000] {task_command.py:426} INFO - Running <TaskInstance: alerting_skipped.skip_run scheduled__2024-06-18T11:48:00+00:00 [running]> on host fa5c5d972e05
[2024-06-18T11:49:55.170+0000] {taskinstance.py:2648} INFO - Exporting env vars: AIRFLOW_CTX_DAG_OWNER='***' AIRFLOW_CTX_DAG_ID='alerting_skipped' AIRFLOW_CTX_TASK_ID='skip_run' AIRFLOW_CTX_EXECUTION_DATE='2024-06-18T11:48:00+00:00' AIRFLOW_CTX_TRY_NUMBER='1' AIRFLOW_CTX_DAG_RUN_ID='scheduled__2024-06-18T11:48:00+00:00'
[2024-06-18T11:49:55.171+0000] {taskinstance.py:430} INFO - ::endgroup::
[2024-06-18T11:49:55.221+0000] {helper_functions.py:66} ERROR - Failed to check skipped status for alerting_skipped with task skip_run: HTTPConnectionPool(host='localhost', port=8080): Max retries exceeded with url: /api/v1/dags/alerting_skipped/dagRuns/manual__2024-06-18T11:49:51.561287+00:00/taskInstances/skip_run (Caused by NewConnectionError('<urllib3.connection.HTTPConnection object at 0x70e7bb34f200>: Failed to establish a new connection: [Errno 111] Connection refused'))
[2024-06-18T11:49:55.223+0000] {python.py:237} INFO - Done. Returned value was: None
[2024-06-18T11:49:55.224+0000] {taskinstance.py:441} INFO - ::group::Post task execution logs
[2024-06-18T11:49:55.238+0000] {taskinstance.py:1206} INFO - Marking task as SUCCESS. dag_id=alerting_skipped, task_id=skip_run, run_id=scheduled__2024-06-18T11:48:00+00:00, execution_date=20240618T114800, start_date=20240618T114954, end_date=20240618T114955
[2024-06-18T11:49:55.274+0000] {local_task_job_runner.py:240} INFO - Task exited with return code 0
[2024-06-18T11:49:55.299+0000] {taskinstance.py:3498} INFO - 0 downstream tasks scheduled from follow-on schedule check
[2024-06-18T11:49:55.302+0000] {local_task_job_runner.py:222} INFO - ::endgroup::
