[2024-06-11T17:01:39.237+0000] {local_task_job_runner.py:120} INFO - ::group::Pre task execution logs
[2024-06-11T17:01:39.264+0000] {taskinstance.py:2076} INFO - Dependencies all met for dep_context=non-requeueable deps ti=<TaskInstance: create_postgres_table_dag.create_table manual__2024-06-11T17:01:37.791341+00:00 [queued]>
[2024-06-11T17:01:39.274+0000] {taskinstance.py:2076} INFO - Dependencies all met for dep_context=requeueable deps ti=<TaskInstance: create_postgres_table_dag.create_table manual__2024-06-11T17:01:37.791341+00:00 [queued]>
[2024-06-11T17:01:39.274+0000] {taskinstance.py:2306} INFO - Starting attempt 1 of 6
[2024-06-11T17:01:39.289+0000] {taskinstance.py:2330} INFO - Executing <Task(PythonOperator): create_table> on 2024-06-11 17:01:37.791341+00:00
[2024-06-11T17:01:39.294+0000] {warnings.py:110} WARNING - /home/***/.local/lib/python3.12/site-packages/***/task/task_runner/standard_task_runner.py:61: DeprecationWarning: This process (pid=121) is multi-threaded, use of fork() may lead to deadlocks in the child.
  pid = os.fork()

[2024-06-11T17:01:39.295+0000] {standard_task_runner.py:63} INFO - Started process 122 to run task
[2024-06-11T17:01:39.295+0000] {standard_task_runner.py:90} INFO - Running: ['***', 'tasks', 'run', 'create_postgres_table_dag', 'create_table', 'manual__2024-06-11T17:01:37.791341+00:00', '--job-id', '23', '--raw', '--subdir', 'DAGS_FOLDER/create_table.py', '--cfg-path', '/tmp/tmpaz_pmmxm']
[2024-06-11T17:01:39.296+0000] {standard_task_runner.py:91} INFO - Job 23: Subtask create_table
[2024-06-11T17:01:39.340+0000] {task_command.py:426} INFO - Running <TaskInstance: create_postgres_table_dag.create_table manual__2024-06-11T17:01:37.791341+00:00 [running]> on host 0fddd2b8b561
[2024-06-11T17:01:39.418+0000] {taskinstance.py:2648} INFO - Exporting env vars: AIRFLOW_CTX_DAG_OWNER='***' AIRFLOW_CTX_DAG_ID='create_postgres_table_dag' AIRFLOW_CTX_TASK_ID='create_table' AIRFLOW_CTX_EXECUTION_DATE='2024-06-11T17:01:37.791341+00:00' AIRFLOW_CTX_TRY_NUMBER='1' AIRFLOW_CTX_DAG_RUN_ID='manual__2024-06-11T17:01:37.791341+00:00'
[2024-06-11T17:01:39.419+0000] {taskinstance.py:430} INFO - ::endgroup::
[2024-06-11T17:01:39.440+0000] {base.py:84} INFO - Using connection ID 'postgres_conn' for task execution.
[2024-06-11T17:03:54.061+0000] {taskinstance.py:441} INFO - ::group::Post task execution logs
[2024-06-11T17:03:54.062+0000] {taskinstance.py:2905} ERROR - Task failed with exception
Traceback (most recent call last):
  File "/home/airflow/.local/lib/python3.12/site-packages/airflow/models/taskinstance.py", line 465, in _execute_task
    result = _execute_callable(context=context, **execute_callable_kwargs)
             ^^^^^^^^^^^^^^^^^^^^^^^^^^^^^^^^^^^^^^^^^^^^^^^^^^^^^^^^^^^^^
  File "/home/airflow/.local/lib/python3.12/site-packages/airflow/models/taskinstance.py", line 432, in _execute_callable
    return execute_callable(context=context, **execute_callable_kwargs)
           ^^^^^^^^^^^^^^^^^^^^^^^^^^^^^^^^^^^^^^^^^^^^^^^^^^^^^^^^^^^^
  File "/home/airflow/.local/lib/python3.12/site-packages/airflow/models/baseoperator.py", line 400, in wrapper
    return func(self, *args, **kwargs)
           ^^^^^^^^^^^^^^^^^^^^^^^^^^^
  File "/home/airflow/.local/lib/python3.12/site-packages/airflow/operators/python.py", line 235, in execute
    return_value = self.execute_callable()
                   ^^^^^^^^^^^^^^^^^^^^^^^
  File "/home/airflow/.local/lib/python3.12/site-packages/airflow/operators/python.py", line 252, in execute_callable
    return self.python_callable(*self.op_args, **self.op_kwargs)
           ^^^^^^^^^^^^^^^^^^^^^^^^^^^^^^^^^^^^^^^^^^^^^^^^^^^^^
  File "/opt/airflow/dags/create_table.py", line 17, in create_table
    postgres_hook.run(create_table_sql)
  File "/home/airflow/.local/lib/python3.12/site-packages/airflow/providers/common/sql/hooks/sql.py", line 411, in run
    with closing(self.get_conn()) as conn:
                 ^^^^^^^^^^^^^^^
  File "/home/airflow/.local/lib/python3.12/site-packages/airflow/providers/postgres/hooks/postgres.py", line 161, in get_conn
    self.conn = psycopg2.connect(**conn_args)
                ^^^^^^^^^^^^^^^^^^^^^^^^^^^^^
  File "/home/airflow/.local/lib/python3.12/site-packages/psycopg2/__init__.py", line 122, in connect
    conn = _connect(dsn, connection_factory=connection_factory, **kwasync)
           ^^^^^^^^^^^^^^^^^^^^^^^^^^^^^^^^^^^^^^^^^^^^^^^^^^^^^^^^^^^^^^^
psycopg2.OperationalError: connection to server at "172.240.4.3", port 5432 failed: Connection timed out
	Is the server running on that host and accepting TCP/IP connections?

[2024-06-11T17:03:54.095+0000] {taskinstance.py:1206} INFO - Marking task as UP_FOR_RETRY. dag_id=create_postgres_table_dag, task_id=create_table, run_id=manual__2024-06-11T17:01:37.791341+00:00, execution_date=20240611T170137, start_date=20240611T170139, end_date=20240611T170354
[2024-06-11T17:03:54.136+0000] {standard_task_runner.py:110} ERROR - Failed to execute job 23 for task create_table (connection to server at "172.240.4.3", port 5432 failed: Connection timed out
	Is the server running on that host and accepting TCP/IP connections?
; 122)
[2024-06-11T17:03:54.184+0000] {local_task_job_runner.py:240} INFO - Task exited with return code 1
[2024-06-11T17:03:54.193+0000] {local_task_job_runner.py:222} INFO - ::endgroup::
