[2024-06-21T07:16:03.471+0000] {local_task_job_runner.py:120} INFO - ::group::Pre task execution logs
[2024-06-21T07:16:03.508+0000] {taskinstance.py:2076} INFO - Dependencies all met for dep_context=non-requeueable deps ti=<TaskInstance: alerting_all_dags_using_apis.get_all_dag_ids_last_limit_run_ids manual__2024-06-21T07:15:59.562209+00:00 [queued]>
[2024-06-21T07:16:03.524+0000] {taskinstance.py:2076} INFO - Dependencies all met for dep_context=requeueable deps ti=<TaskInstance: alerting_all_dags_using_apis.get_all_dag_ids_last_limit_run_ids manual__2024-06-21T07:15:59.562209+00:00 [queued]>
[2024-06-21T07:16:03.526+0000] {taskinstance.py:2306} INFO - Starting attempt 1 of 6
[2024-06-21T07:16:03.562+0000] {taskinstance.py:2330} INFO - Executing <Task(PythonOperator): get_all_dag_ids_last_limit_run_ids> on 2024-06-21 07:15:59.562209+00:00
[2024-06-21T07:16:03.569+0000] {warnings.py:110} WARNING - /home/***/.local/lib/python3.12/site-packages/***/task/task_runner/standard_task_runner.py:61: DeprecationWarning: This process (pid=2630) is multi-threaded, use of fork() may lead to deadlocks in the child.
  pid = os.fork()

[2024-06-21T07:16:03.571+0000] {standard_task_runner.py:63} INFO - Started process 2632 to run task
[2024-06-21T07:16:03.574+0000] {standard_task_runner.py:90} INFO - Running: ['***', 'tasks', 'run', 'alerting_all_dags_using_apis', 'get_all_dag_ids_last_limit_run_ids', 'manual__2024-06-21T07:15:59.562209+00:00', '--job-id', '2915', '--raw', '--subdir', 'DAGS_FOLDER/alerting_all_dags_using_apis.py', '--cfg-path', '/tmp/tmpzem2e7gs']
[2024-06-21T07:16:03.576+0000] {standard_task_runner.py:91} INFO - Job 2915: Subtask get_all_dag_ids_last_limit_run_ids
[2024-06-21T07:16:03.662+0000] {task_command.py:426} INFO - Running <TaskInstance: alerting_all_dags_using_apis.get_all_dag_ids_last_limit_run_ids manual__2024-06-21T07:15:59.562209+00:00 [running]> on host e66744caf823
[2024-06-21T07:16:03.802+0000] {taskinstance.py:2648} INFO - Exporting env vars: AIRFLOW_CTX_DAG_OWNER='***' AIRFLOW_CTX_DAG_ID='alerting_all_dags_using_apis' AIRFLOW_CTX_TASK_ID='get_all_dag_ids_last_limit_run_ids' AIRFLOW_CTX_EXECUTION_DATE='2024-06-21T07:15:59.562209+00:00' AIRFLOW_CTX_TRY_NUMBER='1' AIRFLOW_CTX_DAG_RUN_ID='manual__2024-06-21T07:15:59.562209+00:00'
[2024-06-21T07:16:03.804+0000] {taskinstance.py:430} INFO - ::endgroup::
[2024-06-21T07:16:03.824+0000] {helper_functions.py:182} INFO - Requesting http://***:***@172.240.2.5:8080/api/v1/dags/alerting_all_dags_using_apis/dagRuns?limit=3&order_by=-start_date
[2024-06-21T07:16:04.035+0000] {helper_functions.py:182} INFO - Requesting http://***:***@172.240.2.5:8080/api/v1/dags/create_table/dagRuns?limit=3&order_by=-start_date
[2024-06-21T07:16:04.278+0000] {helper_functions.py:182} INFO - Requesting http://***:***@172.240.2.5:8080/api/v1/dags/demo_dag_for_alerting_apis_final/dagRuns?limit=3&order_by=-start_date
[2024-06-21T07:16:04.466+0000] {helper_functions.py:182} INFO - Requesting http://***:***@172.240.2.5:8080/api/v1/dags/demo_dag_for_alerting_final_1/dagRuns?limit=3&order_by=-start_date
[2024-06-21T07:16:04.663+0000] {helper_functions.py:182} INFO - Requesting http://***:***@172.240.2.5:8080/api/v1/dags/file_jsons_to_postgres/dagRuns?limit=3&order_by=-start_date
[2024-06-21T07:16:04.859+0000] {helper_functions.py:189} INFO - Run IDs: {'alerting_all_dags_using_apis': ['manual__2024-06-21T07:15:59.562209+00:00', 'scheduled__2024-06-21T07:00:00+00:00', 'manual__2024-06-21T07:14:40.562115+00:00'], 'create_table': ['scheduled__2024-06-18T00:00:00+00:00', 'manual__2024-06-12T06:16:49.488642+00:00', 'manual__2024-06-12T06:08:17.088814+00:00'], 'demo_dag_for_alerting_apis_final': ['scheduled__2024-06-21T07:15:00+00:00', 'scheduled__2024-06-21T07:14:00+00:00', 'scheduled__2024-06-21T07:13:00+00:00'], 'demo_dag_for_alerting_final_1': ['scheduled__2024-06-21T07:15:00+00:00', 'scheduled__2024-06-21T07:14:00+00:00', 'scheduled__2024-06-21T07:13:00+00:00'], 'file_jsons_to_postgres': ['scheduled__2024-06-19T18:40:00+00:00', 'scheduled__2024-06-19T18:35:00+00:00', 'scheduled__2024-06-19T18:30:00+00:00']}
[2024-06-21T07:16:04.860+0000] {python.py:237} INFO - Done. Returned value was: {'alerting_all_dags_using_apis': ['manual__2024-06-21T07:15:59.562209+00:00', 'scheduled__2024-06-21T07:00:00+00:00', 'manual__2024-06-21T07:14:40.562115+00:00'], 'create_table': ['scheduled__2024-06-18T00:00:00+00:00', 'manual__2024-06-12T06:16:49.488642+00:00', 'manual__2024-06-12T06:08:17.088814+00:00'], 'demo_dag_for_alerting_apis_final': ['scheduled__2024-06-21T07:15:00+00:00', 'scheduled__2024-06-21T07:14:00+00:00', 'scheduled__2024-06-21T07:13:00+00:00'], 'demo_dag_for_alerting_final_1': ['scheduled__2024-06-21T07:15:00+00:00', 'scheduled__2024-06-21T07:14:00+00:00', 'scheduled__2024-06-21T07:13:00+00:00'], 'file_jsons_to_postgres': ['scheduled__2024-06-19T18:40:00+00:00', 'scheduled__2024-06-19T18:35:00+00:00', 'scheduled__2024-06-19T18:30:00+00:00']}
[2024-06-21T07:16:04.860+0000] {taskinstance.py:441} INFO - ::group::Post task execution logs
[2024-06-21T07:16:04.883+0000] {taskinstance.py:1206} INFO - Marking task as SUCCESS. dag_id=alerting_all_dags_using_apis, task_id=get_all_dag_ids_last_limit_run_ids, run_id=manual__2024-06-21T07:15:59.562209+00:00, execution_date=20240621T071559, start_date=20240621T071603, end_date=20240621T071604
[2024-06-21T07:16:04.954+0000] {local_task_job_runner.py:240} INFO - Task exited with return code 0
[2024-06-21T07:16:04.993+0000] {taskinstance.py:3498} INFO - 1 downstream tasks scheduled from follow-on schedule check
[2024-06-21T07:16:04.995+0000] {local_task_job_runner.py:222} INFO - ::endgroup::
