[2024-06-17T14:58:05.682+0000] {local_task_job_runner.py:120} INFO - ::group::Pre task execution logs
[2024-06-17T14:58:05.719+0000] {taskinstance.py:2076} INFO - Dependencies all met for dep_context=non-requeueable deps ti=<TaskInstance: alerting_skipped.task1 scheduled__2024-06-17T14:50:00+00:00 [queued]>
[2024-06-17T14:58:05.733+0000] {taskinstance.py:2076} INFO - Dependencies all met for dep_context=requeueable deps ti=<TaskInstance: alerting_skipped.task1 scheduled__2024-06-17T14:50:00+00:00 [queued]>
[2024-06-17T14:58:05.734+0000] {taskinstance.py:2306} INFO - Starting attempt 1 of 6
[2024-06-17T14:58:05.758+0000] {taskinstance.py:2330} INFO - Executing <Task(PythonOperator): task1> on 2024-06-17 14:50:00+00:00
[2024-06-17T14:58:05.767+0000] {warnings.py:110} WARNING - /home/***/.local/lib/python3.12/site-packages/***/task/task_runner/standard_task_runner.py:61: DeprecationWarning: This process (pid=6492) is multi-threaded, use of fork() may lead to deadlocks in the child.
  pid = os.fork()

[2024-06-17T14:58:05.769+0000] {standard_task_runner.py:63} INFO - Started process 6495 to run task
[2024-06-17T14:58:05.769+0000] {standard_task_runner.py:90} INFO - Running: ['***', 'tasks', 'run', 'alerting_skipped', 'task1', 'scheduled__2024-06-17T14:50:00+00:00', '--job-id', '358', '--raw', '--subdir', 'DAGS_FOLDER/alerting_skipped.py', '--cfg-path', '/tmp/tmpftetakkw']
[2024-06-17T14:58:05.770+0000] {standard_task_runner.py:91} INFO - Job 358: Subtask task1
[2024-06-17T14:58:05.839+0000] {task_command.py:426} INFO - Running <TaskInstance: alerting_skipped.task1 scheduled__2024-06-17T14:50:00+00:00 [running]> on host 4d71c837c754
[2024-06-17T14:58:05.974+0000] {taskinstance.py:2648} INFO - Exporting env vars: AIRFLOW_CTX_DAG_OWNER='***' AIRFLOW_CTX_DAG_ID='alerting_skipped' AIRFLOW_CTX_TASK_ID='task1' AIRFLOW_CTX_EXECUTION_DATE='2024-06-17T14:50:00+00:00' AIRFLOW_CTX_TRY_NUMBER='1' AIRFLOW_CTX_DAG_RUN_ID='scheduled__2024-06-17T14:50:00+00:00'
[2024-06-17T14:58:05.975+0000] {taskinstance.py:430} INFO - ::endgroup::
[2024-06-17T14:58:05.998+0000] {alerting_skipped.py:26} INFO - Task is intentionally skipped
[2024-06-17T14:58:05.999+0000] {taskinstance.py:441} INFO - ::group::Post task execution logs
[2024-06-17T14:58:05.999+0000] {taskinstance.py:2506} INFO - This task is intentionally skipped
[2024-06-17T14:58:06.016+0000] {taskinstance.py:1206} INFO - Marking task as SKIPPED. dag_id=alerting_skipped, task_id=task1, run_id=scheduled__2024-06-17T14:50:00+00:00, execution_date=20240617T145000, start_date=20240617T145805, end_date=20240617T145806
[2024-06-17T14:58:06.063+0000] {local_task_job_runner.py:240} INFO - Task exited with return code 0
[2024-06-17T14:58:06.106+0000] {taskinstance.py:3498} INFO - 0 downstream tasks scheduled from follow-on schedule check
[2024-06-17T14:58:06.111+0000] {local_task_job_runner.py:222} INFO - ::endgroup::
