[2024-06-28T05:08:02.662+0000] {local_task_job_runner.py:120} INFO - ::group::Pre task execution logs
[2024-06-28T05:08:02.684+0000] {taskinstance.py:2076} INFO - Dependencies all met for dep_context=non-requeueable deps ti=<TaskInstance: demo_dag_for_alerting_final.check_previous_run_status scheduled__2024-06-28T05:07:00+00:00 [queued]>
[2024-06-28T05:08:02.692+0000] {taskinstance.py:2076} INFO - Dependencies all met for dep_context=requeueable deps ti=<TaskInstance: demo_dag_for_alerting_final.check_previous_run_status scheduled__2024-06-28T05:07:00+00:00 [queued]>
[2024-06-28T05:08:02.693+0000] {taskinstance.py:2306} INFO - Starting attempt 1 of 6
[2024-06-28T05:08:02.707+0000] {taskinstance.py:2330} INFO - Executing <Task(BranchPythonOperator): check_previous_run_status> on 2024-06-28 05:07:00+00:00
[2024-06-28T05:08:02.713+0000] {warnings.py:110} WARNING - /home/***/.local/lib/python3.12/site-packages/***/task/task_runner/standard_task_runner.py:61: DeprecationWarning: This process (pid=6115) is multi-threaded, use of fork() may lead to deadlocks in the child.
  pid = os.fork()

[2024-06-28T05:08:02.715+0000] {standard_task_runner.py:63} INFO - Started process 6117 to run task
[2024-06-28T05:08:02.715+0000] {standard_task_runner.py:90} INFO - Running: ['***', 'tasks', 'run', 'demo_dag_for_alerting_final', 'check_previous_run_status', 'scheduled__2024-06-28T05:07:00+00:00', '--job-id', '4794', '--raw', '--subdir', 'DAGS_FOLDER/demo_dag_for_alerting.py', '--cfg-path', '/tmp/tmph544cl8d']
[2024-06-28T05:08:02.716+0000] {standard_task_runner.py:91} INFO - Job 4794: Subtask check_previous_run_status
[2024-06-28T05:08:02.764+0000] {task_command.py:426} INFO - Running <TaskInstance: demo_dag_for_alerting_final.check_previous_run_status scheduled__2024-06-28T05:07:00+00:00 [running]> on host eeacb89bcfc1
[2024-06-28T05:08:02.877+0000] {taskinstance.py:2648} INFO - Exporting env vars: AIRFLOW_CTX_DAG_OWNER='***' AIRFLOW_CTX_DAG_ID='demo_dag_for_alerting_final' AIRFLOW_CTX_TASK_ID='check_previous_run_status' AIRFLOW_CTX_EXECUTION_DATE='2024-06-28T05:07:00+00:00' AIRFLOW_CTX_TRY_NUMBER='1' AIRFLOW_CTX_DAG_RUN_ID='scheduled__2024-06-28T05:07:00+00:00'
[2024-06-28T05:08:02.878+0000] {taskinstance.py:430} INFO - ::endgroup::
[2024-06-28T05:08:02.891+0000] {baseoperator.py:399} WARNING - BranchPythonOperator.execute cannot be called outside TaskInstance!
[2024-06-28T05:08:02.892+0000] {helper_functions.py:145} INFO - Reading encrypted details from ('/opt/***/dags/postgres_connection.py', '/opt/***/dags/***_api_configuration.py')
[2024-06-28T05:08:02.897+0000] {helper_functions.py:148} INFO - Decrypted postgres connection: {'user': '***', 'password': '***', 'dbname': '***', 'host': '172.240.2.2', 'port': '5432'}
[2024-06-28T05:08:02.900+0000] {helper_functions.py:108} INFO - Executing create table SQL
[2024-06-28T05:08:02.901+0000] {helper_functions.py:112} INFO - Checking existing record for dag_id and task_id
[2024-06-28T05:08:02.903+0000] {helper_functions.py:126} INFO - Updating success count for demo_dag_for_alerting_final - check_previous_run_status
[2024-06-28T05:08:02.905+0000] {python.py:237} INFO - Done. Returned value was: start_run
[2024-06-28T05:08:02.905+0000] {branch.py:36} INFO - Branch into start_run
[2024-06-28T05:08:02.906+0000] {skipmixin.py:178} INFO - Following branch start_run
[2024-06-28T05:08:02.922+0000] {skipmixin.py:246} INFO - Skipping tasks [('skip_run', -1)]
[2024-06-28T05:08:02.946+0000] {taskinstance.py:441} INFO - ::group::Post task execution logs
[2024-06-28T05:08:02.964+0000] {taskinstance.py:1206} INFO - Marking task as SUCCESS. dag_id=demo_dag_for_alerting_final, task_id=check_previous_run_status, run_id=scheduled__2024-06-28T05:07:00+00:00, execution_date=20240628T050700, start_date=20240628T050802, end_date=20240628T050802
[2024-06-28T05:08:03.008+0000] {local_task_job_runner.py:240} INFO - Task exited with return code 0
[2024-06-28T05:08:03.041+0000] {taskinstance.py:3498} INFO - 0 downstream tasks scheduled from follow-on schedule check
[2024-06-28T05:08:03.042+0000] {local_task_job_runner.py:222} INFO - ::endgroup::
