[2024-06-22T15:33:06.648+0000] {processor.py:161} INFO - Started process (PID=30) to work on /opt/airflow/dags/alerting_all_dags_using_apis.py
[2024-06-22T15:33:06.648+0000] {processor.py:830} INFO - Processing file /opt/airflow/dags/alerting_all_dags_using_apis.py for tasks to queue
[2024-06-22T15:33:06.651+0000] {logging_mixin.py:188} INFO - [2024-06-22T15:33:06.650+0000] {dagbag.py:545} INFO - Filling up the DagBag from /opt/airflow/dags/alerting_all_dags_using_apis.py
[2024-06-22T15:33:06.682+0000] {processor.py:840} INFO - DAG(s) 'alerting_all_dags_using_apis' retrieved from /opt/airflow/dags/alerting_all_dags_using_apis.py
[2024-06-22T15:33:06.852+0000] {logging_mixin.py:188} INFO - [2024-06-22T15:33:06.852+0000] {dag.py:3096} INFO - Sync 1 DAGs
[2024-06-22T15:33:06.884+0000] {logging_mixin.py:188} INFO - [2024-06-22T15:33:06.884+0000] {dag.py:3954} INFO - Setting next_dagrun for alerting_all_dags_using_apis to 2024-06-22 15:15:00+00:00, run_after=2024-06-22 15:30:00+00:00
[2024-06-22T15:33:06.907+0000] {processor.py:183} INFO - Processing /opt/airflow/dags/alerting_all_dags_using_apis.py took 0.267 seconds
[2024-06-22T15:33:37.172+0000] {processor.py:161} INFO - Started process (PID=44) to work on /opt/airflow/dags/alerting_all_dags_using_apis.py
[2024-06-22T15:33:37.176+0000] {processor.py:830} INFO - Processing file /opt/airflow/dags/alerting_all_dags_using_apis.py for tasks to queue
[2024-06-22T15:33:37.178+0000] {logging_mixin.py:188} INFO - [2024-06-22T15:33:37.177+0000] {dagbag.py:545} INFO - Filling up the DagBag from /opt/airflow/dags/alerting_all_dags_using_apis.py
[2024-06-22T15:33:37.192+0000] {processor.py:840} INFO - DAG(s) 'alerting_all_dags_using_apis' retrieved from /opt/airflow/dags/alerting_all_dags_using_apis.py
[2024-06-22T15:33:37.307+0000] {logging_mixin.py:188} INFO - [2024-06-22T15:33:37.306+0000] {dag.py:3096} INFO - Sync 1 DAGs
[2024-06-22T15:33:37.328+0000] {logging_mixin.py:188} INFO - [2024-06-22T15:33:37.328+0000] {dag.py:3954} INFO - Setting next_dagrun for alerting_all_dags_using_apis to 2024-06-22 15:15:00+00:00, run_after=2024-06-22 15:30:00+00:00
[2024-06-22T15:33:37.346+0000] {processor.py:183} INFO - Processing /opt/airflow/dags/alerting_all_dags_using_apis.py took 0.180 seconds
[2024-06-22T15:34:07.785+0000] {processor.py:161} INFO - Started process (PID=58) to work on /opt/airflow/dags/alerting_all_dags_using_apis.py
[2024-06-22T15:34:07.789+0000] {processor.py:830} INFO - Processing file /opt/airflow/dags/alerting_all_dags_using_apis.py for tasks to queue
[2024-06-22T15:34:07.791+0000] {logging_mixin.py:188} INFO - [2024-06-22T15:34:07.791+0000] {dagbag.py:545} INFO - Filling up the DagBag from /opt/airflow/dags/alerting_all_dags_using_apis.py
[2024-06-22T15:34:07.806+0000] {processor.py:840} INFO - DAG(s) 'alerting_all_dags_using_apis' retrieved from /opt/airflow/dags/alerting_all_dags_using_apis.py
[2024-06-22T15:34:07.921+0000] {logging_mixin.py:188} INFO - [2024-06-22T15:34:07.921+0000] {dag.py:3096} INFO - Sync 1 DAGs
[2024-06-22T15:34:07.942+0000] {logging_mixin.py:188} INFO - [2024-06-22T15:34:07.941+0000] {dag.py:3954} INFO - Setting next_dagrun for alerting_all_dags_using_apis to 2024-06-22 15:15:00+00:00, run_after=2024-06-22 15:30:00+00:00
[2024-06-22T15:34:07.959+0000] {processor.py:183} INFO - Processing /opt/airflow/dags/alerting_all_dags_using_apis.py took 0.180 seconds
[2024-06-22T15:34:38.377+0000] {processor.py:161} INFO - Started process (PID=72) to work on /opt/airflow/dags/alerting_all_dags_using_apis.py
[2024-06-22T15:34:38.378+0000] {processor.py:830} INFO - Processing file /opt/airflow/dags/alerting_all_dags_using_apis.py for tasks to queue
[2024-06-22T15:34:38.381+0000] {logging_mixin.py:188} INFO - [2024-06-22T15:34:38.381+0000] {dagbag.py:545} INFO - Filling up the DagBag from /opt/airflow/dags/alerting_all_dags_using_apis.py
[2024-06-22T15:34:38.400+0000] {processor.py:840} INFO - DAG(s) 'alerting_all_dags_using_apis' retrieved from /opt/airflow/dags/alerting_all_dags_using_apis.py
[2024-06-22T15:34:38.528+0000] {logging_mixin.py:188} INFO - [2024-06-22T15:34:38.528+0000] {dag.py:3096} INFO - Sync 1 DAGs
[2024-06-22T15:34:38.555+0000] {logging_mixin.py:188} INFO - [2024-06-22T15:34:38.555+0000] {dag.py:3954} INFO - Setting next_dagrun for alerting_all_dags_using_apis to 2024-06-22 15:15:00+00:00, run_after=2024-06-22 15:30:00+00:00
[2024-06-22T15:34:38.576+0000] {processor.py:183} INFO - Processing /opt/airflow/dags/alerting_all_dags_using_apis.py took 0.207 seconds
[2024-06-22T15:35:09.033+0000] {processor.py:161} INFO - Started process (PID=86) to work on /opt/airflow/dags/alerting_all_dags_using_apis.py
[2024-06-22T15:35:09.037+0000] {processor.py:830} INFO - Processing file /opt/airflow/dags/alerting_all_dags_using_apis.py for tasks to queue
[2024-06-22T15:35:09.039+0000] {logging_mixin.py:188} INFO - [2024-06-22T15:35:09.039+0000] {dagbag.py:545} INFO - Filling up the DagBag from /opt/airflow/dags/alerting_all_dags_using_apis.py
[2024-06-22T15:35:09.054+0000] {processor.py:840} INFO - DAG(s) 'alerting_all_dags_using_apis' retrieved from /opt/airflow/dags/alerting_all_dags_using_apis.py
[2024-06-22T15:35:09.183+0000] {logging_mixin.py:188} INFO - [2024-06-22T15:35:09.183+0000] {dag.py:3096} INFO - Sync 1 DAGs
[2024-06-22T15:35:09.220+0000] {logging_mixin.py:188} INFO - [2024-06-22T15:35:09.219+0000] {dag.py:3954} INFO - Setting next_dagrun for alerting_all_dags_using_apis to 2024-06-22 15:15:00+00:00, run_after=2024-06-22 15:30:00+00:00
[2024-06-22T15:35:09.248+0000] {processor.py:183} INFO - Processing /opt/airflow/dags/alerting_all_dags_using_apis.py took 0.224 seconds
[2024-06-22T15:35:39.697+0000] {processor.py:161} INFO - Started process (PID=100) to work on /opt/airflow/dags/alerting_all_dags_using_apis.py
[2024-06-22T15:35:39.701+0000] {processor.py:830} INFO - Processing file /opt/airflow/dags/alerting_all_dags_using_apis.py for tasks to queue
[2024-06-22T15:35:39.703+0000] {logging_mixin.py:188} INFO - [2024-06-22T15:35:39.702+0000] {dagbag.py:545} INFO - Filling up the DagBag from /opt/airflow/dags/alerting_all_dags_using_apis.py
[2024-06-22T15:35:39.718+0000] {processor.py:840} INFO - DAG(s) 'alerting_all_dags_using_apis' retrieved from /opt/airflow/dags/alerting_all_dags_using_apis.py
[2024-06-22T15:35:39.841+0000] {logging_mixin.py:188} INFO - [2024-06-22T15:35:39.841+0000] {dag.py:3096} INFO - Sync 1 DAGs
[2024-06-22T15:35:39.863+0000] {logging_mixin.py:188} INFO - [2024-06-22T15:35:39.863+0000] {dag.py:3954} INFO - Setting next_dagrun for alerting_all_dags_using_apis to 2024-06-22 15:15:00+00:00, run_after=2024-06-22 15:30:00+00:00
[2024-06-22T15:35:39.881+0000] {processor.py:183} INFO - Processing /opt/airflow/dags/alerting_all_dags_using_apis.py took 0.191 seconds
[2024-06-22T15:36:10.342+0000] {processor.py:161} INFO - Started process (PID=114) to work on /opt/airflow/dags/alerting_all_dags_using_apis.py
[2024-06-22T15:36:10.346+0000] {processor.py:830} INFO - Processing file /opt/airflow/dags/alerting_all_dags_using_apis.py for tasks to queue
[2024-06-22T15:36:10.347+0000] {logging_mixin.py:188} INFO - [2024-06-22T15:36:10.347+0000] {dagbag.py:545} INFO - Filling up the DagBag from /opt/airflow/dags/alerting_all_dags_using_apis.py
[2024-06-22T15:36:10.362+0000] {processor.py:840} INFO - DAG(s) 'alerting_all_dags_using_apis' retrieved from /opt/airflow/dags/alerting_all_dags_using_apis.py
[2024-06-22T15:36:10.388+0000] {logging_mixin.py:188} INFO - [2024-06-22T15:36:10.388+0000] {dag.py:3096} INFO - Sync 1 DAGs
[2024-06-22T15:36:10.413+0000] {logging_mixin.py:188} INFO - [2024-06-22T15:36:10.413+0000] {dag.py:3954} INFO - Setting next_dagrun for alerting_all_dags_using_apis to 2024-06-22 15:15:00+00:00, run_after=2024-06-22 15:30:00+00:00
[2024-06-22T15:36:10.431+0000] {processor.py:183} INFO - Processing /opt/airflow/dags/alerting_all_dags_using_apis.py took 0.096 seconds
[2024-06-22T15:36:41.009+0000] {processor.py:161} INFO - Started process (PID=128) to work on /opt/airflow/dags/alerting_all_dags_using_apis.py
[2024-06-22T15:36:41.010+0000] {processor.py:830} INFO - Processing file /opt/airflow/dags/alerting_all_dags_using_apis.py for tasks to queue
[2024-06-22T15:36:41.012+0000] {logging_mixin.py:188} INFO - [2024-06-22T15:36:41.012+0000] {dagbag.py:545} INFO - Filling up the DagBag from /opt/airflow/dags/alerting_all_dags_using_apis.py
[2024-06-22T15:36:41.027+0000] {processor.py:840} INFO - DAG(s) 'alerting_all_dags_using_apis' retrieved from /opt/airflow/dags/alerting_all_dags_using_apis.py
[2024-06-22T15:36:41.152+0000] {logging_mixin.py:188} INFO - [2024-06-22T15:36:41.151+0000] {dag.py:3096} INFO - Sync 1 DAGs
[2024-06-22T15:36:41.174+0000] {logging_mixin.py:188} INFO - [2024-06-22T15:36:41.174+0000] {dag.py:3954} INFO - Setting next_dagrun for alerting_all_dags_using_apis to 2024-06-22 15:15:00+00:00, run_after=2024-06-22 15:30:00+00:00
[2024-06-22T15:36:41.192+0000] {processor.py:183} INFO - Processing /opt/airflow/dags/alerting_all_dags_using_apis.py took 0.189 seconds
[2024-06-22T15:37:11.678+0000] {processor.py:161} INFO - Started process (PID=142) to work on /opt/airflow/dags/alerting_all_dags_using_apis.py
[2024-06-22T15:37:11.682+0000] {processor.py:830} INFO - Processing file /opt/airflow/dags/alerting_all_dags_using_apis.py for tasks to queue
[2024-06-22T15:37:11.684+0000] {logging_mixin.py:188} INFO - [2024-06-22T15:37:11.683+0000] {dagbag.py:545} INFO - Filling up the DagBag from /opt/airflow/dags/alerting_all_dags_using_apis.py
[2024-06-22T15:37:11.697+0000] {processor.py:840} INFO - DAG(s) 'alerting_all_dags_using_apis' retrieved from /opt/airflow/dags/alerting_all_dags_using_apis.py
[2024-06-22T15:37:11.816+0000] {logging_mixin.py:188} INFO - [2024-06-22T15:37:11.815+0000] {dag.py:3096} INFO - Sync 1 DAGs
[2024-06-22T15:37:11.844+0000] {logging_mixin.py:188} INFO - [2024-06-22T15:37:11.844+0000] {dag.py:3954} INFO - Setting next_dagrun for alerting_all_dags_using_apis to 2024-06-22 15:15:00+00:00, run_after=2024-06-22 15:30:00+00:00
[2024-06-22T15:37:11.860+0000] {processor.py:183} INFO - Processing /opt/airflow/dags/alerting_all_dags_using_apis.py took 0.186 seconds
[2024-06-22T15:37:42.343+0000] {processor.py:161} INFO - Started process (PID=156) to work on /opt/airflow/dags/alerting_all_dags_using_apis.py
[2024-06-22T15:37:42.345+0000] {processor.py:830} INFO - Processing file /opt/airflow/dags/alerting_all_dags_using_apis.py for tasks to queue
[2024-06-22T15:37:42.347+0000] {logging_mixin.py:188} INFO - [2024-06-22T15:37:42.346+0000] {dagbag.py:545} INFO - Filling up the DagBag from /opt/airflow/dags/alerting_all_dags_using_apis.py
[2024-06-22T15:37:42.362+0000] {processor.py:840} INFO - DAG(s) 'alerting_all_dags_using_apis' retrieved from /opt/airflow/dags/alerting_all_dags_using_apis.py
[2024-06-22T15:37:42.482+0000] {logging_mixin.py:188} INFO - [2024-06-22T15:37:42.481+0000] {dag.py:3096} INFO - Sync 1 DAGs
[2024-06-22T15:37:42.501+0000] {logging_mixin.py:188} INFO - [2024-06-22T15:37:42.501+0000] {dag.py:3954} INFO - Setting next_dagrun for alerting_all_dags_using_apis to 2024-06-22 15:15:00+00:00, run_after=2024-06-22 15:30:00+00:00
[2024-06-22T15:37:42.522+0000] {processor.py:183} INFO - Processing /opt/airflow/dags/alerting_all_dags_using_apis.py took 0.185 seconds
[2024-06-22T15:38:12.990+0000] {processor.py:161} INFO - Started process (PID=170) to work on /opt/airflow/dags/alerting_all_dags_using_apis.py
[2024-06-22T15:38:12.994+0000] {processor.py:830} INFO - Processing file /opt/airflow/dags/alerting_all_dags_using_apis.py for tasks to queue
[2024-06-22T15:38:12.997+0000] {logging_mixin.py:188} INFO - [2024-06-22T15:38:12.996+0000] {dagbag.py:545} INFO - Filling up the DagBag from /opt/airflow/dags/alerting_all_dags_using_apis.py
[2024-06-22T15:38:13.017+0000] {processor.py:840} INFO - DAG(s) 'alerting_all_dags_using_apis' retrieved from /opt/airflow/dags/alerting_all_dags_using_apis.py
[2024-06-22T15:38:13.135+0000] {logging_mixin.py:188} INFO - [2024-06-22T15:38:13.134+0000] {dag.py:3096} INFO - Sync 1 DAGs
[2024-06-22T15:38:13.155+0000] {logging_mixin.py:188} INFO - [2024-06-22T15:38:13.154+0000] {dag.py:3954} INFO - Setting next_dagrun for alerting_all_dags_using_apis to 2024-06-22 15:15:00+00:00, run_after=2024-06-22 15:30:00+00:00
[2024-06-22T15:38:13.175+0000] {processor.py:183} INFO - Processing /opt/airflow/dags/alerting_all_dags_using_apis.py took 0.192 seconds
[2024-06-22T15:38:43.624+0000] {processor.py:161} INFO - Started process (PID=184) to work on /opt/airflow/dags/alerting_all_dags_using_apis.py
[2024-06-22T15:38:43.626+0000] {processor.py:830} INFO - Processing file /opt/airflow/dags/alerting_all_dags_using_apis.py for tasks to queue
[2024-06-22T15:38:43.629+0000] {logging_mixin.py:188} INFO - [2024-06-22T15:38:43.628+0000] {dagbag.py:545} INFO - Filling up the DagBag from /opt/airflow/dags/alerting_all_dags_using_apis.py
[2024-06-22T15:38:43.644+0000] {processor.py:840} INFO - DAG(s) 'alerting_all_dags_using_apis' retrieved from /opt/airflow/dags/alerting_all_dags_using_apis.py
[2024-06-22T15:38:43.758+0000] {logging_mixin.py:188} INFO - [2024-06-22T15:38:43.758+0000] {dag.py:3096} INFO - Sync 1 DAGs
[2024-06-22T15:38:43.779+0000] {logging_mixin.py:188} INFO - [2024-06-22T15:38:43.779+0000] {dag.py:3954} INFO - Setting next_dagrun for alerting_all_dags_using_apis to 2024-06-22 15:15:00+00:00, run_after=2024-06-22 15:30:00+00:00
[2024-06-22T15:38:43.797+0000] {processor.py:183} INFO - Processing /opt/airflow/dags/alerting_all_dags_using_apis.py took 0.187 seconds
[2024-06-22T15:39:14.223+0000] {processor.py:161} INFO - Started process (PID=198) to work on /opt/airflow/dags/alerting_all_dags_using_apis.py
[2024-06-22T15:39:14.227+0000] {processor.py:830} INFO - Processing file /opt/airflow/dags/alerting_all_dags_using_apis.py for tasks to queue
[2024-06-22T15:39:14.229+0000] {logging_mixin.py:188} INFO - [2024-06-22T15:39:14.228+0000] {dagbag.py:545} INFO - Filling up the DagBag from /opt/airflow/dags/alerting_all_dags_using_apis.py
[2024-06-22T15:39:14.243+0000] {processor.py:840} INFO - DAG(s) 'alerting_all_dags_using_apis' retrieved from /opt/airflow/dags/alerting_all_dags_using_apis.py
[2024-06-22T15:39:14.367+0000] {logging_mixin.py:188} INFO - [2024-06-22T15:39:14.367+0000] {dag.py:3096} INFO - Sync 1 DAGs
[2024-06-22T15:39:14.402+0000] {logging_mixin.py:188} INFO - [2024-06-22T15:39:14.401+0000] {dag.py:3954} INFO - Setting next_dagrun for alerting_all_dags_using_apis to 2024-06-22 15:15:00+00:00, run_after=2024-06-22 15:30:00+00:00
[2024-06-22T15:39:14.425+0000] {processor.py:183} INFO - Processing /opt/airflow/dags/alerting_all_dags_using_apis.py took 0.207 seconds
[2024-06-22T15:39:44.883+0000] {processor.py:161} INFO - Started process (PID=211) to work on /opt/airflow/dags/alerting_all_dags_using_apis.py
[2024-06-22T15:39:44.888+0000] {processor.py:830} INFO - Processing file /opt/airflow/dags/alerting_all_dags_using_apis.py for tasks to queue
[2024-06-22T15:39:44.890+0000] {logging_mixin.py:188} INFO - [2024-06-22T15:39:44.890+0000] {dagbag.py:545} INFO - Filling up the DagBag from /opt/airflow/dags/alerting_all_dags_using_apis.py
[2024-06-22T15:39:44.905+0000] {processor.py:840} INFO - DAG(s) 'alerting_all_dags_using_apis' retrieved from /opt/airflow/dags/alerting_all_dags_using_apis.py
[2024-06-22T15:39:45.023+0000] {logging_mixin.py:188} INFO - [2024-06-22T15:39:45.023+0000] {dag.py:3096} INFO - Sync 1 DAGs
[2024-06-22T15:39:45.046+0000] {logging_mixin.py:188} INFO - [2024-06-22T15:39:45.045+0000] {dag.py:3954} INFO - Setting next_dagrun for alerting_all_dags_using_apis to 2024-06-22 15:15:00+00:00, run_after=2024-06-22 15:30:00+00:00
[2024-06-22T15:39:45.063+0000] {processor.py:183} INFO - Processing /opt/airflow/dags/alerting_all_dags_using_apis.py took 0.193 seconds
[2024-06-22T15:40:15.530+0000] {processor.py:161} INFO - Started process (PID=225) to work on /opt/airflow/dags/alerting_all_dags_using_apis.py
[2024-06-22T15:40:15.534+0000] {processor.py:830} INFO - Processing file /opt/airflow/dags/alerting_all_dags_using_apis.py for tasks to queue
[2024-06-22T15:40:15.536+0000] {logging_mixin.py:188} INFO - [2024-06-22T15:40:15.536+0000] {dagbag.py:545} INFO - Filling up the DagBag from /opt/airflow/dags/alerting_all_dags_using_apis.py
[2024-06-22T15:40:15.553+0000] {processor.py:840} INFO - DAG(s) 'alerting_all_dags_using_apis' retrieved from /opt/airflow/dags/alerting_all_dags_using_apis.py
[2024-06-22T15:40:15.676+0000] {logging_mixin.py:188} INFO - [2024-06-22T15:40:15.675+0000] {dag.py:3096} INFO - Sync 1 DAGs
[2024-06-22T15:40:15.697+0000] {logging_mixin.py:188} INFO - [2024-06-22T15:40:15.697+0000] {dag.py:3954} INFO - Setting next_dagrun for alerting_all_dags_using_apis to 2024-06-22 15:15:00+00:00, run_after=2024-06-22 15:30:00+00:00
[2024-06-22T15:40:15.716+0000] {processor.py:183} INFO - Processing /opt/airflow/dags/alerting_all_dags_using_apis.py took 0.193 seconds
[2024-06-22T15:40:46.200+0000] {processor.py:161} INFO - Started process (PID=239) to work on /opt/airflow/dags/alerting_all_dags_using_apis.py
[2024-06-22T15:40:46.204+0000] {processor.py:830} INFO - Processing file /opt/airflow/dags/alerting_all_dags_using_apis.py for tasks to queue
[2024-06-22T15:40:46.206+0000] {logging_mixin.py:188} INFO - [2024-06-22T15:40:46.205+0000] {dagbag.py:545} INFO - Filling up the DagBag from /opt/airflow/dags/alerting_all_dags_using_apis.py
[2024-06-22T15:40:46.221+0000] {processor.py:840} INFO - DAG(s) 'alerting_all_dags_using_apis' retrieved from /opt/airflow/dags/alerting_all_dags_using_apis.py
[2024-06-22T15:40:46.341+0000] {logging_mixin.py:188} INFO - [2024-06-22T15:40:46.341+0000] {dag.py:3096} INFO - Sync 1 DAGs
[2024-06-22T15:40:46.362+0000] {logging_mixin.py:188} INFO - [2024-06-22T15:40:46.362+0000] {dag.py:3954} INFO - Setting next_dagrun for alerting_all_dags_using_apis to 2024-06-22 15:15:00+00:00, run_after=2024-06-22 15:30:00+00:00
[2024-06-22T15:40:46.384+0000] {processor.py:183} INFO - Processing /opt/airflow/dags/alerting_all_dags_using_apis.py took 0.200 seconds
[2024-06-22T15:41:16.871+0000] {processor.py:161} INFO - Started process (PID=253) to work on /opt/airflow/dags/alerting_all_dags_using_apis.py
[2024-06-22T15:41:16.876+0000] {processor.py:830} INFO - Processing file /opt/airflow/dags/alerting_all_dags_using_apis.py for tasks to queue
[2024-06-22T15:41:16.878+0000] {logging_mixin.py:188} INFO - [2024-06-22T15:41:16.878+0000] {dagbag.py:545} INFO - Filling up the DagBag from /opt/airflow/dags/alerting_all_dags_using_apis.py
[2024-06-22T15:41:16.893+0000] {processor.py:840} INFO - DAG(s) 'alerting_all_dags_using_apis' retrieved from /opt/airflow/dags/alerting_all_dags_using_apis.py
[2024-06-22T15:41:17.012+0000] {logging_mixin.py:188} INFO - [2024-06-22T15:41:17.012+0000] {dag.py:3096} INFO - Sync 1 DAGs
[2024-06-22T15:41:17.034+0000] {logging_mixin.py:188} INFO - [2024-06-22T15:41:17.033+0000] {dag.py:3954} INFO - Setting next_dagrun for alerting_all_dags_using_apis to 2024-06-22 15:15:00+00:00, run_after=2024-06-22 15:30:00+00:00
[2024-06-22T15:41:17.051+0000] {processor.py:183} INFO - Processing /opt/airflow/dags/alerting_all_dags_using_apis.py took 0.193 seconds
[2024-06-22T15:41:47.102+0000] {processor.py:161} INFO - Started process (PID=268) to work on /opt/airflow/dags/alerting_all_dags_using_apis.py
[2024-06-22T15:41:47.103+0000] {processor.py:830} INFO - Processing file /opt/airflow/dags/alerting_all_dags_using_apis.py for tasks to queue
[2024-06-22T15:41:47.106+0000] {logging_mixin.py:188} INFO - [2024-06-22T15:41:47.106+0000] {dagbag.py:545} INFO - Filling up the DagBag from /opt/airflow/dags/alerting_all_dags_using_apis.py
[2024-06-22T15:41:47.120+0000] {processor.py:840} INFO - DAG(s) 'alerting_all_dags_using_apis' retrieved from /opt/airflow/dags/alerting_all_dags_using_apis.py
[2024-06-22T15:41:47.243+0000] {logging_mixin.py:188} INFO - [2024-06-22T15:41:47.243+0000] {dag.py:3096} INFO - Sync 1 DAGs
[2024-06-22T15:41:47.265+0000] {logging_mixin.py:188} INFO - [2024-06-22T15:41:47.264+0000] {dag.py:3954} INFO - Setting next_dagrun for alerting_all_dags_using_apis to 2024-06-22 15:15:00+00:00, run_after=2024-06-22 15:30:00+00:00
[2024-06-22T15:41:47.283+0000] {processor.py:183} INFO - Processing /opt/airflow/dags/alerting_all_dags_using_apis.py took 0.187 seconds
[2024-06-22T15:42:17.821+0000] {processor.py:161} INFO - Started process (PID=282) to work on /opt/airflow/dags/alerting_all_dags_using_apis.py
[2024-06-22T15:42:17.826+0000] {processor.py:830} INFO - Processing file /opt/airflow/dags/alerting_all_dags_using_apis.py for tasks to queue
[2024-06-22T15:42:17.828+0000] {logging_mixin.py:188} INFO - [2024-06-22T15:42:17.828+0000] {dagbag.py:545} INFO - Filling up the DagBag from /opt/airflow/dags/alerting_all_dags_using_apis.py
[2024-06-22T15:42:17.843+0000] {processor.py:840} INFO - DAG(s) 'alerting_all_dags_using_apis' retrieved from /opt/airflow/dags/alerting_all_dags_using_apis.py
[2024-06-22T15:42:17.967+0000] {logging_mixin.py:188} INFO - [2024-06-22T15:42:17.967+0000] {dag.py:3096} INFO - Sync 1 DAGs
[2024-06-22T15:42:17.989+0000] {logging_mixin.py:188} INFO - [2024-06-22T15:42:17.989+0000] {dag.py:3954} INFO - Setting next_dagrun for alerting_all_dags_using_apis to 2024-06-22 15:15:00+00:00, run_after=2024-06-22 15:30:00+00:00
[2024-06-22T15:42:18.009+0000] {processor.py:183} INFO - Processing /opt/airflow/dags/alerting_all_dags_using_apis.py took 0.202 seconds
[2024-06-22T15:42:48.479+0000] {processor.py:161} INFO - Started process (PID=295) to work on /opt/airflow/dags/alerting_all_dags_using_apis.py
[2024-06-22T15:42:48.483+0000] {processor.py:830} INFO - Processing file /opt/airflow/dags/alerting_all_dags_using_apis.py for tasks to queue
[2024-06-22T15:42:48.485+0000] {logging_mixin.py:188} INFO - [2024-06-22T15:42:48.485+0000] {dagbag.py:545} INFO - Filling up the DagBag from /opt/airflow/dags/alerting_all_dags_using_apis.py
[2024-06-22T15:42:48.499+0000] {processor.py:840} INFO - DAG(s) 'alerting_all_dags_using_apis' retrieved from /opt/airflow/dags/alerting_all_dags_using_apis.py
[2024-06-22T15:42:48.616+0000] {logging_mixin.py:188} INFO - [2024-06-22T15:42:48.615+0000] {dag.py:3096} INFO - Sync 1 DAGs
[2024-06-22T15:42:48.637+0000] {logging_mixin.py:188} INFO - [2024-06-22T15:42:48.637+0000] {dag.py:3954} INFO - Setting next_dagrun for alerting_all_dags_using_apis to 2024-06-22 15:15:00+00:00, run_after=2024-06-22 15:30:00+00:00
[2024-06-22T15:42:48.652+0000] {processor.py:183} INFO - Processing /opt/airflow/dags/alerting_all_dags_using_apis.py took 0.184 seconds
[2024-06-22T15:43:19.126+0000] {processor.py:161} INFO - Started process (PID=309) to work on /opt/airflow/dags/alerting_all_dags_using_apis.py
[2024-06-22T15:43:19.128+0000] {processor.py:830} INFO - Processing file /opt/airflow/dags/alerting_all_dags_using_apis.py for tasks to queue
[2024-06-22T15:43:19.129+0000] {logging_mixin.py:188} INFO - [2024-06-22T15:43:19.129+0000] {dagbag.py:545} INFO - Filling up the DagBag from /opt/airflow/dags/alerting_all_dags_using_apis.py
[2024-06-22T15:43:19.143+0000] {processor.py:840} INFO - DAG(s) 'alerting_all_dags_using_apis' retrieved from /opt/airflow/dags/alerting_all_dags_using_apis.py
[2024-06-22T15:43:19.261+0000] {logging_mixin.py:188} INFO - [2024-06-22T15:43:19.261+0000] {dag.py:3096} INFO - Sync 1 DAGs
[2024-06-22T15:43:19.282+0000] {logging_mixin.py:188} INFO - [2024-06-22T15:43:19.282+0000] {dag.py:3954} INFO - Setting next_dagrun for alerting_all_dags_using_apis to 2024-06-22 15:15:00+00:00, run_after=2024-06-22 15:30:00+00:00
[2024-06-22T15:43:19.299+0000] {processor.py:183} INFO - Processing /opt/airflow/dags/alerting_all_dags_using_apis.py took 0.178 seconds
[2024-06-22T15:43:49.759+0000] {processor.py:161} INFO - Started process (PID=323) to work on /opt/airflow/dags/alerting_all_dags_using_apis.py
[2024-06-22T15:43:49.763+0000] {processor.py:830} INFO - Processing file /opt/airflow/dags/alerting_all_dags_using_apis.py for tasks to queue
[2024-06-22T15:43:49.765+0000] {logging_mixin.py:188} INFO - [2024-06-22T15:43:49.764+0000] {dagbag.py:545} INFO - Filling up the DagBag from /opt/airflow/dags/alerting_all_dags_using_apis.py
[2024-06-22T15:43:49.779+0000] {processor.py:840} INFO - DAG(s) 'alerting_all_dags_using_apis' retrieved from /opt/airflow/dags/alerting_all_dags_using_apis.py
[2024-06-22T15:43:49.908+0000] {logging_mixin.py:188} INFO - [2024-06-22T15:43:49.908+0000] {dag.py:3096} INFO - Sync 1 DAGs
[2024-06-22T15:43:49.932+0000] {logging_mixin.py:188} INFO - [2024-06-22T15:43:49.931+0000] {dag.py:3954} INFO - Setting next_dagrun for alerting_all_dags_using_apis to 2024-06-22 15:15:00+00:00, run_after=2024-06-22 15:30:00+00:00
[2024-06-22T15:43:49.951+0000] {processor.py:183} INFO - Processing /opt/airflow/dags/alerting_all_dags_using_apis.py took 0.199 seconds
[2024-06-22T15:44:20.417+0000] {processor.py:161} INFO - Started process (PID=337) to work on /opt/airflow/dags/alerting_all_dags_using_apis.py
[2024-06-22T15:44:20.419+0000] {processor.py:830} INFO - Processing file /opt/airflow/dags/alerting_all_dags_using_apis.py for tasks to queue
[2024-06-22T15:44:20.421+0000] {logging_mixin.py:188} INFO - [2024-06-22T15:44:20.420+0000] {dagbag.py:545} INFO - Filling up the DagBag from /opt/airflow/dags/alerting_all_dags_using_apis.py
[2024-06-22T15:44:20.439+0000] {processor.py:840} INFO - DAG(s) 'alerting_all_dags_using_apis' retrieved from /opt/airflow/dags/alerting_all_dags_using_apis.py
[2024-06-22T15:44:20.603+0000] {logging_mixin.py:188} INFO - [2024-06-22T15:44:20.603+0000] {dag.py:3096} INFO - Sync 1 DAGs
[2024-06-22T15:44:20.636+0000] {logging_mixin.py:188} INFO - [2024-06-22T15:44:20.636+0000] {dag.py:3954} INFO - Setting next_dagrun for alerting_all_dags_using_apis to 2024-06-22 15:15:00+00:00, run_after=2024-06-22 15:30:00+00:00
[2024-06-22T15:44:20.660+0000] {processor.py:183} INFO - Processing /opt/airflow/dags/alerting_all_dags_using_apis.py took 0.251 seconds
[2024-06-22T15:44:51.150+0000] {processor.py:161} INFO - Started process (PID=350) to work on /opt/airflow/dags/alerting_all_dags_using_apis.py
[2024-06-22T15:44:51.152+0000] {processor.py:830} INFO - Processing file /opt/airflow/dags/alerting_all_dags_using_apis.py for tasks to queue
[2024-06-22T15:44:51.156+0000] {logging_mixin.py:188} INFO - [2024-06-22T15:44:51.155+0000] {dagbag.py:545} INFO - Filling up the DagBag from /opt/airflow/dags/alerting_all_dags_using_apis.py
[2024-06-22T15:44:51.184+0000] {processor.py:840} INFO - DAG(s) 'alerting_all_dags_using_apis' retrieved from /opt/airflow/dags/alerting_all_dags_using_apis.py
[2024-06-22T15:44:51.366+0000] {logging_mixin.py:188} INFO - [2024-06-22T15:44:51.366+0000] {dag.py:3096} INFO - Sync 1 DAGs
[2024-06-22T15:44:51.398+0000] {logging_mixin.py:188} INFO - [2024-06-22T15:44:51.397+0000] {dag.py:3954} INFO - Setting next_dagrun for alerting_all_dags_using_apis to 2024-06-22 15:15:00+00:00, run_after=2024-06-22 15:30:00+00:00
[2024-06-22T15:44:51.424+0000] {processor.py:183} INFO - Processing /opt/airflow/dags/alerting_all_dags_using_apis.py took 0.280 seconds
[2024-06-22T15:45:22.036+0000] {processor.py:161} INFO - Started process (PID=364) to work on /opt/airflow/dags/alerting_all_dags_using_apis.py
[2024-06-22T15:45:22.040+0000] {processor.py:830} INFO - Processing file /opt/airflow/dags/alerting_all_dags_using_apis.py for tasks to queue
[2024-06-22T15:45:22.043+0000] {logging_mixin.py:188} INFO - [2024-06-22T15:45:22.043+0000] {dagbag.py:545} INFO - Filling up the DagBag from /opt/airflow/dags/alerting_all_dags_using_apis.py
[2024-06-22T15:45:22.066+0000] {processor.py:840} INFO - DAG(s) 'alerting_all_dags_using_apis' retrieved from /opt/airflow/dags/alerting_all_dags_using_apis.py
[2024-06-22T15:45:22.198+0000] {logging_mixin.py:188} INFO - [2024-06-22T15:45:22.198+0000] {dag.py:3096} INFO - Sync 1 DAGs
[2024-06-22T15:45:22.231+0000] {logging_mixin.py:188} INFO - [2024-06-22T15:45:22.230+0000] {dag.py:3954} INFO - Setting next_dagrun for alerting_all_dags_using_apis to 2024-06-22 15:30:00+00:00, run_after=2024-06-22 15:45:00+00:00
[2024-06-22T15:45:22.253+0000] {processor.py:183} INFO - Processing /opt/airflow/dags/alerting_all_dags_using_apis.py took 0.230 seconds
[2024-06-22T15:45:52.740+0000] {processor.py:161} INFO - Started process (PID=379) to work on /opt/airflow/dags/alerting_all_dags_using_apis.py
[2024-06-22T15:45:52.741+0000] {processor.py:830} INFO - Processing file /opt/airflow/dags/alerting_all_dags_using_apis.py for tasks to queue
[2024-06-22T15:45:52.743+0000] {logging_mixin.py:188} INFO - [2024-06-22T15:45:52.743+0000] {dagbag.py:545} INFO - Filling up the DagBag from /opt/airflow/dags/alerting_all_dags_using_apis.py
[2024-06-22T15:45:52.758+0000] {processor.py:840} INFO - DAG(s) 'alerting_all_dags_using_apis' retrieved from /opt/airflow/dags/alerting_all_dags_using_apis.py
[2024-06-22T15:45:52.892+0000] {logging_mixin.py:188} INFO - [2024-06-22T15:45:52.892+0000] {dag.py:3096} INFO - Sync 1 DAGs
[2024-06-22T15:45:52.916+0000] {logging_mixin.py:188} INFO - [2024-06-22T15:45:52.916+0000] {dag.py:3954} INFO - Setting next_dagrun for alerting_all_dags_using_apis to 2024-06-22 15:30:00+00:00, run_after=2024-06-22 15:45:00+00:00
[2024-06-22T15:45:52.939+0000] {processor.py:183} INFO - Processing /opt/airflow/dags/alerting_all_dags_using_apis.py took 0.210 seconds
