[2024-06-22T15:33:07.227+0000] {processor.py:161} INFO - Started process (PID=37) to work on /opt/airflow/dags/file_jsons_to_postgres.py
[2024-06-22T15:33:07.228+0000] {processor.py:830} INFO - Processing file /opt/airflow/dags/file_jsons_to_postgres.py for tasks to queue
[2024-06-22T15:33:07.230+0000] {logging_mixin.py:188} INFO - [2024-06-22T15:33:07.229+0000] {dagbag.py:545} INFO - Filling up the DagBag from /opt/airflow/dags/file_jsons_to_postgres.py
[2024-06-22T15:33:07.242+0000] {processor.py:840} INFO - DAG(s) 'file_jsons_to_postgres' retrieved from /opt/airflow/dags/file_jsons_to_postgres.py
[2024-06-22T15:33:07.278+0000] {logging_mixin.py:188} INFO - [2024-06-22T15:33:07.278+0000] {dag.py:3096} INFO - Sync 1 DAGs
[2024-06-22T15:33:07.318+0000] {logging_mixin.py:188} INFO - [2024-06-22T15:33:07.318+0000] {dag.py:3954} INFO - Setting next_dagrun for file_jsons_to_postgres to 2024-06-22 15:25:00+00:00, run_after=2024-06-22 15:30:00+00:00
[2024-06-22T15:33:07.350+0000] {processor.py:183} INFO - Processing /opt/airflow/dags/file_jsons_to_postgres.py took 0.128 seconds
[2024-06-22T15:33:37.549+0000] {processor.py:161} INFO - Started process (PID=51) to work on /opt/airflow/dags/file_jsons_to_postgres.py
[2024-06-22T15:33:37.550+0000] {processor.py:830} INFO - Processing file /opt/airflow/dags/file_jsons_to_postgres.py for tasks to queue
[2024-06-22T15:33:37.551+0000] {logging_mixin.py:188} INFO - [2024-06-22T15:33:37.551+0000] {dagbag.py:545} INFO - Filling up the DagBag from /opt/airflow/dags/file_jsons_to_postgres.py
[2024-06-22T15:33:37.561+0000] {processor.py:840} INFO - DAG(s) 'file_jsons_to_postgres' retrieved from /opt/airflow/dags/file_jsons_to_postgres.py
[2024-06-22T15:33:37.585+0000] {logging_mixin.py:188} INFO - [2024-06-22T15:33:37.584+0000] {dag.py:3096} INFO - Sync 1 DAGs
[2024-06-22T15:33:37.606+0000] {logging_mixin.py:188} INFO - [2024-06-22T15:33:37.606+0000] {dag.py:3954} INFO - Setting next_dagrun for file_jsons_to_postgres to 2024-06-22 15:25:00+00:00, run_after=2024-06-22 15:30:00+00:00
[2024-06-22T15:33:37.620+0000] {processor.py:183} INFO - Processing /opt/airflow/dags/file_jsons_to_postgres.py took 0.076 seconds
[2024-06-22T15:34:08.164+0000] {processor.py:161} INFO - Started process (PID=65) to work on /opt/airflow/dags/file_jsons_to_postgres.py
[2024-06-22T15:34:08.165+0000] {processor.py:830} INFO - Processing file /opt/airflow/dags/file_jsons_to_postgres.py for tasks to queue
[2024-06-22T15:34:08.166+0000] {logging_mixin.py:188} INFO - [2024-06-22T15:34:08.166+0000] {dagbag.py:545} INFO - Filling up the DagBag from /opt/airflow/dags/file_jsons_to_postgres.py
[2024-06-22T15:34:08.177+0000] {processor.py:840} INFO - DAG(s) 'file_jsons_to_postgres' retrieved from /opt/airflow/dags/file_jsons_to_postgres.py
[2024-06-22T15:34:08.199+0000] {logging_mixin.py:188} INFO - [2024-06-22T15:34:08.199+0000] {dag.py:3096} INFO - Sync 1 DAGs
[2024-06-22T15:34:08.221+0000] {logging_mixin.py:188} INFO - [2024-06-22T15:34:08.220+0000] {dag.py:3954} INFO - Setting next_dagrun for file_jsons_to_postgres to 2024-06-22 15:25:00+00:00, run_after=2024-06-22 15:30:00+00:00
[2024-06-22T15:34:08.235+0000] {processor.py:183} INFO - Processing /opt/airflow/dags/file_jsons_to_postgres.py took 0.076 seconds
[2024-06-22T15:34:38.836+0000] {processor.py:161} INFO - Started process (PID=79) to work on /opt/airflow/dags/file_jsons_to_postgres.py
[2024-06-22T15:34:38.837+0000] {processor.py:830} INFO - Processing file /opt/airflow/dags/file_jsons_to_postgres.py for tasks to queue
[2024-06-22T15:34:38.838+0000] {logging_mixin.py:188} INFO - [2024-06-22T15:34:38.838+0000] {dagbag.py:545} INFO - Filling up the DagBag from /opt/airflow/dags/file_jsons_to_postgres.py
[2024-06-22T15:34:38.848+0000] {processor.py:840} INFO - DAG(s) 'file_jsons_to_postgres' retrieved from /opt/airflow/dags/file_jsons_to_postgres.py
[2024-06-22T15:34:38.875+0000] {logging_mixin.py:188} INFO - [2024-06-22T15:34:38.874+0000] {dag.py:3096} INFO - Sync 1 DAGs
[2024-06-22T15:34:38.903+0000] {logging_mixin.py:188} INFO - [2024-06-22T15:34:38.902+0000] {dag.py:3954} INFO - Setting next_dagrun for file_jsons_to_postgres to 2024-06-22 15:25:00+00:00, run_after=2024-06-22 15:30:00+00:00
[2024-06-22T15:34:38.920+0000] {processor.py:183} INFO - Processing /opt/airflow/dags/file_jsons_to_postgres.py took 0.089 seconds
[2024-06-22T15:35:09.480+0000] {processor.py:161} INFO - Started process (PID=93) to work on /opt/airflow/dags/file_jsons_to_postgres.py
[2024-06-22T15:35:09.481+0000] {processor.py:830} INFO - Processing file /opt/airflow/dags/file_jsons_to_postgres.py for tasks to queue
[2024-06-22T15:35:09.482+0000] {logging_mixin.py:188} INFO - [2024-06-22T15:35:09.482+0000] {dagbag.py:545} INFO - Filling up the DagBag from /opt/airflow/dags/file_jsons_to_postgres.py
[2024-06-22T15:35:09.493+0000] {processor.py:840} INFO - DAG(s) 'file_jsons_to_postgres' retrieved from /opt/airflow/dags/file_jsons_to_postgres.py
[2024-06-22T15:35:09.519+0000] {logging_mixin.py:188} INFO - [2024-06-22T15:35:09.519+0000] {dag.py:3096} INFO - Sync 1 DAGs
[2024-06-22T15:35:09.543+0000] {logging_mixin.py:188} INFO - [2024-06-22T15:35:09.543+0000] {dag.py:3954} INFO - Setting next_dagrun for file_jsons_to_postgres to 2024-06-22 15:30:00+00:00, run_after=2024-06-22 15:35:00+00:00
[2024-06-22T15:35:09.559+0000] {processor.py:183} INFO - Processing /opt/airflow/dags/file_jsons_to_postgres.py took 0.085 seconds
[2024-06-22T15:35:40.091+0000] {processor.py:161} INFO - Started process (PID=107) to work on /opt/airflow/dags/file_jsons_to_postgres.py
[2024-06-22T15:35:40.092+0000] {processor.py:830} INFO - Processing file /opt/airflow/dags/file_jsons_to_postgres.py for tasks to queue
[2024-06-22T15:35:40.093+0000] {logging_mixin.py:188} INFO - [2024-06-22T15:35:40.093+0000] {dagbag.py:545} INFO - Filling up the DagBag from /opt/airflow/dags/file_jsons_to_postgres.py
[2024-06-22T15:35:40.104+0000] {processor.py:840} INFO - DAG(s) 'file_jsons_to_postgres' retrieved from /opt/airflow/dags/file_jsons_to_postgres.py
[2024-06-22T15:35:40.129+0000] {logging_mixin.py:188} INFO - [2024-06-22T15:35:40.128+0000] {dag.py:3096} INFO - Sync 1 DAGs
[2024-06-22T15:35:40.152+0000] {logging_mixin.py:188} INFO - [2024-06-22T15:35:40.152+0000] {dag.py:3954} INFO - Setting next_dagrun for file_jsons_to_postgres to 2024-06-22 15:30:00+00:00, run_after=2024-06-22 15:35:00+00:00
[2024-06-22T15:35:40.168+0000] {processor.py:183} INFO - Processing /opt/airflow/dags/file_jsons_to_postgres.py took 0.083 seconds
[2024-06-22T15:36:10.696+0000] {processor.py:161} INFO - Started process (PID=121) to work on /opt/airflow/dags/file_jsons_to_postgres.py
[2024-06-22T15:36:10.697+0000] {processor.py:830} INFO - Processing file /opt/airflow/dags/file_jsons_to_postgres.py for tasks to queue
[2024-06-22T15:36:10.698+0000] {logging_mixin.py:188} INFO - [2024-06-22T15:36:10.698+0000] {dagbag.py:545} INFO - Filling up the DagBag from /opt/airflow/dags/file_jsons_to_postgres.py
[2024-06-22T15:36:10.709+0000] {processor.py:840} INFO - DAG(s) 'file_jsons_to_postgres' retrieved from /opt/airflow/dags/file_jsons_to_postgres.py
[2024-06-22T15:36:10.732+0000] {logging_mixin.py:188} INFO - [2024-06-22T15:36:10.732+0000] {dag.py:3096} INFO - Sync 1 DAGs
[2024-06-22T15:36:10.755+0000] {logging_mixin.py:188} INFO - [2024-06-22T15:36:10.755+0000] {dag.py:3954} INFO - Setting next_dagrun for file_jsons_to_postgres to 2024-06-22 15:30:00+00:00, run_after=2024-06-22 15:35:00+00:00
[2024-06-22T15:36:10.771+0000] {processor.py:183} INFO - Processing /opt/airflow/dags/file_jsons_to_postgres.py took 0.080 seconds
[2024-06-22T15:36:41.444+0000] {processor.py:161} INFO - Started process (PID=135) to work on /opt/airflow/dags/file_jsons_to_postgres.py
[2024-06-22T15:36:41.445+0000] {processor.py:830} INFO - Processing file /opt/airflow/dags/file_jsons_to_postgres.py for tasks to queue
[2024-06-22T15:36:41.446+0000] {logging_mixin.py:188} INFO - [2024-06-22T15:36:41.446+0000] {dagbag.py:545} INFO - Filling up the DagBag from /opt/airflow/dags/file_jsons_to_postgres.py
[2024-06-22T15:36:41.456+0000] {processor.py:840} INFO - DAG(s) 'file_jsons_to_postgres' retrieved from /opt/airflow/dags/file_jsons_to_postgres.py
[2024-06-22T15:36:41.480+0000] {logging_mixin.py:188} INFO - [2024-06-22T15:36:41.480+0000] {dag.py:3096} INFO - Sync 1 DAGs
[2024-06-22T15:36:41.503+0000] {logging_mixin.py:188} INFO - [2024-06-22T15:36:41.503+0000] {dag.py:3954} INFO - Setting next_dagrun for file_jsons_to_postgres to 2024-06-22 15:30:00+00:00, run_after=2024-06-22 15:35:00+00:00
[2024-06-22T15:36:41.526+0000] {processor.py:183} INFO - Processing /opt/airflow/dags/file_jsons_to_postgres.py took 0.087 seconds
[2024-06-22T15:37:12.081+0000] {processor.py:161} INFO - Started process (PID=149) to work on /opt/airflow/dags/file_jsons_to_postgres.py
[2024-06-22T15:37:12.082+0000] {processor.py:830} INFO - Processing file /opt/airflow/dags/file_jsons_to_postgres.py for tasks to queue
[2024-06-22T15:37:12.083+0000] {logging_mixin.py:188} INFO - [2024-06-22T15:37:12.083+0000] {dagbag.py:545} INFO - Filling up the DagBag from /opt/airflow/dags/file_jsons_to_postgres.py
[2024-06-22T15:37:12.094+0000] {processor.py:840} INFO - DAG(s) 'file_jsons_to_postgres' retrieved from /opt/airflow/dags/file_jsons_to_postgres.py
[2024-06-22T15:37:12.118+0000] {logging_mixin.py:188} INFO - [2024-06-22T15:37:12.118+0000] {dag.py:3096} INFO - Sync 1 DAGs
[2024-06-22T15:37:12.141+0000] {logging_mixin.py:188} INFO - [2024-06-22T15:37:12.141+0000] {dag.py:3954} INFO - Setting next_dagrun for file_jsons_to_postgres to 2024-06-22 15:30:00+00:00, run_after=2024-06-22 15:35:00+00:00
[2024-06-22T15:37:12.158+0000] {processor.py:183} INFO - Processing /opt/airflow/dags/file_jsons_to_postgres.py took 0.083 seconds
[2024-06-22T15:37:42.733+0000] {processor.py:161} INFO - Started process (PID=163) to work on /opt/airflow/dags/file_jsons_to_postgres.py
[2024-06-22T15:37:42.734+0000] {processor.py:830} INFO - Processing file /opt/airflow/dags/file_jsons_to_postgres.py for tasks to queue
[2024-06-22T15:37:42.736+0000] {logging_mixin.py:188} INFO - [2024-06-22T15:37:42.736+0000] {dagbag.py:545} INFO - Filling up the DagBag from /opt/airflow/dags/file_jsons_to_postgres.py
[2024-06-22T15:37:42.746+0000] {processor.py:840} INFO - DAG(s) 'file_jsons_to_postgres' retrieved from /opt/airflow/dags/file_jsons_to_postgres.py
[2024-06-22T15:37:42.769+0000] {logging_mixin.py:188} INFO - [2024-06-22T15:37:42.769+0000] {dag.py:3096} INFO - Sync 1 DAGs
[2024-06-22T15:37:42.794+0000] {logging_mixin.py:188} INFO - [2024-06-22T15:37:42.793+0000] {dag.py:3954} INFO - Setting next_dagrun for file_jsons_to_postgres to 2024-06-22 15:30:00+00:00, run_after=2024-06-22 15:35:00+00:00
[2024-06-22T15:37:42.810+0000] {processor.py:183} INFO - Processing /opt/airflow/dags/file_jsons_to_postgres.py took 0.082 seconds
[2024-06-22T15:38:13.378+0000] {processor.py:161} INFO - Started process (PID=177) to work on /opt/airflow/dags/file_jsons_to_postgres.py
[2024-06-22T15:38:13.379+0000] {processor.py:830} INFO - Processing file /opt/airflow/dags/file_jsons_to_postgres.py for tasks to queue
[2024-06-22T15:38:13.381+0000] {logging_mixin.py:188} INFO - [2024-06-22T15:38:13.380+0000] {dagbag.py:545} INFO - Filling up the DagBag from /opt/airflow/dags/file_jsons_to_postgres.py
[2024-06-22T15:38:13.391+0000] {processor.py:840} INFO - DAG(s) 'file_jsons_to_postgres' retrieved from /opt/airflow/dags/file_jsons_to_postgres.py
[2024-06-22T15:38:13.416+0000] {logging_mixin.py:188} INFO - [2024-06-22T15:38:13.416+0000] {dag.py:3096} INFO - Sync 1 DAGs
[2024-06-22T15:38:13.439+0000] {logging_mixin.py:188} INFO - [2024-06-22T15:38:13.439+0000] {dag.py:3954} INFO - Setting next_dagrun for file_jsons_to_postgres to 2024-06-22 15:30:00+00:00, run_after=2024-06-22 15:35:00+00:00
[2024-06-22T15:38:13.454+0000] {processor.py:183} INFO - Processing /opt/airflow/dags/file_jsons_to_postgres.py took 0.080 seconds
[2024-06-22T15:38:44.002+0000] {processor.py:161} INFO - Started process (PID=191) to work on /opt/airflow/dags/file_jsons_to_postgres.py
[2024-06-22T15:38:44.004+0000] {processor.py:830} INFO - Processing file /opt/airflow/dags/file_jsons_to_postgres.py for tasks to queue
[2024-06-22T15:38:44.005+0000] {logging_mixin.py:188} INFO - [2024-06-22T15:38:44.005+0000] {dagbag.py:545} INFO - Filling up the DagBag from /opt/airflow/dags/file_jsons_to_postgres.py
[2024-06-22T15:38:44.018+0000] {processor.py:840} INFO - DAG(s) 'file_jsons_to_postgres' retrieved from /opt/airflow/dags/file_jsons_to_postgres.py
[2024-06-22T15:38:44.045+0000] {logging_mixin.py:188} INFO - [2024-06-22T15:38:44.045+0000] {dag.py:3096} INFO - Sync 1 DAGs
[2024-06-22T15:38:44.070+0000] {logging_mixin.py:188} INFO - [2024-06-22T15:38:44.069+0000] {dag.py:3954} INFO - Setting next_dagrun for file_jsons_to_postgres to 2024-06-22 15:30:00+00:00, run_after=2024-06-22 15:35:00+00:00
[2024-06-22T15:38:44.088+0000] {processor.py:183} INFO - Processing /opt/airflow/dags/file_jsons_to_postgres.py took 0.091 seconds
[2024-06-22T15:39:14.578+0000] {processor.py:161} INFO - Started process (PID=205) to work on /opt/airflow/dags/file_jsons_to_postgres.py
[2024-06-22T15:39:14.579+0000] {processor.py:830} INFO - Processing file /opt/airflow/dags/file_jsons_to_postgres.py for tasks to queue
[2024-06-22T15:39:14.581+0000] {logging_mixin.py:188} INFO - [2024-06-22T15:39:14.581+0000] {dagbag.py:545} INFO - Filling up the DagBag from /opt/airflow/dags/file_jsons_to_postgres.py
[2024-06-22T15:39:14.592+0000] {processor.py:840} INFO - DAG(s) 'file_jsons_to_postgres' retrieved from /opt/airflow/dags/file_jsons_to_postgres.py
[2024-06-22T15:39:14.616+0000] {logging_mixin.py:188} INFO - [2024-06-22T15:39:14.616+0000] {dag.py:3096} INFO - Sync 1 DAGs
[2024-06-22T15:39:14.642+0000] {logging_mixin.py:188} INFO - [2024-06-22T15:39:14.642+0000] {dag.py:3954} INFO - Setting next_dagrun for file_jsons_to_postgres to 2024-06-22 15:30:00+00:00, run_after=2024-06-22 15:35:00+00:00
[2024-06-22T15:39:14.658+0000] {processor.py:183} INFO - Processing /opt/airflow/dags/file_jsons_to_postgres.py took 0.084 seconds
[2024-06-22T15:39:45.285+0000] {processor.py:161} INFO - Started process (PID=218) to work on /opt/airflow/dags/file_jsons_to_postgres.py
[2024-06-22T15:39:45.286+0000] {processor.py:830} INFO - Processing file /opt/airflow/dags/file_jsons_to_postgres.py for tasks to queue
[2024-06-22T15:39:45.287+0000] {logging_mixin.py:188} INFO - [2024-06-22T15:39:45.287+0000] {dagbag.py:545} INFO - Filling up the DagBag from /opt/airflow/dags/file_jsons_to_postgres.py
[2024-06-22T15:39:45.300+0000] {processor.py:840} INFO - DAG(s) 'file_jsons_to_postgres' retrieved from /opt/airflow/dags/file_jsons_to_postgres.py
[2024-06-22T15:39:45.326+0000] {logging_mixin.py:188} INFO - [2024-06-22T15:39:45.326+0000] {dag.py:3096} INFO - Sync 1 DAGs
[2024-06-22T15:39:45.351+0000] {logging_mixin.py:188} INFO - [2024-06-22T15:39:45.351+0000] {dag.py:3954} INFO - Setting next_dagrun for file_jsons_to_postgres to 2024-06-22 15:30:00+00:00, run_after=2024-06-22 15:35:00+00:00
[2024-06-22T15:39:45.367+0000] {processor.py:183} INFO - Processing /opt/airflow/dags/file_jsons_to_postgres.py took 0.087 seconds
[2024-06-22T15:40:15.938+0000] {processor.py:161} INFO - Started process (PID=232) to work on /opt/airflow/dags/file_jsons_to_postgres.py
[2024-06-22T15:40:15.939+0000] {processor.py:830} INFO - Processing file /opt/airflow/dags/file_jsons_to_postgres.py for tasks to queue
[2024-06-22T15:40:15.941+0000] {logging_mixin.py:188} INFO - [2024-06-22T15:40:15.940+0000] {dagbag.py:545} INFO - Filling up the DagBag from /opt/airflow/dags/file_jsons_to_postgres.py
[2024-06-22T15:40:15.951+0000] {processor.py:840} INFO - DAG(s) 'file_jsons_to_postgres' retrieved from /opt/airflow/dags/file_jsons_to_postgres.py
[2024-06-22T15:40:15.974+0000] {logging_mixin.py:188} INFO - [2024-06-22T15:40:15.974+0000] {dag.py:3096} INFO - Sync 1 DAGs
[2024-06-22T15:40:15.997+0000] {logging_mixin.py:188} INFO - [2024-06-22T15:40:15.996+0000] {dag.py:3954} INFO - Setting next_dagrun for file_jsons_to_postgres to 2024-06-22 15:35:00+00:00, run_after=2024-06-22 15:40:00+00:00
[2024-06-22T15:40:16.012+0000] {processor.py:183} INFO - Processing /opt/airflow/dags/file_jsons_to_postgres.py took 0.080 seconds
[2024-06-22T15:40:46.611+0000] {processor.py:161} INFO - Started process (PID=246) to work on /opt/airflow/dags/file_jsons_to_postgres.py
[2024-06-22T15:40:46.613+0000] {processor.py:830} INFO - Processing file /opt/airflow/dags/file_jsons_to_postgres.py for tasks to queue
[2024-06-22T15:40:46.614+0000] {logging_mixin.py:188} INFO - [2024-06-22T15:40:46.614+0000] {dagbag.py:545} INFO - Filling up the DagBag from /opt/airflow/dags/file_jsons_to_postgres.py
[2024-06-22T15:40:46.624+0000] {processor.py:840} INFO - DAG(s) 'file_jsons_to_postgres' retrieved from /opt/airflow/dags/file_jsons_to_postgres.py
[2024-06-22T15:40:46.649+0000] {logging_mixin.py:188} INFO - [2024-06-22T15:40:46.649+0000] {dag.py:3096} INFO - Sync 1 DAGs
[2024-06-22T15:40:46.672+0000] {logging_mixin.py:188} INFO - [2024-06-22T15:40:46.672+0000] {dag.py:3954} INFO - Setting next_dagrun for file_jsons_to_postgres to 2024-06-22 15:35:00+00:00, run_after=2024-06-22 15:40:00+00:00
[2024-06-22T15:40:46.688+0000] {processor.py:183} INFO - Processing /opt/airflow/dags/file_jsons_to_postgres.py took 0.082 seconds
[2024-06-22T15:41:17.310+0000] {processor.py:161} INFO - Started process (PID=260) to work on /opt/airflow/dags/file_jsons_to_postgres.py
[2024-06-22T15:41:17.311+0000] {processor.py:830} INFO - Processing file /opt/airflow/dags/file_jsons_to_postgres.py for tasks to queue
[2024-06-22T15:41:17.312+0000] {logging_mixin.py:188} INFO - [2024-06-22T15:41:17.312+0000] {dagbag.py:545} INFO - Filling up the DagBag from /opt/airflow/dags/file_jsons_to_postgres.py
[2024-06-22T15:41:17.322+0000] {processor.py:840} INFO - DAG(s) 'file_jsons_to_postgres' retrieved from /opt/airflow/dags/file_jsons_to_postgres.py
[2024-06-22T15:41:17.346+0000] {logging_mixin.py:188} INFO - [2024-06-22T15:41:17.346+0000] {dag.py:3096} INFO - Sync 1 DAGs
[2024-06-22T15:41:17.370+0000] {logging_mixin.py:188} INFO - [2024-06-22T15:41:17.369+0000] {dag.py:3954} INFO - Setting next_dagrun for file_jsons_to_postgres to 2024-06-22 15:35:00+00:00, run_after=2024-06-22 15:40:00+00:00
[2024-06-22T15:41:17.385+0000] {processor.py:183} INFO - Processing /opt/airflow/dags/file_jsons_to_postgres.py took 0.080 seconds
[2024-06-22T15:41:47.514+0000] {processor.py:161} INFO - Started process (PID=275) to work on /opt/airflow/dags/file_jsons_to_postgres.py
[2024-06-22T15:41:47.515+0000] {processor.py:830} INFO - Processing file /opt/airflow/dags/file_jsons_to_postgres.py for tasks to queue
[2024-06-22T15:41:47.517+0000] {logging_mixin.py:188} INFO - [2024-06-22T15:41:47.516+0000] {dagbag.py:545} INFO - Filling up the DagBag from /opt/airflow/dags/file_jsons_to_postgres.py
[2024-06-22T15:41:47.526+0000] {processor.py:840} INFO - DAG(s) 'file_jsons_to_postgres' retrieved from /opt/airflow/dags/file_jsons_to_postgres.py
[2024-06-22T15:41:47.550+0000] {logging_mixin.py:188} INFO - [2024-06-22T15:41:47.550+0000] {dag.py:3096} INFO - Sync 1 DAGs
[2024-06-22T15:41:47.575+0000] {logging_mixin.py:188} INFO - [2024-06-22T15:41:47.574+0000] {dag.py:3954} INFO - Setting next_dagrun for file_jsons_to_postgres to 2024-06-22 15:35:00+00:00, run_after=2024-06-22 15:40:00+00:00
[2024-06-22T15:41:47.593+0000] {processor.py:183} INFO - Processing /opt/airflow/dags/file_jsons_to_postgres.py took 0.083 seconds
[2024-06-22T15:42:18.225+0000] {processor.py:161} INFO - Started process (PID=289) to work on /opt/airflow/dags/file_jsons_to_postgres.py
[2024-06-22T15:42:18.226+0000] {processor.py:830} INFO - Processing file /opt/airflow/dags/file_jsons_to_postgres.py for tasks to queue
[2024-06-22T15:42:18.227+0000] {logging_mixin.py:188} INFO - [2024-06-22T15:42:18.227+0000] {dagbag.py:545} INFO - Filling up the DagBag from /opt/airflow/dags/file_jsons_to_postgres.py
[2024-06-22T15:42:18.238+0000] {processor.py:840} INFO - DAG(s) 'file_jsons_to_postgres' retrieved from /opt/airflow/dags/file_jsons_to_postgres.py
[2024-06-22T15:42:18.262+0000] {logging_mixin.py:188} INFO - [2024-06-22T15:42:18.261+0000] {dag.py:3096} INFO - Sync 1 DAGs
[2024-06-22T15:42:18.286+0000] {logging_mixin.py:188} INFO - [2024-06-22T15:42:18.286+0000] {dag.py:3954} INFO - Setting next_dagrun for file_jsons_to_postgres to 2024-06-22 15:35:00+00:00, run_after=2024-06-22 15:40:00+00:00
[2024-06-22T15:42:18.302+0000] {processor.py:183} INFO - Processing /opt/airflow/dags/file_jsons_to_postgres.py took 0.082 seconds
[2024-06-22T15:42:48.877+0000] {processor.py:161} INFO - Started process (PID=302) to work on /opt/airflow/dags/file_jsons_to_postgres.py
[2024-06-22T15:42:48.878+0000] {processor.py:830} INFO - Processing file /opt/airflow/dags/file_jsons_to_postgres.py for tasks to queue
[2024-06-22T15:42:48.880+0000] {logging_mixin.py:188} INFO - [2024-06-22T15:42:48.880+0000] {dagbag.py:545} INFO - Filling up the DagBag from /opt/airflow/dags/file_jsons_to_postgres.py
[2024-06-22T15:42:48.891+0000] {processor.py:840} INFO - DAG(s) 'file_jsons_to_postgres' retrieved from /opt/airflow/dags/file_jsons_to_postgres.py
[2024-06-22T15:42:48.915+0000] {logging_mixin.py:188} INFO - [2024-06-22T15:42:48.915+0000] {dag.py:3096} INFO - Sync 1 DAGs
[2024-06-22T15:42:48.938+0000] {logging_mixin.py:188} INFO - [2024-06-22T15:42:48.937+0000] {dag.py:3954} INFO - Setting next_dagrun for file_jsons_to_postgres to 2024-06-22 15:35:00+00:00, run_after=2024-06-22 15:40:00+00:00
[2024-06-22T15:42:48.953+0000] {processor.py:183} INFO - Processing /opt/airflow/dags/file_jsons_to_postgres.py took 0.081 seconds
[2024-06-22T15:43:19.517+0000] {processor.py:161} INFO - Started process (PID=316) to work on /opt/airflow/dags/file_jsons_to_postgres.py
[2024-06-22T15:43:19.518+0000] {processor.py:830} INFO - Processing file /opt/airflow/dags/file_jsons_to_postgres.py for tasks to queue
[2024-06-22T15:43:19.520+0000] {logging_mixin.py:188} INFO - [2024-06-22T15:43:19.519+0000] {dagbag.py:545} INFO - Filling up the DagBag from /opt/airflow/dags/file_jsons_to_postgres.py
[2024-06-22T15:43:19.532+0000] {processor.py:840} INFO - DAG(s) 'file_jsons_to_postgres' retrieved from /opt/airflow/dags/file_jsons_to_postgres.py
[2024-06-22T15:43:19.555+0000] {logging_mixin.py:188} INFO - [2024-06-22T15:43:19.555+0000] {dag.py:3096} INFO - Sync 1 DAGs
[2024-06-22T15:43:19.579+0000] {logging_mixin.py:188} INFO - [2024-06-22T15:43:19.578+0000] {dag.py:3954} INFO - Setting next_dagrun for file_jsons_to_postgres to 2024-06-22 15:35:00+00:00, run_after=2024-06-22 15:40:00+00:00
[2024-06-22T15:43:19.595+0000] {processor.py:183} INFO - Processing /opt/airflow/dags/file_jsons_to_postgres.py took 0.083 seconds
[2024-06-22T15:43:50.199+0000] {processor.py:161} INFO - Started process (PID=330) to work on /opt/airflow/dags/file_jsons_to_postgres.py
[2024-06-22T15:43:50.201+0000] {processor.py:830} INFO - Processing file /opt/airflow/dags/file_jsons_to_postgres.py for tasks to queue
[2024-06-22T15:43:50.203+0000] {logging_mixin.py:188} INFO - [2024-06-22T15:43:50.202+0000] {dagbag.py:545} INFO - Filling up the DagBag from /opt/airflow/dags/file_jsons_to_postgres.py
[2024-06-22T15:43:50.215+0000] {processor.py:840} INFO - DAG(s) 'file_jsons_to_postgres' retrieved from /opt/airflow/dags/file_jsons_to_postgres.py
[2024-06-22T15:43:50.243+0000] {logging_mixin.py:188} INFO - [2024-06-22T15:43:50.243+0000] {dag.py:3096} INFO - Sync 1 DAGs
[2024-06-22T15:43:50.272+0000] {logging_mixin.py:188} INFO - [2024-06-22T15:43:50.272+0000] {dag.py:3954} INFO - Setting next_dagrun for file_jsons_to_postgres to 2024-06-22 15:35:00+00:00, run_after=2024-06-22 15:40:00+00:00
[2024-06-22T15:43:50.293+0000] {processor.py:183} INFO - Processing /opt/airflow/dags/file_jsons_to_postgres.py took 0.102 seconds
[2024-06-22T15:44:20.959+0000] {processor.py:161} INFO - Started process (PID=344) to work on /opt/airflow/dags/file_jsons_to_postgres.py
[2024-06-22T15:44:20.960+0000] {processor.py:830} INFO - Processing file /opt/airflow/dags/file_jsons_to_postgres.py for tasks to queue
[2024-06-22T15:44:20.962+0000] {logging_mixin.py:188} INFO - [2024-06-22T15:44:20.962+0000] {dagbag.py:545} INFO - Filling up the DagBag from /opt/airflow/dags/file_jsons_to_postgres.py
[2024-06-22T15:44:20.974+0000] {processor.py:840} INFO - DAG(s) 'file_jsons_to_postgres' retrieved from /opt/airflow/dags/file_jsons_to_postgres.py
[2024-06-22T15:44:21.004+0000] {logging_mixin.py:188} INFO - [2024-06-22T15:44:21.004+0000] {dag.py:3096} INFO - Sync 1 DAGs
[2024-06-22T15:44:21.037+0000] {logging_mixin.py:188} INFO - [2024-06-22T15:44:21.036+0000] {dag.py:3954} INFO - Setting next_dagrun for file_jsons_to_postgres to 2024-06-22 15:35:00+00:00, run_after=2024-06-22 15:40:00+00:00
[2024-06-22T15:44:21.056+0000] {processor.py:183} INFO - Processing /opt/airflow/dags/file_jsons_to_postgres.py took 0.103 seconds
[2024-06-22T15:44:51.754+0000] {processor.py:161} INFO - Started process (PID=357) to work on /opt/airflow/dags/file_jsons_to_postgres.py
[2024-06-22T15:44:51.755+0000] {processor.py:830} INFO - Processing file /opt/airflow/dags/file_jsons_to_postgres.py for tasks to queue
[2024-06-22T15:44:51.757+0000] {logging_mixin.py:188} INFO - [2024-06-22T15:44:51.757+0000] {dagbag.py:545} INFO - Filling up the DagBag from /opt/airflow/dags/file_jsons_to_postgres.py
[2024-06-22T15:44:51.775+0000] {processor.py:840} INFO - DAG(s) 'file_jsons_to_postgres' retrieved from /opt/airflow/dags/file_jsons_to_postgres.py
[2024-06-22T15:44:51.813+0000] {logging_mixin.py:188} INFO - [2024-06-22T15:44:51.813+0000] {dag.py:3096} INFO - Sync 1 DAGs
[2024-06-22T15:44:51.848+0000] {logging_mixin.py:188} INFO - [2024-06-22T15:44:51.848+0000] {dag.py:3954} INFO - Setting next_dagrun for file_jsons_to_postgres to 2024-06-22 15:35:00+00:00, run_after=2024-06-22 15:40:00+00:00
[2024-06-22T15:44:51.867+0000] {processor.py:183} INFO - Processing /opt/airflow/dags/file_jsons_to_postgres.py took 0.122 seconds
[2024-06-22T15:45:22.478+0000] {processor.py:161} INFO - Started process (PID=371) to work on /opt/airflow/dags/file_jsons_to_postgres.py
[2024-06-22T15:45:22.479+0000] {processor.py:830} INFO - Processing file /opt/airflow/dags/file_jsons_to_postgres.py for tasks to queue
[2024-06-22T15:45:22.480+0000] {logging_mixin.py:188} INFO - [2024-06-22T15:45:22.480+0000] {dagbag.py:545} INFO - Filling up the DagBag from /opt/airflow/dags/file_jsons_to_postgres.py
[2024-06-22T15:45:22.491+0000] {processor.py:840} INFO - DAG(s) 'file_jsons_to_postgres' retrieved from /opt/airflow/dags/file_jsons_to_postgres.py
[2024-06-22T15:45:22.515+0000] {logging_mixin.py:188} INFO - [2024-06-22T15:45:22.515+0000] {dag.py:3096} INFO - Sync 1 DAGs
[2024-06-22T15:45:22.539+0000] {logging_mixin.py:188} INFO - [2024-06-22T15:45:22.538+0000] {dag.py:3954} INFO - Setting next_dagrun for file_jsons_to_postgres to 2024-06-22 15:40:00+00:00, run_after=2024-06-22 15:45:00+00:00
[2024-06-22T15:45:22.554+0000] {processor.py:183} INFO - Processing /opt/airflow/dags/file_jsons_to_postgres.py took 0.082 seconds
[2024-06-22T15:45:53.233+0000] {processor.py:161} INFO - Started process (PID=386) to work on /opt/airflow/dags/file_jsons_to_postgres.py
[2024-06-22T15:45:53.234+0000] {processor.py:830} INFO - Processing file /opt/airflow/dags/file_jsons_to_postgres.py for tasks to queue
[2024-06-22T15:45:53.235+0000] {logging_mixin.py:188} INFO - [2024-06-22T15:45:53.235+0000] {dagbag.py:545} INFO - Filling up the DagBag from /opt/airflow/dags/file_jsons_to_postgres.py
[2024-06-22T15:45:53.246+0000] {processor.py:840} INFO - DAG(s) 'file_jsons_to_postgres' retrieved from /opt/airflow/dags/file_jsons_to_postgres.py
[2024-06-22T15:45:53.271+0000] {logging_mixin.py:188} INFO - [2024-06-22T15:45:53.270+0000] {dag.py:3096} INFO - Sync 1 DAGs
[2024-06-22T15:45:53.296+0000] {logging_mixin.py:188} INFO - [2024-06-22T15:45:53.296+0000] {dag.py:3954} INFO - Setting next_dagrun for file_jsons_to_postgres to 2024-06-22 15:40:00+00:00, run_after=2024-06-22 15:45:00+00:00
[2024-06-22T15:45:53.316+0000] {processor.py:183} INFO - Processing /opt/airflow/dags/file_jsons_to_postgres.py took 0.087 seconds
