[2024-06-18T10:22:04.086+0000] {local_task_job_runner.py:120} INFO - ::group::Pre task execution logs
[2024-06-18T10:22:04.123+0000] {taskinstance.py:2076} INFO - Dependencies all met for dep_context=non-requeueable deps ti=<TaskInstance: alerting_skipped11.check_previous_run_status scheduled__2024-06-18T10:21:00+00:00 [queued]>
[2024-06-18T10:22:04.138+0000] {taskinstance.py:2076} INFO - Dependencies all met for dep_context=requeueable deps ti=<TaskInstance: alerting_skipped11.check_previous_run_status scheduled__2024-06-18T10:21:00+00:00 [queued]>
[2024-06-18T10:22:04.139+0000] {taskinstance.py:2306} INFO - Starting attempt 1 of 6
[2024-06-18T10:22:04.162+0000] {taskinstance.py:2330} INFO - Executing <Task(BranchPythonOperator): check_previous_run_status> on 2024-06-18 10:21:00+00:00
[2024-06-18T10:22:04.171+0000] {warnings.py:110} WARNING - /home/***/.local/lib/python3.12/site-packages/***/task/task_runner/standard_task_runner.py:61: DeprecationWarning: This process (pid=3766) is multi-threaded, use of fork() may lead to deadlocks in the child.
  pid = os.fork()

[2024-06-18T10:22:04.173+0000] {standard_task_runner.py:63} INFO - Started process 3769 to run task
[2024-06-18T10:22:04.173+0000] {standard_task_runner.py:90} INFO - Running: ['***', 'tasks', 'run', 'alerting_skipped11', 'check_previous_run_status', 'scheduled__2024-06-18T10:21:00+00:00', '--job-id', '599', '--raw', '--subdir', 'DAGS_FOLDER/alerting_skipped.py', '--cfg-path', '/tmp/tmp0gmovnws']
[2024-06-18T10:22:04.175+0000] {standard_task_runner.py:91} INFO - Job 599: Subtask check_previous_run_status
[2024-06-18T10:22:04.248+0000] {task_command.py:426} INFO - Running <TaskInstance: alerting_skipped11.check_previous_run_status scheduled__2024-06-18T10:21:00+00:00 [running]> on host fa5c5d972e05
[2024-06-18T10:22:04.376+0000] {taskinstance.py:2648} INFO - Exporting env vars: AIRFLOW_CTX_DAG_OWNER='***' AIRFLOW_CTX_DAG_ID='alerting_skipped11' AIRFLOW_CTX_TASK_ID='check_previous_run_status' AIRFLOW_CTX_EXECUTION_DATE='2024-06-18T10:21:00+00:00' AIRFLOW_CTX_TRY_NUMBER='1' AIRFLOW_CTX_DAG_RUN_ID='scheduled__2024-06-18T10:21:00+00:00'
[2024-06-18T10:22:04.377+0000] {taskinstance.py:430} INFO - ::endgroup::
[2024-06-18T10:22:04.394+0000] {baseoperator.py:399} WARNING - BranchPythonOperator.execute cannot be called outside TaskInstance!
[2024-06-18T10:22:04.394+0000] {python.py:237} INFO - Done. Returned value was: start_run
[2024-06-18T10:22:04.394+0000] {branch.py:36} INFO - Branch into start_run
[2024-06-18T10:22:04.395+0000] {skipmixin.py:178} INFO - Following branch start_run
[2024-06-18T10:22:04.419+0000] {skipmixin.py:246} INFO - Skipping tasks [('skip_run', -1)]
[2024-06-18T10:22:04.446+0000] {taskinstance.py:441} INFO - ::group::Post task execution logs
[2024-06-18T10:22:04.473+0000] {taskinstance.py:1206} INFO - Marking task as SUCCESS. dag_id=alerting_skipped11, task_id=check_previous_run_status, run_id=scheduled__2024-06-18T10:21:00+00:00, execution_date=20240618T102100, start_date=20240618T102204, end_date=20240618T102204
[2024-06-18T10:22:04.507+0000] {local_task_job_runner.py:240} INFO - Task exited with return code 0
[2024-06-18T10:22:04.519+0000] {local_task_job_runner.py:222} INFO - ::endgroup::
