[2024-06-13T06:07:29.522+0000] {local_task_job_runner.py:120} INFO - ::group::Pre task execution logs
[2024-06-13T06:07:29.547+0000] {taskinstance.py:2076} INFO - Dependencies all met for dep_context=non-requeueable deps ti=<TaskInstance: airflow_example.filter_data manual__2024-06-13T06:07:27.162079+00:00 [queued]>
[2024-06-13T06:07:29.556+0000] {taskinstance.py:2076} INFO - Dependencies all met for dep_context=requeueable deps ti=<TaskInstance: airflow_example.filter_data manual__2024-06-13T06:07:27.162079+00:00 [queued]>
[2024-06-13T06:07:29.556+0000] {taskinstance.py:2306} INFO - Starting attempt 1 of 6
[2024-06-13T06:07:29.573+0000] {taskinstance.py:2330} INFO - Executing <Task(PythonOperator): filter_data> on 2024-06-13 06:07:27.162079+00:00
[2024-06-13T06:07:29.580+0000] {warnings.py:110} WARNING - /home/***/.local/lib/python3.12/site-packages/***/task/task_runner/standard_task_runner.py:61: DeprecationWarning: This process (pid=324) is multi-threaded, use of fork() may lead to deadlocks in the child.
  pid = os.fork()

[2024-06-13T06:07:29.581+0000] {standard_task_runner.py:63} INFO - Started process 325 to run task
[2024-06-13T06:07:29.581+0000] {standard_task_runner.py:90} INFO - Running: ['***', 'tasks', 'run', '***_example', 'filter_data', 'manual__2024-06-13T06:07:27.162079+00:00', '--job-id', '177', '--raw', '--subdir', 'DAGS_FOLDER/file_jsons_to_postgres.py', '--cfg-path', '/tmp/tmpup3iod92']
[2024-06-13T06:07:29.582+0000] {standard_task_runner.py:91} INFO - Job 177: Subtask filter_data
[2024-06-13T06:07:29.626+0000] {task_command.py:426} INFO - Running <TaskInstance: airflow_example.filter_data manual__2024-06-13T06:07:27.162079+00:00 [running]> on host 8cc8d7c9eee4
[2024-06-13T06:07:29.723+0000] {taskinstance.py:2648} INFO - Exporting env vars: AIRFLOW_CTX_DAG_OWNER='***' AIRFLOW_CTX_DAG_ID='***_example' AIRFLOW_CTX_TASK_ID='filter_data' AIRFLOW_CTX_EXECUTION_DATE='2024-06-13T06:07:27.162079+00:00' AIRFLOW_CTX_TRY_NUMBER='1' AIRFLOW_CTX_DAG_RUN_ID='manual__2024-06-13T06:07:27.162079+00:00'
[2024-06-13T06:07:29.724+0000] {taskinstance.py:430} INFO - ::endgroup::
[2024-06-13T06:07:29.756+0000] {file_jsons_to_postgres.py:52} INFO - Filtered valid data: [{'name': 'Vankamamidi', 'email': '85mej@cf.eqt', 'date': '20230101'}]
[2024-06-13T06:07:29.770+0000] {python.py:237} INFO - Done. Returned value was: None
[2024-06-13T06:07:29.770+0000] {taskinstance.py:441} INFO - ::group::Post task execution logs
[2024-06-13T06:07:29.782+0000] {taskinstance.py:1206} INFO - Marking task as SUCCESS. dag_id=***_example, task_id=filter_data, run_id=manual__2024-06-13T06:07:27.162079+00:00, execution_date=20240613T060727, start_date=20240613T060729, end_date=20240613T060729
[2024-06-13T06:07:29.835+0000] {local_task_job_runner.py:240} INFO - Task exited with return code 0
[2024-06-13T06:07:29.872+0000] {taskinstance.py:3498} INFO - 1 downstream tasks scheduled from follow-on schedule check
[2024-06-13T06:07:29.874+0000] {local_task_job_runner.py:222} INFO - ::endgroup::
