[2024-06-28T10:05:01.763+0000] {local_task_job_runner.py:120} INFO - ::group::Pre task execution logs
[2024-06-28T10:05:01.800+0000] {taskinstance.py:2076} INFO - Dependencies all met for dep_context=non-requeueable deps ti=<TaskInstance: demo_dag_for_alerting_final.check_previous_run_status scheduled__2024-06-28T10:04:00+00:00 [queued]>
[2024-06-28T10:05:01.813+0000] {taskinstance.py:2076} INFO - Dependencies all met for dep_context=requeueable deps ti=<TaskInstance: demo_dag_for_alerting_final.check_previous_run_status scheduled__2024-06-28T10:04:00+00:00 [queued]>
[2024-06-28T10:05:01.813+0000] {taskinstance.py:2306} INFO - Starting attempt 1 of 6
[2024-06-28T10:05:01.844+0000] {taskinstance.py:2330} INFO - Executing <Task(BranchPythonOperator): check_previous_run_status> on 2024-06-28 10:04:00+00:00
[2024-06-28T10:05:01.852+0000] {warnings.py:110} WARNING - /home/***/.local/lib/python3.12/site-packages/***/task/task_runner/standard_task_runner.py:61: DeprecationWarning: This process (pid=8651) is multi-threaded, use of fork() may lead to deadlocks in the child.
  pid = os.fork()

[2024-06-28T10:05:01.855+0000] {standard_task_runner.py:63} INFO - Started process 8653 to run task
[2024-06-28T10:05:01.855+0000] {standard_task_runner.py:90} INFO - Running: ['***', 'tasks', 'run', 'demo_dag_for_alerting_final', 'check_previous_run_status', 'scheduled__2024-06-28T10:04:00+00:00', '--job-id', '4925', '--raw', '--subdir', 'DAGS_FOLDER/demo_dag_for_alerting.py', '--cfg-path', '/tmp/tmp1mz4tety']
[2024-06-28T10:05:01.856+0000] {standard_task_runner.py:91} INFO - Job 4925: Subtask check_previous_run_status
[2024-06-28T10:05:01.926+0000] {task_command.py:426} INFO - Running <TaskInstance: demo_dag_for_alerting_final.check_previous_run_status scheduled__2024-06-28T10:04:00+00:00 [running]> on host eeacb89bcfc1
[2024-06-28T10:05:02.079+0000] {taskinstance.py:2648} INFO - Exporting env vars: AIRFLOW_CTX_DAG_OWNER='***' AIRFLOW_CTX_DAG_ID='demo_dag_for_alerting_final' AIRFLOW_CTX_TASK_ID='check_previous_run_status' AIRFLOW_CTX_EXECUTION_DATE='2024-06-28T10:04:00+00:00' AIRFLOW_CTX_TRY_NUMBER='1' AIRFLOW_CTX_DAG_RUN_ID='scheduled__2024-06-28T10:04:00+00:00'
[2024-06-28T10:05:02.080+0000] {taskinstance.py:430} INFO - ::endgroup::
[2024-06-28T10:05:02.101+0000] {baseoperator.py:399} WARNING - BranchPythonOperator.execute cannot be called outside TaskInstance!
[2024-06-28T10:05:02.101+0000] {helper_functions.py:145} INFO - Reading encrypted details from ('/opt/***/dags/postgres_connection.py', '/opt/***/dags/***_api_configuration.py')
[2024-06-28T10:05:02.109+0000] {helper_functions.py:148} INFO - Decrypted postgres connection: {'user': '***', 'password': '***', 'dbname': '***', 'host': '172.240.2.2', 'port': '5432'}
[2024-06-28T10:05:02.113+0000] {helper_functions.py:108} INFO - Executing create table SQL
[2024-06-28T10:05:02.114+0000] {helper_functions.py:112} INFO - Checking existing record for dag_id and task_id
[2024-06-28T10:05:02.116+0000] {helper_functions.py:126} INFO - Updating success count for demo_dag_for_alerting_final - check_previous_run_status
[2024-06-28T10:05:02.120+0000] {python.py:237} INFO - Done. Returned value was: start_run
[2024-06-28T10:05:02.121+0000] {branch.py:36} INFO - Branch into start_run
[2024-06-28T10:05:02.122+0000] {skipmixin.py:178} INFO - Following branch start_run
[2024-06-28T10:05:02.148+0000] {skipmixin.py:246} INFO - Skipping tasks [('skip_run', -1)]
[2024-06-28T10:05:02.186+0000] {taskinstance.py:441} INFO - ::group::Post task execution logs
[2024-06-28T10:05:02.210+0000] {taskinstance.py:1206} INFO - Marking task as SUCCESS. dag_id=demo_dag_for_alerting_final, task_id=check_previous_run_status, run_id=scheduled__2024-06-28T10:04:00+00:00, execution_date=20240628T100400, start_date=20240628T100501, end_date=20240628T100502
[2024-06-28T10:05:02.270+0000] {local_task_job_runner.py:240} INFO - Task exited with return code 0
[2024-06-28T10:05:02.316+0000] {taskinstance.py:3498} INFO - 0 downstream tasks scheduled from follow-on schedule check
[2024-06-28T10:05:02.318+0000] {local_task_job_runner.py:222} INFO - ::endgroup::
