[2024-06-19T11:15:13.066+0000] {local_task_job_runner.py:120} INFO - ::group::Pre task execution logs
[2024-06-19T11:15:13.169+0000] {taskinstance.py:2076} INFO - Dependencies all met for dep_context=non-requeueable deps ti=<TaskInstance: demo_dag_for_alerting_final_1.insert_new_record_into_audit_table scheduled__2024-06-19T11:14:00+00:00 [queued]>
[2024-06-19T11:15:13.203+0000] {taskinstance.py:2076} INFO - Dependencies all met for dep_context=requeueable deps ti=<TaskInstance: demo_dag_for_alerting_final_1.insert_new_record_into_audit_table scheduled__2024-06-19T11:14:00+00:00 [queued]>
[2024-06-19T11:15:13.204+0000] {taskinstance.py:2306} INFO - Starting attempt 1 of 6
[2024-06-19T11:15:13.255+0000] {taskinstance.py:2330} INFO - Executing <Task(PythonOperator): insert_new_record_into_audit_table> on 2024-06-19 11:14:00+00:00
[2024-06-19T11:15:13.269+0000] {warnings.py:110} WARNING - /home/***/.local/lib/python3.12/site-packages/***/task/task_runner/standard_task_runner.py:61: DeprecationWarning: This process (pid=5141) is multi-threaded, use of fork() may lead to deadlocks in the child.
  pid = os.fork()

[2024-06-19T11:15:13.272+0000] {standard_task_runner.py:63} INFO - Started process 5142 to run task
[2024-06-19T11:15:13.273+0000] {standard_task_runner.py:90} INFO - Running: ['***', 'tasks', 'run', 'demo_dag_for_alerting_final_1', 'insert_new_record_into_audit_table', 'scheduled__2024-06-19T11:14:00+00:00', '--job-id', '1530', '--raw', '--subdir', 'DAGS_FOLDER/demo_dag_for_alerting.py', '--cfg-path', '/tmp/tmp69q4uc2x']
[2024-06-19T11:15:13.277+0000] {standard_task_runner.py:91} INFO - Job 1530: Subtask insert_new_record_into_audit_table
[2024-06-19T11:15:13.411+0000] {task_command.py:426} INFO - Running <TaskInstance: demo_dag_for_alerting_final_1.insert_new_record_into_audit_table scheduled__2024-06-19T11:14:00+00:00 [running]> on host 9e4d135130fa
[2024-06-19T11:15:13.883+0000] {taskinstance.py:2648} INFO - Exporting env vars: AIRFLOW_CTX_DAG_OWNER='***' AIRFLOW_CTX_DAG_ID='demo_dag_for_alerting_final_1' AIRFLOW_CTX_TASK_ID='insert_new_record_into_audit_table' AIRFLOW_CTX_EXECUTION_DATE='2024-06-19T11:14:00+00:00' AIRFLOW_CTX_TRY_NUMBER='1' AIRFLOW_CTX_DAG_RUN_ID='scheduled__2024-06-19T11:14:00+00:00'
[2024-06-19T11:15:13.886+0000] {taskinstance.py:430} INFO - ::endgroup::
[2024-06-19T11:15:13.942+0000] {logging_mixin.py:188} INFO - insert_into_audit_table_for_adhoc_data
[2024-06-19T11:15:13.943+0000] {python.py:237} INFO - Done. Returned value was: None
[2024-06-19T11:15:13.944+0000] {taskinstance.py:441} INFO - ::group::Post task execution logs
[2024-06-19T11:15:13.983+0000] {taskinstance.py:1206} INFO - Marking task as SUCCESS. dag_id=demo_dag_for_alerting_final_1, task_id=insert_new_record_into_audit_table, run_id=scheduled__2024-06-19T11:14:00+00:00, execution_date=20240619T111400, start_date=20240619T111513, end_date=20240619T111513
[2024-06-19T11:15:14.062+0000] {local_task_job_runner.py:240} INFO - Task exited with return code 0
[2024-06-19T11:15:14.157+0000] {taskinstance.py:3498} INFO - 0 downstream tasks scheduled from follow-on schedule check
[2024-06-19T11:15:14.162+0000] {local_task_job_runner.py:222} INFO - ::endgroup::
