[2024-06-12T10:21:52.737+0000] {local_task_job_runner.py:120} INFO - ::group::Pre task execution logs
[2024-06-12T10:21:52.760+0000] {taskinstance.py:2076} INFO - Dependencies all met for dep_context=non-requeueable deps ti=<TaskInstance: airflow_example1.insert_json manual__2024-06-12T10:21:46.969226+00:00 [queued]>
[2024-06-12T10:21:52.770+0000] {taskinstance.py:2076} INFO - Dependencies all met for dep_context=requeueable deps ti=<TaskInstance: airflow_example1.insert_json manual__2024-06-12T10:21:46.969226+00:00 [queued]>
[2024-06-12T10:21:52.770+0000] {taskinstance.py:2306} INFO - Starting attempt 1 of 6
[2024-06-12T10:21:52.783+0000] {taskinstance.py:2330} INFO - Executing <Task(PythonOperator): insert_json> on 2024-06-12 10:21:46.969226+00:00
[2024-06-12T10:21:52.788+0000] {warnings.py:110} WARNING - /home/***/.local/lib/python3.12/site-packages/***/task/task_runner/standard_task_runner.py:61: DeprecationWarning: This process (pid=3066) is multi-threaded, use of fork() may lead to deadlocks in the child.
  pid = os.fork()

[2024-06-12T10:21:52.788+0000] {standard_task_runner.py:63} INFO - Started process 3067 to run task
[2024-06-12T10:21:52.789+0000] {standard_task_runner.py:90} INFO - Running: ['***', 'tasks', 'run', '***_example1', 'insert_json', 'manual__2024-06-12T10:21:46.969226+00:00', '--job-id', '153', '--raw', '--subdir', 'DAGS_FOLDER/file_jsons_to_postgres.py', '--cfg-path', '/tmp/tmptsodulye']
[2024-06-12T10:21:52.790+0000] {standard_task_runner.py:91} INFO - Job 153: Subtask insert_json
[2024-06-12T10:21:52.828+0000] {task_command.py:426} INFO - Running <TaskInstance: airflow_example1.insert_json manual__2024-06-12T10:21:46.969226+00:00 [running]> on host 7bea3768514b
[2024-06-12T10:21:52.902+0000] {taskinstance.py:2648} INFO - Exporting env vars: AIRFLOW_CTX_DAG_OWNER='***' AIRFLOW_CTX_DAG_ID='***_example1' AIRFLOW_CTX_TASK_ID='insert_json' AIRFLOW_CTX_EXECUTION_DATE='2024-06-12T10:21:46.969226+00:00' AIRFLOW_CTX_TRY_NUMBER='1' AIRFLOW_CTX_DAG_RUN_ID='manual__2024-06-12T10:21:46.969226+00:00'
[2024-06-12T10:21:52.902+0000] {taskinstance.py:430} INFO - ::endgroup::
[2024-06-12T10:21:52.926+0000] {file_jsons_to_postgres.py:75} INFO - Inserting entry: {'name': 'nikhil11', 'phoneNumber': '6234567890', 'date': '2022-05-11T10:08:00.026Z', 'email': 'N!k#!1$*@gmail.com'}
[2024-06-12T10:21:52.937+0000] {base.py:84} INFO - Using connection ID 'postgres_conn' for task execution.
[2024-06-12T10:21:52.941+0000] {sql.py:470} INFO - Running statement: 
        INSERT INTO valid_data (name, email, date) VALUES (%s, %s, %s)
        , parameters: ('nikhil11', 'N!k#!1$*@gmail.com', '2022-05-11T10:08:00.026Z')
[2024-06-12T10:21:52.943+0000] {sql.py:479} INFO - Rows affected: 1
[2024-06-12T10:21:52.944+0000] {file_jsons_to_postgres.py:75} INFO - Inserting entry: {'name': 'nikhil1', 'phoneNumber': '6234567890', 'date': '2022-05-11T10:08:00.026Z', 'email': 'N!k#!1$*@gmail.com'}
[2024-06-12T10:21:52.953+0000] {base.py:84} INFO - Using connection ID 'postgres_conn' for task execution.
[2024-06-12T10:21:52.958+0000] {sql.py:470} INFO - Running statement: 
        INSERT INTO valid_data (name, email, date) VALUES (%s, %s, %s)
        , parameters: ('nikhil1', 'N!k#!1$*@gmail.com', '2022-05-11T10:08:00.026Z')
[2024-06-12T10:21:52.959+0000] {sql.py:479} INFO - Rows affected: 1
[2024-06-12T10:21:52.961+0000] {file_jsons_to_postgres.py:75} INFO - Inserting entry: {'name': 'nikhil12', 'phoneNumber': '6234567890', 'date': '2022-05-11T10:08:00.026Z', 'email': 'N!k#!1$*@gmail.com'}
[2024-06-12T10:21:52.971+0000] {base.py:84} INFO - Using connection ID 'postgres_conn' for task execution.
[2024-06-12T10:21:52.975+0000] {sql.py:470} INFO - Running statement: 
        INSERT INTO valid_data (name, email, date) VALUES (%s, %s, %s)
        , parameters: ('nikhil12', 'N!k#!1$*@gmail.com', '2022-05-11T10:08:00.026Z')
[2024-06-12T10:21:52.977+0000] {sql.py:479} INFO - Rows affected: 1
[2024-06-12T10:21:52.978+0000] {file_jsons_to_postgres.py:77} INFO - Data insertion completed successfully.
[2024-06-12T10:21:52.979+0000] {python.py:237} INFO - Done. Returned value was: None
[2024-06-12T10:21:52.980+0000] {taskinstance.py:441} INFO - ::group::Post task execution logs
[2024-06-12T10:21:52.994+0000] {taskinstance.py:1206} INFO - Marking task as SUCCESS. dag_id=***_example1, task_id=insert_json, run_id=manual__2024-06-12T10:21:46.969226+00:00, execution_date=20240612T102146, start_date=20240612T102152, end_date=20240612T102152
[2024-06-12T10:21:53.042+0000] {local_task_job_runner.py:240} INFO - Task exited with return code 0
[2024-06-12T10:21:53.058+0000] {taskinstance.py:3498} INFO - 0 downstream tasks scheduled from follow-on schedule check
[2024-06-12T10:21:53.060+0000] {local_task_job_runner.py:222} INFO - ::endgroup::
