[2024-06-25T13:02:01.565+0000] {local_task_job_runner.py:120} INFO - ::group::Pre task execution logs
[2024-06-25T13:02:01.593+0000] {taskinstance.py:2076} INFO - Dependencies all met for dep_context=non-requeueable deps ti=<TaskInstance: demo_dag_for_alerting_final_1.check_previous_run_status scheduled__2024-06-25T13:01:00+00:00 [queued]>
[2024-06-25T13:02:01.603+0000] {taskinstance.py:2076} INFO - Dependencies all met for dep_context=requeueable deps ti=<TaskInstance: demo_dag_for_alerting_final_1.check_previous_run_status scheduled__2024-06-25T13:01:00+00:00 [queued]>
[2024-06-25T13:02:01.603+0000] {taskinstance.py:2306} INFO - Starting attempt 1 of 6
[2024-06-25T13:02:01.620+0000] {taskinstance.py:2330} INFO - Executing <Task(BranchPythonOperator): check_previous_run_status> on 2024-06-25 13:01:00+00:00
[2024-06-25T13:02:01.627+0000] {warnings.py:110} WARNING - /home/***/.local/lib/python3.12/site-packages/***/task/task_runner/standard_task_runner.py:61: DeprecationWarning: This process (pid=1941) is multi-threaded, use of fork() may lead to deadlocks in the child.
  pid = os.fork()

[2024-06-25T13:02:01.628+0000] {standard_task_runner.py:63} INFO - Started process 1942 to run task
[2024-06-25T13:02:01.629+0000] {standard_task_runner.py:90} INFO - Running: ['***', 'tasks', 'run', 'demo_dag_for_alerting_final_1', 'check_previous_run_status', 'scheduled__2024-06-25T13:01:00+00:00', '--job-id', '3928', '--raw', '--subdir', 'DAGS_FOLDER/demo_dag_for_alerting.py', '--cfg-path', '/tmp/tmpud1imj5q']
[2024-06-25T13:02:01.630+0000] {standard_task_runner.py:91} INFO - Job 3928: Subtask check_previous_run_status
[2024-06-25T13:02:01.683+0000] {task_command.py:426} INFO - Running <TaskInstance: demo_dag_for_alerting_final_1.check_previous_run_status scheduled__2024-06-25T13:01:00+00:00 [running]> on host ced2311e92d2
[2024-06-25T13:02:01.793+0000] {taskinstance.py:2648} INFO - Exporting env vars: AIRFLOW_CTX_DAG_OWNER='***' AIRFLOW_CTX_DAG_ID='demo_dag_for_alerting_final_1' AIRFLOW_CTX_TASK_ID='check_previous_run_status' AIRFLOW_CTX_EXECUTION_DATE='2024-06-25T13:01:00+00:00' AIRFLOW_CTX_TRY_NUMBER='1' AIRFLOW_CTX_DAG_RUN_ID='scheduled__2024-06-25T13:01:00+00:00'
[2024-06-25T13:02:01.794+0000] {taskinstance.py:430} INFO - ::endgroup::
[2024-06-25T13:02:01.814+0000] {baseoperator.py:399} WARNING - BranchPythonOperator.execute cannot be called outside TaskInstance!
[2024-06-25T13:02:01.814+0000] {helper_functions.py:67} INFO - Reading encrypted postgres connection details from /opt/***/dags/postgres_connection.py
[2024-06-25T13:02:01.815+0000] {helper_functions.py:71} INFO - Decrypting postgres connection details
[2024-06-25T13:02:01.821+0000] {helper_functions.py:74} INFO - Decrypted postgres connection: {'user': '***', 'password': '***', 'dbname': '***', 'host': '172.240.4.3', 'port': '5432'}
[2024-06-25T13:02:01.825+0000] {helper_functions.py:87} INFO - Executing create table SQL
[2024-06-25T13:02:01.826+0000] {helper_functions.py:91} INFO - Checking existing record for dag_id and task_id
[2024-06-25T13:02:01.827+0000] {helper_functions.py:97} INFO - Updating skip count for demo_dag_for_alerting_final_1 - check_previous_run_status
[2024-06-25T13:02:01.830+0000] {python.py:237} INFO - Done. Returned value was: skip_run
[2024-06-25T13:02:01.830+0000] {branch.py:36} INFO - Branch into skip_run
[2024-06-25T13:02:01.831+0000] {skipmixin.py:178} INFO - Following branch skip_run
[2024-06-25T13:02:01.846+0000] {skipmixin.py:246} INFO - Skipping tasks [('start_run', -1)]
[2024-06-25T13:02:01.868+0000] {taskinstance.py:441} INFO - ::group::Post task execution logs
[2024-06-25T13:02:01.891+0000] {taskinstance.py:1206} INFO - Marking task as SUCCESS. dag_id=demo_dag_for_alerting_final_1, task_id=check_previous_run_status, run_id=scheduled__2024-06-25T13:01:00+00:00, execution_date=20240625T130100, start_date=20240625T130201, end_date=20240625T130201
[2024-06-25T13:02:01.922+0000] {local_task_job_runner.py:240} INFO - Task exited with return code 0
[2024-06-25T13:02:01.981+0000] {taskinstance.py:3498} INFO - 1 downstream tasks scheduled from follow-on schedule check
[2024-06-25T13:02:01.989+0000] {local_task_job_runner.py:222} INFO - ::endgroup::
