[2024-06-18T10:49:02.189+0000] {local_task_job_runner.py:120} INFO - ::group::Pre task execution logs
[2024-06-18T10:49:02.211+0000] {taskinstance.py:2076} INFO - Dependencies all met for dep_context=non-requeueable deps ti=<TaskInstance: alerting_skipped.check_previous_run_status scheduled__2024-06-18T10:48:00+00:00 [queued]>
[2024-06-18T10:49:02.218+0000] {taskinstance.py:2076} INFO - Dependencies all met for dep_context=requeueable deps ti=<TaskInstance: alerting_skipped.check_previous_run_status scheduled__2024-06-18T10:48:00+00:00 [queued]>
[2024-06-18T10:49:02.219+0000] {taskinstance.py:2306} INFO - Starting attempt 1 of 6
[2024-06-18T10:49:02.232+0000] {taskinstance.py:2330} INFO - Executing <Task(BranchPythonOperator): check_previous_run_status> on 2024-06-18 10:48:00+00:00
[2024-06-18T10:49:02.237+0000] {warnings.py:110} WARNING - /home/***/.local/lib/python3.12/site-packages/***/task/task_runner/standard_task_runner.py:61: DeprecationWarning: This process (pid=4238) is multi-threaded, use of fork() may lead to deadlocks in the child.
  pid = os.fork()

[2024-06-18T10:49:02.238+0000] {standard_task_runner.py:63} INFO - Started process 4239 to run task
[2024-06-18T10:49:02.238+0000] {standard_task_runner.py:90} INFO - Running: ['***', 'tasks', 'run', 'alerting_skipped', 'check_previous_run_status', 'scheduled__2024-06-18T10:48:00+00:00', '--job-id', '657', '--raw', '--subdir', 'DAGS_FOLDER/alerting_skipped.py', '--cfg-path', '/tmp/tmpswe3oa0z']
[2024-06-18T10:49:02.239+0000] {standard_task_runner.py:91} INFO - Job 657: Subtask check_previous_run_status
[2024-06-18T10:49:02.280+0000] {task_command.py:426} INFO - Running <TaskInstance: alerting_skipped.check_previous_run_status scheduled__2024-06-18T10:48:00+00:00 [running]> on host fa5c5d972e05
[2024-06-18T10:49:02.363+0000] {taskinstance.py:2648} INFO - Exporting env vars: AIRFLOW_CTX_DAG_OWNER='***' AIRFLOW_CTX_DAG_ID='alerting_skipped' AIRFLOW_CTX_TASK_ID='check_previous_run_status' AIRFLOW_CTX_EXECUTION_DATE='2024-06-18T10:48:00+00:00' AIRFLOW_CTX_TRY_NUMBER='1' AIRFLOW_CTX_DAG_RUN_ID='scheduled__2024-06-18T10:48:00+00:00'
[2024-06-18T10:49:02.364+0000] {taskinstance.py:430} INFO - ::endgroup::
[2024-06-18T10:49:02.376+0000] {baseoperator.py:399} WARNING - BranchPythonOperator.execute cannot be called outside TaskInstance!
[2024-06-18T10:49:02.377+0000] {python.py:237} INFO - Done. Returned value was: skip_run
[2024-06-18T10:49:02.377+0000] {branch.py:36} INFO - Branch into skip_run
[2024-06-18T10:49:02.377+0000] {skipmixin.py:178} INFO - Following branch skip_run
[2024-06-18T10:49:02.390+0000] {skipmixin.py:246} INFO - Skipping tasks [('start_run', -1)]
[2024-06-18T10:49:02.411+0000] {taskinstance.py:441} INFO - ::group::Post task execution logs
[2024-06-18T10:49:02.427+0000] {taskinstance.py:1206} INFO - Marking task as SUCCESS. dag_id=alerting_skipped, task_id=check_previous_run_status, run_id=scheduled__2024-06-18T10:48:00+00:00, execution_date=20240618T104800, start_date=20240618T104902, end_date=20240618T104902
[2024-06-18T10:49:02.451+0000] {local_task_job_runner.py:240} INFO - Task exited with return code 0
[2024-06-18T10:49:02.477+0000] {taskinstance.py:3498} INFO - 1 downstream tasks scheduled from follow-on schedule check
[2024-06-18T10:49:02.479+0000] {local_task_job_runner.py:222} INFO - ::endgroup::
