[2024-06-18T13:44:01.588+0000] {local_task_job_runner.py:120} INFO - ::group::Pre task execution logs
[2024-06-18T13:44:01.612+0000] {taskinstance.py:2076} INFO - Dependencies all met for dep_context=non-requeueable deps ti=<TaskInstance: alerting_skipped.check_previous_run_status scheduled__2024-06-18T13:43:00+00:00 [queued]>
[2024-06-18T13:44:01.624+0000] {taskinstance.py:2076} INFO - Dependencies all met for dep_context=requeueable deps ti=<TaskInstance: alerting_skipped.check_previous_run_status scheduled__2024-06-18T13:43:00+00:00 [queued]>
[2024-06-18T13:44:01.624+0000] {taskinstance.py:2306} INFO - Starting attempt 1 of 6
[2024-06-18T13:44:01.642+0000] {taskinstance.py:2330} INFO - Executing <Task(BranchPythonOperator): check_previous_run_status> on 2024-06-18 13:43:00+00:00
[2024-06-18T13:44:01.647+0000] {warnings.py:110} WARNING - /home/***/.local/lib/python3.12/site-packages/***/task/task_runner/standard_task_runner.py:61: DeprecationWarning: This process (pid=6098) is multi-threaded, use of fork() may lead to deadlocks in the child.
  pid = os.fork()

[2024-06-18T13:44:01.649+0000] {standard_task_runner.py:63} INFO - Started process 6099 to run task
[2024-06-18T13:44:01.649+0000] {standard_task_runner.py:90} INFO - Running: ['***', 'tasks', 'run', 'alerting_skipped', 'check_previous_run_status', 'scheduled__2024-06-18T13:43:00+00:00', '--job-id', '774', '--raw', '--subdir', 'DAGS_FOLDER/alerting_skipped.py', '--cfg-path', '/tmp/tmpwseovr8h']
[2024-06-18T13:44:01.650+0000] {standard_task_runner.py:91} INFO - Job 774: Subtask check_previous_run_status
[2024-06-18T13:44:01.704+0000] {task_command.py:426} INFO - Running <TaskInstance: alerting_skipped.check_previous_run_status scheduled__2024-06-18T13:43:00+00:00 [running]> on host fa5c5d972e05
[2024-06-18T13:44:01.874+0000] {taskinstance.py:2648} INFO - Exporting env vars: AIRFLOW_CTX_DAG_OWNER='***' AIRFLOW_CTX_DAG_ID='alerting_skipped' AIRFLOW_CTX_TASK_ID='check_previous_run_status' AIRFLOW_CTX_EXECUTION_DATE='2024-06-18T13:43:00+00:00' AIRFLOW_CTX_TRY_NUMBER='1' AIRFLOW_CTX_DAG_RUN_ID='scheduled__2024-06-18T13:43:00+00:00'
[2024-06-18T13:44:01.875+0000] {taskinstance.py:430} INFO - ::endgroup::
[2024-06-18T13:44:01.897+0000] {baseoperator.py:399} WARNING - BranchPythonOperator.execute cannot be called outside TaskInstance!
[2024-06-18T13:44:01.898+0000] {helper_functions.py:39} ERROR - Failed to run alerting_skipped with task check_previous_run_status: name 'psycopg2' is not defined
[2024-06-18T13:44:01.898+0000] {python.py:237} INFO - Done. Returned value was: start_run
[2024-06-18T13:44:01.898+0000] {branch.py:36} INFO - Branch into start_run
[2024-06-18T13:44:01.899+0000] {skipmixin.py:178} INFO - Following branch start_run
[2024-06-18T13:44:01.919+0000] {skipmixin.py:246} INFO - Skipping tasks [('skip_run', -1)]
[2024-06-18T13:44:01.947+0000] {taskinstance.py:441} INFO - ::group::Post task execution logs
[2024-06-18T13:44:01.973+0000] {taskinstance.py:1206} INFO - Marking task as SUCCESS. dag_id=alerting_skipped, task_id=check_previous_run_status, run_id=scheduled__2024-06-18T13:43:00+00:00, execution_date=20240618T134300, start_date=20240618T134401, end_date=20240618T134401
[2024-06-18T13:44:02.023+0000] {local_task_job_runner.py:240} INFO - Task exited with return code 0
[2024-06-18T13:44:02.067+0000] {taskinstance.py:3498} INFO - 1 downstream tasks scheduled from follow-on schedule check
[2024-06-18T13:44:02.069+0000] {local_task_job_runner.py:222} INFO - ::endgroup::
