[2024-06-24T09:37:29.111+0000] {local_task_job_runner.py:120} INFO - ::group::Pre task execution logs
[2024-06-24T09:37:29.149+0000] {taskinstance.py:2076} INFO - Dependencies all met for dep_context=non-requeueable deps ti=<TaskInstance: demo_dag_for_alerting_apis_final.check_data_in_stream manual__2024-06-24T09:37:22.770980+00:00 [queued]>
[2024-06-24T09:37:29.163+0000] {taskinstance.py:2076} INFO - Dependencies all met for dep_context=requeueable deps ti=<TaskInstance: demo_dag_for_alerting_apis_final.check_data_in_stream manual__2024-06-24T09:37:22.770980+00:00 [queued]>
[2024-06-24T09:37:29.163+0000] {taskinstance.py:2306} INFO - Starting attempt 1 of 6
[2024-06-24T09:37:29.186+0000] {taskinstance.py:2330} INFO - Executing <Task(BranchPythonOperator): check_data_in_stream> on 2024-06-24 09:37:22.770980+00:00
[2024-06-24T09:37:29.195+0000] {warnings.py:110} WARNING - /home/***/.local/lib/python3.12/site-packages/***/task/task_runner/standard_task_runner.py:61: DeprecationWarning: This process (pid=1946) is multi-threaded, use of fork() may lead to deadlocks in the child.
  pid = os.fork()

[2024-06-24T09:37:29.196+0000] {standard_task_runner.py:63} INFO - Started process 1947 to run task
[2024-06-24T09:37:29.197+0000] {standard_task_runner.py:90} INFO - Running: ['***', 'tasks', 'run', 'demo_dag_for_alerting_apis_final', 'check_data_in_stream', 'manual__2024-06-24T09:37:22.770980+00:00', '--job-id', '3492', '--raw', '--subdir', 'DAGS_FOLDER/demo_dag_for_alerting_apis.py', '--cfg-path', '/tmp/tmphyhjcro1']
[2024-06-24T09:37:29.198+0000] {standard_task_runner.py:91} INFO - Job 3492: Subtask check_data_in_stream
[2024-06-24T09:37:29.259+0000] {task_command.py:426} INFO - Running <TaskInstance: demo_dag_for_alerting_apis_final.check_data_in_stream manual__2024-06-24T09:37:22.770980+00:00 [running]> on host bf895605831d
[2024-06-24T09:37:29.395+0000] {taskinstance.py:2648} INFO - Exporting env vars: AIRFLOW_CTX_DAG_OWNER='***' AIRFLOW_CTX_DAG_ID='demo_dag_for_alerting_apis_final' AIRFLOW_CTX_TASK_ID='check_data_in_stream' AIRFLOW_CTX_EXECUTION_DATE='2024-06-24T09:37:22.770980+00:00' AIRFLOW_CTX_TRY_NUMBER='1' AIRFLOW_CTX_DAG_RUN_ID='manual__2024-06-24T09:37:22.770980+00:00'
[2024-06-24T09:37:29.396+0000] {taskinstance.py:430} INFO - ::endgroup::
[2024-06-24T09:37:29.427+0000] {baseoperator.py:399} WARNING - BranchPythonOperator.execute cannot be called outside TaskInstance!
[2024-06-24T09:37:29.428+0000] {python.py:237} INFO - Done. Returned value was: skipped_due_to_data_unavailability
[2024-06-24T09:37:29.429+0000] {branch.py:36} INFO - Branch into skipped_due_to_data_unavailability
[2024-06-24T09:37:29.429+0000] {skipmixin.py:178} INFO - Following branch skipped_due_to_data_unavailability
[2024-06-24T09:37:29.456+0000] {skipmixin.py:246} INFO - Skipping tasks [('insert_new_record_into_audit_table', -1)]
[2024-06-24T09:37:29.502+0000] {taskinstance.py:441} INFO - ::group::Post task execution logs
[2024-06-24T09:37:29.541+0000] {taskinstance.py:1206} INFO - Marking task as SUCCESS. dag_id=demo_dag_for_alerting_apis_final, task_id=check_data_in_stream, run_id=manual__2024-06-24T09:37:22.770980+00:00, execution_date=20240624T093722, start_date=20240624T093729, end_date=20240624T093729
[2024-06-24T09:37:29.575+0000] {local_task_job_runner.py:240} INFO - Task exited with return code 0
[2024-06-24T09:37:29.637+0000] {taskinstance.py:3498} INFO - 1 downstream tasks scheduled from follow-on schedule check
[2024-06-24T09:37:29.645+0000] {local_task_job_runner.py:222} INFO - ::endgroup::
