[2024-06-18T10:22:05.337+0000] {local_task_job_runner.py:120} INFO - ::group::Pre task execution logs
[2024-06-18T10:22:05.423+0000] {taskinstance.py:2076} INFO - Dependencies all met for dep_context=non-requeueable deps ti=<TaskInstance: alerting_skipped11.start_run scheduled__2024-06-18T10:21:00+00:00 [queued]>
[2024-06-18T10:22:05.445+0000] {taskinstance.py:2076} INFO - Dependencies all met for dep_context=requeueable deps ti=<TaskInstance: alerting_skipped11.start_run scheduled__2024-06-18T10:21:00+00:00 [queued]>
[2024-06-18T10:22:05.446+0000] {taskinstance.py:2306} INFO - Starting attempt 1 of 6
[2024-06-18T10:22:05.466+0000] {taskinstance.py:2330} INFO - Executing <Task(PythonOperator): start_run> on 2024-06-18 10:21:00+00:00
[2024-06-18T10:22:05.476+0000] {warnings.py:110} WARNING - /home/***/.local/lib/python3.12/site-packages/***/task/task_runner/standard_task_runner.py:61: DeprecationWarning: This process (pid=3772) is multi-threaded, use of fork() may lead to deadlocks in the child.
  pid = os.fork()

[2024-06-18T10:22:05.478+0000] {standard_task_runner.py:63} INFO - Started process 3780 to run task
[2024-06-18T10:22:05.478+0000] {standard_task_runner.py:90} INFO - Running: ['***', 'tasks', 'run', 'alerting_skipped11', 'start_run', 'scheduled__2024-06-18T10:21:00+00:00', '--job-id', '600', '--raw', '--subdir', 'DAGS_FOLDER/alerting_skipped.py', '--cfg-path', '/tmp/tmp0e3eessg']
[2024-06-18T10:22:05.480+0000] {standard_task_runner.py:91} INFO - Job 600: Subtask start_run
[2024-06-18T10:22:05.564+0000] {task_command.py:426} INFO - Running <TaskInstance: alerting_skipped11.start_run scheduled__2024-06-18T10:21:00+00:00 [running]> on host fa5c5d972e05
[2024-06-18T10:22:05.716+0000] {taskinstance.py:2648} INFO - Exporting env vars: AIRFLOW_CTX_DAG_OWNER='***' AIRFLOW_CTX_DAG_ID='alerting_skipped11' AIRFLOW_CTX_TASK_ID='start_run' AIRFLOW_CTX_EXECUTION_DATE='2024-06-18T10:21:00+00:00' AIRFLOW_CTX_TRY_NUMBER='1' AIRFLOW_CTX_DAG_RUN_ID='scheduled__2024-06-18T10:21:00+00:00'
[2024-06-18T10:22:05.718+0000] {taskinstance.py:430} INFO - ::endgroup::
[2024-06-18T10:22:05.746+0000] {warnings.py:110} WARNING - /home/***/.local/lib/python3.12/site-packages/***/utils/context.py:320: AirflowContextDeprecationWarning: Accessing 'execution_date' from the template is deprecated and will be removed in a future version. Please use 'data_interval_start' or 'logical_date' instead.
  warnings.warn(_create_deprecation_warning(k, replacements))

[2024-06-18T10:22:05.747+0000] {logging_mixin.py:188} INFO - Started run successfully
[2024-06-18T10:22:05.748+0000] {python.py:237} INFO - Done. Returned value was: None
[2024-06-18T10:22:05.749+0000] {taskinstance.py:441} INFO - ::group::Post task execution logs
[2024-06-18T10:22:05.764+0000] {taskinstance.py:1206} INFO - Marking task as SUCCESS. dag_id=alerting_skipped11, task_id=start_run, run_id=scheduled__2024-06-18T10:21:00+00:00, execution_date=20240618T102100, start_date=20240618T102205, end_date=20240618T102205
[2024-06-18T10:22:05.815+0000] {local_task_job_runner.py:240} INFO - Task exited with return code 0
[2024-06-18T10:22:05.840+0000] {taskinstance.py:3498} INFO - 0 downstream tasks scheduled from follow-on schedule check
[2024-06-18T10:22:05.842+0000] {local_task_job_runner.py:222} INFO - ::endgroup::
