[2024-06-12T09:29:58.784+0000] {local_task_job_runner.py:120} INFO - ::group::Pre task execution logs
[2024-06-12T09:29:58.813+0000] {taskinstance.py:2076} INFO - Dependencies all met for dep_context=non-requeueable deps ti=<TaskInstance: file_convert.create_table manual__2024-06-12T09:29:57.130998+00:00 [queued]>
[2024-06-12T09:29:58.824+0000] {taskinstance.py:2076} INFO - Dependencies all met for dep_context=requeueable deps ti=<TaskInstance: file_convert.create_table manual__2024-06-12T09:29:57.130998+00:00 [queued]>
[2024-06-12T09:29:58.825+0000] {taskinstance.py:2306} INFO - Starting attempt 1 of 1
[2024-06-12T09:29:58.841+0000] {taskinstance.py:2330} INFO - Executing <Task(PythonOperator): create_table> on 2024-06-12 09:29:57.130998+00:00
[2024-06-12T09:29:58.846+0000] {warnings.py:110} WARNING - /home/***/.local/lib/python3.12/site-packages/***/task/task_runner/standard_task_runner.py:61: DeprecationWarning: This process (pid=2382) is multi-threaded, use of fork() may lead to deadlocks in the child.
  pid = os.fork()

[2024-06-12T09:29:58.848+0000] {standard_task_runner.py:63} INFO - Started process 2383 to run task
[2024-06-12T09:29:58.848+0000] {standard_task_runner.py:90} INFO - Running: ['***', 'tasks', 'run', 'file_convert', 'create_table', 'manual__2024-06-12T09:29:57.130998+00:00', '--job-id', '144', '--raw', '--subdir', 'DAGS_FOLDER/file_jsons_to_postgres.py', '--cfg-path', '/tmp/tmphyd_tkfv']
[2024-06-12T09:29:58.849+0000] {standard_task_runner.py:91} INFO - Job 144: Subtask create_table
[2024-06-12T09:29:58.913+0000] {task_command.py:426} INFO - Running <TaskInstance: file_convert.create_table manual__2024-06-12T09:29:57.130998+00:00 [running]> on host 7bea3768514b
[2024-06-12T09:29:59.039+0000] {taskinstance.py:2648} INFO - Exporting env vars: AIRFLOW_CTX_DAG_OWNER='***' AIRFLOW_CTX_DAG_ID='file_convert' AIRFLOW_CTX_TASK_ID='create_table' AIRFLOW_CTX_EXECUTION_DATE='2024-06-12T09:29:57.130998+00:00' AIRFLOW_CTX_TRY_NUMBER='1' AIRFLOW_CTX_DAG_RUN_ID='manual__2024-06-12T09:29:57.130998+00:00'
[2024-06-12T09:29:59.040+0000] {taskinstance.py:430} INFO - ::endgroup::
[2024-06-12T09:29:59.067+0000] {base.py:84} INFO - Using connection ID 'postgres_conn' for task execution.
[2024-06-12T09:29:59.072+0000] {sql.py:470} INFO - Running statement: 
    CREATE TABLE IF NOT EXISTS valid_data (
        id SERIAL PRIMARY KEY,
        name VARCHAR(255) NOT NULL,
        email VARCHAR(255) NOT NULL,
        date TIMESTAMP NOT NULL
    );
    , parameters: None
[2024-06-12T09:29:59.078+0000] {python.py:237} INFO - Done. Returned value was: None
[2024-06-12T09:29:59.080+0000] {taskinstance.py:441} INFO - ::group::Post task execution logs
[2024-06-12T09:29:59.090+0000] {taskinstance.py:1206} INFO - Marking task as SUCCESS. dag_id=file_convert, task_id=create_table, run_id=manual__2024-06-12T09:29:57.130998+00:00, execution_date=20240612T092957, start_date=20240612T092958, end_date=20240612T092959
[2024-06-12T09:29:59.142+0000] {local_task_job_runner.py:240} INFO - Task exited with return code 0
[2024-06-12T09:29:59.232+0000] {taskinstance.py:3498} INFO - 1 downstream tasks scheduled from follow-on schedule check
[2024-06-12T09:29:59.237+0000] {local_task_job_runner.py:222} INFO - ::endgroup::
