[2024-06-18T05:08:51.273+0000] {local_task_job_runner.py:120} INFO - ::group::Pre task execution logs
[2024-06-18T05:08:51.308+0000] {taskinstance.py:2076} INFO - Dependencies all met for dep_context=non-requeueable deps ti=<TaskInstance: alerting_skipped1.task1 manual__2024-06-18T05:08:48.334035+00:00 [queued]>
[2024-06-18T05:08:51.323+0000] {taskinstance.py:2076} INFO - Dependencies all met for dep_context=requeueable deps ti=<TaskInstance: alerting_skipped1.task1 manual__2024-06-18T05:08:48.334035+00:00 [queued]>
[2024-06-18T05:08:51.324+0000] {taskinstance.py:2306} INFO - Starting attempt 1 of 6
[2024-06-18T05:08:51.344+0000] {taskinstance.py:2330} INFO - Executing <Task(PythonOperator): task1> on 2024-06-18 05:08:48.334035+00:00
[2024-06-18T05:08:51.352+0000] {warnings.py:110} WARNING - /home/***/.local/lib/python3.12/site-packages/***/task/task_runner/standard_task_runner.py:61: DeprecationWarning: This process (pid=105) is multi-threaded, use of fork() may lead to deadlocks in the child.
  pid = os.fork()

[2024-06-18T05:08:51.355+0000] {standard_task_runner.py:63} INFO - Started process 108 to run task
[2024-06-18T05:08:51.355+0000] {standard_task_runner.py:90} INFO - Running: ['***', 'tasks', 'run', 'alerting_skipped1', 'task1', 'manual__2024-06-18T05:08:48.334035+00:00', '--job-id', '393', '--raw', '--subdir', 'DAGS_FOLDER/alerting_skipped.py', '--cfg-path', '/tmp/tmpv61kt3oc']
[2024-06-18T05:08:51.356+0000] {standard_task_runner.py:91} INFO - Job 393: Subtask task1
[2024-06-18T05:08:51.415+0000] {task_command.py:426} INFO - Running <TaskInstance: alerting_skipped1.task1 manual__2024-06-18T05:08:48.334035+00:00 [running]> on host b4826724812b
[2024-06-18T05:08:51.522+0000] {taskinstance.py:2648} INFO - Exporting env vars: AIRFLOW_CTX_DAG_OWNER='***' AIRFLOW_CTX_DAG_ID='alerting_skipped1' AIRFLOW_CTX_TASK_ID='task1' AIRFLOW_CTX_EXECUTION_DATE='2024-06-18T05:08:48.334035+00:00' AIRFLOW_CTX_TRY_NUMBER='1' AIRFLOW_CTX_DAG_RUN_ID='manual__2024-06-18T05:08:48.334035+00:00'
[2024-06-18T05:08:51.523+0000] {taskinstance.py:430} INFO - ::endgroup::
[2024-06-18T05:08:51.539+0000] {alerting_skipped.py:29} INFO - Skipping task as intended.
[2024-06-18T05:08:51.540+0000] {taskinstance.py:441} INFO - ::group::Post task execution logs
[2024-06-18T05:08:51.540+0000] {taskinstance.py:2506} INFO - This task is intentionally skipped
[2024-06-18T05:08:51.550+0000] {taskinstance.py:1206} INFO - Marking task as SKIPPED. dag_id=alerting_skipped1, task_id=task1, run_id=manual__2024-06-18T05:08:48.334035+00:00, execution_date=20240618T050848, start_date=20240618T050851, end_date=20240618T050851
[2024-06-18T05:08:51.609+0000] {local_task_job_runner.py:240} INFO - Task exited with return code 0
[2024-06-18T05:08:51.626+0000] {taskinstance.py:3498} INFO - 0 downstream tasks scheduled from follow-on schedule check
[2024-06-18T05:08:51.627+0000] {local_task_job_runner.py:222} INFO - ::endgroup::
