[2024-06-12T10:23:26.461+0000] {local_task_job_runner.py:120} INFO - ::group::Pre task execution logs
[2024-06-12T10:23:26.487+0000] {taskinstance.py:2076} INFO - Dependencies all met for dep_context=non-requeueable deps ti=<TaskInstance: airflow_example.filter_data manual__2024-06-12T10:23:24.299261+00:00 [queued]>
[2024-06-12T10:23:26.498+0000] {taskinstance.py:2076} INFO - Dependencies all met for dep_context=requeueable deps ti=<TaskInstance: airflow_example.filter_data manual__2024-06-12T10:23:24.299261+00:00 [queued]>
[2024-06-12T10:23:26.499+0000] {taskinstance.py:2306} INFO - Starting attempt 1 of 6
[2024-06-12T10:23:26.517+0000] {taskinstance.py:2330} INFO - Executing <Task(PythonOperator): filter_data> on 2024-06-12 10:23:24.299261+00:00
[2024-06-12T10:23:26.522+0000] {warnings.py:110} WARNING - /home/***/.local/lib/python3.12/site-packages/***/task/task_runner/standard_task_runner.py:61: DeprecationWarning: This process (pid=3084) is multi-threaded, use of fork() may lead to deadlocks in the child.
  pid = os.fork()

[2024-06-12T10:23:26.524+0000] {standard_task_runner.py:63} INFO - Started process 3085 to run task
[2024-06-12T10:23:26.525+0000] {standard_task_runner.py:90} INFO - Running: ['***', 'tasks', 'run', '***_example', 'filter_data', 'manual__2024-06-12T10:23:24.299261+00:00', '--job-id', '155', '--raw', '--subdir', 'DAGS_FOLDER/file_jsons_to_postgres.py', '--cfg-path', '/tmp/tmpcjp2805b']
[2024-06-12T10:23:26.526+0000] {standard_task_runner.py:91} INFO - Job 155: Subtask filter_data
[2024-06-12T10:23:26.574+0000] {task_command.py:426} INFO - Running <TaskInstance: airflow_example.filter_data manual__2024-06-12T10:23:24.299261+00:00 [running]> on host 7bea3768514b
[2024-06-12T10:23:26.669+0000] {taskinstance.py:2648} INFO - Exporting env vars: AIRFLOW_CTX_DAG_OWNER='***' AIRFLOW_CTX_DAG_ID='***_example' AIRFLOW_CTX_TASK_ID='filter_data' AIRFLOW_CTX_EXECUTION_DATE='2024-06-12T10:23:24.299261+00:00' AIRFLOW_CTX_TRY_NUMBER='1' AIRFLOW_CTX_DAG_RUN_ID='manual__2024-06-12T10:23:24.299261+00:00'
[2024-06-12T10:23:26.670+0000] {taskinstance.py:430} INFO - ::endgroup::
[2024-06-12T10:23:26.696+0000] {file_jsons_to_postgres.py:51} INFO - Filtered valid data: [{'name': 'nikhil11', 'phoneNumber': '6234567890', 'date': '2022-05-11T10:08:00.026Z', 'email': 'N!k#!1$*@gmail.com'}, {'name': 'nikhil1', 'phoneNumber': '6234567890', 'date': '2022-05-11T10:08:00.026Z', 'email': 'N!k#!1$*@gmail.com'}, {'name': 'nikhil12', 'phoneNumber': '6234567890', 'date': '2022-05-11T10:08:00.026Z', 'email': 'N!k#!1$*@gmail.com'}]
[2024-06-12T10:23:26.710+0000] {python.py:237} INFO - Done. Returned value was: None
[2024-06-12T10:23:26.710+0000] {taskinstance.py:441} INFO - ::group::Post task execution logs
[2024-06-12T10:23:26.719+0000] {taskinstance.py:1206} INFO - Marking task as SUCCESS. dag_id=***_example, task_id=filter_data, run_id=manual__2024-06-12T10:23:24.299261+00:00, execution_date=20240612T102324, start_date=20240612T102326, end_date=20240612T102326
[2024-06-12T10:23:26.738+0000] {local_task_job_runner.py:240} INFO - Task exited with return code 0
[2024-06-12T10:23:26.768+0000] {taskinstance.py:3498} INFO - 1 downstream tasks scheduled from follow-on schedule check
[2024-06-12T10:23:26.769+0000] {local_task_job_runner.py:222} INFO - ::endgroup::
