[2024-06-18T18:56:13.408+0000] {local_task_job_runner.py:120} INFO - ::group::Pre task execution logs
[2024-06-18T18:56:13.455+0000] {taskinstance.py:2076} INFO - Dependencies all met for dep_context=non-requeueable deps ti=<TaskInstance: demo_dag_for_alerting_apis.skip_run scheduled__2024-06-18T18:45:00+00:00 [queued]>
[2024-06-18T18:56:13.468+0000] {taskinstance.py:2076} INFO - Dependencies all met for dep_context=requeueable deps ti=<TaskInstance: demo_dag_for_alerting_apis.skip_run scheduled__2024-06-18T18:45:00+00:00 [queued]>
[2024-06-18T18:56:13.469+0000] {taskinstance.py:2306} INFO - Starting attempt 6 of 6
[2024-06-18T18:56:13.486+0000] {taskinstance.py:2330} INFO - Executing <Task(PythonOperator): skip_run> on 2024-06-18 18:45:00+00:00
[2024-06-18T18:56:13.492+0000] {warnings.py:110} WARNING - /home/***/.local/lib/python3.12/site-packages/***/task/task_runner/standard_task_runner.py:61: DeprecationWarning: This process (pid=1307) is multi-threaded, use of fork() may lead to deadlocks in the child.
  pid = os.fork()

[2024-06-18T18:56:13.493+0000] {standard_task_runner.py:63} INFO - Started process 1309 to run task
[2024-06-18T18:56:13.494+0000] {standard_task_runner.py:90} INFO - Running: ['***', 'tasks', 'run', 'demo_dag_for_alerting_apis', 'skip_run', 'scheduled__2024-06-18T18:45:00+00:00', '--job-id', '903', '--raw', '--subdir', 'DAGS_FOLDER/demo_dag_for_alerting_apis.py', '--cfg-path', '/tmp/tmp75klaloi']
[2024-06-18T18:56:13.495+0000] {standard_task_runner.py:91} INFO - Job 903: Subtask skip_run
[2024-06-18T18:56:13.548+0000] {task_command.py:426} INFO - Running <TaskInstance: demo_dag_for_alerting_apis.skip_run scheduled__2024-06-18T18:45:00+00:00 [running]> on host 9e4d135130fa
[2024-06-18T18:56:13.677+0000] {taskinstance.py:2648} INFO - Exporting env vars: AIRFLOW_CTX_DAG_OWNER='***' AIRFLOW_CTX_DAG_ID='demo_dag_for_alerting_apis' AIRFLOW_CTX_TASK_ID='skip_run' AIRFLOW_CTX_EXECUTION_DATE='2024-06-18T18:45:00+00:00' AIRFLOW_CTX_TRY_NUMBER='6' AIRFLOW_CTX_DAG_RUN_ID='scheduled__2024-06-18T18:45:00+00:00'
[2024-06-18T18:56:13.679+0000] {taskinstance.py:430} INFO - ::endgroup::
[2024-06-18T18:56:13.708+0000] {helper_functions.py:148} ERROR - HTTP request failed: HTTPConnectionPool(host='localhost', port=8080): Max retries exceeded with url: /api/v1/dags/demo_dag_for_alerting_apis/dagRuns?limit=3&order_by=-start_date (Caused by NewConnectionError('<urllib3.connection.HTTPConnection object at 0x7aa001d64920>: Failed to establish a new connection: [Errno 111] Connection refused'))
[2024-06-18T18:56:13.708+0000] {python.py:237} INFO - Done. Returned value was: None
[2024-06-18T18:56:13.708+0000] {taskinstance.py:441} INFO - ::group::Post task execution logs
[2024-06-18T18:56:13.718+0000] {taskinstance.py:1206} INFO - Marking task as SUCCESS. dag_id=demo_dag_for_alerting_apis, task_id=skip_run, run_id=scheduled__2024-06-18T18:45:00+00:00, execution_date=20240618T184500, start_date=20240618T185613, end_date=20240618T185613
[2024-06-18T18:56:13.746+0000] {local_task_job_runner.py:240} INFO - Task exited with return code 0
[2024-06-18T18:56:13.762+0000] {taskinstance.py:3498} INFO - 0 downstream tasks scheduled from follow-on schedule check
[2024-06-18T18:56:13.763+0000] {local_task_job_runner.py:222} INFO - ::endgroup::
