[2024-06-26T05:56:01.005+0000] {local_task_job_runner.py:120} INFO - ::group::Pre task execution logs
[2024-06-26T05:56:01.024+0000] {taskinstance.py:2076} INFO - Dependencies all met for dep_context=non-requeueable deps ti=<TaskInstance: demo_dag_for_alerting_final_1.check_previous_run_status scheduled__2024-06-26T05:55:00+00:00 [queued]>
[2024-06-26T05:56:01.033+0000] {taskinstance.py:2076} INFO - Dependencies all met for dep_context=requeueable deps ti=<TaskInstance: demo_dag_for_alerting_final_1.check_previous_run_status scheduled__2024-06-26T05:55:00+00:00 [queued]>
[2024-06-26T05:56:01.033+0000] {taskinstance.py:2306} INFO - Starting attempt 1 of 6
[2024-06-26T05:56:01.045+0000] {taskinstance.py:2330} INFO - Executing <Task(BranchPythonOperator): check_previous_run_status> on 2024-06-26 05:55:00+00:00
[2024-06-26T05:56:01.050+0000] {warnings.py:110} WARNING - /home/***/.local/lib/python3.12/site-packages/***/task/task_runner/standard_task_runner.py:61: DeprecationWarning: This process (pid=3648) is multi-threaded, use of fork() may lead to deadlocks in the child.
  pid = os.fork()

[2024-06-26T05:56:01.051+0000] {standard_task_runner.py:63} INFO - Started process 3649 to run task
[2024-06-26T05:56:01.051+0000] {standard_task_runner.py:90} INFO - Running: ['***', 'tasks', 'run', 'demo_dag_for_alerting_final_1', 'check_previous_run_status', 'scheduled__2024-06-26T05:55:00+00:00', '--job-id', '4059', '--raw', '--subdir', 'DAGS_FOLDER/demo_dag_for_alerting.py', '--cfg-path', '/tmp/tmp80wkwf6g']
[2024-06-26T05:56:01.052+0000] {standard_task_runner.py:91} INFO - Job 4059: Subtask check_previous_run_status
[2024-06-26T05:56:01.089+0000] {task_command.py:426} INFO - Running <TaskInstance: demo_dag_for_alerting_final_1.check_previous_run_status scheduled__2024-06-26T05:55:00+00:00 [running]> on host ced2311e92d2
[2024-06-26T05:56:01.174+0000] {taskinstance.py:2648} INFO - Exporting env vars: AIRFLOW_CTX_DAG_OWNER='***' AIRFLOW_CTX_DAG_ID='demo_dag_for_alerting_final_1' AIRFLOW_CTX_TASK_ID='check_previous_run_status' AIRFLOW_CTX_EXECUTION_DATE='2024-06-26T05:55:00+00:00' AIRFLOW_CTX_TRY_NUMBER='1' AIRFLOW_CTX_DAG_RUN_ID='scheduled__2024-06-26T05:55:00+00:00'
[2024-06-26T05:56:01.175+0000] {taskinstance.py:430} INFO - ::endgroup::
[2024-06-26T05:56:01.186+0000] {baseoperator.py:399} WARNING - BranchPythonOperator.execute cannot be called outside TaskInstance!
[2024-06-26T05:56:01.186+0000] {helper_functions.py:199} INFO - Reading encrypted postgres connection details from /opt/***/dags/postgres_connection.py
[2024-06-26T05:56:01.191+0000] {helper_functions.py:201} INFO - Decrypted postgres connection: {'user': '***', 'password': '***', 'dbname': '***', 'host': '172.240.4.3', 'port': '5432'}
[2024-06-26T05:56:01.194+0000] {helper_functions.py:169} INFO - Executing create table SQL
[2024-06-26T05:56:01.195+0000] {helper_functions.py:173} INFO - Checking existing record for dag_id and task_id
[2024-06-26T05:56:01.196+0000] {helper_functions.py:179} INFO - Updating skip count for demo_dag_for_alerting_final_1 - check_previous_run_status
[2024-06-26T05:56:01.199+0000] {python.py:237} INFO - Done. Returned value was: skip_run
[2024-06-26T05:56:01.199+0000] {branch.py:36} INFO - Branch into skip_run
[2024-06-26T05:56:01.199+0000] {skipmixin.py:178} INFO - Following branch skip_run
[2024-06-26T05:56:01.212+0000] {skipmixin.py:246} INFO - Skipping tasks [('start_run', -1)]
[2024-06-26T05:56:01.231+0000] {taskinstance.py:441} INFO - ::group::Post task execution logs
[2024-06-26T05:56:01.247+0000] {taskinstance.py:1206} INFO - Marking task as SUCCESS. dag_id=demo_dag_for_alerting_final_1, task_id=check_previous_run_status, run_id=scheduled__2024-06-26T05:55:00+00:00, execution_date=20240626T055500, start_date=20240626T055601, end_date=20240626T055601
[2024-06-26T05:56:01.264+0000] {local_task_job_runner.py:240} INFO - Task exited with return code 0
[2024-06-26T05:56:01.296+0000] {taskinstance.py:3498} INFO - 1 downstream tasks scheduled from follow-on schedule check
[2024-06-26T05:56:01.299+0000] {local_task_job_runner.py:222} INFO - ::endgroup::
