[2024-06-20T18:08:29.379+0000] {local_task_job_runner.py:120} INFO - ::group::Pre task execution logs
[2024-06-20T18:08:29.413+0000] {taskinstance.py:2076} INFO - Dependencies all met for dep_context=non-requeueable deps ti=<TaskInstance: demo_dag_for_alerting_final_1.check_data_in_stream manual__2024-06-20T18:08:24.130723+00:00 [queued]>
[2024-06-20T18:08:29.425+0000] {taskinstance.py:2076} INFO - Dependencies all met for dep_context=requeueable deps ti=<TaskInstance: demo_dag_for_alerting_final_1.check_data_in_stream manual__2024-06-20T18:08:24.130723+00:00 [queued]>
[2024-06-20T18:08:29.426+0000] {taskinstance.py:2306} INFO - Starting attempt 1 of 6
[2024-06-20T18:08:29.446+0000] {taskinstance.py:2330} INFO - Executing <Task(BranchPythonOperator): check_data_in_stream> on 2024-06-20 18:08:24.130723+00:00
[2024-06-20T18:08:29.454+0000] {warnings.py:110} WARNING - /home/***/.local/lib/python3.12/site-packages/***/task/task_runner/standard_task_runner.py:61: DeprecationWarning: This process (pid=1288) is multi-threaded, use of fork() may lead to deadlocks in the child.
  pid = os.fork()

[2024-06-20T18:08:29.455+0000] {standard_task_runner.py:63} INFO - Started process 1291 to run task
[2024-06-20T18:08:29.455+0000] {standard_task_runner.py:90} INFO - Running: ['***', 'tasks', 'run', 'demo_dag_for_alerting_final_1', 'check_data_in_stream', 'manual__2024-06-20T18:08:24.130723+00:00', '--job-id', '2535', '--raw', '--subdir', 'DAGS_FOLDER/demo_dag_for_alerting.py', '--cfg-path', '/tmp/tmptit9s66q']
[2024-06-20T18:08:29.456+0000] {standard_task_runner.py:91} INFO - Job 2535: Subtask check_data_in_stream
[2024-06-20T18:08:29.525+0000] {task_command.py:426} INFO - Running <TaskInstance: demo_dag_for_alerting_final_1.check_data_in_stream manual__2024-06-20T18:08:24.130723+00:00 [running]> on host e66744caf823
[2024-06-20T18:08:29.681+0000] {taskinstance.py:2648} INFO - Exporting env vars: AIRFLOW_CTX_DAG_OWNER='***' AIRFLOW_CTX_DAG_ID='demo_dag_for_alerting_final_1' AIRFLOW_CTX_TASK_ID='check_data_in_stream' AIRFLOW_CTX_EXECUTION_DATE='2024-06-20T18:08:24.130723+00:00' AIRFLOW_CTX_TRY_NUMBER='1' AIRFLOW_CTX_DAG_RUN_ID='manual__2024-06-20T18:08:24.130723+00:00'
[2024-06-20T18:08:29.683+0000] {taskinstance.py:430} INFO - ::endgroup::
[2024-06-20T18:08:29.702+0000] {baseoperator.py:399} WARNING - BranchPythonOperator.execute cannot be called outside TaskInstance!
[2024-06-20T18:08:29.707+0000] {python.py:237} INFO - Done. Returned value was: insert_new_record_into_audit_table
[2024-06-20T18:08:29.708+0000] {branch.py:36} INFO - Branch into insert_new_record_into_audit_table
[2024-06-20T18:08:29.708+0000] {skipmixin.py:178} INFO - Following branch insert_new_record_into_audit_table
[2024-06-20T18:08:29.731+0000] {skipmixin.py:246} INFO - Skipping tasks [('skipped_due_to_data_unavailability', -1)]
[2024-06-20T18:08:29.758+0000] {taskinstance.py:441} INFO - ::group::Post task execution logs
[2024-06-20T18:08:29.783+0000] {taskinstance.py:1206} INFO - Marking task as SUCCESS. dag_id=demo_dag_for_alerting_final_1, task_id=check_data_in_stream, run_id=manual__2024-06-20T18:08:24.130723+00:00, execution_date=20240620T180824, start_date=20240620T180829, end_date=20240620T180829
[2024-06-20T18:08:29.829+0000] {local_task_job_runner.py:240} INFO - Task exited with return code 0
[2024-06-20T18:08:29.877+0000] {taskinstance.py:3498} INFO - 1 downstream tasks scheduled from follow-on schedule check
[2024-06-20T18:08:29.879+0000] {local_task_job_runner.py:222} INFO - ::endgroup::
