[2024-06-19T11:11:14.509+0000] {local_task_job_runner.py:120} INFO - ::group::Pre task execution logs
[2024-06-19T11:11:14.654+0000] {taskinstance.py:2076} INFO - Dependencies all met for dep_context=non-requeueable deps ti=<TaskInstance: demo_dag_for_alerting_final_1.insert_new_record_into_audit_table scheduled__2024-06-19T11:10:00+00:00 [queued]>
[2024-06-19T11:11:14.695+0000] {taskinstance.py:2076} INFO - Dependencies all met for dep_context=requeueable deps ti=<TaskInstance: demo_dag_for_alerting_final_1.insert_new_record_into_audit_table scheduled__2024-06-19T11:10:00+00:00 [queued]>
[2024-06-19T11:11:14.696+0000] {taskinstance.py:2306} INFO - Starting attempt 1 of 6
[2024-06-19T11:11:14.753+0000] {taskinstance.py:2330} INFO - Executing <Task(PythonOperator): insert_new_record_into_audit_table> on 2024-06-19 11:10:00+00:00
[2024-06-19T11:11:14.768+0000] {warnings.py:110} WARNING - /home/***/.local/lib/python3.12/site-packages/***/task/task_runner/standard_task_runner.py:61: DeprecationWarning: This process (pid=5072) is multi-threaded, use of fork() may lead to deadlocks in the child.
  pid = os.fork()

[2024-06-19T11:11:14.772+0000] {standard_task_runner.py:63} INFO - Started process 5074 to run task
[2024-06-19T11:11:14.774+0000] {standard_task_runner.py:90} INFO - Running: ['***', 'tasks', 'run', 'demo_dag_for_alerting_final_1', 'insert_new_record_into_audit_table', 'scheduled__2024-06-19T11:10:00+00:00', '--job-id', '1514', '--raw', '--subdir', 'DAGS_FOLDER/demo_dag_for_alerting.py', '--cfg-path', '/tmp/tmpq7_y9cch']
[2024-06-19T11:11:14.778+0000] {standard_task_runner.py:91} INFO - Job 1514: Subtask insert_new_record_into_audit_table
[2024-06-19T11:11:14.956+0000] {task_command.py:426} INFO - Running <TaskInstance: demo_dag_for_alerting_final_1.insert_new_record_into_audit_table scheduled__2024-06-19T11:10:00+00:00 [running]> on host 9e4d135130fa
[2024-06-19T11:11:15.342+0000] {taskinstance.py:2648} INFO - Exporting env vars: AIRFLOW_CTX_DAG_OWNER='***' AIRFLOW_CTX_DAG_ID='demo_dag_for_alerting_final_1' AIRFLOW_CTX_TASK_ID='insert_new_record_into_audit_table' AIRFLOW_CTX_EXECUTION_DATE='2024-06-19T11:10:00+00:00' AIRFLOW_CTX_TRY_NUMBER='1' AIRFLOW_CTX_DAG_RUN_ID='scheduled__2024-06-19T11:10:00+00:00'
[2024-06-19T11:11:15.344+0000] {taskinstance.py:430} INFO - ::endgroup::
[2024-06-19T11:11:15.397+0000] {logging_mixin.py:188} INFO - insert_into_audit_table_for_adhoc_data
[2024-06-19T11:11:15.398+0000] {python.py:237} INFO - Done. Returned value was: None
[2024-06-19T11:11:15.399+0000] {taskinstance.py:441} INFO - ::group::Post task execution logs
[2024-06-19T11:11:15.429+0000] {taskinstance.py:1206} INFO - Marking task as SUCCESS. dag_id=demo_dag_for_alerting_final_1, task_id=insert_new_record_into_audit_table, run_id=scheduled__2024-06-19T11:10:00+00:00, execution_date=20240619T111000, start_date=20240619T111114, end_date=20240619T111115
[2024-06-19T11:11:15.516+0000] {local_task_job_runner.py:240} INFO - Task exited with return code 0
[2024-06-19T11:11:15.588+0000] {taskinstance.py:3498} INFO - 0 downstream tasks scheduled from follow-on schedule check
[2024-06-19T11:11:15.591+0000] {local_task_job_runner.py:222} INFO - ::endgroup::
