[2024-06-26T05:40:03.716+0000] {local_task_job_runner.py:120} INFO - ::group::Pre task execution logs
[2024-06-26T05:40:03.748+0000] {taskinstance.py:2076} INFO - Dependencies all met for dep_context=non-requeueable deps ti=<TaskInstance: demo_dag_for_alerting_final_1.skip_run scheduled__2024-06-26T05:39:00+00:00 [queued]>
[2024-06-26T05:40:03.763+0000] {taskinstance.py:2076} INFO - Dependencies all met for dep_context=requeueable deps ti=<TaskInstance: demo_dag_for_alerting_final_1.skip_run scheduled__2024-06-26T05:39:00+00:00 [queued]>
[2024-06-26T05:40:03.764+0000] {taskinstance.py:2306} INFO - Starting attempt 1 of 6
[2024-06-26T05:40:03.779+0000] {taskinstance.py:2330} INFO - Executing <Task(PythonOperator): skip_run> on 2024-06-26 05:39:00+00:00
[2024-06-26T05:40:03.786+0000] {warnings.py:110} WARNING - /home/***/.local/lib/python3.12/site-packages/***/task/task_runner/standard_task_runner.py:61: DeprecationWarning: This process (pid=3439) is multi-threaded, use of fork() may lead to deadlocks in the child.
  pid = os.fork()

[2024-06-26T05:40:03.787+0000] {standard_task_runner.py:63} INFO - Started process 3440 to run task
[2024-06-26T05:40:03.788+0000] {standard_task_runner.py:90} INFO - Running: ['***', 'tasks', 'run', 'demo_dag_for_alerting_final_1', 'skip_run', 'scheduled__2024-06-26T05:39:00+00:00', '--job-id', '4052', '--raw', '--subdir', 'DAGS_FOLDER/demo_dag_for_alerting.py', '--cfg-path', '/tmp/tmpppq9k_8r']
[2024-06-26T05:40:03.789+0000] {standard_task_runner.py:91} INFO - Job 4052: Subtask skip_run
[2024-06-26T05:40:03.840+0000] {task_command.py:426} INFO - Running <TaskInstance: demo_dag_for_alerting_final_1.skip_run scheduled__2024-06-26T05:39:00+00:00 [running]> on host ced2311e92d2
[2024-06-26T05:40:03.957+0000] {taskinstance.py:2648} INFO - Exporting env vars: AIRFLOW_CTX_DAG_OWNER='***' AIRFLOW_CTX_DAG_ID='demo_dag_for_alerting_final_1' AIRFLOW_CTX_TASK_ID='skip_run' AIRFLOW_CTX_EXECUTION_DATE='2024-06-26T05:39:00+00:00' AIRFLOW_CTX_TRY_NUMBER='1' AIRFLOW_CTX_DAG_RUN_ID='scheduled__2024-06-26T05:39:00+00:00'
[2024-06-26T05:40:03.957+0000] {taskinstance.py:430} INFO - ::endgroup::
[2024-06-26T05:40:03.974+0000] {helper_functions.py:147} INFO - The DAG demo_dag_for_alerting_final_1 was skipped at 2024-06-26 05:40:03.974073

[2024-06-26T05:40:03.974+0000] {python.py:237} INFO - Done. Returned value was: None
[2024-06-26T05:40:03.974+0000] {taskinstance.py:441} INFO - ::group::Post task execution logs
[2024-06-26T05:40:03.984+0000] {taskinstance.py:1206} INFO - Marking task as SUCCESS. dag_id=demo_dag_for_alerting_final_1, task_id=skip_run, run_id=scheduled__2024-06-26T05:39:00+00:00, execution_date=20240626T053900, start_date=20240626T054003, end_date=20240626T054003
[2024-06-26T05:40:04.041+0000] {local_task_job_runner.py:240} INFO - Task exited with return code 0
[2024-06-26T05:40:04.060+0000] {taskinstance.py:3498} INFO - 0 downstream tasks scheduled from follow-on schedule check
[2024-06-26T05:40:04.061+0000] {local_task_job_runner.py:222} INFO - ::endgroup::
