[2024-06-12T05:21:10.658+0000] {local_task_job_runner.py:120} INFO - ::group::Pre task execution logs
[2024-06-12T05:21:10.693+0000] {taskinstance.py:2076} INFO - Dependencies all met for dep_context=non-requeueable deps ti=<TaskInstance: process_json_to_postgres.process_json manual__2024-06-12T05:21:09.412430+00:00 [queued]>
[2024-06-12T05:21:10.704+0000] {taskinstance.py:2076} INFO - Dependencies all met for dep_context=requeueable deps ti=<TaskInstance: process_json_to_postgres.process_json manual__2024-06-12T05:21:09.412430+00:00 [queued]>
[2024-06-12T05:21:10.705+0000] {taskinstance.py:2306} INFO - Starting attempt 1 of 6
[2024-06-12T05:21:10.721+0000] {taskinstance.py:2330} INFO - Executing <Task(PythonOperator): process_json> on 2024-06-12 05:21:09.412430+00:00
[2024-06-12T05:21:10.727+0000] {warnings.py:110} WARNING - /home/***/.local/lib/python3.12/site-packages/***/task/task_runner/standard_task_runner.py:61: DeprecationWarning: This process (pid=348) is multi-threaded, use of fork() may lead to deadlocks in the child.
  pid = os.fork()

[2024-06-12T05:21:10.728+0000] {standard_task_runner.py:63} INFO - Started process 349 to run task
[2024-06-12T05:21:10.728+0000] {standard_task_runner.py:90} INFO - Running: ['***', 'tasks', 'run', 'process_json_to_postgres', 'process_json', 'manual__2024-06-12T05:21:09.412430+00:00', '--job-id', '102', '--raw', '--subdir', 'DAGS_FOLDER/process_json_to_postgres.py', '--cfg-path', '/tmp/tmps2o5g0wu']
[2024-06-12T05:21:10.729+0000] {standard_task_runner.py:91} INFO - Job 102: Subtask process_json
[2024-06-12T05:21:10.778+0000] {task_command.py:426} INFO - Running <TaskInstance: process_json_to_postgres.process_json manual__2024-06-12T05:21:09.412430+00:00 [running]> on host 7bea3768514b
[2024-06-12T05:21:10.887+0000] {taskinstance.py:2648} INFO - Exporting env vars: AIRFLOW_CTX_DAG_OWNER='***' AIRFLOW_CTX_DAG_ID='process_json_to_postgres' AIRFLOW_CTX_TASK_ID='process_json' AIRFLOW_CTX_EXECUTION_DATE='2024-06-12T05:21:09.412430+00:00' AIRFLOW_CTX_TRY_NUMBER='1' AIRFLOW_CTX_DAG_RUN_ID='manual__2024-06-12T05:21:09.412430+00:00'
[2024-06-12T05:21:10.888+0000] {taskinstance.py:430} INFO - ::endgroup::
[2024-06-12T05:21:10.904+0000] {process_json_to_postgres.py:58} ERROR - Error processing JSON data: Expecting ',' delimiter: line 5 column 54 (char 212)
[2024-06-12T05:21:10.905+0000] {python.py:237} INFO - Done. Returned value was: None
[2024-06-12T05:21:10.906+0000] {taskinstance.py:441} INFO - ::group::Post task execution logs
[2024-06-12T05:21:10.917+0000] {taskinstance.py:1206} INFO - Marking task as SUCCESS. dag_id=process_json_to_postgres, task_id=process_json, run_id=manual__2024-06-12T05:21:09.412430+00:00, execution_date=20240612T052109, start_date=20240612T052110, end_date=20240612T052110
[2024-06-12T05:21:10.941+0000] {local_task_job_runner.py:240} INFO - Task exited with return code 0
[2024-06-12T05:21:10.960+0000] {taskinstance.py:3498} INFO - 0 downstream tasks scheduled from follow-on schedule check
[2024-06-12T05:21:10.962+0000] {local_task_job_runner.py:222} INFO - ::endgroup::
