[2024-06-18T13:30:02.767+0000] {local_task_job_runner.py:120} INFO - ::group::Pre task execution logs
[2024-06-18T13:30:02.813+0000] {taskinstance.py:2076} INFO - Dependencies all met for dep_context=non-requeueable deps ti=<TaskInstance: alerting_skipped.check_previous_run_status scheduled__2024-06-18T13:29:00+00:00 [queued]>
[2024-06-18T13:30:02.830+0000] {taskinstance.py:2076} INFO - Dependencies all met for dep_context=requeueable deps ti=<TaskInstance: alerting_skipped.check_previous_run_status scheduled__2024-06-18T13:29:00+00:00 [queued]>
[2024-06-18T13:30:02.830+0000] {taskinstance.py:2306} INFO - Starting attempt 1 of 6
[2024-06-18T13:30:02.861+0000] {taskinstance.py:2330} INFO - Executing <Task(BranchPythonOperator): check_previous_run_status> on 2024-06-18 13:29:00+00:00
[2024-06-18T13:30:02.870+0000] {warnings.py:110} WARNING - /home/***/.local/lib/python3.12/site-packages/***/task/task_runner/standard_task_runner.py:61: DeprecationWarning: This process (pid=5864) is multi-threaded, use of fork() may lead to deadlocks in the child.
  pid = os.fork()

[2024-06-18T13:30:02.872+0000] {standard_task_runner.py:63} INFO - Started process 5872 to run task
[2024-06-18T13:30:02.873+0000] {standard_task_runner.py:90} INFO - Running: ['***', 'tasks', 'run', 'alerting_skipped', 'check_previous_run_status', 'scheduled__2024-06-18T13:29:00+00:00', '--job-id', '744', '--raw', '--subdir', 'DAGS_FOLDER/alerting_skipped.py', '--cfg-path', '/tmp/tmpnjerldnn']
[2024-06-18T13:30:02.875+0000] {standard_task_runner.py:91} INFO - Job 744: Subtask check_previous_run_status
[2024-06-18T13:30:02.950+0000] {task_command.py:426} INFO - Running <TaskInstance: alerting_skipped.check_previous_run_status scheduled__2024-06-18T13:29:00+00:00 [running]> on host fa5c5d972e05
[2024-06-18T13:30:03.083+0000] {taskinstance.py:2648} INFO - Exporting env vars: AIRFLOW_CTX_DAG_OWNER='***' AIRFLOW_CTX_DAG_ID='alerting_skipped' AIRFLOW_CTX_TASK_ID='check_previous_run_status' AIRFLOW_CTX_EXECUTION_DATE='2024-06-18T13:29:00+00:00' AIRFLOW_CTX_TRY_NUMBER='1' AIRFLOW_CTX_DAG_RUN_ID='scheduled__2024-06-18T13:29:00+00:00'
[2024-06-18T13:30:03.084+0000] {taskinstance.py:430} INFO - ::endgroup::
[2024-06-18T13:30:03.113+0000] {baseoperator.py:399} WARNING - BranchPythonOperator.execute cannot be called outside TaskInstance!
[2024-06-18T13:30:03.114+0000] {logging_mixin.py:188} INFO - <class 'function'>
[2024-06-18T13:30:03.115+0000] {logging_mixin.py:188} INFO - <function check_last_run_status at 0x70e7bb7e7a60>
[2024-06-18T13:30:03.115+0000] {python.py:237} INFO - Done. Returned value was: skip_run
[2024-06-18T13:30:03.116+0000] {branch.py:36} INFO - Branch into skip_run
[2024-06-18T13:30:03.116+0000] {skipmixin.py:178} INFO - Following branch skip_run
[2024-06-18T13:30:03.137+0000] {skipmixin.py:246} INFO - Skipping tasks [('start_run', -1)]
[2024-06-18T13:30:03.168+0000] {taskinstance.py:441} INFO - ::group::Post task execution logs
[2024-06-18T13:30:03.193+0000] {taskinstance.py:1206} INFO - Marking task as SUCCESS. dag_id=alerting_skipped, task_id=check_previous_run_status, run_id=scheduled__2024-06-18T13:29:00+00:00, execution_date=20240618T132900, start_date=20240618T133002, end_date=20240618T133003
[2024-06-18T13:30:03.249+0000] {local_task_job_runner.py:240} INFO - Task exited with return code 0
[2024-06-18T13:30:03.285+0000] {taskinstance.py:3498} INFO - 1 downstream tasks scheduled from follow-on schedule check
[2024-06-18T13:30:03.287+0000] {local_task_job_runner.py:222} INFO - ::endgroup::
