[2024-06-18T09:53:21.751+0000] {local_task_job_runner.py:120} INFO - ::group::Pre task execution logs
[2024-06-18T09:53:21.788+0000] {taskinstance.py:2076} INFO - Dependencies all met for dep_context=non-requeueable deps ti=<TaskInstance: alerting_skipped10.check_previous_run_status manual__2024-06-18T09:53:19.021392+00:00 [queued]>
[2024-06-18T09:53:21.800+0000] {taskinstance.py:2076} INFO - Dependencies all met for dep_context=requeueable deps ti=<TaskInstance: alerting_skipped10.check_previous_run_status manual__2024-06-18T09:53:19.021392+00:00 [queued]>
[2024-06-18T09:53:21.801+0000] {taskinstance.py:2306} INFO - Starting attempt 1 of 6
[2024-06-18T09:53:21.824+0000] {taskinstance.py:2330} INFO - Executing <Task(BranchPythonOperator): check_previous_run_status> on 2024-06-18 09:53:19.021392+00:00
[2024-06-18T09:53:21.830+0000] {warnings.py:110} WARNING - /home/***/.local/lib/python3.12/site-packages/***/task/task_runner/standard_task_runner.py:61: DeprecationWarning: This process (pid=3213) is multi-threaded, use of fork() may lead to deadlocks in the child.
  pid = os.fork()

[2024-06-18T09:53:21.831+0000] {standard_task_runner.py:63} INFO - Started process 3214 to run task
[2024-06-18T09:53:21.835+0000] {standard_task_runner.py:90} INFO - Running: ['***', 'tasks', 'run', 'alerting_skipped10', 'check_previous_run_status', 'manual__2024-06-18T09:53:19.021392+00:00', '--job-id', '499', '--raw', '--subdir', 'DAGS_FOLDER/alerting_skipped.py', '--cfg-path', '/tmp/tmpp0jujmge']
[2024-06-18T09:53:21.838+0000] {standard_task_runner.py:91} INFO - Job 499: Subtask check_previous_run_status
[2024-06-18T09:53:21.904+0000] {task_command.py:426} INFO - Running <TaskInstance: alerting_skipped10.check_previous_run_status manual__2024-06-18T09:53:19.021392+00:00 [running]> on host fa5c5d972e05
[2024-06-18T09:53:22.019+0000] {taskinstance.py:2648} INFO - Exporting env vars: AIRFLOW_CTX_DAG_OWNER='***' AIRFLOW_CTX_DAG_ID='alerting_skipped10' AIRFLOW_CTX_TASK_ID='check_previous_run_status' AIRFLOW_CTX_EXECUTION_DATE='2024-06-18T09:53:19.021392+00:00' AIRFLOW_CTX_TRY_NUMBER='1' AIRFLOW_CTX_DAG_RUN_ID='manual__2024-06-18T09:53:19.021392+00:00'
[2024-06-18T09:53:22.021+0000] {taskinstance.py:430} INFO - ::endgroup::
[2024-06-18T09:53:22.046+0000] {baseoperator.py:399} WARNING - BranchPythonOperator.execute cannot be called outside TaskInstance!
[2024-06-18T09:53:22.046+0000] {python.py:237} INFO - Done. Returned value was: skip_run
[2024-06-18T09:53:22.047+0000] {branch.py:36} INFO - Branch into skip_run
[2024-06-18T09:53:22.047+0000] {skipmixin.py:178} INFO - Following branch skip_run
[2024-06-18T09:53:22.072+0000] {skipmixin.py:246} INFO - Skipping tasks [('start_run', -1)]
[2024-06-18T09:53:22.099+0000] {taskinstance.py:441} INFO - ::group::Post task execution logs
[2024-06-18T09:53:22.125+0000] {taskinstance.py:1206} INFO - Marking task as SUCCESS. dag_id=alerting_skipped10, task_id=check_previous_run_status, run_id=manual__2024-06-18T09:53:19.021392+00:00, execution_date=20240618T095319, start_date=20240618T095321, end_date=20240618T095322
[2024-06-18T09:53:22.166+0000] {local_task_job_runner.py:240} INFO - Task exited with return code 0
[2024-06-18T09:53:22.195+0000] {taskinstance.py:3498} INFO - 1 downstream tasks scheduled from follow-on schedule check
[2024-06-18T09:53:22.196+0000] {local_task_job_runner.py:222} INFO - ::endgroup::
