[2024-06-17T06:20:53.484+0000] {local_task_job_runner.py:120} INFO - ::group::Pre task execution logs
[2024-06-17T06:20:53.506+0000] {taskinstance.py:2076} INFO - Dependencies all met for dep_context=non-requeueable deps ti=<TaskInstance: airflow_example.insert_json manual__2024-06-17T06:20:48.899942+00:00 [queued]>
[2024-06-17T06:20:53.515+0000] {taskinstance.py:2076} INFO - Dependencies all met for dep_context=requeueable deps ti=<TaskInstance: airflow_example.insert_json manual__2024-06-17T06:20:48.899942+00:00 [queued]>
[2024-06-17T06:20:53.515+0000] {taskinstance.py:2306} INFO - Starting attempt 1 of 6
[2024-06-17T06:20:53.529+0000] {taskinstance.py:2330} INFO - Executing <Task(PythonOperator): insert_json> on 2024-06-17 06:20:48.899942+00:00
[2024-06-17T06:20:53.534+0000] {warnings.py:110} WARNING - /home/***/.local/lib/python3.12/site-packages/***/task/task_runner/standard_task_runner.py:61: DeprecationWarning: This process (pid=6320) is multi-threaded, use of fork() may lead to deadlocks in the child.
  pid = os.fork()

[2024-06-17T06:20:53.535+0000] {standard_task_runner.py:63} INFO - Started process 6321 to run task
[2024-06-17T06:20:53.535+0000] {standard_task_runner.py:90} INFO - Running: ['***', 'tasks', 'run', '***_example', 'insert_json', 'manual__2024-06-17T06:20:48.899942+00:00', '--job-id', '298', '--raw', '--subdir', 'DAGS_FOLDER/file_jsons_to_postgres.py', '--cfg-path', '/tmp/tmpsk1b4sv3']
[2024-06-17T06:20:53.536+0000] {standard_task_runner.py:91} INFO - Job 298: Subtask insert_json
[2024-06-17T06:20:53.572+0000] {task_command.py:426} INFO - Running <TaskInstance: airflow_example.insert_json manual__2024-06-17T06:20:48.899942+00:00 [running]> on host 8cc8d7c9eee4
[2024-06-17T06:20:53.654+0000] {taskinstance.py:2648} INFO - Exporting env vars: AIRFLOW_CTX_DAG_OWNER='***' AIRFLOW_CTX_DAG_ID='***_example' AIRFLOW_CTX_TASK_ID='insert_json' AIRFLOW_CTX_EXECUTION_DATE='2024-06-17T06:20:48.899942+00:00' AIRFLOW_CTX_TRY_NUMBER='1' AIRFLOW_CTX_DAG_RUN_ID='manual__2024-06-17T06:20:48.899942+00:00'
[2024-06-17T06:20:53.654+0000] {taskinstance.py:430} INFO - ::endgroup::
[2024-06-17T06:20:53.679+0000] {file_jsons_to_postgres.py:118} INFO - Inserting entry: {'name': 'Sekhar', 'email': 'f5gqiw!vz4@kowtjsn.mb', 'date': '2024-06-13'}
[2024-06-17T06:20:53.681+0000] {file_jsons_to_postgres.py:118} INFO - Inserting entry: {'name': 'Praneeth', 'email': 'jj%fpfe!2a@ltuyxhh.vw', 'date': '2024-06-13'}
[2024-06-17T06:20:53.682+0000] {file_jsons_to_postgres.py:118} INFO - Inserting entry: {'name': 'Kiran', 'email': 'b@kbzv.jg', 'date': '2024-06-13'}
[2024-06-17T06:20:53.683+0000] {file_jsons_to_postgres.py:118} INFO - Inserting entry: {'name': 'Ushasri', 'email': 'dfkcn@wpdrh.fbg', 'date': '2024-06-13'}
[2024-06-17T06:20:53.684+0000] {file_jsons_to_postgres.py:118} INFO - Inserting entry: {'name': 'Nagavamsi', 'email': '44ldpo@wci.zl', 'date': '2024-06-13'}
[2024-06-17T06:20:53.685+0000] {file_jsons_to_postgres.py:118} INFO - Inserting entry: {'name': 'Nadikatla', 'email': 'h#zn1l3pu@hstx.rf', 'date': '2024-06-13'}
[2024-06-17T06:20:53.686+0000] {file_jsons_to_postgres.py:118} INFO - Inserting entry: {'name': 'Ushasri', 'email': 'jemhz4^i!#@nns.ld', 'date': '2024-01-13'}
[2024-06-17T06:20:53.687+0000] {file_jsons_to_postgres.py:118} INFO - Inserting entry: {'name': 'Masthan', 'email': '6b5v@jkaznzpsw.bw', 'date': '2024-06-13'}
[2024-06-17T06:20:53.688+0000] {file_jsons_to_postgres.py:118} INFO - Inserting entry: {'name': 'Soukhya', 'email': 'ihww2@noqe.mf', 'date': '2024-01-13'}
[2024-06-17T06:20:53.691+0000] {file_jsons_to_postgres.py:118} INFO - Inserting entry: {'name': 'Prasanna', 'email': 'l&@cbclt.keo', 'date': '2024-06-13'}
[2024-06-17T06:20:53.693+0000] {file_jsons_to_postgres.py:118} INFO - Inserting entry: {'name': 'Dathrika', 'email': 'f.z$ig!x&!@qow.iz', 'date': '2024-06-13'}
[2024-06-17T06:20:53.696+0000] {file_jsons_to_postgres.py:118} INFO - Inserting entry: {'name': 'Spandana', 'email': 'caonya#wz@mzkmcma.fe', 'date': '2024-06-13'}
[2024-06-17T06:20:53.699+0000] {file_jsons_to_postgres.py:118} INFO - Inserting entry: {'name': 'Saiteja', 'email': 'tbyhsqy@juh.dae', 'date': '2024-06-13'}
[2024-06-17T06:20:53.702+0000] {file_jsons_to_postgres.py:118} INFO - Inserting entry: {'name': 'Vadlamudi', 'email': 'tjcuy^8f5v@wcujzcxm.zi', 'date': '2024-06-13'}
[2024-06-17T06:20:53.705+0000] {file_jsons_to_postgres.py:118} INFO - Inserting entry: {'name': 'Bahoju', 'email': 'r&lx00k0e1@xadkfvwpy.ecq', 'date': '2024-06-13'}
[2024-06-17T06:20:53.708+0000] {file_jsons_to_postgres.py:118} INFO - Inserting entry: {'name': 'Udugula', 'email': 'mu67%^thy@nvji.tw', 'date': '2024-06-13'}
[2024-06-17T06:20:53.710+0000] {file_jsons_to_postgres.py:118} INFO - Inserting entry: {'name': 'Chandra', 'email': '5nss&r*!d@glt.bjk', 'date': '2024-06-13'}
[2024-06-17T06:20:53.713+0000] {file_jsons_to_postgres.py:118} INFO - Inserting entry: {'name': 'Machupalli', 'email': 'dcufgw@g.de', 'date': '2024-06-13'}
[2024-06-17T06:20:53.716+0000] {file_jsons_to_postgres.py:118} INFO - Inserting entry: {'name': 'Karnati', 'email': 'y@ezzgxyr.wly', 'date': '2024-06-13'}
[2024-06-17T06:20:53.719+0000] {file_jsons_to_postgres.py:118} INFO - Inserting entry: {'name': 'Moru', 'email': '3&bs@zzn.we', 'date': '2024-06-13'}
[2024-06-17T06:20:53.722+0000] {file_jsons_to_postgres.py:118} INFO - Inserting entry: {'name': 'Vankamamidi', 'email': 'y0decbadz@ycuuckeix.fc', 'date': '2024-06-13'}
[2024-06-17T06:20:53.725+0000] {file_jsons_to_postgres.py:118} INFO - Inserting entry: {'name': 'Mohammad', 'email': 'pr*@vvfgsrgy.ltl', 'date': '2024-06-13'}
[2024-06-17T06:20:53.728+0000] {file_jsons_to_postgres.py:118} INFO - Inserting entry: {'name': 'Saiteja', 'email': 'r5$yd&.@jotkhbpro.kpp', 'date': '2024-06-13'}
[2024-06-17T06:20:53.731+0000] {file_jsons_to_postgres.py:118} INFO - Inserting entry: {'name': 'Suma', 'email': 'y@a.aen', 'date': '2013-06-24'}
[2024-06-17T06:20:53.734+0000] {file_jsons_to_postgres.py:118} INFO - Inserting entry: {'name': 'Akhilesh', 'email': 'kx@nlqudvj.yyk', 'date': '2024-06-13'}
[2024-06-17T06:20:53.736+0000] {file_jsons_to_postgres.py:118} INFO - Inserting entry: {'name': 'Adepu', 'email': 'h57!p^plx6@mx.ahk', 'date': '2024-06-13'}
[2024-06-17T06:20:53.739+0000] {file_jsons_to_postgres.py:118} INFO - Inserting entry: {'name': 'Vadlamudi', 'email': 'h@fsodmmbxi.ya', 'date': '2024-06-13'}
[2024-06-17T06:20:53.741+0000] {file_jsons_to_postgres.py:118} INFO - Inserting entry: {'name': 'Chandrakanth', 'email': 'ze@kbc.ulm', 'date': '2024-06-13'}
[2024-06-17T06:20:53.744+0000] {file_jsons_to_postgres.py:118} INFO - Inserting entry: {'name': 'Shareef', 'email': 'ki9hv5@mjugdkxl.qa', 'date': '2024-06-13'}
[2024-06-17T06:20:53.745+0000] {file_jsons_to_postgres.py:118} INFO - Inserting entry: {'name': 'Komati', 'email': '10$*u@c.qt', 'date': '2024-06-13'}
[2024-06-17T06:20:53.747+0000] {file_jsons_to_postgres.py:118} INFO - Inserting entry: {'name': 'Anthati', 'email': '4@yjlw.fx', 'date': '2024-06-13'}
[2024-06-17T06:20:53.748+0000] {file_jsons_to_postgres.py:118} INFO - Inserting entry: {'name': 'Nikhil', 'email': 'cokto@zbpiwpi.mb', 'date': '2024-06-13'}
[2024-06-17T06:20:53.750+0000] {file_jsons_to_postgres.py:118} INFO - Inserting entry: {'name': 'Chandrakanth', 'email': 'z.4k#@qwpml.bl', 'date': '2024-06-13'}
[2024-06-17T06:20:53.751+0000] {file_jsons_to_postgres.py:118} INFO - Inserting entry: {'name': 'Chirneni', 'email': 'kv3*qy@jxoy.fxy', 'date': '2024-06-13'}
[2024-06-17T06:20:53.752+0000] {file_jsons_to_postgres.py:118} INFO - Inserting entry: {'name': 'Sree', 'email': 'ou@xfemwoclu.hm', 'date': '2024-06-13'}
[2024-06-17T06:20:53.754+0000] {file_jsons_to_postgres.py:118} INFO - Inserting entry: {'name': 'Bahoju', 'email': '4!w7@gezqtv.hk', 'date': '2024-06-13'}
[2024-06-17T06:20:53.755+0000] {file_jsons_to_postgres.py:118} INFO - Inserting entry: {'name': 'Karnati', 'email': 'ot@lwj.dc', 'date': '2024-06-13'}
[2024-06-17T06:20:53.756+0000] {file_jsons_to_postgres.py:118} INFO - Inserting entry: {'name': 'Suma', 'email': 'wj1k*!@vwejlvvp.hvi', 'date': '2024-06-13'}
[2024-06-17T06:20:53.758+0000] {file_jsons_to_postgres.py:118} INFO - Inserting entry: {'name': 'Davis', 'email': '23@faijzja.nt', 'date': '2024-06-13'}
[2024-06-17T06:20:53.759+0000] {file_jsons_to_postgres.py:118} INFO - Inserting entry: {'name': 'Krishna', 'email': 'q#$$j@yjxdinptj.gvl', 'date': '2024-06-13'}
[2024-06-17T06:20:53.760+0000] {file_jsons_to_postgres.py:118} INFO - Inserting entry: {'name': 'Sree', 'email': 'gvy&%4pec@g.wmh', 'date': '2024-06-13'}
[2024-06-17T06:20:53.761+0000] {file_jsons_to_postgres.py:118} INFO - Inserting entry: {'name': 'Sekhar', 'email': 'uv@afafb.rg', 'date': '2024-06-13'}
[2024-06-17T06:20:53.762+0000] {file_jsons_to_postgres.py:118} INFO - Inserting entry: {'name': 'Aishwarya', 'email': 'rp5@pccierqb.vxb', 'date': '2024-06-13'}
[2024-06-17T06:20:53.763+0000] {file_jsons_to_postgres.py:118} INFO - Inserting entry: {'name': 'Narandas', 'email': '4gct!j@begxgno.si', 'date': '2024-06-13'}
[2024-06-17T06:20:53.764+0000] {file_jsons_to_postgres.py:118} INFO - Inserting entry: {'name': 'Jyothi', 'email': '8r5xyb.!@bji.su', 'date': '2013-06-24'}
[2024-06-17T06:20:53.765+0000] {file_jsons_to_postgres.py:118} INFO - Inserting entry: {'name': 'Brahmadevara', 'email': '9%0@wxjgvhn.kt', 'date': '2024-06-13'}
[2024-06-17T06:20:53.766+0000] {file_jsons_to_postgres.py:118} INFO - Inserting entry: {'name': 'Gopalakrishna', 'email': 'bw@nnadav.it', 'date': '2024-06-13'}
[2024-06-17T06:20:53.767+0000] {file_jsons_to_postgres.py:118} INFO - Inserting entry: {'name': 'Krishna', 'email': 'u7s5y@rtam.qi', 'date': '2024-01-13'}
[2024-06-17T06:20:53.768+0000] {file_jsons_to_postgres.py:118} INFO - Inserting entry: {'name': 'Goud', 'email': 'e^@woyafva.yxu', 'date': '2024-06-13'}
[2024-06-17T06:20:53.769+0000] {file_jsons_to_postgres.py:118} INFO - Inserting entry: {'name': 'Komati', 'email': 'wcom.3@qbyppcsc.yvg', 'date': '2024-06-13'}
[2024-06-17T06:20:53.770+0000] {file_jsons_to_postgres.py:118} INFO - Inserting entry: {'name': 'Srikanth', 'email': '21fjr8@ufvf.nd', 'date': '2024-06-13'}
[2024-06-17T06:20:53.771+0000] {file_jsons_to_postgres.py:118} INFO - Inserting entry: {'name': 'Moru', 'email': 'jxwn@vytncdk.ch', 'date': '2024-06-13'}
[2024-06-17T06:20:53.772+0000] {file_jsons_to_postgres.py:118} INFO - Inserting entry: {'name': 'Rayapusetty', 'email': 'r&@h.djw', 'date': '2024-06-13'}
[2024-06-17T06:20:53.773+0000] {file_jsons_to_postgres.py:118} INFO - Inserting entry: {'name': 'Machupalli', 'email': 'b$2@whc.pa', 'date': '2024-06-13'}
[2024-06-17T06:20:53.773+0000] {file_jsons_to_postgres.py:118} INFO - Inserting entry: {'name': 'Prudhvi', 'email': '50d@mi.uk', 'date': '2024-06-13'}
[2024-06-17T06:20:53.774+0000] {file_jsons_to_postgres.py:118} INFO - Inserting entry: {'name': 'Vankamamidi', 'email': '9@quplf.tuo', 'date': '2024-06-13'}
[2024-06-17T06:20:53.775+0000] {file_jsons_to_postgres.py:118} INFO - Inserting entry: {'name': 'Kambhampati', 'email': 'g03$u2x5o@ijep.gl', 'date': '2024-06-13'}
[2024-06-17T06:20:53.776+0000] {file_jsons_to_postgres.py:118} INFO - Inserting entry: {'name': 'Sundar', 'email': 'd3ng8xv@npciy.jf', 'date': '2024-06-13'}
[2024-06-17T06:20:53.777+0000] {file_jsons_to_postgres.py:118} INFO - Inserting entry: {'name': 'Vishnu', 'email': 'dyclw@qwm.fm', 'date': '2024-06-13'}
[2024-06-17T06:20:53.778+0000] {file_jsons_to_postgres.py:118} INFO - Inserting entry: {'name': 'Pavan', 'email': 'lmgv043q^s@haebqn.ajl', 'date': '2024-06-13'}
[2024-06-17T06:20:53.779+0000] {file_jsons_to_postgres.py:118} INFO - Inserting entry: {'name': 'Vinay', 'email': 'j&#hmz@xc.vev', 'date': '2024-01-13'}
[2024-06-17T06:20:53.780+0000] {file_jsons_to_postgres.py:118} INFO - Inserting entry: {'name': 'Majji', 'email': 'n!$ji@xah.mmi', 'date': '2024-01-13'}
[2024-06-17T06:20:53.781+0000] {file_jsons_to_postgres.py:118} INFO - Inserting entry: {'name': 'Keerthana', 'email': 'n9hb@j.wjz', 'date': '2013-06-24'}
[2024-06-17T06:20:53.783+0000] {file_jsons_to_postgres.py:118} INFO - Inserting entry: {'name': 'Adepu', 'email': '1x2fpbmxo@odswnvhzy.lyj', 'date': '2024-06-13'}
[2024-06-17T06:20:53.784+0000] {file_jsons_to_postgres.py:118} INFO - Inserting entry: {'name': 'Vemuri', 'email': 'm$@hhndqwuov.ijr', 'date': '2024-06-13'}
[2024-06-17T06:20:53.785+0000] {file_jsons_to_postgres.py:118} INFO - Inserting entry: {'name': 'Sekhar', 'email': 'e@vrevyu.hsv', 'date': '2024-06-13'}
[2024-06-17T06:20:53.786+0000] {file_jsons_to_postgres.py:118} INFO - Inserting entry: {'name': 'Udugula', 'email': '6d&i@jswggj.np', 'date': '2024-06-13'}
[2024-06-17T06:20:53.787+0000] {file_jsons_to_postgres.py:118} INFO - Inserting entry: {'name': 'Vinay', 'email': '8wq&$f@hwpdqmszg.udh', 'date': '2024-06-13'}
[2024-06-17T06:20:53.788+0000] {file_jsons_to_postgres.py:118} INFO - Inserting entry: {'name': 'Vadlamudi', 'email': '3obud^v%@akykqyk.zb', 'date': '2024-06-13'}
[2024-06-17T06:20:53.788+0000] {file_jsons_to_postgres.py:118} INFO - Inserting entry: {'name': 'Koti', 'email': 'o@chjwllurx.khj', 'date': '2024-06-13'}
[2024-06-17T06:20:53.789+0000] {file_jsons_to_postgres.py:118} INFO - Inserting entry: {'name': 'Lakshmi', 'email': 'wx%la6c@svvgyqar.pnb', 'date': '2024-06-13'}
[2024-06-17T06:20:53.790+0000] {file_jsons_to_postgres.py:118} INFO - Inserting entry: {'name': 'Vankamamidi', 'email': 'qm9it5403a@mpqh.ne', 'date': '2024-06-13'}
[2024-06-17T06:20:53.791+0000] {file_jsons_to_postgres.py:118} INFO - Inserting entry: {'name': 'Brahmadevara', 'email': '7i9j@fgvh.fvw', 'date': '2024-06-13'}
[2024-06-17T06:20:53.792+0000] {file_jsons_to_postgres.py:118} INFO - Inserting entry: {'name': 'Ramya', 'email': '1z@d.ms', 'date': '2024-06-13'}
[2024-06-17T06:20:53.792+0000] {file_jsons_to_postgres.py:118} INFO - Inserting entry: {'name': 'Pottabathini', 'email': '4we@extjg.bs', 'date': '2024-06-13'}
[2024-06-17T06:20:53.793+0000] {file_jsons_to_postgres.py:118} INFO - Inserting entry: {'name': 'Kambhampati', 'email': 'z@atze.vbh', 'date': '2024-06-13'}
[2024-06-17T06:20:53.794+0000] {file_jsons_to_postgres.py:118} INFO - Inserting entry: {'name': 'Pottabathini', 'email': 'j2l&$diihs@xy.xln', 'date': '2024-06-13'}
[2024-06-17T06:20:53.795+0000] {file_jsons_to_postgres.py:118} INFO - Inserting entry: {'name': 'Sree', 'email': 'csqdsvr.ch@mp.cb', 'date': '2024-06-13'}
[2024-06-17T06:20:53.795+0000] {file_jsons_to_postgres.py:118} INFO - Inserting entry: {'name': 'Srikanth', 'email': 'uz!*101@ie.aum', 'date': '2013-06-24'}
[2024-06-17T06:20:53.796+0000] {file_jsons_to_postgres.py:118} INFO - Inserting entry: {'name': 'Bharath', 'email': 'rvecd^^@zdomsy.hz', 'date': '2013-06-24'}
[2024-06-17T06:20:53.797+0000] {file_jsons_to_postgres.py:118} INFO - Inserting entry: {'name': 'Narandas', 'email': 'in5!4ay9fc@bxtsj.lt', 'date': '2024-06-13'}
[2024-06-17T06:20:53.798+0000] {file_jsons_to_postgres.py:118} INFO - Inserting entry: {'name': 'Nagavamsi', 'email': '6vo^yn$1^@irvyvnaci.oqr', 'date': '2013-06-24'}
[2024-06-17T06:20:53.799+0000] {file_jsons_to_postgres.py:118} INFO - Inserting entry: {'name': 'Nadikatla', 'email': 'cdzhu803gh@xk.st', 'date': '2024-06-13'}
[2024-06-17T06:20:53.801+0000] {file_jsons_to_postgres.py:118} INFO - Inserting entry: {'name': 'Zainuddin', 'email': 'i#r&h@jsokx.dq', 'date': '2024-06-13'}
[2024-06-17T06:20:53.802+0000] {file_jsons_to_postgres.py:118} INFO - Inserting entry: {'name': 'Thej', 'email': 'y*j1lsdfi4@wvw.yi', 'date': '2013-06-24'}
[2024-06-17T06:20:53.802+0000] {file_jsons_to_postgres.py:118} INFO - Inserting entry: {'name': 'Nagavamsi', 'email': '05380!o.d1@nu.lg', 'date': '2024-06-13'}
[2024-06-17T06:20:53.803+0000] {file_jsons_to_postgres.py:118} INFO - Inserting entry: {'name': 'Vemuri', 'email': '4ygv@ujxosenc.vj', 'date': '2024-06-13'}
[2024-06-17T06:20:53.804+0000] {file_jsons_to_postgres.py:118} INFO - Inserting entry: {'name': 'Moru', 'email': '7ozln$fxk9@ywgwaeyx.fe', 'date': '2024-06-13'}
[2024-06-17T06:20:53.805+0000] {file_jsons_to_postgres.py:118} INFO - Inserting entry: {'name': 'Uday', 'email': 'ilqb&kl0@pyzwu.jb', 'date': '2024-06-13'}
[2024-06-17T06:20:53.806+0000] {file_jsons_to_postgres.py:118} INFO - Inserting entry: {'name': 'Mohammad', 'email': 'ditbf#ra@madjr.sm', 'date': '2024-06-13'}
[2024-06-17T06:20:53.807+0000] {file_jsons_to_postgres.py:118} INFO - Inserting entry: {'name': 'Shaik', 'email': '3@yn.hy', 'date': '2024-06-13'}
[2024-06-17T06:20:53.808+0000] {file_jsons_to_postgres.py:118} INFO - Inserting entry: {'name': 'Soukhya', 'email': 'ga0e@uzfj.mi', 'date': '2024-06-13'}
[2024-06-17T06:20:53.809+0000] {file_jsons_to_postgres.py:118} INFO - Inserting entry: {'name': 'Prasanna', 'email': 'm!3ze0@aqfww.uxu', 'date': '2024-06-13'}
[2024-06-17T06:20:53.810+0000] {file_jsons_to_postgres.py:118} INFO - Inserting entry: {'name': 'Ganji', 'email': '8$5av%1@cwad.ywc', 'date': '2024-06-13'}
[2024-06-17T06:20:53.811+0000] {file_jsons_to_postgres.py:118} INFO - Inserting entry: {'name': 'Chandra', 'email': 'iw#!yt1wo@xv.rf', 'date': '2024-06-13'}
[2024-06-17T06:20:53.811+0000] {file_jsons_to_postgres.py:118} INFO - Inserting entry: {'name': 'Pottabathini', 'email': '4qmem&1hx7@eyj.okp', 'date': '2024-06-13'}
[2024-06-17T06:20:53.812+0000] {file_jsons_to_postgres.py:118} INFO - Inserting entry: {'name': 'Anthati', 'email': 'pfx!k@hzwrzo.iaa', 'date': '2024-06-13'}
[2024-06-17T06:20:53.814+0000] {file_jsons_to_postgres.py:118} INFO - Inserting entry: {'name': 'Goud', 'email': 'mq7.o5vz^#@nt.rqf', 'date': '2024-06-13'}
[2024-06-17T06:20:53.815+0000] {file_jsons_to_postgres.py:118} INFO - Inserting entry: {'name': 'Shashank', 'email': 'ousks@nvxwrlk.si', 'date': '2024-06-13'}
[2024-06-17T06:20:53.816+0000] {file_jsons_to_postgres.py:118} INFO - Inserting entry: {'name': 'Zainuddin', 'email': 'gk0s987@aa.lnx', 'date': '2024-06-13'}
[2024-06-17T06:20:53.817+0000] {file_jsons_to_postgres.py:118} INFO - Inserting entry: {'name': 'Adepu', 'email': 'xo31hid@isuzeis.lns', 'date': '2024-06-13'}
[2024-06-17T06:20:53.818+0000] {file_jsons_to_postgres.py:118} INFO - Inserting entry: {'name': 'Kuppireddy', 'email': 'ah9pr@rajnzlvp.suc', 'date': '2024-06-13'}
[2024-06-17T06:20:53.819+0000] {file_jsons_to_postgres.py:118} INFO - Inserting entry: {'name': 'Saiteja', 'email': 'zt3@vkehzvlky.ty', 'date': '2024-06-13'}
[2024-06-17T06:20:53.819+0000] {file_jsons_to_postgres.py:118} INFO - Inserting entry: {'name': 'Goud', 'email': '4a5kpe1n@yfl.trh', 'date': '2024-06-13'}
[2024-06-17T06:20:53.820+0000] {file_jsons_to_postgres.py:118} INFO - Inserting entry: {'name': 'Pottabathini', 'email': 'zqm@scl.km', 'date': '2024-06-13'}
[2024-06-17T06:20:53.821+0000] {file_jsons_to_postgres.py:118} INFO - Inserting entry: {'name': 'Nadikatla', 'email': 'pjbd.t@my.df', 'date': '2024-06-13'}
[2024-06-17T06:20:53.822+0000] {file_jsons_to_postgres.py:118} INFO - Inserting entry: {'name': 'Anthati', 'email': '1bp1rx.@s.me', 'date': '2024-06-13'}
[2024-06-17T06:20:53.823+0000] {file_jsons_to_postgres.py:118} INFO - Inserting entry: {'name': 'Narandas', 'email': '7@z.gki', 'date': '2024-06-13'}
[2024-06-17T06:20:53.824+0000] {file_jsons_to_postgres.py:118} INFO - Inserting entry: {'name': 'Bharath', 'email': 'n%j7ro0@uf.fp', 'date': '2024-06-13'}
[2024-06-17T06:20:53.824+0000] {file_jsons_to_postgres.py:118} INFO - Inserting entry: {'name': 'Komati', 'email': '73*d@zy.phd', 'date': '2013-06-24'}
[2024-06-17T06:20:53.825+0000] {file_jsons_to_postgres.py:118} INFO - Inserting entry: {'name': 'Chandrakanth', 'email': '32w@elrrxocmi.eza', 'date': '2024-06-13'}
[2024-06-17T06:20:53.826+0000] {file_jsons_to_postgres.py:118} INFO - Inserting entry: {'name': 'Gopalakrishna', 'email': 'aajiu@lnev.ufk', 'date': '2024-01-13'}
[2024-06-17T06:20:53.827+0000] {file_jsons_to_postgres.py:118} INFO - Inserting entry: {'name': 'Ramya', 'email': 'd.8fq!63@zchoa.pz', 'date': '2024-01-13'}
[2024-06-17T06:20:53.828+0000] {file_jsons_to_postgres.py:118} INFO - Inserting entry: {'name': 'Arun', 'email': '7f3@cxoqlke.yk', 'date': '2024-06-13'}
[2024-06-17T06:20:53.829+0000] {file_jsons_to_postgres.py:118} INFO - Inserting entry: {'name': 'Pavan', 'email': '2k&y#&2j@drb.nzl', 'date': '2024-06-13'}
[2024-06-17T06:20:53.829+0000] {file_jsons_to_postgres.py:118} INFO - Inserting entry: {'name': 'Sree', 'email': 'rbp4xu5rto@j.kf', 'date': '2024-06-13'}
[2024-06-17T06:20:53.830+0000] {file_jsons_to_postgres.py:118} INFO - Inserting entry: {'name': 'Bhargavi', 'email': 'ry3*d@ylrl.gol', 'date': '2024-06-13'}
[2024-06-17T06:20:53.831+0000] {file_jsons_to_postgres.py:118} INFO - Inserting entry: {'name': 'Sanka', 'email': 'nl@bksbfrr.nc', 'date': '2024-06-13'}
[2024-06-17T06:20:53.832+0000] {file_jsons_to_postgres.py:118} INFO - Inserting entry: {'name': 'Kiran', 'email': 'l8n%7x4@mrd.hio', 'date': '2024-01-13'}
[2024-06-17T06:20:53.833+0000] {file_jsons_to_postgres.py:118} INFO - Inserting entry: {'name': 'Nagavamsi', 'email': 'k^w0s81i@vtdwjpi.tp', 'date': '2024-01-13'}
[2024-06-17T06:20:53.834+0000] {file_jsons_to_postgres.py:118} INFO - Inserting entry: {'name': 'Sadvika', 'email': 'g&yg8@uidd.rmd', 'date': '2024-01-13'}
[2024-06-17T06:20:53.835+0000] {file_jsons_to_postgres.py:118} INFO - Inserting entry: {'name': 'Addala', 'email': 'atqsgotlzm@nuwiifpnf.fb', 'date': '2024-06-13'}
[2024-06-17T06:20:53.835+0000] {file_jsons_to_postgres.py:118} INFO - Inserting entry: {'name': 'Pottabathini', 'email': '3qxh*@jalrtcsz.cm', 'date': '2024-06-13'}
[2024-06-17T06:20:53.836+0000] {file_jsons_to_postgres.py:118} INFO - Inserting entry: {'name': 'Samala', 'email': 'ra.f@vzfvgvgj.sxy', 'date': '2024-06-13'}
[2024-06-17T06:20:53.837+0000] {file_jsons_to_postgres.py:118} INFO - Inserting entry: {'name': 'Davis', 'email': 'ace.#a&eqq@dxqyze.xpb', 'date': '2024-06-13'}
[2024-06-17T06:20:53.839+0000] {file_jsons_to_postgres.py:118} INFO - Inserting entry: {'name': 'Komati', 'email': 'p7u#zrj2if@n.uto', 'date': '2024-06-13'}
[2024-06-17T06:20:53.840+0000] {file_jsons_to_postgres.py:118} INFO - Inserting entry: {'name': 'Prudhvi', 'email': 'v9f9qas@yg.lj', 'date': '2024-06-13'}
[2024-06-17T06:20:53.841+0000] {file_jsons_to_postgres.py:118} INFO - Inserting entry: {'name': 'Adepu', 'email': 'r*8v@udcsu.bp', 'date': '2024-06-13'}
[2024-06-17T06:20:53.842+0000] {file_jsons_to_postgres.py:118} INFO - Inserting entry: {'name': 'Kambhampati', 'email': 'c&k@zrahmwzr.gvg', 'date': '2024-06-13'}
[2024-06-17T06:20:53.843+0000] {file_jsons_to_postgres.py:118} INFO - Inserting entry: {'name': 'Gopalakrishna', 'email': '7m@ihwlcf.jj', 'date': '2013-06-24'}
[2024-06-17T06:20:53.844+0000] {file_jsons_to_postgres.py:118} INFO - Inserting entry: {'name': 'Raghu', 'email': 'd8xzd@bwrulrw.ghv', 'date': '2024-06-13'}
[2024-06-17T06:20:53.845+0000] {file_jsons_to_postgres.py:118} INFO - Inserting entry: {'name': 'Sekhar', 'email': 'ruh9m5#&c@aycfulbk.wxo', 'date': '2024-06-13'}
[2024-06-17T06:20:53.846+0000] {file_jsons_to_postgres.py:118} INFO - Inserting entry: {'name': 'Thej', 'email': 'kytemkeol@eyc.bu', 'date': '2024-06-13'}
[2024-06-17T06:20:53.847+0000] {file_jsons_to_postgres.py:118} INFO - Inserting entry: {'name': 'Naga', 'email': 'm@o.ads', 'date': '2024-06-13'}
[2024-06-17T06:20:53.848+0000] {file_jsons_to_postgres.py:118} INFO - Inserting entry: {'name': 'Ushasri', 'email': 'exdq01h@mo.tob', 'date': '2024-06-13'}
[2024-06-17T06:20:53.849+0000] {file_jsons_to_postgres.py:118} INFO - Inserting entry: {'name': 'Arun', 'email': '570gjb1hgx@kgeyx.jo', 'date': '2024-06-13'}
[2024-06-17T06:20:53.850+0000] {file_jsons_to_postgres.py:118} INFO - Inserting entry: {'name': 'Pottabathini', 'email': '79dz!q@bomxmlp.vsi', 'date': '2013-06-24'}
[2024-06-17T06:20:53.851+0000] {file_jsons_to_postgres.py:118} INFO - Inserting entry: {'name': 'Kuppireddy', 'email': 'n#f0%n^y&@tkdikebg.dip', 'date': '2024-06-13'}
[2024-06-17T06:20:53.852+0000] {file_jsons_to_postgres.py:118} INFO - Inserting entry: {'name': 'Ganji', 'email': 'rd#9s@rctobises.xx', 'date': '2024-06-13'}
[2024-06-17T06:20:53.853+0000] {file_jsons_to_postgres.py:118} INFO - Inserting entry: {'name': 'Narandas', 'email': 'hnv.n5k*og@gjyhhxohm.gqh', 'date': '2024-06-13'}
[2024-06-17T06:20:53.854+0000] {file_jsons_to_postgres.py:118} INFO - Inserting entry: {'name': 'Thej', 'email': 'wqqxvh7f1@juqec.sw', 'date': '2024-06-13'}
[2024-06-17T06:20:53.854+0000] {file_jsons_to_postgres.py:118} INFO - Inserting entry: {'name': 'Maneesha', 'email': '6@kevxzdvw.ir', 'date': '2024-06-13'}
[2024-06-17T06:20:53.855+0000] {file_jsons_to_postgres.py:118} INFO - Inserting entry: {'name': 'Pottabathini', 'email': 'b660h7nqib@ajzytpjkz.kwx', 'date': '2024-06-13'}
[2024-06-17T06:20:53.856+0000] {file_jsons_to_postgres.py:118} INFO - Inserting entry: {'name': 'Vemuri', 'email': 'y3ljf2@qefwgcgx.pzm', 'date': '2024-06-13'}
[2024-06-17T06:20:53.857+0000] {file_jsons_to_postgres.py:118} INFO - Inserting entry: {'name': 'Maneesha', 'email': 'a4zfppg*@aox.jej', 'date': '2024-06-13'}
[2024-06-17T06:20:53.858+0000] {file_jsons_to_postgres.py:118} INFO - Inserting entry: {'name': 'Naga', 'email': 'v*l7%$kuz@mcrfvey.gtq', 'date': '2024-06-13'}
[2024-06-17T06:20:53.858+0000] {file_jsons_to_postgres.py:118} INFO - Inserting entry: {'name': 'Nikhil', 'email': 'w0@fhgpxgtqu.sdo', 'date': '2024-06-13'}
[2024-06-17T06:20:53.859+0000] {file_jsons_to_postgres.py:118} INFO - Inserting entry: {'name': 'Kuruva', 'email': 'xdlj@nzxhe.dx', 'date': '2024-06-13'}
[2024-06-17T06:20:53.860+0000] {file_jsons_to_postgres.py:118} INFO - Inserting entry: {'name': 'Uday', 'email': 'u66.t8ou@ikbhoui.yj', 'date': '2024-06-13'}
[2024-06-17T06:20:53.861+0000] {file_jsons_to_postgres.py:118} INFO - Inserting entry: {'name': 'Podipireddi', 'email': 'sjej2!p@npizdxriy.bap', 'date': '2024-01-13'}
[2024-06-17T06:20:53.861+0000] {file_jsons_to_postgres.py:118} INFO - Inserting entry: {'name': 'Gopalakrishna', 'email': 'n@kqfbznc.rcl', 'date': '2024-01-13'}
[2024-06-17T06:20:53.862+0000] {file_jsons_to_postgres.py:118} INFO - Inserting entry: {'name': 'Addala', 'email': 'y@sutozx.nm', 'date': '2024-06-13'}
[2024-06-17T06:20:53.863+0000] {file_jsons_to_postgres.py:118} INFO - Inserting entry: {'name': 'Raghu', 'email': 'l9k5oll5!@xvtl.ytx', 'date': '2024-06-13'}
[2024-06-17T06:20:53.863+0000] {file_jsons_to_postgres.py:118} INFO - Inserting entry: {'name': 'Nikhil', 'email': 'j@uq.mo', 'date': '2024-06-13'}
[2024-06-17T06:20:53.864+0000] {file_jsons_to_postgres.py:118} INFO - Inserting entry: {'name': 'Anyam', 'email': 'h9jk@d.lvi', 'date': '2024-06-13'}
[2024-06-17T06:20:53.865+0000] {file_jsons_to_postgres.py:118} INFO - Inserting entry: {'name': 'Masthan', 'email': 'g0@er.ovp', 'date': '2024-06-13'}
[2024-06-17T06:20:53.866+0000] {file_jsons_to_postgres.py:118} INFO - Inserting entry: {'name': 'McLaine', 'email': '636@nikft.zvb', 'date': '2024-01-13'}
[2024-06-17T06:20:53.866+0000] {file_jsons_to_postgres.py:118} INFO - Inserting entry: {'name': 'Sivani', 'email': 'tga@ev.jpm', 'date': '2024-06-13'}
[2024-06-17T06:20:53.867+0000] {file_jsons_to_postgres.py:118} INFO - Inserting entry: {'name': 'Sree', 'email': 'oka&gb%s@z.ge', 'date': '2024-01-13'}
[2024-06-17T06:20:53.868+0000] {file_jsons_to_postgres.py:118} INFO - Inserting entry: {'name': 'Chirneni', 'email': 'c@mj.os', 'date': '2024-01-13'}
[2024-06-17T06:20:53.869+0000] {file_jsons_to_postgres.py:118} INFO - Inserting entry: {'name': 'Praneeth', 'email': 'a%*@fdvqggh.on', 'date': '2024-06-13'}
[2024-06-17T06:20:53.869+0000] {file_jsons_to_postgres.py:118} INFO - Inserting entry: {'name': 'Samala', 'email': 'dpd%08yi@olssjp.vyz', 'date': '2024-06-13'}
[2024-06-17T06:20:53.870+0000] {file_jsons_to_postgres.py:118} INFO - Inserting entry: {'name': 'Koti', 'email': 'swk*mcl&!@etsrxnhrq.piw', 'date': '2024-06-13'}
[2024-06-17T06:20:53.871+0000] {file_jsons_to_postgres.py:118} INFO - Inserting entry: {'name': 'Chirneni', 'email': 'hsh5xvw@dfqptcxn.pb', 'date': '2024-06-13'}
[2024-06-17T06:20:53.872+0000] {file_jsons_to_postgres.py:118} INFO - Inserting entry: {'name': 'Kuruva', 'email': 'k@mg.ve', 'date': '2024-06-13'}
[2024-06-17T06:20:53.873+0000] {file_jsons_to_postgres.py:118} INFO - Inserting entry: {'name': 'Brahmadevara', 'email': 'fg6f#9@cws.oz', 'date': '2024-01-13'}
[2024-06-17T06:20:53.873+0000] {file_jsons_to_postgres.py:118} INFO - Inserting entry: {'name': 'Vadlamudi', 'email': 'nl.oxhzn@csmz.cg', 'date': '2013-06-24'}
[2024-06-17T06:20:53.874+0000] {file_jsons_to_postgres.py:118} INFO - Inserting entry: {'name': 'Anwesh', 'email': '5uk@qi.ond', 'date': '2024-06-13'}
[2024-06-17T06:20:53.875+0000] {file_jsons_to_postgres.py:118} INFO - Inserting entry: {'name': 'Komati', 'email': 'ixam@vqw.bsf', 'date': '2024-06-13'}
[2024-06-17T06:20:53.876+0000] {file_jsons_to_postgres.py:118} INFO - Inserting entry: {'name': 'Shaik', 'email': '9!fp%wg@ly.okr', 'date': '2024-06-13'}
[2024-06-17T06:20:53.876+0000] {file_jsons_to_postgres.py:118} INFO - Inserting entry: {'name': 'Keerthana', 'email': 'th@hpyehou.xv', 'date': '2024-06-13'}
[2024-06-17T06:20:53.877+0000] {file_jsons_to_postgres.py:118} INFO - Inserting entry: {'name': 'Ushasri', 'email': 'rgqd.u93fl@xvcrrex.tdu', 'date': '2024-06-13'}
[2024-06-17T06:20:53.878+0000] {file_jsons_to_postgres.py:118} INFO - Inserting entry: {'name': 'Nikhil', 'email': 'zau@systwn.sp', 'date': '2024-06-13'}
[2024-06-17T06:20:53.879+0000] {file_jsons_to_postgres.py:118} INFO - Inserting entry: {'name': 'Brahmadevara', 'email': 'sycnmzb9@gxupggxhw.gg', 'date': '2013-06-24'}
[2024-06-17T06:20:53.879+0000] {file_jsons_to_postgres.py:118} INFO - Inserting entry: {'name': 'Krishna', 'email': 'kmp1.%@fubdrrokn.ib', 'date': '2013-06-24'}
[2024-06-17T06:20:53.881+0000] {file_jsons_to_postgres.py:118} INFO - Inserting entry: {'name': 'Saiteja', 'email': '0j*q723j%@kg.qu', 'date': '2024-06-13'}
[2024-06-17T06:20:53.882+0000] {file_jsons_to_postgres.py:118} INFO - Inserting entry: {'name': 'Narandas', 'email': 'z3@pzn.ht', 'date': '2024-06-13'}
[2024-06-17T06:20:53.883+0000] {file_jsons_to_postgres.py:118} INFO - Inserting entry: {'name': 'Ramya', 'email': 'rzsu8b@lneilk.efu', 'date': '2024-06-13'}
[2024-06-17T06:20:53.884+0000] {file_jsons_to_postgres.py:118} INFO - Inserting entry: {'name': 'Spandana', 'email': 'ny25pkmi@kuhfkiee.ql', 'date': '2024-01-13'}
[2024-06-17T06:20:53.885+0000] {file_jsons_to_postgres.py:118} INFO - Inserting entry: {'name': 'Pavan', 'email': 'pwynq!y2@wjogpe.ku', 'date': '2024-06-13'}
[2024-06-17T06:20:53.886+0000] {file_jsons_to_postgres.py:118} INFO - Inserting entry: {'name': 'Ramya', 'email': 'lzq^46@rpjpoedo.vj', 'date': '2024-06-13'}
[2024-06-17T06:20:53.886+0000] {file_jsons_to_postgres.py:118} INFO - Inserting entry: {'name': 'Shashank', 'email': 'ziu.wz@e.ywq', 'date': '2024-06-13'}
[2024-06-17T06:20:53.887+0000] {file_jsons_to_postgres.py:118} INFO - Inserting entry: {'name': 'Nikhitha', 'email': '2!i@vtatqbs.gxq', 'date': '2024-06-13'}
[2024-06-17T06:20:53.888+0000] {file_jsons_to_postgres.py:118} INFO - Inserting entry: {'name': 'Chary', 'email': 'he@hk.xtq', 'date': '2024-01-13'}
[2024-06-17T06:20:53.889+0000] {file_jsons_to_postgres.py:118} INFO - Inserting entry: {'name': 'Kaithapu', 'email': 'u4uypr0pps@vxd.ulc', 'date': '2013-06-24'}
[2024-06-17T06:20:53.890+0000] {file_jsons_to_postgres.py:118} INFO - Inserting entry: {'name': 'Bhargavi', 'email': '506m9z$s8u@vvfr.rjl', 'date': '2024-06-13'}
[2024-06-17T06:20:53.891+0000] {file_jsons_to_postgres.py:118} INFO - Inserting entry: {'name': 'Jyothi', 'email': '6yv8j&$@ew.xhp', 'date': '2024-01-13'}
[2024-06-17T06:20:53.892+0000] {file_jsons_to_postgres.py:118} INFO - Inserting entry: {'name': 'Pinninti', 'email': 'g7z4!x@zfxqycaxh.dm', 'date': '2024-06-13'}
[2024-06-17T06:20:53.893+0000] {file_jsons_to_postgres.py:118} INFO - Inserting entry: {'name': 'Nagavamsi', 'email': 'hxh5jvj0r@u.kko', 'date': '2024-06-13'}
[2024-06-17T06:20:53.894+0000] {file_jsons_to_postgres.py:118} INFO - Inserting entry: {'name': 'Goud', 'email': '1se!3x0a!2@fcbetzuw.wsh', 'date': '2024-06-13'}
[2024-06-17T06:20:53.896+0000] {file_jsons_to_postgres.py:118} INFO - Inserting entry: {'name': 'Praneeth', 'email': 'jaq@vq.lfl', 'date': '2024-06-13'}
[2024-06-17T06:20:53.897+0000] {file_jsons_to_postgres.py:118} INFO - Inserting entry: {'name': 'Mohammad', 'email': 'w@hfrz.vde', 'date': '2024-06-13'}
[2024-06-17T06:20:53.898+0000] {file_jsons_to_postgres.py:118} INFO - Inserting entry: {'name': 'Kambhampati', 'email': 'd#^u6gm0l@ucan.cwe', 'date': '2024-06-13'}
[2024-06-17T06:20:53.899+0000] {file_jsons_to_postgres.py:118} INFO - Inserting entry: {'name': 'Kambhampati', 'email': 'e@oiqkreei.cp', 'date': '2024-06-13'}
[2024-06-17T06:20:53.900+0000] {file_jsons_to_postgres.py:118} INFO - Inserting entry: {'name': 'Karnati', 'email': '17sg@vm.dq', 'date': '2024-06-13'}
[2024-06-17T06:20:53.901+0000] {file_jsons_to_postgres.py:118} INFO - Inserting entry: {'name': 'Srikanth', 'email': '1*$yc9x0a@pewlcmv.dba', 'date': '2024-06-13'}
[2024-06-17T06:20:53.902+0000] {file_jsons_to_postgres.py:118} INFO - Inserting entry: {'name': 'Addala', 'email': 'o^@rtgqvifvv.frl', 'date': '2013-06-24'}
[2024-06-17T06:20:53.903+0000] {file_jsons_to_postgres.py:118} INFO - Inserting entry: {'name': 'Dathrika', 'email': 'snq0@vzuylor.wg', 'date': '2024-06-13'}
[2024-06-17T06:20:53.904+0000] {file_jsons_to_postgres.py:118} INFO - Inserting entry: {'name': 'Lakshmi', 'email': '8l6t7z%15%@jrzrgf.yb', 'date': '2024-06-13'}
[2024-06-17T06:20:53.904+0000] {file_jsons_to_postgres.py:118} INFO - Inserting entry: {'name': 'Jyothi', 'email': 'a5@kaab.to', 'date': '2024-01-13'}
[2024-06-17T06:20:53.905+0000] {file_jsons_to_postgres.py:118} INFO - Inserting entry: {'name': 'Kunche', 'email': 'sb!v4@ew.owb', 'date': '2024-01-13'}
[2024-06-17T06:20:53.906+0000] {file_jsons_to_postgres.py:118} INFO - Inserting entry: {'name': 'Masthan', 'email': '64srjrv@iwnxirgz.xy', 'date': '2024-06-13'}
[2024-06-17T06:20:53.907+0000] {file_jsons_to_postgres.py:118} INFO - Inserting entry: {'name': 'Vasamsetti', 'email': 'u6.9le@iqrru.yt', 'date': '2024-06-13'}
[2024-06-17T06:20:53.907+0000] {file_jsons_to_postgres.py:118} INFO - Inserting entry: {'name': 'Praneeth', 'email': 'pp7!q@uxmzfr.vi', 'date': '2024-06-13'}
[2024-06-17T06:20:53.908+0000] {file_jsons_to_postgres.py:118} INFO - Inserting entry: {'name': 'Chary', 'email': 'kmdpp54@tcgmq.ge', 'date': '2024-06-13'}
[2024-06-17T06:20:53.910+0000] {file_jsons_to_postgres.py:118} INFO - Inserting entry: {'name': 'Aishwarya', 'email': '3pnu7%@x.qaw', 'date': '2024-06-13'}
[2024-06-17T06:20:53.911+0000] {file_jsons_to_postgres.py:118} INFO - Inserting entry: {'name': 'Soukhya', 'email': 'pnn@f.ye', 'date': '2024-01-13'}
[2024-06-17T06:20:53.911+0000] {file_jsons_to_postgres.py:118} INFO - Inserting entry: {'name': 'Naga', 'email': 'b56pv@ztlbnie.ju', 'date': '2024-06-13'}
[2024-06-17T06:20:53.912+0000] {file_jsons_to_postgres.py:118} INFO - Inserting entry: {'name': 'McLaine', 'email': 'd@vaphajcqc.it', 'date': '2013-06-24'}
[2024-06-17T06:20:53.913+0000] {file_jsons_to_postgres.py:118} INFO - Inserting entry: {'name': 'Reddy', 'email': 't!@zdgoix.pw', 'date': '2024-06-13'}
[2024-06-17T06:20:53.914+0000] {file_jsons_to_postgres.py:118} INFO - Inserting entry: {'name': 'Maneesha', 'email': '0%b^t4^#yj@ohv.jqa', 'date': '2024-06-13'}
[2024-06-17T06:20:53.916+0000] {file_jsons_to_postgres.py:118} INFO - Inserting entry: {'name': 'Adepu', 'email': 'p^j5w00vx.@dvs.wes', 'date': '2024-06-13'}
[2024-06-17T06:20:53.917+0000] {file_jsons_to_postgres.py:118} INFO - Inserting entry: {'name': 'Ramya', 'email': '0&og4@mgoyu.nd', 'date': '2024-06-13'}
[2024-06-17T06:20:53.918+0000] {file_jsons_to_postgres.py:118} INFO - Inserting entry: {'name': 'Sanka', 'email': 'zyd0dpu*g#@psqzyfa.wv', 'date': '2024-06-13'}
[2024-06-17T06:20:53.919+0000] {file_jsons_to_postgres.py:118} INFO - Inserting entry: {'name': 'Namburi', 'email': 'dy@pxzwsbgp.hy', 'date': '2013-06-24'}
[2024-06-17T06:20:53.919+0000] {file_jsons_to_postgres.py:118} INFO - Inserting entry: {'name': 'Sekhar', 'email': '3*^w@gwegl.vtr', 'date': '2013-06-24'}
[2024-06-17T06:20:53.920+0000] {file_jsons_to_postgres.py:118} INFO - Inserting entry: {'name': 'Vishnu', 'email': 'bgyl2#gknk@hqdnsc.ijs', 'date': '2024-06-13'}
[2024-06-17T06:20:53.921+0000] {file_jsons_to_postgres.py:118} INFO - Inserting entry: {'name': 'Sundar', 'email': 'gl@tzlfbeb.bwq', 'date': '2024-06-13'}
[2024-06-17T06:20:53.922+0000] {file_jsons_to_postgres.py:118} INFO - Inserting entry: {'name': 'Pavan', 'email': 'p13vcq7b1@ritvrnm.un', 'date': '2024-06-13'}
[2024-06-17T06:20:53.922+0000] {file_jsons_to_postgres.py:118} INFO - Inserting entry: {'name': 'Praneeth', 'email': 'dvd@p.cy', 'date': '2024-06-13'}
[2024-06-17T06:20:53.923+0000] {file_jsons_to_postgres.py:118} INFO - Inserting entry: {'name': 'Krishna', 'email': '2ku2#w^@t.nap', 'date': '2013-06-24'}
[2024-06-17T06:20:53.924+0000] {file_jsons_to_postgres.py:118} INFO - Inserting entry: {'name': 'Vishnu', 'email': '5g4%7zx@tdezuglaq.qct', 'date': '2024-06-13'}
[2024-06-17T06:20:53.926+0000] {file_jsons_to_postgres.py:118} INFO - Inserting entry: {'name': 'Karnati', 'email': 'ic%k2m$@b.xot', 'date': '2024-06-13'}
[2024-06-17T06:20:53.927+0000] {file_jsons_to_postgres.py:118} INFO - Inserting entry: {'name': 'Kadagalla', 'email': 'us6p2@omzqzgzq.xr', 'date': '2024-01-13'}
[2024-06-17T06:20:53.928+0000] {file_jsons_to_postgres.py:118} INFO - Inserting entry: {'name': 'Srikanth', 'email': '8t0%@chwwxdopm.yjr', 'date': '2013-06-24'}
[2024-06-17T06:20:53.929+0000] {file_jsons_to_postgres.py:118} INFO - Inserting entry: {'name': 'Suma', 'email': 'x2nl!gquvb@ubmr.rtf', 'date': '2024-06-13'}
[2024-06-17T06:20:53.930+0000] {file_jsons_to_postgres.py:118} INFO - Inserting entry: {'name': 'Chirneni', 'email': '5a9&rb#@o.vst', 'date': '2024-06-13'}
[2024-06-17T06:20:53.930+0000] {file_jsons_to_postgres.py:118} INFO - Inserting entry: {'name': 'Chandrakanth', 'email': '000*s@pjw.gp', 'date': '2024-06-13'}
[2024-06-17T06:20:53.931+0000] {file_jsons_to_postgres.py:118} INFO - Inserting entry: {'name': 'Sivani', 'email': 'pmjd$yw4e9@lgkrormz.hww', 'date': '2024-01-13'}
[2024-06-17T06:20:53.933+0000] {file_jsons_to_postgres.py:118} INFO - Inserting entry: {'name': 'Karnati', 'email': 'wtror84uh@n.dak', 'date': '2024-06-13'}
[2024-06-17T06:20:53.934+0000] {file_jsons_to_postgres.py:118} INFO - Inserting entry: {'name': 'Koti', 'email': 'mu@hekfylz.wk', 'date': '2024-06-13'}
[2024-06-17T06:20:53.935+0000] {file_jsons_to_postgres.py:118} INFO - Inserting entry: {'name': 'Vadlamudi', 'email': 'n7$3p5o$6w@tyztxdmvt.ik', 'date': '2024-06-13'}
[2024-06-17T06:20:53.937+0000] {file_jsons_to_postgres.py:118} INFO - Inserting entry: {'name': 'Bharath', 'email': '3gs@ojzqa.kaf', 'date': '2024-06-13'}
[2024-06-17T06:20:53.939+0000] {file_jsons_to_postgres.py:118} INFO - Inserting entry: {'name': 'Raghu', 'email': 'omj0@vledemaeo.vj', 'date': '2024-06-13'}
[2024-06-17T06:20:53.940+0000] {file_jsons_to_postgres.py:118} INFO - Inserting entry: {'name': 'Anyam', 'email': 'h3jn@ejjyeayx.dwp', 'date': '2024-06-13'}
[2024-06-17T06:20:53.941+0000] {file_jsons_to_postgres.py:118} INFO - Inserting entry: {'name': 'Dathrika', 'email': '627%uak^rl@nz.qz', 'date': '2024-06-13'}
[2024-06-17T06:20:53.942+0000] {file_jsons_to_postgres.py:118} INFO - Inserting entry: {'name': 'Bahoju', 'email': '22io48!1%@knapgqrq.hd', 'date': '2024-06-13'}
[2024-06-17T06:20:53.943+0000] {file_jsons_to_postgres.py:118} INFO - Inserting entry: {'name': 'Anwesh', 'email': 'hgy2%@qppsrb.vg', 'date': '2024-06-13'}
[2024-06-17T06:20:53.944+0000] {file_jsons_to_postgres.py:118} INFO - Inserting entry: {'name': 'Narandas', 'email': '4$wo97@gw.yh', 'date': '2024-06-13'}
[2024-06-17T06:20:53.945+0000] {file_jsons_to_postgres.py:118} INFO - Inserting entry: {'name': 'Praneeth', 'email': '1z%2p@wxnux.cf', 'date': '2024-06-13'}
[2024-06-17T06:20:53.946+0000] {file_jsons_to_postgres.py:118} INFO - Inserting entry: {'name': 'Spandana', 'email': 't*.@qg.pey', 'date': '2024-06-13'}
[2024-06-17T06:20:53.947+0000] {file_jsons_to_postgres.py:118} INFO - Inserting entry: {'name': 'Pottabathini', 'email': '8cdz&m@vvojyh.dlp', 'date': '2024-06-13'}
[2024-06-17T06:20:53.947+0000] {file_jsons_to_postgres.py:118} INFO - Inserting entry: {'name': 'Anwesh', 'email': 'fw0jrmo7@upft.kh', 'date': '2024-06-13'}
[2024-06-17T06:20:53.948+0000] {file_jsons_to_postgres.py:118} INFO - Inserting entry: {'name': 'Chary', 'email': 'x5.@ltjpapjcw.rhp', 'date': '2024-06-13'}
[2024-06-17T06:20:53.949+0000] {file_jsons_to_postgres.py:118} INFO - Inserting entry: {'name': 'Vemuri', 'email': '34*2851o@pila.kj', 'date': '2024-06-13'}
[2024-06-17T06:20:53.950+0000] {file_jsons_to_postgres.py:124} INFO - Data insertion completed successfully.
[2024-06-17T06:20:53.950+0000] {python.py:237} INFO - Done. Returned value was: None
[2024-06-17T06:20:53.951+0000] {taskinstance.py:441} INFO - ::group::Post task execution logs
[2024-06-17T06:20:53.959+0000] {taskinstance.py:1206} INFO - Marking task as SUCCESS. dag_id=***_example, task_id=insert_json, run_id=manual__2024-06-17T06:20:48.899942+00:00, execution_date=20240617T062048, start_date=20240617T062053, end_date=20240617T062053
[2024-06-17T06:20:53.989+0000] {local_task_job_runner.py:240} INFO - Task exited with return code 0
[2024-06-17T06:20:54.005+0000] {taskinstance.py:3498} INFO - 0 downstream tasks scheduled from follow-on schedule check
[2024-06-17T06:20:54.007+0000] {local_task_job_runner.py:222} INFO - ::endgroup::
