[2024-06-26T10:45:03.850+0000] {local_task_job_runner.py:120} INFO - ::group::Pre task execution logs
[2024-06-26T10:45:03.894+0000] {taskinstance.py:2076} INFO - Dependencies all met for dep_context=non-requeueable deps ti=<TaskInstance: demo_dag_for_alerting_final.skip_run scheduled__2024-06-26T10:44:00+00:00 [queued]>
[2024-06-26T10:45:03.911+0000] {taskinstance.py:2076} INFO - Dependencies all met for dep_context=requeueable deps ti=<TaskInstance: demo_dag_for_alerting_final.skip_run scheduled__2024-06-26T10:44:00+00:00 [queued]>
[2024-06-26T10:45:03.911+0000] {taskinstance.py:2306} INFO - Starting attempt 1 of 6
[2024-06-26T10:45:03.934+0000] {taskinstance.py:2330} INFO - Executing <Task(PythonOperator): skip_run> on 2024-06-26 10:44:00+00:00
[2024-06-26T10:45:03.943+0000] {warnings.py:110} WARNING - /home/***/.local/lib/python3.12/site-packages/***/task/task_runner/standard_task_runner.py:61: DeprecationWarning: This process (pid=6952) is multi-threaded, use of fork() may lead to deadlocks in the child.
  pid = os.fork()

[2024-06-26T10:45:03.944+0000] {standard_task_runner.py:63} INFO - Started process 6953 to run task
[2024-06-26T10:45:03.944+0000] {standard_task_runner.py:90} INFO - Running: ['***', 'tasks', 'run', 'demo_dag_for_alerting_final', 'skip_run', 'scheduled__2024-06-26T10:44:00+00:00', '--job-id', '4399', '--raw', '--subdir', 'DAGS_FOLDER/demo_dag_for_alerting.py', '--cfg-path', '/tmp/tmpskfepymq']
[2024-06-26T10:45:03.945+0000] {standard_task_runner.py:91} INFO - Job 4399: Subtask skip_run
[2024-06-26T10:45:03.994+0000] {task_command.py:426} INFO - Running <TaskInstance: demo_dag_for_alerting_final.skip_run scheduled__2024-06-26T10:44:00+00:00 [running]> on host ced2311e92d2
[2024-06-26T10:45:04.096+0000] {taskinstance.py:2648} INFO - Exporting env vars: AIRFLOW_CTX_DAG_OWNER='***' AIRFLOW_CTX_DAG_ID='demo_dag_for_alerting_final' AIRFLOW_CTX_TASK_ID='skip_run' AIRFLOW_CTX_EXECUTION_DATE='2024-06-26T10:44:00+00:00' AIRFLOW_CTX_TRY_NUMBER='1' AIRFLOW_CTX_DAG_RUN_ID='scheduled__2024-06-26T10:44:00+00:00'
[2024-06-26T10:45:04.096+0000] {taskinstance.py:430} INFO - ::endgroup::
[2024-06-26T10:45:04.110+0000] {helper_functions.py:158} INFO - The DAG demo_dag_for_alerting_final was skipped at 2024-06-26 10:45:04.110801

[2024-06-26T10:45:04.111+0000] {python.py:237} INFO - Done. Returned value was: None
[2024-06-26T10:45:04.111+0000] {taskinstance.py:441} INFO - ::group::Post task execution logs
[2024-06-26T10:45:04.120+0000] {taskinstance.py:1206} INFO - Marking task as SUCCESS. dag_id=demo_dag_for_alerting_final, task_id=skip_run, run_id=scheduled__2024-06-26T10:44:00+00:00, execution_date=20240626T104400, start_date=20240626T104503, end_date=20240626T104504
[2024-06-26T10:45:04.158+0000] {local_task_job_runner.py:240} INFO - Task exited with return code 0
[2024-06-26T10:45:04.175+0000] {taskinstance.py:3498} INFO - 0 downstream tasks scheduled from follow-on schedule check
[2024-06-26T10:45:04.176+0000] {local_task_job_runner.py:222} INFO - ::endgroup::
