[2024-06-26T09:25:35.732+0000] {local_task_job_runner.py:120} INFO - ::group::Pre task execution logs
[2024-06-26T09:25:35.806+0000] {taskinstance.py:2076} INFO - Dependencies all met for dep_context=non-requeueable deps ti=<TaskInstance: alerting_all_dags_using_apis.get_all_active_dags scheduled__2024-06-26T09:21:00+00:00 [queued]>
[2024-06-26T09:25:35.824+0000] {taskinstance.py:2076} INFO - Dependencies all met for dep_context=requeueable deps ti=<TaskInstance: alerting_all_dags_using_apis.get_all_active_dags scheduled__2024-06-26T09:21:00+00:00 [queued]>
[2024-06-26T09:25:35.825+0000] {taskinstance.py:2306} INFO - Starting attempt 1 of 6
[2024-06-26T09:25:35.861+0000] {taskinstance.py:2330} INFO - Executing <Task(PythonOperator): get_all_active_dags> on 2024-06-26 09:21:00+00:00
[2024-06-26T09:25:35.873+0000] {warnings.py:110} WARNING - /home/***/.local/lib/python3.12/site-packages/***/task/task_runner/standard_task_runner.py:61: DeprecationWarning: This process (pid=5628) is multi-threaded, use of fork() may lead to deadlocks in the child.
  pid = os.fork()

[2024-06-26T09:25:35.875+0000] {standard_task_runner.py:63} INFO - Started process 5630 to run task
[2024-06-26T09:25:35.880+0000] {standard_task_runner.py:90} INFO - Running: ['***', 'tasks', 'run', 'alerting_all_dags_using_apis', 'get_all_active_dags', 'scheduled__2024-06-26T09:21:00+00:00', '--job-id', '4241', '--raw', '--subdir', 'DAGS_FOLDER/alerting_all_dags_using_apis.py', '--cfg-path', '/tmp/tmptgmb_wjt']
[2024-06-26T09:25:35.882+0000] {standard_task_runner.py:91} INFO - Job 4241: Subtask get_all_active_dags
[2024-06-26T09:25:35.966+0000] {task_command.py:426} INFO - Running <TaskInstance: alerting_all_dags_using_apis.get_all_active_dags scheduled__2024-06-26T09:21:00+00:00 [running]> on host ced2311e92d2
[2024-06-26T09:25:36.230+0000] {taskinstance.py:2648} INFO - Exporting env vars: AIRFLOW_CTX_DAG_OWNER='***' AIRFLOW_CTX_DAG_ID='alerting_all_dags_using_apis' AIRFLOW_CTX_TASK_ID='get_all_active_dags' AIRFLOW_CTX_EXECUTION_DATE='2024-06-26T09:21:00+00:00' AIRFLOW_CTX_TRY_NUMBER='1' AIRFLOW_CTX_DAG_RUN_ID='scheduled__2024-06-26T09:21:00+00:00'
[2024-06-26T09:25:36.236+0000] {taskinstance.py:430} INFO - ::endgroup::
[2024-06-26T09:25:36.269+0000] {helper_functions.py:221} INFO - Requesting http://***:***@172.240.4.4:8080/api/v1/dags?only_active=truee
[2024-06-26T09:25:36.283+0000] {helper_functions.py:231} ERROR - Failed to get active DAGs: 400 Client Error: BAD REQUEST for url: http://***:***@172.240.4.4:8080/api/v1/dags?only_active=truee
Traceback (most recent call last):
  File "/opt/airflow/dags/helper_functions.py", line 223, in get_all_active_dags
    response.raise_for_status()
  File "/home/airflow/.local/lib/python3.12/site-packages/requests/models.py", line 1021, in raise_for_status
    raise HTTPError(http_error_msg, response=self)
requests.exceptions.HTTPError: 400 Client Error: BAD REQUEST for url: http://***:***@172.240.4.4:8080/api/v1/dags?only_active=truee
[2024-06-26T09:25:36.286+0000] {helper_functions.py:171} ERROR - Failed to run alerting_all_dags_using_apis with task get_all_active_dags: 400 Client Error: BAD REQUEST for url: http://***:***@172.240.4.4:8080/api/v1/dags?only_active=truee
[2024-06-26T09:25:36.287+0000] {python.py:237} INFO - Done. Returned value was: None
[2024-06-26T09:25:36.289+0000] {taskinstance.py:441} INFO - ::group::Post task execution logs
[2024-06-26T09:25:36.312+0000] {taskinstance.py:1206} INFO - Marking task as SUCCESS. dag_id=alerting_all_dags_using_apis, task_id=get_all_active_dags, run_id=scheduled__2024-06-26T09:21:00+00:00, execution_date=20240626T092100, start_date=20240626T092535, end_date=20240626T092536
[2024-06-26T09:25:36.382+0000] {local_task_job_runner.py:240} INFO - Task exited with return code 0
[2024-06-26T09:25:36.438+0000] {taskinstance.py:3498} INFO - 1 downstream tasks scheduled from follow-on schedule check
[2024-06-26T09:25:36.441+0000] {local_task_job_runner.py:222} INFO - ::endgroup::
