[2024-06-11T17:11:25.811+0000] {local_task_job_runner.py:120} INFO - ::group::Pre task execution logs
[2024-06-11T17:11:25.836+0000] {taskinstance.py:2076} INFO - Dependencies all met for dep_context=non-requeueable deps ti=<TaskInstance: create_postgres_table_dag.create_table manual__2024-06-11T17:01:37.791341+00:00 [queued]>
[2024-06-11T17:11:25.846+0000] {taskinstance.py:2076} INFO - Dependencies all met for dep_context=requeueable deps ti=<TaskInstance: create_postgres_table_dag.create_table manual__2024-06-11T17:01:37.791341+00:00 [queued]>
[2024-06-11T17:11:25.846+0000] {taskinstance.py:2306} INFO - Starting attempt 4 of 6
[2024-06-11T17:11:25.861+0000] {taskinstance.py:2330} INFO - Executing <Task(PythonOperator): create_table> on 2024-06-11 17:01:37.791341+00:00
[2024-06-11T17:11:25.866+0000] {warnings.py:110} WARNING - /home/***/.local/lib/python3.12/site-packages/***/task/task_runner/standard_task_runner.py:61: DeprecationWarning: This process (pid=264) is multi-threaded, use of fork() may lead to deadlocks in the child.
  pid = os.fork()

[2024-06-11T17:11:25.867+0000] {standard_task_runner.py:63} INFO - Started process 265 to run task
[2024-06-11T17:11:25.867+0000] {standard_task_runner.py:90} INFO - Running: ['***', 'tasks', 'run', 'create_postgres_table_dag', 'create_table', 'manual__2024-06-11T17:01:37.791341+00:00', '--job-id', '30', '--raw', '--subdir', 'DAGS_FOLDER/create_table.py', '--cfg-path', '/tmp/tmps5x6pjxb']
[2024-06-11T17:11:25.868+0000] {standard_task_runner.py:91} INFO - Job 30: Subtask create_table
[2024-06-11T17:11:25.909+0000] {task_command.py:426} INFO - Running <TaskInstance: create_postgres_table_dag.create_table manual__2024-06-11T17:01:37.791341+00:00 [running]> on host 0fddd2b8b561
[2024-06-11T17:11:25.995+0000] {taskinstance.py:2648} INFO - Exporting env vars: AIRFLOW_CTX_DAG_OWNER='***' AIRFLOW_CTX_DAG_ID='create_postgres_table_dag' AIRFLOW_CTX_TASK_ID='create_table' AIRFLOW_CTX_EXECUTION_DATE='2024-06-11T17:01:37.791341+00:00' AIRFLOW_CTX_TRY_NUMBER='4' AIRFLOW_CTX_DAG_RUN_ID='manual__2024-06-11T17:01:37.791341+00:00'
[2024-06-11T17:11:25.996+0000] {taskinstance.py:430} INFO - ::endgroup::
[2024-06-11T17:11:26.016+0000] {base.py:84} INFO - Using connection ID 'postgres_conn' for task execution.
[2024-06-11T17:11:26.019+0000] {sql.py:470} INFO - Running statement: 
    CREATE TABLE IF NOT EXISTS vaild_data (
        id SERIAL PRIMARY KEY,
        name VARCHAR(255) NOT NULL,
        email VARCHAR(255) NOT NULL,
        date TIMESTAMP NOT NULL
    );
    , parameters: None
[2024-06-11T17:11:26.020+0000] {python.py:237} INFO - Done. Returned value was: None
[2024-06-11T17:11:26.021+0000] {taskinstance.py:441} INFO - ::group::Post task execution logs
[2024-06-11T17:11:26.029+0000] {taskinstance.py:1206} INFO - Marking task as SUCCESS. dag_id=create_postgres_table_dag, task_id=create_table, run_id=manual__2024-06-11T17:01:37.791341+00:00, execution_date=20240611T170137, start_date=20240611T171125, end_date=20240611T171126
[2024-06-11T17:11:26.081+0000] {local_task_job_runner.py:240} INFO - Task exited with return code 0
[2024-06-11T17:11:26.108+0000] {taskinstance.py:3498} INFO - 0 downstream tasks scheduled from follow-on schedule check
[2024-06-11T17:11:26.111+0000] {local_task_job_runner.py:222} INFO - ::endgroup::
