[2024-06-18T15:01:52.107+0000] {local_task_job_runner.py:120} INFO - ::group::Pre task execution logs
[2024-06-18T15:01:52.134+0000] {taskinstance.py:2076} INFO - Dependencies all met for dep_context=non-requeueable deps ti=<TaskInstance: alerting_skipped.check_previous_run_status manual__2024-06-18T15:01:49.803950+00:00 [queued]>
[2024-06-18T15:01:52.146+0000] {taskinstance.py:2076} INFO - Dependencies all met for dep_context=requeueable deps ti=<TaskInstance: alerting_skipped.check_previous_run_status manual__2024-06-18T15:01:49.803950+00:00 [queued]>
[2024-06-18T15:01:52.146+0000] {taskinstance.py:2306} INFO - Starting attempt 1 of 6
[2024-06-18T15:01:52.163+0000] {taskinstance.py:2330} INFO - Executing <Task(BranchPythonOperator): check_previous_run_status> on 2024-06-18 15:01:49.803950+00:00
[2024-06-18T15:01:52.169+0000] {warnings.py:110} WARNING - /home/***/.local/lib/python3.12/site-packages/***/task/task_runner/standard_task_runner.py:61: DeprecationWarning: This process (pid=6763) is multi-threaded, use of fork() may lead to deadlocks in the child.
  pid = os.fork()

[2024-06-18T15:01:52.170+0000] {standard_task_runner.py:63} INFO - Started process 6764 to run task
[2024-06-18T15:01:52.171+0000] {standard_task_runner.py:90} INFO - Running: ['***', 'tasks', 'run', 'alerting_skipped', 'check_previous_run_status', 'manual__2024-06-18T15:01:49.803950+00:00', '--job-id', '824', '--raw', '--subdir', 'DAGS_FOLDER/alerting_skipped.py', '--cfg-path', '/tmp/tmpo20bhe3k']
[2024-06-18T15:01:52.173+0000] {standard_task_runner.py:91} INFO - Job 824: Subtask check_previous_run_status
[2024-06-18T15:01:52.221+0000] {task_command.py:426} INFO - Running <TaskInstance: alerting_skipped.check_previous_run_status manual__2024-06-18T15:01:49.803950+00:00 [running]> on host fa5c5d972e05
[2024-06-18T15:01:52.365+0000] {taskinstance.py:2648} INFO - Exporting env vars: AIRFLOW_CTX_DAG_OWNER='***' AIRFLOW_CTX_DAG_ID='alerting_skipped' AIRFLOW_CTX_TASK_ID='check_previous_run_status' AIRFLOW_CTX_EXECUTION_DATE='2024-06-18T15:01:49.803950+00:00' AIRFLOW_CTX_TRY_NUMBER='1' AIRFLOW_CTX_DAG_RUN_ID='manual__2024-06-18T15:01:49.803950+00:00'
[2024-06-18T15:01:52.366+0000] {taskinstance.py:430} INFO - ::endgroup::
[2024-06-18T15:01:52.387+0000] {baseoperator.py:399} WARNING - BranchPythonOperator.execute cannot be called outside TaskInstance!
[2024-06-18T15:01:52.393+0000] {helper_functions.py:69} ERROR - Error interacting with the database: name 'skip_run' is not defined
[2024-06-18T15:01:52.394+0000] {python.py:237} INFO - Done. Returned value was: skip_run
[2024-06-18T15:01:52.394+0000] {branch.py:36} INFO - Branch into skip_run
[2024-06-18T15:01:52.394+0000] {skipmixin.py:178} INFO - Following branch skip_run
[2024-06-18T15:01:52.413+0000] {skipmixin.py:246} INFO - Skipping tasks [('start_run', -1)]
[2024-06-18T15:01:52.439+0000] {taskinstance.py:441} INFO - ::group::Post task execution logs
[2024-06-18T15:01:52.462+0000] {taskinstance.py:1206} INFO - Marking task as SUCCESS. dag_id=alerting_skipped, task_id=check_previous_run_status, run_id=manual__2024-06-18T15:01:49.803950+00:00, execution_date=20240618T150149, start_date=20240618T150152, end_date=20240618T150152
[2024-06-18T15:01:52.505+0000] {local_task_job_runner.py:240} INFO - Task exited with return code 0
[2024-06-18T15:01:52.534+0000] {taskinstance.py:3498} INFO - 1 downstream tasks scheduled from follow-on schedule check
[2024-06-18T15:01:52.536+0000] {local_task_job_runner.py:222} INFO - ::endgroup::
