[2024-06-19T04:39:52.039+0000] {local_task_job_runner.py:120} INFO - ::group::Pre task execution logs
[2024-06-19T04:39:52.069+0000] {taskinstance.py:2076} INFO - Dependencies all met for dep_context=non-requeueable deps ti=<TaskInstance: demo_dag_for_alerting_apis.skip_run scheduled__2024-06-19T04:10:00+00:00 [queued]>
[2024-06-19T04:39:52.080+0000] {taskinstance.py:2076} INFO - Dependencies all met for dep_context=requeueable deps ti=<TaskInstance: demo_dag_for_alerting_apis.skip_run scheduled__2024-06-19T04:10:00+00:00 [queued]>
[2024-06-19T04:39:52.080+0000] {taskinstance.py:2306} INFO - Starting attempt 1 of 6
[2024-06-19T04:39:52.095+0000] {taskinstance.py:2330} INFO - Executing <Task(PythonOperator): skip_run> on 2024-06-19 04:10:00+00:00
[2024-06-19T04:39:52.100+0000] {warnings.py:110} WARNING - /home/***/.local/lib/python3.12/site-packages/***/task/task_runner/standard_task_runner.py:61: DeprecationWarning: This process (pid=556) is multi-threaded, use of fork() may lead to deadlocks in the child.
  pid = os.fork()

[2024-06-19T04:39:52.101+0000] {standard_task_runner.py:63} INFO - Started process 558 to run task
[2024-06-19T04:39:52.101+0000] {standard_task_runner.py:90} INFO - Running: ['***', 'tasks', 'run', 'demo_dag_for_alerting_apis', 'skip_run', 'scheduled__2024-06-19T04:10:00+00:00', '--job-id', '983', '--raw', '--subdir', 'DAGS_FOLDER/demo_dag_for_alerting_apis.py', '--cfg-path', '/tmp/tmp7iaimp48']
[2024-06-19T04:39:52.102+0000] {standard_task_runner.py:91} INFO - Job 983: Subtask skip_run
[2024-06-19T04:39:52.141+0000] {task_command.py:426} INFO - Running <TaskInstance: demo_dag_for_alerting_apis.skip_run scheduled__2024-06-19T04:10:00+00:00 [running]> on host 9e4d135130fa
[2024-06-19T04:39:52.227+0000] {taskinstance.py:2648} INFO - Exporting env vars: AIRFLOW_CTX_DAG_OWNER='***' AIRFLOW_CTX_DAG_ID='demo_dag_for_alerting_apis' AIRFLOW_CTX_TASK_ID='skip_run' AIRFLOW_CTX_EXECUTION_DATE='2024-06-19T04:10:00+00:00' AIRFLOW_CTX_TRY_NUMBER='1' AIRFLOW_CTX_DAG_RUN_ID='scheduled__2024-06-19T04:10:00+00:00'
[2024-06-19T04:39:52.228+0000] {taskinstance.py:430} INFO - ::endgroup::
[2024-06-19T04:39:52.246+0000] {helper_functions.py:148} ERROR - HTTP request failed: HTTPConnectionPool(host='localhost', port=8080): Max retries exceeded with url: /api/v1/dags/demo_dag_for_alerting_apis/dagRuns?limit=3&order_by=-start_date (Caused by NewConnectionError('<urllib3.connection.HTTPConnection object at 0x786d6cd479b0>: Failed to establish a new connection: [Errno 111] Connection refused'))
[2024-06-19T04:39:52.246+0000] {python.py:237} INFO - Done. Returned value was: None
[2024-06-19T04:39:52.246+0000] {taskinstance.py:441} INFO - ::group::Post task execution logs
[2024-06-19T04:39:52.254+0000] {taskinstance.py:1206} INFO - Marking task as SUCCESS. dag_id=demo_dag_for_alerting_apis, task_id=skip_run, run_id=scheduled__2024-06-19T04:10:00+00:00, execution_date=20240619T041000, start_date=20240619T043952, end_date=20240619T043952
[2024-06-19T04:39:52.274+0000] {local_task_job_runner.py:240} INFO - Task exited with return code 0
[2024-06-19T04:39:52.291+0000] {taskinstance.py:3498} INFO - 0 downstream tasks scheduled from follow-on schedule check
[2024-06-19T04:39:52.292+0000] {local_task_job_runner.py:222} INFO - ::endgroup::
