[2024-06-12T05:43:56.871+0000] {local_task_job_runner.py:120} INFO - ::group::Pre task execution logs
[2024-06-12T05:43:56.907+0000] {taskinstance.py:2076} INFO - Dependencies all met for dep_context=non-requeueable deps ti=<TaskInstance: manual_json_to_postgres.process_json manual__2024-06-12T05:43:55.843838+00:00 [queued]>
[2024-06-12T05:43:56.919+0000] {taskinstance.py:2076} INFO - Dependencies all met for dep_context=requeueable deps ti=<TaskInstance: manual_json_to_postgres.process_json manual__2024-06-12T05:43:55.843838+00:00 [queued]>
[2024-06-12T05:43:56.919+0000] {taskinstance.py:2306} INFO - Starting attempt 1 of 6
[2024-06-12T05:43:56.936+0000] {taskinstance.py:2330} INFO - Executing <Task(PythonOperator): process_json> on 2024-06-12 05:43:55.843838+00:00
[2024-06-12T05:43:56.942+0000] {warnings.py:110} WARNING - /home/***/.local/lib/python3.12/site-packages/***/task/task_runner/standard_task_runner.py:61: DeprecationWarning: This process (pid=659) is multi-threaded, use of fork() may lead to deadlocks in the child.
  pid = os.fork()

[2024-06-12T05:43:56.943+0000] {standard_task_runner.py:63} INFO - Started process 660 to run task
[2024-06-12T05:43:56.944+0000] {standard_task_runner.py:90} INFO - Running: ['***', 'tasks', 'run', 'manual_json_to_postgres', 'process_json', 'manual__2024-06-12T05:43:55.843838+00:00', '--job-id', '112', '--raw', '--subdir', 'DAGS_FOLDER/manual_json_to_postgres.py', '--cfg-path', '/tmp/tmp5i36_4la']
[2024-06-12T05:43:56.945+0000] {standard_task_runner.py:91} INFO - Job 112: Subtask process_json
[2024-06-12T05:43:56.991+0000] {task_command.py:426} INFO - Running <TaskInstance: manual_json_to_postgres.process_json manual__2024-06-12T05:43:55.843838+00:00 [running]> on host 7bea3768514b
[2024-06-12T05:43:57.110+0000] {taskinstance.py:2648} INFO - Exporting env vars: AIRFLOW_CTX_DAG_OWNER='***' AIRFLOW_CTX_DAG_ID='manual_json_to_postgres' AIRFLOW_CTX_TASK_ID='process_json' AIRFLOW_CTX_EXECUTION_DATE='2024-06-12T05:43:55.843838+00:00' AIRFLOW_CTX_TRY_NUMBER='1' AIRFLOW_CTX_DAG_RUN_ID='manual__2024-06-12T05:43:55.843838+00:00'
[2024-06-12T05:43:57.111+0000] {taskinstance.py:430} INFO - ::endgroup::
[2024-06-12T05:43:57.134+0000] {manual_json_to_postgres.py:38} INFO - Loaded JSON data: [{'name': 'John Doe', 'email': 'john@example.com', 'date': '2023-06-01'}, {'name': 'Jane Smith', 'email': 'jane@example.com', 'date': '2023-06-02'}, {'name': 'Invalid Entry', 'date': '2023-06-03'}]
[2024-06-12T05:43:57.134+0000] {manual_json_to_postgres.py:42} INFO - Filtered valid data: [{'name': 'John Doe', 'email': 'john@example.com', 'date': '2023-06-01'}, {'name': 'Jane Smith', 'email': 'jane@example.com', 'date': '2023-06-02'}]
[2024-06-12T05:43:57.135+0000] {manual_json_to_postgres.py:51} INFO - Inserting entry: {'name': 'John Doe', 'email': 'john@example.com', 'date': '2023-06-01'}
[2024-06-12T05:43:57.145+0000] {base.py:84} INFO - Using connection ID 'postgres_conn' for task execution.
[2024-06-12T05:43:57.149+0000] {sql.py:470} INFO - Running statement: 
            INSERT INTO vaild_data (name, email, date) VALUES (%s, %s, %s)
            , parameters: ('John Doe', 'john@example.com', '2023-06-01')
[2024-06-12T05:43:57.150+0000] {manual_json_to_postgres.py:58} ERROR - Error processing JSON data: relation "vaild_data" does not exist
LINE 2:             INSERT INTO vaild_data (name, email, date) VALUE...
                                ^

[2024-06-12T05:43:57.150+0000] {python.py:237} INFO - Done. Returned value was: None
[2024-06-12T05:43:57.151+0000] {taskinstance.py:441} INFO - ::group::Post task execution logs
[2024-06-12T05:43:57.164+0000] {taskinstance.py:1206} INFO - Marking task as SUCCESS. dag_id=manual_json_to_postgres, task_id=process_json, run_id=manual__2024-06-12T05:43:55.843838+00:00, execution_date=20240612T054355, start_date=20240612T054356, end_date=20240612T054357
[2024-06-12T05:43:57.197+0000] {local_task_job_runner.py:240} INFO - Task exited with return code 0
[2024-06-12T05:43:57.216+0000] {taskinstance.py:3498} INFO - 0 downstream tasks scheduled from follow-on schedule check
[2024-06-12T05:43:57.217+0000] {local_task_job_runner.py:222} INFO - ::endgroup::
