[2024-06-27T05:05:52.888+0000] {local_task_job_runner.py:120} INFO - ::group::Pre task execution logs
[2024-06-27T05:05:52.915+0000] {taskinstance.py:2076} INFO - Dependencies all met for dep_context=non-requeueable deps ti=<TaskInstance: alerting_all_dags_using_apis.get_all_dagruns_task_instances manual__2024-06-27T05:05:48.306836+00:00 [queued]>
[2024-06-27T05:05:52.925+0000] {taskinstance.py:2076} INFO - Dependencies all met for dep_context=requeueable deps ti=<TaskInstance: alerting_all_dags_using_apis.get_all_dagruns_task_instances manual__2024-06-27T05:05:48.306836+00:00 [queued]>
[2024-06-27T05:05:52.925+0000] {taskinstance.py:2306} INFO - Starting attempt 1 of 6
[2024-06-27T05:05:52.942+0000] {taskinstance.py:2330} INFO - Executing <Task(PythonOperator): get_all_dagruns_task_instances> on 2024-06-27 05:05:48.306836+00:00
[2024-06-27T05:05:52.950+0000] {warnings.py:110} WARNING - /home/***/.local/lib/python3.12/site-packages/***/task/task_runner/standard_task_runner.py:61: DeprecationWarning: This process (pid=618) is multi-threaded, use of fork() may lead to deadlocks in the child.
  pid = os.fork()

[2024-06-27T05:05:52.951+0000] {standard_task_runner.py:63} INFO - Started process 619 to run task
[2024-06-27T05:05:52.951+0000] {standard_task_runner.py:90} INFO - Running: ['***', 'tasks', 'run', 'alerting_all_dags_using_apis', 'get_all_dagruns_task_instances', 'manual__2024-06-27T05:05:48.306836+00:00', '--job-id', '4566', '--raw', '--subdir', 'DAGS_FOLDER/alerting_all_dags_using_apis.py', '--cfg-path', '/tmp/tmpe4ir_f4t']
[2024-06-27T05:05:52.952+0000] {standard_task_runner.py:91} INFO - Job 4566: Subtask get_all_dagruns_task_instances
[2024-06-27T05:05:52.996+0000] {task_command.py:426} INFO - Running <TaskInstance: alerting_all_dags_using_apis.get_all_dagruns_task_instances manual__2024-06-27T05:05:48.306836+00:00 [running]> on host eeacb89bcfc1
[2024-06-27T05:05:53.123+0000] {taskinstance.py:2648} INFO - Exporting env vars: AIRFLOW_CTX_DAG_OWNER='***' AIRFLOW_CTX_DAG_ID='alerting_all_dags_using_apis' AIRFLOW_CTX_TASK_ID='get_all_dagruns_task_instances' AIRFLOW_CTX_EXECUTION_DATE='2024-06-27T05:05:48.306836+00:00' AIRFLOW_CTX_TRY_NUMBER='1' AIRFLOW_CTX_DAG_RUN_ID='manual__2024-06-27T05:05:48.306836+00:00'
[2024-06-27T05:05:53.124+0000] {taskinstance.py:430} INFO - ::endgroup::
[2024-06-27T05:05:53.146+0000] {helper_functions.py:315} ERROR - Failed to get task instances for all DAG runs: 'NoneType' object is not iterable
Traceback (most recent call last):
  File "/opt/airflow/dags/helper_functions.py", line 302, in get_all_dagruns_task_instances
    for dag_id, run_id in run_ids:
TypeError: 'NoneType' object is not iterable
[2024-06-27T05:05:53.147+0000] {python.py:237} INFO - Done. Returned value was: None
[2024-06-27T05:05:53.148+0000] {taskinstance.py:441} INFO - ::group::Post task execution logs
[2024-06-27T05:05:53.160+0000] {taskinstance.py:1206} INFO - Marking task as SUCCESS. dag_id=alerting_all_dags_using_apis, task_id=get_all_dagruns_task_instances, run_id=manual__2024-06-27T05:05:48.306836+00:00, execution_date=20240627T050548, start_date=20240627T050552, end_date=20240627T050553
[2024-06-27T05:05:53.204+0000] {local_task_job_runner.py:240} INFO - Task exited with return code 0
[2024-06-27T05:05:53.238+0000] {taskinstance.py:3498} INFO - 1 downstream tasks scheduled from follow-on schedule check
[2024-06-27T05:05:53.240+0000] {local_task_job_runner.py:222} INFO - ::endgroup::
