[2024-06-18T10:17:45.875+0000] {local_task_job_runner.py:120} INFO - ::group::Pre task execution logs
[2024-06-18T10:17:45.904+0000] {taskinstance.py:2076} INFO - Dependencies all met for dep_context=non-requeueable deps ti=<TaskInstance: alerting_skipped.start_run manual__2024-06-18T10:14:38.752697+00:00 [queued]>
[2024-06-18T10:17:45.916+0000] {taskinstance.py:2076} INFO - Dependencies all met for dep_context=requeueable deps ti=<TaskInstance: alerting_skipped.start_run manual__2024-06-18T10:14:38.752697+00:00 [queued]>
[2024-06-18T10:17:45.917+0000] {taskinstance.py:2306} INFO - Starting attempt 4 of 6
[2024-06-18T10:17:45.930+0000] {taskinstance.py:2330} INFO - Executing <Task(PythonOperator): start_run> on 2024-06-18 10:14:38.752697+00:00
[2024-06-18T10:17:45.935+0000] {warnings.py:110} WARNING - /home/***/.local/lib/python3.12/site-packages/***/task/task_runner/standard_task_runner.py:61: DeprecationWarning: This process (pid=3663) is multi-threaded, use of fork() may lead to deadlocks in the child.
  pid = os.fork()

[2024-06-18T10:17:45.936+0000] {standard_task_runner.py:63} INFO - Started process 3664 to run task
[2024-06-18T10:17:45.937+0000] {standard_task_runner.py:90} INFO - Running: ['***', 'tasks', 'run', 'alerting_skipped', 'start_run', 'manual__2024-06-18T10:14:38.752697+00:00', '--job-id', '571', '--raw', '--subdir', 'DAGS_FOLDER/alerting_skipped.py', '--cfg-path', '/tmp/tmprrm10anf']
[2024-06-18T10:17:45.938+0000] {standard_task_runner.py:91} INFO - Job 571: Subtask start_run
[2024-06-18T10:17:45.977+0000] {task_command.py:426} INFO - Running <TaskInstance: alerting_skipped.start_run manual__2024-06-18T10:14:38.752697+00:00 [running]> on host fa5c5d972e05
[2024-06-18T10:17:46.066+0000] {taskinstance.py:2648} INFO - Exporting env vars: AIRFLOW_CTX_DAG_OWNER='***' AIRFLOW_CTX_DAG_ID='alerting_skipped' AIRFLOW_CTX_TASK_ID='start_run' AIRFLOW_CTX_EXECUTION_DATE='2024-06-18T10:14:38.752697+00:00' AIRFLOW_CTX_TRY_NUMBER='4' AIRFLOW_CTX_DAG_RUN_ID='manual__2024-06-18T10:14:38.752697+00:00'
[2024-06-18T10:17:46.067+0000] {taskinstance.py:430} INFO - ::endgroup::
[2024-06-18T10:17:46.083+0000] {taskinstance.py:441} INFO - ::group::Post task execution logs
[2024-06-18T10:17:46.083+0000] {taskinstance.py:2905} ERROR - Task failed with exception
Traceback (most recent call last):
  File "/home/airflow/.local/lib/python3.12/site-packages/airflow/models/taskinstance.py", line 465, in _execute_task
    result = _execute_callable(context=context, **execute_callable_kwargs)
             ^^^^^^^^^^^^^^^^^^^^^^^^^^^^^^^^^^^^^^^^^^^^^^^^^^^^^^^^^^^^^
  File "/home/airflow/.local/lib/python3.12/site-packages/airflow/models/taskinstance.py", line 432, in _execute_callable
    return execute_callable(context=context, **execute_callable_kwargs)
           ^^^^^^^^^^^^^^^^^^^^^^^^^^^^^^^^^^^^^^^^^^^^^^^^^^^^^^^^^^^^
  File "/home/airflow/.local/lib/python3.12/site-packages/airflow/models/baseoperator.py", line 400, in wrapper
    return func(self, *args, **kwargs)
           ^^^^^^^^^^^^^^^^^^^^^^^^^^^
  File "/home/airflow/.local/lib/python3.12/site-packages/airflow/operators/python.py", line 235, in execute
    return_value = self.execute_callable()
                   ^^^^^^^^^^^^^^^^^^^^^^^
  File "/home/airflow/.local/lib/python3.12/site-packages/airflow/operators/python.py", line 252, in execute_callable
    return self.python_callable(*self.op_args, **self.op_kwargs)
           ^^^^^^^^^^^^^^^^^^^^^^^^^^^^^^^^^^^^^^^^^^^^^^^^^^^^^
  File "/opt/airflow/dags/helper_functions.py", line 65, in start_run
    alert_file.write(f"The DAG {dag_id} was started at {datetime.now()}\n")
                                ^^^^^^
NameError: name 'dag_id' is not defined
[2024-06-18T10:17:46.094+0000] {taskinstance.py:1206} INFO - Marking task as UP_FOR_RETRY. dag_id=alerting_skipped, task_id=start_run, run_id=manual__2024-06-18T10:14:38.752697+00:00, execution_date=20240618T101438, start_date=20240618T101745, end_date=20240618T101746
[2024-06-18T10:17:46.109+0000] {standard_task_runner.py:110} ERROR - Failed to execute job 571 for task start_run (name 'dag_id' is not defined; 3664)
[2024-06-18T10:17:46.150+0000] {local_task_job_runner.py:240} INFO - Task exited with return code 1
[2024-06-18T10:17:46.167+0000] {taskinstance.py:3498} INFO - 0 downstream tasks scheduled from follow-on schedule check
[2024-06-18T10:17:46.169+0000] {local_task_job_runner.py:222} INFO - ::endgroup::
