[2024-06-13T06:43:06.132+0000] {local_task_job_runner.py:120} INFO - ::group::Pre task execution logs
[2024-06-13T06:43:06.164+0000] {taskinstance.py:2076} INFO - Dependencies all met for dep_context=non-requeueable deps ti=<TaskInstance: airflow_example1.insert_json manual__2024-06-13T06:43:01.380966+00:00 [queued]>
[2024-06-13T06:43:06.177+0000] {taskinstance.py:2076} INFO - Dependencies all met for dep_context=requeueable deps ti=<TaskInstance: airflow_example1.insert_json manual__2024-06-13T06:43:01.380966+00:00 [queued]>
[2024-06-13T06:43:06.178+0000] {taskinstance.py:2306} INFO - Starting attempt 1 of 6
[2024-06-13T06:43:06.194+0000] {taskinstance.py:2330} INFO - Executing <Task(PythonOperator): insert_json> on 2024-06-13 06:43:01.380966+00:00
[2024-06-13T06:43:06.200+0000] {warnings.py:110} WARNING - /home/***/.local/lib/python3.12/site-packages/***/task/task_runner/standard_task_runner.py:61: DeprecationWarning: This process (pid=896) is multi-threaded, use of fork() may lead to deadlocks in the child.
  pid = os.fork()

[2024-06-13T06:43:06.201+0000] {standard_task_runner.py:63} INFO - Started process 897 to run task
[2024-06-13T06:43:06.202+0000] {standard_task_runner.py:90} INFO - Running: ['***', 'tasks', 'run', '***_example1', 'insert_json', 'manual__2024-06-13T06:43:01.380966+00:00', '--job-id', '233', '--raw', '--subdir', 'DAGS_FOLDER/file_jsons_to_postgres.py', '--cfg-path', '/tmp/tmpucby8gy9']
[2024-06-13T06:43:06.203+0000] {standard_task_runner.py:91} INFO - Job 233: Subtask insert_json
[2024-06-13T06:43:06.250+0000] {task_command.py:426} INFO - Running <TaskInstance: airflow_example1.insert_json manual__2024-06-13T06:43:01.380966+00:00 [running]> on host 8cc8d7c9eee4
[2024-06-13T06:43:06.339+0000] {taskinstance.py:2648} INFO - Exporting env vars: AIRFLOW_CTX_DAG_OWNER='***' AIRFLOW_CTX_DAG_ID='***_example1' AIRFLOW_CTX_TASK_ID='insert_json' AIRFLOW_CTX_EXECUTION_DATE='2024-06-13T06:43:01.380966+00:00' AIRFLOW_CTX_TRY_NUMBER='1' AIRFLOW_CTX_DAG_RUN_ID='manual__2024-06-13T06:43:01.380966+00:00'
[2024-06-13T06:43:06.340+0000] {taskinstance.py:430} INFO - ::endgroup::
[2024-06-13T06:43:06.371+0000] {file_jsons_to_postgres.py:100} INFO - Inserting entry: {'name': 'Majji', 'email': 'm7#hv@fgbckjh.hg', 'date': '06.12.2024'}
[2024-06-13T06:43:06.372+0000] {file_jsons_to_postgres.py:100} INFO - Inserting entry: {'name': 'McLaine', 'email': '8r@jt.ftz', 'date': '2022/12/31'}
[2024-06-13T06:43:06.373+0000] {file_jsons_to_postgres.py:100} INFO - Inserting entry: {'name': 'Nikhitha', 'email': 's@ypabrani.mig', 'date': '06.12.2024'}
[2024-06-13T06:43:06.373+0000] {file_jsons_to_postgres.py:100} INFO - Inserting entry: {'name': 'Aishwarya', 'email': 'i10^09*wt@buroxr.pm', 'date': '2024.06.12'}
[2024-06-13T06:43:06.374+0000] {file_jsons_to_postgres.py:100} INFO - Inserting entry: {'name': 'Anthati', 'email': '4vogq@kie.ya', 'date': '06-12-2024'}
[2024-06-13T06:43:06.374+0000] {file_jsons_to_postgres.py:100} INFO - Inserting entry: {'name': 'Vasamsetti', 'email': 'l$0!4ud.ta@nlgcogps.ja', 'date': '12-06-2024'}
[2024-06-13T06:43:06.375+0000] {file_jsons_to_postgres.py:100} INFO - Inserting entry: {'name': 'Addala', 'email': '0!q#7%j@ahsgllw.lls', 'date': '06.12.2024'}
[2024-06-13T06:43:06.376+0000] {file_jsons_to_postgres.py:103} INFO - Data insertion completed successfully.
[2024-06-13T06:43:06.377+0000] {python.py:237} INFO - Done. Returned value was: None
[2024-06-13T06:43:06.378+0000] {taskinstance.py:441} INFO - ::group::Post task execution logs
[2024-06-13T06:43:06.387+0000] {taskinstance.py:1206} INFO - Marking task as SUCCESS. dag_id=***_example1, task_id=insert_json, run_id=manual__2024-06-13T06:43:01.380966+00:00, execution_date=20240613T064301, start_date=20240613T064306, end_date=20240613T064306
[2024-06-13T06:43:06.415+0000] {local_task_job_runner.py:240} INFO - Task exited with return code 0
[2024-06-13T06:43:06.433+0000] {taskinstance.py:3498} INFO - 0 downstream tasks scheduled from follow-on schedule check
[2024-06-13T06:43:06.434+0000] {local_task_job_runner.py:222} INFO - ::endgroup::
