[2024-06-13T06:17:46.047+0000] {local_task_job_runner.py:120} INFO - ::group::Pre task execution logs
[2024-06-13T06:17:46.071+0000] {taskinstance.py:2076} INFO - Dependencies all met for dep_context=non-requeueable deps ti=<TaskInstance: airflow_example1.filter_data manual__2024-06-13T06:17:43.722619+00:00 [queued]>
[2024-06-13T06:17:46.082+0000] {taskinstance.py:2076} INFO - Dependencies all met for dep_context=requeueable deps ti=<TaskInstance: airflow_example1.filter_data manual__2024-06-13T06:17:43.722619+00:00 [queued]>
[2024-06-13T06:17:46.082+0000] {taskinstance.py:2306} INFO - Starting attempt 1 of 6
[2024-06-13T06:17:46.099+0000] {taskinstance.py:2330} INFO - Executing <Task(PythonOperator): filter_data> on 2024-06-13 06:17:43.722619+00:00
[2024-06-13T06:17:46.104+0000] {warnings.py:110} WARNING - /home/***/.local/lib/python3.12/site-packages/***/task/task_runner/standard_task_runner.py:61: DeprecationWarning: This process (pid=491) is multi-threaded, use of fork() may lead to deadlocks in the child.
  pid = os.fork()

[2024-06-13T06:17:46.105+0000] {standard_task_runner.py:63} INFO - Started process 492 to run task
[2024-06-13T06:17:46.105+0000] {standard_task_runner.py:90} INFO - Running: ['***', 'tasks', 'run', '***_example1', 'filter_data', 'manual__2024-06-13T06:17:43.722619+00:00', '--job-id', '194', '--raw', '--subdir', 'DAGS_FOLDER/file_jsons_to_postgres.py', '--cfg-path', '/tmp/tmp85d7j4ki']
[2024-06-13T06:17:46.106+0000] {standard_task_runner.py:91} INFO - Job 194: Subtask filter_data
[2024-06-13T06:17:46.147+0000] {task_command.py:426} INFO - Running <TaskInstance: airflow_example1.filter_data manual__2024-06-13T06:17:43.722619+00:00 [running]> on host 8cc8d7c9eee4
[2024-06-13T06:17:46.239+0000] {taskinstance.py:2648} INFO - Exporting env vars: AIRFLOW_CTX_DAG_OWNER='***' AIRFLOW_CTX_DAG_ID='***_example1' AIRFLOW_CTX_TASK_ID='filter_data' AIRFLOW_CTX_EXECUTION_DATE='2024-06-13T06:17:43.722619+00:00' AIRFLOW_CTX_TRY_NUMBER='1' AIRFLOW_CTX_DAG_RUN_ID='manual__2024-06-13T06:17:43.722619+00:00'
[2024-06-13T06:17:46.240+0000] {taskinstance.py:430} INFO - ::endgroup::
[2024-06-13T06:17:46.270+0000] {file_jsons_to_postgres.py:52} INFO - Filtered valid data: [{'name': 'Goud', 'email': 'ftml@xqfixisoe.mk', 'date': '2023-01-01 00:00:00'}, {'name': 'Vasamsetti', 'email': 'k6x80wj@oiwdly.niv', 'date': '2023-01-01 00:00:00'}, {'name': 'Dathrika', 'email': 'mb*@msidff.wcv', 'date': '2023-01-01T00:00:00'}, {'name': 'Vadlamudi', 'email': 'vfqvfr@zizdita.lt', 'date': '20230101'}, {'name': 'Masthan', 'email': 'ry.e0ky@vmdp.xyt', 'date': '2023-01-01 00:00:00'}, {'name': 'Nagavamsi', 'email': 'cb$#yv@ccb.yl', 'date': '2023-01-01T00:00:00+00:00'}, {'name': 'Aishwarya', 'email': '2rk@t.hpz', 'date': '2023-01-01T00:00:00'}, {'name': 'Ushasri', 'email': '192@iugtylrs.dym', 'date': '2023-01-01'}, {'name': 'Prasanna', 'email': 'i35ogoi@yyv.jpt', 'date': '20230101'}, {'name': 'Kuruva', 'email': 'rcp@s.fhz', 'date': '2023-01-01 00:00:00'}, {'name': 'Dathrika', 'email': '6e12s@rioaopxuc.csa', 'date': '2023-01-01'}, {'name': 'Rajyalakshmi', 'email': 'j#e&dszdc@gjbtbq.jlg', 'date': '2023-01-01T00:00:00.000Z'}, {'name': 'Vankamamidi', 'email': '85mej@cf.eqt', 'date': '20230101'}]
[2024-06-13T06:17:46.285+0000] {python.py:237} INFO - Done. Returned value was: None
[2024-06-13T06:17:46.286+0000] {taskinstance.py:441} INFO - ::group::Post task execution logs
[2024-06-13T06:17:46.296+0000] {taskinstance.py:1206} INFO - Marking task as SUCCESS. dag_id=***_example1, task_id=filter_data, run_id=manual__2024-06-13T06:17:43.722619+00:00, execution_date=20240613T061743, start_date=20240613T061746, end_date=20240613T061746
[2024-06-13T06:17:46.318+0000] {local_task_job_runner.py:240} INFO - Task exited with return code 0
[2024-06-13T06:17:46.349+0000] {taskinstance.py:3498} INFO - 1 downstream tasks scheduled from follow-on schedule check
[2024-06-13T06:17:46.351+0000] {local_task_job_runner.py:222} INFO - ::endgroup::
