[2024-06-24T09:07:01.840+0000] {local_task_job_runner.py:120} INFO - ::group::Pre task execution logs
[2024-06-24T09:07:01.862+0000] {taskinstance.py:2076} INFO - Dependencies all met for dep_context=non-requeueable deps ti=<TaskInstance: demo_dag_for_alerting_final_1.check_previous_run_status scheduled__2024-06-24T09:06:00+00:00 [queued]>
[2024-06-24T09:07:01.870+0000] {taskinstance.py:2076} INFO - Dependencies all met for dep_context=requeueable deps ti=<TaskInstance: demo_dag_for_alerting_final_1.check_previous_run_status scheduled__2024-06-24T09:06:00+00:00 [queued]>
[2024-06-24T09:07:01.870+0000] {taskinstance.py:2306} INFO - Starting attempt 1 of 6
[2024-06-24T09:07:01.885+0000] {taskinstance.py:2330} INFO - Executing <Task(BranchPythonOperator): check_previous_run_status> on 2024-06-24 09:06:00+00:00
[2024-06-24T09:07:01.890+0000] {warnings.py:110} WARNING - /home/***/.local/lib/python3.12/site-packages/***/task/task_runner/standard_task_runner.py:61: DeprecationWarning: This process (pid=1387) is multi-threaded, use of fork() may lead to deadlocks in the child.
  pid = os.fork()

[2024-06-24T09:07:01.891+0000] {standard_task_runner.py:63} INFO - Started process 1388 to run task
[2024-06-24T09:07:01.892+0000] {standard_task_runner.py:90} INFO - Running: ['***', 'tasks', 'run', 'demo_dag_for_alerting_final_1', 'check_previous_run_status', 'scheduled__2024-06-24T09:06:00+00:00', '--job-id', '3409', '--raw', '--subdir', 'DAGS_FOLDER/demo_dag_for_alerting.py', '--cfg-path', '/tmp/tmp5bpjfjee']
[2024-06-24T09:07:01.893+0000] {standard_task_runner.py:91} INFO - Job 3409: Subtask check_previous_run_status
[2024-06-24T09:07:01.933+0000] {task_command.py:426} INFO - Running <TaskInstance: demo_dag_for_alerting_final_1.check_previous_run_status scheduled__2024-06-24T09:06:00+00:00 [running]> on host bf895605831d
[2024-06-24T09:07:02.030+0000] {taskinstance.py:2648} INFO - Exporting env vars: AIRFLOW_CTX_DAG_OWNER='***' AIRFLOW_CTX_DAG_ID='demo_dag_for_alerting_final_1' AIRFLOW_CTX_TASK_ID='check_previous_run_status' AIRFLOW_CTX_EXECUTION_DATE='2024-06-24T09:06:00+00:00' AIRFLOW_CTX_TRY_NUMBER='1' AIRFLOW_CTX_DAG_RUN_ID='scheduled__2024-06-24T09:06:00+00:00'
[2024-06-24T09:07:02.031+0000] {taskinstance.py:430} INFO - ::endgroup::
[2024-06-24T09:07:02.043+0000] {baseoperator.py:399} WARNING - BranchPythonOperator.execute cannot be called outside TaskInstance!
[2024-06-24T09:07:02.046+0000] {helper_functions.py:68} ERROR - Failed to run demo_dag_for_alerting_final_1 with task check_previous_run_status: name 'create' is not defined
[2024-06-24T09:07:02.046+0000] {python.py:237} INFO - Done. Returned value was: None
[2024-06-24T09:07:02.048+0000] {branch.py:36} INFO - Branch into None
[2024-06-24T09:07:02.048+0000] {skipmixin.py:178} INFO - Following branch None
[2024-06-24T09:07:02.066+0000] {skipmixin.py:246} INFO - Skipping tasks [('skip_run', -1), ('start_run', -1)]
[2024-06-24T09:07:02.088+0000] {taskinstance.py:441} INFO - ::group::Post task execution logs
[2024-06-24T09:07:02.097+0000] {taskinstance.py:1206} INFO - Marking task as SUCCESS. dag_id=demo_dag_for_alerting_final_1, task_id=check_previous_run_status, run_id=scheduled__2024-06-24T09:06:00+00:00, execution_date=20240624T090600, start_date=20240624T090701, end_date=20240624T090702
[2024-06-24T09:07:02.145+0000] {local_task_job_runner.py:240} INFO - Task exited with return code 0
[2024-06-24T09:07:02.169+0000] {taskinstance.py:3498} INFO - 0 downstream tasks scheduled from follow-on schedule check
[2024-06-24T09:07:02.173+0000] {local_task_job_runner.py:222} INFO - ::endgroup::
