[2024-06-26T10:47:03.269+0000] {local_task_job_runner.py:120} INFO - ::group::Pre task execution logs
[2024-06-26T10:47:03.306+0000] {taskinstance.py:2076} INFO - Dependencies all met for dep_context=non-requeueable deps ti=<TaskInstance: demo_dag_for_alerting_apis_final.skip_run scheduled__2024-06-26T10:46:00+00:00 [queued]>
[2024-06-26T10:47:03.324+0000] {taskinstance.py:2076} INFO - Dependencies all met for dep_context=requeueable deps ti=<TaskInstance: demo_dag_for_alerting_apis_final.skip_run scheduled__2024-06-26T10:46:00+00:00 [queued]>
[2024-06-26T10:47:03.324+0000] {taskinstance.py:2306} INFO - Starting attempt 1 of 6
[2024-06-26T10:47:03.341+0000] {taskinstance.py:2330} INFO - Executing <Task(PythonOperator): skip_run> on 2024-06-26 10:46:00+00:00
[2024-06-26T10:47:03.346+0000] {warnings.py:110} WARNING - /home/***/.local/lib/python3.12/site-packages/***/task/task_runner/standard_task_runner.py:61: DeprecationWarning: This process (pid=6993) is multi-threaded, use of fork() may lead to deadlocks in the child.
  pid = os.fork()

[2024-06-26T10:47:03.348+0000] {standard_task_runner.py:63} INFO - Started process 6994 to run task
[2024-06-26T10:47:03.348+0000] {standard_task_runner.py:90} INFO - Running: ['***', 'tasks', 'run', 'demo_dag_for_alerting_apis_final', 'skip_run', 'scheduled__2024-06-26T10:46:00+00:00', '--job-id', '4409', '--raw', '--subdir', 'DAGS_FOLDER/demo_dag_for_alerting_apis.py', '--cfg-path', '/tmp/tmpsdbl6sex']
[2024-06-26T10:47:03.349+0000] {standard_task_runner.py:91} INFO - Job 4409: Subtask skip_run
[2024-06-26T10:47:03.396+0000] {task_command.py:426} INFO - Running <TaskInstance: demo_dag_for_alerting_apis_final.skip_run scheduled__2024-06-26T10:46:00+00:00 [running]> on host ced2311e92d2
[2024-06-26T10:47:03.496+0000] {taskinstance.py:2648} INFO - Exporting env vars: AIRFLOW_CTX_DAG_OWNER='***' AIRFLOW_CTX_DAG_ID='demo_dag_for_alerting_apis_final' AIRFLOW_CTX_TASK_ID='skip_run' AIRFLOW_CTX_EXECUTION_DATE='2024-06-26T10:46:00+00:00' AIRFLOW_CTX_TRY_NUMBER='1' AIRFLOW_CTX_DAG_RUN_ID='scheduled__2024-06-26T10:46:00+00:00'
[2024-06-26T10:47:03.497+0000] {taskinstance.py:430} INFO - ::endgroup::
[2024-06-26T10:47:03.751+0000] {helper_functions.py:190} INFO - ['scheduled__2024-06-26T10:45:00+00:00', 'scheduled__2024-06-26T10:13:00+00:00']
[2024-06-26T10:47:04.285+0000] {helper_functions.py:199} INFO - ['success', 'success']
[2024-06-26T10:47:04.286+0000] {python.py:237} INFO - Done. Returned value was: None
[2024-06-26T10:47:04.286+0000] {taskinstance.py:441} INFO - ::group::Post task execution logs
[2024-06-26T10:47:04.295+0000] {taskinstance.py:1206} INFO - Marking task as SUCCESS. dag_id=demo_dag_for_alerting_apis_final, task_id=skip_run, run_id=scheduled__2024-06-26T10:46:00+00:00, execution_date=20240626T104600, start_date=20240626T104703, end_date=20240626T104704
[2024-06-26T10:47:04.331+0000] {local_task_job_runner.py:240} INFO - Task exited with return code 0
[2024-06-26T10:47:04.348+0000] {taskinstance.py:3498} INFO - 0 downstream tasks scheduled from follow-on schedule check
[2024-06-26T10:47:04.349+0000] {local_task_job_runner.py:222} INFO - ::endgroup::
