[2024-06-11T17:26:08.505+0000] {processor.py:161} INFO - Started process (PID=429) to work on /opt/airflow/dags/create_postgres_table_dag.py
[2024-06-11T17:26:08.506+0000] {processor.py:830} INFO - Processing file /opt/airflow/dags/create_postgres_table_dag.py for tasks to queue
[2024-06-11T17:26:08.507+0000] {logging_mixin.py:188} INFO - [2024-06-11T17:26:08.506+0000] {dagbag.py:545} INFO - Filling up the DagBag from /opt/airflow/dags/create_postgres_table_dag.py
[2024-06-11T17:26:08.533+0000] {processor.py:840} INFO - DAG(s) 'create_postgres_table_dag' retrieved from /opt/airflow/dags/create_postgres_table_dag.py
[2024-06-11T17:26:08.641+0000] {logging_mixin.py:188} INFO - [2024-06-11T17:26:08.641+0000] {dag.py:3096} INFO - Sync 1 DAGs
[2024-06-11T17:26:08.659+0000] {logging_mixin.py:188} INFO - [2024-06-11T17:26:08.659+0000] {dag.py:3954} INFO - Setting next_dagrun for create_postgres_table_dag to 2024-06-11 00:00:00+00:00, run_after=2024-06-12 00:00:00+00:00
[2024-06-11T17:26:08.676+0000] {processor.py:183} INFO - Processing /opt/airflow/dags/create_postgres_table_dag.py took 0.177 seconds
[2024-06-11T17:26:38.917+0000] {processor.py:161} INFO - Started process (PID=437) to work on /opt/airflow/dags/create_postgres_table_dag.py
[2024-06-11T17:26:38.918+0000] {processor.py:830} INFO - Processing file /opt/airflow/dags/create_postgres_table_dag.py for tasks to queue
[2024-06-11T17:26:38.919+0000] {logging_mixin.py:188} INFO - [2024-06-11T17:26:38.918+0000] {dagbag.py:545} INFO - Filling up the DagBag from /opt/airflow/dags/create_postgres_table_dag.py
[2024-06-11T17:26:38.952+0000] {processor.py:840} INFO - DAG(s) 'create_postgres_table_dag' retrieved from /opt/airflow/dags/create_postgres_table_dag.py
[2024-06-11T17:26:38.979+0000] {logging_mixin.py:188} INFO - [2024-06-11T17:26:38.979+0000] {dag.py:3096} INFO - Sync 1 DAGs
[2024-06-11T17:26:39.005+0000] {logging_mixin.py:188} INFO - [2024-06-11T17:26:39.004+0000] {dag.py:3954} INFO - Setting next_dagrun for create_postgres_table_dag to 2024-06-11 00:00:00+00:00, run_after=2024-06-12 00:00:00+00:00
[2024-06-11T17:26:39.022+0000] {processor.py:183} INFO - Processing /opt/airflow/dags/create_postgres_table_dag.py took 0.113 seconds
[2024-06-11T17:27:09.086+0000] {processor.py:161} INFO - Started process (PID=445) to work on /opt/airflow/dags/create_postgres_table_dag.py
[2024-06-11T17:27:09.087+0000] {processor.py:830} INFO - Processing file /opt/airflow/dags/create_postgres_table_dag.py for tasks to queue
[2024-06-11T17:27:09.089+0000] {logging_mixin.py:188} INFO - [2024-06-11T17:27:09.088+0000] {dagbag.py:545} INFO - Filling up the DagBag from /opt/airflow/dags/create_postgres_table_dag.py
[2024-06-11T17:27:09.116+0000] {processor.py:840} INFO - DAG(s) 'create_postgres_table_dag' retrieved from /opt/airflow/dags/create_postgres_table_dag.py
[2024-06-11T17:27:09.138+0000] {logging_mixin.py:188} INFO - [2024-06-11T17:27:09.138+0000] {dag.py:3096} INFO - Sync 1 DAGs
[2024-06-11T17:27:09.163+0000] {logging_mixin.py:188} INFO - [2024-06-11T17:27:09.162+0000] {dag.py:3954} INFO - Setting next_dagrun for create_postgres_table_dag to 2024-06-11 00:00:00+00:00, run_after=2024-06-12 00:00:00+00:00
[2024-06-11T17:27:09.182+0000] {processor.py:183} INFO - Processing /opt/airflow/dags/create_postgres_table_dag.py took 0.108 seconds
[2024-06-11T17:27:39.438+0000] {processor.py:161} INFO - Started process (PID=453) to work on /opt/airflow/dags/create_postgres_table_dag.py
[2024-06-11T17:27:39.439+0000] {processor.py:830} INFO - Processing file /opt/airflow/dags/create_postgres_table_dag.py for tasks to queue
[2024-06-11T17:27:39.440+0000] {logging_mixin.py:188} INFO - [2024-06-11T17:27:39.439+0000] {dagbag.py:545} INFO - Filling up the DagBag from /opt/airflow/dags/create_postgres_table_dag.py
[2024-06-11T17:27:39.466+0000] {processor.py:840} INFO - DAG(s) 'create_postgres_table_dag' retrieved from /opt/airflow/dags/create_postgres_table_dag.py
[2024-06-11T17:27:39.488+0000] {logging_mixin.py:188} INFO - [2024-06-11T17:27:39.488+0000] {dag.py:3096} INFO - Sync 1 DAGs
[2024-06-11T17:27:39.508+0000] {logging_mixin.py:188} INFO - [2024-06-11T17:27:39.508+0000] {dag.py:3954} INFO - Setting next_dagrun for create_postgres_table_dag to 2024-06-11 00:00:00+00:00, run_after=2024-06-12 00:00:00+00:00
[2024-06-11T17:27:39.525+0000] {processor.py:183} INFO - Processing /opt/airflow/dags/create_postgres_table_dag.py took 0.095 seconds
[2024-06-11T17:28:09.681+0000] {processor.py:161} INFO - Started process (PID=461) to work on /opt/airflow/dags/create_postgres_table_dag.py
[2024-06-11T17:28:09.682+0000] {processor.py:830} INFO - Processing file /opt/airflow/dags/create_postgres_table_dag.py for tasks to queue
[2024-06-11T17:28:09.684+0000] {logging_mixin.py:188} INFO - [2024-06-11T17:28:09.683+0000] {dagbag.py:545} INFO - Filling up the DagBag from /opt/airflow/dags/create_postgres_table_dag.py
[2024-06-11T17:28:09.714+0000] {processor.py:840} INFO - DAG(s) 'create_postgres_table_dag' retrieved from /opt/airflow/dags/create_postgres_table_dag.py
[2024-06-11T17:28:09.736+0000] {logging_mixin.py:188} INFO - [2024-06-11T17:28:09.735+0000] {dag.py:3096} INFO - Sync 1 DAGs
[2024-06-11T17:28:09.757+0000] {logging_mixin.py:188} INFO - [2024-06-11T17:28:09.756+0000] {dag.py:3954} INFO - Setting next_dagrun for create_postgres_table_dag to 2024-06-11 00:00:00+00:00, run_after=2024-06-12 00:00:00+00:00
[2024-06-11T17:28:09.772+0000] {processor.py:183} INFO - Processing /opt/airflow/dags/create_postgres_table_dag.py took 0.103 seconds
[2024-06-11T17:28:39.933+0000] {processor.py:161} INFO - Started process (PID=468) to work on /opt/airflow/dags/create_postgres_table_dag.py
[2024-06-11T17:28:39.934+0000] {processor.py:830} INFO - Processing file /opt/airflow/dags/create_postgres_table_dag.py for tasks to queue
[2024-06-11T17:28:39.935+0000] {logging_mixin.py:188} INFO - [2024-06-11T17:28:39.934+0000] {dagbag.py:545} INFO - Filling up the DagBag from /opt/airflow/dags/create_postgres_table_dag.py
[2024-06-11T17:28:39.969+0000] {processor.py:840} INFO - DAG(s) 'create_postgres_table_dag' retrieved from /opt/airflow/dags/create_postgres_table_dag.py
[2024-06-11T17:28:40.002+0000] {logging_mixin.py:188} INFO - [2024-06-11T17:28:40.002+0000] {dag.py:3096} INFO - Sync 1 DAGs
[2024-06-11T17:28:40.034+0000] {logging_mixin.py:188} INFO - [2024-06-11T17:28:40.034+0000] {dag.py:3954} INFO - Setting next_dagrun for create_postgres_table_dag to 2024-06-11 00:00:00+00:00, run_after=2024-06-12 00:00:00+00:00
[2024-06-11T17:28:40.055+0000] {processor.py:183} INFO - Processing /opt/airflow/dags/create_postgres_table_dag.py took 0.127 seconds
[2024-06-11T17:29:10.221+0000] {processor.py:161} INFO - Started process (PID=476) to work on /opt/airflow/dags/create_postgres_table_dag.py
[2024-06-11T17:29:10.222+0000] {processor.py:830} INFO - Processing file /opt/airflow/dags/create_postgres_table_dag.py for tasks to queue
[2024-06-11T17:29:10.223+0000] {logging_mixin.py:188} INFO - [2024-06-11T17:29:10.222+0000] {dagbag.py:545} INFO - Filling up the DagBag from /opt/airflow/dags/create_postgres_table_dag.py
[2024-06-11T17:29:10.252+0000] {processor.py:840} INFO - DAG(s) 'create_postgres_table_dag' retrieved from /opt/airflow/dags/create_postgres_table_dag.py
[2024-06-11T17:29:10.274+0000] {logging_mixin.py:188} INFO - [2024-06-11T17:29:10.273+0000] {dag.py:3096} INFO - Sync 1 DAGs
[2024-06-11T17:29:10.293+0000] {logging_mixin.py:188} INFO - [2024-06-11T17:29:10.293+0000] {dag.py:3954} INFO - Setting next_dagrun for create_postgres_table_dag to 2024-06-11 00:00:00+00:00, run_after=2024-06-12 00:00:00+00:00
[2024-06-11T17:29:10.310+0000] {processor.py:183} INFO - Processing /opt/airflow/dags/create_postgres_table_dag.py took 0.096 seconds
[2024-06-11T17:29:40.423+0000] {processor.py:161} INFO - Started process (PID=484) to work on /opt/airflow/dags/create_postgres_table_dag.py
[2024-06-11T17:29:40.423+0000] {processor.py:830} INFO - Processing file /opt/airflow/dags/create_postgres_table_dag.py for tasks to queue
[2024-06-11T17:29:40.424+0000] {logging_mixin.py:188} INFO - [2024-06-11T17:29:40.424+0000] {dagbag.py:545} INFO - Filling up the DagBag from /opt/airflow/dags/create_postgres_table_dag.py
[2024-06-11T17:29:40.446+0000] {processor.py:840} INFO - DAG(s) 'create_postgres_table_dag' retrieved from /opt/airflow/dags/create_postgres_table_dag.py
[2024-06-11T17:29:40.466+0000] {logging_mixin.py:188} INFO - [2024-06-11T17:29:40.466+0000] {dag.py:3096} INFO - Sync 1 DAGs
[2024-06-11T17:29:40.494+0000] {logging_mixin.py:188} INFO - [2024-06-11T17:29:40.493+0000] {dag.py:3954} INFO - Setting next_dagrun for create_postgres_table_dag to 2024-06-11 00:00:00+00:00, run_after=2024-06-12 00:00:00+00:00
[2024-06-11T17:29:40.514+0000] {processor.py:183} INFO - Processing /opt/airflow/dags/create_postgres_table_dag.py took 0.096 seconds
[2024-06-11T17:30:10.730+0000] {processor.py:161} INFO - Started process (PID=491) to work on /opt/airflow/dags/create_postgres_table_dag.py
[2024-06-11T17:30:10.731+0000] {processor.py:830} INFO - Processing file /opt/airflow/dags/create_postgres_table_dag.py for tasks to queue
[2024-06-11T17:30:10.732+0000] {logging_mixin.py:188} INFO - [2024-06-11T17:30:10.731+0000] {dagbag.py:545} INFO - Filling up the DagBag from /opt/airflow/dags/create_postgres_table_dag.py
[2024-06-11T17:30:10.760+0000] {processor.py:840} INFO - DAG(s) 'create_postgres_table_dag' retrieved from /opt/airflow/dags/create_postgres_table_dag.py
[2024-06-11T17:30:10.782+0000] {logging_mixin.py:188} INFO - [2024-06-11T17:30:10.782+0000] {dag.py:3096} INFO - Sync 1 DAGs
[2024-06-11T17:30:10.802+0000] {logging_mixin.py:188} INFO - [2024-06-11T17:30:10.802+0000] {dag.py:3954} INFO - Setting next_dagrun for create_postgres_table_dag to 2024-06-11 00:00:00+00:00, run_after=2024-06-12 00:00:00+00:00
[2024-06-11T17:30:10.818+0000] {processor.py:183} INFO - Processing /opt/airflow/dags/create_postgres_table_dag.py took 0.095 seconds
[2024-06-11T17:30:40.963+0000] {processor.py:161} INFO - Started process (PID=499) to work on /opt/airflow/dags/create_postgres_table_dag.py
[2024-06-11T17:30:40.964+0000] {processor.py:830} INFO - Processing file /opt/airflow/dags/create_postgres_table_dag.py for tasks to queue
[2024-06-11T17:30:40.965+0000] {logging_mixin.py:188} INFO - [2024-06-11T17:30:40.965+0000] {dagbag.py:545} INFO - Filling up the DagBag from /opt/airflow/dags/create_postgres_table_dag.py
[2024-06-11T17:30:40.990+0000] {processor.py:840} INFO - DAG(s) 'create_postgres_table_dag' retrieved from /opt/airflow/dags/create_postgres_table_dag.py
[2024-06-11T17:30:41.011+0000] {logging_mixin.py:188} INFO - [2024-06-11T17:30:41.011+0000] {dag.py:3096} INFO - Sync 1 DAGs
[2024-06-11T17:30:41.030+0000] {logging_mixin.py:188} INFO - [2024-06-11T17:30:41.030+0000] {dag.py:3954} INFO - Setting next_dagrun for create_postgres_table_dag to 2024-06-11 00:00:00+00:00, run_after=2024-06-12 00:00:00+00:00
[2024-06-11T17:30:41.047+0000] {processor.py:183} INFO - Processing /opt/airflow/dags/create_postgres_table_dag.py took 0.092 seconds
[2024-06-11T17:31:11.177+0000] {processor.py:161} INFO - Started process (PID=507) to work on /opt/airflow/dags/create_postgres_table_dag.py
[2024-06-11T17:31:11.178+0000] {processor.py:830} INFO - Processing file /opt/airflow/dags/create_postgres_table_dag.py for tasks to queue
[2024-06-11T17:31:11.180+0000] {logging_mixin.py:188} INFO - [2024-06-11T17:31:11.179+0000] {dagbag.py:545} INFO - Filling up the DagBag from /opt/airflow/dags/create_postgres_table_dag.py
[2024-06-11T17:31:11.207+0000] {processor.py:840} INFO - DAG(s) 'create_postgres_table_dag' retrieved from /opt/airflow/dags/create_postgres_table_dag.py
[2024-06-11T17:31:11.229+0000] {logging_mixin.py:188} INFO - [2024-06-11T17:31:11.229+0000] {dag.py:3096} INFO - Sync 1 DAGs
[2024-06-11T17:31:11.250+0000] {logging_mixin.py:188} INFO - [2024-06-11T17:31:11.250+0000] {dag.py:3954} INFO - Setting next_dagrun for create_postgres_table_dag to 2024-06-11 00:00:00+00:00, run_after=2024-06-12 00:00:00+00:00
[2024-06-11T17:31:11.265+0000] {processor.py:183} INFO - Processing /opt/airflow/dags/create_postgres_table_dag.py took 0.098 seconds
[2024-06-11T17:31:41.588+0000] {processor.py:161} INFO - Started process (PID=517) to work on /opt/airflow/dags/create_postgres_table_dag.py
[2024-06-11T17:31:41.593+0000] {processor.py:830} INFO - Processing file /opt/airflow/dags/create_postgres_table_dag.py for tasks to queue
[2024-06-11T17:31:41.594+0000] {logging_mixin.py:188} INFO - [2024-06-11T17:31:41.594+0000] {dagbag.py:545} INFO - Filling up the DagBag from /opt/airflow/dags/create_postgres_table_dag.py
[2024-06-11T17:31:41.623+0000] {processor.py:840} INFO - DAG(s) 'create_postgres_table_dag' retrieved from /opt/airflow/dags/create_postgres_table_dag.py
[2024-06-11T17:31:41.647+0000] {logging_mixin.py:188} INFO - [2024-06-11T17:31:41.646+0000] {dag.py:3096} INFO - Sync 1 DAGs
[2024-06-11T17:31:41.669+0000] {logging_mixin.py:188} INFO - [2024-06-11T17:31:41.669+0000] {dag.py:3954} INFO - Setting next_dagrun for create_postgres_table_dag to 2024-06-11 00:00:00+00:00, run_after=2024-06-12 00:00:00+00:00
[2024-06-11T17:31:41.686+0000] {processor.py:183} INFO - Processing /opt/airflow/dags/create_postgres_table_dag.py took 0.115 seconds
[2024-06-11T17:32:11.934+0000] {processor.py:161} INFO - Started process (PID=525) to work on /opt/airflow/dags/create_postgres_table_dag.py
[2024-06-11T17:32:11.939+0000] {processor.py:830} INFO - Processing file /opt/airflow/dags/create_postgres_table_dag.py for tasks to queue
[2024-06-11T17:32:11.940+0000] {logging_mixin.py:188} INFO - [2024-06-11T17:32:11.940+0000] {dagbag.py:545} INFO - Filling up the DagBag from /opt/airflow/dags/create_postgres_table_dag.py
[2024-06-11T17:32:11.974+0000] {processor.py:840} INFO - DAG(s) 'create_postgres_table_dag' retrieved from /opt/airflow/dags/create_postgres_table_dag.py
[2024-06-11T17:32:12.003+0000] {logging_mixin.py:188} INFO - [2024-06-11T17:32:12.003+0000] {dag.py:3096} INFO - Sync 1 DAGs
[2024-06-11T17:32:12.032+0000] {logging_mixin.py:188} INFO - [2024-06-11T17:32:12.032+0000] {dag.py:3954} INFO - Setting next_dagrun for create_postgres_table_dag to 2024-06-11 00:00:00+00:00, run_after=2024-06-12 00:00:00+00:00
[2024-06-11T17:32:12.052+0000] {processor.py:183} INFO - Processing /opt/airflow/dags/create_postgres_table_dag.py took 0.136 seconds
[2024-06-11T17:32:42.335+0000] {processor.py:161} INFO - Started process (PID=534) to work on /opt/airflow/dags/create_postgres_table_dag.py
[2024-06-11T17:32:42.340+0000] {processor.py:830} INFO - Processing file /opt/airflow/dags/create_postgres_table_dag.py for tasks to queue
[2024-06-11T17:32:42.342+0000] {logging_mixin.py:188} INFO - [2024-06-11T17:32:42.341+0000] {dagbag.py:545} INFO - Filling up the DagBag from /opt/airflow/dags/create_postgres_table_dag.py
[2024-06-11T17:32:42.378+0000] {processor.py:840} INFO - DAG(s) 'create_postgres_table_dag' retrieved from /opt/airflow/dags/create_postgres_table_dag.py
[2024-06-11T17:32:42.405+0000] {logging_mixin.py:188} INFO - [2024-06-11T17:32:42.404+0000] {dag.py:3096} INFO - Sync 1 DAGs
[2024-06-11T17:32:42.429+0000] {logging_mixin.py:188} INFO - [2024-06-11T17:32:42.428+0000] {dag.py:3954} INFO - Setting next_dagrun for create_postgres_table_dag to 2024-06-11 00:00:00+00:00, run_after=2024-06-12 00:00:00+00:00
[2024-06-11T17:32:42.446+0000] {processor.py:183} INFO - Processing /opt/airflow/dags/create_postgres_table_dag.py took 0.122 seconds
[2024-06-11T17:33:12.643+0000] {processor.py:161} INFO - Started process (PID=542) to work on /opt/airflow/dags/create_postgres_table_dag.py
[2024-06-11T17:33:12.644+0000] {processor.py:830} INFO - Processing file /opt/airflow/dags/create_postgres_table_dag.py for tasks to queue
[2024-06-11T17:33:12.645+0000] {logging_mixin.py:188} INFO - [2024-06-11T17:33:12.644+0000] {dagbag.py:545} INFO - Filling up the DagBag from /opt/airflow/dags/create_postgres_table_dag.py
[2024-06-11T17:33:12.670+0000] {processor.py:840} INFO - DAG(s) 'create_postgres_table_dag' retrieved from /opt/airflow/dags/create_postgres_table_dag.py
[2024-06-11T17:33:12.692+0000] {logging_mixin.py:188} INFO - [2024-06-11T17:33:12.692+0000] {dag.py:3096} INFO - Sync 1 DAGs
[2024-06-11T17:33:12.713+0000] {logging_mixin.py:188} INFO - [2024-06-11T17:33:12.712+0000] {dag.py:3954} INFO - Setting next_dagrun for create_postgres_table_dag to 2024-06-11 00:00:00+00:00, run_after=2024-06-12 00:00:00+00:00
[2024-06-11T17:33:12.729+0000] {processor.py:183} INFO - Processing /opt/airflow/dags/create_postgres_table_dag.py took 0.092 seconds
[2024-06-11T17:33:42.972+0000] {processor.py:161} INFO - Started process (PID=551) to work on /opt/airflow/dags/create_postgres_table_dag.py
[2024-06-11T17:33:42.977+0000] {processor.py:830} INFO - Processing file /opt/airflow/dags/create_postgres_table_dag.py for tasks to queue
[2024-06-11T17:33:42.978+0000] {logging_mixin.py:188} INFO - [2024-06-11T17:33:42.977+0000] {dagbag.py:545} INFO - Filling up the DagBag from /opt/airflow/dags/create_postgres_table_dag.py
[2024-06-11T17:33:43.003+0000] {processor.py:840} INFO - DAG(s) 'create_postgres_table_dag' retrieved from /opt/airflow/dags/create_postgres_table_dag.py
[2024-06-11T17:33:43.025+0000] {logging_mixin.py:188} INFO - [2024-06-11T17:33:43.025+0000] {dag.py:3096} INFO - Sync 1 DAGs
[2024-06-11T17:33:43.044+0000] {logging_mixin.py:188} INFO - [2024-06-11T17:33:43.044+0000] {dag.py:3954} INFO - Setting next_dagrun for create_postgres_table_dag to 2024-06-11 00:00:00+00:00, run_after=2024-06-12 00:00:00+00:00
[2024-06-11T17:33:43.063+0000] {processor.py:183} INFO - Processing /opt/airflow/dags/create_postgres_table_dag.py took 0.100 seconds
[2024-06-11T17:34:13.117+0000] {processor.py:161} INFO - Started process (PID=559) to work on /opt/airflow/dags/create_postgres_table_dag.py
[2024-06-11T17:34:13.121+0000] {processor.py:830} INFO - Processing file /opt/airflow/dags/create_postgres_table_dag.py for tasks to queue
[2024-06-11T17:34:13.123+0000] {logging_mixin.py:188} INFO - [2024-06-11T17:34:13.122+0000] {dagbag.py:545} INFO - Filling up the DagBag from /opt/airflow/dags/create_postgres_table_dag.py
[2024-06-11T17:34:13.157+0000] {processor.py:840} INFO - DAG(s) 'create_postgres_table_dag' retrieved from /opt/airflow/dags/create_postgres_table_dag.py
[2024-06-11T17:34:13.180+0000] {logging_mixin.py:188} INFO - [2024-06-11T17:34:13.180+0000] {dag.py:3096} INFO - Sync 1 DAGs
[2024-06-11T17:34:13.202+0000] {logging_mixin.py:188} INFO - [2024-06-11T17:34:13.201+0000] {dag.py:3954} INFO - Setting next_dagrun for create_postgres_table_dag to 2024-06-11 00:00:00+00:00, run_after=2024-06-12 00:00:00+00:00
[2024-06-11T17:34:13.217+0000] {processor.py:183} INFO - Processing /opt/airflow/dags/create_postgres_table_dag.py took 0.106 seconds
[2024-06-11T17:34:43.443+0000] {processor.py:161} INFO - Started process (PID=567) to work on /opt/airflow/dags/create_postgres_table_dag.py
[2024-06-11T17:34:43.447+0000] {processor.py:830} INFO - Processing file /opt/airflow/dags/create_postgres_table_dag.py for tasks to queue
[2024-06-11T17:34:43.448+0000] {logging_mixin.py:188} INFO - [2024-06-11T17:34:43.447+0000] {dagbag.py:545} INFO - Filling up the DagBag from /opt/airflow/dags/create_postgres_table_dag.py
[2024-06-11T17:34:43.468+0000] {processor.py:840} INFO - DAG(s) 'create_postgres_table_dag' retrieved from /opt/airflow/dags/create_postgres_table_dag.py
[2024-06-11T17:34:43.487+0000] {logging_mixin.py:188} INFO - [2024-06-11T17:34:43.487+0000] {dag.py:3096} INFO - Sync 1 DAGs
[2024-06-11T17:34:43.508+0000] {logging_mixin.py:188} INFO - [2024-06-11T17:34:43.508+0000] {dag.py:3954} INFO - Setting next_dagrun for create_postgres_table_dag to 2024-06-11 00:00:00+00:00, run_after=2024-06-12 00:00:00+00:00
[2024-06-11T17:34:43.522+0000] {processor.py:183} INFO - Processing /opt/airflow/dags/create_postgres_table_dag.py took 0.083 seconds
[2024-06-11T17:35:13.743+0000] {processor.py:161} INFO - Started process (PID=575) to work on /opt/airflow/dags/create_postgres_table_dag.py
[2024-06-11T17:35:13.747+0000] {processor.py:830} INFO - Processing file /opt/airflow/dags/create_postgres_table_dag.py for tasks to queue
[2024-06-11T17:35:13.748+0000] {logging_mixin.py:188} INFO - [2024-06-11T17:35:13.748+0000] {dagbag.py:545} INFO - Filling up the DagBag from /opt/airflow/dags/create_postgres_table_dag.py
[2024-06-11T17:35:13.785+0000] {processor.py:840} INFO - DAG(s) 'create_postgres_table_dag' retrieved from /opt/airflow/dags/create_postgres_table_dag.py
[2024-06-11T17:35:13.834+0000] {logging_mixin.py:188} INFO - [2024-06-11T17:35:13.833+0000] {dag.py:3096} INFO - Sync 1 DAGs
[2024-06-11T17:35:13.879+0000] {logging_mixin.py:188} INFO - [2024-06-11T17:35:13.879+0000] {dag.py:3954} INFO - Setting next_dagrun for create_postgres_table_dag to 2024-06-11 00:00:00+00:00, run_after=2024-06-12 00:00:00+00:00
[2024-06-11T17:35:13.910+0000] {processor.py:183} INFO - Processing /opt/airflow/dags/create_postgres_table_dag.py took 0.174 seconds
[2024-06-11T17:35:44.054+0000] {processor.py:161} INFO - Started process (PID=583) to work on /opt/airflow/dags/create_postgres_table_dag.py
[2024-06-11T17:35:44.055+0000] {processor.py:830} INFO - Processing file /opt/airflow/dags/create_postgres_table_dag.py for tasks to queue
[2024-06-11T17:35:44.055+0000] {logging_mixin.py:188} INFO - [2024-06-11T17:35:44.055+0000] {dagbag.py:545} INFO - Filling up the DagBag from /opt/airflow/dags/create_postgres_table_dag.py
[2024-06-11T17:35:44.076+0000] {processor.py:840} INFO - DAG(s) 'create_postgres_table_dag' retrieved from /opt/airflow/dags/create_postgres_table_dag.py
[2024-06-11T17:35:44.096+0000] {logging_mixin.py:188} INFO - [2024-06-11T17:35:44.096+0000] {dag.py:3096} INFO - Sync 1 DAGs
[2024-06-11T17:35:44.129+0000] {logging_mixin.py:188} INFO - [2024-06-11T17:35:44.129+0000] {dag.py:3954} INFO - Setting next_dagrun for create_postgres_table_dag to 2024-06-11 00:00:00+00:00, run_after=2024-06-12 00:00:00+00:00
[2024-06-11T17:35:44.154+0000] {processor.py:183} INFO - Processing /opt/airflow/dags/create_postgres_table_dag.py took 0.105 seconds
[2024-06-11T17:36:14.296+0000] {processor.py:161} INFO - Started process (PID=591) to work on /opt/airflow/dags/create_postgres_table_dag.py
[2024-06-11T17:36:14.298+0000] {processor.py:830} INFO - Processing file /opt/airflow/dags/create_postgres_table_dag.py for tasks to queue
[2024-06-11T17:36:14.300+0000] {logging_mixin.py:188} INFO - [2024-06-11T17:36:14.299+0000] {dagbag.py:545} INFO - Filling up the DagBag from /opt/airflow/dags/create_postgres_table_dag.py
[2024-06-11T17:36:14.334+0000] {processor.py:840} INFO - DAG(s) 'create_postgres_table_dag' retrieved from /opt/airflow/dags/create_postgres_table_dag.py
[2024-06-11T17:36:14.356+0000] {logging_mixin.py:188} INFO - [2024-06-11T17:36:14.356+0000] {dag.py:3096} INFO - Sync 1 DAGs
[2024-06-11T17:36:14.377+0000] {logging_mixin.py:188} INFO - [2024-06-11T17:36:14.377+0000] {dag.py:3954} INFO - Setting next_dagrun for create_postgres_table_dag to 2024-06-11 00:00:00+00:00, run_after=2024-06-12 00:00:00+00:00
[2024-06-11T17:36:14.393+0000] {processor.py:183} INFO - Processing /opt/airflow/dags/create_postgres_table_dag.py took 0.113 seconds
[2024-06-11T17:36:44.619+0000] {processor.py:161} INFO - Started process (PID=599) to work on /opt/airflow/dags/create_postgres_table_dag.py
[2024-06-11T17:36:44.621+0000] {processor.py:830} INFO - Processing file /opt/airflow/dags/create_postgres_table_dag.py for tasks to queue
[2024-06-11T17:36:44.621+0000] {logging_mixin.py:188} INFO - [2024-06-11T17:36:44.621+0000] {dagbag.py:545} INFO - Filling up the DagBag from /opt/airflow/dags/create_postgres_table_dag.py
[2024-06-11T17:36:44.644+0000] {processor.py:840} INFO - DAG(s) 'create_postgres_table_dag' retrieved from /opt/airflow/dags/create_postgres_table_dag.py
[2024-06-11T17:36:44.664+0000] {logging_mixin.py:188} INFO - [2024-06-11T17:36:44.664+0000] {dag.py:3096} INFO - Sync 1 DAGs
[2024-06-11T17:36:44.683+0000] {logging_mixin.py:188} INFO - [2024-06-11T17:36:44.683+0000] {dag.py:3954} INFO - Setting next_dagrun for create_postgres_table_dag to 2024-06-11 00:00:00+00:00, run_after=2024-06-12 00:00:00+00:00
[2024-06-11T17:36:44.699+0000] {processor.py:183} INFO - Processing /opt/airflow/dags/create_postgres_table_dag.py took 0.085 seconds
[2024-06-11T17:37:14.956+0000] {processor.py:161} INFO - Started process (PID=607) to work on /opt/airflow/dags/create_postgres_table_dag.py
[2024-06-11T17:37:14.960+0000] {processor.py:830} INFO - Processing file /opt/airflow/dags/create_postgres_table_dag.py for tasks to queue
[2024-06-11T17:37:14.962+0000] {logging_mixin.py:188} INFO - [2024-06-11T17:37:14.961+0000] {dagbag.py:545} INFO - Filling up the DagBag from /opt/airflow/dags/create_postgres_table_dag.py
[2024-06-11T17:37:14.988+0000] {processor.py:840} INFO - DAG(s) 'create_postgres_table_dag' retrieved from /opt/airflow/dags/create_postgres_table_dag.py
[2024-06-11T17:37:15.011+0000] {logging_mixin.py:188} INFO - [2024-06-11T17:37:15.011+0000] {dag.py:3096} INFO - Sync 1 DAGs
[2024-06-11T17:37:15.030+0000] {logging_mixin.py:188} INFO - [2024-06-11T17:37:15.030+0000] {dag.py:3954} INFO - Setting next_dagrun for create_postgres_table_dag to 2024-06-11 00:00:00+00:00, run_after=2024-06-12 00:00:00+00:00
[2024-06-11T17:37:15.046+0000] {processor.py:183} INFO - Processing /opt/airflow/dags/create_postgres_table_dag.py took 0.104 seconds
[2024-06-11T17:37:45.247+0000] {processor.py:161} INFO - Started process (PID=615) to work on /opt/airflow/dags/create_postgres_table_dag.py
[2024-06-11T17:37:45.249+0000] {processor.py:830} INFO - Processing file /opt/airflow/dags/create_postgres_table_dag.py for tasks to queue
[2024-06-11T17:37:45.252+0000] {logging_mixin.py:188} INFO - [2024-06-11T17:37:45.251+0000] {dagbag.py:545} INFO - Filling up the DagBag from /opt/airflow/dags/create_postgres_table_dag.py
[2024-06-11T17:37:45.287+0000] {processor.py:840} INFO - DAG(s) 'create_postgres_table_dag' retrieved from /opt/airflow/dags/create_postgres_table_dag.py
[2024-06-11T17:37:45.311+0000] {logging_mixin.py:188} INFO - [2024-06-11T17:37:45.311+0000] {dag.py:3096} INFO - Sync 1 DAGs
[2024-06-11T17:37:45.332+0000] {logging_mixin.py:188} INFO - [2024-06-11T17:37:45.332+0000] {dag.py:3954} INFO - Setting next_dagrun for create_postgres_table_dag to 2024-06-11 00:00:00+00:00, run_after=2024-06-12 00:00:00+00:00
[2024-06-11T17:37:45.348+0000] {processor.py:183} INFO - Processing /opt/airflow/dags/create_postgres_table_dag.py took 0.117 seconds
[2024-06-11T17:38:15.567+0000] {processor.py:161} INFO - Started process (PID=623) to work on /opt/airflow/dags/create_postgres_table_dag.py
[2024-06-11T17:38:15.572+0000] {processor.py:830} INFO - Processing file /opt/airflow/dags/create_postgres_table_dag.py for tasks to queue
[2024-06-11T17:38:15.575+0000] {logging_mixin.py:188} INFO - [2024-06-11T17:38:15.573+0000] {dagbag.py:545} INFO - Filling up the DagBag from /opt/airflow/dags/create_postgres_table_dag.py
[2024-06-11T17:38:15.619+0000] {processor.py:840} INFO - DAG(s) 'create_postgres_table_dag' retrieved from /opt/airflow/dags/create_postgres_table_dag.py
[2024-06-11T17:38:15.643+0000] {logging_mixin.py:188} INFO - [2024-06-11T17:38:15.643+0000] {dag.py:3096} INFO - Sync 1 DAGs
[2024-06-11T17:38:15.664+0000] {logging_mixin.py:188} INFO - [2024-06-11T17:38:15.663+0000] {dag.py:3954} INFO - Setting next_dagrun for create_postgres_table_dag to 2024-06-11 00:00:00+00:00, run_after=2024-06-12 00:00:00+00:00
[2024-06-11T17:38:15.680+0000] {processor.py:183} INFO - Processing /opt/airflow/dags/create_postgres_table_dag.py took 0.119 seconds
[2024-06-11T17:38:45.927+0000] {processor.py:161} INFO - Started process (PID=631) to work on /opt/airflow/dags/create_postgres_table_dag.py
[2024-06-11T17:38:45.929+0000] {processor.py:830} INFO - Processing file /opt/airflow/dags/create_postgres_table_dag.py for tasks to queue
[2024-06-11T17:38:45.931+0000] {logging_mixin.py:188} INFO - [2024-06-11T17:38:45.930+0000] {dagbag.py:545} INFO - Filling up the DagBag from /opt/airflow/dags/create_postgres_table_dag.py
[2024-06-11T17:38:45.961+0000] {processor.py:840} INFO - DAG(s) 'create_postgres_table_dag' retrieved from /opt/airflow/dags/create_postgres_table_dag.py
[2024-06-11T17:38:45.984+0000] {logging_mixin.py:188} INFO - [2024-06-11T17:38:45.984+0000] {dag.py:3096} INFO - Sync 1 DAGs
[2024-06-11T17:38:46.003+0000] {logging_mixin.py:188} INFO - [2024-06-11T17:38:46.002+0000] {dag.py:3954} INFO - Setting next_dagrun for create_postgres_table_dag to 2024-06-11 00:00:00+00:00, run_after=2024-06-12 00:00:00+00:00
[2024-06-11T17:38:46.018+0000] {processor.py:183} INFO - Processing /opt/airflow/dags/create_postgres_table_dag.py took 0.111 seconds
[2024-06-11T17:39:16.190+0000] {processor.py:161} INFO - Started process (PID=639) to work on /opt/airflow/dags/create_postgres_table_dag.py
[2024-06-11T17:39:16.195+0000] {processor.py:830} INFO - Processing file /opt/airflow/dags/create_postgres_table_dag.py for tasks to queue
[2024-06-11T17:39:16.198+0000] {logging_mixin.py:188} INFO - [2024-06-11T17:39:16.197+0000] {dagbag.py:545} INFO - Filling up the DagBag from /opt/airflow/dags/create_postgres_table_dag.py
[2024-06-11T17:39:16.241+0000] {processor.py:840} INFO - DAG(s) 'create_postgres_table_dag' retrieved from /opt/airflow/dags/create_postgres_table_dag.py
[2024-06-11T17:39:16.264+0000] {logging_mixin.py:188} INFO - [2024-06-11T17:39:16.264+0000] {dag.py:3096} INFO - Sync 1 DAGs
[2024-06-11T17:39:16.284+0000] {logging_mixin.py:188} INFO - [2024-06-11T17:39:16.284+0000] {dag.py:3954} INFO - Setting next_dagrun for create_postgres_table_dag to 2024-06-11 00:00:00+00:00, run_after=2024-06-12 00:00:00+00:00
[2024-06-11T17:39:16.309+0000] {processor.py:183} INFO - Processing /opt/airflow/dags/create_postgres_table_dag.py took 0.125 seconds
[2024-06-11T17:39:46.405+0000] {processor.py:161} INFO - Started process (PID=646) to work on /opt/airflow/dags/create_postgres_table_dag.py
[2024-06-11T17:39:46.409+0000] {processor.py:830} INFO - Processing file /opt/airflow/dags/create_postgres_table_dag.py for tasks to queue
[2024-06-11T17:39:46.412+0000] {logging_mixin.py:188} INFO - [2024-06-11T17:39:46.411+0000] {dagbag.py:545} INFO - Filling up the DagBag from /opt/airflow/dags/create_postgres_table_dag.py
[2024-06-11T17:39:46.455+0000] {processor.py:840} INFO - DAG(s) 'create_postgres_table_dag' retrieved from /opt/airflow/dags/create_postgres_table_dag.py
[2024-06-11T17:39:46.478+0000] {logging_mixin.py:188} INFO - [2024-06-11T17:39:46.478+0000] {dag.py:3096} INFO - Sync 1 DAGs
[2024-06-11T17:39:46.499+0000] {logging_mixin.py:188} INFO - [2024-06-11T17:39:46.499+0000] {dag.py:3954} INFO - Setting next_dagrun for create_postgres_table_dag to 2024-06-11 00:00:00+00:00, run_after=2024-06-12 00:00:00+00:00
[2024-06-11T17:39:46.518+0000] {processor.py:183} INFO - Processing /opt/airflow/dags/create_postgres_table_dag.py took 0.120 seconds
[2024-06-11T17:40:16.731+0000] {processor.py:161} INFO - Started process (PID=654) to work on /opt/airflow/dags/create_postgres_table_dag.py
[2024-06-11T17:40:16.735+0000] {processor.py:830} INFO - Processing file /opt/airflow/dags/create_postgres_table_dag.py for tasks to queue
[2024-06-11T17:40:16.736+0000] {logging_mixin.py:188} INFO - [2024-06-11T17:40:16.735+0000] {dagbag.py:545} INFO - Filling up the DagBag from /opt/airflow/dags/create_postgres_table_dag.py
[2024-06-11T17:40:16.766+0000] {processor.py:840} INFO - DAG(s) 'create_postgres_table_dag' retrieved from /opt/airflow/dags/create_postgres_table_dag.py
[2024-06-11T17:40:16.789+0000] {logging_mixin.py:188} INFO - [2024-06-11T17:40:16.788+0000] {dag.py:3096} INFO - Sync 1 DAGs
[2024-06-11T17:40:16.811+0000] {logging_mixin.py:188} INFO - [2024-06-11T17:40:16.810+0000] {dag.py:3954} INFO - Setting next_dagrun for create_postgres_table_dag to 2024-06-11 00:00:00+00:00, run_after=2024-06-12 00:00:00+00:00
[2024-06-11T17:40:16.826+0000] {processor.py:183} INFO - Processing /opt/airflow/dags/create_postgres_table_dag.py took 0.103 seconds
[2024-06-11T17:40:47.025+0000] {processor.py:161} INFO - Started process (PID=662) to work on /opt/airflow/dags/create_postgres_table_dag.py
[2024-06-11T17:40:47.029+0000] {processor.py:830} INFO - Processing file /opt/airflow/dags/create_postgres_table_dag.py for tasks to queue
[2024-06-11T17:40:47.031+0000] {logging_mixin.py:188} INFO - [2024-06-11T17:40:47.030+0000] {dagbag.py:545} INFO - Filling up the DagBag from /opt/airflow/dags/create_postgres_table_dag.py
[2024-06-11T17:40:47.057+0000] {processor.py:840} INFO - DAG(s) 'create_postgres_table_dag' retrieved from /opt/airflow/dags/create_postgres_table_dag.py
[2024-06-11T17:40:47.080+0000] {logging_mixin.py:188} INFO - [2024-06-11T17:40:47.080+0000] {dag.py:3096} INFO - Sync 1 DAGs
[2024-06-11T17:40:47.099+0000] {logging_mixin.py:188} INFO - [2024-06-11T17:40:47.099+0000] {dag.py:3954} INFO - Setting next_dagrun for create_postgres_table_dag to 2024-06-11 00:00:00+00:00, run_after=2024-06-12 00:00:00+00:00
[2024-06-11T17:40:47.114+0000] {processor.py:183} INFO - Processing /opt/airflow/dags/create_postgres_table_dag.py took 0.095 seconds
[2024-06-11T17:41:17.418+0000] {processor.py:161} INFO - Started process (PID=674) to work on /opt/airflow/dags/create_postgres_table_dag.py
[2024-06-11T17:41:17.423+0000] {processor.py:830} INFO - Processing file /opt/airflow/dags/create_postgres_table_dag.py for tasks to queue
[2024-06-11T17:41:17.425+0000] {logging_mixin.py:188} INFO - [2024-06-11T17:41:17.424+0000] {dagbag.py:545} INFO - Filling up the DagBag from /opt/airflow/dags/create_postgres_table_dag.py
[2024-06-11T17:41:17.532+0000] {processor.py:840} INFO - DAG(s) 'create_postgres_table_dag' retrieved from /opt/airflow/dags/create_postgres_table_dag.py
[2024-06-11T17:41:17.605+0000] {logging_mixin.py:188} INFO - [2024-06-11T17:41:17.604+0000] {dag.py:3096} INFO - Sync 1 DAGs
[2024-06-11T17:41:17.681+0000] {logging_mixin.py:188} INFO - [2024-06-11T17:41:17.680+0000] {dag.py:3954} INFO - Setting next_dagrun for create_postgres_table_dag to 2024-06-11 00:00:00+00:00, run_after=2024-06-12 00:00:00+00:00
[2024-06-11T17:41:17.727+0000] {processor.py:183} INFO - Processing /opt/airflow/dags/create_postgres_table_dag.py took 0.345 seconds
[2024-06-11T17:41:47.854+0000] {processor.py:161} INFO - Started process (PID=682) to work on /opt/airflow/dags/create_postgres_table_dag.py
[2024-06-11T17:41:47.858+0000] {processor.py:830} INFO - Processing file /opt/airflow/dags/create_postgres_table_dag.py for tasks to queue
[2024-06-11T17:41:47.860+0000] {logging_mixin.py:188} INFO - [2024-06-11T17:41:47.859+0000] {dagbag.py:545} INFO - Filling up the DagBag from /opt/airflow/dags/create_postgres_table_dag.py
[2024-06-11T17:41:47.890+0000] {processor.py:840} INFO - DAG(s) 'create_postgres_table_dag' retrieved from /opt/airflow/dags/create_postgres_table_dag.py
[2024-06-11T17:41:47.914+0000] {logging_mixin.py:188} INFO - [2024-06-11T17:41:47.914+0000] {dag.py:3096} INFO - Sync 1 DAGs
[2024-06-11T17:41:47.938+0000] {logging_mixin.py:188} INFO - [2024-06-11T17:41:47.937+0000] {dag.py:3954} INFO - Setting next_dagrun for create_postgres_table_dag to 2024-06-11 00:00:00+00:00, run_after=2024-06-12 00:00:00+00:00
[2024-06-11T17:41:47.958+0000] {processor.py:183} INFO - Processing /opt/airflow/dags/create_postgres_table_dag.py took 0.123 seconds
[2024-06-11T17:42:18.012+0000] {processor.py:161} INFO - Started process (PID=693) to work on /opt/airflow/dags/create_postgres_table_dag.py
[2024-06-11T17:42:18.013+0000] {processor.py:830} INFO - Processing file /opt/airflow/dags/create_postgres_table_dag.py for tasks to queue
[2024-06-11T17:42:18.014+0000] {logging_mixin.py:188} INFO - [2024-06-11T17:42:18.014+0000] {dagbag.py:545} INFO - Filling up the DagBag from /opt/airflow/dags/create_postgres_table_dag.py
[2024-06-11T17:42:18.041+0000] {processor.py:840} INFO - DAG(s) 'create_postgres_table_dag' retrieved from /opt/airflow/dags/create_postgres_table_dag.py
[2024-06-11T17:42:18.069+0000] {logging_mixin.py:188} INFO - [2024-06-11T17:42:18.069+0000] {dag.py:3096} INFO - Sync 1 DAGs
[2024-06-11T17:42:18.094+0000] {logging_mixin.py:188} INFO - [2024-06-11T17:42:18.094+0000] {dag.py:3954} INFO - Setting next_dagrun for create_postgres_table_dag to 2024-06-11 00:00:00+00:00, run_after=2024-06-12 00:00:00+00:00
[2024-06-11T17:42:18.116+0000] {processor.py:183} INFO - Processing /opt/airflow/dags/create_postgres_table_dag.py took 0.110 seconds
[2024-06-11T17:42:48.299+0000] {processor.py:161} INFO - Started process (PID=700) to work on /opt/airflow/dags/create_postgres_table_dag.py
[2024-06-11T17:42:48.304+0000] {processor.py:830} INFO - Processing file /opt/airflow/dags/create_postgres_table_dag.py for tasks to queue
[2024-06-11T17:42:48.305+0000] {logging_mixin.py:188} INFO - [2024-06-11T17:42:48.305+0000] {dagbag.py:545} INFO - Filling up the DagBag from /opt/airflow/dags/create_postgres_table_dag.py
[2024-06-11T17:42:48.339+0000] {processor.py:840} INFO - DAG(s) 'create_postgres_table_dag' retrieved from /opt/airflow/dags/create_postgres_table_dag.py
[2024-06-11T17:42:48.366+0000] {logging_mixin.py:188} INFO - [2024-06-11T17:42:48.366+0000] {dag.py:3096} INFO - Sync 1 DAGs
[2024-06-11T17:42:48.389+0000] {logging_mixin.py:188} INFO - [2024-06-11T17:42:48.389+0000] {dag.py:3954} INFO - Setting next_dagrun for create_postgres_table_dag to 2024-06-11 00:00:00+00:00, run_after=2024-06-12 00:00:00+00:00
[2024-06-11T17:42:48.409+0000] {processor.py:183} INFO - Processing /opt/airflow/dags/create_postgres_table_dag.py took 0.120 seconds
[2024-06-11T17:43:18.507+0000] {processor.py:161} INFO - Started process (PID=707) to work on /opt/airflow/dags/create_postgres_table_dag.py
[2024-06-11T17:43:18.511+0000] {processor.py:830} INFO - Processing file /opt/airflow/dags/create_postgres_table_dag.py for tasks to queue
[2024-06-11T17:43:18.512+0000] {logging_mixin.py:188} INFO - [2024-06-11T17:43:18.512+0000] {dagbag.py:545} INFO - Filling up the DagBag from /opt/airflow/dags/create_postgres_table_dag.py
[2024-06-11T17:43:18.532+0000] {processor.py:840} INFO - DAG(s) 'create_postgres_table_dag' retrieved from /opt/airflow/dags/create_postgres_table_dag.py
[2024-06-11T17:43:18.552+0000] {logging_mixin.py:188} INFO - [2024-06-11T17:43:18.552+0000] {dag.py:3096} INFO - Sync 1 DAGs
[2024-06-11T17:43:18.571+0000] {logging_mixin.py:188} INFO - [2024-06-11T17:43:18.571+0000] {dag.py:3954} INFO - Setting next_dagrun for create_postgres_table_dag to 2024-06-11 00:00:00+00:00, run_after=2024-06-12 00:00:00+00:00
[2024-06-11T17:43:18.585+0000] {processor.py:183} INFO - Processing /opt/airflow/dags/create_postgres_table_dag.py took 0.082 seconds
[2024-06-11T17:43:48.844+0000] {processor.py:161} INFO - Started process (PID=713) to work on /opt/airflow/dags/create_postgres_table_dag.py
[2024-06-11T17:43:48.848+0000] {processor.py:830} INFO - Processing file /opt/airflow/dags/create_postgres_table_dag.py for tasks to queue
[2024-06-11T17:43:48.850+0000] {logging_mixin.py:188} INFO - [2024-06-11T17:43:48.849+0000] {dagbag.py:545} INFO - Filling up the DagBag from /opt/airflow/dags/create_postgres_table_dag.py
[2024-06-11T17:43:48.883+0000] {processor.py:840} INFO - DAG(s) 'create_postgres_table_dag' retrieved from /opt/airflow/dags/create_postgres_table_dag.py
[2024-06-11T17:43:48.910+0000] {logging_mixin.py:188} INFO - [2024-06-11T17:43:48.910+0000] {dag.py:3096} INFO - Sync 1 DAGs
[2024-06-11T17:43:48.937+0000] {logging_mixin.py:188} INFO - [2024-06-11T17:43:48.936+0000] {dag.py:3954} INFO - Setting next_dagrun for create_postgres_table_dag to 2024-06-11 00:00:00+00:00, run_after=2024-06-12 00:00:00+00:00
[2024-06-11T17:43:48.956+0000] {processor.py:183} INFO - Processing /opt/airflow/dags/create_postgres_table_dag.py took 0.126 seconds
[2024-06-11T17:44:19.019+0000] {processor.py:161} INFO - Started process (PID=721) to work on /opt/airflow/dags/create_postgres_table_dag.py
[2024-06-11T17:44:19.022+0000] {processor.py:830} INFO - Processing file /opt/airflow/dags/create_postgres_table_dag.py for tasks to queue
[2024-06-11T17:44:19.023+0000] {logging_mixin.py:188} INFO - [2024-06-11T17:44:19.023+0000] {dagbag.py:545} INFO - Filling up the DagBag from /opt/airflow/dags/create_postgres_table_dag.py
[2024-06-11T17:44:19.049+0000] {processor.py:840} INFO - DAG(s) 'create_postgres_table_dag' retrieved from /opt/airflow/dags/create_postgres_table_dag.py
[2024-06-11T17:44:19.077+0000] {logging_mixin.py:188} INFO - [2024-06-11T17:44:19.076+0000] {dag.py:3096} INFO - Sync 1 DAGs
[2024-06-11T17:44:19.099+0000] {logging_mixin.py:188} INFO - [2024-06-11T17:44:19.099+0000] {dag.py:3954} INFO - Setting next_dagrun for create_postgres_table_dag to 2024-06-11 00:00:00+00:00, run_after=2024-06-12 00:00:00+00:00
[2024-06-11T17:44:19.117+0000] {processor.py:183} INFO - Processing /opt/airflow/dags/create_postgres_table_dag.py took 0.103 seconds
[2024-06-11T17:44:49.235+0000] {processor.py:161} INFO - Started process (PID=728) to work on /opt/airflow/dags/create_postgres_table_dag.py
[2024-06-11T17:44:49.236+0000] {processor.py:830} INFO - Processing file /opt/airflow/dags/create_postgres_table_dag.py for tasks to queue
[2024-06-11T17:44:49.237+0000] {logging_mixin.py:188} INFO - [2024-06-11T17:44:49.237+0000] {dagbag.py:545} INFO - Filling up the DagBag from /opt/airflow/dags/create_postgres_table_dag.py
[2024-06-11T17:44:49.266+0000] {processor.py:840} INFO - DAG(s) 'create_postgres_table_dag' retrieved from /opt/airflow/dags/create_postgres_table_dag.py
[2024-06-11T17:44:49.293+0000] {logging_mixin.py:188} INFO - [2024-06-11T17:44:49.293+0000] {dag.py:3096} INFO - Sync 1 DAGs
[2024-06-11T17:44:49.319+0000] {logging_mixin.py:188} INFO - [2024-06-11T17:44:49.319+0000] {dag.py:3954} INFO - Setting next_dagrun for create_postgres_table_dag to 2024-06-11 00:00:00+00:00, run_after=2024-06-12 00:00:00+00:00
[2024-06-11T17:44:49.338+0000] {processor.py:183} INFO - Processing /opt/airflow/dags/create_postgres_table_dag.py took 0.109 seconds
[2024-06-11T17:45:19.523+0000] {processor.py:161} INFO - Started process (PID=735) to work on /opt/airflow/dags/create_postgres_table_dag.py
[2024-06-11T17:45:19.529+0000] {processor.py:830} INFO - Processing file /opt/airflow/dags/create_postgres_table_dag.py for tasks to queue
[2024-06-11T17:45:19.530+0000] {logging_mixin.py:188} INFO - [2024-06-11T17:45:19.530+0000] {dagbag.py:545} INFO - Filling up the DagBag from /opt/airflow/dags/create_postgres_table_dag.py
[2024-06-11T17:45:19.563+0000] {processor.py:840} INFO - DAG(s) 'create_postgres_table_dag' retrieved from /opt/airflow/dags/create_postgres_table_dag.py
[2024-06-11T17:45:19.590+0000] {logging_mixin.py:188} INFO - [2024-06-11T17:45:19.589+0000] {dag.py:3096} INFO - Sync 1 DAGs
[2024-06-11T17:45:19.615+0000] {logging_mixin.py:188} INFO - [2024-06-11T17:45:19.615+0000] {dag.py:3954} INFO - Setting next_dagrun for create_postgres_table_dag to 2024-06-11 00:00:00+00:00, run_after=2024-06-12 00:00:00+00:00
[2024-06-11T17:45:19.634+0000] {processor.py:183} INFO - Processing /opt/airflow/dags/create_postgres_table_dag.py took 0.128 seconds
[2024-06-11T17:45:49.749+0000] {processor.py:161} INFO - Started process (PID=742) to work on /opt/airflow/dags/create_postgres_table_dag.py
[2024-06-11T17:45:49.751+0000] {processor.py:830} INFO - Processing file /opt/airflow/dags/create_postgres_table_dag.py for tasks to queue
[2024-06-11T17:45:49.752+0000] {logging_mixin.py:188} INFO - [2024-06-11T17:45:49.752+0000] {dagbag.py:545} INFO - Filling up the DagBag from /opt/airflow/dags/create_postgres_table_dag.py
[2024-06-11T17:45:49.786+0000] {processor.py:840} INFO - DAG(s) 'create_postgres_table_dag' retrieved from /opt/airflow/dags/create_postgres_table_dag.py
[2024-06-11T17:45:49.814+0000] {logging_mixin.py:188} INFO - [2024-06-11T17:45:49.814+0000] {dag.py:3096} INFO - Sync 1 DAGs
[2024-06-11T17:45:49.839+0000] {logging_mixin.py:188} INFO - [2024-06-11T17:45:49.839+0000] {dag.py:3954} INFO - Setting next_dagrun for create_postgres_table_dag to 2024-06-11 00:00:00+00:00, run_after=2024-06-12 00:00:00+00:00
[2024-06-11T17:45:49.862+0000] {processor.py:183} INFO - Processing /opt/airflow/dags/create_postgres_table_dag.py took 0.131 seconds
[2024-06-11T17:46:20.038+0000] {processor.py:161} INFO - Started process (PID=750) to work on /opt/airflow/dags/create_postgres_table_dag.py
[2024-06-11T17:46:20.039+0000] {processor.py:830} INFO - Processing file /opt/airflow/dags/create_postgres_table_dag.py for tasks to queue
[2024-06-11T17:46:20.040+0000] {logging_mixin.py:188} INFO - [2024-06-11T17:46:20.039+0000] {dagbag.py:545} INFO - Filling up the DagBag from /opt/airflow/dags/create_postgres_table_dag.py
[2024-06-11T17:46:20.060+0000] {processor.py:840} INFO - DAG(s) 'create_postgres_table_dag' retrieved from /opt/airflow/dags/create_postgres_table_dag.py
[2024-06-11T17:46:20.079+0000] {logging_mixin.py:188} INFO - [2024-06-11T17:46:20.079+0000] {dag.py:3096} INFO - Sync 1 DAGs
[2024-06-11T17:46:20.099+0000] {logging_mixin.py:188} INFO - [2024-06-11T17:46:20.099+0000] {dag.py:3954} INFO - Setting next_dagrun for create_postgres_table_dag to 2024-06-11 00:00:00+00:00, run_after=2024-06-12 00:00:00+00:00
[2024-06-11T17:46:20.114+0000] {processor.py:183} INFO - Processing /opt/airflow/dags/create_postgres_table_dag.py took 0.080 seconds
[2024-06-11T17:46:50.341+0000] {processor.py:161} INFO - Started process (PID=758) to work on /opt/airflow/dags/create_postgres_table_dag.py
[2024-06-11T17:46:50.344+0000] {processor.py:830} INFO - Processing file /opt/airflow/dags/create_postgres_table_dag.py for tasks to queue
[2024-06-11T17:46:50.348+0000] {logging_mixin.py:188} INFO - [2024-06-11T17:46:50.347+0000] {dagbag.py:545} INFO - Filling up the DagBag from /opt/airflow/dags/create_postgres_table_dag.py
[2024-06-11T17:46:50.379+0000] {processor.py:840} INFO - DAG(s) 'create_postgres_table_dag' retrieved from /opt/airflow/dags/create_postgres_table_dag.py
[2024-06-11T17:46:50.403+0000] {logging_mixin.py:188} INFO - [2024-06-11T17:46:50.403+0000] {dag.py:3096} INFO - Sync 1 DAGs
[2024-06-11T17:46:50.425+0000] {logging_mixin.py:188} INFO - [2024-06-11T17:46:50.425+0000] {dag.py:3954} INFO - Setting next_dagrun for create_postgres_table_dag to 2024-06-11 00:00:00+00:00, run_after=2024-06-12 00:00:00+00:00
[2024-06-11T17:46:50.440+0000] {processor.py:183} INFO - Processing /opt/airflow/dags/create_postgres_table_dag.py took 0.115 seconds
[2024-06-11T17:47:20.664+0000] {processor.py:161} INFO - Started process (PID=766) to work on /opt/airflow/dags/create_postgres_table_dag.py
[2024-06-11T17:47:20.668+0000] {processor.py:830} INFO - Processing file /opt/airflow/dags/create_postgres_table_dag.py for tasks to queue
[2024-06-11T17:47:20.668+0000] {logging_mixin.py:188} INFO - [2024-06-11T17:47:20.668+0000] {dagbag.py:545} INFO - Filling up the DagBag from /opt/airflow/dags/create_postgres_table_dag.py
[2024-06-11T17:47:20.690+0000] {processor.py:840} INFO - DAG(s) 'create_postgres_table_dag' retrieved from /opt/airflow/dags/create_postgres_table_dag.py
[2024-06-11T17:47:20.710+0000] {logging_mixin.py:188} INFO - [2024-06-11T17:47:20.709+0000] {dag.py:3096} INFO - Sync 1 DAGs
[2024-06-11T17:47:20.728+0000] {logging_mixin.py:188} INFO - [2024-06-11T17:47:20.727+0000] {dag.py:3954} INFO - Setting next_dagrun for create_postgres_table_dag to 2024-06-11 00:00:00+00:00, run_after=2024-06-12 00:00:00+00:00
[2024-06-11T17:47:20.742+0000] {processor.py:183} INFO - Processing /opt/airflow/dags/create_postgres_table_dag.py took 0.083 seconds
[2024-06-11T17:47:50.970+0000] {processor.py:161} INFO - Started process (PID=774) to work on /opt/airflow/dags/create_postgres_table_dag.py
[2024-06-11T17:47:50.972+0000] {processor.py:830} INFO - Processing file /opt/airflow/dags/create_postgres_table_dag.py for tasks to queue
[2024-06-11T17:47:50.973+0000] {logging_mixin.py:188} INFO - [2024-06-11T17:47:50.973+0000] {dagbag.py:545} INFO - Filling up the DagBag from /opt/airflow/dags/create_postgres_table_dag.py
[2024-06-11T17:47:51.001+0000] {processor.py:840} INFO - DAG(s) 'create_postgres_table_dag' retrieved from /opt/airflow/dags/create_postgres_table_dag.py
[2024-06-11T17:47:51.023+0000] {logging_mixin.py:188} INFO - [2024-06-11T17:47:51.022+0000] {dag.py:3096} INFO - Sync 1 DAGs
[2024-06-11T17:47:51.042+0000] {logging_mixin.py:188} INFO - [2024-06-11T17:47:51.042+0000] {dag.py:3954} INFO - Setting next_dagrun for create_postgres_table_dag to 2024-06-11 00:00:00+00:00, run_after=2024-06-12 00:00:00+00:00
[2024-06-11T17:47:51.057+0000] {processor.py:183} INFO - Processing /opt/airflow/dags/create_postgres_table_dag.py took 0.102 seconds
[2024-06-11T17:48:21.088+0000] {processor.py:161} INFO - Started process (PID=783) to work on /opt/airflow/dags/create_postgres_table_dag.py
[2024-06-11T17:48:21.093+0000] {processor.py:830} INFO - Processing file /opt/airflow/dags/create_postgres_table_dag.py for tasks to queue
[2024-06-11T17:48:21.096+0000] {logging_mixin.py:188} INFO - [2024-06-11T17:48:21.095+0000] {dagbag.py:545} INFO - Filling up the DagBag from /opt/airflow/dags/create_postgres_table_dag.py
[2024-06-11T17:48:21.143+0000] {processor.py:840} INFO - DAG(s) 'create_postgres_table_dag' retrieved from /opt/airflow/dags/create_postgres_table_dag.py
[2024-06-11T17:48:21.169+0000] {logging_mixin.py:188} INFO - [2024-06-11T17:48:21.169+0000] {dag.py:3096} INFO - Sync 1 DAGs
[2024-06-11T17:48:21.192+0000] {logging_mixin.py:188} INFO - [2024-06-11T17:48:21.192+0000] {dag.py:3954} INFO - Setting next_dagrun for create_postgres_table_dag to 2024-06-11 00:00:00+00:00, run_after=2024-06-12 00:00:00+00:00
[2024-06-11T17:48:21.207+0000] {processor.py:183} INFO - Processing /opt/airflow/dags/create_postgres_table_dag.py took 0.124 seconds
[2024-06-11T17:48:51.442+0000] {processor.py:161} INFO - Started process (PID=791) to work on /opt/airflow/dags/create_postgres_table_dag.py
[2024-06-11T17:48:51.447+0000] {processor.py:830} INFO - Processing file /opt/airflow/dags/create_postgres_table_dag.py for tasks to queue
[2024-06-11T17:48:51.451+0000] {logging_mixin.py:188} INFO - [2024-06-11T17:48:51.449+0000] {dagbag.py:545} INFO - Filling up the DagBag from /opt/airflow/dags/create_postgres_table_dag.py
[2024-06-11T17:48:51.483+0000] {processor.py:840} INFO - DAG(s) 'create_postgres_table_dag' retrieved from /opt/airflow/dags/create_postgres_table_dag.py
[2024-06-11T17:48:51.506+0000] {logging_mixin.py:188} INFO - [2024-06-11T17:48:51.506+0000] {dag.py:3096} INFO - Sync 1 DAGs
[2024-06-11T17:48:51.529+0000] {logging_mixin.py:188} INFO - [2024-06-11T17:48:51.529+0000] {dag.py:3954} INFO - Setting next_dagrun for create_postgres_table_dag to 2024-06-11 00:00:00+00:00, run_after=2024-06-12 00:00:00+00:00
[2024-06-11T17:48:51.545+0000] {processor.py:183} INFO - Processing /opt/airflow/dags/create_postgres_table_dag.py took 0.120 seconds
[2024-06-11T17:49:21.791+0000] {processor.py:161} INFO - Started process (PID=800) to work on /opt/airflow/dags/create_postgres_table_dag.py
[2024-06-11T17:49:21.796+0000] {processor.py:830} INFO - Processing file /opt/airflow/dags/create_postgres_table_dag.py for tasks to queue
[2024-06-11T17:49:21.798+0000] {logging_mixin.py:188} INFO - [2024-06-11T17:49:21.797+0000] {dagbag.py:545} INFO - Filling up the DagBag from /opt/airflow/dags/create_postgres_table_dag.py
[2024-06-11T17:49:21.846+0000] {processor.py:840} INFO - DAG(s) 'create_postgres_table_dag' retrieved from /opt/airflow/dags/create_postgres_table_dag.py
[2024-06-11T17:49:21.867+0000] {logging_mixin.py:188} INFO - [2024-06-11T17:49:21.867+0000] {dag.py:3096} INFO - Sync 1 DAGs
[2024-06-11T17:49:21.888+0000] {logging_mixin.py:188} INFO - [2024-06-11T17:49:21.888+0000] {dag.py:3954} INFO - Setting next_dagrun for create_postgres_table_dag to 2024-06-11 00:00:00+00:00, run_after=2024-06-12 00:00:00+00:00
[2024-06-11T17:49:21.902+0000] {processor.py:183} INFO - Processing /opt/airflow/dags/create_postgres_table_dag.py took 0.128 seconds
[2024-06-11T17:49:52.114+0000] {processor.py:161} INFO - Started process (PID=808) to work on /opt/airflow/dags/create_postgres_table_dag.py
[2024-06-11T17:49:52.116+0000] {processor.py:830} INFO - Processing file /opt/airflow/dags/create_postgres_table_dag.py for tasks to queue
[2024-06-11T17:49:52.117+0000] {logging_mixin.py:188} INFO - [2024-06-11T17:49:52.117+0000] {dagbag.py:545} INFO - Filling up the DagBag from /opt/airflow/dags/create_postgres_table_dag.py
[2024-06-11T17:49:52.149+0000] {processor.py:840} INFO - DAG(s) 'create_postgres_table_dag' retrieved from /opt/airflow/dags/create_postgres_table_dag.py
[2024-06-11T17:49:52.180+0000] {logging_mixin.py:188} INFO - [2024-06-11T17:49:52.179+0000] {dag.py:3096} INFO - Sync 1 DAGs
[2024-06-11T17:49:52.215+0000] {logging_mixin.py:188} INFO - [2024-06-11T17:49:52.215+0000] {dag.py:3954} INFO - Setting next_dagrun for create_postgres_table_dag to 2024-06-11 00:00:00+00:00, run_after=2024-06-12 00:00:00+00:00
[2024-06-11T17:49:52.238+0000] {processor.py:183} INFO - Processing /opt/airflow/dags/create_postgres_table_dag.py took 0.131 seconds
[2024-06-11T17:50:22.445+0000] {processor.py:161} INFO - Started process (PID=816) to work on /opt/airflow/dags/create_postgres_table_dag.py
[2024-06-11T17:50:22.449+0000] {processor.py:830} INFO - Processing file /opt/airflow/dags/create_postgres_table_dag.py for tasks to queue
[2024-06-11T17:50:22.450+0000] {logging_mixin.py:188} INFO - [2024-06-11T17:50:22.450+0000] {dagbag.py:545} INFO - Filling up the DagBag from /opt/airflow/dags/create_postgres_table_dag.py
[2024-06-11T17:50:22.476+0000] {processor.py:840} INFO - DAG(s) 'create_postgres_table_dag' retrieved from /opt/airflow/dags/create_postgres_table_dag.py
[2024-06-11T17:50:22.499+0000] {logging_mixin.py:188} INFO - [2024-06-11T17:50:22.499+0000] {dag.py:3096} INFO - Sync 1 DAGs
[2024-06-11T17:50:22.520+0000] {logging_mixin.py:188} INFO - [2024-06-11T17:50:22.520+0000] {dag.py:3954} INFO - Setting next_dagrun for create_postgres_table_dag to 2024-06-11 00:00:00+00:00, run_after=2024-06-12 00:00:00+00:00
[2024-06-11T17:50:22.536+0000] {processor.py:183} INFO - Processing /opt/airflow/dags/create_postgres_table_dag.py took 0.096 seconds
[2024-06-11T17:50:52.754+0000] {processor.py:161} INFO - Started process (PID=824) to work on /opt/airflow/dags/create_postgres_table_dag.py
[2024-06-11T17:50:52.758+0000] {processor.py:830} INFO - Processing file /opt/airflow/dags/create_postgres_table_dag.py for tasks to queue
[2024-06-11T17:50:52.760+0000] {logging_mixin.py:188} INFO - [2024-06-11T17:50:52.759+0000] {dagbag.py:545} INFO - Filling up the DagBag from /opt/airflow/dags/create_postgres_table_dag.py
[2024-06-11T17:50:52.795+0000] {processor.py:840} INFO - DAG(s) 'create_postgres_table_dag' retrieved from /opt/airflow/dags/create_postgres_table_dag.py
[2024-06-11T17:50:52.823+0000] {logging_mixin.py:188} INFO - [2024-06-11T17:50:52.823+0000] {dag.py:3096} INFO - Sync 1 DAGs
[2024-06-11T17:50:52.848+0000] {logging_mixin.py:188} INFO - [2024-06-11T17:50:52.848+0000] {dag.py:3954} INFO - Setting next_dagrun for create_postgres_table_dag to 2024-06-11 00:00:00+00:00, run_after=2024-06-12 00:00:00+00:00
[2024-06-11T17:50:52.868+0000] {processor.py:183} INFO - Processing /opt/airflow/dags/create_postgres_table_dag.py took 0.129 seconds
[2024-06-11T17:51:22.993+0000] {processor.py:161} INFO - Started process (PID=833) to work on /opt/airflow/dags/create_postgres_table_dag.py
[2024-06-11T17:51:22.998+0000] {processor.py:830} INFO - Processing file /opt/airflow/dags/create_postgres_table_dag.py for tasks to queue
[2024-06-11T17:51:22.999+0000] {logging_mixin.py:188} INFO - [2024-06-11T17:51:22.999+0000] {dagbag.py:545} INFO - Filling up the DagBag from /opt/airflow/dags/create_postgres_table_dag.py
[2024-06-11T17:51:23.035+0000] {processor.py:840} INFO - DAG(s) 'create_postgres_table_dag' retrieved from /opt/airflow/dags/create_postgres_table_dag.py
[2024-06-11T17:51:23.064+0000] {logging_mixin.py:188} INFO - [2024-06-11T17:51:23.063+0000] {dag.py:3096} INFO - Sync 1 DAGs
[2024-06-11T17:51:23.089+0000] {logging_mixin.py:188} INFO - [2024-06-11T17:51:23.089+0000] {dag.py:3954} INFO - Setting next_dagrun for create_postgres_table_dag to 2024-06-11 00:00:00+00:00, run_after=2024-06-12 00:00:00+00:00
[2024-06-11T17:51:23.112+0000] {processor.py:183} INFO - Processing /opt/airflow/dags/create_postgres_table_dag.py took 0.142 seconds
[2024-06-11T17:51:53.248+0000] {processor.py:161} INFO - Started process (PID=841) to work on /opt/airflow/dags/create_postgres_table_dag.py
[2024-06-11T17:51:53.250+0000] {processor.py:830} INFO - Processing file /opt/airflow/dags/create_postgres_table_dag.py for tasks to queue
[2024-06-11T17:51:53.251+0000] {logging_mixin.py:188} INFO - [2024-06-11T17:51:53.251+0000] {dagbag.py:545} INFO - Filling up the DagBag from /opt/airflow/dags/create_postgres_table_dag.py
[2024-06-11T17:51:53.287+0000] {processor.py:840} INFO - DAG(s) 'create_postgres_table_dag' retrieved from /opt/airflow/dags/create_postgres_table_dag.py
[2024-06-11T17:51:53.316+0000] {logging_mixin.py:188} INFO - [2024-06-11T17:51:53.315+0000] {dag.py:3096} INFO - Sync 1 DAGs
[2024-06-11T17:51:53.342+0000] {logging_mixin.py:188} INFO - [2024-06-11T17:51:53.341+0000] {dag.py:3954} INFO - Setting next_dagrun for create_postgres_table_dag to 2024-06-11 00:00:00+00:00, run_after=2024-06-12 00:00:00+00:00
[2024-06-11T17:51:53.362+0000] {processor.py:183} INFO - Processing /opt/airflow/dags/create_postgres_table_dag.py took 0.125 seconds
[2024-06-11T17:52:23.566+0000] {processor.py:161} INFO - Started process (PID=848) to work on /opt/airflow/dags/create_postgres_table_dag.py
[2024-06-11T17:52:23.571+0000] {processor.py:830} INFO - Processing file /opt/airflow/dags/create_postgres_table_dag.py for tasks to queue
[2024-06-11T17:52:23.572+0000] {logging_mixin.py:188} INFO - [2024-06-11T17:52:23.572+0000] {dagbag.py:545} INFO - Filling up the DagBag from /opt/airflow/dags/create_postgres_table_dag.py
[2024-06-11T17:52:23.606+0000] {processor.py:840} INFO - DAG(s) 'create_postgres_table_dag' retrieved from /opt/airflow/dags/create_postgres_table_dag.py
[2024-06-11T17:52:23.633+0000] {logging_mixin.py:188} INFO - [2024-06-11T17:52:23.633+0000] {dag.py:3096} INFO - Sync 1 DAGs
[2024-06-11T17:52:23.656+0000] {logging_mixin.py:188} INFO - [2024-06-11T17:52:23.656+0000] {dag.py:3954} INFO - Setting next_dagrun for create_postgres_table_dag to 2024-06-11 00:00:00+00:00, run_after=2024-06-12 00:00:00+00:00
[2024-06-11T17:52:23.674+0000] {processor.py:183} INFO - Processing /opt/airflow/dags/create_postgres_table_dag.py took 0.119 seconds
[2024-06-11T17:52:53.915+0000] {processor.py:161} INFO - Started process (PID=855) to work on /opt/airflow/dags/create_postgres_table_dag.py
[2024-06-11T17:52:53.919+0000] {processor.py:830} INFO - Processing file /opt/airflow/dags/create_postgres_table_dag.py for tasks to queue
[2024-06-11T17:52:53.920+0000] {logging_mixin.py:188} INFO - [2024-06-11T17:52:53.919+0000] {dagbag.py:545} INFO - Filling up the DagBag from /opt/airflow/dags/create_postgres_table_dag.py
[2024-06-11T17:52:53.946+0000] {processor.py:840} INFO - DAG(s) 'create_postgres_table_dag' retrieved from /opt/airflow/dags/create_postgres_table_dag.py
[2024-06-11T17:52:53.977+0000] {logging_mixin.py:188} INFO - [2024-06-11T17:52:53.977+0000] {dag.py:3096} INFO - Sync 1 DAGs
[2024-06-11T17:52:54.006+0000] {logging_mixin.py:188} INFO - [2024-06-11T17:52:54.006+0000] {dag.py:3954} INFO - Setting next_dagrun for create_postgres_table_dag to 2024-06-11 00:00:00+00:00, run_after=2024-06-12 00:00:00+00:00
[2024-06-11T17:52:54.028+0000] {processor.py:183} INFO - Processing /opt/airflow/dags/create_postgres_table_dag.py took 0.120 seconds
[2024-06-11T17:53:24.175+0000] {processor.py:161} INFO - Started process (PID=863) to work on /opt/airflow/dags/create_postgres_table_dag.py
[2024-06-11T17:53:24.176+0000] {processor.py:830} INFO - Processing file /opt/airflow/dags/create_postgres_table_dag.py for tasks to queue
[2024-06-11T17:53:24.176+0000] {logging_mixin.py:188} INFO - [2024-06-11T17:53:24.176+0000] {dagbag.py:545} INFO - Filling up the DagBag from /opt/airflow/dags/create_postgres_table_dag.py
[2024-06-11T17:53:24.198+0000] {processor.py:840} INFO - DAG(s) 'create_postgres_table_dag' retrieved from /opt/airflow/dags/create_postgres_table_dag.py
[2024-06-11T17:53:24.218+0000] {logging_mixin.py:188} INFO - [2024-06-11T17:53:24.218+0000] {dag.py:3096} INFO - Sync 1 DAGs
[2024-06-11T17:53:24.238+0000] {logging_mixin.py:188} INFO - [2024-06-11T17:53:24.238+0000] {dag.py:3954} INFO - Setting next_dagrun for create_postgres_table_dag to 2024-06-11 00:00:00+00:00, run_after=2024-06-12 00:00:00+00:00
[2024-06-11T17:53:24.254+0000] {processor.py:183} INFO - Processing /opt/airflow/dags/create_postgres_table_dag.py took 0.084 seconds
[2024-06-11T17:53:54.342+0000] {processor.py:161} INFO - Started process (PID=871) to work on /opt/airflow/dags/create_postgres_table_dag.py
[2024-06-11T17:53:54.347+0000] {processor.py:830} INFO - Processing file /opt/airflow/dags/create_postgres_table_dag.py for tasks to queue
[2024-06-11T17:53:54.350+0000] {logging_mixin.py:188} INFO - [2024-06-11T17:53:54.349+0000] {dagbag.py:545} INFO - Filling up the DagBag from /opt/airflow/dags/create_postgres_table_dag.py
[2024-06-11T17:53:54.393+0000] {processor.py:840} INFO - DAG(s) 'create_postgres_table_dag' retrieved from /opt/airflow/dags/create_postgres_table_dag.py
[2024-06-11T17:53:54.417+0000] {logging_mixin.py:188} INFO - [2024-06-11T17:53:54.416+0000] {dag.py:3096} INFO - Sync 1 DAGs
[2024-06-11T17:53:54.438+0000] {logging_mixin.py:188} INFO - [2024-06-11T17:53:54.437+0000] {dag.py:3954} INFO - Setting next_dagrun for create_postgres_table_dag to 2024-06-11 00:00:00+00:00, run_after=2024-06-12 00:00:00+00:00
[2024-06-11T17:53:54.454+0000] {processor.py:183} INFO - Processing /opt/airflow/dags/create_postgres_table_dag.py took 0.120 seconds
[2024-06-11T17:54:24.663+0000] {processor.py:161} INFO - Started process (PID=879) to work on /opt/airflow/dags/create_postgres_table_dag.py
[2024-06-11T17:54:24.665+0000] {processor.py:830} INFO - Processing file /opt/airflow/dags/create_postgres_table_dag.py for tasks to queue
[2024-06-11T17:54:24.666+0000] {logging_mixin.py:188} INFO - [2024-06-11T17:54:24.666+0000] {dagbag.py:545} INFO - Filling up the DagBag from /opt/airflow/dags/create_postgres_table_dag.py
[2024-06-11T17:54:24.698+0000] {processor.py:840} INFO - DAG(s) 'create_postgres_table_dag' retrieved from /opt/airflow/dags/create_postgres_table_dag.py
[2024-06-11T17:54:24.722+0000] {logging_mixin.py:188} INFO - [2024-06-11T17:54:24.721+0000] {dag.py:3096} INFO - Sync 1 DAGs
[2024-06-11T17:54:24.744+0000] {logging_mixin.py:188} INFO - [2024-06-11T17:54:24.743+0000] {dag.py:3954} INFO - Setting next_dagrun for create_postgres_table_dag to 2024-06-11 00:00:00+00:00, run_after=2024-06-12 00:00:00+00:00
[2024-06-11T17:54:24.761+0000] {processor.py:183} INFO - Processing /opt/airflow/dags/create_postgres_table_dag.py took 0.119 seconds
[2024-06-11T17:54:55.020+0000] {processor.py:161} INFO - Started process (PID=887) to work on /opt/airflow/dags/create_postgres_table_dag.py
[2024-06-11T17:54:55.025+0000] {processor.py:830} INFO - Processing file /opt/airflow/dags/create_postgres_table_dag.py for tasks to queue
[2024-06-11T17:54:55.027+0000] {logging_mixin.py:188} INFO - [2024-06-11T17:54:55.026+0000] {dagbag.py:545} INFO - Filling up the DagBag from /opt/airflow/dags/create_postgres_table_dag.py
[2024-06-11T17:54:55.059+0000] {processor.py:840} INFO - DAG(s) 'create_postgres_table_dag' retrieved from /opt/airflow/dags/create_postgres_table_dag.py
[2024-06-11T17:54:55.081+0000] {logging_mixin.py:188} INFO - [2024-06-11T17:54:55.081+0000] {dag.py:3096} INFO - Sync 1 DAGs
[2024-06-11T17:54:55.103+0000] {logging_mixin.py:188} INFO - [2024-06-11T17:54:55.103+0000] {dag.py:3954} INFO - Setting next_dagrun for create_postgres_table_dag to 2024-06-11 00:00:00+00:00, run_after=2024-06-12 00:00:00+00:00
[2024-06-11T17:54:55.118+0000] {processor.py:183} INFO - Processing /opt/airflow/dags/create_postgres_table_dag.py took 0.117 seconds
[2024-06-11T17:55:25.258+0000] {processor.py:161} INFO - Started process (PID=895) to work on /opt/airflow/dags/create_postgres_table_dag.py
[2024-06-11T17:55:25.261+0000] {processor.py:830} INFO - Processing file /opt/airflow/dags/create_postgres_table_dag.py for tasks to queue
[2024-06-11T17:55:25.263+0000] {logging_mixin.py:188} INFO - [2024-06-11T17:55:25.262+0000] {dagbag.py:545} INFO - Filling up the DagBag from /opt/airflow/dags/create_postgres_table_dag.py
[2024-06-11T17:55:25.293+0000] {processor.py:840} INFO - DAG(s) 'create_postgres_table_dag' retrieved from /opt/airflow/dags/create_postgres_table_dag.py
[2024-06-11T17:55:25.317+0000] {logging_mixin.py:188} INFO - [2024-06-11T17:55:25.316+0000] {dag.py:3096} INFO - Sync 1 DAGs
[2024-06-11T17:55:25.338+0000] {logging_mixin.py:188} INFO - [2024-06-11T17:55:25.338+0000] {dag.py:3954} INFO - Setting next_dagrun for create_postgres_table_dag to 2024-06-11 00:00:00+00:00, run_after=2024-06-12 00:00:00+00:00
[2024-06-11T17:55:25.354+0000] {processor.py:183} INFO - Processing /opt/airflow/dags/create_postgres_table_dag.py took 0.115 seconds
[2024-06-11T17:55:55.570+0000] {processor.py:161} INFO - Started process (PID=903) to work on /opt/airflow/dags/create_postgres_table_dag.py
[2024-06-11T17:55:55.573+0000] {processor.py:830} INFO - Processing file /opt/airflow/dags/create_postgres_table_dag.py for tasks to queue
[2024-06-11T17:55:55.574+0000] {logging_mixin.py:188} INFO - [2024-06-11T17:55:55.574+0000] {dagbag.py:545} INFO - Filling up the DagBag from /opt/airflow/dags/create_postgres_table_dag.py
[2024-06-11T17:55:55.594+0000] {processor.py:840} INFO - DAG(s) 'create_postgres_table_dag' retrieved from /opt/airflow/dags/create_postgres_table_dag.py
[2024-06-11T17:55:55.615+0000] {logging_mixin.py:188} INFO - [2024-06-11T17:55:55.615+0000] {dag.py:3096} INFO - Sync 1 DAGs
[2024-06-11T17:55:55.633+0000] {logging_mixin.py:188} INFO - [2024-06-11T17:55:55.633+0000] {dag.py:3954} INFO - Setting next_dagrun for create_postgres_table_dag to 2024-06-11 00:00:00+00:00, run_after=2024-06-12 00:00:00+00:00
[2024-06-11T17:55:55.647+0000] {processor.py:183} INFO - Processing /opt/airflow/dags/create_postgres_table_dag.py took 0.082 seconds
[2024-06-11T17:56:25.879+0000] {processor.py:161} INFO - Started process (PID=911) to work on /opt/airflow/dags/create_postgres_table_dag.py
[2024-06-11T17:56:25.882+0000] {processor.py:830} INFO - Processing file /opt/airflow/dags/create_postgres_table_dag.py for tasks to queue
[2024-06-11T17:56:25.883+0000] {logging_mixin.py:188} INFO - [2024-06-11T17:56:25.883+0000] {dagbag.py:545} INFO - Filling up the DagBag from /opt/airflow/dags/create_postgres_table_dag.py
[2024-06-11T17:56:25.915+0000] {processor.py:840} INFO - DAG(s) 'create_postgres_table_dag' retrieved from /opt/airflow/dags/create_postgres_table_dag.py
[2024-06-11T17:56:25.938+0000] {logging_mixin.py:188} INFO - [2024-06-11T17:56:25.938+0000] {dag.py:3096} INFO - Sync 1 DAGs
[2024-06-11T17:56:25.958+0000] {logging_mixin.py:188} INFO - [2024-06-11T17:56:25.958+0000] {dag.py:3954} INFO - Setting next_dagrun for create_postgres_table_dag to 2024-06-11 00:00:00+00:00, run_after=2024-06-12 00:00:00+00:00
[2024-06-11T17:56:25.974+0000] {processor.py:183} INFO - Processing /opt/airflow/dags/create_postgres_table_dag.py took 0.113 seconds
[2024-06-11T17:56:56.140+0000] {processor.py:161} INFO - Started process (PID=919) to work on /opt/airflow/dags/create_postgres_table_dag.py
[2024-06-11T17:56:56.143+0000] {processor.py:830} INFO - Processing file /opt/airflow/dags/create_postgres_table_dag.py for tasks to queue
[2024-06-11T17:56:56.144+0000] {logging_mixin.py:188} INFO - [2024-06-11T17:56:56.144+0000] {dagbag.py:545} INFO - Filling up the DagBag from /opt/airflow/dags/create_postgres_table_dag.py
[2024-06-11T17:56:56.167+0000] {processor.py:840} INFO - DAG(s) 'create_postgres_table_dag' retrieved from /opt/airflow/dags/create_postgres_table_dag.py
[2024-06-11T17:56:56.187+0000] {logging_mixin.py:188} INFO - [2024-06-11T17:56:56.187+0000] {dag.py:3096} INFO - Sync 1 DAGs
[2024-06-11T17:56:56.206+0000] {logging_mixin.py:188} INFO - [2024-06-11T17:56:56.206+0000] {dag.py:3954} INFO - Setting next_dagrun for create_postgres_table_dag to 2024-06-11 00:00:00+00:00, run_after=2024-06-12 00:00:00+00:00
[2024-06-11T17:56:56.221+0000] {processor.py:183} INFO - Processing /opt/airflow/dags/create_postgres_table_dag.py took 0.087 seconds
[2024-06-11T17:57:26.457+0000] {processor.py:161} INFO - Started process (PID=927) to work on /opt/airflow/dags/create_postgres_table_dag.py
[2024-06-11T17:57:26.464+0000] {processor.py:830} INFO - Processing file /opt/airflow/dags/create_postgres_table_dag.py for tasks to queue
[2024-06-11T17:57:26.466+0000] {logging_mixin.py:188} INFO - [2024-06-11T17:57:26.465+0000] {dagbag.py:545} INFO - Filling up the DagBag from /opt/airflow/dags/create_postgres_table_dag.py
[2024-06-11T17:57:26.495+0000] {processor.py:840} INFO - DAG(s) 'create_postgres_table_dag' retrieved from /opt/airflow/dags/create_postgres_table_dag.py
[2024-06-11T17:57:26.519+0000] {logging_mixin.py:188} INFO - [2024-06-11T17:57:26.519+0000] {dag.py:3096} INFO - Sync 1 DAGs
[2024-06-11T17:57:26.540+0000] {logging_mixin.py:188} INFO - [2024-06-11T17:57:26.540+0000] {dag.py:3954} INFO - Setting next_dagrun for create_postgres_table_dag to 2024-06-11 00:00:00+00:00, run_after=2024-06-12 00:00:00+00:00
[2024-06-11T17:57:26.558+0000] {processor.py:183} INFO - Processing /opt/airflow/dags/create_postgres_table_dag.py took 0.119 seconds
[2024-06-11T17:57:56.791+0000] {processor.py:161} INFO - Started process (PID=935) to work on /opt/airflow/dags/create_postgres_table_dag.py
[2024-06-11T17:57:56.796+0000] {processor.py:830} INFO - Processing file /opt/airflow/dags/create_postgres_table_dag.py for tasks to queue
[2024-06-11T17:57:56.800+0000] {logging_mixin.py:188} INFO - [2024-06-11T17:57:56.797+0000] {dagbag.py:545} INFO - Filling up the DagBag from /opt/airflow/dags/create_postgres_table_dag.py
[2024-06-11T17:57:56.843+0000] {processor.py:840} INFO - DAG(s) 'create_postgres_table_dag' retrieved from /opt/airflow/dags/create_postgres_table_dag.py
[2024-06-11T17:57:56.867+0000] {logging_mixin.py:188} INFO - [2024-06-11T17:57:56.866+0000] {dag.py:3096} INFO - Sync 1 DAGs
[2024-06-11T17:57:56.888+0000] {logging_mixin.py:188} INFO - [2024-06-11T17:57:56.888+0000] {dag.py:3954} INFO - Setting next_dagrun for create_postgres_table_dag to 2024-06-11 00:00:00+00:00, run_after=2024-06-12 00:00:00+00:00
[2024-06-11T17:57:56.904+0000] {processor.py:183} INFO - Processing /opt/airflow/dags/create_postgres_table_dag.py took 0.119 seconds
[2024-06-11T17:58:27.115+0000] {processor.py:161} INFO - Started process (PID=943) to work on /opt/airflow/dags/create_postgres_table_dag.py
[2024-06-11T17:58:27.119+0000] {processor.py:830} INFO - Processing file /opt/airflow/dags/create_postgres_table_dag.py for tasks to queue
[2024-06-11T17:58:27.121+0000] {logging_mixin.py:188} INFO - [2024-06-11T17:58:27.121+0000] {dagbag.py:545} INFO - Filling up the DagBag from /opt/airflow/dags/create_postgres_table_dag.py
[2024-06-11T17:58:27.143+0000] {processor.py:840} INFO - DAG(s) 'create_postgres_table_dag' retrieved from /opt/airflow/dags/create_postgres_table_dag.py
[2024-06-11T17:58:27.167+0000] {logging_mixin.py:188} INFO - [2024-06-11T17:58:27.167+0000] {dag.py:3096} INFO - Sync 1 DAGs
[2024-06-11T17:58:27.202+0000] {logging_mixin.py:188} INFO - [2024-06-11T17:58:27.202+0000] {dag.py:3954} INFO - Setting next_dagrun for create_postgres_table_dag to 2024-06-11 00:00:00+00:00, run_after=2024-06-12 00:00:00+00:00
[2024-06-11T17:58:27.225+0000] {processor.py:183} INFO - Processing /opt/airflow/dags/create_postgres_table_dag.py took 0.115 seconds
[2024-06-11T17:58:57.478+0000] {processor.py:161} INFO - Started process (PID=951) to work on /opt/airflow/dags/create_postgres_table_dag.py
[2024-06-11T17:58:57.483+0000] {processor.py:830} INFO - Processing file /opt/airflow/dags/create_postgres_table_dag.py for tasks to queue
[2024-06-11T17:58:57.485+0000] {logging_mixin.py:188} INFO - [2024-06-11T17:58:57.484+0000] {dagbag.py:545} INFO - Filling up the DagBag from /opt/airflow/dags/create_postgres_table_dag.py
[2024-06-11T17:58:57.516+0000] {processor.py:840} INFO - DAG(s) 'create_postgres_table_dag' retrieved from /opt/airflow/dags/create_postgres_table_dag.py
[2024-06-11T17:58:57.540+0000] {logging_mixin.py:188} INFO - [2024-06-11T17:58:57.540+0000] {dag.py:3096} INFO - Sync 1 DAGs
[2024-06-11T17:58:57.561+0000] {logging_mixin.py:188} INFO - [2024-06-11T17:58:57.561+0000] {dag.py:3954} INFO - Setting next_dagrun for create_postgres_table_dag to 2024-06-11 00:00:00+00:00, run_after=2024-06-12 00:00:00+00:00
[2024-06-11T17:58:57.576+0000] {processor.py:183} INFO - Processing /opt/airflow/dags/create_postgres_table_dag.py took 0.118 seconds
[2024-06-11T17:59:27.968+0000] {processor.py:161} INFO - Started process (PID=967) to work on /opt/airflow/dags/create_postgres_table_dag.py
[2024-06-11T17:59:27.969+0000] {processor.py:830} INFO - Processing file /opt/airflow/dags/create_postgres_table_dag.py for tasks to queue
[2024-06-11T17:59:27.970+0000] {logging_mixin.py:188} INFO - [2024-06-11T17:59:27.970+0000] {dagbag.py:545} INFO - Filling up the DagBag from /opt/airflow/dags/create_postgres_table_dag.py
[2024-06-11T17:59:28.003+0000] {processor.py:840} INFO - DAG(s) 'create_postgres_table_dag' retrieved from /opt/airflow/dags/create_postgres_table_dag.py
[2024-06-11T17:59:28.030+0000] {logging_mixin.py:188} INFO - [2024-06-11T17:59:28.030+0000] {dag.py:3096} INFO - Sync 1 DAGs
[2024-06-11T17:59:28.055+0000] {logging_mixin.py:188} INFO - [2024-06-11T17:59:28.055+0000] {dag.py:3954} INFO - Setting next_dagrun for create_postgres_table_dag to 2024-06-11 00:00:00+00:00, run_after=2024-06-12 00:00:00+00:00
[2024-06-11T17:59:28.075+0000] {processor.py:183} INFO - Processing /opt/airflow/dags/create_postgres_table_dag.py took 0.115 seconds
[2024-06-11T17:59:58.185+0000] {processor.py:161} INFO - Started process (PID=974) to work on /opt/airflow/dags/create_postgres_table_dag.py
[2024-06-11T17:59:58.186+0000] {processor.py:830} INFO - Processing file /opt/airflow/dags/create_postgres_table_dag.py for tasks to queue
[2024-06-11T17:59:58.187+0000] {logging_mixin.py:188} INFO - [2024-06-11T17:59:58.186+0000] {dagbag.py:545} INFO - Filling up the DagBag from /opt/airflow/dags/create_postgres_table_dag.py
[2024-06-11T17:59:58.208+0000] {processor.py:840} INFO - DAG(s) 'create_postgres_table_dag' retrieved from /opt/airflow/dags/create_postgres_table_dag.py
[2024-06-11T17:59:58.234+0000] {logging_mixin.py:188} INFO - [2024-06-11T17:59:58.234+0000] {dag.py:3096} INFO - Sync 1 DAGs
[2024-06-11T17:59:58.270+0000] {logging_mixin.py:188} INFO - [2024-06-11T17:59:58.270+0000] {dag.py:3954} INFO - Setting next_dagrun for create_postgres_table_dag to 2024-06-11 00:00:00+00:00, run_after=2024-06-12 00:00:00+00:00
[2024-06-11T17:59:58.300+0000] {processor.py:183} INFO - Processing /opt/airflow/dags/create_postgres_table_dag.py took 0.119 seconds
