[2024-06-11T17:11:05.382+0000] {local_task_job_runner.py:120} INFO - ::group::Pre task execution logs
[2024-06-11T17:11:05.412+0000] {taskinstance.py:2076} INFO - Dependencies all met for dep_context=non-requeueable deps ti=<TaskInstance: create_postgres_table_dag.create_table scheduled__2024-06-10T00:00:00+00:00 [queued]>
[2024-06-11T17:11:05.420+0000] {taskinstance.py:2076} INFO - Dependencies all met for dep_context=requeueable deps ti=<TaskInstance: create_postgres_table_dag.create_table scheduled__2024-06-10T00:00:00+00:00 [queued]>
[2024-06-11T17:11:05.421+0000] {taskinstance.py:2306} INFO - Starting attempt 4 of 6
[2024-06-11T17:11:05.433+0000] {taskinstance.py:2330} INFO - Executing <Task(PythonOperator): create_table> on 2024-06-10 00:00:00+00:00
[2024-06-11T17:11:05.438+0000] {warnings.py:110} WARNING - /home/***/.local/lib/python3.12/site-packages/***/task/task_runner/standard_task_runner.py:61: DeprecationWarning: This process (pid=253) is multi-threaded, use of fork() may lead to deadlocks in the child.
  pid = os.fork()

[2024-06-11T17:11:05.439+0000] {standard_task_runner.py:63} INFO - Started process 254 to run task
[2024-06-11T17:11:05.440+0000] {standard_task_runner.py:90} INFO - Running: ['***', 'tasks', 'run', 'create_postgres_table_dag', 'create_table', 'scheduled__2024-06-10T00:00:00+00:00', '--job-id', '28', '--raw', '--subdir', 'DAGS_FOLDER/create_table.py', '--cfg-path', '/tmp/tmpal7g93u8']
[2024-06-11T17:11:05.441+0000] {standard_task_runner.py:91} INFO - Job 28: Subtask create_table
[2024-06-11T17:11:05.478+0000] {task_command.py:426} INFO - Running <TaskInstance: create_postgres_table_dag.create_table scheduled__2024-06-10T00:00:00+00:00 [running]> on host 0fddd2b8b561
[2024-06-11T17:11:05.560+0000] {taskinstance.py:2648} INFO - Exporting env vars: AIRFLOW_CTX_DAG_OWNER='***' AIRFLOW_CTX_DAG_ID='create_postgres_table_dag' AIRFLOW_CTX_TASK_ID='create_table' AIRFLOW_CTX_EXECUTION_DATE='2024-06-10T00:00:00+00:00' AIRFLOW_CTX_TRY_NUMBER='4' AIRFLOW_CTX_DAG_RUN_ID='scheduled__2024-06-10T00:00:00+00:00'
[2024-06-11T17:11:05.561+0000] {taskinstance.py:430} INFO - ::endgroup::
[2024-06-11T17:11:05.581+0000] {base.py:84} INFO - Using connection ID 'postgres_conn' for task execution.
[2024-06-11T17:11:05.584+0000] {sql.py:470} INFO - Running statement: 
    CREATE TABLE IF NOT EXISTS vaild_data (
        id SERIAL PRIMARY KEY,
        name VARCHAR(255) NOT NULL,
        email VARCHAR(255) NOT NULL,
        date TIMESTAMP NOT NULL
    );
    , parameters: None
[2024-06-11T17:11:05.596+0000] {python.py:237} INFO - Done. Returned value was: None
[2024-06-11T17:11:05.597+0000] {taskinstance.py:441} INFO - ::group::Post task execution logs
[2024-06-11T17:11:05.605+0000] {taskinstance.py:1206} INFO - Marking task as SUCCESS. dag_id=create_postgres_table_dag, task_id=create_table, run_id=scheduled__2024-06-10T00:00:00+00:00, execution_date=20240610T000000, start_date=20240611T171105, end_date=20240611T171105
[2024-06-11T17:11:05.653+0000] {local_task_job_runner.py:240} INFO - Task exited with return code 0
[2024-06-11T17:11:05.698+0000] {taskinstance.py:3498} INFO - 0 downstream tasks scheduled from follow-on schedule check
[2024-06-11T17:11:05.700+0000] {local_task_job_runner.py:222} INFO - ::endgroup::
