[2024-06-18T17:31:47.536+0000] {local_task_job_runner.py:120} INFO - ::group::Pre task execution logs
[2024-06-18T17:31:47.574+0000] {taskinstance.py:2076} INFO - Dependencies all met for dep_context=non-requeueable deps ti=<TaskInstance: alerting_skipped_final.start_run manual__2024-06-18T17:31:43.931614+00:00 [queued]>
[2024-06-18T17:31:47.589+0000] {taskinstance.py:2076} INFO - Dependencies all met for dep_context=requeueable deps ti=<TaskInstance: alerting_skipped_final.start_run manual__2024-06-18T17:31:43.931614+00:00 [queued]>
[2024-06-18T17:31:47.589+0000] {taskinstance.py:2306} INFO - Starting attempt 1 of 6
[2024-06-18T17:31:47.609+0000] {taskinstance.py:2330} INFO - Executing <Task(PythonOperator): start_run> on 2024-06-18 17:31:43.931614+00:00
[2024-06-18T17:31:47.618+0000] {warnings.py:110} WARNING - /home/***/.local/lib/python3.12/site-packages/***/task/task_runner/standard_task_runner.py:61: DeprecationWarning: This process (pid=108) is multi-threaded, use of fork() may lead to deadlocks in the child.
  pid = os.fork()

[2024-06-18T17:31:47.619+0000] {standard_task_runner.py:63} INFO - Started process 110 to run task
[2024-06-18T17:31:47.619+0000] {standard_task_runner.py:90} INFO - Running: ['***', 'tasks', 'run', 'alerting_skipped_final', 'start_run', 'manual__2024-06-18T17:31:43.931614+00:00', '--job-id', '852', '--raw', '--subdir', 'DAGS_FOLDER/alerting_skipped.py', '--cfg-path', '/tmp/tmpjdunoxm3']
[2024-06-18T17:31:47.621+0000] {standard_task_runner.py:91} INFO - Job 852: Subtask start_run
[2024-06-18T17:31:47.674+0000] {task_command.py:426} INFO - Running <TaskInstance: alerting_skipped_final.start_run manual__2024-06-18T17:31:43.931614+00:00 [running]> on host 9e4d135130fa
[2024-06-18T17:31:47.806+0000] {taskinstance.py:2648} INFO - Exporting env vars: AIRFLOW_CTX_DAG_OWNER='***' AIRFLOW_CTX_DAG_ID='alerting_skipped_final' AIRFLOW_CTX_TASK_ID='start_run' AIRFLOW_CTX_EXECUTION_DATE='2024-06-18T17:31:43.931614+00:00' AIRFLOW_CTX_TRY_NUMBER='1' AIRFLOW_CTX_DAG_RUN_ID='manual__2024-06-18T17:31:43.931614+00:00'
[2024-06-18T17:31:47.807+0000] {taskinstance.py:430} INFO - ::endgroup::
[2024-06-18T17:31:47.823+0000] {logging_mixin.py:188} INFO - Started run successfully
[2024-06-18T17:31:47.823+0000] {python.py:237} INFO - Done. Returned value was: None
[2024-06-18T17:31:47.824+0000] {taskinstance.py:441} INFO - ::group::Post task execution logs
[2024-06-18T17:31:47.836+0000] {taskinstance.py:1206} INFO - Marking task as SUCCESS. dag_id=alerting_skipped_final, task_id=start_run, run_id=manual__2024-06-18T17:31:43.931614+00:00, execution_date=20240618T173143, start_date=20240618T173147, end_date=20240618T173147
[2024-06-18T17:31:47.873+0000] {local_task_job_runner.py:240} INFO - Task exited with return code 0
[2024-06-18T17:31:47.897+0000] {taskinstance.py:3498} INFO - 0 downstream tasks scheduled from follow-on schedule check
[2024-06-18T17:31:47.899+0000] {local_task_job_runner.py:222} INFO - ::endgroup::
