[2024-06-13T06:14:08.412+0000] {local_task_job_runner.py:120} INFO - ::group::Pre task execution logs
[2024-06-13T06:14:08.432+0000] {taskinstance.py:2076} INFO - Dependencies all met for dep_context=non-requeueable deps ti=<TaskInstance: airflow_example.insert_json manual__2024-06-13T06:12:43.485969+00:00 [queued]>
[2024-06-13T06:14:08.440+0000] {taskinstance.py:2076} INFO - Dependencies all met for dep_context=requeueable deps ti=<TaskInstance: airflow_example.insert_json manual__2024-06-13T06:12:43.485969+00:00 [queued]>
[2024-06-13T06:14:08.441+0000] {taskinstance.py:2306} INFO - Starting attempt 1 of 6
[2024-06-13T06:14:08.454+0000] {taskinstance.py:2330} INFO - Executing <Task(PythonOperator): insert_json> on 2024-06-13 06:12:43.485969+00:00
[2024-06-13T06:14:08.459+0000] {warnings.py:110} WARNING - /home/***/.local/lib/python3.12/site-packages/***/task/task_runner/standard_task_runner.py:61: DeprecationWarning: This process (pid=430) is multi-threaded, use of fork() may lead to deadlocks in the child.
  pid = os.fork()

[2024-06-13T06:14:08.460+0000] {standard_task_runner.py:63} INFO - Started process 431 to run task
[2024-06-13T06:14:08.460+0000] {standard_task_runner.py:90} INFO - Running: ['***', 'tasks', 'run', '***_example', 'insert_json', 'manual__2024-06-13T06:12:43.485969+00:00', '--job-id', '188', '--raw', '--subdir', 'DAGS_FOLDER/file_jsons_to_postgres.py', '--cfg-path', '/tmp/tmptqt9a8u8']
[2024-06-13T06:14:08.461+0000] {standard_task_runner.py:91} INFO - Job 188: Subtask insert_json
[2024-06-13T06:14:08.496+0000] {task_command.py:426} INFO - Running <TaskInstance: airflow_example.insert_json manual__2024-06-13T06:12:43.485969+00:00 [running]> on host 8cc8d7c9eee4
[2024-06-13T06:14:08.575+0000] {taskinstance.py:2648} INFO - Exporting env vars: AIRFLOW_CTX_DAG_OWNER='***' AIRFLOW_CTX_DAG_ID='***_example' AIRFLOW_CTX_TASK_ID='insert_json' AIRFLOW_CTX_EXECUTION_DATE='2024-06-13T06:12:43.485969+00:00' AIRFLOW_CTX_TRY_NUMBER='1' AIRFLOW_CTX_DAG_RUN_ID='manual__2024-06-13T06:12:43.485969+00:00'
[2024-06-13T06:14:08.576+0000] {taskinstance.py:430} INFO - ::endgroup::
[2024-06-13T06:14:08.600+0000] {file_jsons_to_postgres.py:99} INFO - Inserting entry: {'name': 'Goud', 'email': 'ftml@xqfixisoe.mk', 'date': '2023-01-01 00:00:00'}
[2024-06-13T06:14:08.601+0000] {file_jsons_to_postgres.py:99} INFO - Inserting entry: {'name': 'Vasamsetti', 'email': 'k6x80wj@oiwdly.niv', 'date': '2023-01-01 00:00:00'}
[2024-06-13T06:14:08.601+0000] {file_jsons_to_postgres.py:99} INFO - Inserting entry: {'name': 'Dathrika', 'email': 'mb*@msidff.wcv', 'date': '2023-01-01T00:00:00'}
[2024-06-13T06:14:08.602+0000] {file_jsons_to_postgres.py:99} INFO - Inserting entry: {'name': 'Vadlamudi', 'email': 'vfqvfr@zizdita.lt', 'date': '20230101'}
[2024-06-13T06:14:08.602+0000] {file_jsons_to_postgres.py:99} INFO - Inserting entry: {'name': 'Masthan', 'email': 'ry.e0ky@vmdp.xyt', 'date': '2023-01-01 00:00:00'}
[2024-06-13T06:14:08.603+0000] {file_jsons_to_postgres.py:99} INFO - Inserting entry: {'name': 'Nagavamsi', 'email': 'cb$#yv@ccb.yl', 'date': '2023-01-01T00:00:00+00:00'}
[2024-06-13T06:14:08.603+0000] {file_jsons_to_postgres.py:99} INFO - Inserting entry: {'name': 'Aishwarya', 'email': '2rk@t.hpz', 'date': '2023-01-01T00:00:00'}
[2024-06-13T06:14:08.603+0000] {file_jsons_to_postgres.py:99} INFO - Inserting entry: {'name': 'Sadvika', 'email': 'j1&8&&tfsf@dkesfl.un', 'date': '20230101000000123'}
[2024-06-13T06:14:08.604+0000] {file_jsons_to_postgres.py:104} ERROR - Error inserting data: timestamp out of range: "20230101000000123"
LINE 2: ... date) VALUES ('Sadvika', 'j1&8&&tfsf@dkesfl.un', '202301010...
                                                             ^

[2024-06-13T06:14:08.604+0000] {python.py:237} INFO - Done. Returned value was: None
[2024-06-13T06:14:08.604+0000] {taskinstance.py:441} INFO - ::group::Post task execution logs
[2024-06-13T06:14:08.614+0000] {taskinstance.py:1206} INFO - Marking task as SUCCESS. dag_id=***_example, task_id=insert_json, run_id=manual__2024-06-13T06:12:43.485969+00:00, execution_date=20240613T061243, start_date=20240613T061408, end_date=20240613T061408
[2024-06-13T06:14:08.633+0000] {local_task_job_runner.py:240} INFO - Task exited with return code 0
[2024-06-13T06:14:08.649+0000] {taskinstance.py:3498} INFO - 0 downstream tasks scheduled from follow-on schedule check
[2024-06-13T06:14:08.650+0000] {local_task_job_runner.py:222} INFO - ::endgroup::
