[2024-06-25T09:43:59.513+0000] {local_task_job_runner.py:120} INFO - ::group::Pre task execution logs
[2024-06-25T09:43:59.616+0000] {taskinstance.py:2076} INFO - Dependencies all met for dep_context=non-requeueable deps ti=<TaskInstance: demo_dag_for_alerting_apis_final.check_data_in_stream manual__2024-06-25T09:14:00.876340+00:00 [queued]>
[2024-06-25T09:43:59.651+0000] {taskinstance.py:2076} INFO - Dependencies all met for dep_context=requeueable deps ti=<TaskInstance: demo_dag_for_alerting_apis_final.check_data_in_stream manual__2024-06-25T09:14:00.876340+00:00 [queued]>
[2024-06-25T09:43:59.652+0000] {taskinstance.py:2306} INFO - Starting attempt 1 of 6
[2024-06-25T09:43:59.702+0000] {taskinstance.py:2330} INFO - Executing <Task(BranchPythonOperator): check_data_in_stream> on 2024-06-25 09:14:00.876340+00:00
[2024-06-25T09:43:59.719+0000] {warnings.py:110} WARNING - /home/***/.local/lib/python3.12/site-packages/***/task/task_runner/standard_task_runner.py:61: DeprecationWarning: This process (pid=284) is multi-threaded, use of fork() may lead to deadlocks in the child.
  pid = os.fork()

[2024-06-25T09:43:59.721+0000] {standard_task_runner.py:63} INFO - Started process 294 to run task
[2024-06-25T09:43:59.725+0000] {standard_task_runner.py:90} INFO - Running: ['***', 'tasks', 'run', 'demo_dag_for_alerting_apis_final', 'check_data_in_stream', 'manual__2024-06-25T09:14:00.876340+00:00', '--job-id', '3725', '--raw', '--subdir', 'DAGS_FOLDER/demo_dag_for_alerting_apis.py', '--cfg-path', '/tmp/tmp567lhcxi']
[2024-06-25T09:43:59.727+0000] {standard_task_runner.py:91} INFO - Job 3725: Subtask check_data_in_stream
[2024-06-25T09:43:59.841+0000] {task_command.py:426} INFO - Running <TaskInstance: demo_dag_for_alerting_apis_final.check_data_in_stream manual__2024-06-25T09:14:00.876340+00:00 [running]> on host ced2311e92d2
[2024-06-25T09:44:00.094+0000] {taskinstance.py:2648} INFO - Exporting env vars: AIRFLOW_CTX_DAG_OWNER='***' AIRFLOW_CTX_DAG_ID='demo_dag_for_alerting_apis_final' AIRFLOW_CTX_TASK_ID='check_data_in_stream' AIRFLOW_CTX_EXECUTION_DATE='2024-06-25T09:14:00.876340+00:00' AIRFLOW_CTX_TRY_NUMBER='1' AIRFLOW_CTX_DAG_RUN_ID='manual__2024-06-25T09:14:00.876340+00:00'
[2024-06-25T09:44:00.095+0000] {taskinstance.py:430} INFO - ::endgroup::
[2024-06-25T09:44:00.151+0000] {baseoperator.py:399} WARNING - BranchPythonOperator.execute cannot be called outside TaskInstance!
[2024-06-25T09:44:00.151+0000] {python.py:237} INFO - Done. Returned value was: insert_new_record_into_audit_table
[2024-06-25T09:44:00.152+0000] {branch.py:36} INFO - Branch into insert_new_record_into_audit_table
[2024-06-25T09:44:00.152+0000] {skipmixin.py:178} INFO - Following branch insert_new_record_into_audit_table
[2024-06-25T09:44:00.195+0000] {skipmixin.py:246} INFO - Skipping tasks [('skipped_due_to_data_unavailability', -1)]
[2024-06-25T09:44:00.269+0000] {taskinstance.py:441} INFO - ::group::Post task execution logs
[2024-06-25T09:44:00.348+0000] {taskinstance.py:1206} INFO - Marking task as SUCCESS. dag_id=demo_dag_for_alerting_apis_final, task_id=check_data_in_stream, run_id=manual__2024-06-25T09:14:00.876340+00:00, execution_date=20240625T091400, start_date=20240625T094359, end_date=20240625T094400
[2024-06-25T09:44:00.459+0000] {local_task_job_runner.py:240} INFO - Task exited with return code 0
[2024-06-25T09:44:00.512+0000] {taskinstance.py:3498} INFO - 0 downstream tasks scheduled from follow-on schedule check
[2024-06-25T09:44:00.514+0000] {local_task_job_runner.py:222} INFO - ::endgroup::
