[2024-06-13T06:43:02.607+0000] {local_task_job_runner.py:120} INFO - ::group::Pre task execution logs
[2024-06-13T06:43:02.639+0000] {taskinstance.py:2076} INFO - Dependencies all met for dep_context=non-requeueable deps ti=<TaskInstance: airflow_example1.read_file manual__2024-06-13T06:43:01.380966+00:00 [queued]>
[2024-06-13T06:43:02.654+0000] {taskinstance.py:2076} INFO - Dependencies all met for dep_context=requeueable deps ti=<TaskInstance: airflow_example1.read_file manual__2024-06-13T06:43:01.380966+00:00 [queued]>
[2024-06-13T06:43:02.655+0000] {taskinstance.py:2306} INFO - Starting attempt 1 of 6
[2024-06-13T06:43:02.672+0000] {taskinstance.py:2330} INFO - Executing <Task(PythonOperator): read_file> on 2024-06-13 06:43:01.380966+00:00
[2024-06-13T06:43:02.680+0000] {warnings.py:110} WARNING - /home/***/.local/lib/python3.12/site-packages/***/task/task_runner/standard_task_runner.py:61: DeprecationWarning: This process (pid=890) is multi-threaded, use of fork() may lead to deadlocks in the child.
  pid = os.fork()

[2024-06-13T06:43:02.681+0000] {standard_task_runner.py:63} INFO - Started process 891 to run task
[2024-06-13T06:43:02.682+0000] {standard_task_runner.py:90} INFO - Running: ['***', 'tasks', 'run', '***_example1', 'read_file', 'manual__2024-06-13T06:43:01.380966+00:00', '--job-id', '230', '--raw', '--subdir', 'DAGS_FOLDER/file_jsons_to_postgres.py', '--cfg-path', '/tmp/tmp_6azfy5h']
[2024-06-13T06:43:02.683+0000] {standard_task_runner.py:91} INFO - Job 230: Subtask read_file
[2024-06-13T06:43:02.736+0000] {task_command.py:426} INFO - Running <TaskInstance: airflow_example1.read_file manual__2024-06-13T06:43:01.380966+00:00 [running]> on host 8cc8d7c9eee4
[2024-06-13T06:43:02.842+0000] {taskinstance.py:2648} INFO - Exporting env vars: AIRFLOW_CTX_DAG_OWNER='***' AIRFLOW_CTX_DAG_ID='***_example1' AIRFLOW_CTX_TASK_ID='read_file' AIRFLOW_CTX_EXECUTION_DATE='2024-06-13T06:43:01.380966+00:00' AIRFLOW_CTX_TRY_NUMBER='1' AIRFLOW_CTX_DAG_RUN_ID='manual__2024-06-13T06:43:01.380966+00:00'
[2024-06-13T06:43:02.844+0000] {taskinstance.py:430} INFO - ::endgroup::
[2024-06-13T06:43:02.865+0000] {file_jsons_to_postgres.py:32} INFO - Loaded JSON data: [{'name': 'Namburi', 'email': '!re4@ut.io', 'date': '12-06-2024'}, {'name': 'Majji', 'email': 'm7#hv@fgbckjh.hg', 'date': '06.12.2024'}, {'name': 'McLaine', 'email': '8r@jt.ftz', 'date': '2022/12/31'}, {'name': 'Pottabathini', 'email': '!1rfivzz@re.ekn', 'date': '12.06.2024'}, {'name': 'Nikhitha', 'email': 's@ypabrani.mig', 'date': '06.12.2024'}, {'name': 'Aishwarya', 'email': 'i10^09*wt@buroxr.pm', 'date': '2024.06.12'}, {'name': 'Anthati', 'email': '4vogq@kie.ya', 'date': '06-12-2024'}, {'name': 'Samala', 'email': '%w!y503n@aroz.pgg', 'date': '06-12-2024'}, {'name': 'Vasamsetti', 'email': 'l$0!4ud.ta@nlgcogps.ja', 'date': '12-06-2024'}, {'name': 'Addala', 'email': '0!q#7%j@ahsgllw.lls', 'date': '06.12.2024'}]
[2024-06-13T06:43:02.885+0000] {python.py:237} INFO - Done. Returned value was: None
[2024-06-13T06:43:02.886+0000] {taskinstance.py:441} INFO - ::group::Post task execution logs
[2024-06-13T06:43:02.899+0000] {taskinstance.py:1206} INFO - Marking task as SUCCESS. dag_id=***_example1, task_id=read_file, run_id=manual__2024-06-13T06:43:01.380966+00:00, execution_date=20240613T064301, start_date=20240613T064302, end_date=20240613T064302
[2024-06-13T06:43:02.935+0000] {local_task_job_runner.py:240} INFO - Task exited with return code 0
[2024-06-13T06:43:02.972+0000] {taskinstance.py:3498} INFO - 1 downstream tasks scheduled from follow-on schedule check
[2024-06-13T06:43:02.981+0000] {local_task_job_runner.py:222} INFO - ::endgroup::
