[2024-06-25T13:19:08.794+0000] {local_task_job_runner.py:120} INFO - ::group::Pre task execution logs
[2024-06-25T13:19:08.848+0000] {taskinstance.py:2076} INFO - Dependencies all met for dep_context=non-requeueable deps ti=<TaskInstance: alerting_all_dags_using_apis.alert_all_continuous_skipped_dags manual__2024-06-25T13:19:02.911749+00:00 [queued]>
[2024-06-25T13:19:08.868+0000] {taskinstance.py:2076} INFO - Dependencies all met for dep_context=requeueable deps ti=<TaskInstance: alerting_all_dags_using_apis.alert_all_continuous_skipped_dags manual__2024-06-25T13:19:02.911749+00:00 [queued]>
[2024-06-25T13:19:08.869+0000] {taskinstance.py:2306} INFO - Starting attempt 1 of 6
[2024-06-25T13:19:08.897+0000] {taskinstance.py:2330} INFO - Executing <Task(PythonOperator): alert_all_continuous_skipped_dags> on 2024-06-25 13:19:02.911749+00:00
[2024-06-25T13:19:08.910+0000] {warnings.py:110} WARNING - /home/***/.local/lib/python3.12/site-packages/***/task/task_runner/standard_task_runner.py:61: DeprecationWarning: This process (pid=2353) is multi-threaded, use of fork() may lead to deadlocks in the child.
  pid = os.fork()

[2024-06-25T13:19:08.911+0000] {standard_task_runner.py:63} INFO - Started process 2354 to run task
[2024-06-25T13:19:08.912+0000] {standard_task_runner.py:90} INFO - Running: ['***', 'tasks', 'run', 'alerting_all_dags_using_apis', 'alert_all_continuous_skipped_dags', 'manual__2024-06-25T13:19:02.911749+00:00', '--job-id', '4025', '--raw', '--subdir', 'DAGS_FOLDER/alerting_all_dags_using_apis.py', '--cfg-path', '/tmp/tmpyji2zbr9']
[2024-06-25T13:19:08.914+0000] {standard_task_runner.py:91} INFO - Job 4025: Subtask alert_all_continuous_skipped_dags
[2024-06-25T13:19:08.980+0000] {task_command.py:426} INFO - Running <TaskInstance: alerting_all_dags_using_apis.alert_all_continuous_skipped_dags manual__2024-06-25T13:19:02.911749+00:00 [running]> on host ced2311e92d2
[2024-06-25T13:19:09.127+0000] {taskinstance.py:2648} INFO - Exporting env vars: AIRFLOW_CTX_DAG_OWNER='***' AIRFLOW_CTX_DAG_ID='alerting_all_dags_using_apis' AIRFLOW_CTX_TASK_ID='alert_all_continuous_skipped_dags' AIRFLOW_CTX_EXECUTION_DATE='2024-06-25T13:19:02.911749+00:00' AIRFLOW_CTX_TRY_NUMBER='1' AIRFLOW_CTX_DAG_RUN_ID='manual__2024-06-25T13:19:02.911749+00:00'
[2024-06-25T13:19:09.128+0000] {taskinstance.py:430} INFO - ::endgroup::
[2024-06-25T13:19:09.152+0000] {helper_functions.py:348} ERROR - Failed to alert continuous skipped DAGs: 'NoneType' object has no attribute 'items'
Traceback (most recent call last):
  File "/opt/airflow/dags/helper_functions.py", line 342, in alert_all_continuous_skipped_dags
    for dag_id, skipped_counts in states_of_all_dags_each_runs.items():
                                  ^^^^^^^^^^^^^^^^^^^^^^^^^^^^^^^^^^
AttributeError: 'NoneType' object has no attribute 'items'
[2024-06-25T13:19:09.154+0000] {python.py:237} INFO - Done. Returned value was: None
[2024-06-25T13:19:09.155+0000] {taskinstance.py:441} INFO - ::group::Post task execution logs
[2024-06-25T13:19:09.167+0000] {taskinstance.py:1206} INFO - Marking task as SUCCESS. dag_id=alerting_all_dags_using_apis, task_id=alert_all_continuous_skipped_dags, run_id=manual__2024-06-25T13:19:02.911749+00:00, execution_date=20240625T131902, start_date=20240625T131908, end_date=20240625T131909
[2024-06-25T13:19:09.207+0000] {local_task_job_runner.py:240} INFO - Task exited with return code 0
[2024-06-25T13:19:09.234+0000] {taskinstance.py:3498} INFO - 0 downstream tasks scheduled from follow-on schedule check
[2024-06-25T13:19:09.237+0000] {local_task_job_runner.py:222} INFO - ::endgroup::
