[2024-06-21T07:13:09.422+0000] {local_task_job_runner.py:120} INFO - ::group::Pre task execution logs
[2024-06-21T07:13:09.450+0000] {taskinstance.py:2076} INFO - Dependencies all met for dep_context=non-requeueable deps ti=<TaskInstance: alerting_all_dags_using_apis.alert_all_continuous_skipped_dags manual__2024-06-21T07:13:02.540919+00:00 [queued]>
[2024-06-21T07:13:09.461+0000] {taskinstance.py:2076} INFO - Dependencies all met for dep_context=requeueable deps ti=<TaskInstance: alerting_all_dags_using_apis.alert_all_continuous_skipped_dags manual__2024-06-21T07:13:02.540919+00:00 [queued]>
[2024-06-21T07:13:09.462+0000] {taskinstance.py:2306} INFO - Starting attempt 1 of 6
[2024-06-21T07:13:09.479+0000] {taskinstance.py:2330} INFO - Executing <Task(PythonOperator): alert_all_continuous_skipped_dags> on 2024-06-21 07:13:02.540919+00:00
[2024-06-21T07:13:09.486+0000] {warnings.py:110} WARNING - /home/***/.local/lib/python3.12/site-packages/***/task/task_runner/standard_task_runner.py:61: DeprecationWarning: This process (pid=2553) is multi-threaded, use of fork() may lead to deadlocks in the child.
  pid = os.fork()

[2024-06-21T07:13:09.488+0000] {standard_task_runner.py:63} INFO - Started process 2554 to run task
[2024-06-21T07:13:09.488+0000] {standard_task_runner.py:90} INFO - Running: ['***', 'tasks', 'run', 'alerting_all_dags_using_apis', 'alert_all_continuous_skipped_dags', 'manual__2024-06-21T07:13:02.540919+00:00', '--job-id', '2894', '--raw', '--subdir', 'DAGS_FOLDER/alerting_all_dags_using_apis.py', '--cfg-path', '/tmp/tmpgnywpk4k']
[2024-06-21T07:13:09.489+0000] {standard_task_runner.py:91} INFO - Job 2894: Subtask alert_all_continuous_skipped_dags
[2024-06-21T07:13:09.538+0000] {task_command.py:426} INFO - Running <TaskInstance: alerting_all_dags_using_apis.alert_all_continuous_skipped_dags manual__2024-06-21T07:13:02.540919+00:00 [running]> on host e66744caf823
[2024-06-21T07:13:09.657+0000] {taskinstance.py:2648} INFO - Exporting env vars: AIRFLOW_CTX_DAG_OWNER='***' AIRFLOW_CTX_DAG_ID='alerting_all_dags_using_apis' AIRFLOW_CTX_TASK_ID='alert_all_continuous_skipped_dags' AIRFLOW_CTX_EXECUTION_DATE='2024-06-21T07:13:02.540919+00:00' AIRFLOW_CTX_TRY_NUMBER='1' AIRFLOW_CTX_DAG_RUN_ID='manual__2024-06-21T07:13:02.540919+00:00'
[2024-06-21T07:13:09.658+0000] {taskinstance.py:430} INFO - ::endgroup::
[2024-06-21T07:13:09.674+0000] {helper_functions.py:121} ERROR - Failed to run alerting_all_dags_using_apis with task alert_all_continuous_skipped_dags: alert_all_continuous_skipped_dags() got an unexpected keyword argument 'active_dag_ids'
[2024-06-21T07:13:09.674+0000] {python.py:237} INFO - Done. Returned value was: None
[2024-06-21T07:13:09.674+0000] {taskinstance.py:441} INFO - ::group::Post task execution logs
[2024-06-21T07:13:09.686+0000] {taskinstance.py:1206} INFO - Marking task as SUCCESS. dag_id=alerting_all_dags_using_apis, task_id=alert_all_continuous_skipped_dags, run_id=manual__2024-06-21T07:13:02.540919+00:00, execution_date=20240621T071302, start_date=20240621T071309, end_date=20240621T071309
[2024-06-21T07:13:09.742+0000] {local_task_job_runner.py:240} INFO - Task exited with return code 0
[2024-06-21T07:13:09.792+0000] {taskinstance.py:3498} INFO - 0 downstream tasks scheduled from follow-on schedule check
[2024-06-21T07:13:09.793+0000] {local_task_job_runner.py:222} INFO - ::endgroup::
