[2024-06-27T05:15:02.059+0000] {local_task_job_runner.py:120} INFO - ::group::Pre task execution logs
[2024-06-27T05:15:02.080+0000] {taskinstance.py:2076} INFO - Dependencies all met for dep_context=non-requeueable deps ti=<TaskInstance: alerting_all_dags_using_apis.get_all_active_dags scheduled__2024-06-27T05:12:00+00:00 [queued]>
[2024-06-27T05:15:02.087+0000] {taskinstance.py:2076} INFO - Dependencies all met for dep_context=requeueable deps ti=<TaskInstance: alerting_all_dags_using_apis.get_all_active_dags scheduled__2024-06-27T05:12:00+00:00 [queued]>
[2024-06-27T05:15:02.088+0000] {taskinstance.py:2306} INFO - Starting attempt 1 of 6
[2024-06-27T05:15:02.101+0000] {taskinstance.py:2330} INFO - Executing <Task(PythonOperator): get_all_active_dags> on 2024-06-27 05:12:00+00:00
[2024-06-27T05:15:02.106+0000] {warnings.py:110} WARNING - /home/***/.local/lib/python3.12/site-packages/***/task/task_runner/standard_task_runner.py:61: DeprecationWarning: This process (pid=766) is multi-threaded, use of fork() may lead to deadlocks in the child.
  pid = os.fork()

[2024-06-27T05:15:02.107+0000] {standard_task_runner.py:63} INFO - Started process 767 to run task
[2024-06-27T05:15:02.108+0000] {standard_task_runner.py:90} INFO - Running: ['***', 'tasks', 'run', 'alerting_all_dags_using_apis', 'get_all_active_dags', 'scheduled__2024-06-27T05:12:00+00:00', '--job-id', '4580', '--raw', '--subdir', 'DAGS_FOLDER/alerting_all_dags_using_apis.py', '--cfg-path', '/tmp/tmpt_d0v3mi']
[2024-06-27T05:15:02.109+0000] {standard_task_runner.py:91} INFO - Job 4580: Subtask get_all_active_dags
[2024-06-27T05:15:02.150+0000] {task_command.py:426} INFO - Running <TaskInstance: alerting_all_dags_using_apis.get_all_active_dags scheduled__2024-06-27T05:12:00+00:00 [running]> on host eeacb89bcfc1
[2024-06-27T05:15:02.235+0000] {taskinstance.py:2648} INFO - Exporting env vars: AIRFLOW_CTX_DAG_OWNER='***' AIRFLOW_CTX_DAG_ID='alerting_all_dags_using_apis' AIRFLOW_CTX_TASK_ID='get_all_active_dags' AIRFLOW_CTX_EXECUTION_DATE='2024-06-27T05:12:00+00:00' AIRFLOW_CTX_TRY_NUMBER='1' AIRFLOW_CTX_DAG_RUN_ID='scheduled__2024-06-27T05:12:00+00:00'
[2024-06-27T05:15:02.236+0000] {taskinstance.py:430} INFO - ::endgroup::
[2024-06-27T05:15:02.252+0000] {helper_functions.py:255} INFO - Requesting http://***:***@172.240.2.5:8080/api/v1/dags?only_active=true
[2024-06-27T05:15:02.434+0000] {python.py:237} INFO - Done. Returned value was: ['alerting_all_dags_using_apis', 'demo_dag_for_alerting_apis_final', 'demo_dag_for_alerting_final']
[2024-06-27T05:15:02.434+0000] {taskinstance.py:441} INFO - ::group::Post task execution logs
[2024-06-27T05:15:02.453+0000] {taskinstance.py:1206} INFO - Marking task as SUCCESS. dag_id=alerting_all_dags_using_apis, task_id=get_all_active_dags, run_id=scheduled__2024-06-27T05:12:00+00:00, execution_date=20240627T051200, start_date=20240627T051502, end_date=20240627T051502
[2024-06-27T05:15:02.481+0000] {local_task_job_runner.py:240} INFO - Task exited with return code 0
[2024-06-27T05:15:02.510+0000] {taskinstance.py:3498} INFO - 1 downstream tasks scheduled from follow-on schedule check
[2024-06-27T05:15:02.512+0000] {local_task_job_runner.py:222} INFO - ::endgroup::
