[2024-06-24T10:45:33.515+0000] {local_task_job_runner.py:120} INFO - ::group::Pre task execution logs
[2024-06-24T10:45:33.542+0000] {taskinstance.py:2076} INFO - Dependencies all met for dep_context=non-requeueable deps ti=<TaskInstance: alerting_all_dags_using_apis.get_all_dag_ids_last_limit_run_ids manual__2024-06-24T10:45:29.213611+00:00 [queued]>
[2024-06-24T10:45:33.552+0000] {taskinstance.py:2076} INFO - Dependencies all met for dep_context=requeueable deps ti=<TaskInstance: alerting_all_dags_using_apis.get_all_dag_ids_last_limit_run_ids manual__2024-06-24T10:45:29.213611+00:00 [queued]>
[2024-06-24T10:45:33.552+0000] {taskinstance.py:2306} INFO - Starting attempt 1 of 6
[2024-06-24T10:45:33.604+0000] {taskinstance.py:2330} INFO - Executing <Task(PythonOperator): get_all_dag_ids_last_limit_run_ids> on 2024-06-24 10:45:29.213611+00:00
[2024-06-24T10:45:33.609+0000] {warnings.py:110} WARNING - /home/***/.local/lib/python3.12/site-packages/***/task/task_runner/standard_task_runner.py:61: DeprecationWarning: This process (pid=3013) is multi-threaded, use of fork() may lead to deadlocks in the child.
  pid = os.fork()

[2024-06-24T10:45:33.610+0000] {standard_task_runner.py:63} INFO - Started process 3014 to run task
[2024-06-24T10:45:33.611+0000] {standard_task_runner.py:90} INFO - Running: ['***', 'tasks', 'run', 'alerting_all_dags_using_apis', 'get_all_dag_ids_last_limit_run_ids', 'manual__2024-06-24T10:45:29.213611+00:00', '--job-id', '3591', '--raw', '--subdir', 'DAGS_FOLDER/alerting_all_dags_using_apis.py', '--cfg-path', '/tmp/tmp85enl3gv']
[2024-06-24T10:45:33.612+0000] {standard_task_runner.py:91} INFO - Job 3591: Subtask get_all_dag_ids_last_limit_run_ids
[2024-06-24T10:45:33.657+0000] {task_command.py:426} INFO - Running <TaskInstance: alerting_all_dags_using_apis.get_all_dag_ids_last_limit_run_ids manual__2024-06-24T10:45:29.213611+00:00 [running]> on host bf895605831d
[2024-06-24T10:45:33.776+0000] {taskinstance.py:2648} INFO - Exporting env vars: AIRFLOW_CTX_DAG_OWNER='***' AIRFLOW_CTX_DAG_ID='alerting_all_dags_using_apis' AIRFLOW_CTX_TASK_ID='get_all_dag_ids_last_limit_run_ids' AIRFLOW_CTX_EXECUTION_DATE='2024-06-24T10:45:29.213611+00:00' AIRFLOW_CTX_TRY_NUMBER='1' AIRFLOW_CTX_DAG_RUN_ID='manual__2024-06-24T10:45:29.213611+00:00'
[2024-06-24T10:45:33.777+0000] {taskinstance.py:430} INFO - ::endgroup::
[2024-06-24T10:45:33.793+0000] {helper_functions.py:205} INFO - Requesting http://***:***@172.240.2.5:8080/api/v1/dags/alerting_all_dags_using_apis/dagRuns?limit=3&order_by=-start_date
[2024-06-24T10:45:34.031+0000] {helper_functions.py:205} INFO - Requesting http://***:***@172.240.2.5:8080/api/v1/dags/create_table/dagRuns?limit=3&order_by=-start_date
[2024-06-24T10:45:34.256+0000] {helper_functions.py:205} INFO - Requesting http://***:***@172.240.2.5:8080/api/v1/dags/demo_dag_for_alerting_apis_final/dagRuns?limit=3&order_by=-start_date
[2024-06-24T10:45:34.506+0000] {helper_functions.py:205} INFO - Requesting http://***:***@172.240.2.5:8080/api/v1/dags/demo_dag_for_alerting_final_1/dagRuns?limit=3&order_by=-start_date
[2024-06-24T10:45:34.841+0000] {helper_functions.py:205} INFO - Requesting http://***:***@172.240.2.5:8080/api/v1/dags/file_jsons_to_postgres/dagRuns?limit=3&order_by=-start_date
[2024-06-24T10:45:35.097+0000] {helper_functions.py:210} INFO - Run IDs: {'alerting_all_dags_using_apis': ['manual__2024-06-24T10:45:29.213611+00:00', 'scheduled__2024-06-24T10:30:00+00:00', 'manual__2024-06-24T10:35:59.253848+00:00'], 'create_table': ['scheduled__2024-06-18T00:00:00+00:00', 'manual__2024-06-12T06:16:49.488642+00:00', 'manual__2024-06-12T06:08:17.088814+00:00'], 'demo_dag_for_alerting_apis_final': ['scheduled__2024-06-24T09:49:00+00:00', 'scheduled__2024-06-24T09:48:00+00:00', 'scheduled__2024-06-24T09:47:00+00:00'], 'demo_dag_for_alerting_final_1': ['scheduled__2024-06-24T09:49:00+00:00', 'scheduled__2024-06-24T09:48:00+00:00', 'scheduled__2024-06-24T09:47:00+00:00'], 'file_jsons_to_postgres': ['scheduled__2024-06-19T18:40:00+00:00', 'scheduled__2024-06-19T18:35:00+00:00', 'scheduled__2024-06-19T18:30:00+00:00']}
[2024-06-24T10:45:35.098+0000] {python.py:237} INFO - Done. Returned value was: {'alerting_all_dags_using_apis': ['manual__2024-06-24T10:45:29.213611+00:00', 'scheduled__2024-06-24T10:30:00+00:00', 'manual__2024-06-24T10:35:59.253848+00:00'], 'create_table': ['scheduled__2024-06-18T00:00:00+00:00', 'manual__2024-06-12T06:16:49.488642+00:00', 'manual__2024-06-12T06:08:17.088814+00:00'], 'demo_dag_for_alerting_apis_final': ['scheduled__2024-06-24T09:49:00+00:00', 'scheduled__2024-06-24T09:48:00+00:00', 'scheduled__2024-06-24T09:47:00+00:00'], 'demo_dag_for_alerting_final_1': ['scheduled__2024-06-24T09:49:00+00:00', 'scheduled__2024-06-24T09:48:00+00:00', 'scheduled__2024-06-24T09:47:00+00:00'], 'file_jsons_to_postgres': ['scheduled__2024-06-19T18:40:00+00:00', 'scheduled__2024-06-19T18:35:00+00:00', 'scheduled__2024-06-19T18:30:00+00:00']}
[2024-06-24T10:45:35.098+0000] {taskinstance.py:441} INFO - ::group::Post task execution logs
[2024-06-24T10:45:35.123+0000] {taskinstance.py:1206} INFO - Marking task as SUCCESS. dag_id=alerting_all_dags_using_apis, task_id=get_all_dag_ids_last_limit_run_ids, run_id=manual__2024-06-24T10:45:29.213611+00:00, execution_date=20240624T104529, start_date=20240624T104533, end_date=20240624T104535
[2024-06-24T10:45:35.148+0000] {local_task_job_runner.py:240} INFO - Task exited with return code 0
[2024-06-24T10:45:35.187+0000] {taskinstance.py:3498} INFO - 1 downstream tasks scheduled from follow-on schedule check
[2024-06-24T10:45:35.190+0000] {local_task_job_runner.py:222} INFO - ::endgroup::
