[2024-06-27T04:41:02.197+0000] {local_task_job_runner.py:120} INFO - ::group::Pre task execution logs
[2024-06-27T04:41:02.237+0000] {taskinstance.py:2076} INFO - Dependencies all met for dep_context=non-requeueable deps ti=<TaskInstance: alerting_all_dags_using_apis.get_all_active_dags scheduled__2024-06-27T04:36:00+00:00 [queued]>
[2024-06-27T04:41:02.252+0000] {taskinstance.py:2076} INFO - Dependencies all met for dep_context=requeueable deps ti=<TaskInstance: alerting_all_dags_using_apis.get_all_active_dags scheduled__2024-06-27T04:36:00+00:00 [queued]>
[2024-06-27T04:41:02.252+0000] {taskinstance.py:2306} INFO - Starting attempt 1 of 6
[2024-06-27T04:41:02.275+0000] {taskinstance.py:2330} INFO - Executing <Task(PythonOperator): get_all_active_dags> on 2024-06-27 04:36:00+00:00
[2024-06-27T04:41:02.284+0000] {warnings.py:110} WARNING - /home/***/.local/lib/python3.12/site-packages/***/task/task_runner/standard_task_runner.py:61: DeprecationWarning: This process (pid=226) is multi-threaded, use of fork() may lead to deadlocks in the child.
  pid = os.fork()

[2024-06-27T04:41:02.286+0000] {standard_task_runner.py:63} INFO - Started process 228 to run task
[2024-06-27T04:41:02.286+0000] {standard_task_runner.py:90} INFO - Running: ['***', 'tasks', 'run', 'alerting_all_dags_using_apis', 'get_all_active_dags', 'scheduled__2024-06-27T04:36:00+00:00', '--job-id', '4532', '--raw', '--subdir', 'DAGS_FOLDER/alerting_all_dags_using_apis.py', '--cfg-path', '/tmp/tmpjxgxt2s6']
[2024-06-27T04:41:02.287+0000] {standard_task_runner.py:91} INFO - Job 4532: Subtask get_all_active_dags
[2024-06-27T04:41:02.354+0000] {task_command.py:426} INFO - Running <TaskInstance: alerting_all_dags_using_apis.get_all_active_dags scheduled__2024-06-27T04:36:00+00:00 [running]> on host eeacb89bcfc1
[2024-06-27T04:41:02.495+0000] {taskinstance.py:2648} INFO - Exporting env vars: AIRFLOW_CTX_DAG_OWNER='***' AIRFLOW_CTX_DAG_ID='alerting_all_dags_using_apis' AIRFLOW_CTX_TASK_ID='get_all_active_dags' AIRFLOW_CTX_EXECUTION_DATE='2024-06-27T04:36:00+00:00' AIRFLOW_CTX_TRY_NUMBER='1' AIRFLOW_CTX_DAG_RUN_ID='scheduled__2024-06-27T04:36:00+00:00'
[2024-06-27T04:41:02.496+0000] {taskinstance.py:430} INFO - ::endgroup::
[2024-06-27T04:41:02.519+0000] {helper_functions.py:257} INFO - Requesting http://***:***@172.240.2.5:8080/api/v1/dags?only_active=truee
[2024-06-27T04:41:02.533+0000] {helper_functions.py:271} ERROR - Failed to get active DAGs: 400 Client Error: BAD REQUEST for url: http://***:***@172.240.2.5:8080/api/v1/dags?only_active=truee
Traceback (most recent call last):
  File "/opt/airflow/dags/helper_functions.py", line 260, in get_all_active_dags
    response.raise_for_status()
  File "/home/airflow/.local/lib/python3.12/site-packages/requests/models.py", line 1021, in raise_for_status
    raise HTTPError(http_error_msg, response=self)
requests.exceptions.HTTPError: 400 Client Error: BAD REQUEST for url: http://***:***@172.240.2.5:8080/api/v1/dags?only_active=truee
[2024-06-27T04:41:02.535+0000] {helper_functions.py:210} ERROR - Failed to run alerting_all_dags_using_apis with task get_all_active_dags: BAD REQUEST: Incorrect URL REQUEST
[2024-06-27T04:41:02.535+0000] {python.py:237} INFO - Done. Returned value was: None
[2024-06-27T04:41:02.536+0000] {taskinstance.py:441} INFO - ::group::Post task execution logs
[2024-06-27T04:41:02.551+0000] {taskinstance.py:1206} INFO - Marking task as SUCCESS. dag_id=alerting_all_dags_using_apis, task_id=get_all_active_dags, run_id=scheduled__2024-06-27T04:36:00+00:00, execution_date=20240627T043600, start_date=20240627T044102, end_date=20240627T044102
[2024-06-27T04:41:02.581+0000] {local_task_job_runner.py:240} INFO - Task exited with return code 0
[2024-06-27T04:41:02.620+0000] {taskinstance.py:3498} INFO - 1 downstream tasks scheduled from follow-on schedule check
[2024-06-27T04:41:02.622+0000] {local_task_job_runner.py:222} INFO - ::endgroup::
