[2024-06-26T10:13:03.343+0000] {local_task_job_runner.py:120} INFO - ::group::Pre task execution logs
[2024-06-26T10:13:03.400+0000] {taskinstance.py:2076} INFO - Dependencies all met for dep_context=non-requeueable deps ti=<TaskInstance: demo_dag_for_alerting_final.skip_run scheduled__2024-06-26T10:12:00+00:00 [queued]>
[2024-06-26T10:13:03.419+0000] {taskinstance.py:2076} INFO - Dependencies all met for dep_context=requeueable deps ti=<TaskInstance: demo_dag_for_alerting_final.skip_run scheduled__2024-06-26T10:12:00+00:00 [queued]>
[2024-06-26T10:13:03.420+0000] {taskinstance.py:2306} INFO - Starting attempt 1 of 6
[2024-06-26T10:13:03.445+0000] {taskinstance.py:2330} INFO - Executing <Task(PythonOperator): skip_run> on 2024-06-26 10:12:00+00:00
[2024-06-26T10:13:03.454+0000] {warnings.py:110} WARNING - /home/***/.local/lib/python3.12/site-packages/***/task/task_runner/standard_task_runner.py:61: DeprecationWarning: This process (pid=6320) is multi-threaded, use of fork() may lead to deadlocks in the child.
  pid = os.fork()

[2024-06-26T10:13:03.455+0000] {standard_task_runner.py:63} INFO - Started process 6323 to run task
[2024-06-26T10:13:03.456+0000] {standard_task_runner.py:90} INFO - Running: ['***', 'tasks', 'run', 'demo_dag_for_alerting_final', 'skip_run', 'scheduled__2024-06-26T10:12:00+00:00', '--job-id', '4287', '--raw', '--subdir', 'DAGS_FOLDER/demo_dag_for_alerting.py', '--cfg-path', '/tmp/tmp8rrvmt79']
[2024-06-26T10:13:03.457+0000] {standard_task_runner.py:91} INFO - Job 4287: Subtask skip_run
[2024-06-26T10:13:03.515+0000] {task_command.py:426} INFO - Running <TaskInstance: demo_dag_for_alerting_final.skip_run scheduled__2024-06-26T10:12:00+00:00 [running]> on host ced2311e92d2
[2024-06-26T10:13:03.684+0000] {taskinstance.py:2648} INFO - Exporting env vars: AIRFLOW_CTX_DAG_OWNER='***' AIRFLOW_CTX_DAG_ID='demo_dag_for_alerting_final' AIRFLOW_CTX_TASK_ID='skip_run' AIRFLOW_CTX_EXECUTION_DATE='2024-06-26T10:12:00+00:00' AIRFLOW_CTX_TRY_NUMBER='1' AIRFLOW_CTX_DAG_RUN_ID='scheduled__2024-06-26T10:12:00+00:00'
[2024-06-26T10:13:03.685+0000] {taskinstance.py:430} INFO - ::endgroup::
[2024-06-26T10:13:03.712+0000] {helper_functions.py:158} INFO - The DAG demo_dag_for_alerting_final was skipped at 2024-06-26 10:13:03.712653

[2024-06-26T10:13:03.713+0000] {python.py:237} INFO - Done. Returned value was: None
[2024-06-26T10:13:03.713+0000] {taskinstance.py:441} INFO - ::group::Post task execution logs
[2024-06-26T10:13:03.726+0000] {taskinstance.py:1206} INFO - Marking task as SUCCESS. dag_id=demo_dag_for_alerting_final, task_id=skip_run, run_id=scheduled__2024-06-26T10:12:00+00:00, execution_date=20240626T101200, start_date=20240626T101303, end_date=20240626T101303
[2024-06-26T10:13:03.749+0000] {local_task_job_runner.py:240} INFO - Task exited with return code 0
[2024-06-26T10:13:03.776+0000] {taskinstance.py:3498} INFO - 0 downstream tasks scheduled from follow-on schedule check
[2024-06-26T10:13:03.777+0000] {local_task_job_runner.py:222} INFO - ::endgroup::
