[2024-06-28T05:35:58.221+0000] {local_task_job_runner.py:120} INFO - ::group::Pre task execution logs
[2024-06-28T05:35:58.246+0000] {taskinstance.py:2076} INFO - Dependencies all met for dep_context=non-requeueable deps ti=<TaskInstance: alerting_all_dags_using_apis.get_all_dag_ids_last_limit_run_ids scheduled__2024-06-28T05:27:00+00:00 [queued]>
[2024-06-28T05:35:58.255+0000] {taskinstance.py:2076} INFO - Dependencies all met for dep_context=requeueable deps ti=<TaskInstance: alerting_all_dags_using_apis.get_all_dag_ids_last_limit_run_ids scheduled__2024-06-28T05:27:00+00:00 [queued]>
[2024-06-28T05:35:58.256+0000] {taskinstance.py:2306} INFO - Starting attempt 1 of 6
[2024-06-28T05:35:58.275+0000] {taskinstance.py:2330} INFO - Executing <Task(PythonOperator): get_all_dag_ids_last_limit_run_ids> on 2024-06-28 05:27:00+00:00
[2024-06-28T05:35:58.280+0000] {warnings.py:110} WARNING - /home/***/.local/lib/python3.12/site-packages/***/task/task_runner/standard_task_runner.py:61: DeprecationWarning: This process (pid=6440) is multi-threaded, use of fork() may lead to deadlocks in the child.
  pid = os.fork()

[2024-06-28T05:35:58.281+0000] {standard_task_runner.py:63} INFO - Started process 6443 to run task
[2024-06-28T05:35:58.281+0000] {standard_task_runner.py:90} INFO - Running: ['***', 'tasks', 'run', 'alerting_all_dags_using_apis', 'get_all_dag_ids_last_limit_run_ids', 'scheduled__2024-06-28T05:27:00+00:00', '--job-id', '4827', '--raw', '--subdir', 'DAGS_FOLDER/alerting_all_dags_using_apis.py', '--cfg-path', '/tmp/tmp36p5dj6t']
[2024-06-28T05:35:58.283+0000] {standard_task_runner.py:91} INFO - Job 4827: Subtask get_all_dag_ids_last_limit_run_ids
[2024-06-28T05:35:58.331+0000] {task_command.py:426} INFO - Running <TaskInstance: alerting_all_dags_using_apis.get_all_dag_ids_last_limit_run_ids scheduled__2024-06-28T05:27:00+00:00 [running]> on host eeacb89bcfc1
[2024-06-28T05:35:58.455+0000] {taskinstance.py:2648} INFO - Exporting env vars: AIRFLOW_CTX_DAG_OWNER='***' AIRFLOW_CTX_DAG_ID='alerting_all_dags_using_apis' AIRFLOW_CTX_TASK_ID='get_all_dag_ids_last_limit_run_ids' AIRFLOW_CTX_EXECUTION_DATE='2024-06-28T05:27:00+00:00' AIRFLOW_CTX_TRY_NUMBER='1' AIRFLOW_CTX_DAG_RUN_ID='scheduled__2024-06-28T05:27:00+00:00'
[2024-06-28T05:35:58.456+0000] {taskinstance.py:430} INFO - ::endgroup::
[2024-06-28T05:35:58.475+0000] {helper_functions.py:300} INFO - Requesting http://***:***@172.240.2.5:8080/api/v1/dags/alerting_all_dags_using_apis/dagRuns?limit=3&order_by=-start_date
[2024-06-28T05:35:58.692+0000] {helper_functions.py:300} INFO - Requesting http://***:***@172.240.2.5:8080/api/v1/dags/demo_dag_for_alerting_apis_final/dagRuns?limit=3&order_by=-start_date
[2024-06-28T05:35:58.898+0000] {helper_functions.py:300} INFO - Requesting http://***:***@172.240.2.5:8080/api/v1/dags/demo_dag_for_alerting_final/dagRuns?limit=3&order_by=-start_date
[2024-06-28T05:35:59.117+0000] {python.py:237} INFO - Done. Returned value was: [['alerting_all_dags_using_apis', 'scheduled__2024-06-28T05:30:00+00:00'], ['alerting_all_dags_using_apis', 'scheduled__2024-06-28T05:27:00+00:00'], ['alerting_all_dags_using_apis', 'scheduled__2024-06-28T05:24:00+00:00'], ['demo_dag_for_alerting_apis_final', 'scheduled__2024-06-28T05:09:00+00:00'], ['demo_dag_for_alerting_apis_final', 'scheduled__2024-06-28T05:08:00+00:00'], ['demo_dag_for_alerting_apis_final', 'scheduled__2024-06-28T05:07:00+00:00'], ['demo_dag_for_alerting_final', 'scheduled__2024-06-28T05:09:00+00:00'], ['demo_dag_for_alerting_final', 'scheduled__2024-06-28T05:08:00+00:00'], ['demo_dag_for_alerting_final', 'scheduled__2024-06-28T05:07:00+00:00']]
[2024-06-28T05:35:59.118+0000] {taskinstance.py:441} INFO - ::group::Post task execution logs
[2024-06-28T05:35:59.141+0000] {taskinstance.py:1206} INFO - Marking task as SUCCESS. dag_id=alerting_all_dags_using_apis, task_id=get_all_dag_ids_last_limit_run_ids, run_id=scheduled__2024-06-28T05:27:00+00:00, execution_date=20240628T052700, start_date=20240628T053558, end_date=20240628T053559
[2024-06-28T05:35:59.177+0000] {local_task_job_runner.py:240} INFO - Task exited with return code 0
[2024-06-28T05:35:59.206+0000] {taskinstance.py:3498} INFO - 1 downstream tasks scheduled from follow-on schedule check
[2024-06-28T05:35:59.207+0000] {local_task_job_runner.py:222} INFO - ::endgroup::
