[2024-06-20T09:55:04.506+0000] {local_task_job_runner.py:120} INFO - ::group::Pre task execution logs
[2024-06-20T09:55:04.528+0000] {taskinstance.py:2076} INFO - Dependencies all met for dep_context=non-requeueable deps ti=<TaskInstance: demo_dag_for_alerting_final_1.refresh_external_table scheduled__2024-06-20T09:54:00+00:00 [queued]>
[2024-06-20T09:55:04.536+0000] {taskinstance.py:2076} INFO - Dependencies all met for dep_context=requeueable deps ti=<TaskInstance: demo_dag_for_alerting_final_1.refresh_external_table scheduled__2024-06-20T09:54:00+00:00 [queued]>
[2024-06-20T09:55:04.537+0000] {taskinstance.py:2306} INFO - Starting attempt 1 of 6
[2024-06-20T09:55:04.552+0000] {taskinstance.py:2330} INFO - Executing <Task(PythonOperator): refresh_external_table> on 2024-06-20 09:54:00+00:00
[2024-06-20T09:55:04.558+0000] {warnings.py:110} WARNING - /home/***/.local/lib/python3.12/site-packages/***/task/task_runner/standard_task_runner.py:61: DeprecationWarning: This process (pid=3489) is multi-threaded, use of fork() may lead to deadlocks in the child.
  pid = os.fork()

[2024-06-20T09:55:04.559+0000] {standard_task_runner.py:63} INFO - Started process 3490 to run task
[2024-06-20T09:55:04.559+0000] {standard_task_runner.py:90} INFO - Running: ['***', 'tasks', 'run', 'demo_dag_for_alerting_final_1', 'refresh_external_table', 'scheduled__2024-06-20T09:54:00+00:00', '--job-id', '2291', '--raw', '--subdir', 'DAGS_FOLDER/demo_dag_for_alerting.py', '--cfg-path', '/tmp/tmpuvtz7g8_']
[2024-06-20T09:55:04.560+0000] {standard_task_runner.py:91} INFO - Job 2291: Subtask refresh_external_table
[2024-06-20T09:55:04.603+0000] {task_command.py:426} INFO - Running <TaskInstance: demo_dag_for_alerting_final_1.refresh_external_table scheduled__2024-06-20T09:54:00+00:00 [running]> on host e66744caf823
[2024-06-20T09:55:04.695+0000] {taskinstance.py:2648} INFO - Exporting env vars: AIRFLOW_CTX_DAG_OWNER='***' AIRFLOW_CTX_DAG_ID='demo_dag_for_alerting_final_1' AIRFLOW_CTX_TASK_ID='refresh_external_table' AIRFLOW_CTX_EXECUTION_DATE='2024-06-20T09:54:00+00:00' AIRFLOW_CTX_TRY_NUMBER='1' AIRFLOW_CTX_DAG_RUN_ID='scheduled__2024-06-20T09:54:00+00:00'
[2024-06-20T09:55:04.695+0000] {taskinstance.py:430} INFO - ::endgroup::
[2024-06-20T09:55:04.707+0000] {logging_mixin.py:188} INFO - refresh_crm_campaign_run_external_table
[2024-06-20T09:55:04.707+0000] {python.py:237} INFO - Done. Returned value was: None
[2024-06-20T09:55:04.708+0000] {taskinstance.py:441} INFO - ::group::Post task execution logs
[2024-06-20T09:55:04.717+0000] {taskinstance.py:1206} INFO - Marking task as SUCCESS. dag_id=demo_dag_for_alerting_final_1, task_id=refresh_external_table, run_id=scheduled__2024-06-20T09:54:00+00:00, execution_date=20240620T095400, start_date=20240620T095504, end_date=20240620T095504
[2024-06-20T09:55:04.772+0000] {local_task_job_runner.py:240} INFO - Task exited with return code 0
[2024-06-20T09:55:04.801+0000] {taskinstance.py:3498} INFO - 1 downstream tasks scheduled from follow-on schedule check
[2024-06-20T09:55:04.803+0000] {local_task_job_runner.py:222} INFO - ::endgroup::
