[2024-06-13T06:34:26.514+0000] {local_task_job_runner.py:120} INFO - ::group::Pre task execution logs
[2024-06-13T06:34:26.538+0000] {taskinstance.py:2076} INFO - Dependencies all met for dep_context=non-requeueable deps ti=<TaskInstance: airflow_example.insert_json manual__2024-06-13T06:34:22.036356+00:00 [queued]>
[2024-06-13T06:34:26.548+0000] {taskinstance.py:2076} INFO - Dependencies all met for dep_context=requeueable deps ti=<TaskInstance: airflow_example.insert_json manual__2024-06-13T06:34:22.036356+00:00 [queued]>
[2024-06-13T06:34:26.548+0000] {taskinstance.py:2306} INFO - Starting attempt 1 of 6
[2024-06-13T06:34:26.564+0000] {taskinstance.py:2330} INFO - Executing <Task(PythonOperator): insert_json> on 2024-06-13 06:34:22.036356+00:00
[2024-06-13T06:34:26.569+0000] {warnings.py:110} WARNING - /home/***/.local/lib/python3.12/site-packages/***/task/task_runner/standard_task_runner.py:61: DeprecationWarning: This process (pid=751) is multi-threaded, use of fork() may lead to deadlocks in the child.
  pid = os.fork()

[2024-06-13T06:34:26.570+0000] {standard_task_runner.py:63} INFO - Started process 752 to run task
[2024-06-13T06:34:26.571+0000] {standard_task_runner.py:90} INFO - Running: ['***', 'tasks', 'run', '***_example', 'insert_json', 'manual__2024-06-13T06:34:22.036356+00:00', '--job-id', '217', '--raw', '--subdir', 'DAGS_FOLDER/file_jsons_to_postgres.py', '--cfg-path', '/tmp/tmpx6417ues']
[2024-06-13T06:34:26.572+0000] {standard_task_runner.py:91} INFO - Job 217: Subtask insert_json
[2024-06-13T06:34:26.617+0000] {task_command.py:426} INFO - Running <TaskInstance: airflow_example.insert_json manual__2024-06-13T06:34:22.036356+00:00 [running]> on host 8cc8d7c9eee4
[2024-06-13T06:34:26.714+0000] {taskinstance.py:2648} INFO - Exporting env vars: AIRFLOW_CTX_DAG_OWNER='***' AIRFLOW_CTX_DAG_ID='***_example' AIRFLOW_CTX_TASK_ID='insert_json' AIRFLOW_CTX_EXECUTION_DATE='2024-06-13T06:34:22.036356+00:00' AIRFLOW_CTX_TRY_NUMBER='1' AIRFLOW_CTX_DAG_RUN_ID='manual__2024-06-13T06:34:22.036356+00:00'
[2024-06-13T06:34:26.715+0000] {taskinstance.py:430} INFO - ::endgroup::
[2024-06-13T06:34:26.744+0000] {file_jsons_to_postgres.py:100} INFO - Inserting entry: {'name': 'Majji', 'email': 'm7#hv@fgbckjh.hg', 'date': '06.12.2024'}
[2024-06-13T06:34:26.746+0000] {file_jsons_to_postgres.py:100} INFO - Inserting entry: {'name': 'McLaine', 'email': '8r@jt.ftz', 'date': '2022/12/31'}
[2024-06-13T06:34:26.746+0000] {file_jsons_to_postgres.py:100} INFO - Inserting entry: {'name': 'Nikhitha', 'email': 's@ypabrani.mig', 'date': '06.12.2024'}
[2024-06-13T06:34:26.747+0000] {file_jsons_to_postgres.py:100} INFO - Inserting entry: {'name': 'Aishwarya', 'email': 'i10^09*wt@buroxr.pm', 'date': '2024.06.12'}
[2024-06-13T06:34:26.747+0000] {file_jsons_to_postgres.py:100} INFO - Inserting entry: {'name': 'Anthati', 'email': '4vogq@kie.ya', 'date': '06-12-2024'}
[2024-06-13T06:34:26.748+0000] {file_jsons_to_postgres.py:100} INFO - Inserting entry: {'name': 'Vasamsetti', 'email': 'l$0!4ud.ta@nlgcogps.ja', 'date': '12-06-2024'}
[2024-06-13T06:34:26.748+0000] {file_jsons_to_postgres.py:100} INFO - Inserting entry: {'name': 'Addala', 'email': '0!q#7%j@ahsgllw.lls', 'date': '06.12.2024'}
[2024-06-13T06:34:26.748+0000] {file_jsons_to_postgres.py:100} INFO - Inserting entry: {'name': 'Goud', 'email': 'ftml@xqfixisoe.mk', 'date': '2023-01-01 00:00:00'}
[2024-06-13T06:34:26.749+0000] {file_jsons_to_postgres.py:100} INFO - Inserting entry: {'name': 'Machupalli', 'email': 'w416%l59@pllpfoqbs.bx', 'date': '12/31/2022'}
[2024-06-13T06:34:26.749+0000] {file_jsons_to_postgres.py:100} INFO - Inserting entry: {'name': 'Kambhampati', 'email': 'elt5u*ojt@rwereuom.iq', 'date': '12-06-2024'}
[2024-06-13T06:34:26.750+0000] {file_jsons_to_postgres.py:100} INFO - Inserting entry: {'name': 'Davis', 'email': 'a@uztupnn.qty', 'date': '12.06.2024'}
[2024-06-13T06:34:26.750+0000] {file_jsons_to_postgres.py:100} INFO - Inserting entry: {'name': 'Udugula', 'email': 'b4.h^zv#@itbpro.qj', 'date': '12/31/2022'}
[2024-06-13T06:34:26.750+0000] {file_jsons_to_postgres.py:100} INFO - Inserting entry: {'name': 'Akhilesh', 'email': 'h3eu7mszo^@u.rv', 'date': '31.12.2022'}
[2024-06-13T06:34:26.751+0000] {file_jsons_to_postgres.py:105} ERROR - Error inserting data: date/time field value out of range: "31.12.2022"
LINE 2: ...ail, date) VALUES ('Akhilesh', 'h3eu7mszo^@u.rv', '31.12.202...
                                                             ^
HINT:  Perhaps you need a different "datestyle" setting.

[2024-06-13T06:34:26.751+0000] {python.py:237} INFO - Done. Returned value was: None
[2024-06-13T06:34:26.751+0000] {taskinstance.py:441} INFO - ::group::Post task execution logs
[2024-06-13T06:34:26.763+0000] {taskinstance.py:1206} INFO - Marking task as SUCCESS. dag_id=***_example, task_id=insert_json, run_id=manual__2024-06-13T06:34:22.036356+00:00, execution_date=20240613T063422, start_date=20240613T063426, end_date=20240613T063426
[2024-06-13T06:34:26.825+0000] {local_task_job_runner.py:240} INFO - Task exited with return code 0
[2024-06-13T06:34:26.878+0000] {taskinstance.py:3498} INFO - 0 downstream tasks scheduled from follow-on schedule check
[2024-06-13T06:34:26.883+0000] {local_task_job_runner.py:222} INFO - ::endgroup::
