[2024-06-27T05:51:04.148+0000] {local_task_job_runner.py:120} INFO - ::group::Pre task execution logs
[2024-06-27T05:51:04.174+0000] {taskinstance.py:2076} INFO - Dependencies all met for dep_context=non-requeueable deps ti=<TaskInstance: demo_dag_for_alerting_final.refresh_external_table scheduled__2024-06-27T05:50:00+00:00 [queued]>
[2024-06-27T05:51:04.187+0000] {taskinstance.py:2076} INFO - Dependencies all met for dep_context=requeueable deps ti=<TaskInstance: demo_dag_for_alerting_final.refresh_external_table scheduled__2024-06-27T05:50:00+00:00 [queued]>
[2024-06-27T05:51:04.187+0000] {taskinstance.py:2306} INFO - Starting attempt 1 of 6
[2024-06-27T05:51:04.205+0000] {taskinstance.py:2330} INFO - Executing <Task(PythonOperator): refresh_external_table> on 2024-06-27 05:50:00+00:00
[2024-06-27T05:51:04.213+0000] {warnings.py:110} WARNING - /home/***/.local/lib/python3.12/site-packages/***/task/task_runner/standard_task_runner.py:61: DeprecationWarning: This process (pid=1276) is multi-threaded, use of fork() may lead to deadlocks in the child.
  pid = os.fork()

[2024-06-27T05:51:04.214+0000] {standard_task_runner.py:63} INFO - Started process 1279 to run task
[2024-06-27T05:51:04.215+0000] {standard_task_runner.py:90} INFO - Running: ['***', 'tasks', 'run', 'demo_dag_for_alerting_final', 'refresh_external_table', 'scheduled__2024-06-27T05:50:00+00:00', '--job-id', '4683', '--raw', '--subdir', 'DAGS_FOLDER/demo_dag_for_alerting.py', '--cfg-path', '/tmp/tmphb2zlpna']
[2024-06-27T05:51:04.217+0000] {standard_task_runner.py:91} INFO - Job 4683: Subtask refresh_external_table
[2024-06-27T05:51:04.269+0000] {task_command.py:426} INFO - Running <TaskInstance: demo_dag_for_alerting_final.refresh_external_table scheduled__2024-06-27T05:50:00+00:00 [running]> on host eeacb89bcfc1
[2024-06-27T05:51:04.361+0000] {taskinstance.py:2648} INFO - Exporting env vars: AIRFLOW_CTX_DAG_OWNER='***' AIRFLOW_CTX_DAG_ID='demo_dag_for_alerting_final' AIRFLOW_CTX_TASK_ID='refresh_external_table' AIRFLOW_CTX_EXECUTION_DATE='2024-06-27T05:50:00+00:00' AIRFLOW_CTX_TRY_NUMBER='1' AIRFLOW_CTX_DAG_RUN_ID='scheduled__2024-06-27T05:50:00+00:00'
[2024-06-27T05:51:04.362+0000] {taskinstance.py:430} INFO - ::endgroup::
[2024-06-27T05:51:04.373+0000] {logging_mixin.py:188} INFO - refresh_crm_campaign_run_external_table
[2024-06-27T05:51:04.373+0000] {python.py:237} INFO - Done. Returned value was: None
[2024-06-27T05:51:04.374+0000] {taskinstance.py:441} INFO - ::group::Post task execution logs
[2024-06-27T05:51:04.383+0000] {taskinstance.py:1206} INFO - Marking task as SUCCESS. dag_id=demo_dag_for_alerting_final, task_id=refresh_external_table, run_id=scheduled__2024-06-27T05:50:00+00:00, execution_date=20240627T055000, start_date=20240627T055104, end_date=20240627T055104
[2024-06-27T05:51:04.428+0000] {local_task_job_runner.py:240} INFO - Task exited with return code 0
[2024-06-27T05:51:04.450+0000] {taskinstance.py:3498} INFO - 1 downstream tasks scheduled from follow-on schedule check
[2024-06-27T05:51:04.451+0000] {local_task_job_runner.py:222} INFO - ::endgroup::
