[2024-06-19T06:37:03.693+0000] {local_task_job_runner.py:120} INFO - ::group::Pre task execution logs
[2024-06-19T06:37:03.732+0000] {taskinstance.py:2076} INFO - Dependencies all met for dep_context=non-requeueable deps ti=<TaskInstance: demo_dag_for_alerting_apis_final.skip_run scheduled__2024-06-19T06:36:00+00:00 [queued]>
[2024-06-19T06:37:03.745+0000] {taskinstance.py:2076} INFO - Dependencies all met for dep_context=requeueable deps ti=<TaskInstance: demo_dag_for_alerting_apis_final.skip_run scheduled__2024-06-19T06:36:00+00:00 [queued]>
[2024-06-19T06:37:03.745+0000] {taskinstance.py:2306} INFO - Starting attempt 1 of 6
[2024-06-19T06:37:03.762+0000] {taskinstance.py:2330} INFO - Executing <Task(PythonOperator): skip_run> on 2024-06-19 06:36:00+00:00
[2024-06-19T06:37:03.766+0000] {warnings.py:110} WARNING - /home/***/.local/lib/python3.12/site-packages/***/task/task_runner/standard_task_runner.py:61: DeprecationWarning: This process (pid=2483) is multi-threaded, use of fork() may lead to deadlocks in the child.
  pid = os.fork()

[2024-06-19T06:37:03.767+0000] {standard_task_runner.py:63} INFO - Started process 2484 to run task
[2024-06-19T06:37:03.768+0000] {standard_task_runner.py:90} INFO - Running: ['***', 'tasks', 'run', 'demo_dag_for_alerting_apis_final', 'skip_run', 'scheduled__2024-06-19T06:36:00+00:00', '--job-id', '1214', '--raw', '--subdir', 'DAGS_FOLDER/demo_dag_for_alerting_apis.py', '--cfg-path', '/tmp/tmpord8qtfb']
[2024-06-19T06:37:03.769+0000] {standard_task_runner.py:91} INFO - Job 1214: Subtask skip_run
[2024-06-19T06:37:03.814+0000] {task_command.py:426} INFO - Running <TaskInstance: demo_dag_for_alerting_apis_final.skip_run scheduled__2024-06-19T06:36:00+00:00 [running]> on host 9e4d135130fa
[2024-06-19T06:37:03.914+0000] {taskinstance.py:2648} INFO - Exporting env vars: AIRFLOW_CTX_DAG_OWNER='***' AIRFLOW_CTX_DAG_ID='demo_dag_for_alerting_apis_final' AIRFLOW_CTX_TASK_ID='skip_run' AIRFLOW_CTX_EXECUTION_DATE='2024-06-19T06:36:00+00:00' AIRFLOW_CTX_TRY_NUMBER='1' AIRFLOW_CTX_DAG_RUN_ID='scheduled__2024-06-19T06:36:00+00:00'
[2024-06-19T06:37:03.915+0000] {taskinstance.py:430} INFO - ::endgroup::
[2024-06-19T06:37:04.139+0000] {logging_mixin.py:188} INFO - ['scheduled__2024-06-19T06:36:00+00:00', 'scheduled__2024-06-19T06:35:00+00:00', 'scheduled__2024-06-19T06:34:00+00:00']
[2024-06-19T06:37:04.770+0000] {logging_mixin.py:188} INFO - ['running', 'success', 'success']
[2024-06-19T06:37:04.770+0000] {python.py:237} INFO - Done. Returned value was: None
[2024-06-19T06:37:04.771+0000] {taskinstance.py:441} INFO - ::group::Post task execution logs
[2024-06-19T06:37:04.782+0000] {taskinstance.py:1206} INFO - Marking task as SUCCESS. dag_id=demo_dag_for_alerting_apis_final, task_id=skip_run, run_id=scheduled__2024-06-19T06:36:00+00:00, execution_date=20240619T063600, start_date=20240619T063703, end_date=20240619T063704
[2024-06-19T06:37:04.823+0000] {local_task_job_runner.py:240} INFO - Task exited with return code 0
[2024-06-19T06:37:04.844+0000] {taskinstance.py:3498} INFO - 0 downstream tasks scheduled from follow-on schedule check
[2024-06-19T06:37:04.846+0000] {local_task_job_runner.py:222} INFO - ::endgroup::
