[2024-06-27T05:21:14.569+0000] {local_task_job_runner.py:120} INFO - ::group::Pre task execution logs
[2024-06-27T05:21:14.595+0000] {taskinstance.py:2076} INFO - Dependencies all met for dep_context=non-requeueable deps ti=<TaskInstance: alerting_all_dags_using_apis.get_all_dag_ids_last_limit_run_ids manual__2024-06-27T05:21:11.637344+00:00 [queued]>
[2024-06-27T05:21:14.603+0000] {taskinstance.py:2076} INFO - Dependencies all met for dep_context=requeueable deps ti=<TaskInstance: alerting_all_dags_using_apis.get_all_dag_ids_last_limit_run_ids manual__2024-06-27T05:21:11.637344+00:00 [queued]>
[2024-06-27T05:21:14.604+0000] {taskinstance.py:2306} INFO - Starting attempt 1 of 6
[2024-06-27T05:21:14.620+0000] {taskinstance.py:2330} INFO - Executing <Task(PythonOperator): get_all_dag_ids_last_limit_run_ids> on 2024-06-27 05:21:11.637344+00:00
[2024-06-27T05:21:14.626+0000] {warnings.py:110} WARNING - /home/***/.local/lib/python3.12/site-packages/***/task/task_runner/standard_task_runner.py:61: DeprecationWarning: This process (pid=872) is multi-threaded, use of fork() may lead to deadlocks in the child.
  pid = os.fork()

[2024-06-27T05:21:14.627+0000] {standard_task_runner.py:63} INFO - Started process 873 to run task
[2024-06-27T05:21:14.628+0000] {standard_task_runner.py:90} INFO - Running: ['***', 'tasks', 'run', 'alerting_all_dags_using_apis', 'get_all_dag_ids_last_limit_run_ids', 'manual__2024-06-27T05:21:11.637344+00:00', '--job-id', '4594', '--raw', '--subdir', 'DAGS_FOLDER/alerting_all_dags_using_apis.py', '--cfg-path', '/tmp/tmp_zuyexw0']
[2024-06-27T05:21:14.629+0000] {standard_task_runner.py:91} INFO - Job 4594: Subtask get_all_dag_ids_last_limit_run_ids
[2024-06-27T05:21:14.669+0000] {task_command.py:426} INFO - Running <TaskInstance: alerting_all_dags_using_apis.get_all_dag_ids_last_limit_run_ids manual__2024-06-27T05:21:11.637344+00:00 [running]> on host eeacb89bcfc1
[2024-06-27T05:21:14.773+0000] {taskinstance.py:2648} INFO - Exporting env vars: AIRFLOW_CTX_DAG_OWNER='***' AIRFLOW_CTX_DAG_ID='alerting_all_dags_using_apis' AIRFLOW_CTX_TASK_ID='get_all_dag_ids_last_limit_run_ids' AIRFLOW_CTX_EXECUTION_DATE='2024-06-27T05:21:11.637344+00:00' AIRFLOW_CTX_TRY_NUMBER='1' AIRFLOW_CTX_DAG_RUN_ID='manual__2024-06-27T05:21:11.637344+00:00'
[2024-06-27T05:21:14.774+0000] {taskinstance.py:430} INFO - ::endgroup::
[2024-06-27T05:21:14.794+0000] {helper_functions.py:282} INFO - Requesting http://***:***@172.240.2.5:8080/api/v1/dags/alerting_all_dags_using_apis/dagRuns?limit=3&order_by=-start_datesss
[2024-06-27T05:21:15.000+0000] {helper_functions.py:290} ERROR - Failed to get DAG IDs and their last limit run IDs: 400 Client Error: BAD REQUEST for url: http://***:***@172.240.2.5:8080/api/v1/dags/alerting_all_dags_using_apis/dagRuns?limit=3&order_by=-start_datesss
Traceback (most recent call last):
  File "/opt/airflow/dags/helper_functions.py", line 284, in get_all_dag_ids_last_limit_run_ids
    response.raise_for_status()
  File "/home/airflow/.local/lib/python3.12/site-packages/requests/models.py", line 1021, in raise_for_status
    raise HTTPError(http_error_msg, response=self)
requests.exceptions.HTTPError: 400 Client Error: BAD REQUEST for url: http://***:***@172.240.2.5:8080/api/v1/dags/alerting_all_dags_using_apis/dagRuns?limit=3&order_by=-start_datesss
[2024-06-27T05:21:15.001+0000] {python.py:237} INFO - Done. Returned value was: None
[2024-06-27T05:21:15.001+0000] {taskinstance.py:441} INFO - ::group::Post task execution logs
[2024-06-27T05:21:15.010+0000] {taskinstance.py:1206} INFO - Marking task as SUCCESS. dag_id=alerting_all_dags_using_apis, task_id=get_all_dag_ids_last_limit_run_ids, run_id=manual__2024-06-27T05:21:11.637344+00:00, execution_date=20240627T052111, start_date=20240627T052114, end_date=20240627T052115
[2024-06-27T05:21:15.042+0000] {local_task_job_runner.py:240} INFO - Task exited with return code 0
[2024-06-27T05:21:15.110+0000] {taskinstance.py:3498} INFO - 1 downstream tasks scheduled from follow-on schedule check
[2024-06-27T05:21:15.112+0000] {local_task_job_runner.py:222} INFO - ::endgroup::
