[2024-06-25T09:43:57.988+0000] {local_task_job_runner.py:120} INFO - ::group::Pre task execution logs
[2024-06-25T09:43:58.086+0000] {taskinstance.py:2076} INFO - Dependencies all met for dep_context=non-requeueable deps ti=<TaskInstance: alerting_all_dags_using_apis.get_all_active_dags scheduled__2024-06-25T08:45:00+00:00 [queued]>
[2024-06-25T09:43:58.110+0000] {taskinstance.py:2076} INFO - Dependencies all met for dep_context=requeueable deps ti=<TaskInstance: alerting_all_dags_using_apis.get_all_active_dags scheduled__2024-06-25T08:45:00+00:00 [queued]>
[2024-06-25T09:43:58.135+0000] {taskinstance.py:2306} INFO - Starting attempt 5 of 6
[2024-06-25T09:43:58.259+0000] {taskinstance.py:2330} INFO - Executing <Task(PythonOperator): get_all_active_dags> on 2024-06-25 08:45:00+00:00
[2024-06-25T09:43:58.277+0000] {warnings.py:110} WARNING - /home/***/.local/lib/python3.12/site-packages/***/task/task_runner/standard_task_runner.py:61: DeprecationWarning: This process (pid=278) is multi-threaded, use of fork() may lead to deadlocks in the child.
  pid = os.fork()

[2024-06-25T09:43:58.279+0000] {standard_task_runner.py:63} INFO - Started process 287 to run task
[2024-06-25T09:43:58.301+0000] {standard_task_runner.py:90} INFO - Running: ['***', 'tasks', 'run', 'alerting_all_dags_using_apis', 'get_all_active_dags', 'scheduled__2024-06-25T08:45:00+00:00', '--job-id', '3719', '--raw', '--subdir', 'DAGS_FOLDER/alerting_all_dags_using_apis.py', '--cfg-path', '/tmp/tmpnhcto8ta']
[2024-06-25T09:43:58.307+0000] {standard_task_runner.py:91} INFO - Job 3719: Subtask get_all_active_dags
[2024-06-25T09:43:58.493+0000] {task_command.py:426} INFO - Running <TaskInstance: alerting_all_dags_using_apis.get_all_active_dags scheduled__2024-06-25T08:45:00+00:00 [running]> on host ced2311e92d2
[2024-06-25T09:43:58.956+0000] {taskinstance.py:2648} INFO - Exporting env vars: AIRFLOW_CTX_DAG_OWNER='***' AIRFLOW_CTX_DAG_ID='alerting_all_dags_using_apis' AIRFLOW_CTX_TASK_ID='get_all_active_dags' AIRFLOW_CTX_EXECUTION_DATE='2024-06-25T08:45:00+00:00' AIRFLOW_CTX_TRY_NUMBER='5' AIRFLOW_CTX_DAG_RUN_ID='scheduled__2024-06-25T08:45:00+00:00'
[2024-06-25T09:43:58.957+0000] {taskinstance.py:430} INFO - ::endgroup::
[2024-06-25T09:43:59.016+0000] {helper_functions.py:251} ERROR - Failed to get active DAGs: name 'json' is not defined
Traceback (most recent call last):
  File "/opt/airflow/dags/helper_functions.py", line 228, in get_all_active_dags
    airflow_api_config = json.loads(decrypted_airflow_api_config)
                         ^^^^
NameError: name 'json' is not defined. Did you forget to import 'json'
[2024-06-25T09:43:59.021+0000] {helper_functions.py:172} ERROR - Failed to run alerting_all_dags_using_apis with task get_all_active_dags: name 'json' is not defined
[2024-06-25T09:43:59.029+0000] {python.py:237} INFO - Done. Returned value was: None
[2024-06-25T09:43:59.041+0000] {taskinstance.py:441} INFO - ::group::Post task execution logs
[2024-06-25T09:43:59.091+0000] {taskinstance.py:1206} INFO - Marking task as SUCCESS. dag_id=alerting_all_dags_using_apis, task_id=get_all_active_dags, run_id=scheduled__2024-06-25T08:45:00+00:00, execution_date=20240625T084500, start_date=20240625T094358, end_date=20240625T094359
[2024-06-25T09:43:59.175+0000] {local_task_job_runner.py:240} INFO - Task exited with return code 0
[2024-06-25T09:43:59.264+0000] {taskinstance.py:3498} INFO - 1 downstream tasks scheduled from follow-on schedule check
[2024-06-25T09:43:59.275+0000] {local_task_job_runner.py:222} INFO - ::endgroup::
