[2024-06-18T10:20:05.399+0000] {local_task_job_runner.py:120} INFO - ::group::Pre task execution logs
[2024-06-18T10:20:05.431+0000] {taskinstance.py:2076} INFO - Dependencies all met for dep_context=non-requeueable deps ti=<TaskInstance: alerting_skipped.start_run scheduled__2024-06-18T10:18:00+00:00 [queued]>
[2024-06-18T10:20:05.444+0000] {taskinstance.py:2076} INFO - Dependencies all met for dep_context=requeueable deps ti=<TaskInstance: alerting_skipped.start_run scheduled__2024-06-18T10:18:00+00:00 [queued]>
[2024-06-18T10:20:05.444+0000] {taskinstance.py:2306} INFO - Starting attempt 2 of 6
[2024-06-18T10:20:05.460+0000] {taskinstance.py:2330} INFO - Executing <Task(PythonOperator): start_run> on 2024-06-18 10:18:00+00:00
[2024-06-18T10:20:05.465+0000] {warnings.py:110} WARNING - /home/***/.local/lib/python3.12/site-packages/***/task/task_runner/standard_task_runner.py:61: DeprecationWarning: This process (pid=3729) is multi-threaded, use of fork() may lead to deadlocks in the child.
  pid = os.fork()

[2024-06-18T10:20:05.466+0000] {standard_task_runner.py:63} INFO - Started process 3730 to run task
[2024-06-18T10:20:05.467+0000] {standard_task_runner.py:90} INFO - Running: ['***', 'tasks', 'run', 'alerting_skipped', 'start_run', 'scheduled__2024-06-18T10:18:00+00:00', '--job-id', '590', '--raw', '--subdir', 'DAGS_FOLDER/alerting_skipped.py', '--cfg-path', '/tmp/tmpz87jxkrf']
[2024-06-18T10:20:05.468+0000] {standard_task_runner.py:91} INFO - Job 590: Subtask start_run
[2024-06-18T10:20:05.513+0000] {task_command.py:426} INFO - Running <TaskInstance: alerting_skipped.start_run scheduled__2024-06-18T10:18:00+00:00 [running]> on host fa5c5d972e05
[2024-06-18T10:20:05.607+0000] {taskinstance.py:2648} INFO - Exporting env vars: AIRFLOW_CTX_DAG_OWNER='***' AIRFLOW_CTX_DAG_ID='alerting_skipped' AIRFLOW_CTX_TASK_ID='start_run' AIRFLOW_CTX_EXECUTION_DATE='2024-06-18T10:18:00+00:00' AIRFLOW_CTX_TRY_NUMBER='2' AIRFLOW_CTX_DAG_RUN_ID='scheduled__2024-06-18T10:18:00+00:00'
[2024-06-18T10:20:05.607+0000] {taskinstance.py:430} INFO - ::endgroup::
[2024-06-18T10:20:05.620+0000] {warnings.py:110} WARNING - /home/***/.local/lib/python3.12/site-packages/***/utils/context.py:320: AirflowContextDeprecationWarning: Accessing 'execution_date' from the template is deprecated and will be removed in a future version. Please use 'data_interval_start' or 'logical_date' instead.
  warnings.warn(_create_deprecation_warning(k, replacements))

[2024-06-18T10:20:05.621+0000] {logging_mixin.py:188} INFO - Started run successfully
[2024-06-18T10:20:05.621+0000] {python.py:237} INFO - Done. Returned value was: None
[2024-06-18T10:20:05.621+0000] {taskinstance.py:441} INFO - ::group::Post task execution logs
[2024-06-18T10:20:05.631+0000] {taskinstance.py:1206} INFO - Marking task as SUCCESS. dag_id=alerting_skipped, task_id=start_run, run_id=scheduled__2024-06-18T10:18:00+00:00, execution_date=20240618T101800, start_date=20240618T102005, end_date=20240618T102005
[2024-06-18T10:20:05.680+0000] {local_task_job_runner.py:240} INFO - Task exited with return code 0
[2024-06-18T10:20:05.730+0000] {taskinstance.py:3498} INFO - 0 downstream tasks scheduled from follow-on schedule check
[2024-06-18T10:20:05.733+0000] {local_task_job_runner.py:222} INFO - ::endgroup::
