[2024-06-18T14:02:03.278+0000] {local_task_job_runner.py:120} INFO - ::group::Pre task execution logs
[2024-06-18T14:02:03.309+0000] {taskinstance.py:2076} INFO - Dependencies all met for dep_context=non-requeueable deps ti=<TaskInstance: alerting_skipped.start_run scheduled__2024-06-18T14:01:00+00:00 [queued]>
[2024-06-18T14:02:03.319+0000] {taskinstance.py:2076} INFO - Dependencies all met for dep_context=requeueable deps ti=<TaskInstance: alerting_skipped.start_run scheduled__2024-06-18T14:01:00+00:00 [queued]>
[2024-06-18T14:02:03.319+0000] {taskinstance.py:2306} INFO - Starting attempt 1 of 6
[2024-06-18T14:02:03.333+0000] {taskinstance.py:2330} INFO - Executing <Task(PythonOperator): start_run> on 2024-06-18 14:01:00+00:00
[2024-06-18T14:02:03.338+0000] {warnings.py:110} WARNING - /home/***/.local/lib/python3.12/site-packages/***/task/task_runner/standard_task_runner.py:61: DeprecationWarning: This process (pid=6371) is multi-threaded, use of fork() may lead to deadlocks in the child.
  pid = os.fork()

[2024-06-18T14:02:03.339+0000] {standard_task_runner.py:63} INFO - Started process 6372 to run task
[2024-06-18T14:02:03.339+0000] {standard_task_runner.py:90} INFO - Running: ['***', 'tasks', 'run', 'alerting_skipped', 'start_run', 'scheduled__2024-06-18T14:01:00+00:00', '--job-id', '795', '--raw', '--subdir', 'DAGS_FOLDER/alerting_skipped.py', '--cfg-path', '/tmp/tmpheakqrj9']
[2024-06-18T14:02:03.340+0000] {standard_task_runner.py:91} INFO - Job 795: Subtask start_run
[2024-06-18T14:02:03.380+0000] {task_command.py:426} INFO - Running <TaskInstance: alerting_skipped.start_run scheduled__2024-06-18T14:01:00+00:00 [running]> on host fa5c5d972e05
[2024-06-18T14:02:03.467+0000] {taskinstance.py:2648} INFO - Exporting env vars: AIRFLOW_CTX_DAG_OWNER='***' AIRFLOW_CTX_DAG_ID='alerting_skipped' AIRFLOW_CTX_TASK_ID='start_run' AIRFLOW_CTX_EXECUTION_DATE='2024-06-18T14:01:00+00:00' AIRFLOW_CTX_TRY_NUMBER='1' AIRFLOW_CTX_DAG_RUN_ID='scheduled__2024-06-18T14:01:00+00:00'
[2024-06-18T14:02:03.467+0000] {taskinstance.py:430} INFO - ::endgroup::
[2024-06-18T14:02:03.482+0000] {logging_mixin.py:188} INFO - Started run successfully
[2024-06-18T14:02:03.483+0000] {python.py:237} INFO - Done. Returned value was: None
[2024-06-18T14:02:03.483+0000] {taskinstance.py:441} INFO - ::group::Post task execution logs
[2024-06-18T14:02:03.492+0000] {taskinstance.py:1206} INFO - Marking task as SUCCESS. dag_id=alerting_skipped, task_id=start_run, run_id=scheduled__2024-06-18T14:01:00+00:00, execution_date=20240618T140100, start_date=20240618T140203, end_date=20240618T140203
[2024-06-18T14:02:03.513+0000] {local_task_job_runner.py:240} INFO - Task exited with return code 0
[2024-06-18T14:02:03.533+0000] {taskinstance.py:3498} INFO - 0 downstream tasks scheduled from follow-on schedule check
[2024-06-18T14:02:03.535+0000] {local_task_job_runner.py:222} INFO - ::endgroup::
