[2024-06-18T10:59:03.145+0000] {local_task_job_runner.py:120} INFO - ::group::Pre task execution logs
[2024-06-18T10:59:03.171+0000] {taskinstance.py:2076} INFO - Dependencies all met for dep_context=non-requeueable deps ti=<TaskInstance: alerting_skipped.skip_run scheduled__2024-06-18T10:58:00+00:00 [queued]>
[2024-06-18T10:59:03.181+0000] {taskinstance.py:2076} INFO - Dependencies all met for dep_context=requeueable deps ti=<TaskInstance: alerting_skipped.skip_run scheduled__2024-06-18T10:58:00+00:00 [queued]>
[2024-06-18T10:59:03.181+0000] {taskinstance.py:2306} INFO - Starting attempt 1 of 6
[2024-06-18T10:59:03.194+0000] {taskinstance.py:2330} INFO - Executing <Task(PythonOperator): skip_run> on 2024-06-18 10:58:00+00:00
[2024-06-18T10:59:03.199+0000] {warnings.py:110} WARNING - /home/***/.local/lib/python3.12/site-packages/***/task/task_runner/standard_task_runner.py:61: DeprecationWarning: This process (pid=4404) is multi-threaded, use of fork() may lead to deadlocks in the child.
  pid = os.fork()

[2024-06-18T10:59:03.200+0000] {standard_task_runner.py:63} INFO - Started process 4405 to run task
[2024-06-18T10:59:03.200+0000] {standard_task_runner.py:90} INFO - Running: ['***', 'tasks', 'run', 'alerting_skipped', 'skip_run', 'scheduled__2024-06-18T10:58:00+00:00', '--job-id', '676', '--raw', '--subdir', 'DAGS_FOLDER/alerting_skipped.py', '--cfg-path', '/tmp/tmp788vl_t0']
[2024-06-18T10:59:03.201+0000] {standard_task_runner.py:91} INFO - Job 676: Subtask skip_run
[2024-06-18T10:59:03.239+0000] {task_command.py:426} INFO - Running <TaskInstance: alerting_skipped.skip_run scheduled__2024-06-18T10:58:00+00:00 [running]> on host fa5c5d972e05
[2024-06-18T10:59:03.317+0000] {taskinstance.py:2648} INFO - Exporting env vars: AIRFLOW_CTX_DAG_OWNER='***' AIRFLOW_CTX_DAG_ID='alerting_skipped' AIRFLOW_CTX_TASK_ID='skip_run' AIRFLOW_CTX_EXECUTION_DATE='2024-06-18T10:58:00+00:00' AIRFLOW_CTX_TRY_NUMBER='1' AIRFLOW_CTX_DAG_RUN_ID='scheduled__2024-06-18T10:58:00+00:00'
[2024-06-18T10:59:03.318+0000] {taskinstance.py:430} INFO - ::endgroup::
[2024-06-18T10:59:03.339+0000] {logging_mixin.py:188} INFO - Retrieved DAG runs: [datetime.datetime(2024, 6, 18, 10, 58, tzinfo=Timezone('UTC')), datetime.datetime(2024, 6, 18, 10, 57, tzinfo=Timezone('UTC')), datetime.datetime(2024, 6, 18, 10, 56, tzinfo=Timezone('UTC'))]
[2024-06-18T10:59:03.345+0000] {logging_mixin.py:188} INFO - Task skip_run in DAG run 2024-06-18 10:58:00+00:00 has state running
[2024-06-18T10:59:03.346+0000] {logging_mixin.py:188} INFO - Task start in DAG run 2024-06-18 10:58:00+00:00 has state success
[2024-06-18T10:59:03.346+0000] {logging_mixin.py:188} INFO - Task start_run in DAG run 2024-06-18 10:58:00+00:00 has state skipped
[2024-06-18T10:59:03.346+0000] {logging_mixin.py:188} INFO - Task check_previous_run_status in DAG run 2024-06-18 10:58:00+00:00 has state success
[2024-06-18T10:59:03.346+0000] {logging_mixin.py:188} INFO - Not all 'skip_run' tasks were successful for DAG alerting_skipped
[2024-06-18T10:59:03.347+0000] {python.py:237} INFO - Done. Returned value was: None
[2024-06-18T10:59:03.347+0000] {taskinstance.py:441} INFO - ::group::Post task execution logs
[2024-06-18T10:59:03.354+0000] {taskinstance.py:1206} INFO - Marking task as SUCCESS. dag_id=alerting_skipped, task_id=skip_run, run_id=scheduled__2024-06-18T10:58:00+00:00, execution_date=20240618T105800, start_date=20240618T105903, end_date=20240618T105903
[2024-06-18T10:59:03.373+0000] {local_task_job_runner.py:240} INFO - Task exited with return code 0
[2024-06-18T10:59:03.389+0000] {taskinstance.py:3498} INFO - 0 downstream tasks scheduled from follow-on schedule check
[2024-06-18T10:59:03.390+0000] {local_task_job_runner.py:222} INFO - ::endgroup::
