[2024-06-25T13:15:01.169+0000] {local_task_job_runner.py:120} INFO - ::group::Pre task execution logs
[2024-06-25T13:15:01.189+0000] {taskinstance.py:2076} INFO - Dependencies all met for dep_context=non-requeueable deps ti=<TaskInstance: alerting_all_dags_using_apis.get_all_active_dags scheduled__2024-06-25T13:00:00+00:00 [queued]>
[2024-06-25T13:15:01.198+0000] {taskinstance.py:2076} INFO - Dependencies all met for dep_context=requeueable deps ti=<TaskInstance: alerting_all_dags_using_apis.get_all_active_dags scheduled__2024-06-25T13:00:00+00:00 [queued]>
[2024-06-25T13:15:01.198+0000] {taskinstance.py:2306} INFO - Starting attempt 1 of 6
[2024-06-25T13:15:01.210+0000] {taskinstance.py:2330} INFO - Executing <Task(PythonOperator): get_all_active_dags> on 2024-06-25 13:00:00+00:00
[2024-06-25T13:15:01.214+0000] {warnings.py:110} WARNING - /home/***/.local/lib/python3.12/site-packages/***/task/task_runner/standard_task_runner.py:61: DeprecationWarning: This process (pid=2274) is multi-threaded, use of fork() may lead to deadlocks in the child.
  pid = os.fork()

[2024-06-25T13:15:01.215+0000] {standard_task_runner.py:63} INFO - Started process 2275 to run task
[2024-06-25T13:15:01.216+0000] {standard_task_runner.py:90} INFO - Running: ['***', 'tasks', 'run', 'alerting_all_dags_using_apis', 'get_all_active_dags', 'scheduled__2024-06-25T13:00:00+00:00', '--job-id', '4014', '--raw', '--subdir', 'DAGS_FOLDER/alerting_all_dags_using_apis.py', '--cfg-path', '/tmp/tmpzba6e1il']
[2024-06-25T13:15:01.216+0000] {standard_task_runner.py:91} INFO - Job 4014: Subtask get_all_active_dags
[2024-06-25T13:15:01.265+0000] {task_command.py:426} INFO - Running <TaskInstance: alerting_all_dags_using_apis.get_all_active_dags scheduled__2024-06-25T13:00:00+00:00 [running]> on host ced2311e92d2
[2024-06-25T13:15:01.364+0000] {taskinstance.py:2648} INFO - Exporting env vars: AIRFLOW_CTX_DAG_OWNER='***' AIRFLOW_CTX_DAG_ID='alerting_all_dags_using_apis' AIRFLOW_CTX_TASK_ID='get_all_active_dags' AIRFLOW_CTX_EXECUTION_DATE='2024-06-25T13:00:00+00:00' AIRFLOW_CTX_TRY_NUMBER='1' AIRFLOW_CTX_DAG_RUN_ID='scheduled__2024-06-25T13:00:00+00:00'
[2024-06-25T13:15:01.365+0000] {taskinstance.py:430} INFO - ::endgroup::
[2024-06-25T13:15:01.388+0000] {helper_functions.py:239} INFO - Requesting http://***:***@172.240.4.4:8080/api/v1/dags?only_active=true
[2024-06-25T13:15:01.584+0000] {helper_functions.py:249} INFO - Active DAGs: ['alerting_all_dags_using_apis', 'create_table', 'demo_dag_for_alerting_apis_final', 'demo_dag_for_alerting_final_1']
[2024-06-25T13:15:01.585+0000] {helper_functions.py:259} ERROR - Failed to get active DAGs: data must be bytes
Traceback (most recent call last):
  File "/opt/airflow/dags/helper_functions.py", line 250, in get_all_active_dags
    encrypted_airflow = fernet.encrypt(airflow_api_config)
                        ^^^^^^^^^^^^^^^^^^^^^^^^^^^^^^^^^^
  File "/home/airflow/.local/lib/python3.12/site-packages/cryptography/fernet.py", line 52, in encrypt
    return self.encrypt_at_time(data, int(time.time()))
           ^^^^^^^^^^^^^^^^^^^^^^^^^^^^^^^^^^^^^^^^^^^^
  File "/home/airflow/.local/lib/python3.12/site-packages/cryptography/fernet.py", line 56, in encrypt_at_time
    return self._encrypt_from_parts(data, current_time, iv)
           ^^^^^^^^^^^^^^^^^^^^^^^^^^^^^^^^^^^^^^^^^^^^^^^^
  File "/home/airflow/.local/lib/python3.12/site-packages/cryptography/fernet.py", line 61, in _encrypt_from_parts
    utils._check_bytes("data", data)
  File "/home/airflow/.local/lib/python3.12/site-packages/cryptography/utils.py", line 31, in _check_bytes
    raise TypeError(f"{name} must be bytes")
TypeError: data must be bytes
[2024-06-25T13:15:01.586+0000] {helper_functions.py:173} ERROR - Failed to run alerting_all_dags_using_apis with task get_all_active_dags: data must be bytes
[2024-06-25T13:15:01.586+0000] {python.py:237} INFO - Done. Returned value was: None
[2024-06-25T13:15:01.587+0000] {taskinstance.py:441} INFO - ::group::Post task execution logs
[2024-06-25T13:15:01.595+0000] {taskinstance.py:1206} INFO - Marking task as SUCCESS. dag_id=alerting_all_dags_using_apis, task_id=get_all_active_dags, run_id=scheduled__2024-06-25T13:00:00+00:00, execution_date=20240625T130000, start_date=20240625T131501, end_date=20240625T131501
[2024-06-25T13:15:01.629+0000] {local_task_job_runner.py:240} INFO - Task exited with return code 0
[2024-06-25T13:15:01.659+0000] {taskinstance.py:3498} INFO - 1 downstream tasks scheduled from follow-on schedule check
[2024-06-25T13:15:01.660+0000] {local_task_job_runner.py:222} INFO - ::endgroup::
