[2024-06-17T06:48:47.329+0000] {local_task_job_runner.py:120} INFO - ::group::Pre task execution logs
[2024-06-17T06:48:47.368+0000] {taskinstance.py:2076} INFO - Dependencies all met for dep_context=non-requeueable deps ti=<TaskInstance: file_jsons_to_postgres.get_task_instances manual__2024-06-17T06:48:45.969341+00:00 [queued]>
[2024-06-17T06:48:47.381+0000] {taskinstance.py:2076} INFO - Dependencies all met for dep_context=requeueable deps ti=<TaskInstance: file_jsons_to_postgres.get_task_instances manual__2024-06-17T06:48:45.969341+00:00 [queued]>
[2024-06-17T06:48:47.381+0000] {taskinstance.py:2306} INFO - Starting attempt 1 of 6
[2024-06-17T06:48:47.404+0000] {taskinstance.py:2330} INFO - Executing <Task(PythonOperator): get_task_instances> on 2024-06-17 06:48:45.969341+00:00
[2024-06-17T06:48:47.412+0000] {warnings.py:110} WARNING - /home/***/.local/lib/python3.12/site-packages/***/task/task_runner/standard_task_runner.py:61: DeprecationWarning: This process (pid=349) is multi-threaded, use of fork() may lead to deadlocks in the child.
  pid = os.fork()

[2024-06-17T06:48:47.413+0000] {standard_task_runner.py:63} INFO - Started process 351 to run task
[2024-06-17T06:48:47.414+0000] {standard_task_runner.py:90} INFO - Running: ['***', 'tasks', 'run', 'file_jsons_to_postgres', 'get_task_instances', 'manual__2024-06-17T06:48:45.969341+00:00', '--job-id', '326', '--raw', '--subdir', 'DAGS_FOLDER/file_jsons_to_postgres.py', '--cfg-path', '/tmp/tmpxsm0l62g']
[2024-06-17T06:48:47.415+0000] {standard_task_runner.py:91} INFO - Job 326: Subtask get_task_instances
[2024-06-17T06:48:47.478+0000] {task_command.py:426} INFO - Running <TaskInstance: file_jsons_to_postgres.get_task_instances manual__2024-06-17T06:48:45.969341+00:00 [running]> on host 4d71c837c754
[2024-06-17T06:48:47.620+0000] {taskinstance.py:2648} INFO - Exporting env vars: AIRFLOW_CTX_DAG_OWNER='***' AIRFLOW_CTX_DAG_ID='file_jsons_to_postgres' AIRFLOW_CTX_TASK_ID='get_task_instances' AIRFLOW_CTX_EXECUTION_DATE='2024-06-17T06:48:45.969341+00:00' AIRFLOW_CTX_TRY_NUMBER='1' AIRFLOW_CTX_DAG_RUN_ID='manual__2024-06-17T06:48:45.969341+00:00'
[2024-06-17T06:48:47.621+0000] {taskinstance.py:430} INFO - ::endgroup::
[2024-06-17T06:48:47.638+0000] {file_jsons_to_postgres.py:136} INFO - Attempting to fetch task instances from: https://***.apache.org/api/v1/dags/file_jsons_to_postgres/tasks/insert_json/instances?limit=3
[2024-06-17T06:48:48.363+0000] {file_jsons_to_postgres.py:143} ERROR - Request failed: 404 Client Error: Not Found for url: https://***.apache.org/api/v1/dags/file_jsons_to_postgres/tasks/insert_json/instances?limit=3
[2024-06-17T06:48:48.366+0000] {python.py:237} INFO - Done. Returned value was: None
[2024-06-17T06:48:48.368+0000] {taskinstance.py:441} INFO - ::group::Post task execution logs
[2024-06-17T06:48:48.396+0000] {taskinstance.py:1206} INFO - Marking task as SUCCESS. dag_id=file_jsons_to_postgres, task_id=get_task_instances, run_id=manual__2024-06-17T06:48:45.969341+00:00, execution_date=20240617T064845, start_date=20240617T064847, end_date=20240617T064848
[2024-06-17T06:48:48.470+0000] {local_task_job_runner.py:240} INFO - Task exited with return code 0
[2024-06-17T06:48:48.500+0000] {taskinstance.py:3498} INFO - 0 downstream tasks scheduled from follow-on schedule check
[2024-06-17T06:48:48.502+0000] {local_task_job_runner.py:222} INFO - ::endgroup::
