[2024-06-26T10:57:02.326+0000] {local_task_job_runner.py:120} INFO - ::group::Pre task execution logs
[2024-06-26T10:57:02.375+0000] {taskinstance.py:2076} INFO - Dependencies all met for dep_context=non-requeueable deps ti=<TaskInstance: alerting_all_dags_using_apis.get_all_active_dags scheduled__2024-06-26T10:54:00+00:00 [queued]>
[2024-06-26T10:57:02.391+0000] {taskinstance.py:2076} INFO - Dependencies all met for dep_context=requeueable deps ti=<TaskInstance: alerting_all_dags_using_apis.get_all_active_dags scheduled__2024-06-26T10:54:00+00:00 [queued]>
[2024-06-26T10:57:02.392+0000] {taskinstance.py:2306} INFO - Starting attempt 1 of 6
[2024-06-26T10:57:02.418+0000] {taskinstance.py:2330} INFO - Executing <Task(PythonOperator): get_all_active_dags> on 2024-06-26 10:54:00+00:00
[2024-06-26T10:57:02.429+0000] {warnings.py:110} WARNING - /home/***/.local/lib/python3.12/site-packages/***/task/task_runner/standard_task_runner.py:61: DeprecationWarning: This process (pid=7129) is multi-threaded, use of fork() may lead to deadlocks in the child.
  pid = os.fork()

[2024-06-26T10:57:02.431+0000] {standard_task_runner.py:63} INFO - Started process 7130 to run task
[2024-06-26T10:57:02.430+0000] {standard_task_runner.py:90} INFO - Running: ['***', 'tasks', 'run', 'alerting_all_dags_using_apis', 'get_all_active_dags', 'scheduled__2024-06-26T10:54:00+00:00', '--job-id', '4414', '--raw', '--subdir', 'DAGS_FOLDER/alerting_all_dags_using_apis.py', '--cfg-path', '/tmp/tmp9mnxq6gh']
[2024-06-26T10:57:02.432+0000] {standard_task_runner.py:91} INFO - Job 4414: Subtask get_all_active_dags
[2024-06-26T10:57:02.514+0000] {task_command.py:426} INFO - Running <TaskInstance: alerting_all_dags_using_apis.get_all_active_dags scheduled__2024-06-26T10:54:00+00:00 [running]> on host ced2311e92d2
[2024-06-26T10:57:02.681+0000] {taskinstance.py:2648} INFO - Exporting env vars: AIRFLOW_CTX_DAG_OWNER='***' AIRFLOW_CTX_DAG_ID='alerting_all_dags_using_apis' AIRFLOW_CTX_TASK_ID='get_all_active_dags' AIRFLOW_CTX_EXECUTION_DATE='2024-06-26T10:54:00+00:00' AIRFLOW_CTX_TRY_NUMBER='1' AIRFLOW_CTX_DAG_RUN_ID='scheduled__2024-06-26T10:54:00+00:00'
[2024-06-26T10:57:02.682+0000] {taskinstance.py:430} INFO - ::endgroup::
[2024-06-26T10:57:02.711+0000] {helper_functions.py:220} INFO - Requesting http://***:***@172.240.4.4:8080/api/v1/dags?only_active=truee
[2024-06-26T10:57:02.719+0000] {helper_functions.py:233} ERROR - Failed to get active DAGs: Unexpected status code: 400
Traceback (most recent call last):
  File "/opt/airflow/dags/helper_functions.py", line 224, in get_all_active_dags
    raise ValueError(f"Unexpected status code: {response.status_code}")
ValueError: Unexpected status code: 400
[2024-06-26T10:57:02.721+0000] {helper_functions.py:213} INFO - Changing task state to 'failed'
[2024-06-26T10:57:02.721+0000] {helper_functions.py:178} ERROR - Failed to run alerting_all_dags_using_apis with task get_all_active_dags: Unexpected status code: 400
[2024-06-26T10:57:02.722+0000] {python.py:237} INFO - Done. Returned value was: None
[2024-06-26T10:57:02.723+0000] {taskinstance.py:441} INFO - ::group::Post task execution logs
[2024-06-26T10:57:02.738+0000] {taskinstance.py:1206} INFO - Marking task as SUCCESS. dag_id=alerting_all_dags_using_apis, task_id=get_all_active_dags, run_id=scheduled__2024-06-26T10:54:00+00:00, execution_date=20240626T105400, start_date=20240626T105702, end_date=20240626T105702
[2024-06-26T10:57:02.767+0000] {local_task_job_runner.py:240} INFO - Task exited with return code 0
[2024-06-26T10:57:02.816+0000] {taskinstance.py:3498} INFO - 0 downstream tasks scheduled from follow-on schedule check
[2024-06-26T10:57:02.818+0000] {local_task_job_runner.py:222} INFO - ::endgroup::
