[2024-06-13T06:35:55.145+0000] {local_task_job_runner.py:120} INFO - ::group::Pre task execution logs
[2024-06-13T06:35:55.175+0000] {taskinstance.py:2076} INFO - Dependencies all met for dep_context=non-requeueable deps ti=<TaskInstance: airflow_example.insert_json manual__2024-06-13T06:35:50.312591+00:00 [queued]>
[2024-06-13T06:35:55.184+0000] {taskinstance.py:2076} INFO - Dependencies all met for dep_context=requeueable deps ti=<TaskInstance: airflow_example.insert_json manual__2024-06-13T06:35:50.312591+00:00 [queued]>
[2024-06-13T06:35:55.186+0000] {taskinstance.py:2306} INFO - Starting attempt 1 of 6
[2024-06-13T06:35:55.203+0000] {taskinstance.py:2330} INFO - Executing <Task(PythonOperator): insert_json> on 2024-06-13 06:35:50.312591+00:00
[2024-06-13T06:35:55.210+0000] {warnings.py:110} WARNING - /home/***/.local/lib/python3.12/site-packages/***/task/task_runner/standard_task_runner.py:61: DeprecationWarning: This process (pid=781) is multi-threaded, use of fork() may lead to deadlocks in the child.
  pid = os.fork()

[2024-06-13T06:35:55.211+0000] {standard_task_runner.py:63} INFO - Started process 782 to run task
[2024-06-13T06:35:55.212+0000] {standard_task_runner.py:90} INFO - Running: ['***', 'tasks', 'run', '***_example', 'insert_json', 'manual__2024-06-13T06:35:50.312591+00:00', '--job-id', '221', '--raw', '--subdir', 'DAGS_FOLDER/file_jsons_to_postgres.py', '--cfg-path', '/tmp/tmpcu9kjiw2']
[2024-06-13T06:35:55.213+0000] {standard_task_runner.py:91} INFO - Job 221: Subtask insert_json
[2024-06-13T06:35:55.259+0000] {task_command.py:426} INFO - Running <TaskInstance: airflow_example.insert_json manual__2024-06-13T06:35:50.312591+00:00 [running]> on host 8cc8d7c9eee4
[2024-06-13T06:35:55.355+0000] {taskinstance.py:2648} INFO - Exporting env vars: AIRFLOW_CTX_DAG_OWNER='***' AIRFLOW_CTX_DAG_ID='***_example' AIRFLOW_CTX_TASK_ID='insert_json' AIRFLOW_CTX_EXECUTION_DATE='2024-06-13T06:35:50.312591+00:00' AIRFLOW_CTX_TRY_NUMBER='1' AIRFLOW_CTX_DAG_RUN_ID='manual__2024-06-13T06:35:50.312591+00:00'
[2024-06-13T06:35:55.356+0000] {taskinstance.py:430} INFO - ::endgroup::
[2024-06-13T06:35:55.387+0000] {file_jsons_to_postgres.py:100} INFO - Inserting entry: {'name': 'Majji', 'email': 'm7#hv@fgbckjh.hg', 'date': '06.12.2024'}
[2024-06-13T06:35:55.388+0000] {file_jsons_to_postgres.py:100} INFO - Inserting entry: {'name': 'McLaine', 'email': '8r@jt.ftz', 'date': '2022/12/31'}
[2024-06-13T06:35:55.389+0000] {file_jsons_to_postgres.py:100} INFO - Inserting entry: {'name': 'Nikhitha', 'email': 's@ypabrani.mig', 'date': '06.12.2024'}
[2024-06-13T06:35:55.389+0000] {file_jsons_to_postgres.py:100} INFO - Inserting entry: {'name': 'Aishwarya', 'email': 'i10^09*wt@buroxr.pm', 'date': '2024.06.12'}
[2024-06-13T06:35:55.390+0000] {file_jsons_to_postgres.py:100} INFO - Inserting entry: {'name': 'Anthati', 'email': '4vogq@kie.ya', 'date': '06-12-2024'}
[2024-06-13T06:35:55.390+0000] {file_jsons_to_postgres.py:100} INFO - Inserting entry: {'name': 'Vasamsetti', 'email': 'l$0!4ud.ta@nlgcogps.ja', 'date': '12-06-2024'}
[2024-06-13T06:35:55.391+0000] {file_jsons_to_postgres.py:100} INFO - Inserting entry: {'name': 'Addala', 'email': '0!q#7%j@ahsgllw.lls', 'date': '06.12.2024'}
[2024-06-13T06:35:55.391+0000] {file_jsons_to_postgres.py:100} INFO - Inserting entry: {'name': 'Goud', 'email': 'ftml@xqfixisoe.mk', 'date': '2023-01-01 00:00:00'}
[2024-06-13T06:35:55.392+0000] {file_jsons_to_postgres.py:100} INFO - Inserting entry: {'name': 'Machupalli', 'email': 'w416%l59@pllpfoqbs.bx', 'date': '12/31/2022'}
[2024-06-13T06:35:55.392+0000] {file_jsons_to_postgres.py:100} INFO - Inserting entry: {'name': 'Kambhampati', 'email': 'elt5u*ojt@rwereuom.iq', 'date': '12-06-2024'}
[2024-06-13T06:35:55.392+0000] {file_jsons_to_postgres.py:100} INFO - Inserting entry: {'name': 'Davis', 'email': 'a@uztupnn.qty', 'date': '12.06.2024'}
[2024-06-13T06:35:55.393+0000] {file_jsons_to_postgres.py:100} INFO - Inserting entry: {'name': 'Udugula', 'email': 'b4.h^zv#@itbpro.qj', 'date': '12/31/2022'}
[2024-06-13T06:35:55.393+0000] {file_jsons_to_postgres.py:100} INFO - Inserting entry: {'name': 'Akhilesh', 'email': 'h3eu7mszo^@u.rv', 'date': '01.12.2022'}
[2024-06-13T06:35:55.393+0000] {file_jsons_to_postgres.py:100} INFO - Inserting entry: {'name': 'Vasamsetti', 'email': 'k6x80wj@oiwdly.niv', 'date': '2023-01-01 00:00:00'}
[2024-06-13T06:35:55.394+0000] {file_jsons_to_postgres.py:100} INFO - Inserting entry: {'name': 'Chandrakanth', 'email': '64u3xye9.#@pkprgal.tzv', 'date': '2024.06.12'}
[2024-06-13T06:35:55.394+0000] {file_jsons_to_postgres.py:100} INFO - Inserting entry: {'name': 'Satya', 'email': 'l&@eb.krl', 'date': '01-Jan-2023'}
[2024-06-13T06:35:55.395+0000] {file_jsons_to_postgres.py:100} INFO - Inserting entry: {'name': 'Dathrika', 'email': 'mb*@msidff.wcv', 'date': '2023-01-01T00:00:00'}
[2024-06-13T06:35:55.395+0000] {file_jsons_to_postgres.py:100} INFO - Inserting entry: {'name': 'Pinninti', 'email': 'mk7okba1wx@spi.bb', 'date': '31/12/2022'}
[2024-06-13T06:35:55.396+0000] {file_jsons_to_postgres.py:105} ERROR - Error inserting data: date/time field value out of range: "31/12/2022"
LINE 2: ...l, date) VALUES ('Pinninti', 'mk7okba1wx@spi.bb', '31/12/202...
                                                             ^
HINT:  Perhaps you need a different "datestyle" setting.

[2024-06-13T06:35:55.396+0000] {python.py:237} INFO - Done. Returned value was: None
[2024-06-13T06:35:55.396+0000] {taskinstance.py:441} INFO - ::group::Post task execution logs
[2024-06-13T06:35:55.407+0000] {taskinstance.py:1206} INFO - Marking task as SUCCESS. dag_id=***_example, task_id=insert_json, run_id=manual__2024-06-13T06:35:50.312591+00:00, execution_date=20240613T063550, start_date=20240613T063555, end_date=20240613T063555
[2024-06-13T06:35:55.465+0000] {local_task_job_runner.py:240} INFO - Task exited with return code 0
[2024-06-13T06:35:55.520+0000] {taskinstance.py:3498} INFO - 0 downstream tasks scheduled from follow-on schedule check
[2024-06-13T06:35:55.523+0000] {local_task_job_runner.py:222} INFO - ::endgroup::
