[2024-06-19T05:50:08.542+0000] {local_task_job_runner.py:120} INFO - ::group::Pre task execution logs
[2024-06-19T05:50:08.655+0000] {taskinstance.py:2076} INFO - Dependencies all met for dep_context=non-requeueable deps ti=<TaskInstance: demo_dag_for_alerting_apis_final.skip_run scheduled__2024-06-19T05:49:00+00:00 [queued]>
[2024-06-19T05:50:08.693+0000] {taskinstance.py:2076} INFO - Dependencies all met for dep_context=requeueable deps ti=<TaskInstance: demo_dag_for_alerting_apis_final.skip_run scheduled__2024-06-19T05:49:00+00:00 [queued]>
[2024-06-19T05:50:08.695+0000] {taskinstance.py:2306} INFO - Starting attempt 1 of 6
[2024-06-19T05:50:08.746+0000] {taskinstance.py:2330} INFO - Executing <Task(PythonOperator): skip_run> on 2024-06-19 05:49:00+00:00
[2024-06-19T05:50:08.762+0000] {warnings.py:110} WARNING - /home/***/.local/lib/python3.12/site-packages/***/task/task_runner/standard_task_runner.py:61: DeprecationWarning: This process (pid=1690) is multi-threaded, use of fork() may lead to deadlocks in the child.
  pid = os.fork()

[2024-06-19T05:50:08.766+0000] {standard_task_runner.py:63} INFO - Started process 1691 to run task
[2024-06-19T05:50:08.768+0000] {standard_task_runner.py:90} INFO - Running: ['***', 'tasks', 'run', 'demo_dag_for_alerting_apis_final', 'skip_run', 'scheduled__2024-06-19T05:49:00+00:00', '--job-id', '1118', '--raw', '--subdir', 'DAGS_FOLDER/demo_dag_for_alerting_apis.py', '--cfg-path', '/tmp/tmpwntsg337']
[2024-06-19T05:50:08.771+0000] {standard_task_runner.py:91} INFO - Job 1118: Subtask skip_run
[2024-06-19T05:50:08.924+0000] {task_command.py:426} INFO - Running <TaskInstance: demo_dag_for_alerting_apis_final.skip_run scheduled__2024-06-19T05:49:00+00:00 [running]> on host 9e4d135130fa
[2024-06-19T05:50:09.291+0000] {taskinstance.py:2648} INFO - Exporting env vars: AIRFLOW_CTX_DAG_OWNER='***' AIRFLOW_CTX_DAG_ID='demo_dag_for_alerting_apis_final' AIRFLOW_CTX_TASK_ID='skip_run' AIRFLOW_CTX_EXECUTION_DATE='2024-06-19T05:49:00+00:00' AIRFLOW_CTX_TRY_NUMBER='1' AIRFLOW_CTX_DAG_RUN_ID='scheduled__2024-06-19T05:49:00+00:00'
[2024-06-19T05:50:09.294+0000] {taskinstance.py:430} INFO - ::endgroup::
[2024-06-19T05:50:10.246+0000] {helper_functions.py:151} ERROR - HTTP request failed: 403 Client Error: FORBIDDEN for url: http://***:password@172.240.2.5:8080/api/v1/dags/demo_dag_for_alerting_apis_final/dagRuns?limit=3&order_by=-start_date
[2024-06-19T05:50:10.248+0000] {python.py:237} INFO - Done. Returned value was: None
[2024-06-19T05:50:10.249+0000] {taskinstance.py:441} INFO - ::group::Post task execution logs
[2024-06-19T05:50:10.284+0000] {taskinstance.py:1206} INFO - Marking task as SUCCESS. dag_id=demo_dag_for_alerting_apis_final, task_id=skip_run, run_id=scheduled__2024-06-19T05:49:00+00:00, execution_date=20240619T054900, start_date=20240619T055008, end_date=20240619T055010
[2024-06-19T05:50:10.394+0000] {local_task_job_runner.py:240} INFO - Task exited with return code 0
[2024-06-19T05:50:10.514+0000] {taskinstance.py:3498} INFO - 0 downstream tasks scheduled from follow-on schedule check
[2024-06-19T05:50:10.517+0000] {local_task_job_runner.py:222} INFO - ::endgroup::
