[2024-06-24T13:33:33.956+0000] {local_task_job_runner.py:120} INFO - ::group::Pre task execution logs
[2024-06-24T13:33:33.983+0000] {taskinstance.py:2076} INFO - Dependencies all met for dep_context=non-requeueable deps ti=<TaskInstance: alerting_all_dags_using_apis.get_all_dagruns_task_instances manual__2024-06-24T13:33:28.818628+00:00 [queued]>
[2024-06-24T13:33:33.994+0000] {taskinstance.py:2076} INFO - Dependencies all met for dep_context=requeueable deps ti=<TaskInstance: alerting_all_dags_using_apis.get_all_dagruns_task_instances manual__2024-06-24T13:33:28.818628+00:00 [queued]>
[2024-06-24T13:33:33.994+0000] {taskinstance.py:2306} INFO - Starting attempt 1 of 6
[2024-06-24T13:33:34.010+0000] {taskinstance.py:2330} INFO - Executing <Task(PythonOperator): get_all_dagruns_task_instances> on 2024-06-24 13:33:28.818628+00:00
[2024-06-24T13:33:34.015+0000] {warnings.py:110} WARNING - /home/***/.local/lib/python3.12/site-packages/***/task/task_runner/standard_task_runner.py:61: DeprecationWarning: This process (pid=5289) is multi-threaded, use of fork() may lead to deadlocks in the child.
  pid = os.fork()

[2024-06-24T13:33:34.016+0000] {standard_task_runner.py:63} INFO - Started process 5290 to run task
[2024-06-24T13:33:34.016+0000] {standard_task_runner.py:90} INFO - Running: ['***', 'tasks', 'run', 'alerting_all_dags_using_apis', 'get_all_dagruns_task_instances', 'manual__2024-06-24T13:33:28.818628+00:00', '--job-id', '3664', '--raw', '--subdir', 'DAGS_FOLDER/alerting_all_dags_using_apis.py', '--cfg-path', '/tmp/tmpv1cku1h6']
[2024-06-24T13:33:34.018+0000] {standard_task_runner.py:91} INFO - Job 3664: Subtask get_all_dagruns_task_instances
[2024-06-24T13:33:34.067+0000] {task_command.py:426} INFO - Running <TaskInstance: alerting_all_dags_using_apis.get_all_dagruns_task_instances manual__2024-06-24T13:33:28.818628+00:00 [running]> on host bf895605831d
[2024-06-24T13:33:34.198+0000] {taskinstance.py:2648} INFO - Exporting env vars: AIRFLOW_CTX_DAG_OWNER='***' AIRFLOW_CTX_DAG_ID='alerting_all_dags_using_apis' AIRFLOW_CTX_TASK_ID='get_all_dagruns_task_instances' AIRFLOW_CTX_EXECUTION_DATE='2024-06-24T13:33:28.818628+00:00' AIRFLOW_CTX_TRY_NUMBER='1' AIRFLOW_CTX_DAG_RUN_ID='manual__2024-06-24T13:33:28.818628+00:00'
[2024-06-24T13:33:34.199+0000] {taskinstance.py:430} INFO - ::endgroup::
[2024-06-24T13:33:34.220+0000] {helper_functions.py:254} ERROR - Failed to get task instances for all DAG runs: 'NoneType' object has no attribute 'items'
Traceback (most recent call last):
  File "/opt/airflow/dags/helper_functions.py", line 241, in get_all_dagruns_task_instances
    for dag_id, dag_run_ids in run_ids.items():
                               ^^^^^^^^^^^^^
AttributeError: 'NoneType' object has no attribute 'items'
[2024-06-24T13:33:34.221+0000] {python.py:237} INFO - Done. Returned value was: None
[2024-06-24T13:33:34.222+0000] {taskinstance.py:441} INFO - ::group::Post task execution logs
[2024-06-24T13:33:34.231+0000] {taskinstance.py:1206} INFO - Marking task as SUCCESS. dag_id=alerting_all_dags_using_apis, task_id=get_all_dagruns_task_instances, run_id=manual__2024-06-24T13:33:28.818628+00:00, execution_date=20240624T133328, start_date=20240624T133333, end_date=20240624T133334
[2024-06-24T13:33:34.271+0000] {local_task_job_runner.py:240} INFO - Task exited with return code 0
[2024-06-24T13:33:34.308+0000] {taskinstance.py:3498} INFO - 1 downstream tasks scheduled from follow-on schedule check
[2024-06-24T13:33:34.310+0000] {local_task_job_runner.py:222} INFO - ::endgroup::
