[2024-06-25T12:49:02.554+0000] {local_task_job_runner.py:120} INFO - ::group::Pre task execution logs
[2024-06-25T12:49:02.576+0000] {taskinstance.py:2076} INFO - Dependencies all met for dep_context=non-requeueable deps ti=<TaskInstance: demo_dag_for_alerting_final_1.check_previous_run_status scheduled__2024-06-25T12:48:00+00:00 [queued]>
[2024-06-25T12:49:02.586+0000] {taskinstance.py:2076} INFO - Dependencies all met for dep_context=requeueable deps ti=<TaskInstance: demo_dag_for_alerting_final_1.check_previous_run_status scheduled__2024-06-25T12:48:00+00:00 [queued]>
[2024-06-25T12:49:02.587+0000] {taskinstance.py:2306} INFO - Starting attempt 1 of 6
[2024-06-25T12:49:02.604+0000] {taskinstance.py:2330} INFO - Executing <Task(BranchPythonOperator): check_previous_run_status> on 2024-06-25 12:48:00+00:00
[2024-06-25T12:49:02.610+0000] {warnings.py:110} WARNING - /home/***/.local/lib/python3.12/site-packages/***/task/task_runner/standard_task_runner.py:61: DeprecationWarning: This process (pid=1709) is multi-threaded, use of fork() may lead to deadlocks in the child.
  pid = os.fork()

[2024-06-25T12:49:02.612+0000] {standard_task_runner.py:63} INFO - Started process 1710 to run task
[2024-06-25T12:49:02.612+0000] {standard_task_runner.py:90} INFO - Running: ['***', 'tasks', 'run', 'demo_dag_for_alerting_final_1', 'check_previous_run_status', 'scheduled__2024-06-25T12:48:00+00:00', '--job-id', '3894', '--raw', '--subdir', 'DAGS_FOLDER/demo_dag_for_alerting.py', '--cfg-path', '/tmp/tmpe3hy54dc']
[2024-06-25T12:49:02.614+0000] {standard_task_runner.py:91} INFO - Job 3894: Subtask check_previous_run_status
[2024-06-25T12:49:02.671+0000] {task_command.py:426} INFO - Running <TaskInstance: demo_dag_for_alerting_final_1.check_previous_run_status scheduled__2024-06-25T12:48:00+00:00 [running]> on host ced2311e92d2
[2024-06-25T12:49:02.778+0000] {taskinstance.py:2648} INFO - Exporting env vars: AIRFLOW_CTX_DAG_OWNER='***' AIRFLOW_CTX_DAG_ID='demo_dag_for_alerting_final_1' AIRFLOW_CTX_TASK_ID='check_previous_run_status' AIRFLOW_CTX_EXECUTION_DATE='2024-06-25T12:48:00+00:00' AIRFLOW_CTX_TRY_NUMBER='1' AIRFLOW_CTX_DAG_RUN_ID='scheduled__2024-06-25T12:48:00+00:00'
[2024-06-25T12:49:02.778+0000] {taskinstance.py:430} INFO - ::endgroup::
[2024-06-25T12:49:02.790+0000] {baseoperator.py:399} WARNING - BranchPythonOperator.execute cannot be called outside TaskInstance!
[2024-06-25T12:49:02.791+0000] {helper_functions.py:67} INFO - Reading encrypted postgres connection details from /opt/***/dags/postgres_connection.py
[2024-06-25T12:49:02.791+0000] {helper_functions.py:71} INFO - Decrypting postgres connection details
[2024-06-25T12:49:02.796+0000] {helper_functions.py:74} INFO - Decrypted postgres connection: {'user': '***', 'password': '***', 'dbname': '***', 'host': '172.240.4.3', 'port': '5432'}
[2024-06-25T12:49:02.799+0000] {helper_functions.py:87} INFO - Executing create table SQL
[2024-06-25T12:49:02.800+0000] {helper_functions.py:91} INFO - Checking existing record for dag_id and task_id
[2024-06-25T12:49:02.801+0000] {helper_functions.py:105} INFO - Updating success count for demo_dag_for_alerting_final_1 - check_previous_run_status
[2024-06-25T12:49:02.803+0000] {python.py:237} INFO - Done. Returned value was: start_run
[2024-06-25T12:49:02.804+0000] {branch.py:36} INFO - Branch into start_run
[2024-06-25T12:49:02.804+0000] {skipmixin.py:178} INFO - Following branch start_run
[2024-06-25T12:49:02.819+0000] {skipmixin.py:246} INFO - Skipping tasks [('skip_run', -1)]
[2024-06-25T12:49:02.838+0000] {taskinstance.py:441} INFO - ::group::Post task execution logs
[2024-06-25T12:49:02.854+0000] {taskinstance.py:1206} INFO - Marking task as SUCCESS. dag_id=demo_dag_for_alerting_final_1, task_id=check_previous_run_status, run_id=scheduled__2024-06-25T12:48:00+00:00, execution_date=20240625T124800, start_date=20240625T124902, end_date=20240625T124902
[2024-06-25T12:49:02.906+0000] {local_task_job_runner.py:240} INFO - Task exited with return code 0
[2024-06-25T12:49:02.935+0000] {taskinstance.py:3498} INFO - 0 downstream tasks scheduled from follow-on schedule check
[2024-06-25T12:49:02.937+0000] {local_task_job_runner.py:222} INFO - ::endgroup::
