[2024-06-19T09:30:25.373+0000] {local_task_job_runner.py:120} INFO - ::group::Pre task execution logs
[2024-06-19T09:30:25.405+0000] {taskinstance.py:2076} INFO - Dependencies all met for dep_context=non-requeueable deps ti=<TaskInstance: demo_dag_for_alerting_final_1.check_previous_run_status manual__2024-06-19T09:30:23.407350+00:00 [queued]>
[2024-06-19T09:30:25.415+0000] {taskinstance.py:2076} INFO - Dependencies all met for dep_context=requeueable deps ti=<TaskInstance: demo_dag_for_alerting_final_1.check_previous_run_status manual__2024-06-19T09:30:23.407350+00:00 [queued]>
[2024-06-19T09:30:25.415+0000] {taskinstance.py:2306} INFO - Starting attempt 1 of 6
[2024-06-19T09:30:25.429+0000] {taskinstance.py:2330} INFO - Executing <Task(BranchPythonOperator): check_previous_run_status> on 2024-06-19 09:30:23.407350+00:00
[2024-06-19T09:30:25.434+0000] {warnings.py:110} WARNING - /home/***/.local/lib/python3.12/site-packages/***/task/task_runner/standard_task_runner.py:61: DeprecationWarning: This process (pid=3358) is multi-threaded, use of fork() may lead to deadlocks in the child.
  pid = os.fork()

[2024-06-19T09:30:25.435+0000] {standard_task_runner.py:63} INFO - Started process 3359 to run task
[2024-06-19T09:30:25.436+0000] {standard_task_runner.py:90} INFO - Running: ['***', 'tasks', 'run', 'demo_dag_for_alerting_final_1', 'check_previous_run_status', 'manual__2024-06-19T09:30:23.407350+00:00', '--job-id', '1269', '--raw', '--subdir', 'DAGS_FOLDER/demo_dag_for_alerting.py', '--cfg-path', '/tmp/tmpjhlo8d40']
[2024-06-19T09:30:25.437+0000] {standard_task_runner.py:91} INFO - Job 1269: Subtask check_previous_run_status
[2024-06-19T09:30:25.478+0000] {task_command.py:426} INFO - Running <TaskInstance: demo_dag_for_alerting_final_1.check_previous_run_status manual__2024-06-19T09:30:23.407350+00:00 [running]> on host 9e4d135130fa
[2024-06-19T09:30:25.579+0000] {taskinstance.py:2648} INFO - Exporting env vars: AIRFLOW_CTX_DAG_OWNER='***' AIRFLOW_CTX_DAG_ID='demo_dag_for_alerting_final_1' AIRFLOW_CTX_TASK_ID='check_previous_run_status' AIRFLOW_CTX_EXECUTION_DATE='2024-06-19T09:30:23.407350+00:00' AIRFLOW_CTX_TRY_NUMBER='1' AIRFLOW_CTX_DAG_RUN_ID='manual__2024-06-19T09:30:23.407350+00:00'
[2024-06-19T09:30:25.580+0000] {taskinstance.py:430} INFO - ::endgroup::
[2024-06-19T09:30:25.595+0000] {baseoperator.py:399} WARNING - BranchPythonOperator.execute cannot be called outside TaskInstance!
[2024-06-19T09:30:25.601+0000] {python.py:237} INFO - Done. Returned value was: start_run
[2024-06-19T09:30:25.602+0000] {branch.py:36} INFO - Branch into start_run
[2024-06-19T09:30:25.602+0000] {skipmixin.py:178} INFO - Following branch start_run
[2024-06-19T09:30:25.618+0000] {skipmixin.py:246} INFO - Skipping tasks [('skip_run', -1)]
[2024-06-19T09:30:25.642+0000] {taskinstance.py:441} INFO - ::group::Post task execution logs
[2024-06-19T09:30:25.661+0000] {taskinstance.py:1206} INFO - Marking task as SUCCESS. dag_id=demo_dag_for_alerting_final_1, task_id=check_previous_run_status, run_id=manual__2024-06-19T09:30:23.407350+00:00, execution_date=20240619T093023, start_date=20240619T093025, end_date=20240619T093025
[2024-06-19T09:30:25.689+0000] {local_task_job_runner.py:240} INFO - Task exited with return code 0
[2024-06-19T09:30:25.727+0000] {taskinstance.py:3498} INFO - 0 downstream tasks scheduled from follow-on schedule check
[2024-06-19T09:30:25.729+0000] {local_task_job_runner.py:222} INFO - ::endgroup::
