[2024-06-22T15:33:06.931+0000] {processor.py:161} INFO - Started process (PID=32) to work on /opt/airflow/dags/config/airflow_api_config.py
[2024-06-22T15:33:06.932+0000] {processor.py:830} INFO - Processing file /opt/airflow/dags/config/airflow_api_config.py for tasks to queue
[2024-06-22T15:33:06.933+0000] {logging_mixin.py:188} INFO - [2024-06-22T15:33:06.933+0000] {dagbag.py:545} INFO - Filling up the DagBag from /opt/airflow/dags/config/airflow_api_config.py
[2024-06-22T15:33:06.935+0000] {processor.py:842} WARNING - No viable dags retrieved from /opt/airflow/dags/config/airflow_api_config.py
[2024-06-22T15:33:06.950+0000] {processor.py:183} INFO - Processing /opt/airflow/dags/config/airflow_api_config.py took 0.025 seconds
[2024-06-22T15:33:37.216+0000] {processor.py:161} INFO - Started process (PID=46) to work on /opt/airflow/dags/config/airflow_api_config.py
[2024-06-22T15:33:37.217+0000] {processor.py:830} INFO - Processing file /opt/airflow/dags/config/airflow_api_config.py for tasks to queue
[2024-06-22T15:33:37.218+0000] {logging_mixin.py:188} INFO - [2024-06-22T15:33:37.218+0000] {dagbag.py:545} INFO - Filling up the DagBag from /opt/airflow/dags/config/airflow_api_config.py
[2024-06-22T15:33:37.220+0000] {processor.py:842} WARNING - No viable dags retrieved from /opt/airflow/dags/config/airflow_api_config.py
[2024-06-22T15:33:37.231+0000] {processor.py:183} INFO - Processing /opt/airflow/dags/config/airflow_api_config.py took 0.019 seconds
[2024-06-22T15:34:07.829+0000] {processor.py:161} INFO - Started process (PID=60) to work on /opt/airflow/dags/config/airflow_api_config.py
[2024-06-22T15:34:07.829+0000] {processor.py:830} INFO - Processing file /opt/airflow/dags/config/airflow_api_config.py for tasks to queue
[2024-06-22T15:34:07.830+0000] {logging_mixin.py:188} INFO - [2024-06-22T15:34:07.830+0000] {dagbag.py:545} INFO - Filling up the DagBag from /opt/airflow/dags/config/airflow_api_config.py
[2024-06-22T15:34:07.832+0000] {processor.py:842} WARNING - No viable dags retrieved from /opt/airflow/dags/config/airflow_api_config.py
[2024-06-22T15:34:07.843+0000] {processor.py:183} INFO - Processing /opt/airflow/dags/config/airflow_api_config.py took 0.019 seconds
[2024-06-22T15:34:38.424+0000] {processor.py:161} INFO - Started process (PID=74) to work on /opt/airflow/dags/config/airflow_api_config.py
[2024-06-22T15:34:38.425+0000] {processor.py:830} INFO - Processing file /opt/airflow/dags/config/airflow_api_config.py for tasks to queue
[2024-06-22T15:34:38.426+0000] {logging_mixin.py:188} INFO - [2024-06-22T15:34:38.426+0000] {dagbag.py:545} INFO - Filling up the DagBag from /opt/airflow/dags/config/airflow_api_config.py
[2024-06-22T15:34:38.428+0000] {processor.py:842} WARNING - No viable dags retrieved from /opt/airflow/dags/config/airflow_api_config.py
[2024-06-22T15:34:38.443+0000] {processor.py:183} INFO - Processing /opt/airflow/dags/config/airflow_api_config.py took 0.024 seconds
[2024-06-22T15:35:09.081+0000] {processor.py:161} INFO - Started process (PID=88) to work on /opt/airflow/dags/config/airflow_api_config.py
[2024-06-22T15:35:09.082+0000] {processor.py:830} INFO - Processing file /opt/airflow/dags/config/airflow_api_config.py for tasks to queue
[2024-06-22T15:35:09.084+0000] {logging_mixin.py:188} INFO - [2024-06-22T15:35:09.083+0000] {dagbag.py:545} INFO - Filling up the DagBag from /opt/airflow/dags/config/airflow_api_config.py
[2024-06-22T15:35:09.085+0000] {processor.py:842} WARNING - No viable dags retrieved from /opt/airflow/dags/config/airflow_api_config.py
[2024-06-22T15:35:09.096+0000] {processor.py:183} INFO - Processing /opt/airflow/dags/config/airflow_api_config.py took 0.020 seconds
[2024-06-22T15:35:39.744+0000] {processor.py:161} INFO - Started process (PID=102) to work on /opt/airflow/dags/config/airflow_api_config.py
[2024-06-22T15:35:39.744+0000] {processor.py:830} INFO - Processing file /opt/airflow/dags/config/airflow_api_config.py for tasks to queue
[2024-06-22T15:35:39.746+0000] {logging_mixin.py:188} INFO - [2024-06-22T15:35:39.745+0000] {dagbag.py:545} INFO - Filling up the DagBag from /opt/airflow/dags/config/airflow_api_config.py
[2024-06-22T15:35:39.747+0000] {processor.py:842} WARNING - No viable dags retrieved from /opt/airflow/dags/config/airflow_api_config.py
[2024-06-22T15:35:39.758+0000] {processor.py:183} INFO - Processing /opt/airflow/dags/config/airflow_api_config.py took 0.020 seconds
[2024-06-22T15:36:10.448+0000] {processor.py:161} INFO - Started process (PID=116) to work on /opt/airflow/dags/config/airflow_api_config.py
[2024-06-22T15:36:10.449+0000] {processor.py:830} INFO - Processing file /opt/airflow/dags/config/airflow_api_config.py for tasks to queue
[2024-06-22T15:36:10.450+0000] {logging_mixin.py:188} INFO - [2024-06-22T15:36:10.450+0000] {dagbag.py:545} INFO - Filling up the DagBag from /opt/airflow/dags/config/airflow_api_config.py
[2024-06-22T15:36:10.452+0000] {processor.py:842} WARNING - No viable dags retrieved from /opt/airflow/dags/config/airflow_api_config.py
[2024-06-22T15:36:10.463+0000] {processor.py:183} INFO - Processing /opt/airflow/dags/config/airflow_api_config.py took 0.020 seconds
[2024-06-22T15:36:41.054+0000] {processor.py:161} INFO - Started process (PID=130) to work on /opt/airflow/dags/config/airflow_api_config.py
[2024-06-22T15:36:41.054+0000] {processor.py:830} INFO - Processing file /opt/airflow/dags/config/airflow_api_config.py for tasks to queue
[2024-06-22T15:36:41.056+0000] {logging_mixin.py:188} INFO - [2024-06-22T15:36:41.056+0000] {dagbag.py:545} INFO - Filling up the DagBag from /opt/airflow/dags/config/airflow_api_config.py
[2024-06-22T15:36:41.057+0000] {processor.py:842} WARNING - No viable dags retrieved from /opt/airflow/dags/config/airflow_api_config.py
[2024-06-22T15:36:41.070+0000] {processor.py:183} INFO - Processing /opt/airflow/dags/config/airflow_api_config.py took 0.021 seconds
[2024-06-22T15:37:11.726+0000] {processor.py:161} INFO - Started process (PID=144) to work on /opt/airflow/dags/config/airflow_api_config.py
[2024-06-22T15:37:11.726+0000] {processor.py:830} INFO - Processing file /opt/airflow/dags/config/airflow_api_config.py for tasks to queue
[2024-06-22T15:37:11.728+0000] {logging_mixin.py:188} INFO - [2024-06-22T15:37:11.728+0000] {dagbag.py:545} INFO - Filling up the DagBag from /opt/airflow/dags/config/airflow_api_config.py
[2024-06-22T15:37:11.730+0000] {processor.py:842} WARNING - No viable dags retrieved from /opt/airflow/dags/config/airflow_api_config.py
[2024-06-22T15:37:11.741+0000] {processor.py:183} INFO - Processing /opt/airflow/dags/config/airflow_api_config.py took 0.020 seconds
[2024-06-22T15:37:42.389+0000] {processor.py:161} INFO - Started process (PID=158) to work on /opt/airflow/dags/config/airflow_api_config.py
[2024-06-22T15:37:42.390+0000] {processor.py:830} INFO - Processing file /opt/airflow/dags/config/airflow_api_config.py for tasks to queue
[2024-06-22T15:37:42.391+0000] {logging_mixin.py:188} INFO - [2024-06-22T15:37:42.391+0000] {dagbag.py:545} INFO - Filling up the DagBag from /opt/airflow/dags/config/airflow_api_config.py
[2024-06-22T15:37:42.393+0000] {processor.py:842} WARNING - No viable dags retrieved from /opt/airflow/dags/config/airflow_api_config.py
[2024-06-22T15:37:42.404+0000] {processor.py:183} INFO - Processing /opt/airflow/dags/config/airflow_api_config.py took 0.020 seconds
[2024-06-22T15:38:13.043+0000] {processor.py:161} INFO - Started process (PID=172) to work on /opt/airflow/dags/config/airflow_api_config.py
[2024-06-22T15:38:13.044+0000] {processor.py:830} INFO - Processing file /opt/airflow/dags/config/airflow_api_config.py for tasks to queue
[2024-06-22T15:38:13.045+0000] {logging_mixin.py:188} INFO - [2024-06-22T15:38:13.045+0000] {dagbag.py:545} INFO - Filling up the DagBag from /opt/airflow/dags/config/airflow_api_config.py
[2024-06-22T15:38:13.047+0000] {processor.py:842} WARNING - No viable dags retrieved from /opt/airflow/dags/config/airflow_api_config.py
[2024-06-22T15:38:13.058+0000] {processor.py:183} INFO - Processing /opt/airflow/dags/config/airflow_api_config.py took 0.020 seconds
[2024-06-22T15:38:43.669+0000] {processor.py:161} INFO - Started process (PID=186) to work on /opt/airflow/dags/config/airflow_api_config.py
[2024-06-22T15:38:43.670+0000] {processor.py:830} INFO - Processing file /opt/airflow/dags/config/airflow_api_config.py for tasks to queue
[2024-06-22T15:38:43.672+0000] {logging_mixin.py:188} INFO - [2024-06-22T15:38:43.671+0000] {dagbag.py:545} INFO - Filling up the DagBag from /opt/airflow/dags/config/airflow_api_config.py
[2024-06-22T15:38:43.673+0000] {processor.py:842} WARNING - No viable dags retrieved from /opt/airflow/dags/config/airflow_api_config.py
[2024-06-22T15:38:43.684+0000] {processor.py:183} INFO - Processing /opt/airflow/dags/config/airflow_api_config.py took 0.020 seconds
[2024-06-22T15:39:14.267+0000] {processor.py:161} INFO - Started process (PID=200) to work on /opt/airflow/dags/config/airflow_api_config.py
[2024-06-22T15:39:14.267+0000] {processor.py:830} INFO - Processing file /opt/airflow/dags/config/airflow_api_config.py for tasks to queue
[2024-06-22T15:39:14.269+0000] {logging_mixin.py:188} INFO - [2024-06-22T15:39:14.269+0000] {dagbag.py:545} INFO - Filling up the DagBag from /opt/airflow/dags/config/airflow_api_config.py
[2024-06-22T15:39:14.270+0000] {processor.py:842} WARNING - No viable dags retrieved from /opt/airflow/dags/config/airflow_api_config.py
[2024-06-22T15:39:14.284+0000] {processor.py:183} INFO - Processing /opt/airflow/dags/config/airflow_api_config.py took 0.023 seconds
[2024-06-22T15:39:44.929+0000] {processor.py:161} INFO - Started process (PID=213) to work on /opt/airflow/dags/config/airflow_api_config.py
[2024-06-22T15:39:44.930+0000] {processor.py:830} INFO - Processing file /opt/airflow/dags/config/airflow_api_config.py for tasks to queue
[2024-06-22T15:39:44.932+0000] {logging_mixin.py:188} INFO - [2024-06-22T15:39:44.931+0000] {dagbag.py:545} INFO - Filling up the DagBag from /opt/airflow/dags/config/airflow_api_config.py
[2024-06-22T15:39:44.933+0000] {processor.py:842} WARNING - No viable dags retrieved from /opt/airflow/dags/config/airflow_api_config.py
[2024-06-22T15:39:44.945+0000] {processor.py:183} INFO - Processing /opt/airflow/dags/config/airflow_api_config.py took 0.021 seconds
[2024-06-22T15:40:15.581+0000] {processor.py:161} INFO - Started process (PID=227) to work on /opt/airflow/dags/config/airflow_api_config.py
[2024-06-22T15:40:15.582+0000] {processor.py:830} INFO - Processing file /opt/airflow/dags/config/airflow_api_config.py for tasks to queue
[2024-06-22T15:40:15.584+0000] {logging_mixin.py:188} INFO - [2024-06-22T15:40:15.583+0000] {dagbag.py:545} INFO - Filling up the DagBag from /opt/airflow/dags/config/airflow_api_config.py
[2024-06-22T15:40:15.585+0000] {processor.py:842} WARNING - No viable dags retrieved from /opt/airflow/dags/config/airflow_api_config.py
[2024-06-22T15:40:15.596+0000] {processor.py:183} INFO - Processing /opt/airflow/dags/config/airflow_api_config.py took 0.020 seconds
[2024-06-22T15:40:46.241+0000] {processor.py:161} INFO - Started process (PID=241) to work on /opt/airflow/dags/config/airflow_api_config.py
[2024-06-22T15:40:46.241+0000] {processor.py:830} INFO - Processing file /opt/airflow/dags/config/airflow_api_config.py for tasks to queue
[2024-06-22T15:40:46.243+0000] {logging_mixin.py:188} INFO - [2024-06-22T15:40:46.243+0000] {dagbag.py:545} INFO - Filling up the DagBag from /opt/airflow/dags/config/airflow_api_config.py
[2024-06-22T15:40:46.244+0000] {processor.py:842} WARNING - No viable dags retrieved from /opt/airflow/dags/config/airflow_api_config.py
[2024-06-22T15:40:46.256+0000] {processor.py:183} INFO - Processing /opt/airflow/dags/config/airflow_api_config.py took 0.021 seconds
[2024-06-22T15:41:16.917+0000] {processor.py:161} INFO - Started process (PID=255) to work on /opt/airflow/dags/config/airflow_api_config.py
[2024-06-22T15:41:16.918+0000] {processor.py:830} INFO - Processing file /opt/airflow/dags/config/airflow_api_config.py for tasks to queue
[2024-06-22T15:41:16.919+0000] {logging_mixin.py:188} INFO - [2024-06-22T15:41:16.919+0000] {dagbag.py:545} INFO - Filling up the DagBag from /opt/airflow/dags/config/airflow_api_config.py
[2024-06-22T15:41:16.921+0000] {processor.py:842} WARNING - No viable dags retrieved from /opt/airflow/dags/config/airflow_api_config.py
[2024-06-22T15:41:16.932+0000] {processor.py:183} INFO - Processing /opt/airflow/dags/config/airflow_api_config.py took 0.020 seconds
[2024-06-22T15:41:47.150+0000] {processor.py:161} INFO - Started process (PID=270) to work on /opt/airflow/dags/config/airflow_api_config.py
[2024-06-22T15:41:47.150+0000] {processor.py:830} INFO - Processing file /opt/airflow/dags/config/airflow_api_config.py for tasks to queue
[2024-06-22T15:41:47.152+0000] {logging_mixin.py:188} INFO - [2024-06-22T15:41:47.151+0000] {dagbag.py:545} INFO - Filling up the DagBag from /opt/airflow/dags/config/airflow_api_config.py
[2024-06-22T15:41:47.153+0000] {processor.py:842} WARNING - No viable dags retrieved from /opt/airflow/dags/config/airflow_api_config.py
[2024-06-22T15:41:47.164+0000] {processor.py:183} INFO - Processing /opt/airflow/dags/config/airflow_api_config.py took 0.020 seconds
[2024-06-22T15:42:17.870+0000] {processor.py:161} INFO - Started process (PID=284) to work on /opt/airflow/dags/config/airflow_api_config.py
[2024-06-22T15:42:17.871+0000] {processor.py:830} INFO - Processing file /opt/airflow/dags/config/airflow_api_config.py for tasks to queue
[2024-06-22T15:42:17.873+0000] {logging_mixin.py:188} INFO - [2024-06-22T15:42:17.872+0000] {dagbag.py:545} INFO - Filling up the DagBag from /opt/airflow/dags/config/airflow_api_config.py
[2024-06-22T15:42:17.874+0000] {processor.py:842} WARNING - No viable dags retrieved from /opt/airflow/dags/config/airflow_api_config.py
[2024-06-22T15:42:17.887+0000] {processor.py:183} INFO - Processing /opt/airflow/dags/config/airflow_api_config.py took 0.022 seconds
[2024-06-22T15:42:48.523+0000] {processor.py:161} INFO - Started process (PID=297) to work on /opt/airflow/dags/config/airflow_api_config.py
[2024-06-22T15:42:48.524+0000] {processor.py:830} INFO - Processing file /opt/airflow/dags/config/airflow_api_config.py for tasks to queue
[2024-06-22T15:42:48.526+0000] {logging_mixin.py:188} INFO - [2024-06-22T15:42:48.525+0000] {dagbag.py:545} INFO - Filling up the DagBag from /opt/airflow/dags/config/airflow_api_config.py
[2024-06-22T15:42:48.527+0000] {processor.py:842} WARNING - No viable dags retrieved from /opt/airflow/dags/config/airflow_api_config.py
[2024-06-22T15:42:48.538+0000] {processor.py:183} INFO - Processing /opt/airflow/dags/config/airflow_api_config.py took 0.020 seconds
[2024-06-22T15:43:19.170+0000] {processor.py:161} INFO - Started process (PID=311) to work on /opt/airflow/dags/config/airflow_api_config.py
[2024-06-22T15:43:19.170+0000] {processor.py:830} INFO - Processing file /opt/airflow/dags/config/airflow_api_config.py for tasks to queue
[2024-06-22T15:43:19.172+0000] {logging_mixin.py:188} INFO - [2024-06-22T15:43:19.172+0000] {dagbag.py:545} INFO - Filling up the DagBag from /opt/airflow/dags/config/airflow_api_config.py
[2024-06-22T15:43:19.173+0000] {processor.py:842} WARNING - No viable dags retrieved from /opt/airflow/dags/config/airflow_api_config.py
[2024-06-22T15:43:19.185+0000] {processor.py:183} INFO - Processing /opt/airflow/dags/config/airflow_api_config.py took 0.020 seconds
[2024-06-22T15:43:49.805+0000] {processor.py:161} INFO - Started process (PID=325) to work on /opt/airflow/dags/config/airflow_api_config.py
[2024-06-22T15:43:49.806+0000] {processor.py:830} INFO - Processing file /opt/airflow/dags/config/airflow_api_config.py for tasks to queue
[2024-06-22T15:43:49.808+0000] {logging_mixin.py:188} INFO - [2024-06-22T15:43:49.807+0000] {dagbag.py:545} INFO - Filling up the DagBag from /opt/airflow/dags/config/airflow_api_config.py
[2024-06-22T15:43:49.809+0000] {processor.py:842} WARNING - No viable dags retrieved from /opt/airflow/dags/config/airflow_api_config.py
[2024-06-22T15:43:49.823+0000] {processor.py:183} INFO - Processing /opt/airflow/dags/config/airflow_api_config.py took 0.023 seconds
[2024-06-22T15:44:20.477+0000] {processor.py:161} INFO - Started process (PID=339) to work on /opt/airflow/dags/config/airflow_api_config.py
[2024-06-22T15:44:20.479+0000] {processor.py:830} INFO - Processing file /opt/airflow/dags/config/airflow_api_config.py for tasks to queue
[2024-06-22T15:44:20.482+0000] {logging_mixin.py:188} INFO - [2024-06-22T15:44:20.481+0000] {dagbag.py:545} INFO - Filling up the DagBag from /opt/airflow/dags/config/airflow_api_config.py
[2024-06-22T15:44:20.484+0000] {processor.py:842} WARNING - No viable dags retrieved from /opt/airflow/dags/config/airflow_api_config.py
[2024-06-22T15:44:20.501+0000] {processor.py:183} INFO - Processing /opt/airflow/dags/config/airflow_api_config.py took 0.030 seconds
[2024-06-22T15:44:51.225+0000] {processor.py:161} INFO - Started process (PID=352) to work on /opt/airflow/dags/config/airflow_api_config.py
[2024-06-22T15:44:51.226+0000] {processor.py:830} INFO - Processing file /opt/airflow/dags/config/airflow_api_config.py for tasks to queue
[2024-06-22T15:44:51.229+0000] {logging_mixin.py:188} INFO - [2024-06-22T15:44:51.228+0000] {dagbag.py:545} INFO - Filling up the DagBag from /opt/airflow/dags/config/airflow_api_config.py
[2024-06-22T15:44:51.231+0000] {processor.py:842} WARNING - No viable dags retrieved from /opt/airflow/dags/config/airflow_api_config.py
[2024-06-22T15:44:51.248+0000] {processor.py:183} INFO - Processing /opt/airflow/dags/config/airflow_api_config.py took 0.031 seconds
[2024-06-22T15:45:22.100+0000] {processor.py:161} INFO - Started process (PID=366) to work on /opt/airflow/dags/config/airflow_api_config.py
[2024-06-22T15:45:22.101+0000] {processor.py:830} INFO - Processing file /opt/airflow/dags/config/airflow_api_config.py for tasks to queue
[2024-06-22T15:45:22.103+0000] {logging_mixin.py:188} INFO - [2024-06-22T15:45:22.102+0000] {dagbag.py:545} INFO - Filling up the DagBag from /opt/airflow/dags/config/airflow_api_config.py
[2024-06-22T15:45:22.105+0000] {processor.py:842} WARNING - No viable dags retrieved from /opt/airflow/dags/config/airflow_api_config.py
[2024-06-22T15:45:22.118+0000] {processor.py:183} INFO - Processing /opt/airflow/dags/config/airflow_api_config.py took 0.024 seconds
[2024-06-22T15:45:52.785+0000] {processor.py:161} INFO - Started process (PID=381) to work on /opt/airflow/dags/config/airflow_api_config.py
[2024-06-22T15:45:52.786+0000] {processor.py:830} INFO - Processing file /opt/airflow/dags/config/airflow_api_config.py for tasks to queue
[2024-06-22T15:45:52.787+0000] {logging_mixin.py:188} INFO - [2024-06-22T15:45:52.787+0000] {dagbag.py:545} INFO - Filling up the DagBag from /opt/airflow/dags/config/airflow_api_config.py
[2024-06-22T15:45:52.789+0000] {processor.py:842} WARNING - No viable dags retrieved from /opt/airflow/dags/config/airflow_api_config.py
[2024-06-22T15:45:52.800+0000] {processor.py:183} INFO - Processing /opt/airflow/dags/config/airflow_api_config.py took 0.020 seconds
