[2024-06-22T15:33:06.941+0000] {processor.py:161} INFO - Started process (PID=33) to work on /opt/airflow/dags/config/postgres_conn.py
[2024-06-22T15:33:06.942+0000] {processor.py:830} INFO - Processing file /opt/airflow/dags/config/postgres_conn.py for tasks to queue
[2024-06-22T15:33:06.944+0000] {logging_mixin.py:188} INFO - [2024-06-22T15:33:06.944+0000] {dagbag.py:545} INFO - Filling up the DagBag from /opt/airflow/dags/config/postgres_conn.py
[2024-06-22T15:33:06.947+0000] {processor.py:842} WARNING - No viable dags retrieved from /opt/airflow/dags/config/postgres_conn.py
[2024-06-22T15:33:06.964+0000] {processor.py:183} INFO - Processing /opt/airflow/dags/config/postgres_conn.py took 0.032 seconds
[2024-06-22T15:33:37.247+0000] {processor.py:161} INFO - Started process (PID=47) to work on /opt/airflow/dags/config/postgres_conn.py
[2024-06-22T15:33:37.248+0000] {processor.py:830} INFO - Processing file /opt/airflow/dags/config/postgres_conn.py for tasks to queue
[2024-06-22T15:33:37.249+0000] {logging_mixin.py:188} INFO - [2024-06-22T15:33:37.249+0000] {dagbag.py:545} INFO - Filling up the DagBag from /opt/airflow/dags/config/postgres_conn.py
[2024-06-22T15:33:37.250+0000] {processor.py:842} WARNING - No viable dags retrieved from /opt/airflow/dags/config/postgres_conn.py
[2024-06-22T15:33:37.262+0000] {processor.py:183} INFO - Processing /opt/airflow/dags/config/postgres_conn.py took 0.019 seconds
[2024-06-22T15:34:07.859+0000] {processor.py:161} INFO - Started process (PID=61) to work on /opt/airflow/dags/config/postgres_conn.py
[2024-06-22T15:34:07.860+0000] {processor.py:830} INFO - Processing file /opt/airflow/dags/config/postgres_conn.py for tasks to queue
[2024-06-22T15:34:07.861+0000] {logging_mixin.py:188} INFO - [2024-06-22T15:34:07.861+0000] {dagbag.py:545} INFO - Filling up the DagBag from /opt/airflow/dags/config/postgres_conn.py
[2024-06-22T15:34:07.863+0000] {processor.py:842} WARNING - No viable dags retrieved from /opt/airflow/dags/config/postgres_conn.py
[2024-06-22T15:34:07.874+0000] {processor.py:183} INFO - Processing /opt/airflow/dags/config/postgres_conn.py took 0.019 seconds
[2024-06-22T15:34:38.465+0000] {processor.py:161} INFO - Started process (PID=75) to work on /opt/airflow/dags/config/postgres_conn.py
[2024-06-22T15:34:38.465+0000] {processor.py:830} INFO - Processing file /opt/airflow/dags/config/postgres_conn.py for tasks to queue
[2024-06-22T15:34:38.467+0000] {logging_mixin.py:188} INFO - [2024-06-22T15:34:38.466+0000] {dagbag.py:545} INFO - Filling up the DagBag from /opt/airflow/dags/config/postgres_conn.py
[2024-06-22T15:34:38.468+0000] {processor.py:842} WARNING - No viable dags retrieved from /opt/airflow/dags/config/postgres_conn.py
[2024-06-22T15:34:38.481+0000] {processor.py:183} INFO - Processing /opt/airflow/dags/config/postgres_conn.py took 0.021 seconds
[2024-06-22T15:35:09.114+0000] {processor.py:161} INFO - Started process (PID=89) to work on /opt/airflow/dags/config/postgres_conn.py
[2024-06-22T15:35:09.115+0000] {processor.py:830} INFO - Processing file /opt/airflow/dags/config/postgres_conn.py for tasks to queue
[2024-06-22T15:35:09.117+0000] {logging_mixin.py:188} INFO - [2024-06-22T15:35:09.116+0000] {dagbag.py:545} INFO - Filling up the DagBag from /opt/airflow/dags/config/postgres_conn.py
[2024-06-22T15:35:09.118+0000] {processor.py:842} WARNING - No viable dags retrieved from /opt/airflow/dags/config/postgres_conn.py
[2024-06-22T15:35:09.129+0000] {processor.py:183} INFO - Processing /opt/airflow/dags/config/postgres_conn.py took 0.020 seconds
[2024-06-22T15:35:39.777+0000] {processor.py:161} INFO - Started process (PID=103) to work on /opt/airflow/dags/config/postgres_conn.py
[2024-06-22T15:35:39.777+0000] {processor.py:830} INFO - Processing file /opt/airflow/dags/config/postgres_conn.py for tasks to queue
[2024-06-22T15:35:39.779+0000] {logging_mixin.py:188} INFO - [2024-06-22T15:35:39.779+0000] {dagbag.py:545} INFO - Filling up the DagBag from /opt/airflow/dags/config/postgres_conn.py
[2024-06-22T15:35:39.780+0000] {processor.py:842} WARNING - No viable dags retrieved from /opt/airflow/dags/config/postgres_conn.py
[2024-06-22T15:35:39.791+0000] {processor.py:183} INFO - Processing /opt/airflow/dags/config/postgres_conn.py took 0.019 seconds
[2024-06-22T15:36:10.452+0000] {processor.py:161} INFO - Started process (PID=117) to work on /opt/airflow/dags/config/postgres_conn.py
[2024-06-22T15:36:10.453+0000] {processor.py:830} INFO - Processing file /opt/airflow/dags/config/postgres_conn.py for tasks to queue
[2024-06-22T15:36:10.454+0000] {logging_mixin.py:188} INFO - [2024-06-22T15:36:10.454+0000] {dagbag.py:545} INFO - Filling up the DagBag from /opt/airflow/dags/config/postgres_conn.py
[2024-06-22T15:36:10.456+0000] {processor.py:842} WARNING - No viable dags retrieved from /opt/airflow/dags/config/postgres_conn.py
[2024-06-22T15:36:10.467+0000] {processor.py:183} INFO - Processing /opt/airflow/dags/config/postgres_conn.py took 0.021 seconds
[2024-06-22T15:36:41.090+0000] {processor.py:161} INFO - Started process (PID=131) to work on /opt/airflow/dags/config/postgres_conn.py
[2024-06-22T15:36:41.090+0000] {processor.py:830} INFO - Processing file /opt/airflow/dags/config/postgres_conn.py for tasks to queue
[2024-06-22T15:36:41.092+0000] {logging_mixin.py:188} INFO - [2024-06-22T15:36:41.091+0000] {dagbag.py:545} INFO - Filling up the DagBag from /opt/airflow/dags/config/postgres_conn.py
[2024-06-22T15:36:41.093+0000] {processor.py:842} WARNING - No viable dags retrieved from /opt/airflow/dags/config/postgres_conn.py
[2024-06-22T15:36:41.104+0000] {processor.py:183} INFO - Processing /opt/airflow/dags/config/postgres_conn.py took 0.019 seconds
[2024-06-22T15:37:11.761+0000] {processor.py:161} INFO - Started process (PID=145) to work on /opt/airflow/dags/config/postgres_conn.py
[2024-06-22T15:37:11.761+0000] {processor.py:830} INFO - Processing file /opt/airflow/dags/config/postgres_conn.py for tasks to queue
[2024-06-22T15:37:11.763+0000] {logging_mixin.py:188} INFO - [2024-06-22T15:37:11.762+0000] {dagbag.py:545} INFO - Filling up the DagBag from /opt/airflow/dags/config/postgres_conn.py
[2024-06-22T15:37:11.764+0000] {processor.py:842} WARNING - No viable dags retrieved from /opt/airflow/dags/config/postgres_conn.py
[2024-06-22T15:37:11.776+0000] {processor.py:183} INFO - Processing /opt/airflow/dags/config/postgres_conn.py took 0.020 seconds
[2024-06-22T15:37:42.423+0000] {processor.py:161} INFO - Started process (PID=159) to work on /opt/airflow/dags/config/postgres_conn.py
[2024-06-22T15:37:42.424+0000] {processor.py:830} INFO - Processing file /opt/airflow/dags/config/postgres_conn.py for tasks to queue
[2024-06-22T15:37:42.425+0000] {logging_mixin.py:188} INFO - [2024-06-22T15:37:42.425+0000] {dagbag.py:545} INFO - Filling up the DagBag from /opt/airflow/dags/config/postgres_conn.py
[2024-06-22T15:37:42.426+0000] {processor.py:842} WARNING - No viable dags retrieved from /opt/airflow/dags/config/postgres_conn.py
[2024-06-22T15:37:42.438+0000] {processor.py:183} INFO - Processing /opt/airflow/dags/config/postgres_conn.py took 0.019 seconds
[2024-06-22T15:38:13.076+0000] {processor.py:161} INFO - Started process (PID=173) to work on /opt/airflow/dags/config/postgres_conn.py
[2024-06-22T15:38:13.076+0000] {processor.py:830} INFO - Processing file /opt/airflow/dags/config/postgres_conn.py for tasks to queue
[2024-06-22T15:38:13.078+0000] {logging_mixin.py:188} INFO - [2024-06-22T15:38:13.078+0000] {dagbag.py:545} INFO - Filling up the DagBag from /opt/airflow/dags/config/postgres_conn.py
[2024-06-22T15:38:13.079+0000] {processor.py:842} WARNING - No viable dags retrieved from /opt/airflow/dags/config/postgres_conn.py
[2024-06-22T15:38:13.090+0000] {processor.py:183} INFO - Processing /opt/airflow/dags/config/postgres_conn.py took 0.019 seconds
[2024-06-22T15:38:43.702+0000] {processor.py:161} INFO - Started process (PID=187) to work on /opt/airflow/dags/config/postgres_conn.py
[2024-06-22T15:38:43.703+0000] {processor.py:830} INFO - Processing file /opt/airflow/dags/config/postgres_conn.py for tasks to queue
[2024-06-22T15:38:43.704+0000] {logging_mixin.py:188} INFO - [2024-06-22T15:38:43.704+0000] {dagbag.py:545} INFO - Filling up the DagBag from /opt/airflow/dags/config/postgres_conn.py
[2024-06-22T15:38:43.706+0000] {processor.py:842} WARNING - No viable dags retrieved from /opt/airflow/dags/config/postgres_conn.py
[2024-06-22T15:38:43.716+0000] {processor.py:183} INFO - Processing /opt/airflow/dags/config/postgres_conn.py took 0.019 seconds
[2024-06-22T15:39:14.302+0000] {processor.py:161} INFO - Started process (PID=201) to work on /opt/airflow/dags/config/postgres_conn.py
[2024-06-22T15:39:14.303+0000] {processor.py:830} INFO - Processing file /opt/airflow/dags/config/postgres_conn.py for tasks to queue
[2024-06-22T15:39:14.305+0000] {logging_mixin.py:188} INFO - [2024-06-22T15:39:14.304+0000] {dagbag.py:545} INFO - Filling up the DagBag from /opt/airflow/dags/config/postgres_conn.py
[2024-06-22T15:39:14.306+0000] {processor.py:842} WARNING - No viable dags retrieved from /opt/airflow/dags/config/postgres_conn.py
[2024-06-22T15:39:14.318+0000] {processor.py:183} INFO - Processing /opt/airflow/dags/config/postgres_conn.py took 0.021 seconds
[2024-06-22T15:39:44.963+0000] {processor.py:161} INFO - Started process (PID=214) to work on /opt/airflow/dags/config/postgres_conn.py
[2024-06-22T15:39:44.963+0000] {processor.py:830} INFO - Processing file /opt/airflow/dags/config/postgres_conn.py for tasks to queue
[2024-06-22T15:39:44.965+0000] {logging_mixin.py:188} INFO - [2024-06-22T15:39:44.964+0000] {dagbag.py:545} INFO - Filling up the DagBag from /opt/airflow/dags/config/postgres_conn.py
[2024-06-22T15:39:44.966+0000] {processor.py:842} WARNING - No viable dags retrieved from /opt/airflow/dags/config/postgres_conn.py
[2024-06-22T15:39:44.978+0000] {processor.py:183} INFO - Processing /opt/airflow/dags/config/postgres_conn.py took 0.021 seconds
[2024-06-22T15:40:15.614+0000] {processor.py:161} INFO - Started process (PID=228) to work on /opt/airflow/dags/config/postgres_conn.py
[2024-06-22T15:40:15.615+0000] {processor.py:830} INFO - Processing file /opt/airflow/dags/config/postgres_conn.py for tasks to queue
[2024-06-22T15:40:15.616+0000] {logging_mixin.py:188} INFO - [2024-06-22T15:40:15.616+0000] {dagbag.py:545} INFO - Filling up the DagBag from /opt/airflow/dags/config/postgres_conn.py
[2024-06-22T15:40:15.617+0000] {processor.py:842} WARNING - No viable dags retrieved from /opt/airflow/dags/config/postgres_conn.py
[2024-06-22T15:40:15.629+0000] {processor.py:183} INFO - Processing /opt/airflow/dags/config/postgres_conn.py took 0.020 seconds
[2024-06-22T15:40:46.275+0000] {processor.py:161} INFO - Started process (PID=242) to work on /opt/airflow/dags/config/postgres_conn.py
[2024-06-22T15:40:46.276+0000] {processor.py:830} INFO - Processing file /opt/airflow/dags/config/postgres_conn.py for tasks to queue
[2024-06-22T15:40:46.278+0000] {logging_mixin.py:188} INFO - [2024-06-22T15:40:46.278+0000] {dagbag.py:545} INFO - Filling up the DagBag from /opt/airflow/dags/config/postgres_conn.py
[2024-06-22T15:40:46.280+0000] {processor.py:842} WARNING - No viable dags retrieved from /opt/airflow/dags/config/postgres_conn.py
[2024-06-22T15:40:46.291+0000] {processor.py:183} INFO - Processing /opt/airflow/dags/config/postgres_conn.py took 0.022 seconds
[2024-06-22T15:41:16.951+0000] {processor.py:161} INFO - Started process (PID=256) to work on /opt/airflow/dags/config/postgres_conn.py
[2024-06-22T15:41:16.952+0000] {processor.py:830} INFO - Processing file /opt/airflow/dags/config/postgres_conn.py for tasks to queue
[2024-06-22T15:41:16.953+0000] {logging_mixin.py:188} INFO - [2024-06-22T15:41:16.953+0000] {dagbag.py:545} INFO - Filling up the DagBag from /opt/airflow/dags/config/postgres_conn.py
[2024-06-22T15:41:16.955+0000] {processor.py:842} WARNING - No viable dags retrieved from /opt/airflow/dags/config/postgres_conn.py
[2024-06-22T15:41:16.968+0000] {processor.py:183} INFO - Processing /opt/airflow/dags/config/postgres_conn.py took 0.022 seconds
[2024-06-22T15:41:47.183+0000] {processor.py:161} INFO - Started process (PID=271) to work on /opt/airflow/dags/config/postgres_conn.py
[2024-06-22T15:41:47.184+0000] {processor.py:830} INFO - Processing file /opt/airflow/dags/config/postgres_conn.py for tasks to queue
[2024-06-22T15:41:47.185+0000] {logging_mixin.py:188} INFO - [2024-06-22T15:41:47.185+0000] {dagbag.py:545} INFO - Filling up the DagBag from /opt/airflow/dags/config/postgres_conn.py
[2024-06-22T15:41:47.187+0000] {processor.py:842} WARNING - No viable dags retrieved from /opt/airflow/dags/config/postgres_conn.py
[2024-06-22T15:41:47.198+0000] {processor.py:183} INFO - Processing /opt/airflow/dags/config/postgres_conn.py took 0.020 seconds
[2024-06-22T15:42:17.907+0000] {processor.py:161} INFO - Started process (PID=285) to work on /opt/airflow/dags/config/postgres_conn.py
[2024-06-22T15:42:17.908+0000] {processor.py:830} INFO - Processing file /opt/airflow/dags/config/postgres_conn.py for tasks to queue
[2024-06-22T15:42:17.909+0000] {logging_mixin.py:188} INFO - [2024-06-22T15:42:17.909+0000] {dagbag.py:545} INFO - Filling up the DagBag from /opt/airflow/dags/config/postgres_conn.py
[2024-06-22T15:42:17.912+0000] {processor.py:842} WARNING - No viable dags retrieved from /opt/airflow/dags/config/postgres_conn.py
[2024-06-22T15:42:17.926+0000] {processor.py:183} INFO - Processing /opt/airflow/dags/config/postgres_conn.py took 0.023 seconds
[2024-06-22T15:42:48.556+0000] {processor.py:161} INFO - Started process (PID=298) to work on /opt/airflow/dags/config/postgres_conn.py
[2024-06-22T15:42:48.556+0000] {processor.py:830} INFO - Processing file /opt/airflow/dags/config/postgres_conn.py for tasks to queue
[2024-06-22T15:42:48.558+0000] {logging_mixin.py:188} INFO - [2024-06-22T15:42:48.558+0000] {dagbag.py:545} INFO - Filling up the DagBag from /opt/airflow/dags/config/postgres_conn.py
[2024-06-22T15:42:48.559+0000] {processor.py:842} WARNING - No viable dags retrieved from /opt/airflow/dags/config/postgres_conn.py
[2024-06-22T15:42:48.571+0000] {processor.py:183} INFO - Processing /opt/airflow/dags/config/postgres_conn.py took 0.020 seconds
[2024-06-22T15:43:19.202+0000] {processor.py:161} INFO - Started process (PID=312) to work on /opt/airflow/dags/config/postgres_conn.py
[2024-06-22T15:43:19.202+0000] {processor.py:830} INFO - Processing file /opt/airflow/dags/config/postgres_conn.py for tasks to queue
[2024-06-22T15:43:19.204+0000] {logging_mixin.py:188} INFO - [2024-06-22T15:43:19.203+0000] {dagbag.py:545} INFO - Filling up the DagBag from /opt/airflow/dags/config/postgres_conn.py
[2024-06-22T15:43:19.205+0000] {processor.py:842} WARNING - No viable dags retrieved from /opt/airflow/dags/config/postgres_conn.py
[2024-06-22T15:43:19.217+0000] {processor.py:183} INFO - Processing /opt/airflow/dags/config/postgres_conn.py took 0.020 seconds
[2024-06-22T15:43:49.842+0000] {processor.py:161} INFO - Started process (PID=326) to work on /opt/airflow/dags/config/postgres_conn.py
[2024-06-22T15:43:49.842+0000] {processor.py:830} INFO - Processing file /opt/airflow/dags/config/postgres_conn.py for tasks to queue
[2024-06-22T15:43:49.844+0000] {logging_mixin.py:188} INFO - [2024-06-22T15:43:49.844+0000] {dagbag.py:545} INFO - Filling up the DagBag from /opt/airflow/dags/config/postgres_conn.py
[2024-06-22T15:43:49.845+0000] {processor.py:842} WARNING - No viable dags retrieved from /opt/airflow/dags/config/postgres_conn.py
[2024-06-22T15:43:49.858+0000] {processor.py:183} INFO - Processing /opt/airflow/dags/config/postgres_conn.py took 0.021 seconds
[2024-06-22T15:44:20.526+0000] {processor.py:161} INFO - Started process (PID=340) to work on /opt/airflow/dags/config/postgres_conn.py
[2024-06-22T15:44:20.527+0000] {processor.py:830} INFO - Processing file /opt/airflow/dags/config/postgres_conn.py for tasks to queue
[2024-06-22T15:44:20.530+0000] {logging_mixin.py:188} INFO - [2024-06-22T15:44:20.529+0000] {dagbag.py:545} INFO - Filling up the DagBag from /opt/airflow/dags/config/postgres_conn.py
[2024-06-22T15:44:20.532+0000] {processor.py:842} WARNING - No viable dags retrieved from /opt/airflow/dags/config/postgres_conn.py
[2024-06-22T15:44:20.547+0000] {processor.py:183} INFO - Processing /opt/airflow/dags/config/postgres_conn.py took 0.028 seconds
[2024-06-22T15:44:51.277+0000] {processor.py:161} INFO - Started process (PID=353) to work on /opt/airflow/dags/config/postgres_conn.py
[2024-06-22T15:44:51.278+0000] {processor.py:830} INFO - Processing file /opt/airflow/dags/config/postgres_conn.py for tasks to queue
[2024-06-22T15:44:51.280+0000] {logging_mixin.py:188} INFO - [2024-06-22T15:44:51.280+0000] {dagbag.py:545} INFO - Filling up the DagBag from /opt/airflow/dags/config/postgres_conn.py
[2024-06-22T15:44:51.282+0000] {processor.py:842} WARNING - No viable dags retrieved from /opt/airflow/dags/config/postgres_conn.py
[2024-06-22T15:44:51.300+0000] {processor.py:183} INFO - Processing /opt/airflow/dags/config/postgres_conn.py took 0.030 seconds
[2024-06-22T15:45:22.139+0000] {processor.py:161} INFO - Started process (PID=367) to work on /opt/airflow/dags/config/postgres_conn.py
[2024-06-22T15:45:22.140+0000] {processor.py:830} INFO - Processing file /opt/airflow/dags/config/postgres_conn.py for tasks to queue
[2024-06-22T15:45:22.142+0000] {logging_mixin.py:188} INFO - [2024-06-22T15:45:22.142+0000] {dagbag.py:545} INFO - Filling up the DagBag from /opt/airflow/dags/config/postgres_conn.py
[2024-06-22T15:45:22.144+0000] {processor.py:842} WARNING - No viable dags retrieved from /opt/airflow/dags/config/postgres_conn.py
[2024-06-22T15:45:22.158+0000] {processor.py:183} INFO - Processing /opt/airflow/dags/config/postgres_conn.py took 0.024 seconds
[2024-06-22T15:45:52.821+0000] {processor.py:161} INFO - Started process (PID=382) to work on /opt/airflow/dags/config/postgres_conn.py
[2024-06-22T15:45:52.822+0000] {processor.py:830} INFO - Processing file /opt/airflow/dags/config/postgres_conn.py for tasks to queue
[2024-06-22T15:45:52.824+0000] {logging_mixin.py:188} INFO - [2024-06-22T15:45:52.824+0000] {dagbag.py:545} INFO - Filling up the DagBag from /opt/airflow/dags/config/postgres_conn.py
[2024-06-22T15:45:52.826+0000] {processor.py:842} WARNING - No viable dags retrieved from /opt/airflow/dags/config/postgres_conn.py
[2024-06-22T15:45:52.838+0000] {processor.py:183} INFO - Processing /opt/airflow/dags/config/postgres_conn.py took 0.023 seconds
