[2024-06-11T17:26:08.500+0000] {processor.py:161} INFO - Started process (PID=428) to work on /opt/airflow/dags/process_txt_to_postgres_dag.py
[2024-06-11T17:26:08.501+0000] {processor.py:830} INFO - Processing file /opt/airflow/dags/process_txt_to_postgres_dag.py for tasks to queue
[2024-06-11T17:26:08.502+0000] {logging_mixin.py:188} INFO - [2024-06-11T17:26:08.501+0000] {dagbag.py:545} INFO - Filling up the DagBag from /opt/airflow/dags/process_txt_to_postgres_dag.py
[2024-06-11T17:26:08.531+0000] {processor.py:840} INFO - DAG(s) 'process_txt_to_postgres_dag' retrieved from /opt/airflow/dags/process_txt_to_postgres_dag.py
[2024-06-11T17:26:08.646+0000] {logging_mixin.py:188} INFO - [2024-06-11T17:26:08.645+0000] {override.py:1829} INFO - Created Permission View: can read on DAG:process_txt_to_postgres_dag
[2024-06-11T17:26:08.655+0000] {logging_mixin.py:188} INFO - [2024-06-11T17:26:08.654+0000] {override.py:1829} INFO - Created Permission View: can edit on DAG:process_txt_to_postgres_dag
[2024-06-11T17:26:08.660+0000] {logging_mixin.py:188} INFO - [2024-06-11T17:26:08.660+0000] {override.py:1829} INFO - Created Permission View: can delete on DAG:process_txt_to_postgres_dag
[2024-06-11T17:26:08.661+0000] {logging_mixin.py:188} INFO - [2024-06-11T17:26:08.661+0000] {dag.py:3096} INFO - Sync 1 DAGs
[2024-06-11T17:26:08.671+0000] {logging_mixin.py:188} INFO - [2024-06-11T17:26:08.671+0000] {dag.py:3118} INFO - Creating ORM DAG for process_txt_to_postgres_dag
[2024-06-11T17:26:08.680+0000] {logging_mixin.py:188} INFO - [2024-06-11T17:26:08.680+0000] {dag.py:3954} INFO - Setting next_dagrun for process_txt_to_postgres_dag to 2024-06-10 00:00:00+00:00, run_after=2024-06-11 00:00:00+00:00
[2024-06-11T17:26:08.693+0000] {processor.py:183} INFO - Processing /opt/airflow/dags/process_txt_to_postgres_dag.py took 0.200 seconds
[2024-06-11T17:26:38.910+0000] {processor.py:161} INFO - Started process (PID=436) to work on /opt/airflow/dags/process_txt_to_postgres_dag.py
[2024-06-11T17:26:38.914+0000] {processor.py:830} INFO - Processing file /opt/airflow/dags/process_txt_to_postgres_dag.py for tasks to queue
[2024-06-11T17:26:38.915+0000] {logging_mixin.py:188} INFO - [2024-06-11T17:26:38.915+0000] {dagbag.py:545} INFO - Filling up the DagBag from /opt/airflow/dags/process_txt_to_postgres_dag.py
[2024-06-11T17:26:38.949+0000] {processor.py:840} INFO - DAG(s) 'process_txt_to_postgres_dag' retrieved from /opt/airflow/dags/process_txt_to_postgres_dag.py
[2024-06-11T17:26:38.977+0000] {logging_mixin.py:188} INFO - [2024-06-11T17:26:38.977+0000] {dag.py:3096} INFO - Sync 1 DAGs
[2024-06-11T17:26:39.004+0000] {logging_mixin.py:188} INFO - [2024-06-11T17:26:39.004+0000] {dag.py:3954} INFO - Setting next_dagrun for process_txt_to_postgres_dag to 2024-06-10 00:00:00+00:00, run_after=2024-06-11 00:00:00+00:00
[2024-06-11T17:26:39.022+0000] {processor.py:183} INFO - Processing /opt/airflow/dags/process_txt_to_postgres_dag.py took 0.120 seconds
[2024-06-11T17:27:09.076+0000] {processor.py:161} INFO - Started process (PID=444) to work on /opt/airflow/dags/process_txt_to_postgres_dag.py
[2024-06-11T17:27:09.078+0000] {processor.py:830} INFO - Processing file /opt/airflow/dags/process_txt_to_postgres_dag.py for tasks to queue
[2024-06-11T17:27:09.079+0000] {logging_mixin.py:188} INFO - [2024-06-11T17:27:09.079+0000] {dagbag.py:545} INFO - Filling up the DagBag from /opt/airflow/dags/process_txt_to_postgres_dag.py
[2024-06-11T17:27:09.112+0000] {processor.py:840} INFO - DAG(s) 'process_txt_to_postgres_dag' retrieved from /opt/airflow/dags/process_txt_to_postgres_dag.py
[2024-06-11T17:27:09.134+0000] {logging_mixin.py:188} INFO - [2024-06-11T17:27:09.134+0000] {dag.py:3096} INFO - Sync 1 DAGs
[2024-06-11T17:27:09.156+0000] {logging_mixin.py:188} INFO - [2024-06-11T17:27:09.156+0000] {dag.py:3954} INFO - Setting next_dagrun for process_txt_to_postgres_dag to 2024-06-10 00:00:00+00:00, run_after=2024-06-11 00:00:00+00:00
[2024-06-11T17:27:09.175+0000] {processor.py:183} INFO - Processing /opt/airflow/dags/process_txt_to_postgres_dag.py took 0.111 seconds
[2024-06-11T17:27:39.432+0000] {processor.py:161} INFO - Started process (PID=452) to work on /opt/airflow/dags/process_txt_to_postgres_dag.py
[2024-06-11T17:27:39.436+0000] {processor.py:830} INFO - Processing file /opt/airflow/dags/process_txt_to_postgres_dag.py for tasks to queue
[2024-06-11T17:27:39.437+0000] {logging_mixin.py:188} INFO - [2024-06-11T17:27:39.436+0000] {dagbag.py:545} INFO - Filling up the DagBag from /opt/airflow/dags/process_txt_to_postgres_dag.py
[2024-06-11T17:27:39.465+0000] {processor.py:840} INFO - DAG(s) 'process_txt_to_postgres_dag' retrieved from /opt/airflow/dags/process_txt_to_postgres_dag.py
[2024-06-11T17:27:39.488+0000] {logging_mixin.py:188} INFO - [2024-06-11T17:27:39.488+0000] {dag.py:3096} INFO - Sync 1 DAGs
[2024-06-11T17:27:39.508+0000] {logging_mixin.py:188} INFO - [2024-06-11T17:27:39.508+0000] {dag.py:3954} INFO - Setting next_dagrun for process_txt_to_postgres_dag to 2024-06-10 00:00:00+00:00, run_after=2024-06-11 00:00:00+00:00
[2024-06-11T17:27:39.524+0000] {processor.py:183} INFO - Processing /opt/airflow/dags/process_txt_to_postgres_dag.py took 0.101 seconds
[2024-06-11T17:28:09.671+0000] {processor.py:161} INFO - Started process (PID=460) to work on /opt/airflow/dags/process_txt_to_postgres_dag.py
[2024-06-11T17:28:09.676+0000] {processor.py:830} INFO - Processing file /opt/airflow/dags/process_txt_to_postgres_dag.py for tasks to queue
[2024-06-11T17:28:09.678+0000] {logging_mixin.py:188} INFO - [2024-06-11T17:28:09.677+0000] {dagbag.py:545} INFO - Filling up the DagBag from /opt/airflow/dags/process_txt_to_postgres_dag.py
[2024-06-11T17:28:09.712+0000] {processor.py:840} INFO - DAG(s) 'process_txt_to_postgres_dag' retrieved from /opt/airflow/dags/process_txt_to_postgres_dag.py
[2024-06-11T17:28:09.734+0000] {logging_mixin.py:188} INFO - [2024-06-11T17:28:09.734+0000] {dag.py:3096} INFO - Sync 1 DAGs
[2024-06-11T17:28:09.756+0000] {logging_mixin.py:188} INFO - [2024-06-11T17:28:09.756+0000] {dag.py:3954} INFO - Setting next_dagrun for process_txt_to_postgres_dag to 2024-06-10 00:00:00+00:00, run_after=2024-06-11 00:00:00+00:00
[2024-06-11T17:28:09.771+0000] {processor.py:183} INFO - Processing /opt/airflow/dags/process_txt_to_postgres_dag.py took 0.114 seconds
[2024-06-11T17:28:39.928+0000] {processor.py:161} INFO - Started process (PID=467) to work on /opt/airflow/dags/process_txt_to_postgres_dag.py
[2024-06-11T17:28:39.932+0000] {processor.py:830} INFO - Processing file /opt/airflow/dags/process_txt_to_postgres_dag.py for tasks to queue
[2024-06-11T17:28:39.933+0000] {logging_mixin.py:188} INFO - [2024-06-11T17:28:39.932+0000] {dagbag.py:545} INFO - Filling up the DagBag from /opt/airflow/dags/process_txt_to_postgres_dag.py
[2024-06-11T17:28:39.959+0000] {processor.py:840} INFO - DAG(s) 'process_txt_to_postgres_dag' retrieved from /opt/airflow/dags/process_txt_to_postgres_dag.py
[2024-06-11T17:28:39.985+0000] {logging_mixin.py:188} INFO - [2024-06-11T17:28:39.985+0000] {dag.py:3096} INFO - Sync 1 DAGs
[2024-06-11T17:28:40.008+0000] {logging_mixin.py:188} INFO - [2024-06-11T17:28:40.008+0000] {dag.py:3954} INFO - Setting next_dagrun for process_txt_to_postgres_dag to 2024-06-10 00:00:00+00:00, run_after=2024-06-11 00:00:00+00:00
[2024-06-11T17:28:40.025+0000] {processor.py:183} INFO - Processing /opt/airflow/dags/process_txt_to_postgres_dag.py took 0.101 seconds
[2024-06-11T17:29:10.215+0000] {processor.py:161} INFO - Started process (PID=475) to work on /opt/airflow/dags/process_txt_to_postgres_dag.py
[2024-06-11T17:29:10.219+0000] {processor.py:830} INFO - Processing file /opt/airflow/dags/process_txt_to_postgres_dag.py for tasks to queue
[2024-06-11T17:29:10.220+0000] {logging_mixin.py:188} INFO - [2024-06-11T17:29:10.220+0000] {dagbag.py:545} INFO - Filling up the DagBag from /opt/airflow/dags/process_txt_to_postgres_dag.py
[2024-06-11T17:29:10.250+0000] {processor.py:840} INFO - DAG(s) 'process_txt_to_postgres_dag' retrieved from /opt/airflow/dags/process_txt_to_postgres_dag.py
[2024-06-11T17:29:10.274+0000] {logging_mixin.py:188} INFO - [2024-06-11T17:29:10.273+0000] {dag.py:3096} INFO - Sync 1 DAGs
[2024-06-11T17:29:10.293+0000] {logging_mixin.py:188} INFO - [2024-06-11T17:29:10.293+0000] {dag.py:3954} INFO - Setting next_dagrun for process_txt_to_postgres_dag to 2024-06-10 00:00:00+00:00, run_after=2024-06-11 00:00:00+00:00
[2024-06-11T17:29:10.310+0000] {processor.py:183} INFO - Processing /opt/airflow/dags/process_txt_to_postgres_dag.py took 0.102 seconds
[2024-06-11T17:29:40.418+0000] {processor.py:161} INFO - Started process (PID=483) to work on /opt/airflow/dags/process_txt_to_postgres_dag.py
[2024-06-11T17:29:40.422+0000] {processor.py:830} INFO - Processing file /opt/airflow/dags/process_txt_to_postgres_dag.py for tasks to queue
[2024-06-11T17:29:40.423+0000] {logging_mixin.py:188} INFO - [2024-06-11T17:29:40.423+0000] {dagbag.py:545} INFO - Filling up the DagBag from /opt/airflow/dags/process_txt_to_postgres_dag.py
[2024-06-11T17:29:40.445+0000] {processor.py:840} INFO - DAG(s) 'process_txt_to_postgres_dag' retrieved from /opt/airflow/dags/process_txt_to_postgres_dag.py
[2024-06-11T17:29:40.466+0000] {logging_mixin.py:188} INFO - [2024-06-11T17:29:40.466+0000] {dag.py:3096} INFO - Sync 1 DAGs
[2024-06-11T17:29:40.494+0000] {logging_mixin.py:188} INFO - [2024-06-11T17:29:40.493+0000] {dag.py:3954} INFO - Setting next_dagrun for process_txt_to_postgres_dag to 2024-06-10 00:00:00+00:00, run_after=2024-06-11 00:00:00+00:00
[2024-06-11T17:29:40.514+0000] {processor.py:183} INFO - Processing /opt/airflow/dags/process_txt_to_postgres_dag.py took 0.100 seconds
[2024-06-11T17:30:10.724+0000] {processor.py:161} INFO - Started process (PID=490) to work on /opt/airflow/dags/process_txt_to_postgres_dag.py
[2024-06-11T17:30:10.725+0000] {processor.py:830} INFO - Processing file /opt/airflow/dags/process_txt_to_postgres_dag.py for tasks to queue
[2024-06-11T17:30:10.726+0000] {logging_mixin.py:188} INFO - [2024-06-11T17:30:10.726+0000] {dagbag.py:545} INFO - Filling up the DagBag from /opt/airflow/dags/process_txt_to_postgres_dag.py
[2024-06-11T17:30:10.756+0000] {processor.py:840} INFO - DAG(s) 'process_txt_to_postgres_dag' retrieved from /opt/airflow/dags/process_txt_to_postgres_dag.py
[2024-06-11T17:30:10.781+0000] {logging_mixin.py:188} INFO - [2024-06-11T17:30:10.780+0000] {dag.py:3096} INFO - Sync 1 DAGs
[2024-06-11T17:30:10.800+0000] {logging_mixin.py:188} INFO - [2024-06-11T17:30:10.800+0000] {dag.py:3954} INFO - Setting next_dagrun for process_txt_to_postgres_dag to 2024-06-10 00:00:00+00:00, run_after=2024-06-11 00:00:00+00:00
[2024-06-11T17:30:10.816+0000] {processor.py:183} INFO - Processing /opt/airflow/dags/process_txt_to_postgres_dag.py took 0.100 seconds
[2024-06-11T17:30:40.957+0000] {processor.py:161} INFO - Started process (PID=498) to work on /opt/airflow/dags/process_txt_to_postgres_dag.py
[2024-06-11T17:30:40.958+0000] {processor.py:830} INFO - Processing file /opt/airflow/dags/process_txt_to_postgres_dag.py for tasks to queue
[2024-06-11T17:30:40.959+0000] {logging_mixin.py:188} INFO - [2024-06-11T17:30:40.959+0000] {dagbag.py:545} INFO - Filling up the DagBag from /opt/airflow/dags/process_txt_to_postgres_dag.py
[2024-06-11T17:30:40.989+0000] {processor.py:840} INFO - DAG(s) 'process_txt_to_postgres_dag' retrieved from /opt/airflow/dags/process_txt_to_postgres_dag.py
[2024-06-11T17:30:41.011+0000] {logging_mixin.py:188} INFO - [2024-06-11T17:30:41.011+0000] {dag.py:3096} INFO - Sync 1 DAGs
[2024-06-11T17:30:41.031+0000] {logging_mixin.py:188} INFO - [2024-06-11T17:30:41.031+0000] {dag.py:3954} INFO - Setting next_dagrun for process_txt_to_postgres_dag to 2024-06-10 00:00:00+00:00, run_after=2024-06-11 00:00:00+00:00
[2024-06-11T17:30:41.047+0000] {processor.py:183} INFO - Processing /opt/airflow/dags/process_txt_to_postgres_dag.py took 0.101 seconds
[2024-06-11T17:31:11.168+0000] {processor.py:161} INFO - Started process (PID=506) to work on /opt/airflow/dags/process_txt_to_postgres_dag.py
[2024-06-11T17:31:11.173+0000] {processor.py:830} INFO - Processing file /opt/airflow/dags/process_txt_to_postgres_dag.py for tasks to queue
[2024-06-11T17:31:11.174+0000] {logging_mixin.py:188} INFO - [2024-06-11T17:31:11.174+0000] {dagbag.py:545} INFO - Filling up the DagBag from /opt/airflow/dags/process_txt_to_postgres_dag.py
[2024-06-11T17:31:11.206+0000] {processor.py:840} INFO - DAG(s) 'process_txt_to_postgres_dag' retrieved from /opt/airflow/dags/process_txt_to_postgres_dag.py
[2024-06-11T17:31:11.229+0000] {logging_mixin.py:188} INFO - [2024-06-11T17:31:11.229+0000] {dag.py:3096} INFO - Sync 1 DAGs
[2024-06-11T17:31:11.250+0000] {logging_mixin.py:188} INFO - [2024-06-11T17:31:11.250+0000] {dag.py:3954} INFO - Setting next_dagrun for process_txt_to_postgres_dag to 2024-06-10 00:00:00+00:00, run_after=2024-06-11 00:00:00+00:00
[2024-06-11T17:31:11.265+0000] {processor.py:183} INFO - Processing /opt/airflow/dags/process_txt_to_postgres_dag.py took 0.107 seconds
[2024-06-11T17:31:23.319+0000] {processor.py:161} INFO - Started process (PID=514) to work on /opt/airflow/dags/process_txt_to_postgres_dag.py
[2024-06-11T17:31:23.320+0000] {processor.py:830} INFO - Processing file /opt/airflow/dags/process_txt_to_postgres_dag.py for tasks to queue
[2024-06-11T17:31:23.321+0000] {logging_mixin.py:188} INFO - [2024-06-11T17:31:23.320+0000] {dagbag.py:545} INFO - Filling up the DagBag from /opt/airflow/dags/process_txt_to_postgres_dag.py
[2024-06-11T17:31:23.349+0000] {processor.py:840} INFO - DAG(s) 'process_txt_to_postgres_dag' retrieved from /opt/airflow/dags/process_txt_to_postgres_dag.py
[2024-06-11T17:31:23.450+0000] {logging_mixin.py:188} INFO - [2024-06-11T17:31:23.450+0000] {dag.py:3096} INFO - Sync 1 DAGs
[2024-06-11T17:31:23.468+0000] {logging_mixin.py:188} INFO - [2024-06-11T17:31:23.467+0000] {dag.py:3954} INFO - Setting next_dagrun for process_txt_to_postgres_dag to 2024-06-10 00:00:00+00:00, run_after=2024-06-11 00:00:00+00:00
[2024-06-11T17:31:23.484+0000] {processor.py:183} INFO - Processing /opt/airflow/dags/process_txt_to_postgres_dag.py took 0.172 seconds
[2024-06-11T17:31:25.355+0000] {processor.py:161} INFO - Started process (PID=515) to work on /opt/airflow/dags/process_txt_to_postgres_dag.py
[2024-06-11T17:31:25.355+0000] {processor.py:830} INFO - Processing file /opt/airflow/dags/process_txt_to_postgres_dag.py for tasks to queue
[2024-06-11T17:31:25.356+0000] {logging_mixin.py:188} INFO - [2024-06-11T17:31:25.356+0000] {dagbag.py:545} INFO - Filling up the DagBag from /opt/airflow/dags/process_txt_to_postgres_dag.py
[2024-06-11T17:31:25.378+0000] {processor.py:840} INFO - DAG(s) 'process_txt_to_postgres_dag' retrieved from /opt/airflow/dags/process_txt_to_postgres_dag.py
[2024-06-11T17:31:25.387+0000] {logging_mixin.py:188} INFO - [2024-06-11T17:31:25.387+0000] {dag.py:3096} INFO - Sync 1 DAGs
[2024-06-11T17:31:25.406+0000] {logging_mixin.py:188} INFO - [2024-06-11T17:31:25.406+0000] {dag.py:3954} INFO - Setting next_dagrun for process_txt_to_postgres_dag to 2024-06-10 00:00:00+00:00, run_after=2024-06-11 00:00:00+00:00
[2024-06-11T17:31:25.426+0000] {processor.py:183} INFO - Processing /opt/airflow/dags/process_txt_to_postgres_dag.py took 0.076 seconds
[2024-06-11T17:31:38.480+0000] {processor.py:161} INFO - Started process (PID=516) to work on /opt/airflow/dags/process_txt_to_postgres_dag.py
[2024-06-11T17:31:38.482+0000] {processor.py:830} INFO - Processing file /opt/airflow/dags/process_txt_to_postgres_dag.py for tasks to queue
[2024-06-11T17:31:38.484+0000] {logging_mixin.py:188} INFO - [2024-06-11T17:31:38.483+0000] {dagbag.py:545} INFO - Filling up the DagBag from /opt/airflow/dags/process_txt_to_postgres_dag.py
[2024-06-11T17:31:38.519+0000] {processor.py:840} INFO - DAG(s) 'process_txt_to_postgres_dag' retrieved from /opt/airflow/dags/process_txt_to_postgres_dag.py
[2024-06-11T17:31:38.530+0000] {logging_mixin.py:188} INFO - [2024-06-11T17:31:38.530+0000] {dag.py:3096} INFO - Sync 1 DAGs
[2024-06-11T17:31:38.554+0000] {logging_mixin.py:188} INFO - [2024-06-11T17:31:38.553+0000] {dag.py:3954} INFO - Setting next_dagrun for process_txt_to_postgres_dag to 2024-06-10 00:00:00+00:00, run_after=2024-06-11 00:00:00+00:00
[2024-06-11T17:31:38.573+0000] {processor.py:183} INFO - Processing /opt/airflow/dags/process_txt_to_postgres_dag.py took 0.105 seconds
[2024-06-11T17:31:52.696+0000] {processor.py:161} INFO - Started process (PID=518) to work on /opt/airflow/dags/process_txt_to_postgres_dag.py
[2024-06-11T17:31:52.701+0000] {processor.py:830} INFO - Processing file /opt/airflow/dags/process_txt_to_postgres_dag.py for tasks to queue
[2024-06-11T17:31:52.703+0000] {logging_mixin.py:188} INFO - [2024-06-11T17:31:52.702+0000] {dagbag.py:545} INFO - Filling up the DagBag from /opt/airflow/dags/process_txt_to_postgres_dag.py
[2024-06-11T17:31:52.742+0000] {processor.py:840} INFO - DAG(s) 'process_txt_to_postgres_dag' retrieved from /opt/airflow/dags/process_txt_to_postgres_dag.py
[2024-06-11T17:31:52.753+0000] {logging_mixin.py:188} INFO - [2024-06-11T17:31:52.753+0000] {dag.py:3096} INFO - Sync 1 DAGs
[2024-06-11T17:31:52.787+0000] {logging_mixin.py:188} INFO - [2024-06-11T17:31:52.786+0000] {dag.py:3954} INFO - Setting next_dagrun for process_txt_to_postgres_dag to 2024-06-10 00:00:00+00:00, run_after=2024-06-11 00:00:00+00:00
[2024-06-11T17:31:52.811+0000] {processor.py:183} INFO - Processing /opt/airflow/dags/process_txt_to_postgres_dag.py took 0.130 seconds
[2024-06-11T17:32:19.985+0000] {processor.py:161} INFO - Started process (PID=526) to work on /opt/airflow/dags/process_txt_to_postgres_dag.py
[2024-06-11T17:32:19.987+0000] {processor.py:830} INFO - Processing file /opt/airflow/dags/process_txt_to_postgres_dag.py for tasks to queue
[2024-06-11T17:32:19.988+0000] {logging_mixin.py:188} INFO - [2024-06-11T17:32:19.988+0000] {dagbag.py:545} INFO - Filling up the DagBag from /opt/airflow/dags/process_txt_to_postgres_dag.py
[2024-06-11T17:32:20.026+0000] {processor.py:840} INFO - DAG(s) 'process_txt_to_postgres_dag' retrieved from /opt/airflow/dags/process_txt_to_postgres_dag.py
[2024-06-11T17:32:20.139+0000] {logging_mixin.py:188} INFO - [2024-06-11T17:32:20.139+0000] {dag.py:3096} INFO - Sync 1 DAGs
[2024-06-11T17:32:20.156+0000] {logging_mixin.py:188} INFO - [2024-06-11T17:32:20.156+0000] {dag.py:3954} INFO - Setting next_dagrun for process_txt_to_postgres_dag to 2024-06-10 00:00:00+00:00, run_after=2024-06-11 00:00:00+00:00
[2024-06-11T17:32:20.172+0000] {processor.py:183} INFO - Processing /opt/airflow/dags/process_txt_to_postgres_dag.py took 0.192 seconds
[2024-06-11T17:32:21.112+0000] {processor.py:161} INFO - Started process (PID=527) to work on /opt/airflow/dags/process_txt_to_postgres_dag.py
[2024-06-11T17:32:21.113+0000] {processor.py:830} INFO - Processing file /opt/airflow/dags/process_txt_to_postgres_dag.py for tasks to queue
[2024-06-11T17:32:21.114+0000] {logging_mixin.py:188} INFO - [2024-06-11T17:32:21.113+0000] {dagbag.py:545} INFO - Filling up the DagBag from /opt/airflow/dags/process_txt_to_postgres_dag.py
[2024-06-11T17:32:21.141+0000] {processor.py:840} INFO - DAG(s) 'process_txt_to_postgres_dag' retrieved from /opt/airflow/dags/process_txt_to_postgres_dag.py
[2024-06-11T17:32:21.151+0000] {logging_mixin.py:188} INFO - [2024-06-11T17:32:21.150+0000] {dag.py:3096} INFO - Sync 1 DAGs
[2024-06-11T17:32:21.173+0000] {logging_mixin.py:188} INFO - [2024-06-11T17:32:21.172+0000] {dag.py:3954} INFO - Setting next_dagrun for process_txt_to_postgres_dag to 2024-06-10 00:00:00+00:00, run_after=2024-06-11 00:00:00+00:00
[2024-06-11T17:32:21.189+0000] {processor.py:183} INFO - Processing /opt/airflow/dags/process_txt_to_postgres_dag.py took 0.083 seconds
[2024-06-11T17:32:51.433+0000] {processor.py:161} INFO - Started process (PID=535) to work on /opt/airflow/dags/process_txt_to_postgres_dag.py
[2024-06-11T17:32:51.438+0000] {processor.py:830} INFO - Processing file /opt/airflow/dags/process_txt_to_postgres_dag.py for tasks to queue
[2024-06-11T17:32:51.440+0000] {logging_mixin.py:188} INFO - [2024-06-11T17:32:51.439+0000] {dagbag.py:545} INFO - Filling up the DagBag from /opt/airflow/dags/process_txt_to_postgres_dag.py
[2024-06-11T17:32:51.479+0000] {processor.py:840} INFO - DAG(s) 'process_txt_to_postgres_dag' retrieved from /opt/airflow/dags/process_txt_to_postgres_dag.py
[2024-06-11T17:32:51.512+0000] {logging_mixin.py:188} INFO - [2024-06-11T17:32:51.512+0000] {dag.py:3096} INFO - Sync 1 DAGs
[2024-06-11T17:32:51.538+0000] {logging_mixin.py:188} INFO - [2024-06-11T17:32:51.537+0000] {dag.py:3954} INFO - Setting next_dagrun for process_txt_to_postgres_dag to 2024-06-11 00:00:00+00:00, run_after=2024-06-12 00:00:00+00:00
[2024-06-11T17:32:51.559+0000] {processor.py:183} INFO - Processing /opt/airflow/dags/process_txt_to_postgres_dag.py took 0.145 seconds
[2024-06-11T17:33:21.764+0000] {processor.py:161} INFO - Started process (PID=543) to work on /opt/airflow/dags/process_txt_to_postgres_dag.py
[2024-06-11T17:33:21.769+0000] {processor.py:830} INFO - Processing file /opt/airflow/dags/process_txt_to_postgres_dag.py for tasks to queue
[2024-06-11T17:33:21.770+0000] {logging_mixin.py:188} INFO - [2024-06-11T17:33:21.770+0000] {dagbag.py:545} INFO - Filling up the DagBag from /opt/airflow/dags/process_txt_to_postgres_dag.py
[2024-06-11T17:33:21.803+0000] {processor.py:840} INFO - DAG(s) 'process_txt_to_postgres_dag' retrieved from /opt/airflow/dags/process_txt_to_postgres_dag.py
[2024-06-11T17:33:21.831+0000] {logging_mixin.py:188} INFO - [2024-06-11T17:33:21.831+0000] {dag.py:3096} INFO - Sync 1 DAGs
[2024-06-11T17:33:21.856+0000] {logging_mixin.py:188} INFO - [2024-06-11T17:33:21.856+0000] {dag.py:3954} INFO - Setting next_dagrun for process_txt_to_postgres_dag to 2024-06-11 00:00:00+00:00, run_after=2024-06-12 00:00:00+00:00
[2024-06-11T17:33:21.876+0000] {processor.py:183} INFO - Processing /opt/airflow/dags/process_txt_to_postgres_dag.py took 0.126 seconds
[2024-06-11T17:33:52.023+0000] {processor.py:161} INFO - Started process (PID=552) to work on /opt/airflow/dags/process_txt_to_postgres_dag.py
[2024-06-11T17:33:52.027+0000] {processor.py:830} INFO - Processing file /opt/airflow/dags/process_txt_to_postgres_dag.py for tasks to queue
[2024-06-11T17:33:52.028+0000] {logging_mixin.py:188} INFO - [2024-06-11T17:33:52.027+0000] {dagbag.py:545} INFO - Filling up the DagBag from /opt/airflow/dags/process_txt_to_postgres_dag.py
[2024-06-11T17:33:52.049+0000] {processor.py:840} INFO - DAG(s) 'process_txt_to_postgres_dag' retrieved from /opt/airflow/dags/process_txt_to_postgres_dag.py
[2024-06-11T17:33:52.069+0000] {logging_mixin.py:188} INFO - [2024-06-11T17:33:52.069+0000] {dag.py:3096} INFO - Sync 1 DAGs
[2024-06-11T17:33:52.088+0000] {logging_mixin.py:188} INFO - [2024-06-11T17:33:52.088+0000] {dag.py:3954} INFO - Setting next_dagrun for process_txt_to_postgres_dag to 2024-06-11 00:00:00+00:00, run_after=2024-06-12 00:00:00+00:00
[2024-06-11T17:33:52.103+0000] {processor.py:183} INFO - Processing /opt/airflow/dags/process_txt_to_postgres_dag.py took 0.083 seconds
[2024-06-11T17:34:22.299+0000] {processor.py:161} INFO - Started process (PID=560) to work on /opt/airflow/dags/process_txt_to_postgres_dag.py
[2024-06-11T17:34:22.304+0000] {processor.py:830} INFO - Processing file /opt/airflow/dags/process_txt_to_postgres_dag.py for tasks to queue
[2024-06-11T17:34:22.307+0000] {logging_mixin.py:188} INFO - [2024-06-11T17:34:22.306+0000] {dagbag.py:545} INFO - Filling up the DagBag from /opt/airflow/dags/process_txt_to_postgres_dag.py
[2024-06-11T17:34:22.351+0000] {processor.py:840} INFO - DAG(s) 'process_txt_to_postgres_dag' retrieved from /opt/airflow/dags/process_txt_to_postgres_dag.py
[2024-06-11T17:34:22.375+0000] {logging_mixin.py:188} INFO - [2024-06-11T17:34:22.375+0000] {dag.py:3096} INFO - Sync 1 DAGs
[2024-06-11T17:34:22.397+0000] {logging_mixin.py:188} INFO - [2024-06-11T17:34:22.396+0000] {dag.py:3954} INFO - Setting next_dagrun for process_txt_to_postgres_dag to 2024-06-11 00:00:00+00:00, run_after=2024-06-12 00:00:00+00:00
[2024-06-11T17:34:22.413+0000] {processor.py:183} INFO - Processing /opt/airflow/dags/process_txt_to_postgres_dag.py took 0.121 seconds
[2024-06-11T17:34:52.539+0000] {processor.py:161} INFO - Started process (PID=568) to work on /opt/airflow/dags/process_txt_to_postgres_dag.py
[2024-06-11T17:34:52.543+0000] {processor.py:830} INFO - Processing file /opt/airflow/dags/process_txt_to_postgres_dag.py for tasks to queue
[2024-06-11T17:34:52.546+0000] {logging_mixin.py:188} INFO - [2024-06-11T17:34:52.545+0000] {dagbag.py:545} INFO - Filling up the DagBag from /opt/airflow/dags/process_txt_to_postgres_dag.py
[2024-06-11T17:34:52.579+0000] {processor.py:840} INFO - DAG(s) 'process_txt_to_postgres_dag' retrieved from /opt/airflow/dags/process_txt_to_postgres_dag.py
[2024-06-11T17:34:52.609+0000] {logging_mixin.py:188} INFO - [2024-06-11T17:34:52.608+0000] {dag.py:3096} INFO - Sync 1 DAGs
[2024-06-11T17:34:52.630+0000] {logging_mixin.py:188} INFO - [2024-06-11T17:34:52.630+0000] {dag.py:3954} INFO - Setting next_dagrun for process_txt_to_postgres_dag to 2024-06-11 00:00:00+00:00, run_after=2024-06-12 00:00:00+00:00
[2024-06-11T17:34:52.646+0000] {processor.py:183} INFO - Processing /opt/airflow/dags/process_txt_to_postgres_dag.py took 0.125 seconds
[2024-06-11T17:35:22.874+0000] {processor.py:161} INFO - Started process (PID=576) to work on /opt/airflow/dags/process_txt_to_postgres_dag.py
[2024-06-11T17:35:22.879+0000] {processor.py:830} INFO - Processing file /opt/airflow/dags/process_txt_to_postgres_dag.py for tasks to queue
[2024-06-11T17:35:22.883+0000] {logging_mixin.py:188} INFO - [2024-06-11T17:35:22.882+0000] {dagbag.py:545} INFO - Filling up the DagBag from /opt/airflow/dags/process_txt_to_postgres_dag.py
[2024-06-11T17:35:22.917+0000] {processor.py:840} INFO - DAG(s) 'process_txt_to_postgres_dag' retrieved from /opt/airflow/dags/process_txt_to_postgres_dag.py
[2024-06-11T17:35:22.944+0000] {logging_mixin.py:188} INFO - [2024-06-11T17:35:22.944+0000] {dag.py:3096} INFO - Sync 1 DAGs
[2024-06-11T17:35:22.973+0000] {logging_mixin.py:188} INFO - [2024-06-11T17:35:22.973+0000] {dag.py:3954} INFO - Setting next_dagrun for process_txt_to_postgres_dag to 2024-06-11 00:00:00+00:00, run_after=2024-06-12 00:00:00+00:00
[2024-06-11T17:35:22.991+0000] {processor.py:183} INFO - Processing /opt/airflow/dags/process_txt_to_postgres_dag.py took 0.137 seconds
[2024-06-11T17:35:53.108+0000] {processor.py:161} INFO - Started process (PID=584) to work on /opt/airflow/dags/process_txt_to_postgres_dag.py
[2024-06-11T17:35:53.112+0000] {processor.py:830} INFO - Processing file /opt/airflow/dags/process_txt_to_postgres_dag.py for tasks to queue
[2024-06-11T17:35:53.113+0000] {logging_mixin.py:188} INFO - [2024-06-11T17:35:53.113+0000] {dagbag.py:545} INFO - Filling up the DagBag from /opt/airflow/dags/process_txt_to_postgres_dag.py
[2024-06-11T17:35:53.141+0000] {processor.py:840} INFO - DAG(s) 'process_txt_to_postgres_dag' retrieved from /opt/airflow/dags/process_txt_to_postgres_dag.py
[2024-06-11T17:35:53.163+0000] {logging_mixin.py:188} INFO - [2024-06-11T17:35:53.163+0000] {dag.py:3096} INFO - Sync 1 DAGs
[2024-06-11T17:35:53.183+0000] {logging_mixin.py:188} INFO - [2024-06-11T17:35:53.183+0000] {dag.py:3954} INFO - Setting next_dagrun for process_txt_to_postgres_dag to 2024-06-11 00:00:00+00:00, run_after=2024-06-12 00:00:00+00:00
[2024-06-11T17:35:53.198+0000] {processor.py:183} INFO - Processing /opt/airflow/dags/process_txt_to_postgres_dag.py took 0.100 seconds
[2024-06-11T17:36:23.389+0000] {processor.py:161} INFO - Started process (PID=592) to work on /opt/airflow/dags/process_txt_to_postgres_dag.py
[2024-06-11T17:36:23.391+0000] {processor.py:830} INFO - Processing file /opt/airflow/dags/process_txt_to_postgres_dag.py for tasks to queue
[2024-06-11T17:36:23.392+0000] {logging_mixin.py:188} INFO - [2024-06-11T17:36:23.391+0000] {dagbag.py:545} INFO - Filling up the DagBag from /opt/airflow/dags/process_txt_to_postgres_dag.py
[2024-06-11T17:36:23.430+0000] {processor.py:840} INFO - DAG(s) 'process_txt_to_postgres_dag' retrieved from /opt/airflow/dags/process_txt_to_postgres_dag.py
[2024-06-11T17:36:23.466+0000] {logging_mixin.py:188} INFO - [2024-06-11T17:36:23.465+0000] {dag.py:3096} INFO - Sync 1 DAGs
[2024-06-11T17:36:23.499+0000] {logging_mixin.py:188} INFO - [2024-06-11T17:36:23.499+0000] {dag.py:3954} INFO - Setting next_dagrun for process_txt_to_postgres_dag to 2024-06-11 00:00:00+00:00, run_after=2024-06-12 00:00:00+00:00
[2024-06-11T17:36:23.526+0000] {processor.py:183} INFO - Processing /opt/airflow/dags/process_txt_to_postgres_dag.py took 0.145 seconds
[2024-06-11T17:36:53.791+0000] {processor.py:161} INFO - Started process (PID=600) to work on /opt/airflow/dags/process_txt_to_postgres_dag.py
[2024-06-11T17:36:53.793+0000] {processor.py:830} INFO - Processing file /opt/airflow/dags/process_txt_to_postgres_dag.py for tasks to queue
[2024-06-11T17:36:53.794+0000] {logging_mixin.py:188} INFO - [2024-06-11T17:36:53.793+0000] {dagbag.py:545} INFO - Filling up the DagBag from /opt/airflow/dags/process_txt_to_postgres_dag.py
[2024-06-11T17:36:53.837+0000] {processor.py:840} INFO - DAG(s) 'process_txt_to_postgres_dag' retrieved from /opt/airflow/dags/process_txt_to_postgres_dag.py
[2024-06-11T17:36:53.875+0000] {logging_mixin.py:188} INFO - [2024-06-11T17:36:53.874+0000] {dag.py:3096} INFO - Sync 1 DAGs
[2024-06-11T17:36:53.907+0000] {logging_mixin.py:188} INFO - [2024-06-11T17:36:53.906+0000] {dag.py:3954} INFO - Setting next_dagrun for process_txt_to_postgres_dag to 2024-06-11 00:00:00+00:00, run_after=2024-06-12 00:00:00+00:00
[2024-06-11T17:36:53.928+0000] {processor.py:183} INFO - Processing /opt/airflow/dags/process_txt_to_postgres_dag.py took 0.153 seconds
[2024-06-11T17:37:24.056+0000] {processor.py:161} INFO - Started process (PID=614) to work on /opt/airflow/dags/process_txt_to_postgres_dag.py
[2024-06-11T17:37:24.060+0000] {processor.py:830} INFO - Processing file /opt/airflow/dags/process_txt_to_postgres_dag.py for tasks to queue
[2024-06-11T17:37:24.060+0000] {logging_mixin.py:188} INFO - [2024-06-11T17:37:24.060+0000] {dagbag.py:545} INFO - Filling up the DagBag from /opt/airflow/dags/process_txt_to_postgres_dag.py
[2024-06-11T17:37:24.086+0000] {processor.py:840} INFO - DAG(s) 'process_txt_to_postgres_dag' retrieved from /opt/airflow/dags/process_txt_to_postgres_dag.py
[2024-06-11T17:37:24.108+0000] {logging_mixin.py:188} INFO - [2024-06-11T17:37:24.107+0000] {dag.py:3096} INFO - Sync 1 DAGs
[2024-06-11T17:37:24.129+0000] {logging_mixin.py:188} INFO - [2024-06-11T17:37:24.128+0000] {dag.py:3954} INFO - Setting next_dagrun for process_txt_to_postgres_dag to 2024-06-11 00:00:00+00:00, run_after=2024-06-12 00:00:00+00:00
[2024-06-11T17:37:24.143+0000] {processor.py:183} INFO - Processing /opt/airflow/dags/process_txt_to_postgres_dag.py took 0.093 seconds
[2024-06-11T17:37:54.339+0000] {processor.py:161} INFO - Started process (PID=622) to work on /opt/airflow/dags/process_txt_to_postgres_dag.py
[2024-06-11T17:37:54.343+0000] {processor.py:830} INFO - Processing file /opt/airflow/dags/process_txt_to_postgres_dag.py for tasks to queue
[2024-06-11T17:37:54.344+0000] {logging_mixin.py:188} INFO - [2024-06-11T17:37:54.343+0000] {dagbag.py:545} INFO - Filling up the DagBag from /opt/airflow/dags/process_txt_to_postgres_dag.py
[2024-06-11T17:37:54.366+0000] {processor.py:840} INFO - DAG(s) 'process_txt_to_postgres_dag' retrieved from /opt/airflow/dags/process_txt_to_postgres_dag.py
[2024-06-11T17:37:54.394+0000] {logging_mixin.py:188} INFO - [2024-06-11T17:37:54.394+0000] {dag.py:3096} INFO - Sync 1 DAGs
[2024-06-11T17:37:54.417+0000] {logging_mixin.py:188} INFO - [2024-06-11T17:37:54.417+0000] {dag.py:3954} INFO - Setting next_dagrun for process_txt_to_postgres_dag to 2024-06-11 00:00:00+00:00, run_after=2024-06-12 00:00:00+00:00
[2024-06-11T17:37:54.434+0000] {processor.py:183} INFO - Processing /opt/airflow/dags/process_txt_to_postgres_dag.py took 0.102 seconds
[2024-06-11T17:38:24.649+0000] {processor.py:161} INFO - Started process (PID=630) to work on /opt/airflow/dags/process_txt_to_postgres_dag.py
[2024-06-11T17:38:24.654+0000] {processor.py:830} INFO - Processing file /opt/airflow/dags/process_txt_to_postgres_dag.py for tasks to queue
[2024-06-11T17:38:24.655+0000] {logging_mixin.py:188} INFO - [2024-06-11T17:38:24.655+0000] {dagbag.py:545} INFO - Filling up the DagBag from /opt/airflow/dags/process_txt_to_postgres_dag.py
[2024-06-11T17:38:24.692+0000] {processor.py:840} INFO - DAG(s) 'process_txt_to_postgres_dag' retrieved from /opt/airflow/dags/process_txt_to_postgres_dag.py
[2024-06-11T17:38:24.715+0000] {logging_mixin.py:188} INFO - [2024-06-11T17:38:24.714+0000] {dag.py:3096} INFO - Sync 1 DAGs
[2024-06-11T17:38:24.735+0000] {logging_mixin.py:188} INFO - [2024-06-11T17:38:24.735+0000] {dag.py:3954} INFO - Setting next_dagrun for process_txt_to_postgres_dag to 2024-06-11 00:00:00+00:00, run_after=2024-06-12 00:00:00+00:00
[2024-06-11T17:38:24.750+0000] {processor.py:183} INFO - Processing /opt/airflow/dags/process_txt_to_postgres_dag.py took 0.112 seconds
[2024-06-11T17:38:54.978+0000] {processor.py:161} INFO - Started process (PID=638) to work on /opt/airflow/dags/process_txt_to_postgres_dag.py
[2024-06-11T17:38:54.982+0000] {processor.py:830} INFO - Processing file /opt/airflow/dags/process_txt_to_postgres_dag.py for tasks to queue
[2024-06-11T17:38:54.983+0000] {logging_mixin.py:188} INFO - [2024-06-11T17:38:54.982+0000] {dagbag.py:545} INFO - Filling up the DagBag from /opt/airflow/dags/process_txt_to_postgres_dag.py
[2024-06-11T17:38:55.004+0000] {processor.py:840} INFO - DAG(s) 'process_txt_to_postgres_dag' retrieved from /opt/airflow/dags/process_txt_to_postgres_dag.py
[2024-06-11T17:38:55.025+0000] {logging_mixin.py:188} INFO - [2024-06-11T17:38:55.025+0000] {dag.py:3096} INFO - Sync 1 DAGs
[2024-06-11T17:38:55.045+0000] {logging_mixin.py:188} INFO - [2024-06-11T17:38:55.045+0000] {dag.py:3954} INFO - Setting next_dagrun for process_txt_to_postgres_dag to 2024-06-11 00:00:00+00:00, run_after=2024-06-12 00:00:00+00:00
[2024-06-11T17:38:55.060+0000] {processor.py:183} INFO - Processing /opt/airflow/dags/process_txt_to_postgres_dag.py took 0.086 seconds
[2024-06-11T17:39:25.255+0000] {processor.py:161} INFO - Started process (PID=645) to work on /opt/airflow/dags/process_txt_to_postgres_dag.py
[2024-06-11T17:39:25.256+0000] {processor.py:830} INFO - Processing file /opt/airflow/dags/process_txt_to_postgres_dag.py for tasks to queue
[2024-06-11T17:39:25.257+0000] {logging_mixin.py:188} INFO - [2024-06-11T17:39:25.257+0000] {dagbag.py:545} INFO - Filling up the DagBag from /opt/airflow/dags/process_txt_to_postgres_dag.py
[2024-06-11T17:39:25.292+0000] {processor.py:840} INFO - DAG(s) 'process_txt_to_postgres_dag' retrieved from /opt/airflow/dags/process_txt_to_postgres_dag.py
[2024-06-11T17:39:25.315+0000] {logging_mixin.py:188} INFO - [2024-06-11T17:39:25.315+0000] {dag.py:3096} INFO - Sync 1 DAGs
[2024-06-11T17:39:25.336+0000] {logging_mixin.py:188} INFO - [2024-06-11T17:39:25.336+0000] {dag.py:3954} INFO - Setting next_dagrun for process_txt_to_postgres_dag to 2024-06-11 00:00:00+00:00, run_after=2024-06-12 00:00:00+00:00
[2024-06-11T17:39:25.352+0000] {processor.py:183} INFO - Processing /opt/airflow/dags/process_txt_to_postgres_dag.py took 0.105 seconds
[2024-06-11T17:39:55.560+0000] {processor.py:161} INFO - Started process (PID=653) to work on /opt/airflow/dags/process_txt_to_postgres_dag.py
[2024-06-11T17:39:55.561+0000] {processor.py:830} INFO - Processing file /opt/airflow/dags/process_txt_to_postgres_dag.py for tasks to queue
[2024-06-11T17:39:55.563+0000] {logging_mixin.py:188} INFO - [2024-06-11T17:39:55.562+0000] {dagbag.py:545} INFO - Filling up the DagBag from /opt/airflow/dags/process_txt_to_postgres_dag.py
[2024-06-11T17:39:55.596+0000] {processor.py:840} INFO - DAG(s) 'process_txt_to_postgres_dag' retrieved from /opt/airflow/dags/process_txt_to_postgres_dag.py
[2024-06-11T17:39:55.620+0000] {logging_mixin.py:188} INFO - [2024-06-11T17:39:55.619+0000] {dag.py:3096} INFO - Sync 1 DAGs
[2024-06-11T17:39:55.641+0000] {logging_mixin.py:188} INFO - [2024-06-11T17:39:55.641+0000] {dag.py:3954} INFO - Setting next_dagrun for process_txt_to_postgres_dag to 2024-06-11 00:00:00+00:00, run_after=2024-06-12 00:00:00+00:00
[2024-06-11T17:39:55.656+0000] {processor.py:183} INFO - Processing /opt/airflow/dags/process_txt_to_postgres_dag.py took 0.104 seconds
[2024-06-11T17:40:25.888+0000] {processor.py:161} INFO - Started process (PID=661) to work on /opt/airflow/dags/process_txt_to_postgres_dag.py
[2024-06-11T17:40:25.893+0000] {processor.py:830} INFO - Processing file /opt/airflow/dags/process_txt_to_postgres_dag.py for tasks to queue
[2024-06-11T17:40:25.897+0000] {logging_mixin.py:188} INFO - [2024-06-11T17:40:25.895+0000] {dagbag.py:545} INFO - Filling up the DagBag from /opt/airflow/dags/process_txt_to_postgres_dag.py
[2024-06-11T17:40:25.929+0000] {processor.py:840} INFO - DAG(s) 'process_txt_to_postgres_dag' retrieved from /opt/airflow/dags/process_txt_to_postgres_dag.py
[2024-06-11T17:40:25.960+0000] {logging_mixin.py:188} INFO - [2024-06-11T17:40:25.960+0000] {dag.py:3096} INFO - Sync 1 DAGs
[2024-06-11T17:40:25.984+0000] {logging_mixin.py:188} INFO - [2024-06-11T17:40:25.984+0000] {dag.py:3954} INFO - Setting next_dagrun for process_txt_to_postgres_dag to 2024-06-11 00:00:00+00:00, run_after=2024-06-12 00:00:00+00:00
[2024-06-11T17:40:25.998+0000] {processor.py:183} INFO - Processing /opt/airflow/dags/process_txt_to_postgres_dag.py took 0.129 seconds
[2024-06-11T17:40:56.121+0000] {processor.py:161} INFO - Started process (PID=669) to work on /opt/airflow/dags/process_txt_to_postgres_dag.py
[2024-06-11T17:40:56.123+0000] {processor.py:830} INFO - Processing file /opt/airflow/dags/process_txt_to_postgres_dag.py for tasks to queue
[2024-06-11T17:40:56.124+0000] {logging_mixin.py:188} INFO - [2024-06-11T17:40:56.124+0000] {dagbag.py:545} INFO - Filling up the DagBag from /opt/airflow/dags/process_txt_to_postgres_dag.py
[2024-06-11T17:40:56.157+0000] {processor.py:840} INFO - DAG(s) 'process_txt_to_postgres_dag' retrieved from /opt/airflow/dags/process_txt_to_postgres_dag.py
[2024-06-11T17:40:56.185+0000] {logging_mixin.py:188} INFO - [2024-06-11T17:40:56.185+0000] {dag.py:3096} INFO - Sync 1 DAGs
[2024-06-11T17:40:56.209+0000] {logging_mixin.py:188} INFO - [2024-06-11T17:40:56.208+0000] {dag.py:3954} INFO - Setting next_dagrun for process_txt_to_postgres_dag to 2024-06-11 00:00:00+00:00, run_after=2024-06-12 00:00:00+00:00
[2024-06-11T17:40:56.224+0000] {processor.py:183} INFO - Processing /opt/airflow/dags/process_txt_to_postgres_dag.py took 0.110 seconds
[2024-06-11T17:41:26.475+0000] {processor.py:161} INFO - Started process (PID=681) to work on /opt/airflow/dags/process_txt_to_postgres_dag.py
[2024-06-11T17:41:26.479+0000] {processor.py:830} INFO - Processing file /opt/airflow/dags/process_txt_to_postgres_dag.py for tasks to queue
[2024-06-11T17:41:26.481+0000] {logging_mixin.py:188} INFO - [2024-06-11T17:41:26.480+0000] {dagbag.py:545} INFO - Filling up the DagBag from /opt/airflow/dags/process_txt_to_postgres_dag.py
[2024-06-11T17:41:26.535+0000] {processor.py:840} INFO - DAG(s) 'process_txt_to_postgres_dag' retrieved from /opt/airflow/dags/process_txt_to_postgres_dag.py
[2024-06-11T17:41:26.589+0000] {logging_mixin.py:188} INFO - [2024-06-11T17:41:26.589+0000] {dag.py:3096} INFO - Sync 1 DAGs
[2024-06-11T17:41:26.640+0000] {logging_mixin.py:188} INFO - [2024-06-11T17:41:26.640+0000] {dag.py:3954} INFO - Setting next_dagrun for process_txt_to_postgres_dag to 2024-06-11 00:00:00+00:00, run_after=2024-06-12 00:00:00+00:00
[2024-06-11T17:41:26.665+0000] {processor.py:183} INFO - Processing /opt/airflow/dags/process_txt_to_postgres_dag.py took 0.199 seconds
[2024-06-11T17:46:09.996+0000] {processor.py:161} INFO - Started process (PID=749) to work on /opt/airflow/dags/process_txt_to_postgres_dag.py
[2024-06-11T17:46:10.000+0000] {processor.py:830} INFO - Processing file /opt/airflow/dags/process_txt_to_postgres_dag.py for tasks to queue
[2024-06-11T17:46:10.001+0000] {logging_mixin.py:188} INFO - [2024-06-11T17:46:10.000+0000] {dagbag.py:545} INFO - Filling up the DagBag from /opt/airflow/dags/process_txt_to_postgres_dag.py
[2024-06-11T17:46:10.025+0000] {processor.py:840} INFO - DAG(s) 'process_txt_to_postgres_dag' retrieved from /opt/airflow/dags/process_txt_to_postgres_dag.py
[2024-06-11T17:46:10.119+0000] {logging_mixin.py:188} INFO - [2024-06-11T17:46:10.118+0000] {dag.py:3096} INFO - Sync 1 DAGs
[2024-06-11T17:46:10.129+0000] {logging_mixin.py:188} INFO - [2024-06-11T17:46:10.129+0000] {dag.py:3118} INFO - Creating ORM DAG for process_txt_to_postgres_dag
[2024-06-11T17:46:10.138+0000] {logging_mixin.py:188} INFO - [2024-06-11T17:46:10.137+0000] {dag.py:3954} INFO - Setting next_dagrun for process_txt_to_postgres_dag to 2024-06-10 00:00:00+00:00, run_after=2024-06-11 00:00:00+00:00
[2024-06-11T17:46:10.153+0000] {processor.py:183} INFO - Processing /opt/airflow/dags/process_txt_to_postgres_dag.py took 0.162 seconds
[2024-06-11T17:46:40.275+0000] {processor.py:161} INFO - Started process (PID=757) to work on /opt/airflow/dags/process_txt_to_postgres_dag.py
[2024-06-11T17:46:40.281+0000] {processor.py:830} INFO - Processing file /opt/airflow/dags/process_txt_to_postgres_dag.py for tasks to queue
[2024-06-11T17:46:40.283+0000] {logging_mixin.py:188} INFO - [2024-06-11T17:46:40.282+0000] {dagbag.py:545} INFO - Filling up the DagBag from /opt/airflow/dags/process_txt_to_postgres_dag.py
[2024-06-11T17:46:40.318+0000] {processor.py:840} INFO - DAG(s) 'process_txt_to_postgres_dag' retrieved from /opt/airflow/dags/process_txt_to_postgres_dag.py
[2024-06-11T17:46:40.343+0000] {logging_mixin.py:188} INFO - [2024-06-11T17:46:40.343+0000] {dag.py:3096} INFO - Sync 1 DAGs
[2024-06-11T17:46:40.364+0000] {logging_mixin.py:188} INFO - [2024-06-11T17:46:40.364+0000] {dag.py:3954} INFO - Setting next_dagrun for process_txt_to_postgres_dag to 2024-06-10 00:00:00+00:00, run_after=2024-06-11 00:00:00+00:00
[2024-06-11T17:46:40.380+0000] {processor.py:183} INFO - Processing /opt/airflow/dags/process_txt_to_postgres_dag.py took 0.124 seconds
[2024-06-11T17:47:10.600+0000] {processor.py:161} INFO - Started process (PID=765) to work on /opt/airflow/dags/process_txt_to_postgres_dag.py
[2024-06-11T17:47:10.604+0000] {processor.py:830} INFO - Processing file /opt/airflow/dags/process_txt_to_postgres_dag.py for tasks to queue
[2024-06-11T17:47:10.607+0000] {logging_mixin.py:188} INFO - [2024-06-11T17:47:10.606+0000] {dagbag.py:545} INFO - Filling up the DagBag from /opt/airflow/dags/process_txt_to_postgres_dag.py
[2024-06-11T17:47:10.643+0000] {processor.py:840} INFO - DAG(s) 'process_txt_to_postgres_dag' retrieved from /opt/airflow/dags/process_txt_to_postgres_dag.py
[2024-06-11T17:47:10.666+0000] {logging_mixin.py:188} INFO - [2024-06-11T17:47:10.665+0000] {dag.py:3096} INFO - Sync 1 DAGs
[2024-06-11T17:47:10.688+0000] {logging_mixin.py:188} INFO - [2024-06-11T17:47:10.688+0000] {dag.py:3954} INFO - Setting next_dagrun for process_txt_to_postgres_dag to 2024-06-10 00:00:00+00:00, run_after=2024-06-11 00:00:00+00:00
[2024-06-11T17:47:10.704+0000] {processor.py:183} INFO - Processing /opt/airflow/dags/process_txt_to_postgres_dag.py took 0.121 seconds
[2024-06-11T17:47:40.817+0000] {processor.py:161} INFO - Started process (PID=773) to work on /opt/airflow/dags/process_txt_to_postgres_dag.py
[2024-06-11T17:47:40.818+0000] {processor.py:830} INFO - Processing file /opt/airflow/dags/process_txt_to_postgres_dag.py for tasks to queue
[2024-06-11T17:47:40.818+0000] {logging_mixin.py:188} INFO - [2024-06-11T17:47:40.818+0000] {dagbag.py:545} INFO - Filling up the DagBag from /opt/airflow/dags/process_txt_to_postgres_dag.py
[2024-06-11T17:47:40.843+0000] {processor.py:840} INFO - DAG(s) 'process_txt_to_postgres_dag' retrieved from /opt/airflow/dags/process_txt_to_postgres_dag.py
[2024-06-11T17:47:40.864+0000] {logging_mixin.py:188} INFO - [2024-06-11T17:47:40.863+0000] {dag.py:3096} INFO - Sync 1 DAGs
[2024-06-11T17:47:40.883+0000] {logging_mixin.py:188} INFO - [2024-06-11T17:47:40.882+0000] {dag.py:3954} INFO - Setting next_dagrun for process_txt_to_postgres_dag to 2024-06-10 00:00:00+00:00, run_after=2024-06-11 00:00:00+00:00
[2024-06-11T17:47:40.898+0000] {processor.py:183} INFO - Processing /opt/airflow/dags/process_txt_to_postgres_dag.py took 0.085 seconds
[2024-06-11T17:48:11.050+0000] {processor.py:161} INFO - Started process (PID=782) to work on /opt/airflow/dags/process_txt_to_postgres_dag.py
[2024-06-11T17:48:11.054+0000] {processor.py:830} INFO - Processing file /opt/airflow/dags/process_txt_to_postgres_dag.py for tasks to queue
[2024-06-11T17:48:11.055+0000] {logging_mixin.py:188} INFO - [2024-06-11T17:48:11.054+0000] {dagbag.py:545} INFO - Filling up the DagBag from /opt/airflow/dags/process_txt_to_postgres_dag.py
[2024-06-11T17:48:11.079+0000] {processor.py:840} INFO - DAG(s) 'process_txt_to_postgres_dag' retrieved from /opt/airflow/dags/process_txt_to_postgres_dag.py
[2024-06-11T17:48:11.102+0000] {logging_mixin.py:188} INFO - [2024-06-11T17:48:11.101+0000] {dag.py:3096} INFO - Sync 1 DAGs
[2024-06-11T17:48:11.122+0000] {logging_mixin.py:188} INFO - [2024-06-11T17:48:11.121+0000] {dag.py:3954} INFO - Setting next_dagrun for process_txt_to_postgres_dag to 2024-06-10 00:00:00+00:00, run_after=2024-06-11 00:00:00+00:00
[2024-06-11T17:48:11.137+0000] {processor.py:183} INFO - Processing /opt/airflow/dags/process_txt_to_postgres_dag.py took 0.092 seconds
[2024-06-11T17:48:41.356+0000] {processor.py:161} INFO - Started process (PID=790) to work on /opt/airflow/dags/process_txt_to_postgres_dag.py
[2024-06-11T17:48:41.359+0000] {processor.py:830} INFO - Processing file /opt/airflow/dags/process_txt_to_postgres_dag.py for tasks to queue
[2024-06-11T17:48:41.362+0000] {logging_mixin.py:188} INFO - [2024-06-11T17:48:41.361+0000] {dagbag.py:545} INFO - Filling up the DagBag from /opt/airflow/dags/process_txt_to_postgres_dag.py
[2024-06-11T17:48:41.394+0000] {processor.py:840} INFO - DAG(s) 'process_txt_to_postgres_dag' retrieved from /opt/airflow/dags/process_txt_to_postgres_dag.py
[2024-06-11T17:48:41.417+0000] {logging_mixin.py:188} INFO - [2024-06-11T17:48:41.416+0000] {dag.py:3096} INFO - Sync 1 DAGs
[2024-06-11T17:48:41.438+0000] {logging_mixin.py:188} INFO - [2024-06-11T17:48:41.438+0000] {dag.py:3954} INFO - Setting next_dagrun for process_txt_to_postgres_dag to 2024-06-10 00:00:00+00:00, run_after=2024-06-11 00:00:00+00:00
[2024-06-11T17:48:41.454+0000] {processor.py:183} INFO - Processing /opt/airflow/dags/process_txt_to_postgres_dag.py took 0.115 seconds
[2024-06-11T17:49:11.698+0000] {processor.py:161} INFO - Started process (PID=799) to work on /opt/airflow/dags/process_txt_to_postgres_dag.py
[2024-06-11T17:49:11.703+0000] {processor.py:830} INFO - Processing file /opt/airflow/dags/process_txt_to_postgres_dag.py for tasks to queue
[2024-06-11T17:49:11.704+0000] {logging_mixin.py:188} INFO - [2024-06-11T17:49:11.704+0000] {dagbag.py:545} INFO - Filling up the DagBag from /opt/airflow/dags/process_txt_to_postgres_dag.py
[2024-06-11T17:49:11.735+0000] {processor.py:840} INFO - DAG(s) 'process_txt_to_postgres_dag' retrieved from /opt/airflow/dags/process_txt_to_postgres_dag.py
[2024-06-11T17:49:11.762+0000] {logging_mixin.py:188} INFO - [2024-06-11T17:49:11.762+0000] {dag.py:3096} INFO - Sync 1 DAGs
[2024-06-11T17:49:11.787+0000] {logging_mixin.py:188} INFO - [2024-06-11T17:49:11.786+0000] {dag.py:3954} INFO - Setting next_dagrun for process_txt_to_postgres_dag to 2024-06-10 00:00:00+00:00, run_after=2024-06-11 00:00:00+00:00
[2024-06-11T17:49:11.804+0000] {processor.py:183} INFO - Processing /opt/airflow/dags/process_txt_to_postgres_dag.py took 0.125 seconds
[2024-06-11T17:49:42.054+0000] {processor.py:161} INFO - Started process (PID=807) to work on /opt/airflow/dags/process_txt_to_postgres_dag.py
[2024-06-11T17:49:42.060+0000] {processor.py:830} INFO - Processing file /opt/airflow/dags/process_txt_to_postgres_dag.py for tasks to queue
[2024-06-11T17:49:42.062+0000] {logging_mixin.py:188} INFO - [2024-06-11T17:49:42.061+0000] {dagbag.py:545} INFO - Filling up the DagBag from /opt/airflow/dags/process_txt_to_postgres_dag.py
[2024-06-11T17:49:42.096+0000] {processor.py:840} INFO - DAG(s) 'process_txt_to_postgres_dag' retrieved from /opt/airflow/dags/process_txt_to_postgres_dag.py
[2024-06-11T17:49:42.120+0000] {logging_mixin.py:188} INFO - [2024-06-11T17:49:42.120+0000] {dag.py:3096} INFO - Sync 1 DAGs
[2024-06-11T17:49:42.141+0000] {logging_mixin.py:188} INFO - [2024-06-11T17:49:42.140+0000] {dag.py:3954} INFO - Setting next_dagrun for process_txt_to_postgres_dag to 2024-06-10 00:00:00+00:00, run_after=2024-06-11 00:00:00+00:00
[2024-06-11T17:49:42.155+0000] {processor.py:183} INFO - Processing /opt/airflow/dags/process_txt_to_postgres_dag.py took 0.119 seconds
[2024-06-11T17:50:12.366+0000] {processor.py:161} INFO - Started process (PID=815) to work on /opt/airflow/dags/process_txt_to_postgres_dag.py
[2024-06-11T17:50:12.370+0000] {processor.py:830} INFO - Processing file /opt/airflow/dags/process_txt_to_postgres_dag.py for tasks to queue
[2024-06-11T17:50:12.372+0000] {logging_mixin.py:188} INFO - [2024-06-11T17:50:12.371+0000] {dagbag.py:545} INFO - Filling up the DagBag from /opt/airflow/dags/process_txt_to_postgres_dag.py
[2024-06-11T17:50:12.413+0000] {processor.py:840} INFO - DAG(s) 'process_txt_to_postgres_dag' retrieved from /opt/airflow/dags/process_txt_to_postgres_dag.py
[2024-06-11T17:50:12.450+0000] {logging_mixin.py:188} INFO - [2024-06-11T17:50:12.449+0000] {dag.py:3096} INFO - Sync 1 DAGs
[2024-06-11T17:50:12.479+0000] {logging_mixin.py:188} INFO - [2024-06-11T17:50:12.479+0000] {dag.py:3954} INFO - Setting next_dagrun for process_txt_to_postgres_dag to 2024-06-11 00:00:00+00:00, run_after=2024-06-12 00:00:00+00:00
[2024-06-11T17:50:12.502+0000] {processor.py:183} INFO - Processing /opt/airflow/dags/process_txt_to_postgres_dag.py took 0.159 seconds
[2024-06-11T17:50:42.577+0000] {processor.py:161} INFO - Started process (PID=823) to work on /opt/airflow/dags/process_txt_to_postgres_dag.py
[2024-06-11T17:50:42.578+0000] {processor.py:830} INFO - Processing file /opt/airflow/dags/process_txt_to_postgres_dag.py for tasks to queue
[2024-06-11T17:50:42.579+0000] {logging_mixin.py:188} INFO - [2024-06-11T17:50:42.579+0000] {dagbag.py:545} INFO - Filling up the DagBag from /opt/airflow/dags/process_txt_to_postgres_dag.py
[2024-06-11T17:50:42.611+0000] {processor.py:840} INFO - DAG(s) 'process_txt_to_postgres_dag' retrieved from /opt/airflow/dags/process_txt_to_postgres_dag.py
[2024-06-11T17:50:42.639+0000] {logging_mixin.py:188} INFO - [2024-06-11T17:50:42.639+0000] {dag.py:3096} INFO - Sync 1 DAGs
[2024-06-11T17:50:42.665+0000] {logging_mixin.py:188} INFO - [2024-06-11T17:50:42.665+0000] {dag.py:3954} INFO - Setting next_dagrun for process_txt_to_postgres_dag to 2024-06-11 00:00:00+00:00, run_after=2024-06-12 00:00:00+00:00
[2024-06-11T17:50:42.685+0000] {processor.py:183} INFO - Processing /opt/airflow/dags/process_txt_to_postgres_dag.py took 0.115 seconds
[2024-06-11T17:51:12.888+0000] {processor.py:161} INFO - Started process (PID=832) to work on /opt/airflow/dags/process_txt_to_postgres_dag.py
[2024-06-11T17:51:12.890+0000] {processor.py:830} INFO - Processing file /opt/airflow/dags/process_txt_to_postgres_dag.py for tasks to queue
[2024-06-11T17:51:12.890+0000] {logging_mixin.py:188} INFO - [2024-06-11T17:51:12.890+0000] {dagbag.py:545} INFO - Filling up the DagBag from /opt/airflow/dags/process_txt_to_postgres_dag.py
[2024-06-11T17:51:12.918+0000] {processor.py:840} INFO - DAG(s) 'process_txt_to_postgres_dag' retrieved from /opt/airflow/dags/process_txt_to_postgres_dag.py
[2024-06-11T17:51:12.944+0000] {logging_mixin.py:188} INFO - [2024-06-11T17:51:12.944+0000] {dag.py:3096} INFO - Sync 1 DAGs
[2024-06-11T17:51:12.970+0000] {logging_mixin.py:188} INFO - [2024-06-11T17:51:12.970+0000] {dag.py:3954} INFO - Setting next_dagrun for process_txt_to_postgres_dag to 2024-06-11 00:00:00+00:00, run_after=2024-06-12 00:00:00+00:00
[2024-06-11T17:51:12.987+0000] {processor.py:183} INFO - Processing /opt/airflow/dags/process_txt_to_postgres_dag.py took 0.104 seconds
[2024-06-11T17:51:43.159+0000] {processor.py:161} INFO - Started process (PID=840) to work on /opt/airflow/dags/process_txt_to_postgres_dag.py
[2024-06-11T17:51:43.163+0000] {processor.py:830} INFO - Processing file /opt/airflow/dags/process_txt_to_postgres_dag.py for tasks to queue
[2024-06-11T17:51:43.164+0000] {logging_mixin.py:188} INFO - [2024-06-11T17:51:43.163+0000] {dagbag.py:545} INFO - Filling up the DagBag from /opt/airflow/dags/process_txt_to_postgres_dag.py
[2024-06-11T17:51:43.194+0000] {processor.py:840} INFO - DAG(s) 'process_txt_to_postgres_dag' retrieved from /opt/airflow/dags/process_txt_to_postgres_dag.py
[2024-06-11T17:51:43.220+0000] {logging_mixin.py:188} INFO - [2024-06-11T17:51:43.219+0000] {dag.py:3096} INFO - Sync 1 DAGs
[2024-06-11T17:51:43.244+0000] {logging_mixin.py:188} INFO - [2024-06-11T17:51:43.244+0000] {dag.py:3954} INFO - Setting next_dagrun for process_txt_to_postgres_dag to 2024-06-11 00:00:00+00:00, run_after=2024-06-12 00:00:00+00:00
[2024-06-11T17:51:43.264+0000] {processor.py:183} INFO - Processing /opt/airflow/dags/process_txt_to_postgres_dag.py took 0.110 seconds
[2024-06-11T17:52:13.485+0000] {processor.py:161} INFO - Started process (PID=847) to work on /opt/airflow/dags/process_txt_to_postgres_dag.py
[2024-06-11T17:52:13.489+0000] {processor.py:830} INFO - Processing file /opt/airflow/dags/process_txt_to_postgres_dag.py for tasks to queue
[2024-06-11T17:52:13.490+0000] {logging_mixin.py:188} INFO - [2024-06-11T17:52:13.490+0000] {dagbag.py:545} INFO - Filling up the DagBag from /opt/airflow/dags/process_txt_to_postgres_dag.py
[2024-06-11T17:52:13.523+0000] {processor.py:840} INFO - DAG(s) 'process_txt_to_postgres_dag' retrieved from /opt/airflow/dags/process_txt_to_postgres_dag.py
[2024-06-11T17:52:13.550+0000] {logging_mixin.py:188} INFO - [2024-06-11T17:52:13.549+0000] {dag.py:3096} INFO - Sync 1 DAGs
[2024-06-11T17:52:13.577+0000] {logging_mixin.py:188} INFO - [2024-06-11T17:52:13.577+0000] {dag.py:3954} INFO - Setting next_dagrun for process_txt_to_postgres_dag to 2024-06-11 00:00:00+00:00, run_after=2024-06-12 00:00:00+00:00
[2024-06-11T17:52:13.597+0000] {processor.py:183} INFO - Processing /opt/airflow/dags/process_txt_to_postgres_dag.py took 0.120 seconds
[2024-06-11T17:52:43.841+0000] {processor.py:161} INFO - Started process (PID=854) to work on /opt/airflow/dags/process_txt_to_postgres_dag.py
[2024-06-11T17:52:43.843+0000] {processor.py:830} INFO - Processing file /opt/airflow/dags/process_txt_to_postgres_dag.py for tasks to queue
[2024-06-11T17:52:43.844+0000] {logging_mixin.py:188} INFO - [2024-06-11T17:52:43.843+0000] {dagbag.py:545} INFO - Filling up the DagBag from /opt/airflow/dags/process_txt_to_postgres_dag.py
[2024-06-11T17:52:43.878+0000] {processor.py:840} INFO - DAG(s) 'process_txt_to_postgres_dag' retrieved from /opt/airflow/dags/process_txt_to_postgres_dag.py
[2024-06-11T17:52:43.905+0000] {logging_mixin.py:188} INFO - [2024-06-11T17:52:43.905+0000] {dag.py:3096} INFO - Sync 1 DAGs
[2024-06-11T17:52:43.929+0000] {logging_mixin.py:188} INFO - [2024-06-11T17:52:43.929+0000] {dag.py:3954} INFO - Setting next_dagrun for process_txt_to_postgres_dag to 2024-06-11 00:00:00+00:00, run_after=2024-06-12 00:00:00+00:00
[2024-06-11T17:52:43.946+0000] {processor.py:183} INFO - Processing /opt/airflow/dags/process_txt_to_postgres_dag.py took 0.114 seconds
[2024-06-11T17:53:14.137+0000] {processor.py:161} INFO - Started process (PID=862) to work on /opt/airflow/dags/process_txt_to_postgres_dag.py
[2024-06-11T17:53:14.141+0000] {processor.py:830} INFO - Processing file /opt/airflow/dags/process_txt_to_postgres_dag.py for tasks to queue
[2024-06-11T17:53:14.142+0000] {logging_mixin.py:188} INFO - [2024-06-11T17:53:14.141+0000] {dagbag.py:545} INFO - Filling up the DagBag from /opt/airflow/dags/process_txt_to_postgres_dag.py
[2024-06-11T17:53:14.164+0000] {processor.py:840} INFO - DAG(s) 'process_txt_to_postgres_dag' retrieved from /opt/airflow/dags/process_txt_to_postgres_dag.py
[2024-06-11T17:53:14.185+0000] {logging_mixin.py:188} INFO - [2024-06-11T17:53:14.185+0000] {dag.py:3096} INFO - Sync 1 DAGs
[2024-06-11T17:53:14.204+0000] {logging_mixin.py:188} INFO - [2024-06-11T17:53:14.203+0000] {dag.py:3954} INFO - Setting next_dagrun for process_txt_to_postgres_dag to 2024-06-11 00:00:00+00:00, run_after=2024-06-12 00:00:00+00:00
[2024-06-11T17:53:14.219+0000] {processor.py:183} INFO - Processing /opt/airflow/dags/process_txt_to_postgres_dag.py took 0.086 seconds
[2024-06-11T17:53:44.267+0000] {processor.py:161} INFO - Started process (PID=870) to work on /opt/airflow/dags/process_txt_to_postgres_dag.py
[2024-06-11T17:53:44.270+0000] {processor.py:830} INFO - Processing file /opt/airflow/dags/process_txt_to_postgres_dag.py for tasks to queue
[2024-06-11T17:53:44.271+0000] {logging_mixin.py:188} INFO - [2024-06-11T17:53:44.271+0000] {dagbag.py:545} INFO - Filling up the DagBag from /opt/airflow/dags/process_txt_to_postgres_dag.py
[2024-06-11T17:53:44.292+0000] {processor.py:840} INFO - DAG(s) 'process_txt_to_postgres_dag' retrieved from /opt/airflow/dags/process_txt_to_postgres_dag.py
[2024-06-11T17:53:44.314+0000] {logging_mixin.py:188} INFO - [2024-06-11T17:53:44.314+0000] {dag.py:3096} INFO - Sync 1 DAGs
[2024-06-11T17:53:44.334+0000] {logging_mixin.py:188} INFO - [2024-06-11T17:53:44.334+0000] {dag.py:3954} INFO - Setting next_dagrun for process_txt_to_postgres_dag to 2024-06-11 00:00:00+00:00, run_after=2024-06-12 00:00:00+00:00
[2024-06-11T17:53:44.350+0000] {processor.py:183} INFO - Processing /opt/airflow/dags/process_txt_to_postgres_dag.py took 0.088 seconds
[2024-06-11T17:54:14.571+0000] {processor.py:161} INFO - Started process (PID=878) to work on /opt/airflow/dags/process_txt_to_postgres_dag.py
[2024-06-11T17:54:14.575+0000] {processor.py:830} INFO - Processing file /opt/airflow/dags/process_txt_to_postgres_dag.py for tasks to queue
[2024-06-11T17:54:14.577+0000] {logging_mixin.py:188} INFO - [2024-06-11T17:54:14.576+0000] {dagbag.py:545} INFO - Filling up the DagBag from /opt/airflow/dags/process_txt_to_postgres_dag.py
[2024-06-11T17:54:14.612+0000] {processor.py:840} INFO - DAG(s) 'process_txt_to_postgres_dag' retrieved from /opt/airflow/dags/process_txt_to_postgres_dag.py
[2024-06-11T17:54:14.640+0000] {logging_mixin.py:188} INFO - [2024-06-11T17:54:14.640+0000] {dag.py:3096} INFO - Sync 1 DAGs
[2024-06-11T17:54:14.668+0000] {logging_mixin.py:188} INFO - [2024-06-11T17:54:14.668+0000] {dag.py:3954} INFO - Setting next_dagrun for process_txt_to_postgres_dag to 2024-06-11 00:00:00+00:00, run_after=2024-06-12 00:00:00+00:00
[2024-06-11T17:54:14.689+0000] {processor.py:183} INFO - Processing /opt/airflow/dags/process_txt_to_postgres_dag.py took 0.127 seconds
[2024-06-11T17:54:44.928+0000] {processor.py:161} INFO - Started process (PID=886) to work on /opt/airflow/dags/process_txt_to_postgres_dag.py
[2024-06-11T17:54:44.930+0000] {processor.py:830} INFO - Processing file /opt/airflow/dags/process_txt_to_postgres_dag.py for tasks to queue
[2024-06-11T17:54:44.932+0000] {logging_mixin.py:188} INFO - [2024-06-11T17:54:44.931+0000] {dagbag.py:545} INFO - Filling up the DagBag from /opt/airflow/dags/process_txt_to_postgres_dag.py
[2024-06-11T17:54:44.965+0000] {processor.py:840} INFO - DAG(s) 'process_txt_to_postgres_dag' retrieved from /opt/airflow/dags/process_txt_to_postgres_dag.py
[2024-06-11T17:54:44.988+0000] {logging_mixin.py:188} INFO - [2024-06-11T17:54:44.988+0000] {dag.py:3096} INFO - Sync 1 DAGs
[2024-06-11T17:54:45.011+0000] {logging_mixin.py:188} INFO - [2024-06-11T17:54:45.011+0000] {dag.py:3954} INFO - Setting next_dagrun for process_txt_to_postgres_dag to 2024-06-11 00:00:00+00:00, run_after=2024-06-12 00:00:00+00:00
[2024-06-11T17:54:45.027+0000] {processor.py:183} INFO - Processing /opt/airflow/dags/process_txt_to_postgres_dag.py took 0.111 seconds
[2024-06-11T17:55:15.177+0000] {processor.py:161} INFO - Started process (PID=894) to work on /opt/airflow/dags/process_txt_to_postgres_dag.py
[2024-06-11T17:55:15.178+0000] {processor.py:830} INFO - Processing file /opt/airflow/dags/process_txt_to_postgres_dag.py for tasks to queue
[2024-06-11T17:55:15.179+0000] {logging_mixin.py:188} INFO - [2024-06-11T17:55:15.178+0000] {dagbag.py:545} INFO - Filling up the DagBag from /opt/airflow/dags/process_txt_to_postgres_dag.py
[2024-06-11T17:55:15.207+0000] {processor.py:840} INFO - DAG(s) 'process_txt_to_postgres_dag' retrieved from /opt/airflow/dags/process_txt_to_postgres_dag.py
[2024-06-11T17:55:15.229+0000] {logging_mixin.py:188} INFO - [2024-06-11T17:55:15.228+0000] {dag.py:3096} INFO - Sync 1 DAGs
[2024-06-11T17:55:15.250+0000] {logging_mixin.py:188} INFO - [2024-06-11T17:55:15.249+0000] {dag.py:3954} INFO - Setting next_dagrun for process_txt_to_postgres_dag to 2024-06-11 00:00:00+00:00, run_after=2024-06-12 00:00:00+00:00
[2024-06-11T17:55:15.267+0000] {processor.py:183} INFO - Processing /opt/airflow/dags/process_txt_to_postgres_dag.py took 0.094 seconds
[2024-06-11T17:55:45.497+0000] {processor.py:161} INFO - Started process (PID=902) to work on /opt/airflow/dags/process_txt_to_postgres_dag.py
[2024-06-11T17:55:45.501+0000] {processor.py:830} INFO - Processing file /opt/airflow/dags/process_txt_to_postgres_dag.py for tasks to queue
[2024-06-11T17:55:45.502+0000] {logging_mixin.py:188} INFO - [2024-06-11T17:55:45.501+0000] {dagbag.py:545} INFO - Filling up the DagBag from /opt/airflow/dags/process_txt_to_postgres_dag.py
[2024-06-11T17:55:45.531+0000] {processor.py:840} INFO - DAG(s) 'process_txt_to_postgres_dag' retrieved from /opt/airflow/dags/process_txt_to_postgres_dag.py
[2024-06-11T17:55:45.559+0000] {logging_mixin.py:188} INFO - [2024-06-11T17:55:45.559+0000] {dag.py:3096} INFO - Sync 1 DAGs
[2024-06-11T17:55:45.580+0000] {logging_mixin.py:188} INFO - [2024-06-11T17:55:45.580+0000] {dag.py:3954} INFO - Setting next_dagrun for process_txt_to_postgres_dag to 2024-06-11 00:00:00+00:00, run_after=2024-06-12 00:00:00+00:00
[2024-06-11T17:55:45.595+0000] {processor.py:183} INFO - Processing /opt/airflow/dags/process_txt_to_postgres_dag.py took 0.104 seconds
[2024-06-11T17:56:15.766+0000] {processor.py:161} INFO - Started process (PID=910) to work on /opt/airflow/dags/process_txt_to_postgres_dag.py
[2024-06-11T17:56:15.769+0000] {processor.py:830} INFO - Processing file /opt/airflow/dags/process_txt_to_postgres_dag.py for tasks to queue
[2024-06-11T17:56:15.770+0000] {logging_mixin.py:188} INFO - [2024-06-11T17:56:15.770+0000] {dagbag.py:545} INFO - Filling up the DagBag from /opt/airflow/dags/process_txt_to_postgres_dag.py
[2024-06-11T17:56:15.802+0000] {processor.py:840} INFO - DAG(s) 'process_txt_to_postgres_dag' retrieved from /opt/airflow/dags/process_txt_to_postgres_dag.py
[2024-06-11T17:56:15.826+0000] {logging_mixin.py:188} INFO - [2024-06-11T17:56:15.826+0000] {dag.py:3096} INFO - Sync 1 DAGs
[2024-06-11T17:56:15.847+0000] {logging_mixin.py:188} INFO - [2024-06-11T17:56:15.847+0000] {dag.py:3954} INFO - Setting next_dagrun for process_txt_to_postgres_dag to 2024-06-11 00:00:00+00:00, run_after=2024-06-12 00:00:00+00:00
[2024-06-11T17:56:15.863+0000] {processor.py:183} INFO - Processing /opt/airflow/dags/process_txt_to_postgres_dag.py took 0.115 seconds
[2024-06-11T17:56:46.097+0000] {processor.py:161} INFO - Started process (PID=918) to work on /opt/airflow/dags/process_txt_to_postgres_dag.py
[2024-06-11T17:56:46.102+0000] {processor.py:830} INFO - Processing file /opt/airflow/dags/process_txt_to_postgres_dag.py for tasks to queue
[2024-06-11T17:56:46.103+0000] {logging_mixin.py:188} INFO - [2024-06-11T17:56:46.102+0000] {dagbag.py:545} INFO - Filling up the DagBag from /opt/airflow/dags/process_txt_to_postgres_dag.py
[2024-06-11T17:56:46.127+0000] {processor.py:840} INFO - DAG(s) 'process_txt_to_postgres_dag' retrieved from /opt/airflow/dags/process_txt_to_postgres_dag.py
[2024-06-11T17:56:46.148+0000] {logging_mixin.py:188} INFO - [2024-06-11T17:56:46.148+0000] {dag.py:3096} INFO - Sync 1 DAGs
[2024-06-11T17:56:46.168+0000] {logging_mixin.py:188} INFO - [2024-06-11T17:56:46.168+0000] {dag.py:3954} INFO - Setting next_dagrun for process_txt_to_postgres_dag to 2024-06-11 00:00:00+00:00, run_after=2024-06-12 00:00:00+00:00
[2024-06-11T17:56:46.183+0000] {processor.py:183} INFO - Processing /opt/airflow/dags/process_txt_to_postgres_dag.py took 0.095 seconds
[2024-06-11T17:57:16.354+0000] {processor.py:161} INFO - Started process (PID=926) to work on /opt/airflow/dags/process_txt_to_postgres_dag.py
[2024-06-11T17:57:16.358+0000] {processor.py:830} INFO - Processing file /opt/airflow/dags/process_txt_to_postgres_dag.py for tasks to queue
[2024-06-11T17:57:16.359+0000] {logging_mixin.py:188} INFO - [2024-06-11T17:57:16.359+0000] {dagbag.py:545} INFO - Filling up the DagBag from /opt/airflow/dags/process_txt_to_postgres_dag.py
[2024-06-11T17:57:16.390+0000] {processor.py:840} INFO - DAG(s) 'process_txt_to_postgres_dag' retrieved from /opt/airflow/dags/process_txt_to_postgres_dag.py
[2024-06-11T17:57:16.423+0000] {logging_mixin.py:188} INFO - [2024-06-11T17:57:16.423+0000] {dag.py:3096} INFO - Sync 1 DAGs
[2024-06-11T17:57:16.456+0000] {logging_mixin.py:188} INFO - [2024-06-11T17:57:16.455+0000] {dag.py:3954} INFO - Setting next_dagrun for process_txt_to_postgres_dag to 2024-06-11 00:00:00+00:00, run_after=2024-06-12 00:00:00+00:00
[2024-06-11T17:57:16.483+0000] {processor.py:183} INFO - Processing /opt/airflow/dags/process_txt_to_postgres_dag.py took 0.134 seconds
[2024-06-11T17:57:46.734+0000] {processor.py:161} INFO - Started process (PID=934) to work on /opt/airflow/dags/process_txt_to_postgres_dag.py
[2024-06-11T17:57:46.736+0000] {processor.py:830} INFO - Processing file /opt/airflow/dags/process_txt_to_postgres_dag.py for tasks to queue
[2024-06-11T17:57:46.738+0000] {logging_mixin.py:188} INFO - [2024-06-11T17:57:46.738+0000] {dagbag.py:545} INFO - Filling up the DagBag from /opt/airflow/dags/process_txt_to_postgres_dag.py
[2024-06-11T17:57:46.771+0000] {processor.py:840} INFO - DAG(s) 'process_txt_to_postgres_dag' retrieved from /opt/airflow/dags/process_txt_to_postgres_dag.py
[2024-06-11T17:57:46.795+0000] {logging_mixin.py:188} INFO - [2024-06-11T17:57:46.794+0000] {dag.py:3096} INFO - Sync 1 DAGs
[2024-06-11T17:57:46.824+0000] {logging_mixin.py:188} INFO - [2024-06-11T17:57:46.824+0000] {dag.py:3954} INFO - Setting next_dagrun for process_txt_to_postgres_dag to 2024-06-11 00:00:00+00:00, run_after=2024-06-12 00:00:00+00:00
[2024-06-11T17:57:46.838+0000] {processor.py:183} INFO - Processing /opt/airflow/dags/process_txt_to_postgres_dag.py took 0.126 seconds
[2024-06-11T17:58:17.059+0000] {processor.py:161} INFO - Started process (PID=942) to work on /opt/airflow/dags/process_txt_to_postgres_dag.py
[2024-06-11T17:58:17.064+0000] {processor.py:830} INFO - Processing file /opt/airflow/dags/process_txt_to_postgres_dag.py for tasks to queue
[2024-06-11T17:58:17.066+0000] {logging_mixin.py:188} INFO - [2024-06-11T17:58:17.065+0000] {dagbag.py:545} INFO - Filling up the DagBag from /opt/airflow/dags/process_txt_to_postgres_dag.py
[2024-06-11T17:58:17.097+0000] {processor.py:840} INFO - DAG(s) 'process_txt_to_postgres_dag' retrieved from /opt/airflow/dags/process_txt_to_postgres_dag.py
[2024-06-11T17:58:17.123+0000] {logging_mixin.py:188} INFO - [2024-06-11T17:58:17.123+0000] {dag.py:3096} INFO - Sync 1 DAGs
[2024-06-11T17:58:17.147+0000] {logging_mixin.py:188} INFO - [2024-06-11T17:58:17.146+0000] {dag.py:3954} INFO - Setting next_dagrun for process_txt_to_postgres_dag to 2024-06-11 00:00:00+00:00, run_after=2024-06-12 00:00:00+00:00
[2024-06-11T17:58:17.174+0000] {processor.py:183} INFO - Processing /opt/airflow/dags/process_txt_to_postgres_dag.py took 0.128 seconds
[2024-06-11T17:58:47.394+0000] {processor.py:161} INFO - Started process (PID=950) to work on /opt/airflow/dags/process_txt_to_postgres_dag.py
[2024-06-11T17:58:47.399+0000] {processor.py:830} INFO - Processing file /opt/airflow/dags/process_txt_to_postgres_dag.py for tasks to queue
[2024-06-11T17:58:47.401+0000] {logging_mixin.py:188} INFO - [2024-06-11T17:58:47.400+0000] {dagbag.py:545} INFO - Filling up the DagBag from /opt/airflow/dags/process_txt_to_postgres_dag.py
[2024-06-11T17:58:47.433+0000] {processor.py:840} INFO - DAG(s) 'process_txt_to_postgres_dag' retrieved from /opt/airflow/dags/process_txt_to_postgres_dag.py
[2024-06-11T17:58:47.458+0000] {logging_mixin.py:188} INFO - [2024-06-11T17:58:47.458+0000] {dag.py:3096} INFO - Sync 1 DAGs
[2024-06-11T17:58:47.480+0000] {logging_mixin.py:188} INFO - [2024-06-11T17:58:47.480+0000] {dag.py:3954} INFO - Setting next_dagrun for process_txt_to_postgres_dag to 2024-06-11 00:00:00+00:00, run_after=2024-06-12 00:00:00+00:00
[2024-06-11T17:58:47.496+0000] {processor.py:183} INFO - Processing /opt/airflow/dags/process_txt_to_postgres_dag.py took 0.121 seconds
[2024-06-11T17:59:14.681+0000] {processor.py:161} INFO - Started process (PID=958) to work on /opt/airflow/dags/process_txt_to_postgres_dag.py
[2024-06-11T17:59:14.682+0000] {processor.py:830} INFO - Processing file /opt/airflow/dags/process_txt_to_postgres_dag.py for tasks to queue
[2024-06-11T17:59:14.682+0000] {logging_mixin.py:188} INFO - [2024-06-11T17:59:14.682+0000] {dagbag.py:545} INFO - Filling up the DagBag from /opt/airflow/dags/process_txt_to_postgres_dag.py
[2024-06-11T17:59:14.710+0000] {processor.py:840} INFO - DAG(s) 'process_txt_to_postgres_dag' retrieved from /opt/airflow/dags/process_txt_to_postgres_dag.py
[2024-06-11T17:59:14.732+0000] {logging_mixin.py:188} INFO - [2024-06-11T17:59:14.732+0000] {dag.py:3096} INFO - Sync 1 DAGs
[2024-06-11T17:59:14.752+0000] {logging_mixin.py:188} INFO - [2024-06-11T17:59:14.752+0000] {dag.py:3954} INFO - Setting next_dagrun for process_txt_to_postgres_dag to 2024-06-11 00:00:00+00:00, run_after=2024-06-12 00:00:00+00:00
[2024-06-11T17:59:14.769+0000] {processor.py:183} INFO - Processing /opt/airflow/dags/process_txt_to_postgres_dag.py took 0.095 seconds
[2024-06-11T17:59:25.764+0000] {processor.py:161} INFO - Started process (PID=959) to work on /opt/airflow/dags/process_txt_to_postgres_dag.py
[2024-06-11T17:59:25.766+0000] {processor.py:830} INFO - Processing file /opt/airflow/dags/process_txt_to_postgres_dag.py for tasks to queue
[2024-06-11T17:59:25.766+0000] {logging_mixin.py:188} INFO - [2024-06-11T17:59:25.766+0000] {dagbag.py:545} INFO - Filling up the DagBag from /opt/airflow/dags/process_txt_to_postgres_dag.py
[2024-06-11T17:59:25.790+0000] {processor.py:840} INFO - DAG(s) 'process_txt_to_postgres_dag' retrieved from /opt/airflow/dags/process_txt_to_postgres_dag.py
[2024-06-11T17:59:25.900+0000] {logging_mixin.py:188} INFO - [2024-06-11T17:59:25.900+0000] {dag.py:3096} INFO - Sync 1 DAGs
[2024-06-11T17:59:25.919+0000] {logging_mixin.py:188} INFO - [2024-06-11T17:59:25.919+0000] {dag.py:3954} INFO - Setting next_dagrun for process_txt_to_postgres_dag to 2024-06-11 00:00:00+00:00, run_after=2024-06-12 00:00:00+00:00
[2024-06-11T17:59:25.936+0000] {processor.py:183} INFO - Processing /opt/airflow/dags/process_txt_to_postgres_dag.py took 0.176 seconds
[2024-06-11T17:59:26.861+0000] {processor.py:161} INFO - Started process (PID=960) to work on /opt/airflow/dags/process_txt_to_postgres_dag.py
[2024-06-11T17:59:26.862+0000] {processor.py:830} INFO - Processing file /opt/airflow/dags/process_txt_to_postgres_dag.py for tasks to queue
[2024-06-11T17:59:26.862+0000] {logging_mixin.py:188} INFO - [2024-06-11T17:59:26.862+0000] {dagbag.py:545} INFO - Filling up the DagBag from /opt/airflow/dags/process_txt_to_postgres_dag.py
[2024-06-11T17:59:26.890+0000] {processor.py:840} INFO - DAG(s) 'process_txt_to_postgres_dag' retrieved from /opt/airflow/dags/process_txt_to_postgres_dag.py
[2024-06-11T17:59:26.901+0000] {logging_mixin.py:188} INFO - [2024-06-11T17:59:26.901+0000] {dag.py:3096} INFO - Sync 1 DAGs
[2024-06-11T17:59:26.924+0000] {logging_mixin.py:188} INFO - [2024-06-11T17:59:26.924+0000] {dag.py:3954} INFO - Setting next_dagrun for process_txt_to_postgres_dag to 2024-06-11 00:00:00+00:00, run_after=2024-06-12 00:00:00+00:00
[2024-06-11T17:59:26.942+0000] {processor.py:183} INFO - Processing /opt/airflow/dags/process_txt_to_postgres_dag.py took 0.087 seconds
[2024-06-11T17:59:57.145+0000] {processor.py:161} INFO - Started process (PID=968) to work on /opt/airflow/dags/process_txt_to_postgres_dag.py
[2024-06-11T17:59:57.146+0000] {processor.py:830} INFO - Processing file /opt/airflow/dags/process_txt_to_postgres_dag.py for tasks to queue
[2024-06-11T17:59:57.146+0000] {logging_mixin.py:188} INFO - [2024-06-11T17:59:57.146+0000] {dagbag.py:545} INFO - Filling up the DagBag from /opt/airflow/dags/process_txt_to_postgres_dag.py
[2024-06-11T17:59:57.174+0000] {processor.py:840} INFO - DAG(s) 'process_txt_to_postgres_dag' retrieved from /opt/airflow/dags/process_txt_to_postgres_dag.py
[2024-06-11T17:59:57.286+0000] {logging_mixin.py:188} INFO - [2024-06-11T17:59:57.286+0000] {dag.py:3096} INFO - Sync 1 DAGs
[2024-06-11T17:59:57.303+0000] {logging_mixin.py:188} INFO - [2024-06-11T17:59:57.303+0000] {dag.py:3954} INFO - Setting next_dagrun for process_txt_to_postgres_dag to 2024-06-11 00:00:00+00:00, run_after=2024-06-12 00:00:00+00:00
[2024-06-11T17:59:57.319+0000] {processor.py:183} INFO - Processing /opt/airflow/dags/process_txt_to_postgres_dag.py took 0.179 seconds
