[2024-06-13T06:59:42.497+0000] {local_task_job_runner.py:120} INFO - ::group::Pre task execution logs
[2024-06-13T06:59:42.531+0000] {taskinstance.py:2076} INFO - Dependencies all met for dep_context=non-requeueable deps ti=<TaskInstance: airflow_example1.insert_json manual__2024-06-13T06:59:37.949746+00:00 [queued]>
[2024-06-13T06:59:42.545+0000] {taskinstance.py:2076} INFO - Dependencies all met for dep_context=requeueable deps ti=<TaskInstance: airflow_example1.insert_json manual__2024-06-13T06:59:37.949746+00:00 [queued]>
[2024-06-13T06:59:42.545+0000] {taskinstance.py:2306} INFO - Starting attempt 1 of 6
[2024-06-13T06:59:42.565+0000] {taskinstance.py:2330} INFO - Executing <Task(PythonOperator): insert_json> on 2024-06-13 06:59:37.949746+00:00
[2024-06-13T06:59:42.572+0000] {warnings.py:110} WARNING - /home/***/.local/lib/python3.12/site-packages/***/task/task_runner/standard_task_runner.py:61: DeprecationWarning: This process (pid=1139) is multi-threaded, use of fork() may lead to deadlocks in the child.
  pid = os.fork()

[2024-06-13T06:59:42.574+0000] {standard_task_runner.py:63} INFO - Started process 1140 to run task
[2024-06-13T06:59:42.574+0000] {standard_task_runner.py:90} INFO - Running: ['***', 'tasks', 'run', '***_example1', 'insert_json', 'manual__2024-06-13T06:59:37.949746+00:00', '--job-id', '245', '--raw', '--subdir', 'DAGS_FOLDER/file_jsons_to_postgres.py', '--cfg-path', '/tmp/tmp_etmizeb']
[2024-06-13T06:59:42.576+0000] {standard_task_runner.py:91} INFO - Job 245: Subtask insert_json
[2024-06-13T06:59:42.636+0000] {task_command.py:426} INFO - Running <TaskInstance: airflow_example1.insert_json manual__2024-06-13T06:59:37.949746+00:00 [running]> on host 8cc8d7c9eee4
[2024-06-13T06:59:42.800+0000] {taskinstance.py:2648} INFO - Exporting env vars: AIRFLOW_CTX_DAG_OWNER='***' AIRFLOW_CTX_DAG_ID='***_example1' AIRFLOW_CTX_TASK_ID='insert_json' AIRFLOW_CTX_EXECUTION_DATE='2024-06-13T06:59:37.949746+00:00' AIRFLOW_CTX_TRY_NUMBER='1' AIRFLOW_CTX_DAG_RUN_ID='manual__2024-06-13T06:59:37.949746+00:00'
[2024-06-13T06:59:42.801+0000] {taskinstance.py:430} INFO - ::endgroup::
[2024-06-13T06:59:42.848+0000] {file_jsons_to_postgres.py:109} INFO - Inserting entry: {'name': 'Prudhvi', 'email': '6sbnfr$@k.eo', 'date': '2024-06-13'}
[2024-06-13T06:59:42.850+0000] {file_jsons_to_postgres.py:109} INFO - Inserting entry: {'name': 'Davis', 'email': '0evge@eev.io', 'date': '2024/06/13'}
[2024-06-13T06:59:42.850+0000] {file_jsons_to_postgres.py:109} INFO - Inserting entry: {'name': 'McLaine', 'email': 'u@uxf.kz', 'date': '2024/06/13'}
[2024-06-13T06:59:42.851+0000] {file_jsons_to_postgres.py:109} INFO - Inserting entry: {'name': 'Anthati', 'email': 'j$k6@xav.ewj', 'date': '06.13.24'}
[2024-06-13T06:59:42.851+0000] {file_jsons_to_postgres.py:109} INFO - Inserting entry: {'name': 'Samala', 'email': '1ul.@tmukheqt.qp', 'date': '06.13.24'}
[2024-06-13T06:59:42.852+0000] {file_jsons_to_postgres.py:109} INFO - Inserting entry: {'name': 'Nimmaturi', 'email': 'yzd@kbbh.wk', 'date': '24-06-13'}
[2024-06-13T06:59:42.853+0000] {file_jsons_to_postgres.py:114} ERROR - Error inserting data: date/time field value out of range: "24-06-13"
LINE 2: ... email, date) VALUES ('Nimmaturi', 'yzd@kbbh.wk', '24-06-13'...
                                                             ^
HINT:  Perhaps you need a different "datestyle" setting.

[2024-06-13T06:59:42.853+0000] {python.py:237} INFO - Done. Returned value was: None
[2024-06-13T06:59:42.854+0000] {taskinstance.py:441} INFO - ::group::Post task execution logs
[2024-06-13T06:59:42.869+0000] {taskinstance.py:1206} INFO - Marking task as SUCCESS. dag_id=***_example1, task_id=insert_json, run_id=manual__2024-06-13T06:59:37.949746+00:00, execution_date=20240613T065937, start_date=20240613T065942, end_date=20240613T065942
[2024-06-13T06:59:42.910+0000] {local_task_job_runner.py:240} INFO - Task exited with return code 0
[2024-06-13T06:59:42.951+0000] {taskinstance.py:3498} INFO - 0 downstream tasks scheduled from follow-on schedule check
[2024-06-13T06:59:42.953+0000] {local_task_job_runner.py:222} INFO - ::endgroup::
