[2024-06-20T18:53:01.701+0000] {local_task_job_runner.py:120} INFO - ::group::Pre task execution logs
[2024-06-20T18:53:01.735+0000] {taskinstance.py:2076} INFO - Dependencies all met for dep_context=non-requeueable deps ti=<TaskInstance: demo_dag_for_alerting_final_1.check_previous_run_status scheduled__2024-06-20T18:52:00+00:00 [queued]>
[2024-06-20T18:53:01.749+0000] {taskinstance.py:2076} INFO - Dependencies all met for dep_context=requeueable deps ti=<TaskInstance: demo_dag_for_alerting_final_1.check_previous_run_status scheduled__2024-06-20T18:52:00+00:00 [queued]>
[2024-06-20T18:53:01.750+0000] {taskinstance.py:2306} INFO - Starting attempt 1 of 6
[2024-06-20T18:53:01.774+0000] {taskinstance.py:2330} INFO - Executing <Task(BranchPythonOperator): check_previous_run_status> on 2024-06-20 18:52:00+00:00
[2024-06-20T18:53:01.782+0000] {warnings.py:110} WARNING - /home/***/.local/lib/python3.12/site-packages/***/task/task_runner/standard_task_runner.py:61: DeprecationWarning: This process (pid=2076) is multi-threaded, use of fork() may lead to deadlocks in the child.
  pid = os.fork()

[2024-06-20T18:53:01.784+0000] {standard_task_runner.py:63} INFO - Started process 2086 to run task
[2024-06-20T18:53:01.784+0000] {standard_task_runner.py:90} INFO - Running: ['***', 'tasks', 'run', 'demo_dag_for_alerting_final_1', 'check_previous_run_status', 'scheduled__2024-06-20T18:52:00+00:00', '--job-id', '2646', '--raw', '--subdir', 'DAGS_FOLDER/demo_dag_for_alerting.py', '--cfg-path', '/tmp/tmpvxhee3un']
[2024-06-20T18:53:01.786+0000] {standard_task_runner.py:91} INFO - Job 2646: Subtask check_previous_run_status
[2024-06-20T18:53:01.856+0000] {task_command.py:426} INFO - Running <TaskInstance: demo_dag_for_alerting_final_1.check_previous_run_status scheduled__2024-06-20T18:52:00+00:00 [running]> on host e66744caf823
[2024-06-20T18:53:02.015+0000] {taskinstance.py:2648} INFO - Exporting env vars: AIRFLOW_CTX_DAG_OWNER='***' AIRFLOW_CTX_DAG_ID='demo_dag_for_alerting_final_1' AIRFLOW_CTX_TASK_ID='check_previous_run_status' AIRFLOW_CTX_EXECUTION_DATE='2024-06-20T18:52:00+00:00' AIRFLOW_CTX_TRY_NUMBER='1' AIRFLOW_CTX_DAG_RUN_ID='scheduled__2024-06-20T18:52:00+00:00'
[2024-06-20T18:53:02.016+0000] {taskinstance.py:430} INFO - ::endgroup::
[2024-06-20T18:53:02.037+0000] {baseoperator.py:399} WARNING - BranchPythonOperator.execute cannot be called outside TaskInstance!
[2024-06-20T18:53:02.047+0000] {python.py:237} INFO - Done. Returned value was: skip_run
[2024-06-20T18:53:02.048+0000] {branch.py:36} INFO - Branch into skip_run
[2024-06-20T18:53:02.048+0000] {skipmixin.py:178} INFO - Following branch skip_run
[2024-06-20T18:53:02.067+0000] {skipmixin.py:246} INFO - Skipping tasks [('start_run', -1)]
[2024-06-20T18:53:02.098+0000] {taskinstance.py:441} INFO - ::group::Post task execution logs
[2024-06-20T18:53:02.123+0000] {taskinstance.py:1206} INFO - Marking task as SUCCESS. dag_id=demo_dag_for_alerting_final_1, task_id=check_previous_run_status, run_id=scheduled__2024-06-20T18:52:00+00:00, execution_date=20240620T185200, start_date=20240620T185301, end_date=20240620T185302
[2024-06-20T18:53:02.158+0000] {local_task_job_runner.py:240} INFO - Task exited with return code 0
[2024-06-20T18:53:02.217+0000] {taskinstance.py:3498} INFO - 1 downstream tasks scheduled from follow-on schedule check
[2024-06-20T18:53:02.220+0000] {local_task_job_runner.py:222} INFO - ::endgroup::
