[2024-06-21T07:49:02.988+0000] {local_task_job_runner.py:120} INFO - ::group::Pre task execution logs
[2024-06-21T07:49:03.013+0000] {taskinstance.py:2076} INFO - Dependencies all met for dep_context=non-requeueable deps ti=<TaskInstance: demo_dag_for_alerting_apis_final.skip_run scheduled__2024-06-21T07:48:00+00:00 [queued]>
[2024-06-21T07:49:03.025+0000] {taskinstance.py:2076} INFO - Dependencies all met for dep_context=requeueable deps ti=<TaskInstance: demo_dag_for_alerting_apis_final.skip_run scheduled__2024-06-21T07:48:00+00:00 [queued]>
[2024-06-21T07:49:03.025+0000] {taskinstance.py:2306} INFO - Starting attempt 1 of 6
[2024-06-21T07:49:03.038+0000] {taskinstance.py:2330} INFO - Executing <Task(PythonOperator): skip_run> on 2024-06-21 07:48:00+00:00
[2024-06-21T07:49:03.043+0000] {warnings.py:110} WARNING - /home/***/.local/lib/python3.12/site-packages/***/task/task_runner/standard_task_runner.py:61: DeprecationWarning: This process (pid=3337) is multi-threaded, use of fork() may lead to deadlocks in the child.
  pid = os.fork()

[2024-06-21T07:49:03.044+0000] {standard_task_runner.py:63} INFO - Started process 3339 to run task
[2024-06-21T07:49:03.044+0000] {standard_task_runner.py:90} INFO - Running: ['***', 'tasks', 'run', 'demo_dag_for_alerting_apis_final', 'skip_run', 'scheduled__2024-06-21T07:48:00+00:00', '--job-id', '3058', '--raw', '--subdir', 'DAGS_FOLDER/demo_dag_for_alerting_apis.py', '--cfg-path', '/tmp/tmp059qiuqb']
[2024-06-21T07:49:03.045+0000] {standard_task_runner.py:91} INFO - Job 3058: Subtask skip_run
[2024-06-21T07:49:03.086+0000] {task_command.py:426} INFO - Running <TaskInstance: demo_dag_for_alerting_apis_final.skip_run scheduled__2024-06-21T07:48:00+00:00 [running]> on host e66744caf823
[2024-06-21T07:49:03.184+0000] {taskinstance.py:2648} INFO - Exporting env vars: AIRFLOW_CTX_DAG_OWNER='***' AIRFLOW_CTX_DAG_ID='demo_dag_for_alerting_apis_final' AIRFLOW_CTX_TASK_ID='skip_run' AIRFLOW_CTX_EXECUTION_DATE='2024-06-21T07:48:00+00:00' AIRFLOW_CTX_TRY_NUMBER='1' AIRFLOW_CTX_DAG_RUN_ID='scheduled__2024-06-21T07:48:00+00:00'
[2024-06-21T07:49:03.185+0000] {taskinstance.py:430} INFO - ::endgroup::
[2024-06-21T07:49:03.379+0000] {helper_functions.py:136} INFO - ['scheduled__2024-06-21T07:47:00+00:00', 'scheduled__2024-06-21T07:46:00+00:00']
[2024-06-21T07:49:03.740+0000] {helper_functions.py:146} INFO - ['success', 'success']
[2024-06-21T07:49:03.740+0000] {python.py:237} INFO - Done. Returned value was: None
[2024-06-21T07:49:03.741+0000] {taskinstance.py:441} INFO - ::group::Post task execution logs
[2024-06-21T07:49:03.748+0000] {taskinstance.py:1206} INFO - Marking task as SUCCESS. dag_id=demo_dag_for_alerting_apis_final, task_id=skip_run, run_id=scheduled__2024-06-21T07:48:00+00:00, execution_date=20240621T074800, start_date=20240621T074903, end_date=20240621T074903
[2024-06-21T07:49:03.779+0000] {local_task_job_runner.py:240} INFO - Task exited with return code 0
[2024-06-21T07:49:03.790+0000] {local_task_job_runner.py:222} INFO - ::endgroup::
