[2024-06-12T05:30:16.205+0000] {local_task_job_runner.py:120} INFO - ::group::Pre task execution logs
[2024-06-12T05:30:16.235+0000] {taskinstance.py:2076} INFO - Dependencies all met for dep_context=non-requeueable deps ti=<TaskInstance: process_json_to_postgres1.process_json manual__2024-06-12T05:30:14.627722+00:00 [queued]>
[2024-06-12T05:30:16.249+0000] {taskinstance.py:2076} INFO - Dependencies all met for dep_context=requeueable deps ti=<TaskInstance: process_json_to_postgres1.process_json manual__2024-06-12T05:30:14.627722+00:00 [queued]>
[2024-06-12T05:30:16.250+0000] {taskinstance.py:2306} INFO - Starting attempt 1 of 6
[2024-06-12T05:30:16.276+0000] {taskinstance.py:2330} INFO - Executing <Task(PythonOperator): process_json> on 2024-06-12 05:30:14.627722+00:00
[2024-06-12T05:30:16.285+0000] {warnings.py:110} WARNING - /home/***/.local/lib/python3.12/site-packages/***/task/task_runner/standard_task_runner.py:61: DeprecationWarning: This process (pid=469) is multi-threaded, use of fork() may lead to deadlocks in the child.
  pid = os.fork()

[2024-06-12T05:30:16.286+0000] {standard_task_runner.py:63} INFO - Started process 470 to run task
[2024-06-12T05:30:16.288+0000] {standard_task_runner.py:90} INFO - Running: ['***', 'tasks', 'run', 'process_json_to_postgres1', 'process_json', 'manual__2024-06-12T05:30:14.627722+00:00', '--job-id', '104', '--raw', '--subdir', 'DAGS_FOLDER/process_json_to_postgres.py', '--cfg-path', '/tmp/tmples8hgwn']
[2024-06-12T05:30:16.289+0000] {standard_task_runner.py:91} INFO - Job 104: Subtask process_json
[2024-06-12T05:30:16.342+0000] {task_command.py:426} INFO - Running <TaskInstance: process_json_to_postgres1.process_json manual__2024-06-12T05:30:14.627722+00:00 [running]> on host 7bea3768514b
[2024-06-12T05:30:16.479+0000] {taskinstance.py:2648} INFO - Exporting env vars: AIRFLOW_CTX_DAG_OWNER='***' AIRFLOW_CTX_DAG_ID='process_json_to_postgres1' AIRFLOW_CTX_TASK_ID='process_json' AIRFLOW_CTX_EXECUTION_DATE='2024-06-12T05:30:14.627722+00:00' AIRFLOW_CTX_TRY_NUMBER='1' AIRFLOW_CTX_DAG_RUN_ID='manual__2024-06-12T05:30:14.627722+00:00'
[2024-06-12T05:30:16.481+0000] {taskinstance.py:430} INFO - ::endgroup::
[2024-06-12T05:30:16.508+0000] {process_json_to_postgres.py:38} INFO - Loaded JSON data: [{'name': 'John Doe', 'email': 'john@example.com', 'date': '2023-06-01'}, {'name': 'Jane Smith', 'email': 'jane@example.com', 'date': '2023-06-02'}, {'name': 'Invalid Entry', 'date': '2023-06-03'}]
[2024-06-12T05:30:16.508+0000] {process_json_to_postgres.py:42} INFO - Filtered valid data: [{'name': 'John Doe', 'email': 'john@example.com', 'date': '2023-06-01'}, {'name': 'Jane Smith', 'email': 'jane@example.com', 'date': '2023-06-02'}]
[2024-06-12T05:30:16.508+0000] {process_json_to_postgres.py:51} INFO - Inserting entry: {'name': 'John Doe', 'email': 'john@example.com', 'date': '2023-06-01'}
[2024-06-12T05:30:16.521+0000] {base.py:84} INFO - Using connection ID 'postgres_conn' for task execution.
[2024-06-12T05:30:16.525+0000] {sql.py:470} INFO - Running statement: 
            INSERT INTO valid_data (name, email, date) VALUES (%s, %s, %s)
            , parameters: ('John Doe', 'john@example.com', '2023-06-01')
[2024-06-12T05:30:16.526+0000] {process_json_to_postgres.py:58} ERROR - Error processing JSON data: relation "valid_data" does not exist
LINE 2:             INSERT INTO valid_data (name, email, date) VALUE...
                                ^

[2024-06-12T05:30:16.527+0000] {python.py:237} INFO - Done. Returned value was: None
[2024-06-12T05:30:16.529+0000] {taskinstance.py:441} INFO - ::group::Post task execution logs
[2024-06-12T05:30:16.542+0000] {taskinstance.py:1206} INFO - Marking task as SUCCESS. dag_id=process_json_to_postgres1, task_id=process_json, run_id=manual__2024-06-12T05:30:14.627722+00:00, execution_date=20240612T053014, start_date=20240612T053016, end_date=20240612T053016
[2024-06-12T05:30:16.581+0000] {local_task_job_runner.py:240} INFO - Task exited with return code 0
[2024-06-12T05:30:16.602+0000] {taskinstance.py:3498} INFO - 0 downstream tasks scheduled from follow-on schedule check
[2024-06-12T05:30:16.603+0000] {local_task_job_runner.py:222} INFO - ::endgroup::
