[2024-06-18T14:08:26.957+0000] {local_task_job_runner.py:120} INFO - ::group::Pre task execution logs
[2024-06-18T14:08:26.988+0000] {taskinstance.py:2076} INFO - Dependencies all met for dep_context=non-requeueable deps ti=<TaskInstance: alerting_skipped.check_previous_run_status manual__2024-06-18T14:08:24.707020+00:00 [queued]>
[2024-06-18T14:08:26.997+0000] {taskinstance.py:2076} INFO - Dependencies all met for dep_context=requeueable deps ti=<TaskInstance: alerting_skipped.check_previous_run_status manual__2024-06-18T14:08:24.707020+00:00 [queued]>
[2024-06-18T14:08:26.998+0000] {taskinstance.py:2306} INFO - Starting attempt 1 of 6
[2024-06-18T14:08:27.013+0000] {taskinstance.py:2330} INFO - Executing <Task(BranchPythonOperator): check_previous_run_status> on 2024-06-18 14:08:24.707020+00:00
[2024-06-18T14:08:27.021+0000] {warnings.py:110} WARNING - /home/***/.local/lib/python3.12/site-packages/***/task/task_runner/standard_task_runner.py:61: DeprecationWarning: This process (pid=6474) is multi-threaded, use of fork() may lead to deadlocks in the child.
  pid = os.fork()

[2024-06-18T14:08:27.022+0000] {standard_task_runner.py:63} INFO - Started process 6475 to run task
[2024-06-18T14:08:27.022+0000] {standard_task_runner.py:90} INFO - Running: ['***', 'tasks', 'run', 'alerting_skipped', 'check_previous_run_status', 'manual__2024-06-18T14:08:24.707020+00:00', '--job-id', '806', '--raw', '--subdir', 'DAGS_FOLDER/alerting_skipped.py', '--cfg-path', '/tmp/tmp2hik9z2t']
[2024-06-18T14:08:27.023+0000] {standard_task_runner.py:91} INFO - Job 806: Subtask check_previous_run_status
[2024-06-18T14:08:27.067+0000] {task_command.py:426} INFO - Running <TaskInstance: alerting_skipped.check_previous_run_status manual__2024-06-18T14:08:24.707020+00:00 [running]> on host fa5c5d972e05
[2024-06-18T14:08:27.177+0000] {taskinstance.py:2648} INFO - Exporting env vars: AIRFLOW_CTX_DAG_OWNER='***' AIRFLOW_CTX_DAG_ID='alerting_skipped' AIRFLOW_CTX_TASK_ID='check_previous_run_status' AIRFLOW_CTX_EXECUTION_DATE='2024-06-18T14:08:24.707020+00:00' AIRFLOW_CTX_TRY_NUMBER='1' AIRFLOW_CTX_DAG_RUN_ID='manual__2024-06-18T14:08:24.707020+00:00'
[2024-06-18T14:08:27.179+0000] {taskinstance.py:430} INFO - ::endgroup::
[2024-06-18T14:08:27.232+0000] {baseoperator.py:399} WARNING - BranchPythonOperator.execute cannot be called outside TaskInstance!
[2024-06-18T14:08:27.245+0000] {helper_functions.py:46} ERROR - Error creating table: column "continous_skip_count" does not exist
LINE 2:             SELECT continous_skip_count WHERE dag_id='{dag_i...
                           ^

[2024-06-18T14:08:27.245+0000] {python.py:237} INFO - Done. Returned value was: skip_run
[2024-06-18T14:08:27.246+0000] {branch.py:36} INFO - Branch into skip_run
[2024-06-18T14:08:27.246+0000] {skipmixin.py:178} INFO - Following branch skip_run
[2024-06-18T14:08:27.267+0000] {skipmixin.py:246} INFO - Skipping tasks [('start_run', -1)]
[2024-06-18T14:08:27.296+0000] {taskinstance.py:441} INFO - ::group::Post task execution logs
[2024-06-18T14:08:27.322+0000] {taskinstance.py:1206} INFO - Marking task as SUCCESS. dag_id=alerting_skipped, task_id=check_previous_run_status, run_id=manual__2024-06-18T14:08:24.707020+00:00, execution_date=20240618T140824, start_date=20240618T140826, end_date=20240618T140827
[2024-06-18T14:08:27.356+0000] {local_task_job_runner.py:240} INFO - Task exited with return code 0
[2024-06-18T14:08:27.391+0000] {taskinstance.py:3498} INFO - 1 downstream tasks scheduled from follow-on schedule check
[2024-06-18T14:08:27.393+0000] {local_task_job_runner.py:222} INFO - ::endgroup::
