[2024-06-17T06:26:42.699+0000] {local_task_job_runner.py:120} INFO - ::group::Pre task execution logs
[2024-06-17T06:26:42.736+0000] {taskinstance.py:2076} INFO - Dependencies all met for dep_context=non-requeueable deps ti=<TaskInstance: airflow_example.get_task_instances manual__2024-06-17T06:26:41.544065+00:00 [queued]>
[2024-06-17T06:26:42.749+0000] {taskinstance.py:2076} INFO - Dependencies all met for dep_context=requeueable deps ti=<TaskInstance: airflow_example.get_task_instances manual__2024-06-17T06:26:41.544065+00:00 [queued]>
[2024-06-17T06:26:42.750+0000] {taskinstance.py:2306} INFO - Starting attempt 1 of 6
[2024-06-17T06:26:42.774+0000] {taskinstance.py:2330} INFO - Executing <Task(PythonOperator): get_task_instances> on 2024-06-17 06:26:41.544065+00:00
[2024-06-17T06:26:42.780+0000] {warnings.py:110} WARNING - /home/***/.local/lib/python3.12/site-packages/***/task/task_runner/standard_task_runner.py:61: DeprecationWarning: This process (pid=6403) is multi-threaded, use of fork() may lead to deadlocks in the child.
  pid = os.fork()

[2024-06-17T06:26:42.783+0000] {standard_task_runner.py:63} INFO - Started process 6405 to run task
[2024-06-17T06:26:42.783+0000] {standard_task_runner.py:90} INFO - Running: ['***', 'tasks', 'run', '***_example', 'get_task_instances', 'manual__2024-06-17T06:26:41.544065+00:00', '--job-id', '300', '--raw', '--subdir', 'DAGS_FOLDER/file_jsons_to_postgres.py', '--cfg-path', '/tmp/tmpr4b1pn_k']
[2024-06-17T06:26:42.786+0000] {standard_task_runner.py:91} INFO - Job 300: Subtask get_task_instances
[2024-06-17T06:26:42.844+0000] {task_command.py:426} INFO - Running <TaskInstance: airflow_example.get_task_instances manual__2024-06-17T06:26:41.544065+00:00 [running]> on host 8cc8d7c9eee4
[2024-06-17T06:26:42.954+0000] {taskinstance.py:2648} INFO - Exporting env vars: AIRFLOW_CTX_DAG_OWNER='***' AIRFLOW_CTX_DAG_ID='***_example' AIRFLOW_CTX_TASK_ID='get_task_instances' AIRFLOW_CTX_EXECUTION_DATE='2024-06-17T06:26:41.544065+00:00' AIRFLOW_CTX_TRY_NUMBER='1' AIRFLOW_CTX_DAG_RUN_ID='manual__2024-06-17T06:26:41.544065+00:00'
[2024-06-17T06:26:42.955+0000] {taskinstance.py:430} INFO - ::endgroup::
[2024-06-17T06:26:42.972+0000] {file_jsons_to_postgres.py:136} INFO - Attempting to fetch task instances from: http://localhost:8080/api/v1/dags/***_example/tasks/insert_json/instances?limit=3
[2024-06-17T06:26:42.977+0000] {file_jsons_to_postgres.py:143} ERROR - Request failed: HTTPConnectionPool(host='localhost', port=8080): Max retries exceeded with url: /api/v1/dags/***_example/tasks/insert_json/instances?limit=3 (Caused by NewConnectionError('<urllib3.connection.HTTPConnection object at 0x7668e5143b90>: Failed to establish a new connection: [Errno 111] Connection refused'))
[2024-06-17T06:26:42.977+0000] {python.py:237} INFO - Done. Returned value was: None
[2024-06-17T06:26:42.977+0000] {taskinstance.py:441} INFO - ::group::Post task execution logs
[2024-06-17T06:26:42.991+0000] {taskinstance.py:1206} INFO - Marking task as SUCCESS. dag_id=***_example, task_id=get_task_instances, run_id=manual__2024-06-17T06:26:41.544065+00:00, execution_date=20240617T062641, start_date=20240617T062642, end_date=20240617T062642
[2024-06-17T06:26:43.039+0000] {local_task_job_runner.py:240} INFO - Task exited with return code 0
[2024-06-17T06:26:43.059+0000] {taskinstance.py:3498} INFO - 0 downstream tasks scheduled from follow-on schedule check
[2024-06-17T06:26:43.060+0000] {local_task_job_runner.py:222} INFO - ::endgroup::
