[2024-06-13T06:51:44.340+0000] {local_task_job_runner.py:120} INFO - ::group::Pre task execution logs
[2024-06-13T06:51:44.369+0000] {taskinstance.py:2076} INFO - Dependencies all met for dep_context=non-requeueable deps ti=<TaskInstance: airflow_example1.insert_json manual__2024-06-13T06:51:38.434006+00:00 [queued]>
[2024-06-13T06:51:44.380+0000] {taskinstance.py:2076} INFO - Dependencies all met for dep_context=requeueable deps ti=<TaskInstance: airflow_example1.insert_json manual__2024-06-13T06:51:38.434006+00:00 [queued]>
[2024-06-13T06:51:44.381+0000] {taskinstance.py:2306} INFO - Starting attempt 1 of 6
[2024-06-13T06:51:44.396+0000] {taskinstance.py:2330} INFO - Executing <Task(PythonOperator): insert_json> on 2024-06-13 06:51:38.434006+00:00
[2024-06-13T06:51:44.401+0000] {warnings.py:110} WARNING - /home/***/.local/lib/python3.12/site-packages/***/task/task_runner/standard_task_runner.py:61: DeprecationWarning: This process (pid=1017) is multi-threaded, use of fork() may lead to deadlocks in the child.
  pid = os.fork()

[2024-06-13T06:51:44.402+0000] {standard_task_runner.py:63} INFO - Started process 1018 to run task
[2024-06-13T06:51:44.402+0000] {standard_task_runner.py:90} INFO - Running: ['***', 'tasks', 'run', '***_example1', 'insert_json', 'manual__2024-06-13T06:51:38.434006+00:00', '--job-id', '237', '--raw', '--subdir', 'DAGS_FOLDER/file_jsons_to_postgres.py', '--cfg-path', '/tmp/tmp4oai9gwb']
[2024-06-13T06:51:44.403+0000] {standard_task_runner.py:91} INFO - Job 237: Subtask insert_json
[2024-06-13T06:51:44.448+0000] {task_command.py:426} INFO - Running <TaskInstance: airflow_example1.insert_json manual__2024-06-13T06:51:38.434006+00:00 [running]> on host 8cc8d7c9eee4
[2024-06-13T06:51:44.553+0000] {taskinstance.py:2648} INFO - Exporting env vars: AIRFLOW_CTX_DAG_OWNER='***' AIRFLOW_CTX_DAG_ID='***_example1' AIRFLOW_CTX_TASK_ID='insert_json' AIRFLOW_CTX_EXECUTION_DATE='2024-06-13T06:51:38.434006+00:00' AIRFLOW_CTX_TRY_NUMBER='1' AIRFLOW_CTX_DAG_RUN_ID='manual__2024-06-13T06:51:38.434006+00:00'
[2024-06-13T06:51:44.553+0000] {taskinstance.py:430} INFO - ::endgroup::
[2024-06-13T06:51:44.586+0000] {file_jsons_to_postgres.py:109} INFO - Inserting entry: {'name': 'Majji', 'email': 'm7#hv@fgbckjh.hg', 'date': '06.12.2024'}
[2024-06-13T06:51:44.587+0000] {file_jsons_to_postgres.py:109} INFO - Inserting entry: {'name': 'McLaine', 'email': '8r@jt.ftz', 'date': '2022/12/31'}
[2024-06-13T06:51:44.588+0000] {file_jsons_to_postgres.py:109} INFO - Inserting entry: {'name': 'Nikhitha', 'email': 's@ypabrani.mig', 'date': '06.12.2024'}
[2024-06-13T06:51:44.589+0000] {file_jsons_to_postgres.py:109} INFO - Inserting entry: {'name': 'Aishwarya', 'email': 'i10^09*wt@buroxr.pm', 'date': '2024.06.12'}
[2024-06-13T06:51:44.589+0000] {file_jsons_to_postgres.py:109} INFO - Inserting entry: {'name': 'Anthati', 'email': '4vogq@kie.ya', 'date': '06-12-2024'}
[2024-06-13T06:51:44.590+0000] {file_jsons_to_postgres.py:109} INFO - Inserting entry: {'name': 'Vasamsetti', 'email': 'l$0!4ud.ta@nlgcogps.ja', 'date': '12-06-2024'}
[2024-06-13T06:51:44.591+0000] {file_jsons_to_postgres.py:109} INFO - Inserting entry: {'name': 'Addala', 'email': '0!q#7%j@ahsgllw.lls', 'date': '06.12.2024'}
[2024-06-13T06:51:44.593+0000] {file_jsons_to_postgres.py:112} INFO - Data insertion completed successfully.
[2024-06-13T06:51:44.594+0000] {python.py:237} INFO - Done. Returned value was: None
[2024-06-13T06:51:44.594+0000] {taskinstance.py:441} INFO - ::group::Post task execution logs
[2024-06-13T06:51:44.608+0000] {taskinstance.py:1206} INFO - Marking task as SUCCESS. dag_id=***_example1, task_id=insert_json, run_id=manual__2024-06-13T06:51:38.434006+00:00, execution_date=20240613T065138, start_date=20240613T065144, end_date=20240613T065144
[2024-06-13T06:51:44.656+0000] {local_task_job_runner.py:240} INFO - Task exited with return code 0
[2024-06-13T06:51:44.678+0000] {taskinstance.py:3498} INFO - 0 downstream tasks scheduled from follow-on schedule check
[2024-06-13T06:51:44.680+0000] {local_task_job_runner.py:222} INFO - ::endgroup::
