[2024-06-25T12:54:03.614+0000] {local_task_job_runner.py:120} INFO - ::group::Pre task execution logs
[2024-06-25T12:54:03.641+0000] {taskinstance.py:2076} INFO - Dependencies all met for dep_context=non-requeueable deps ti=<TaskInstance: demo_dag_for_alerting_final_1.skip_run scheduled__2024-06-25T12:53:00+00:00 [queued]>
[2024-06-25T12:54:03.653+0000] {taskinstance.py:2076} INFO - Dependencies all met for dep_context=requeueable deps ti=<TaskInstance: demo_dag_for_alerting_final_1.skip_run scheduled__2024-06-25T12:53:00+00:00 [queued]>
[2024-06-25T12:54:03.653+0000] {taskinstance.py:2306} INFO - Starting attempt 1 of 6
[2024-06-25T12:54:03.671+0000] {taskinstance.py:2330} INFO - Executing <Task(PythonOperator): skip_run> on 2024-06-25 12:53:00+00:00
[2024-06-25T12:54:03.676+0000] {warnings.py:110} WARNING - /home/***/.local/lib/python3.12/site-packages/***/task/task_runner/standard_task_runner.py:61: DeprecationWarning: This process (pid=1805) is multi-threaded, use of fork() may lead to deadlocks in the child.
  pid = os.fork()

[2024-06-25T12:54:03.677+0000] {standard_task_runner.py:63} INFO - Started process 1806 to run task
[2024-06-25T12:54:03.677+0000] {standard_task_runner.py:90} INFO - Running: ['***', 'tasks', 'run', 'demo_dag_for_alerting_final_1', 'skip_run', 'scheduled__2024-06-25T12:53:00+00:00', '--job-id', '3911', '--raw', '--subdir', 'DAGS_FOLDER/demo_dag_for_alerting.py', '--cfg-path', '/tmp/tmp2h6f78xp']
[2024-06-25T12:54:03.678+0000] {standard_task_runner.py:91} INFO - Job 3911: Subtask skip_run
[2024-06-25T12:54:03.717+0000] {task_command.py:426} INFO - Running <TaskInstance: demo_dag_for_alerting_final_1.skip_run scheduled__2024-06-25T12:53:00+00:00 [running]> on host ced2311e92d2
[2024-06-25T12:54:03.801+0000] {taskinstance.py:2648} INFO - Exporting env vars: AIRFLOW_CTX_DAG_OWNER='***' AIRFLOW_CTX_DAG_ID='demo_dag_for_alerting_final_1' AIRFLOW_CTX_TASK_ID='skip_run' AIRFLOW_CTX_EXECUTION_DATE='2024-06-25T12:53:00+00:00' AIRFLOW_CTX_TRY_NUMBER='1' AIRFLOW_CTX_DAG_RUN_ID='scheduled__2024-06-25T12:53:00+00:00'
[2024-06-25T12:54:03.802+0000] {taskinstance.py:430} INFO - ::endgroup::
[2024-06-25T12:54:03.814+0000] {helper_functions.py:147} INFO - The DAG demo_dag_for_alerting_final_1 was skipped at 2024-06-25 12:54:03.813997

[2024-06-25T12:54:03.814+0000] {python.py:237} INFO - Done. Returned value was: None
[2024-06-25T12:54:03.814+0000] {taskinstance.py:441} INFO - ::group::Post task execution logs
[2024-06-25T12:54:03.822+0000] {taskinstance.py:1206} INFO - Marking task as SUCCESS. dag_id=demo_dag_for_alerting_final_1, task_id=skip_run, run_id=scheduled__2024-06-25T12:53:00+00:00, execution_date=20240625T125300, start_date=20240625T125403, end_date=20240625T125403
[2024-06-25T12:54:03.850+0000] {local_task_job_runner.py:240} INFO - Task exited with return code 0
[2024-06-25T12:54:03.868+0000] {taskinstance.py:3498} INFO - 0 downstream tasks scheduled from follow-on schedule check
[2024-06-25T12:54:03.869+0000] {local_task_job_runner.py:222} INFO - ::endgroup::
