[2024-06-27T13:04:37.305+0000] {local_task_job_runner.py:120} INFO - ::group::Pre task execution logs
[2024-06-27T13:04:37.348+0000] {taskinstance.py:2076} INFO - Dependencies all met for dep_context=non-requeueable deps ti=<TaskInstance: demo_dag_for_alerting_apis_final.skipped_due_to_data_unavailability scheduled__2024-06-27T13:00:00+00:00 [queued]>
[2024-06-27T13:04:37.368+0000] {taskinstance.py:2076} INFO - Dependencies all met for dep_context=requeueable deps ti=<TaskInstance: demo_dag_for_alerting_apis_final.skipped_due_to_data_unavailability scheduled__2024-06-27T13:00:00+00:00 [queued]>
[2024-06-27T13:04:37.368+0000] {taskinstance.py:2306} INFO - Starting attempt 2 of 6
[2024-06-27T13:04:37.400+0000] {taskinstance.py:2330} INFO - Executing <Task(PythonOperator): skipped_due_to_data_unavailability> on 2024-06-27 13:00:00+00:00
[2024-06-27T13:04:37.412+0000] {warnings.py:110} WARNING - /home/***/.local/lib/python3.12/site-packages/***/task/task_runner/standard_task_runner.py:61: DeprecationWarning: This process (pid=4771) is multi-threaded, use of fork() may lead to deadlocks in the child.
  pid = os.fork()

[2024-06-27T13:04:37.414+0000] {standard_task_runner.py:63} INFO - Started process 4775 to run task
[2024-06-27T13:04:37.415+0000] {standard_task_runner.py:90} INFO - Running: ['***', 'tasks', 'run', 'demo_dag_for_alerting_apis_final', 'skipped_due_to_data_unavailability', 'scheduled__2024-06-27T13:00:00+00:00', '--job-id', '4749', '--raw', '--subdir', 'DAGS_FOLDER/demo_dag_for_alerting_apis.py', '--cfg-path', '/tmp/tmpx6155lsr']
[2024-06-27T13:04:37.416+0000] {standard_task_runner.py:91} INFO - Job 4749: Subtask skipped_due_to_data_unavailability
[2024-06-27T13:04:37.492+0000] {task_command.py:426} INFO - Running <TaskInstance: demo_dag_for_alerting_apis_final.skipped_due_to_data_unavailability scheduled__2024-06-27T13:00:00+00:00 [running]> on host eeacb89bcfc1
[2024-06-27T13:04:37.654+0000] {taskinstance.py:2648} INFO - Exporting env vars: AIRFLOW_CTX_DAG_OWNER='***' AIRFLOW_CTX_DAG_ID='demo_dag_for_alerting_apis_final' AIRFLOW_CTX_TASK_ID='skipped_due_to_data_unavailability' AIRFLOW_CTX_EXECUTION_DATE='2024-06-27T13:00:00+00:00' AIRFLOW_CTX_TRY_NUMBER='2' AIRFLOW_CTX_DAG_RUN_ID='scheduled__2024-06-27T13:00:00+00:00'
[2024-06-27T13:04:37.656+0000] {taskinstance.py:430} INFO - ::endgroup::
[2024-06-27T13:04:38.031+0000] {helper_functions.py:240} INFO - []
[2024-06-27T13:04:38.031+0000] {helper_functions.py:248} INFO - []
[2024-06-27T13:04:38.033+0000] {python.py:237} INFO - Done. Returned value was: None
[2024-06-27T13:04:38.033+0000] {taskinstance.py:441} INFO - ::group::Post task execution logs
[2024-06-27T13:04:38.047+0000] {taskinstance.py:1206} INFO - Marking task as SUCCESS. dag_id=demo_dag_for_alerting_apis_final, task_id=skipped_due_to_data_unavailability, run_id=scheduled__2024-06-27T13:00:00+00:00, execution_date=20240627T130000, start_date=20240627T130437, end_date=20240627T130438
[2024-06-27T13:04:38.077+0000] {local_task_job_runner.py:240} INFO - Task exited with return code 0
[2024-06-27T13:04:38.101+0000] {taskinstance.py:3498} INFO - 0 downstream tasks scheduled from follow-on schedule check
[2024-06-27T13:04:38.103+0000] {local_task_job_runner.py:222} INFO - ::endgroup::
