[2024-06-28T10:18:05.882+0000] {local_task_job_runner.py:120} INFO - ::group::Pre task execution logs
[2024-06-28T10:18:05.909+0000] {taskinstance.py:2076} INFO - Dependencies all met for dep_context=non-requeueable deps ti=<TaskInstance: demo_dag_for_alerting_final.check_data_in_stream scheduled__2024-06-28T10:17:00+00:00 [queued]>
[2024-06-28T10:18:05.920+0000] {taskinstance.py:2076} INFO - Dependencies all met for dep_context=requeueable deps ti=<TaskInstance: demo_dag_for_alerting_final.check_data_in_stream scheduled__2024-06-28T10:17:00+00:00 [queued]>
[2024-06-28T10:18:05.921+0000] {taskinstance.py:2306} INFO - Starting attempt 1 of 6
[2024-06-28T10:18:05.939+0000] {taskinstance.py:2330} INFO - Executing <Task(BranchPythonOperator): check_data_in_stream> on 2024-06-28 10:17:00+00:00
[2024-06-28T10:18:05.945+0000] {warnings.py:110} WARNING - /home/***/.local/lib/python3.12/site-packages/***/task/task_runner/standard_task_runner.py:61: DeprecationWarning: This process (pid=297) is multi-threaded, use of fork() may lead to deadlocks in the child.
  pid = os.fork()

[2024-06-28T10:18:05.946+0000] {standard_task_runner.py:63} INFO - Started process 299 to run task
[2024-06-28T10:18:05.947+0000] {standard_task_runner.py:90} INFO - Running: ['***', 'tasks', 'run', 'demo_dag_for_alerting_final', 'check_data_in_stream', 'scheduled__2024-06-28T10:17:00+00:00', '--job-id', '4989', '--raw', '--subdir', 'DAGS_FOLDER/demo_dag_for_alerting.py', '--cfg-path', '/tmp/tmpehujp_cj']
[2024-06-28T10:18:05.948+0000] {standard_task_runner.py:91} INFO - Job 4989: Subtask check_data_in_stream
[2024-06-28T10:18:06.003+0000] {task_command.py:426} INFO - Running <TaskInstance: demo_dag_for_alerting_final.check_data_in_stream scheduled__2024-06-28T10:17:00+00:00 [running]> on host 2552e7b36400
[2024-06-28T10:18:06.111+0000] {taskinstance.py:2648} INFO - Exporting env vars: AIRFLOW_CTX_DAG_OWNER='***' AIRFLOW_CTX_DAG_ID='demo_dag_for_alerting_final' AIRFLOW_CTX_TASK_ID='check_data_in_stream' AIRFLOW_CTX_EXECUTION_DATE='2024-06-28T10:17:00+00:00' AIRFLOW_CTX_TRY_NUMBER='1' AIRFLOW_CTX_DAG_RUN_ID='scheduled__2024-06-28T10:17:00+00:00'
[2024-06-28T10:18:06.112+0000] {taskinstance.py:430} INFO - ::endgroup::
[2024-06-28T10:18:06.127+0000] {baseoperator.py:399} WARNING - BranchPythonOperator.execute cannot be called outside TaskInstance!
[2024-06-28T10:18:06.127+0000] {helper_functions.py:145} INFO - Reading encrypted details from ('/opt/***/dags/postgres_connection.py', '/opt/***/dags/***_api_configuration.py')
[2024-06-28T10:18:06.133+0000] {helper_functions.py:148} INFO - Decrypted postgres connection: {'user': '***', 'password': '***', 'dbname': '***', 'host': '172.240.3.3', 'port': '5432'}
[2024-06-28T10:18:06.137+0000] {helper_functions.py:108} INFO - Executing create table SQL
[2024-06-28T10:18:06.138+0000] {helper_functions.py:112} INFO - Checking existing record for dag_id and task_id
[2024-06-28T10:18:06.140+0000] {helper_functions.py:118} INFO - Updating skip count for demo_dag_for_alerting_final - check_data_in_stream
[2024-06-28T10:18:06.144+0000] {python.py:237} INFO - Done. Returned value was: skipped_due_to_data_unavailability
[2024-06-28T10:18:06.145+0000] {branch.py:36} INFO - Branch into skipped_due_to_data_unavailability
[2024-06-28T10:18:06.145+0000] {skipmixin.py:178} INFO - Following branch skipped_due_to_data_unavailability
[2024-06-28T10:18:06.166+0000] {skipmixin.py:246} INFO - Skipping tasks [('insert_new_record_into_audit_table', -1)]
[2024-06-28T10:18:06.193+0000] {taskinstance.py:441} INFO - ::group::Post task execution logs
[2024-06-28T10:18:06.218+0000] {taskinstance.py:1206} INFO - Marking task as SUCCESS. dag_id=demo_dag_for_alerting_final, task_id=check_data_in_stream, run_id=scheduled__2024-06-28T10:17:00+00:00, execution_date=20240628T101700, start_date=20240628T101805, end_date=20240628T101806
[2024-06-28T10:18:06.240+0000] {local_task_job_runner.py:240} INFO - Task exited with return code 0
[2024-06-28T10:18:06.279+0000] {taskinstance.py:3498} INFO - 1 downstream tasks scheduled from follow-on schedule check
[2024-06-28T10:18:06.282+0000] {local_task_job_runner.py:222} INFO - ::endgroup::
