[2024-06-24T09:31:06.906+0000] {local_task_job_runner.py:120} INFO - ::group::Pre task execution logs
[2024-06-24T09:31:06.942+0000] {taskinstance.py:2076} INFO - Dependencies all met for dep_context=non-requeueable deps ti=<TaskInstance: demo_dag_for_alerting_apis_final.skipped_due_to_data_unavailability scheduled__2024-06-24T09:30:00+00:00 [queued]>
[2024-06-24T09:31:06.955+0000] {taskinstance.py:2076} INFO - Dependencies all met for dep_context=requeueable deps ti=<TaskInstance: demo_dag_for_alerting_apis_final.skipped_due_to_data_unavailability scheduled__2024-06-24T09:30:00+00:00 [queued]>
[2024-06-24T09:31:06.956+0000] {taskinstance.py:2306} INFO - Starting attempt 1 of 6
[2024-06-24T09:31:06.974+0000] {taskinstance.py:2330} INFO - Executing <Task(PythonOperator): skipped_due_to_data_unavailability> on 2024-06-24 09:30:00+00:00
[2024-06-24T09:31:06.982+0000] {warnings.py:110} WARNING - /home/***/.local/lib/python3.12/site-packages/***/task/task_runner/standard_task_runner.py:61: DeprecationWarning: This process (pid=1824) is multi-threaded, use of fork() may lead to deadlocks in the child.
  pid = os.fork()

[2024-06-24T09:31:06.983+0000] {standard_task_runner.py:63} INFO - Started process 1827 to run task
[2024-06-24T09:31:06.984+0000] {standard_task_runner.py:90} INFO - Running: ['***', 'tasks', 'run', 'demo_dag_for_alerting_apis_final', 'skipped_due_to_data_unavailability', 'scheduled__2024-06-24T09:30:00+00:00', '--job-id', '3471', '--raw', '--subdir', 'DAGS_FOLDER/demo_dag_for_alerting_apis.py', '--cfg-path', '/tmp/tmpg1z2_ixx']
[2024-06-24T09:31:06.986+0000] {standard_task_runner.py:91} INFO - Job 3471: Subtask skipped_due_to_data_unavailability
[2024-06-24T09:31:07.053+0000] {task_command.py:426} INFO - Running <TaskInstance: demo_dag_for_alerting_apis_final.skipped_due_to_data_unavailability scheduled__2024-06-24T09:30:00+00:00 [running]> on host bf895605831d
[2024-06-24T09:31:07.181+0000] {taskinstance.py:2648} INFO - Exporting env vars: AIRFLOW_CTX_DAG_OWNER='***' AIRFLOW_CTX_DAG_ID='demo_dag_for_alerting_apis_final' AIRFLOW_CTX_TASK_ID='skipped_due_to_data_unavailability' AIRFLOW_CTX_EXECUTION_DATE='2024-06-24T09:30:00+00:00' AIRFLOW_CTX_TRY_NUMBER='1' AIRFLOW_CTX_DAG_RUN_ID='scheduled__2024-06-24T09:30:00+00:00'
[2024-06-24T09:31:07.182+0000] {taskinstance.py:430} INFO - ::endgroup::
[2024-06-24T09:31:07.415+0000] {helper_functions.py:152} INFO - ['scheduled__2024-06-24T09:29:00+00:00', 'scheduled__2024-06-24T06:22:00+00:00']
[2024-06-24T09:31:07.824+0000] {helper_functions.py:162} INFO - ['skipped', 'skipped']
[2024-06-24T09:31:07.824+0000] {python.py:237} INFO - Done. Returned value was: None
[2024-06-24T09:31:07.825+0000] {taskinstance.py:441} INFO - ::group::Post task execution logs
[2024-06-24T09:31:07.834+0000] {taskinstance.py:1206} INFO - Marking task as SUCCESS. dag_id=demo_dag_for_alerting_apis_final, task_id=skipped_due_to_data_unavailability, run_id=scheduled__2024-06-24T09:30:00+00:00, execution_date=20240624T093000, start_date=20240624T093106, end_date=20240624T093107
[2024-06-24T09:31:07.880+0000] {local_task_job_runner.py:240} INFO - Task exited with return code 0
[2024-06-24T09:31:07.903+0000] {taskinstance.py:3498} INFO - 0 downstream tasks scheduled from follow-on schedule check
[2024-06-24T09:31:07.906+0000] {local_task_job_runner.py:222} INFO - ::endgroup::
