[2024-06-24T06:16:30.751+0000] {local_task_job_runner.py:120} INFO - ::group::Pre task execution logs
[2024-06-24T06:16:30.893+0000] {taskinstance.py:2076} INFO - Dependencies all met for dep_context=non-requeueable deps ti=<TaskInstance: demo_dag_for_alerting_final_1.check_previous_run_status manual__2024-06-24T06:10:41.348502+00:00 [queued]>
[2024-06-24T06:16:30.957+0000] {taskinstance.py:2076} INFO - Dependencies all met for dep_context=requeueable deps ti=<TaskInstance: demo_dag_for_alerting_final_1.check_previous_run_status manual__2024-06-24T06:10:41.348502+00:00 [queued]>
[2024-06-24T06:16:30.958+0000] {taskinstance.py:2306} INFO - Starting attempt 2 of 6
[2024-06-24T06:16:31.086+0000] {taskinstance.py:2330} INFO - Executing <Task(BranchPythonOperator): check_previous_run_status> on 2024-06-24 06:10:41.348502+00:00
[2024-06-24T06:16:31.105+0000] {warnings.py:110} WARNING - /home/***/.local/lib/python3.12/site-packages/***/task/task_runner/standard_task_runner.py:61: DeprecationWarning: This process (pid=96) is multi-threaded, use of fork() may lead to deadlocks in the child.
  pid = os.fork()

[2024-06-24T06:16:31.107+0000] {standard_task_runner.py:63} INFO - Started process 104 to run task
[2024-06-24T06:16:31.120+0000] {standard_task_runner.py:90} INFO - Running: ['***', 'tasks', 'run', 'demo_dag_for_alerting_final_1', 'check_previous_run_status', 'manual__2024-06-24T06:10:41.348502+00:00', '--job-id', '3307', '--raw', '--subdir', 'DAGS_FOLDER/demo_dag_for_alerting.py', '--cfg-path', '/tmp/tmp664jrkg6']
[2024-06-24T06:16:31.121+0000] {standard_task_runner.py:91} INFO - Job 3307: Subtask check_previous_run_status
[2024-06-24T06:16:31.378+0000] {task_command.py:426} INFO - Running <TaskInstance: demo_dag_for_alerting_final_1.check_previous_run_status manual__2024-06-24T06:10:41.348502+00:00 [running]> on host bf895605831d
[2024-06-24T06:16:31.860+0000] {taskinstance.py:2648} INFO - Exporting env vars: AIRFLOW_CTX_DAG_OWNER='***' AIRFLOW_CTX_DAG_ID='demo_dag_for_alerting_final_1' AIRFLOW_CTX_TASK_ID='check_previous_run_status' AIRFLOW_CTX_EXECUTION_DATE='2024-06-24T06:10:41.348502+00:00' AIRFLOW_CTX_TRY_NUMBER='2' AIRFLOW_CTX_DAG_RUN_ID='manual__2024-06-24T06:10:41.348502+00:00'
[2024-06-24T06:16:31.861+0000] {taskinstance.py:430} INFO - ::endgroup::
[2024-06-24T06:16:31.899+0000] {baseoperator.py:399} WARNING - BranchPythonOperator.execute cannot be called outside TaskInstance!
[2024-06-24T06:16:31.944+0000] {python.py:237} INFO - Done. Returned value was: start_run
[2024-06-24T06:16:31.944+0000] {branch.py:36} INFO - Branch into start_run
[2024-06-24T06:16:31.945+0000] {skipmixin.py:178} INFO - Following branch start_run
[2024-06-24T06:16:32.014+0000] {skipmixin.py:246} INFO - Skipping tasks [('skip_run', -1)]
[2024-06-24T06:16:32.085+0000] {taskinstance.py:441} INFO - ::group::Post task execution logs
[2024-06-24T06:16:32.155+0000] {taskinstance.py:1206} INFO - Marking task as SUCCESS. dag_id=demo_dag_for_alerting_final_1, task_id=check_previous_run_status, run_id=manual__2024-06-24T06:10:41.348502+00:00, execution_date=20240624T061041, start_date=20240624T061630, end_date=20240624T061632
[2024-06-24T06:16:32.222+0000] {local_task_job_runner.py:240} INFO - Task exited with return code 0
[2024-06-24T06:16:32.392+0000] {taskinstance.py:3498} INFO - 0 downstream tasks scheduled from follow-on schedule check
[2024-06-24T06:16:32.400+0000] {local_task_job_runner.py:222} INFO - ::endgroup::
