[2024-06-12T05:34:58.749+0000] {local_task_job_runner.py:120} INFO - ::group::Pre task execution logs
[2024-06-12T05:34:58.775+0000] {taskinstance.py:2076} INFO - Dependencies all met for dep_context=non-requeueable deps ti=<TaskInstance: create_postgres_table_dag.create_table manual__2024-06-12T05:34:57.759771+00:00 [queued]>
[2024-06-12T05:34:58.783+0000] {taskinstance.py:2076} INFO - Dependencies all met for dep_context=requeueable deps ti=<TaskInstance: create_postgres_table_dag.create_table manual__2024-06-12T05:34:57.759771+00:00 [queued]>
[2024-06-12T05:34:58.783+0000] {taskinstance.py:2306} INFO - Starting attempt 1 of 6
[2024-06-12T05:34:58.798+0000] {taskinstance.py:2330} INFO - Executing <Task(PythonOperator): create_table> on 2024-06-12 05:34:57.759771+00:00
[2024-06-12T05:34:58.804+0000] {warnings.py:110} WARNING - /home/***/.local/lib/python3.12/site-packages/***/task/task_runner/standard_task_runner.py:61: DeprecationWarning: This process (pid=530) is multi-threaded, use of fork() may lead to deadlocks in the child.
  pid = os.fork()

[2024-06-12T05:34:58.805+0000] {standard_task_runner.py:63} INFO - Started process 531 to run task
[2024-06-12T05:34:58.806+0000] {standard_task_runner.py:90} INFO - Running: ['***', 'tasks', 'run', 'create_postgres_table_dag', 'create_table', 'manual__2024-06-12T05:34:57.759771+00:00', '--job-id', '107', '--raw', '--subdir', 'DAGS_FOLDER/create_postgres_table_dag.py', '--cfg-path', '/tmp/tmpuxu90z9j']
[2024-06-12T05:34:58.807+0000] {standard_task_runner.py:91} INFO - Job 107: Subtask create_table
[2024-06-12T05:34:58.849+0000] {task_command.py:426} INFO - Running <TaskInstance: create_postgres_table_dag.create_table manual__2024-06-12T05:34:57.759771+00:00 [running]> on host 7bea3768514b
[2024-06-12T05:34:58.953+0000] {taskinstance.py:2648} INFO - Exporting env vars: AIRFLOW_CTX_DAG_OWNER='***' AIRFLOW_CTX_DAG_ID='create_postgres_table_dag' AIRFLOW_CTX_TASK_ID='create_table' AIRFLOW_CTX_EXECUTION_DATE='2024-06-12T05:34:57.759771+00:00' AIRFLOW_CTX_TRY_NUMBER='1' AIRFLOW_CTX_DAG_RUN_ID='manual__2024-06-12T05:34:57.759771+00:00'
[2024-06-12T05:34:58.954+0000] {taskinstance.py:430} INFO - ::endgroup::
[2024-06-12T05:34:58.977+0000] {base.py:84} INFO - Using connection ID 'postgres_conn' for task execution.
[2024-06-12T05:34:58.981+0000] {sql.py:470} INFO - Running statement: 
    CREATE TABLE IF NOT EXISTS vaild_data (
        id SERIAL PRIMARY KEY,
        name VARCHAR(255) NOT NULL,
        email VARCHAR(255) NOT NULL,
        date TIMESTAMP NOT NULL
    );
    , parameters: None
[2024-06-12T05:34:58.991+0000] {python.py:237} INFO - Done. Returned value was: None
[2024-06-12T05:34:58.992+0000] {taskinstance.py:441} INFO - ::group::Post task execution logs
[2024-06-12T05:34:59.001+0000] {taskinstance.py:1206} INFO - Marking task as SUCCESS. dag_id=create_postgres_table_dag, task_id=create_table, run_id=manual__2024-06-12T05:34:57.759771+00:00, execution_date=20240612T053457, start_date=20240612T053458, end_date=20240612T053459
[2024-06-12T05:34:59.019+0000] {local_task_job_runner.py:240} INFO - Task exited with return code 0
[2024-06-12T05:34:59.037+0000] {taskinstance.py:3498} INFO - 0 downstream tasks scheduled from follow-on schedule check
[2024-06-12T05:34:59.039+0000] {local_task_job_runner.py:222} INFO - ::endgroup::
