[2024-06-12T04:45:28.998+0000] {processor.py:161} INFO - Started process (PID=30) to work on /opt/airflow/dags/process_txt_to_postgres_dag.py
[2024-06-12T04:45:28.999+0000] {processor.py:830} INFO - Processing file /opt/airflow/dags/process_txt_to_postgres_dag.py for tasks to queue
[2024-06-12T04:45:29.001+0000] {logging_mixin.py:188} INFO - [2024-06-12T04:45:29.000+0000] {dagbag.py:545} INFO - Filling up the DagBag from /opt/airflow/dags/process_txt_to_postgres_dag.py
[2024-06-12T04:45:29.037+0000] {processor.py:840} INFO - DAG(s) 'process_txt_to_postgres_dag' retrieved from /opt/airflow/dags/process_txt_to_postgres_dag.py
[2024-06-12T04:45:29.088+0000] {logging_mixin.py:188} INFO - [2024-06-12T04:45:29.087+0000] {dag.py:3096} INFO - Sync 1 DAGs
[2024-06-12T04:45:29.125+0000] {logging_mixin.py:188} INFO - [2024-06-12T04:45:29.124+0000] {dag.py:3954} INFO - Setting next_dagrun for process_txt_to_postgres_dag to 2024-06-12 00:00:00+00:00, run_after=2024-06-13 00:00:00+00:00
[2024-06-12T04:45:29.154+0000] {processor.py:183} INFO - Processing /opt/airflow/dags/process_txt_to_postgres_dag.py took 0.162 seconds
[2024-06-12T04:45:59.839+0000] {processor.py:161} INFO - Started process (PID=42) to work on /opt/airflow/dags/process_txt_to_postgres_dag.py
[2024-06-12T04:45:59.843+0000] {processor.py:830} INFO - Processing file /opt/airflow/dags/process_txt_to_postgres_dag.py for tasks to queue
[2024-06-12T04:45:59.844+0000] {logging_mixin.py:188} INFO - [2024-06-12T04:45:59.844+0000] {dagbag.py:545} INFO - Filling up the DagBag from /opt/airflow/dags/process_txt_to_postgres_dag.py
[2024-06-12T04:45:59.869+0000] {processor.py:840} INFO - DAG(s) 'process_txt_to_postgres_dag' retrieved from /opt/airflow/dags/process_txt_to_postgres_dag.py
[2024-06-12T04:45:59.890+0000] {logging_mixin.py:188} INFO - [2024-06-12T04:45:59.889+0000] {dag.py:3096} INFO - Sync 1 DAGs
[2024-06-12T04:45:59.909+0000] {logging_mixin.py:188} INFO - [2024-06-12T04:45:59.909+0000] {dag.py:3954} INFO - Setting next_dagrun for process_txt_to_postgres_dag to 2024-06-12 00:00:00+00:00, run_after=2024-06-13 00:00:00+00:00
[2024-06-12T04:45:59.925+0000] {processor.py:183} INFO - Processing /opt/airflow/dags/process_txt_to_postgres_dag.py took 0.092 seconds
[2024-06-12T04:46:30.048+0000] {processor.py:161} INFO - Started process (PID=50) to work on /opt/airflow/dags/process_txt_to_postgres_dag.py
[2024-06-12T04:46:30.049+0000] {processor.py:830} INFO - Processing file /opt/airflow/dags/process_txt_to_postgres_dag.py for tasks to queue
[2024-06-12T04:46:30.050+0000] {logging_mixin.py:188} INFO - [2024-06-12T04:46:30.050+0000] {dagbag.py:545} INFO - Filling up the DagBag from /opt/airflow/dags/process_txt_to_postgres_dag.py
[2024-06-12T04:46:30.076+0000] {processor.py:840} INFO - DAG(s) 'process_txt_to_postgres_dag' retrieved from /opt/airflow/dags/process_txt_to_postgres_dag.py
[2024-06-12T04:46:30.098+0000] {logging_mixin.py:188} INFO - [2024-06-12T04:46:30.098+0000] {dag.py:3096} INFO - Sync 1 DAGs
[2024-06-12T04:46:30.118+0000] {logging_mixin.py:188} INFO - [2024-06-12T04:46:30.117+0000] {dag.py:3954} INFO - Setting next_dagrun for process_txt_to_postgres_dag to 2024-06-12 00:00:00+00:00, run_after=2024-06-13 00:00:00+00:00
[2024-06-12T04:46:30.134+0000] {processor.py:183} INFO - Processing /opt/airflow/dags/process_txt_to_postgres_dag.py took 0.091 seconds
[2024-06-12T04:47:00.297+0000] {processor.py:161} INFO - Started process (PID=62) to work on /opt/airflow/dags/process_txt_to_postgres_dag.py
[2024-06-12T04:47:00.301+0000] {processor.py:830} INFO - Processing file /opt/airflow/dags/process_txt_to_postgres_dag.py for tasks to queue
[2024-06-12T04:47:00.302+0000] {logging_mixin.py:188} INFO - [2024-06-12T04:47:00.302+0000] {dagbag.py:545} INFO - Filling up the DagBag from /opt/airflow/dags/process_txt_to_postgres_dag.py
[2024-06-12T04:47:00.327+0000] {processor.py:840} INFO - DAG(s) 'process_txt_to_postgres_dag' retrieved from /opt/airflow/dags/process_txt_to_postgres_dag.py
[2024-06-12T04:47:00.355+0000] {logging_mixin.py:188} INFO - [2024-06-12T04:47:00.355+0000] {dag.py:3096} INFO - Sync 1 DAGs
[2024-06-12T04:47:00.376+0000] {logging_mixin.py:188} INFO - [2024-06-12T04:47:00.375+0000] {dag.py:3954} INFO - Setting next_dagrun for process_txt_to_postgres_dag to 2024-06-12 00:00:00+00:00, run_after=2024-06-13 00:00:00+00:00
[2024-06-12T04:47:00.393+0000] {processor.py:183} INFO - Processing /opt/airflow/dags/process_txt_to_postgres_dag.py took 0.102 seconds
[2024-06-12T04:47:30.514+0000] {processor.py:161} INFO - Started process (PID=70) to work on /opt/airflow/dags/process_txt_to_postgres_dag.py
[2024-06-12T04:47:30.517+0000] {processor.py:830} INFO - Processing file /opt/airflow/dags/process_txt_to_postgres_dag.py for tasks to queue
[2024-06-12T04:47:30.519+0000] {logging_mixin.py:188} INFO - [2024-06-12T04:47:30.518+0000] {dagbag.py:545} INFO - Filling up the DagBag from /opt/airflow/dags/process_txt_to_postgres_dag.py
[2024-06-12T04:47:30.551+0000] {processor.py:840} INFO - DAG(s) 'process_txt_to_postgres_dag' retrieved from /opt/airflow/dags/process_txt_to_postgres_dag.py
[2024-06-12T04:47:30.579+0000] {logging_mixin.py:188} INFO - [2024-06-12T04:47:30.578+0000] {dag.py:3096} INFO - Sync 1 DAGs
[2024-06-12T04:47:30.604+0000] {logging_mixin.py:188} INFO - [2024-06-12T04:47:30.603+0000] {dag.py:3954} INFO - Setting next_dagrun for process_txt_to_postgres_dag to 2024-06-12 00:00:00+00:00, run_after=2024-06-13 00:00:00+00:00
[2024-06-12T04:47:30.619+0000] {processor.py:183} INFO - Processing /opt/airflow/dags/process_txt_to_postgres_dag.py took 0.111 seconds
[2024-06-12T04:48:00.765+0000] {processor.py:161} INFO - Started process (PID=82) to work on /opt/airflow/dags/process_txt_to_postgres_dag.py
[2024-06-12T04:48:00.769+0000] {processor.py:830} INFO - Processing file /opt/airflow/dags/process_txt_to_postgres_dag.py for tasks to queue
[2024-06-12T04:48:00.771+0000] {logging_mixin.py:188} INFO - [2024-06-12T04:48:00.770+0000] {dagbag.py:545} INFO - Filling up the DagBag from /opt/airflow/dags/process_txt_to_postgres_dag.py
[2024-06-12T04:48:00.808+0000] {processor.py:840} INFO - DAG(s) 'process_txt_to_postgres_dag' retrieved from /opt/airflow/dags/process_txt_to_postgres_dag.py
[2024-06-12T04:48:00.831+0000] {logging_mixin.py:188} INFO - [2024-06-12T04:48:00.831+0000] {dag.py:3096} INFO - Sync 1 DAGs
[2024-06-12T04:48:00.852+0000] {logging_mixin.py:188} INFO - [2024-06-12T04:48:00.852+0000] {dag.py:3954} INFO - Setting next_dagrun for process_txt_to_postgres_dag to 2024-06-12 00:00:00+00:00, run_after=2024-06-13 00:00:00+00:00
[2024-06-12T04:48:00.868+0000] {processor.py:183} INFO - Processing /opt/airflow/dags/process_txt_to_postgres_dag.py took 0.110 seconds
[2024-06-12T04:48:28.951+0000] {processor.py:161} INFO - Started process (PID=89) to work on /opt/airflow/dags/process_txt_to_postgres_dag.py
[2024-06-12T04:48:28.952+0000] {processor.py:830} INFO - Processing file /opt/airflow/dags/process_txt_to_postgres_dag.py for tasks to queue
[2024-06-12T04:48:28.953+0000] {logging_mixin.py:188} INFO - [2024-06-12T04:48:28.953+0000] {dagbag.py:545} INFO - Filling up the DagBag from /opt/airflow/dags/process_txt_to_postgres_dag.py
[2024-06-12T04:48:28.954+0000] {logging_mixin.py:188} INFO - [2024-06-12T04:48:28.954+0000] {dagbag.py:334} INFO - File /opt/airflow/dags/process_txt_to_postgres_dag.py assumed to contain no DAGs. Skipping.
[2024-06-12T04:48:28.955+0000] {processor.py:842} WARNING - No viable dags retrieved from /opt/airflow/dags/process_txt_to_postgres_dag.py
[2024-06-12T04:48:28.967+0000] {processor.py:183} INFO - Processing /opt/airflow/dags/process_txt_to_postgres_dag.py took 0.020 seconds
