[2024-06-11T17:01:05.777+0000] {processor.py:161} INFO - Started process (PID=91) to work on /opt/airflow/dags/create_table.py
[2024-06-11T17:01:05.778+0000] {processor.py:830} INFO - Processing file /opt/airflow/dags/create_table.py for tasks to queue
[2024-06-11T17:01:05.779+0000] {logging_mixin.py:188} INFO - [2024-06-11T17:01:05.779+0000] {dagbag.py:545} INFO - Filling up the DagBag from /opt/airflow/dags/create_table.py
[2024-06-11T17:01:05.903+0000] {processor.py:840} INFO - DAG(s) 'create_postgres_table_dag' retrieved from /opt/airflow/dags/create_table.py
[2024-06-11T17:01:06.130+0000] {logging_mixin.py:188} INFO - [2024-06-11T17:01:06.129+0000] {override.py:1829} INFO - Created Permission View: can read on DAG:create_postgres_table_dag
[2024-06-11T17:01:06.138+0000] {logging_mixin.py:188} INFO - [2024-06-11T17:01:06.138+0000] {override.py:1829} INFO - Created Permission View: can edit on DAG:create_postgres_table_dag
[2024-06-11T17:01:06.144+0000] {logging_mixin.py:188} INFO - [2024-06-11T17:01:06.144+0000] {override.py:1829} INFO - Created Permission View: can delete on DAG:create_postgres_table_dag
[2024-06-11T17:01:06.144+0000] {logging_mixin.py:188} INFO - [2024-06-11T17:01:06.144+0000] {dag.py:3096} INFO - Sync 1 DAGs
[2024-06-11T17:01:06.154+0000] {logging_mixin.py:188} INFO - [2024-06-11T17:01:06.154+0000] {dag.py:3118} INFO - Creating ORM DAG for create_postgres_table_dag
[2024-06-11T17:01:06.162+0000] {logging_mixin.py:188} INFO - [2024-06-11T17:01:06.162+0000] {dag.py:3954} INFO - Setting next_dagrun for create_postgres_table_dag to 2024-06-10 00:00:00+00:00, run_after=2024-06-11 00:00:00+00:00
[2024-06-11T17:01:06.176+0000] {processor.py:183} INFO - Processing /opt/airflow/dags/create_table.py took 0.405 seconds
[2024-06-11T17:01:36.357+0000] {processor.py:161} INFO - Started process (PID=98) to work on /opt/airflow/dags/create_table.py
[2024-06-11T17:01:36.361+0000] {processor.py:830} INFO - Processing file /opt/airflow/dags/create_table.py for tasks to queue
[2024-06-11T17:01:36.362+0000] {logging_mixin.py:188} INFO - [2024-06-11T17:01:36.362+0000] {dagbag.py:545} INFO - Filling up the DagBag from /opt/airflow/dags/create_table.py
[2024-06-11T17:01:36.400+0000] {processor.py:840} INFO - DAG(s) 'create_postgres_table_dag' retrieved from /opt/airflow/dags/create_table.py
[2024-06-11T17:01:36.435+0000] {logging_mixin.py:188} INFO - [2024-06-11T17:01:36.434+0000] {dag.py:3096} INFO - Sync 1 DAGs
[2024-06-11T17:01:36.465+0000] {logging_mixin.py:188} INFO - [2024-06-11T17:01:36.464+0000] {dag.py:3954} INFO - Setting next_dagrun for create_postgres_table_dag to 2024-06-11 00:00:00+00:00, run_after=2024-06-12 00:00:00+00:00
[2024-06-11T17:01:36.486+0000] {processor.py:183} INFO - Processing /opt/airflow/dags/create_table.py took 0.134 seconds
[2024-06-11T17:02:06.550+0000] {processor.py:161} INFO - Started process (PID=105) to work on /opt/airflow/dags/create_table.py
[2024-06-11T17:02:06.555+0000] {processor.py:830} INFO - Processing file /opt/airflow/dags/create_table.py for tasks to queue
[2024-06-11T17:02:06.559+0000] {logging_mixin.py:188} INFO - [2024-06-11T17:02:06.558+0000] {dagbag.py:545} INFO - Filling up the DagBag from /opt/airflow/dags/create_table.py
[2024-06-11T17:02:06.591+0000] {processor.py:840} INFO - DAG(s) 'create_postgres_table_dag' retrieved from /opt/airflow/dags/create_table.py
[2024-06-11T17:02:06.619+0000] {logging_mixin.py:188} INFO - [2024-06-11T17:02:06.619+0000] {dag.py:3096} INFO - Sync 1 DAGs
[2024-06-11T17:02:06.641+0000] {logging_mixin.py:188} INFO - [2024-06-11T17:02:06.641+0000] {dag.py:3954} INFO - Setting next_dagrun for create_postgres_table_dag to 2024-06-11 00:00:00+00:00, run_after=2024-06-12 00:00:00+00:00
[2024-06-11T17:02:06.659+0000] {processor.py:183} INFO - Processing /opt/airflow/dags/create_table.py took 0.130 seconds
[2024-06-11T17:02:36.758+0000] {processor.py:161} INFO - Started process (PID=112) to work on /opt/airflow/dags/create_table.py
[2024-06-11T17:02:36.761+0000] {processor.py:830} INFO - Processing file /opt/airflow/dags/create_table.py for tasks to queue
[2024-06-11T17:02:36.764+0000] {logging_mixin.py:188} INFO - [2024-06-11T17:02:36.763+0000] {dagbag.py:545} INFO - Filling up the DagBag from /opt/airflow/dags/create_table.py
[2024-06-11T17:02:36.808+0000] {processor.py:840} INFO - DAG(s) 'create_postgres_table_dag' retrieved from /opt/airflow/dags/create_table.py
[2024-06-11T17:02:36.831+0000] {logging_mixin.py:188} INFO - [2024-06-11T17:02:36.830+0000] {dag.py:3096} INFO - Sync 1 DAGs
[2024-06-11T17:02:36.852+0000] {logging_mixin.py:188} INFO - [2024-06-11T17:02:36.852+0000] {dag.py:3954} INFO - Setting next_dagrun for create_postgres_table_dag to 2024-06-11 00:00:00+00:00, run_after=2024-06-12 00:00:00+00:00
[2024-06-11T17:02:36.868+0000] {processor.py:183} INFO - Processing /opt/airflow/dags/create_table.py took 0.129 seconds
[2024-06-11T17:03:07.085+0000] {processor.py:161} INFO - Started process (PID=119) to work on /opt/airflow/dags/create_table.py
[2024-06-11T17:03:07.088+0000] {processor.py:830} INFO - Processing file /opt/airflow/dags/create_table.py for tasks to queue
[2024-06-11T17:03:07.091+0000] {logging_mixin.py:188} INFO - [2024-06-11T17:03:07.090+0000] {dagbag.py:545} INFO - Filling up the DagBag from /opt/airflow/dags/create_table.py
[2024-06-11T17:03:07.122+0000] {processor.py:840} INFO - DAG(s) 'create_postgres_table_dag' retrieved from /opt/airflow/dags/create_table.py
[2024-06-11T17:03:07.147+0000] {logging_mixin.py:188} INFO - [2024-06-11T17:03:07.147+0000] {dag.py:3096} INFO - Sync 1 DAGs
[2024-06-11T17:03:07.171+0000] {logging_mixin.py:188} INFO - [2024-06-11T17:03:07.171+0000] {dag.py:3954} INFO - Setting next_dagrun for create_postgres_table_dag to 2024-06-11 00:00:00+00:00, run_after=2024-06-12 00:00:00+00:00
[2024-06-11T17:03:07.188+0000] {processor.py:183} INFO - Processing /opt/airflow/dags/create_table.py took 0.121 seconds
[2024-06-11T17:03:37.305+0000] {processor.py:161} INFO - Started process (PID=125) to work on /opt/airflow/dags/create_table.py
[2024-06-11T17:03:37.307+0000] {processor.py:830} INFO - Processing file /opt/airflow/dags/create_table.py for tasks to queue
[2024-06-11T17:03:37.309+0000] {logging_mixin.py:188} INFO - [2024-06-11T17:03:37.309+0000] {dagbag.py:545} INFO - Filling up the DagBag from /opt/airflow/dags/create_table.py
[2024-06-11T17:03:37.337+0000] {processor.py:840} INFO - DAG(s) 'create_postgres_table_dag' retrieved from /opt/airflow/dags/create_table.py
[2024-06-11T17:03:37.358+0000] {logging_mixin.py:188} INFO - [2024-06-11T17:03:37.358+0000] {dag.py:3096} INFO - Sync 1 DAGs
[2024-06-11T17:03:37.378+0000] {logging_mixin.py:188} INFO - [2024-06-11T17:03:37.378+0000] {dag.py:3954} INFO - Setting next_dagrun for create_postgres_table_dag to 2024-06-11 00:00:00+00:00, run_after=2024-06-12 00:00:00+00:00
[2024-06-11T17:03:37.395+0000] {processor.py:183} INFO - Processing /opt/airflow/dags/create_table.py took 0.107 seconds
[2024-06-11T17:04:07.503+0000] {processor.py:161} INFO - Started process (PID=132) to work on /opt/airflow/dags/create_table.py
[2024-06-11T17:04:07.509+0000] {processor.py:830} INFO - Processing file /opt/airflow/dags/create_table.py for tasks to queue
[2024-06-11T17:04:07.512+0000] {logging_mixin.py:188} INFO - [2024-06-11T17:04:07.511+0000] {dagbag.py:545} INFO - Filling up the DagBag from /opt/airflow/dags/create_table.py
[2024-06-11T17:04:07.547+0000] {processor.py:840} INFO - DAG(s) 'create_postgres_table_dag' retrieved from /opt/airflow/dags/create_table.py
[2024-06-11T17:04:07.573+0000] {logging_mixin.py:188} INFO - [2024-06-11T17:04:07.573+0000] {dag.py:3096} INFO - Sync 1 DAGs
[2024-06-11T17:04:07.599+0000] {logging_mixin.py:188} INFO - [2024-06-11T17:04:07.598+0000] {dag.py:3954} INFO - Setting next_dagrun for create_postgres_table_dag to 2024-06-11 00:00:00+00:00, run_after=2024-06-12 00:00:00+00:00
[2024-06-11T17:04:07.616+0000] {processor.py:183} INFO - Processing /opt/airflow/dags/create_table.py took 0.125 seconds
[2024-06-11T17:04:37.782+0000] {processor.py:161} INFO - Started process (PID=139) to work on /opt/airflow/dags/create_table.py
[2024-06-11T17:04:37.786+0000] {processor.py:830} INFO - Processing file /opt/airflow/dags/create_table.py for tasks to queue
[2024-06-11T17:04:37.790+0000] {logging_mixin.py:188} INFO - [2024-06-11T17:04:37.789+0000] {dagbag.py:545} INFO - Filling up the DagBag from /opt/airflow/dags/create_table.py
[2024-06-11T17:04:37.821+0000] {processor.py:840} INFO - DAG(s) 'create_postgres_table_dag' retrieved from /opt/airflow/dags/create_table.py
[2024-06-11T17:04:37.845+0000] {logging_mixin.py:188} INFO - [2024-06-11T17:04:37.845+0000] {dag.py:3096} INFO - Sync 1 DAGs
[2024-06-11T17:04:37.869+0000] {logging_mixin.py:188} INFO - [2024-06-11T17:04:37.868+0000] {dag.py:3954} INFO - Setting next_dagrun for create_postgres_table_dag to 2024-06-11 00:00:00+00:00, run_after=2024-06-12 00:00:00+00:00
[2024-06-11T17:04:37.888+0000] {processor.py:183} INFO - Processing /opt/airflow/dags/create_table.py took 0.123 seconds
[2024-06-11T17:05:08.020+0000] {processor.py:161} INFO - Started process (PID=146) to work on /opt/airflow/dags/create_table.py
[2024-06-11T17:05:08.021+0000] {processor.py:830} INFO - Processing file /opt/airflow/dags/create_table.py for tasks to queue
[2024-06-11T17:05:08.022+0000] {logging_mixin.py:188} INFO - [2024-06-11T17:05:08.022+0000] {dagbag.py:545} INFO - Filling up the DagBag from /opt/airflow/dags/create_table.py
[2024-06-11T17:05:08.046+0000] {processor.py:840} INFO - DAG(s) 'create_postgres_table_dag' retrieved from /opt/airflow/dags/create_table.py
[2024-06-11T17:05:08.072+0000] {logging_mixin.py:188} INFO - [2024-06-11T17:05:08.072+0000] {dag.py:3096} INFO - Sync 1 DAGs
[2024-06-11T17:05:08.094+0000] {logging_mixin.py:188} INFO - [2024-06-11T17:05:08.093+0000] {dag.py:3954} INFO - Setting next_dagrun for create_postgres_table_dag to 2024-06-11 00:00:00+00:00, run_after=2024-06-12 00:00:00+00:00
[2024-06-11T17:05:08.115+0000] {processor.py:183} INFO - Processing /opt/airflow/dags/create_table.py took 0.101 seconds
[2024-06-11T17:05:38.281+0000] {processor.py:161} INFO - Started process (PID=153) to work on /opt/airflow/dags/create_table.py
[2024-06-11T17:05:38.285+0000] {processor.py:830} INFO - Processing file /opt/airflow/dags/create_table.py for tasks to queue
[2024-06-11T17:05:38.287+0000] {logging_mixin.py:188} INFO - [2024-06-11T17:05:38.287+0000] {dagbag.py:545} INFO - Filling up the DagBag from /opt/airflow/dags/create_table.py
[2024-06-11T17:05:38.316+0000] {processor.py:840} INFO - DAG(s) 'create_postgres_table_dag' retrieved from /opt/airflow/dags/create_table.py
[2024-06-11T17:05:38.339+0000] {logging_mixin.py:188} INFO - [2024-06-11T17:05:38.339+0000] {dag.py:3096} INFO - Sync 1 DAGs
[2024-06-11T17:05:38.360+0000] {logging_mixin.py:188} INFO - [2024-06-11T17:05:38.360+0000] {dag.py:3954} INFO - Setting next_dagrun for create_postgres_table_dag to 2024-06-11 00:00:00+00:00, run_after=2024-06-12 00:00:00+00:00
[2024-06-11T17:05:38.379+0000] {processor.py:183} INFO - Processing /opt/airflow/dags/create_table.py took 0.103 seconds
[2024-06-11T17:06:08.440+0000] {processor.py:161} INFO - Started process (PID=159) to work on /opt/airflow/dags/create_table.py
[2024-06-11T17:06:08.444+0000] {processor.py:830} INFO - Processing file /opt/airflow/dags/create_table.py for tasks to queue
[2024-06-11T17:06:08.445+0000] {logging_mixin.py:188} INFO - [2024-06-11T17:06:08.445+0000] {dagbag.py:545} INFO - Filling up the DagBag from /opt/airflow/dags/create_table.py
[2024-06-11T17:06:08.471+0000] {processor.py:840} INFO - DAG(s) 'create_postgres_table_dag' retrieved from /opt/airflow/dags/create_table.py
[2024-06-11T17:06:08.493+0000] {logging_mixin.py:188} INFO - [2024-06-11T17:06:08.493+0000] {dag.py:3096} INFO - Sync 1 DAGs
[2024-06-11T17:06:08.513+0000] {logging_mixin.py:188} INFO - [2024-06-11T17:06:08.513+0000] {dag.py:3954} INFO - Setting next_dagrun for create_postgres_table_dag to 2024-06-11 00:00:00+00:00, run_after=2024-06-12 00:00:00+00:00
[2024-06-11T17:06:08.529+0000] {processor.py:183} INFO - Processing /opt/airflow/dags/create_table.py took 0.095 seconds
[2024-06-11T17:06:38.743+0000] {processor.py:161} INFO - Started process (PID=166) to work on /opt/airflow/dags/create_table.py
[2024-06-11T17:06:38.748+0000] {processor.py:830} INFO - Processing file /opt/airflow/dags/create_table.py for tasks to queue
[2024-06-11T17:06:38.750+0000] {logging_mixin.py:188} INFO - [2024-06-11T17:06:38.750+0000] {dagbag.py:545} INFO - Filling up the DagBag from /opt/airflow/dags/create_table.py
[2024-06-11T17:06:38.782+0000] {processor.py:840} INFO - DAG(s) 'create_postgres_table_dag' retrieved from /opt/airflow/dags/create_table.py
[2024-06-11T17:06:38.807+0000] {logging_mixin.py:188} INFO - [2024-06-11T17:06:38.807+0000] {dag.py:3096} INFO - Sync 1 DAGs
[2024-06-11T17:06:38.832+0000] {logging_mixin.py:188} INFO - [2024-06-11T17:06:38.832+0000] {dag.py:3954} INFO - Setting next_dagrun for create_postgres_table_dag to 2024-06-11 00:00:00+00:00, run_after=2024-06-12 00:00:00+00:00
[2024-06-11T17:06:38.853+0000] {processor.py:183} INFO - Processing /opt/airflow/dags/create_table.py took 0.120 seconds
[2024-06-11T17:07:08.958+0000] {processor.py:161} INFO - Started process (PID=173) to work on /opt/airflow/dags/create_table.py
[2024-06-11T17:07:08.963+0000] {processor.py:830} INFO - Processing file /opt/airflow/dags/create_table.py for tasks to queue
[2024-06-11T17:07:08.966+0000] {logging_mixin.py:188} INFO - [2024-06-11T17:07:08.966+0000] {dagbag.py:545} INFO - Filling up the DagBag from /opt/airflow/dags/create_table.py
[2024-06-11T17:07:09.001+0000] {processor.py:840} INFO - DAG(s) 'create_postgres_table_dag' retrieved from /opt/airflow/dags/create_table.py
[2024-06-11T17:07:09.027+0000] {logging_mixin.py:188} INFO - [2024-06-11T17:07:09.026+0000] {dag.py:3096} INFO - Sync 1 DAGs
[2024-06-11T17:07:09.052+0000] {logging_mixin.py:188} INFO - [2024-06-11T17:07:09.052+0000] {dag.py:3954} INFO - Setting next_dagrun for create_postgres_table_dag to 2024-06-11 00:00:00+00:00, run_after=2024-06-12 00:00:00+00:00
[2024-06-11T17:07:09.072+0000] {processor.py:183} INFO - Processing /opt/airflow/dags/create_table.py took 0.127 seconds
[2024-06-11T17:07:39.237+0000] {processor.py:161} INFO - Started process (PID=179) to work on /opt/airflow/dags/create_table.py
[2024-06-11T17:07:39.239+0000] {processor.py:830} INFO - Processing file /opt/airflow/dags/create_table.py for tasks to queue
[2024-06-11T17:07:39.243+0000] {logging_mixin.py:188} INFO - [2024-06-11T17:07:39.242+0000] {dagbag.py:545} INFO - Filling up the DagBag from /opt/airflow/dags/create_table.py
[2024-06-11T17:07:39.282+0000] {processor.py:840} INFO - DAG(s) 'create_postgres_table_dag' retrieved from /opt/airflow/dags/create_table.py
[2024-06-11T17:07:39.313+0000] {logging_mixin.py:188} INFO - [2024-06-11T17:07:39.313+0000] {dag.py:3096} INFO - Sync 1 DAGs
[2024-06-11T17:07:39.340+0000] {logging_mixin.py:188} INFO - [2024-06-11T17:07:39.339+0000] {dag.py:3954} INFO - Setting next_dagrun for create_postgres_table_dag to 2024-06-11 00:00:00+00:00, run_after=2024-06-12 00:00:00+00:00
[2024-06-11T17:07:39.363+0000] {processor.py:183} INFO - Processing /opt/airflow/dags/create_table.py took 0.145 seconds
[2024-06-11T17:08:09.401+0000] {processor.py:161} INFO - Started process (PID=186) to work on /opt/airflow/dags/create_table.py
[2024-06-11T17:08:09.401+0000] {processor.py:830} INFO - Processing file /opt/airflow/dags/create_table.py for tasks to queue
[2024-06-11T17:08:09.403+0000] {logging_mixin.py:188} INFO - [2024-06-11T17:08:09.402+0000] {dagbag.py:545} INFO - Filling up the DagBag from /opt/airflow/dags/create_table.py
[2024-06-11T17:08:09.428+0000] {processor.py:840} INFO - DAG(s) 'create_postgres_table_dag' retrieved from /opt/airflow/dags/create_table.py
[2024-06-11T17:08:09.451+0000] {logging_mixin.py:188} INFO - [2024-06-11T17:08:09.451+0000] {dag.py:3096} INFO - Sync 1 DAGs
[2024-06-11T17:08:09.474+0000] {logging_mixin.py:188} INFO - [2024-06-11T17:08:09.473+0000] {dag.py:3954} INFO - Setting next_dagrun for create_postgres_table_dag to 2024-06-11 00:00:00+00:00, run_after=2024-06-12 00:00:00+00:00
[2024-06-11T17:08:09.494+0000] {processor.py:183} INFO - Processing /opt/airflow/dags/create_table.py took 0.098 seconds
[2024-06-11T17:08:39.749+0000] {processor.py:161} INFO - Started process (PID=193) to work on /opt/airflow/dags/create_table.py
[2024-06-11T17:08:39.751+0000] {processor.py:830} INFO - Processing file /opt/airflow/dags/create_table.py for tasks to queue
[2024-06-11T17:08:39.755+0000] {logging_mixin.py:188} INFO - [2024-06-11T17:08:39.755+0000] {dagbag.py:545} INFO - Filling up the DagBag from /opt/airflow/dags/create_table.py
[2024-06-11T17:08:39.788+0000] {processor.py:840} INFO - DAG(s) 'create_postgres_table_dag' retrieved from /opt/airflow/dags/create_table.py
[2024-06-11T17:08:39.814+0000] {logging_mixin.py:188} INFO - [2024-06-11T17:08:39.813+0000] {dag.py:3096} INFO - Sync 1 DAGs
[2024-06-11T17:08:39.834+0000] {logging_mixin.py:188} INFO - [2024-06-11T17:08:39.834+0000] {dag.py:3954} INFO - Setting next_dagrun for create_postgres_table_dag to 2024-06-11 00:00:00+00:00, run_after=2024-06-12 00:00:00+00:00
[2024-06-11T17:08:39.851+0000] {processor.py:183} INFO - Processing /opt/airflow/dags/create_table.py took 0.121 seconds
[2024-06-11T17:09:09.983+0000] {processor.py:161} INFO - Started process (PID=200) to work on /opt/airflow/dags/create_table.py
[2024-06-11T17:09:09.987+0000] {processor.py:830} INFO - Processing file /opt/airflow/dags/create_table.py for tasks to queue
[2024-06-11T17:09:09.991+0000] {logging_mixin.py:188} INFO - [2024-06-11T17:09:09.990+0000] {dagbag.py:545} INFO - Filling up the DagBag from /opt/airflow/dags/create_table.py
[2024-06-11T17:09:10.032+0000] {processor.py:840} INFO - DAG(s) 'create_postgres_table_dag' retrieved from /opt/airflow/dags/create_table.py
[2024-06-11T17:09:10.058+0000] {logging_mixin.py:188} INFO - [2024-06-11T17:09:10.057+0000] {dag.py:3096} INFO - Sync 1 DAGs
[2024-06-11T17:09:10.079+0000] {logging_mixin.py:188} INFO - [2024-06-11T17:09:10.079+0000] {dag.py:3954} INFO - Setting next_dagrun for create_postgres_table_dag to 2024-06-11 00:00:00+00:00, run_after=2024-06-12 00:00:00+00:00
[2024-06-11T17:09:10.096+0000] {processor.py:183} INFO - Processing /opt/airflow/dags/create_table.py took 0.133 seconds
[2024-06-11T17:09:40.284+0000] {processor.py:161} INFO - Started process (PID=207) to work on /opt/airflow/dags/create_table.py
[2024-06-11T17:09:40.289+0000] {processor.py:830} INFO - Processing file /opt/airflow/dags/create_table.py for tasks to queue
[2024-06-11T17:09:40.291+0000] {logging_mixin.py:188} INFO - [2024-06-11T17:09:40.291+0000] {dagbag.py:545} INFO - Filling up the DagBag from /opt/airflow/dags/create_table.py
[2024-06-11T17:09:40.324+0000] {processor.py:840} INFO - DAG(s) 'create_postgres_table_dag' retrieved from /opt/airflow/dags/create_table.py
[2024-06-11T17:09:40.349+0000] {logging_mixin.py:188} INFO - [2024-06-11T17:09:40.348+0000] {dag.py:3096} INFO - Sync 1 DAGs
[2024-06-11T17:09:40.373+0000] {logging_mixin.py:188} INFO - [2024-06-11T17:09:40.373+0000] {dag.py:3954} INFO - Setting next_dagrun for create_postgres_table_dag to 2024-06-11 00:00:00+00:00, run_after=2024-06-12 00:00:00+00:00
[2024-06-11T17:09:40.392+0000] {processor.py:183} INFO - Processing /opt/airflow/dags/create_table.py took 0.129 seconds
[2024-06-11T17:10:10.445+0000] {processor.py:161} INFO - Started process (PID=214) to work on /opt/airflow/dags/create_table.py
[2024-06-11T17:10:10.449+0000] {processor.py:830} INFO - Processing file /opt/airflow/dags/create_table.py for tasks to queue
[2024-06-11T17:10:10.455+0000] {logging_mixin.py:188} INFO - [2024-06-11T17:10:10.454+0000] {dagbag.py:545} INFO - Filling up the DagBag from /opt/airflow/dags/create_table.py
[2024-06-11T17:10:10.502+0000] {processor.py:840} INFO - DAG(s) 'create_postgres_table_dag' retrieved from /opt/airflow/dags/create_table.py
[2024-06-11T17:10:10.527+0000] {logging_mixin.py:188} INFO - [2024-06-11T17:10:10.527+0000] {dag.py:3096} INFO - Sync 1 DAGs
[2024-06-11T17:10:10.549+0000] {logging_mixin.py:188} INFO - [2024-06-11T17:10:10.549+0000] {dag.py:3954} INFO - Setting next_dagrun for create_postgres_table_dag to 2024-06-11 00:00:00+00:00, run_after=2024-06-12 00:00:00+00:00
[2024-06-11T17:10:10.566+0000] {processor.py:183} INFO - Processing /opt/airflow/dags/create_table.py took 0.127 seconds
[2024-06-11T17:10:40.764+0000] {processor.py:161} INFO - Started process (PID=221) to work on /opt/airflow/dags/create_table.py
[2024-06-11T17:10:40.769+0000] {processor.py:830} INFO - Processing file /opt/airflow/dags/create_table.py for tasks to queue
[2024-06-11T17:10:40.773+0000] {logging_mixin.py:188} INFO - [2024-06-11T17:10:40.773+0000] {dagbag.py:545} INFO - Filling up the DagBag from /opt/airflow/dags/create_table.py
[2024-06-11T17:10:40.816+0000] {processor.py:840} INFO - DAG(s) 'create_postgres_table_dag' retrieved from /opt/airflow/dags/create_table.py
[2024-06-11T17:10:40.838+0000] {logging_mixin.py:188} INFO - [2024-06-11T17:10:40.837+0000] {dag.py:3096} INFO - Sync 1 DAGs
[2024-06-11T17:10:40.858+0000] {logging_mixin.py:188} INFO - [2024-06-11T17:10:40.858+0000] {dag.py:3954} INFO - Setting next_dagrun for create_postgres_table_dag to 2024-06-11 00:00:00+00:00, run_after=2024-06-12 00:00:00+00:00
[2024-06-11T17:10:40.873+0000] {processor.py:183} INFO - Processing /opt/airflow/dags/create_table.py took 0.126 seconds
[2024-06-11T17:11:10.980+0000] {processor.py:161} INFO - Started process (PID=228) to work on /opt/airflow/dags/create_table.py
[2024-06-11T17:11:10.983+0000] {processor.py:830} INFO - Processing file /opt/airflow/dags/create_table.py for tasks to queue
[2024-06-11T17:11:10.986+0000] {logging_mixin.py:188} INFO - [2024-06-11T17:11:10.985+0000] {dagbag.py:545} INFO - Filling up the DagBag from /opt/airflow/dags/create_table.py
[2024-06-11T17:11:11.016+0000] {processor.py:840} INFO - DAG(s) 'create_postgres_table_dag' retrieved from /opt/airflow/dags/create_table.py
[2024-06-11T17:11:11.045+0000] {logging_mixin.py:188} INFO - [2024-06-11T17:11:11.044+0000] {dag.py:3096} INFO - Sync 1 DAGs
[2024-06-11T17:11:11.067+0000] {logging_mixin.py:188} INFO - [2024-06-11T17:11:11.067+0000] {dag.py:3954} INFO - Setting next_dagrun for create_postgres_table_dag to 2024-06-11 00:00:00+00:00, run_after=2024-06-12 00:00:00+00:00
[2024-06-11T17:11:11.087+0000] {processor.py:183} INFO - Processing /opt/airflow/dags/create_table.py took 0.114 seconds
[2024-06-11T17:11:41.250+0000] {processor.py:161} INFO - Started process (PID=235) to work on /opt/airflow/dags/create_table.py
[2024-06-11T17:11:41.253+0000] {processor.py:830} INFO - Processing file /opt/airflow/dags/create_table.py for tasks to queue
[2024-06-11T17:11:41.255+0000] {logging_mixin.py:188} INFO - [2024-06-11T17:11:41.254+0000] {dagbag.py:545} INFO - Filling up the DagBag from /opt/airflow/dags/create_table.py
[2024-06-11T17:11:41.275+0000] {processor.py:840} INFO - DAG(s) 'create_postgres_table_dag' retrieved from /opt/airflow/dags/create_table.py
[2024-06-11T17:11:41.296+0000] {logging_mixin.py:188} INFO - [2024-06-11T17:11:41.296+0000] {dag.py:3096} INFO - Sync 1 DAGs
[2024-06-11T17:11:41.317+0000] {logging_mixin.py:188} INFO - [2024-06-11T17:11:41.316+0000] {dag.py:3954} INFO - Setting next_dagrun for create_postgres_table_dag to 2024-06-11 00:00:00+00:00, run_after=2024-06-12 00:00:00+00:00
[2024-06-11T17:11:41.333+0000] {processor.py:183} INFO - Processing /opt/airflow/dags/create_table.py took 0.087 seconds
[2024-06-11T17:12:11.418+0000] {processor.py:161} INFO - Started process (PID=242) to work on /opt/airflow/dags/create_table.py
[2024-06-11T17:12:11.420+0000] {processor.py:830} INFO - Processing file /opt/airflow/dags/create_table.py for tasks to queue
[2024-06-11T17:12:11.421+0000] {logging_mixin.py:188} INFO - [2024-06-11T17:12:11.421+0000] {dagbag.py:545} INFO - Filling up the DagBag from /opt/airflow/dags/create_table.py
[2024-06-11T17:12:11.442+0000] {processor.py:840} INFO - DAG(s) 'create_postgres_table_dag' retrieved from /opt/airflow/dags/create_table.py
[2024-06-11T17:12:11.464+0000] {logging_mixin.py:188} INFO - [2024-06-11T17:12:11.464+0000] {dag.py:3096} INFO - Sync 1 DAGs
[2024-06-11T17:12:11.485+0000] {logging_mixin.py:188} INFO - [2024-06-11T17:12:11.485+0000] {dag.py:3954} INFO - Setting next_dagrun for create_postgres_table_dag to 2024-06-11 00:00:00+00:00, run_after=2024-06-12 00:00:00+00:00
[2024-06-11T17:12:11.502+0000] {processor.py:183} INFO - Processing /opt/airflow/dags/create_table.py took 0.088 seconds
[2024-06-11T17:12:41.638+0000] {processor.py:161} INFO - Started process (PID=250) to work on /opt/airflow/dags/create_table.py
[2024-06-11T17:12:41.643+0000] {processor.py:830} INFO - Processing file /opt/airflow/dags/create_table.py for tasks to queue
[2024-06-11T17:12:41.646+0000] {logging_mixin.py:188} INFO - [2024-06-11T17:12:41.645+0000] {dagbag.py:545} INFO - Filling up the DagBag from /opt/airflow/dags/create_table.py
[2024-06-11T17:12:41.677+0000] {processor.py:840} INFO - DAG(s) 'create_postgres_table_dag' retrieved from /opt/airflow/dags/create_table.py
[2024-06-11T17:12:41.703+0000] {logging_mixin.py:188} INFO - [2024-06-11T17:12:41.703+0000] {dag.py:3096} INFO - Sync 1 DAGs
[2024-06-11T17:12:41.724+0000] {logging_mixin.py:188} INFO - [2024-06-11T17:12:41.724+0000] {dag.py:3954} INFO - Setting next_dagrun for create_postgres_table_dag to 2024-06-11 00:00:00+00:00, run_after=2024-06-12 00:00:00+00:00
[2024-06-11T17:12:41.740+0000] {processor.py:183} INFO - Processing /opt/airflow/dags/create_table.py took 0.118 seconds
[2024-06-11T17:13:11.875+0000] {processor.py:161} INFO - Started process (PID=257) to work on /opt/airflow/dags/create_table.py
[2024-06-11T17:13:11.876+0000] {processor.py:830} INFO - Processing file /opt/airflow/dags/create_table.py for tasks to queue
[2024-06-11T17:13:11.879+0000] {logging_mixin.py:188} INFO - [2024-06-11T17:13:11.878+0000] {dagbag.py:545} INFO - Filling up the DagBag from /opt/airflow/dags/create_table.py
[2024-06-11T17:13:11.913+0000] {processor.py:840} INFO - DAG(s) 'create_postgres_table_dag' retrieved from /opt/airflow/dags/create_table.py
[2024-06-11T17:13:11.933+0000] {logging_mixin.py:188} INFO - [2024-06-11T17:13:11.933+0000] {dag.py:3096} INFO - Sync 1 DAGs
[2024-06-11T17:13:11.955+0000] {logging_mixin.py:188} INFO - [2024-06-11T17:13:11.954+0000] {dag.py:3954} INFO - Setting next_dagrun for create_postgres_table_dag to 2024-06-11 00:00:00+00:00, run_after=2024-06-12 00:00:00+00:00
[2024-06-11T17:13:11.971+0000] {processor.py:183} INFO - Processing /opt/airflow/dags/create_table.py took 0.105 seconds
[2024-06-11T17:13:42.153+0000] {processor.py:161} INFO - Started process (PID=264) to work on /opt/airflow/dags/create_table.py
[2024-06-11T17:13:42.158+0000] {processor.py:830} INFO - Processing file /opt/airflow/dags/create_table.py for tasks to queue
[2024-06-11T17:13:42.161+0000] {logging_mixin.py:188} INFO - [2024-06-11T17:13:42.161+0000] {dagbag.py:545} INFO - Filling up the DagBag from /opt/airflow/dags/create_table.py
[2024-06-11T17:13:42.191+0000] {processor.py:840} INFO - DAG(s) 'create_postgres_table_dag' retrieved from /opt/airflow/dags/create_table.py
[2024-06-11T17:13:42.213+0000] {logging_mixin.py:188} INFO - [2024-06-11T17:13:42.213+0000] {dag.py:3096} INFO - Sync 1 DAGs
[2024-06-11T17:13:42.234+0000] {logging_mixin.py:188} INFO - [2024-06-11T17:13:42.234+0000] {dag.py:3954} INFO - Setting next_dagrun for create_postgres_table_dag to 2024-06-11 00:00:00+00:00, run_after=2024-06-12 00:00:00+00:00
[2024-06-11T17:13:42.250+0000] {processor.py:183} INFO - Processing /opt/airflow/dags/create_table.py took 0.117 seconds
[2024-06-11T17:14:12.352+0000] {processor.py:161} INFO - Started process (PID=272) to work on /opt/airflow/dags/create_table.py
[2024-06-11T17:14:12.356+0000] {processor.py:830} INFO - Processing file /opt/airflow/dags/create_table.py for tasks to queue
[2024-06-11T17:14:12.357+0000] {logging_mixin.py:188} INFO - [2024-06-11T17:14:12.357+0000] {dagbag.py:545} INFO - Filling up the DagBag from /opt/airflow/dags/create_table.py
[2024-06-11T17:14:12.381+0000] {processor.py:840} INFO - DAG(s) 'create_postgres_table_dag' retrieved from /opt/airflow/dags/create_table.py
[2024-06-11T17:14:12.402+0000] {logging_mixin.py:188} INFO - [2024-06-11T17:14:12.402+0000] {dag.py:3096} INFO - Sync 1 DAGs
[2024-06-11T17:14:12.422+0000] {logging_mixin.py:188} INFO - [2024-06-11T17:14:12.421+0000] {dag.py:3954} INFO - Setting next_dagrun for create_postgres_table_dag to 2024-06-11 00:00:00+00:00, run_after=2024-06-12 00:00:00+00:00
[2024-06-11T17:14:12.438+0000] {processor.py:183} INFO - Processing /opt/airflow/dags/create_table.py took 0.092 seconds
[2024-06-11T17:14:42.558+0000] {processor.py:161} INFO - Started process (PID=279) to work on /opt/airflow/dags/create_table.py
[2024-06-11T17:14:42.563+0000] {processor.py:830} INFO - Processing file /opt/airflow/dags/create_table.py for tasks to queue
[2024-06-11T17:14:42.569+0000] {logging_mixin.py:188} INFO - [2024-06-11T17:14:42.567+0000] {dagbag.py:545} INFO - Filling up the DagBag from /opt/airflow/dags/create_table.py
[2024-06-11T17:14:42.613+0000] {processor.py:840} INFO - DAG(s) 'create_postgres_table_dag' retrieved from /opt/airflow/dags/create_table.py
[2024-06-11T17:14:42.635+0000] {logging_mixin.py:188} INFO - [2024-06-11T17:14:42.635+0000] {dag.py:3096} INFO - Sync 1 DAGs
[2024-06-11T17:14:42.655+0000] {logging_mixin.py:188} INFO - [2024-06-11T17:14:42.655+0000] {dag.py:3954} INFO - Setting next_dagrun for create_postgres_table_dag to 2024-06-11 00:00:00+00:00, run_after=2024-06-12 00:00:00+00:00
[2024-06-11T17:14:42.672+0000] {processor.py:183} INFO - Processing /opt/airflow/dags/create_table.py took 0.120 seconds
[2024-06-11T17:15:12.819+0000] {processor.py:161} INFO - Started process (PID=285) to work on /opt/airflow/dags/create_table.py
[2024-06-11T17:15:12.823+0000] {processor.py:830} INFO - Processing file /opt/airflow/dags/create_table.py for tasks to queue
[2024-06-11T17:15:12.828+0000] {logging_mixin.py:188} INFO - [2024-06-11T17:15:12.827+0000] {dagbag.py:545} INFO - Filling up the DagBag from /opt/airflow/dags/create_table.py
[2024-06-11T17:15:12.870+0000] {processor.py:840} INFO - DAG(s) 'create_postgres_table_dag' retrieved from /opt/airflow/dags/create_table.py
[2024-06-11T17:15:12.892+0000] {logging_mixin.py:188} INFO - [2024-06-11T17:15:12.891+0000] {dag.py:3096} INFO - Sync 1 DAGs
[2024-06-11T17:15:12.913+0000] {logging_mixin.py:188} INFO - [2024-06-11T17:15:12.913+0000] {dag.py:3954} INFO - Setting next_dagrun for create_postgres_table_dag to 2024-06-11 00:00:00+00:00, run_after=2024-06-12 00:00:00+00:00
[2024-06-11T17:15:12.929+0000] {processor.py:183} INFO - Processing /opt/airflow/dags/create_table.py took 0.117 seconds
[2024-06-11T17:15:43.072+0000] {processor.py:161} INFO - Started process (PID=291) to work on /opt/airflow/dags/create_table.py
[2024-06-11T17:15:43.076+0000] {processor.py:830} INFO - Processing file /opt/airflow/dags/create_table.py for tasks to queue
[2024-06-11T17:15:43.081+0000] {logging_mixin.py:188} INFO - [2024-06-11T17:15:43.080+0000] {dagbag.py:545} INFO - Filling up the DagBag from /opt/airflow/dags/create_table.py
[2024-06-11T17:15:43.126+0000] {processor.py:840} INFO - DAG(s) 'create_postgres_table_dag' retrieved from /opt/airflow/dags/create_table.py
[2024-06-11T17:15:43.148+0000] {logging_mixin.py:188} INFO - [2024-06-11T17:15:43.148+0000] {dag.py:3096} INFO - Sync 1 DAGs
[2024-06-11T17:15:43.173+0000] {logging_mixin.py:188} INFO - [2024-06-11T17:15:43.173+0000] {dag.py:3954} INFO - Setting next_dagrun for create_postgres_table_dag to 2024-06-11 00:00:00+00:00, run_after=2024-06-12 00:00:00+00:00
[2024-06-11T17:15:43.201+0000] {processor.py:183} INFO - Processing /opt/airflow/dags/create_table.py took 0.136 seconds
[2024-06-11T17:16:13.337+0000] {processor.py:161} INFO - Started process (PID=298) to work on /opt/airflow/dags/create_table.py
[2024-06-11T17:16:13.339+0000] {processor.py:830} INFO - Processing file /opt/airflow/dags/create_table.py for tasks to queue
[2024-06-11T17:16:13.341+0000] {logging_mixin.py:188} INFO - [2024-06-11T17:16:13.341+0000] {dagbag.py:545} INFO - Filling up the DagBag from /opt/airflow/dags/create_table.py
[2024-06-11T17:16:13.367+0000] {processor.py:840} INFO - DAG(s) 'create_postgres_table_dag' retrieved from /opt/airflow/dags/create_table.py
[2024-06-11T17:16:13.389+0000] {logging_mixin.py:188} INFO - [2024-06-11T17:16:13.389+0000] {dag.py:3096} INFO - Sync 1 DAGs
[2024-06-11T17:16:13.410+0000] {logging_mixin.py:188} INFO - [2024-06-11T17:16:13.410+0000] {dag.py:3954} INFO - Setting next_dagrun for create_postgres_table_dag to 2024-06-11 00:00:00+00:00, run_after=2024-06-12 00:00:00+00:00
[2024-06-11T17:16:13.425+0000] {processor.py:183} INFO - Processing /opt/airflow/dags/create_table.py took 0.101 seconds
[2024-06-11T17:16:43.475+0000] {processor.py:161} INFO - Started process (PID=305) to work on /opt/airflow/dags/create_table.py
[2024-06-11T17:16:43.479+0000] {processor.py:830} INFO - Processing file /opt/airflow/dags/create_table.py for tasks to queue
[2024-06-11T17:16:43.480+0000] {logging_mixin.py:188} INFO - [2024-06-11T17:16:43.480+0000] {dagbag.py:545} INFO - Filling up the DagBag from /opt/airflow/dags/create_table.py
[2024-06-11T17:16:43.513+0000] {processor.py:840} INFO - DAG(s) 'create_postgres_table_dag' retrieved from /opt/airflow/dags/create_table.py
[2024-06-11T17:16:43.536+0000] {logging_mixin.py:188} INFO - [2024-06-11T17:16:43.536+0000] {dag.py:3096} INFO - Sync 1 DAGs
[2024-06-11T17:16:43.559+0000] {logging_mixin.py:188} INFO - [2024-06-11T17:16:43.558+0000] {dag.py:3954} INFO - Setting next_dagrun for create_postgres_table_dag to 2024-06-11 00:00:00+00:00, run_after=2024-06-12 00:00:00+00:00
[2024-06-11T17:16:43.575+0000] {processor.py:183} INFO - Processing /opt/airflow/dags/create_table.py took 0.106 seconds
[2024-06-11T17:17:13.812+0000] {processor.py:161} INFO - Started process (PID=312) to work on /opt/airflow/dags/create_table.py
[2024-06-11T17:17:13.817+0000] {processor.py:830} INFO - Processing file /opt/airflow/dags/create_table.py for tasks to queue
[2024-06-11T17:17:13.822+0000] {logging_mixin.py:188} INFO - [2024-06-11T17:17:13.821+0000] {dagbag.py:545} INFO - Filling up the DagBag from /opt/airflow/dags/create_table.py
[2024-06-11T17:17:13.857+0000] {processor.py:840} INFO - DAG(s) 'create_postgres_table_dag' retrieved from /opt/airflow/dags/create_table.py
[2024-06-11T17:17:13.879+0000] {logging_mixin.py:188} INFO - [2024-06-11T17:17:13.879+0000] {dag.py:3096} INFO - Sync 1 DAGs
[2024-06-11T17:17:13.899+0000] {logging_mixin.py:188} INFO - [2024-06-11T17:17:13.899+0000] {dag.py:3954} INFO - Setting next_dagrun for create_postgres_table_dag to 2024-06-11 00:00:00+00:00, run_after=2024-06-12 00:00:00+00:00
[2024-06-11T17:17:13.914+0000] {processor.py:183} INFO - Processing /opt/airflow/dags/create_table.py took 0.119 seconds
[2024-06-11T17:17:44.006+0000] {processor.py:161} INFO - Started process (PID=319) to work on /opt/airflow/dags/create_table.py
[2024-06-11T17:17:44.010+0000] {processor.py:830} INFO - Processing file /opt/airflow/dags/create_table.py for tasks to queue
[2024-06-11T17:17:44.011+0000] {logging_mixin.py:188} INFO - [2024-06-11T17:17:44.011+0000] {dagbag.py:545} INFO - Filling up the DagBag from /opt/airflow/dags/create_table.py
[2024-06-11T17:17:44.032+0000] {processor.py:840} INFO - DAG(s) 'create_postgres_table_dag' retrieved from /opt/airflow/dags/create_table.py
[2024-06-11T17:17:44.053+0000] {logging_mixin.py:188} INFO - [2024-06-11T17:17:44.053+0000] {dag.py:3096} INFO - Sync 1 DAGs
[2024-06-11T17:17:44.073+0000] {logging_mixin.py:188} INFO - [2024-06-11T17:17:44.072+0000] {dag.py:3954} INFO - Setting next_dagrun for create_postgres_table_dag to 2024-06-11 00:00:00+00:00, run_after=2024-06-12 00:00:00+00:00
[2024-06-11T17:17:44.089+0000] {processor.py:183} INFO - Processing /opt/airflow/dags/create_table.py took 0.088 seconds
[2024-06-11T17:18:14.216+0000] {processor.py:161} INFO - Started process (PID=326) to work on /opt/airflow/dags/create_table.py
[2024-06-11T17:18:14.220+0000] {processor.py:830} INFO - Processing file /opt/airflow/dags/create_table.py for tasks to queue
[2024-06-11T17:18:14.222+0000] {logging_mixin.py:188} INFO - [2024-06-11T17:18:14.222+0000] {dagbag.py:545} INFO - Filling up the DagBag from /opt/airflow/dags/create_table.py
[2024-06-11T17:18:14.255+0000] {processor.py:840} INFO - DAG(s) 'create_postgres_table_dag' retrieved from /opt/airflow/dags/create_table.py
[2024-06-11T17:18:14.279+0000] {logging_mixin.py:188} INFO - [2024-06-11T17:18:14.278+0000] {dag.py:3096} INFO - Sync 1 DAGs
[2024-06-11T17:18:14.300+0000] {logging_mixin.py:188} INFO - [2024-06-11T17:18:14.300+0000] {dag.py:3954} INFO - Setting next_dagrun for create_postgres_table_dag to 2024-06-11 00:00:00+00:00, run_after=2024-06-12 00:00:00+00:00
[2024-06-11T17:18:14.315+0000] {processor.py:183} INFO - Processing /opt/airflow/dags/create_table.py took 0.107 seconds
[2024-06-11T17:18:44.499+0000] {processor.py:161} INFO - Started process (PID=333) to work on /opt/airflow/dags/create_table.py
[2024-06-11T17:18:44.500+0000] {processor.py:830} INFO - Processing file /opt/airflow/dags/create_table.py for tasks to queue
[2024-06-11T17:18:44.502+0000] {logging_mixin.py:188} INFO - [2024-06-11T17:18:44.501+0000] {dagbag.py:545} INFO - Filling up the DagBag from /opt/airflow/dags/create_table.py
[2024-06-11T17:18:44.522+0000] {processor.py:840} INFO - DAG(s) 'create_postgres_table_dag' retrieved from /opt/airflow/dags/create_table.py
[2024-06-11T17:18:44.541+0000] {logging_mixin.py:188} INFO - [2024-06-11T17:18:44.541+0000] {dag.py:3096} INFO - Sync 1 DAGs
[2024-06-11T17:18:44.559+0000] {logging_mixin.py:188} INFO - [2024-06-11T17:18:44.559+0000] {dag.py:3954} INFO - Setting next_dagrun for create_postgres_table_dag to 2024-06-11 00:00:00+00:00, run_after=2024-06-12 00:00:00+00:00
[2024-06-11T17:18:44.574+0000] {processor.py:183} INFO - Processing /opt/airflow/dags/create_table.py took 0.079 seconds
[2024-06-11T17:19:14.737+0000] {processor.py:161} INFO - Started process (PID=340) to work on /opt/airflow/dags/create_table.py
[2024-06-11T17:19:14.743+0000] {processor.py:830} INFO - Processing file /opt/airflow/dags/create_table.py for tasks to queue
[2024-06-11T17:19:14.748+0000] {logging_mixin.py:188} INFO - [2024-06-11T17:19:14.747+0000] {dagbag.py:545} INFO - Filling up the DagBag from /opt/airflow/dags/create_table.py
[2024-06-11T17:19:14.781+0000] {processor.py:840} INFO - DAG(s) 'create_postgres_table_dag' retrieved from /opt/airflow/dags/create_table.py
[2024-06-11T17:19:14.805+0000] {logging_mixin.py:188} INFO - [2024-06-11T17:19:14.804+0000] {dag.py:3096} INFO - Sync 1 DAGs
[2024-06-11T17:19:14.826+0000] {logging_mixin.py:188} INFO - [2024-06-11T17:19:14.826+0000] {dag.py:3954} INFO - Setting next_dagrun for create_postgres_table_dag to 2024-06-11 00:00:00+00:00, run_after=2024-06-12 00:00:00+00:00
[2024-06-11T17:19:14.843+0000] {processor.py:183} INFO - Processing /opt/airflow/dags/create_table.py took 0.124 seconds
[2024-06-11T17:19:44.998+0000] {processor.py:161} INFO - Started process (PID=347) to work on /opt/airflow/dags/create_table.py
[2024-06-11T17:19:45.000+0000] {processor.py:830} INFO - Processing file /opt/airflow/dags/create_table.py for tasks to queue
[2024-06-11T17:19:45.003+0000] {logging_mixin.py:188} INFO - [2024-06-11T17:19:45.003+0000] {dagbag.py:545} INFO - Filling up the DagBag from /opt/airflow/dags/create_table.py
[2024-06-11T17:19:45.032+0000] {processor.py:840} INFO - DAG(s) 'create_postgres_table_dag' retrieved from /opt/airflow/dags/create_table.py
[2024-06-11T17:19:45.055+0000] {logging_mixin.py:188} INFO - [2024-06-11T17:19:45.054+0000] {dag.py:3096} INFO - Sync 1 DAGs
[2024-06-11T17:19:45.076+0000] {logging_mixin.py:188} INFO - [2024-06-11T17:19:45.076+0000] {dag.py:3954} INFO - Setting next_dagrun for create_postgres_table_dag to 2024-06-11 00:00:00+00:00, run_after=2024-06-12 00:00:00+00:00
[2024-06-11T17:19:45.092+0000] {processor.py:183} INFO - Processing /opt/airflow/dags/create_table.py took 0.110 seconds
[2024-06-11T17:20:15.206+0000] {processor.py:161} INFO - Started process (PID=354) to work on /opt/airflow/dags/create_table.py
[2024-06-11T17:20:15.207+0000] {processor.py:830} INFO - Processing file /opt/airflow/dags/create_table.py for tasks to queue
[2024-06-11T17:20:15.210+0000] {logging_mixin.py:188} INFO - [2024-06-11T17:20:15.210+0000] {dagbag.py:545} INFO - Filling up the DagBag from /opt/airflow/dags/create_table.py
[2024-06-11T17:20:15.241+0000] {processor.py:840} INFO - DAG(s) 'create_postgres_table_dag' retrieved from /opt/airflow/dags/create_table.py
[2024-06-11T17:20:15.265+0000] {logging_mixin.py:188} INFO - [2024-06-11T17:20:15.264+0000] {dag.py:3096} INFO - Sync 1 DAGs
[2024-06-11T17:20:15.287+0000] {logging_mixin.py:188} INFO - [2024-06-11T17:20:15.286+0000] {dag.py:3954} INFO - Setting next_dagrun for create_postgres_table_dag to 2024-06-11 00:00:00+00:00, run_after=2024-06-12 00:00:00+00:00
[2024-06-11T17:20:15.304+0000] {processor.py:183} INFO - Processing /opt/airflow/dags/create_table.py took 0.107 seconds
[2024-06-11T17:20:45.490+0000] {processor.py:161} INFO - Started process (PID=361) to work on /opt/airflow/dags/create_table.py
[2024-06-11T17:20:45.494+0000] {processor.py:830} INFO - Processing file /opt/airflow/dags/create_table.py for tasks to queue
[2024-06-11T17:20:45.496+0000] {logging_mixin.py:188} INFO - [2024-06-11T17:20:45.496+0000] {dagbag.py:545} INFO - Filling up the DagBag from /opt/airflow/dags/create_table.py
[2024-06-11T17:20:45.530+0000] {processor.py:840} INFO - DAG(s) 'create_postgres_table_dag' retrieved from /opt/airflow/dags/create_table.py
[2024-06-11T17:20:45.555+0000] {logging_mixin.py:188} INFO - [2024-06-11T17:20:45.555+0000] {dag.py:3096} INFO - Sync 1 DAGs
[2024-06-11T17:20:45.576+0000] {logging_mixin.py:188} INFO - [2024-06-11T17:20:45.575+0000] {dag.py:3954} INFO - Setting next_dagrun for create_postgres_table_dag to 2024-06-11 00:00:00+00:00, run_after=2024-06-12 00:00:00+00:00
[2024-06-11T17:20:45.590+0000] {processor.py:183} INFO - Processing /opt/airflow/dags/create_table.py took 0.110 seconds
