[2024-06-28T04:44:58.345+0000] {local_task_job_runner.py:120} INFO - ::group::Pre task execution logs
[2024-06-28T04:44:58.370+0000] {taskinstance.py:2076} INFO - Dependencies all met for dep_context=non-requeueable deps ti=<TaskInstance: alerting_all_dags_using_apis.get_all_dag_ids_last_limit_run_ids manual__2024-06-28T04:44:55.035506+00:00 [queued]>
[2024-06-28T04:44:58.381+0000] {taskinstance.py:2076} INFO - Dependencies all met for dep_context=requeueable deps ti=<TaskInstance: alerting_all_dags_using_apis.get_all_dag_ids_last_limit_run_ids manual__2024-06-28T04:44:55.035506+00:00 [queued]>
[2024-06-28T04:44:58.382+0000] {taskinstance.py:2306} INFO - Starting attempt 1 of 6
[2024-06-28T04:44:58.399+0000] {taskinstance.py:2330} INFO - Executing <Task(PythonOperator): get_all_dag_ids_last_limit_run_ids> on 2024-06-28 04:44:55.035506+00:00
[2024-06-28T04:44:58.404+0000] {warnings.py:110} WARNING - /home/***/.local/lib/python3.12/site-packages/***/task/task_runner/standard_task_runner.py:61: DeprecationWarning: This process (pid=5904) is multi-threaded, use of fork() may lead to deadlocks in the child.
  pid = os.fork()

[2024-06-28T04:44:58.406+0000] {standard_task_runner.py:63} INFO - Started process 5905 to run task
[2024-06-28T04:44:58.406+0000] {standard_task_runner.py:90} INFO - Running: ['***', 'tasks', 'run', 'alerting_all_dags_using_apis', 'get_all_dag_ids_last_limit_run_ids', 'manual__2024-06-28T04:44:55.035506+00:00', '--job-id', '4762', '--raw', '--subdir', 'DAGS_FOLDER/alerting_all_dags_using_apis.py', '--cfg-path', '/tmp/tmpnrrshfp3']
[2024-06-28T04:44:58.407+0000] {standard_task_runner.py:91} INFO - Job 4762: Subtask get_all_dag_ids_last_limit_run_ids
[2024-06-28T04:44:58.453+0000] {task_command.py:426} INFO - Running <TaskInstance: alerting_all_dags_using_apis.get_all_dag_ids_last_limit_run_ids manual__2024-06-28T04:44:55.035506+00:00 [running]> on host eeacb89bcfc1
[2024-06-28T04:44:58.570+0000] {taskinstance.py:2648} INFO - Exporting env vars: AIRFLOW_CTX_DAG_OWNER='***' AIRFLOW_CTX_DAG_ID='alerting_all_dags_using_apis' AIRFLOW_CTX_TASK_ID='get_all_dag_ids_last_limit_run_ids' AIRFLOW_CTX_EXECUTION_DATE='2024-06-28T04:44:55.035506+00:00' AIRFLOW_CTX_TRY_NUMBER='1' AIRFLOW_CTX_DAG_RUN_ID='manual__2024-06-28T04:44:55.035506+00:00'
[2024-06-28T04:44:58.570+0000] {taskinstance.py:430} INFO - ::endgroup::
[2024-06-28T04:44:58.594+0000] {helper_functions.py:298} INFO - Requesting http://***:***@172.240.2.5:8080/api/v1/dags/alerting_all_dags_using_apis/dagRuns?limit=3&order_by=-start_date
[2024-06-28T04:44:58.861+0000] {helper_functions.py:298} INFO - Requesting http://***:***@172.240.2.5:8080/api/v1/dags/demo_dag_for_alerting_apis_final/dagRuns?limit=3&order_by=-start_date
[2024-06-28T04:44:59.077+0000] {helper_functions.py:298} INFO - Requesting http://***:***@172.240.2.5:8080/api/v1/dags/demo_dag_for_alerting_final/dagRuns?limit=3&order_by=-start_date
[2024-06-28T04:44:59.287+0000] {python.py:237} INFO - Done. Returned value was: [['alerting_all_dags_using_apis', 'manual__2024-06-28T04:44:55.035506+00:00'], ['alerting_all_dags_using_apis', 'scheduled__2024-06-28T04:39:00+00:00'], ['alerting_all_dags_using_apis', 'scheduled__2024-06-27T11:06:00+00:00'], ['demo_dag_for_alerting_apis_final', 'manual__2024-06-27T13:04:35.922681+00:00'], ['demo_dag_for_alerting_apis_final', 'scheduled__2024-06-27T13:03:00+00:00'], ['demo_dag_for_alerting_apis_final', 'scheduled__2024-06-27T13:00:00+00:00'], ['demo_dag_for_alerting_final', 'scheduled__2024-06-27T05:50:00+00:00'], ['demo_dag_for_alerting_final', 'scheduled__2024-06-27T05:49:00+00:00'], ['demo_dag_for_alerting_final', 'scheduled__2024-06-27T05:48:00+00:00']]
[2024-06-28T04:44:59.287+0000] {taskinstance.py:441} INFO - ::group::Post task execution logs
[2024-06-28T04:44:59.311+0000] {taskinstance.py:1206} INFO - Marking task as SUCCESS. dag_id=alerting_all_dags_using_apis, task_id=get_all_dag_ids_last_limit_run_ids, run_id=manual__2024-06-28T04:44:55.035506+00:00, execution_date=20240628T044455, start_date=20240628T044458, end_date=20240628T044459
[2024-06-28T04:44:59.342+0000] {local_task_job_runner.py:240} INFO - Task exited with return code 0
[2024-06-28T04:44:59.372+0000] {taskinstance.py:3498} INFO - 1 downstream tasks scheduled from follow-on schedule check
[2024-06-28T04:44:59.375+0000] {local_task_job_runner.py:222} INFO - ::endgroup::
