[2024-06-19T18:30:02.696+0000] {local_task_job_runner.py:120} INFO - ::group::Pre task execution logs
[2024-06-19T18:30:02.728+0000] {taskinstance.py:2076} INFO - Dependencies all met for dep_context=non-requeueable deps ti=<TaskInstance: file_jsons_to_postgres.filter_data scheduled__2024-06-19T18:25:00+00:00 [queued]>
[2024-06-19T18:30:02.739+0000] {taskinstance.py:2076} INFO - Dependencies all met for dep_context=requeueable deps ti=<TaskInstance: file_jsons_to_postgres.filter_data scheduled__2024-06-19T18:25:00+00:00 [queued]>
[2024-06-19T18:30:02.740+0000] {taskinstance.py:2306} INFO - Starting attempt 1 of 6
[2024-06-19T18:30:02.763+0000] {taskinstance.py:2330} INFO - Executing <Task(PythonOperator): filter_data> on 2024-06-19 18:25:00+00:00
[2024-06-19T18:30:02.770+0000] {warnings.py:110} WARNING - /home/***/.local/lib/python3.12/site-packages/***/task/task_runner/standard_task_runner.py:61: DeprecationWarning: This process (pid=1289) is multi-threaded, use of fork() may lead to deadlocks in the child.
  pid = os.fork()

[2024-06-19T18:30:02.772+0000] {standard_task_runner.py:63} INFO - Started process 1294 to run task
[2024-06-19T18:30:02.772+0000] {standard_task_runner.py:90} INFO - Running: ['***', 'tasks', 'run', 'file_jsons_to_postgres', 'filter_data', 'scheduled__2024-06-19T18:25:00+00:00', '--job-id', '1691', '--raw', '--subdir', 'DAGS_FOLDER/file_jsons_to_postgres.py', '--cfg-path', '/tmp/tmplpoa1aha']
[2024-06-19T18:30:02.774+0000] {standard_task_runner.py:91} INFO - Job 1691: Subtask filter_data
[2024-06-19T18:30:02.835+0000] {task_command.py:426} INFO - Running <TaskInstance: file_jsons_to_postgres.filter_data scheduled__2024-06-19T18:25:00+00:00 [running]> on host e66744caf823
[2024-06-19T18:30:02.976+0000] {taskinstance.py:2648} INFO - Exporting env vars: AIRFLOW_CTX_DAG_OWNER='***' AIRFLOW_CTX_DAG_ID='file_jsons_to_postgres' AIRFLOW_CTX_TASK_ID='filter_data' AIRFLOW_CTX_EXECUTION_DATE='2024-06-19T18:25:00+00:00' AIRFLOW_CTX_TRY_NUMBER='1' AIRFLOW_CTX_DAG_RUN_ID='scheduled__2024-06-19T18:25:00+00:00'
[2024-06-19T18:30:02.978+0000] {taskinstance.py:430} INFO - ::endgroup::
[2024-06-19T18:30:03.065+0000] {file_jsons_to_postgres.py:53} WARNING - Failed to parse date 2024-06-13 15:30:00 with available formats
[2024-06-19T18:30:03.066+0000] {file_jsons_to_postgres.py:49} INFO - Successfully parsed date 06.13.24 using format %m.%d.%y
[2024-06-19T18:30:03.067+0000] {file_jsons_to_postgres.py:53} WARNING - Failed to parse date 2024-00-01 with available formats
[2024-06-19T18:30:03.068+0000] {file_jsons_to_postgres.py:49} INFO - Successfully parsed date 2024-06-13 using format %Y-%m-%d
[2024-06-19T18:30:03.068+0000] {file_jsons_to_postgres.py:49} INFO - Successfully parsed date 2024-06-13 using format %Y-%m-%d
[2024-06-19T18:30:03.069+0000] {file_jsons_to_postgres.py:53} WARNING - Failed to parse date 2024-06-13 15:30:00 with available formats
[2024-06-19T18:30:03.070+0000] {file_jsons_to_postgres.py:53} WARNING - Failed to parse date 2024-00-01 with available formats
[2024-06-19T18:30:03.071+0000] {file_jsons_to_postgres.py:49} INFO - Successfully parsed date 13.06.2024 using format %d.%m.%Y
[2024-06-19T18:30:03.072+0000] {file_jsons_to_postgres.py:49} INFO - Successfully parsed date 13.06.2024 using format %d.%m.%Y
[2024-06-19T18:30:03.072+0000] {file_jsons_to_postgres.py:49} INFO - Successfully parsed date 2024/06/13 using format %Y/%m/%d
[2024-06-19T18:30:03.073+0000] {file_jsons_to_postgres.py:49} INFO - Successfully parsed date 2024-13-01 using format %Y-%d-%m
[2024-06-19T18:30:03.074+0000] {file_jsons_to_postgres.py:53} WARNING - Failed to parse date 2024/15/06 with available formats
[2024-06-19T18:30:03.075+0000] {file_jsons_to_postgres.py:49} INFO - Successfully parsed date 13.06.2024 using format %d.%m.%Y
[2024-06-19T18:30:03.076+0000] {file_jsons_to_postgres.py:53} WARNING - Failed to parse date 2024-06-13 15:30:00 with available formats
[2024-06-19T18:30:03.076+0000] {file_jsons_to_postgres.py:49} INFO - Successfully parsed date 2024-13-01 using format %Y-%d-%m
[2024-06-19T18:30:03.078+0000] {file_jsons_to_postgres.py:53} WARNING - Failed to parse date 2024-06-13 15:30:00 with available formats
[2024-06-19T18:30:03.079+0000] {file_jsons_to_postgres.py:49} INFO - Successfully parsed date 13/06/24 using format %d/%m/%y
[2024-06-19T18:30:03.079+0000] {file_jsons_to_postgres.py:49} INFO - Successfully parsed date 2024/06/13 using format %Y/%m/%d
[2024-06-19T18:30:03.080+0000] {file_jsons_to_postgres.py:49} INFO - Successfully parsed date 2024/06/13 using format %Y/%m/%d
[2024-06-19T18:30:03.081+0000] {file_jsons_to_postgres.py:49} INFO - Successfully parsed date 13/06/24 using format %d/%m/%y
[2024-06-19T18:30:03.081+0000] {file_jsons_to_postgres.py:49} INFO - Successfully parsed date 13/06/24 using format %d/%m/%y
[2024-06-19T18:30:03.082+0000] {file_jsons_to_postgres.py:49} INFO - Successfully parsed date 06.13.24 using format %m.%d.%y
[2024-06-19T18:30:03.083+0000] {file_jsons_to_postgres.py:53} WARNING - Failed to parse date 2024-02-30 with available formats
[2024-06-19T18:30:03.084+0000] {file_jsons_to_postgres.py:49} INFO - Successfully parsed date 13/06/24 using format %d/%m/%y
[2024-06-19T18:30:03.084+0000] {file_jsons_to_postgres.py:49} INFO - Successfully parsed date 06/13/2024 using format %m/%d/%Y
[2024-06-19T18:30:03.085+0000] {file_jsons_to_postgres.py:53} WARNING - Failed to parse date 2024-00-01 with available formats
[2024-06-19T18:30:03.086+0000] {file_jsons_to_postgres.py:49} INFO - Successfully parsed date 06.13.24 using format %m.%d.%y
[2024-06-19T18:30:03.087+0000] {file_jsons_to_postgres.py:53} WARNING - Failed to parse date 2024-06-13 15:30:00 with available formats
[2024-06-19T18:30:03.088+0000] {file_jsons_to_postgres.py:49} INFO - Successfully parsed date 13/06/24 using format %d/%m/%y
[2024-06-19T18:30:03.089+0000] {file_jsons_to_postgres.py:53} WARNING - Failed to parse date 2024-06-13 15:30:00 with available formats
[2024-06-19T18:30:03.089+0000] {file_jsons_to_postgres.py:49} INFO - Successfully parsed date 06.13.24 using format %m.%d.%y
[2024-06-19T18:30:03.090+0000] {file_jsons_to_postgres.py:49} INFO - Successfully parsed date 06.13.24 using format %m.%d.%y
[2024-06-19T18:30:03.091+0000] {file_jsons_to_postgres.py:49} INFO - Successfully parsed date 06/13/2024 using format %m/%d/%Y
[2024-06-19T18:30:03.091+0000] {file_jsons_to_postgres.py:49} INFO - Successfully parsed date 2024/06/13 using format %Y/%m/%d
[2024-06-19T18:30:03.092+0000] {file_jsons_to_postgres.py:49} INFO - Successfully parsed date 24-06-13 using format %d-%m-%y
[2024-06-19T18:30:03.093+0000] {file_jsons_to_postgres.py:49} INFO - Successfully parsed date 2024/06/13 using format %Y/%m/%d
[2024-06-19T18:30:03.093+0000] {file_jsons_to_postgres.py:49} INFO - Successfully parsed date 06.13.24 using format %m.%d.%y
[2024-06-19T18:30:03.094+0000] {file_jsons_to_postgres.py:53} WARNING - Failed to parse date 2024-06-13 15:30:00 with available formats
[2024-06-19T18:30:03.095+0000] {file_jsons_to_postgres.py:49} INFO - Successfully parsed date 06.13.24 using format %m.%d.%y
[2024-06-19T18:30:03.095+0000] {file_jsons_to_postgres.py:49} INFO - Successfully parsed date 13.06.2024 using format %d.%m.%Y
[2024-06-19T18:30:03.096+0000] {file_jsons_to_postgres.py:49} INFO - Successfully parsed date 13.06.2024 using format %d.%m.%Y
[2024-06-19T18:30:03.097+0000] {file_jsons_to_postgres.py:49} INFO - Successfully parsed date 13/06/24 using format %d/%m/%y
[2024-06-19T18:30:03.097+0000] {file_jsons_to_postgres.py:49} INFO - Successfully parsed date 13/06/24 using format %d/%m/%y
[2024-06-19T18:30:03.098+0000] {file_jsons_to_postgres.py:49} INFO - Successfully parsed date 13/06/24 using format %d/%m/%y
[2024-06-19T18:30:03.099+0000] {file_jsons_to_postgres.py:49} INFO - Successfully parsed date 13.06.2024 using format %d.%m.%Y
[2024-06-19T18:30:03.099+0000] {file_jsons_to_postgres.py:53} WARNING - Failed to parse date 2024-02-30 with available formats
[2024-06-19T18:30:03.100+0000] {file_jsons_to_postgres.py:49} INFO - Successfully parsed date 13/06/24 using format %d/%m/%y
[2024-06-19T18:30:03.101+0000] {file_jsons_to_postgres.py:53} WARNING - Failed to parse date 2024-02-30 with available formats
[2024-06-19T18:30:03.101+0000] {file_jsons_to_postgres.py:53} WARNING - Failed to parse date 2024/15/06 with available formats
[2024-06-19T18:30:03.102+0000] {file_jsons_to_postgres.py:49} INFO - Successfully parsed date 13/06/24 using format %d/%m/%y
[2024-06-19T18:30:03.103+0000] {file_jsons_to_postgres.py:53} WARNING - Failed to parse date 2024/15/06 with available formats
[2024-06-19T18:30:03.104+0000] {file_jsons_to_postgres.py:53} WARNING - Failed to parse date 2024-00-01 with available formats
[2024-06-19T18:30:03.104+0000] {file_jsons_to_postgres.py:49} INFO - Successfully parsed date 13/06/24 using format %d/%m/%y
[2024-06-19T18:30:03.105+0000] {file_jsons_to_postgres.py:53} WARNING - Failed to parse date 2024-02-30 with available formats
[2024-06-19T18:30:03.106+0000] {file_jsons_to_postgres.py:49} INFO - Successfully parsed date 06.13.24 using format %m.%d.%y
[2024-06-19T18:30:03.106+0000] {file_jsons_to_postgres.py:49} INFO - Successfully parsed date 2024-06-13 using format %Y-%m-%d
[2024-06-19T18:30:03.107+0000] {file_jsons_to_postgres.py:49} INFO - Successfully parsed date 06.13.24 using format %m.%d.%y
[2024-06-19T18:30:03.107+0000] {file_jsons_to_postgres.py:53} WARNING - Failed to parse date 2024/15/06 with available formats
[2024-06-19T18:30:03.108+0000] {file_jsons_to_postgres.py:49} INFO - Successfully parsed date 13/06/24 using format %d/%m/%y
[2024-06-19T18:30:03.109+0000] {file_jsons_to_postgres.py:49} INFO - Successfully parsed date 13/06/24 using format %d/%m/%y
[2024-06-19T18:30:03.109+0000] {file_jsons_to_postgres.py:49} INFO - Successfully parsed date 06.13.24 using format %m.%d.%y
[2024-06-19T18:30:03.110+0000] {file_jsons_to_postgres.py:49} INFO - Successfully parsed date 2024/06/13 using format %Y/%m/%d
[2024-06-19T18:30:03.110+0000] {file_jsons_to_postgres.py:53} WARNING - Failed to parse date 2024-06-13 15:30:00 with available formats
[2024-06-19T18:30:03.111+0000] {file_jsons_to_postgres.py:53} WARNING - Failed to parse date 2024-02-30 with available formats
[2024-06-19T18:30:03.112+0000] {file_jsons_to_postgres.py:49} INFO - Successfully parsed date 06.13.24 using format %m.%d.%y
[2024-06-19T18:30:03.112+0000] {file_jsons_to_postgres.py:49} INFO - Successfully parsed date 24-06-13 using format %d-%m-%y
[2024-06-19T18:30:03.113+0000] {file_jsons_to_postgres.py:53} WARNING - Failed to parse date 2024-00-01 with available formats
[2024-06-19T18:30:03.113+0000] {file_jsons_to_postgres.py:49} INFO - Successfully parsed date 06/13/2024 using format %m/%d/%Y
[2024-06-19T18:30:03.114+0000] {file_jsons_to_postgres.py:53} WARNING - Failed to parse date 2024-02-30 with available formats
[2024-06-19T18:30:03.115+0000] {file_jsons_to_postgres.py:49} INFO - Successfully parsed date 06.13.24 using format %m.%d.%y
[2024-06-19T18:30:03.115+0000] {file_jsons_to_postgres.py:49} INFO - Successfully parsed date 2024-13-01 using format %Y-%d-%m
[2024-06-19T18:30:03.116+0000] {file_jsons_to_postgres.py:49} INFO - Successfully parsed date 13/06/24 using format %d/%m/%y
[2024-06-19T18:30:03.116+0000] {file_jsons_to_postgres.py:49} INFO - Successfully parsed date 2024/06/13 using format %Y/%m/%d
[2024-06-19T18:30:03.117+0000] {file_jsons_to_postgres.py:49} INFO - Successfully parsed date 13/06/24 using format %d/%m/%y
[2024-06-19T18:30:03.117+0000] {file_jsons_to_postgres.py:49} INFO - Successfully parsed date 13.06.2024 using format %d.%m.%Y
[2024-06-19T18:30:03.118+0000] {file_jsons_to_postgres.py:49} INFO - Successfully parsed date 06.13.24 using format %m.%d.%y
[2024-06-19T18:30:03.119+0000] {file_jsons_to_postgres.py:53} WARNING - Failed to parse date 2024-02-30 with available formats
[2024-06-19T18:30:03.119+0000] {file_jsons_to_postgres.py:49} INFO - Successfully parsed date 06/13/2024 using format %m/%d/%Y
[2024-06-19T18:30:03.120+0000] {file_jsons_to_postgres.py:49} INFO - Successfully parsed date 06.13.24 using format %m.%d.%y
[2024-06-19T18:30:03.120+0000] {file_jsons_to_postgres.py:49} INFO - Successfully parsed date 2024/06/13 using format %Y/%m/%d
[2024-06-19T18:30:03.121+0000] {file_jsons_to_postgres.py:49} INFO - Successfully parsed date 13/06/24 using format %d/%m/%y
[2024-06-19T18:30:03.121+0000] {file_jsons_to_postgres.py:49} INFO - Successfully parsed date 2024-06-13 using format %Y-%m-%d
[2024-06-19T18:30:03.122+0000] {file_jsons_to_postgres.py:53} WARNING - Failed to parse date 2024-00-01 with available formats
[2024-06-19T18:30:03.122+0000] {file_jsons_to_postgres.py:49} INFO - Successfully parsed date 06.13.24 using format %m.%d.%y
[2024-06-19T18:30:03.123+0000] {file_jsons_to_postgres.py:49} INFO - Successfully parsed date 06.13.24 using format %m.%d.%y
[2024-06-19T18:30:03.124+0000] {file_jsons_to_postgres.py:53} WARNING - Failed to parse date 2024-06-32 with available formats
[2024-06-19T18:30:03.124+0000] {file_jsons_to_postgres.py:49} INFO - Successfully parsed date 2024-13-01 using format %Y-%d-%m
[2024-06-19T18:30:03.125+0000] {file_jsons_to_postgres.py:49} INFO - Successfully parsed date 2024-13-01 using format %Y-%d-%m
[2024-06-19T18:30:03.125+0000] {file_jsons_to_postgres.py:53} WARNING - Failed to parse date 2024-06-32 with available formats
[2024-06-19T18:30:03.126+0000] {file_jsons_to_postgres.py:53} WARNING - Failed to parse date 2024-02-30 with available formats
[2024-06-19T18:30:03.127+0000] {file_jsons_to_postgres.py:53} WARNING - Failed to parse date 2024-00-01 with available formats
[2024-06-19T18:30:03.127+0000] {file_jsons_to_postgres.py:49} INFO - Successfully parsed date 24-06-13 using format %d-%m-%y
[2024-06-19T18:30:03.128+0000] {file_jsons_to_postgres.py:49} INFO - Successfully parsed date 2024/06/13 using format %Y/%m/%d
[2024-06-19T18:30:03.128+0000] {file_jsons_to_postgres.py:49} INFO - Successfully parsed date 13/06/24 using format %d/%m/%y
[2024-06-19T18:30:03.129+0000] {file_jsons_to_postgres.py:53} WARNING - Failed to parse date 2024-02-30 with available formats
[2024-06-19T18:30:03.129+0000] {file_jsons_to_postgres.py:49} INFO - Successfully parsed date 2024/06/13 using format %Y/%m/%d
[2024-06-19T18:30:03.130+0000] {file_jsons_to_postgres.py:49} INFO - Successfully parsed date 06.13.24 using format %m.%d.%y
[2024-06-19T18:30:03.130+0000] {file_jsons_to_postgres.py:49} INFO - Successfully parsed date 13/06/24 using format %d/%m/%y
[2024-06-19T18:30:03.131+0000] {file_jsons_to_postgres.py:49} INFO - Successfully parsed date 13.06.2024 using format %d.%m.%Y
[2024-06-19T18:30:03.131+0000] {file_jsons_to_postgres.py:49} INFO - Successfully parsed date 13.06.2024 using format %d.%m.%Y
[2024-06-19T18:30:03.132+0000] {file_jsons_to_postgres.py:49} INFO - Successfully parsed date 06/13/2024 using format %m/%d/%Y
[2024-06-19T18:30:03.132+0000] {file_jsons_to_postgres.py:53} WARNING - Failed to parse date 2024/15/06 with available formats
[2024-06-19T18:30:03.133+0000] {file_jsons_to_postgres.py:49} INFO - Successfully parsed date 06/13/2024 using format %m/%d/%Y
[2024-06-19T18:30:03.133+0000] {file_jsons_to_postgres.py:49} INFO - Successfully parsed date 06/13/2024 using format %m/%d/%Y
[2024-06-19T18:30:03.134+0000] {file_jsons_to_postgres.py:53} WARNING - Failed to parse date 2024-00-01 with available formats
[2024-06-19T18:30:03.134+0000] {file_jsons_to_postgres.py:49} INFO - Successfully parsed date 13.06.2024 using format %d.%m.%Y
[2024-06-19T18:30:03.135+0000] {file_jsons_to_postgres.py:53} WARNING - Failed to parse date 2024-02-30 with available formats
[2024-06-19T18:30:03.135+0000] {file_jsons_to_postgres.py:49} INFO - Successfully parsed date 06/13/2024 using format %m/%d/%Y
[2024-06-19T18:30:03.136+0000] {file_jsons_to_postgres.py:49} INFO - Successfully parsed date 06.13.24 using format %m.%d.%y
[2024-06-19T18:30:03.136+0000] {file_jsons_to_postgres.py:49} INFO - Successfully parsed date 13/06/24 using format %d/%m/%y
[2024-06-19T18:30:03.137+0000] {file_jsons_to_postgres.py:49} INFO - Successfully parsed date 06/13/2024 using format %m/%d/%Y
[2024-06-19T18:30:03.137+0000] {file_jsons_to_postgres.py:49} INFO - Successfully parsed date 24-06-13 using format %d-%m-%y
[2024-06-19T18:30:03.138+0000] {file_jsons_to_postgres.py:49} INFO - Successfully parsed date 24-06-13 using format %d-%m-%y
[2024-06-19T18:30:03.139+0000] {file_jsons_to_postgres.py:49} INFO - Successfully parsed date 06.13.24 using format %m.%d.%y
[2024-06-19T18:30:03.139+0000] {file_jsons_to_postgres.py:49} INFO - Successfully parsed date 24-06-13 using format %d-%m-%y
[2024-06-19T18:30:03.140+0000] {file_jsons_to_postgres.py:49} INFO - Successfully parsed date 06.13.24 using format %m.%d.%y
[2024-06-19T18:30:03.140+0000] {file_jsons_to_postgres.py:49} INFO - Successfully parsed date 2024/06/13 using format %Y/%m/%d
[2024-06-19T18:30:03.141+0000] {file_jsons_to_postgres.py:49} INFO - Successfully parsed date 24-06-13 using format %d-%m-%y
[2024-06-19T18:30:03.141+0000] {file_jsons_to_postgres.py:49} INFO - Successfully parsed date 2024-06-13 using format %Y-%m-%d
[2024-06-19T18:30:03.142+0000] {file_jsons_to_postgres.py:49} INFO - Successfully parsed date 13/06/24 using format %d/%m/%y
[2024-06-19T18:30:03.142+0000] {file_jsons_to_postgres.py:53} WARNING - Failed to parse date 2024/15/06 with available formats
[2024-06-19T18:30:03.143+0000] {file_jsons_to_postgres.py:49} INFO - Successfully parsed date 13-06-2024 using format %d-%m-%Y
[2024-06-19T18:30:03.143+0000] {file_jsons_to_postgres.py:49} INFO - Successfully parsed date 06.13.24 using format %m.%d.%y
[2024-06-19T18:30:03.144+0000] {file_jsons_to_postgres.py:53} WARNING - Failed to parse date 2024-00-01 with available formats
[2024-06-19T18:30:03.145+0000] {file_jsons_to_postgres.py:53} WARNING - Failed to parse date 2024/15/06 with available formats
[2024-06-19T18:30:03.145+0000] {file_jsons_to_postgres.py:49} INFO - Successfully parsed date 06.13.24 using format %m.%d.%y
[2024-06-19T18:30:03.146+0000] {file_jsons_to_postgres.py:49} INFO - Successfully parsed date 06.13.24 using format %m.%d.%y
[2024-06-19T18:30:03.146+0000] {file_jsons_to_postgres.py:49} INFO - Successfully parsed date 06.13.24 using format %m.%d.%y
[2024-06-19T18:30:03.147+0000] {file_jsons_to_postgres.py:49} INFO - Successfully parsed date 06.13.24 using format %m.%d.%y
[2024-06-19T18:30:03.147+0000] {file_jsons_to_postgres.py:49} INFO - Successfully parsed date 13-06-2024 using format %d-%m-%Y
[2024-06-19T18:30:03.148+0000] {file_jsons_to_postgres.py:53} WARNING - Failed to parse date 2024-06-32 with available formats
[2024-06-19T18:30:03.149+0000] {file_jsons_to_postgres.py:49} INFO - Successfully parsed date 13/06/24 using format %d/%m/%y
[2024-06-19T18:30:03.149+0000] {file_jsons_to_postgres.py:49} INFO - Successfully parsed date 2024/06/13 using format %Y/%m/%d
[2024-06-19T18:30:03.150+0000] {file_jsons_to_postgres.py:49} INFO - Successfully parsed date 13-06-2024 using format %d-%m-%Y
[2024-06-19T18:30:03.150+0000] {file_jsons_to_postgres.py:49} INFO - Successfully parsed date 13.06.2024 using format %d.%m.%Y
[2024-06-19T18:30:03.151+0000] {file_jsons_to_postgres.py:53} WARNING - Failed to parse date 2024-06-32 with available formats
[2024-06-19T18:30:03.151+0000] {file_jsons_to_postgres.py:49} INFO - Successfully parsed date 2024/06/13 using format %Y/%m/%d
[2024-06-19T18:30:03.152+0000] {file_jsons_to_postgres.py:49} INFO - Successfully parsed date 13/06/24 using format %d/%m/%y
[2024-06-19T18:30:03.152+0000] {file_jsons_to_postgres.py:49} INFO - Successfully parsed date 2024/06/13 using format %Y/%m/%d
[2024-06-19T18:30:03.152+0000] {file_jsons_to_postgres.py:49} INFO - Successfully parsed date 13.06.2024 using format %d.%m.%Y
[2024-06-19T18:30:03.153+0000] {file_jsons_to_postgres.py:49} INFO - Successfully parsed date 2024/06/13 using format %Y/%m/%d
[2024-06-19T18:30:03.153+0000] {file_jsons_to_postgres.py:49} INFO - Successfully parsed date 06.13.24 using format %m.%d.%y
[2024-06-19T18:30:03.154+0000] {file_jsons_to_postgres.py:49} INFO - Successfully parsed date 13-06-2024 using format %d-%m-%Y
[2024-06-19T18:30:03.154+0000] {file_jsons_to_postgres.py:49} INFO - Successfully parsed date 06.13.24 using format %m.%d.%y
[2024-06-19T18:30:03.155+0000] {file_jsons_to_postgres.py:53} WARNING - Failed to parse date 2024-00-01 with available formats
[2024-06-19T18:30:03.156+0000] {file_jsons_to_postgres.py:49} INFO - Successfully parsed date 06.13.24 using format %m.%d.%y
[2024-06-19T18:30:03.156+0000] {file_jsons_to_postgres.py:49} INFO - Successfully parsed date 13/06/24 using format %d/%m/%y
[2024-06-19T18:30:03.157+0000] {file_jsons_to_postgres.py:49} INFO - Successfully parsed date 13/06/24 using format %d/%m/%y
[2024-06-19T18:30:03.158+0000] {file_jsons_to_postgres.py:49} INFO - Successfully parsed date 24-06-13 using format %d-%m-%y
[2024-06-19T18:30:03.158+0000] {file_jsons_to_postgres.py:49} INFO - Successfully parsed date 06.13.24 using format %m.%d.%y
[2024-06-19T18:30:03.159+0000] {file_jsons_to_postgres.py:49} INFO - Successfully parsed date 2024-13-01 using format %Y-%d-%m
[2024-06-19T18:30:03.159+0000] {file_jsons_to_postgres.py:53} WARNING - Failed to parse date 2024-06-13 15:30:00 with available formats
[2024-06-19T18:30:03.160+0000] {file_jsons_to_postgres.py:53} WARNING - Failed to parse date 2024-06-13 15:30:00 with available formats
[2024-06-19T18:30:03.160+0000] {file_jsons_to_postgres.py:49} INFO - Successfully parsed date 2024-13-01 using format %Y-%d-%m
[2024-06-19T18:30:03.161+0000] {file_jsons_to_postgres.py:53} WARNING - Failed to parse date 2024-02-30 with available formats
[2024-06-19T18:30:03.162+0000] {file_jsons_to_postgres.py:53} WARNING - Failed to parse date 2024-06-32 with available formats
[2024-06-19T18:30:03.162+0000] {file_jsons_to_postgres.py:49} INFO - Successfully parsed date 06.13.24 using format %m.%d.%y
[2024-06-19T18:30:03.163+0000] {file_jsons_to_postgres.py:53} WARNING - Failed to parse date 2024/15/06 with available formats
[2024-06-19T18:30:03.163+0000] {file_jsons_to_postgres.py:49} INFO - Successfully parsed date 2024/06/13 using format %Y/%m/%d
[2024-06-19T18:30:03.164+0000] {file_jsons_to_postgres.py:49} INFO - Successfully parsed date 06.13.24 using format %m.%d.%y
[2024-06-19T18:30:03.165+0000] {file_jsons_to_postgres.py:53} WARNING - Failed to parse date 2024-06-13 15:30:00 with available formats
[2024-06-19T18:30:03.165+0000] {file_jsons_to_postgres.py:49} INFO - Successfully parsed date 06.13.24 using format %m.%d.%y
[2024-06-19T18:30:03.166+0000] {file_jsons_to_postgres.py:53} WARNING - Failed to parse date 2024-00-01 with available formats
[2024-06-19T18:30:03.166+0000] {file_jsons_to_postgres.py:49} INFO - Successfully parsed date 13/06/24 using format %d/%m/%y
[2024-06-19T18:30:03.167+0000] {file_jsons_to_postgres.py:53} WARNING - Failed to parse date 2024-02-30 with available formats
[2024-06-19T18:30:03.167+0000] {file_jsons_to_postgres.py:49} INFO - Successfully parsed date 2024-13-01 using format %Y-%d-%m
[2024-06-19T18:30:03.168+0000] {file_jsons_to_postgres.py:49} INFO - Successfully parsed date 2024-13-01 using format %Y-%d-%m
[2024-06-19T18:30:03.168+0000] {file_jsons_to_postgres.py:49} INFO - Successfully parsed date 2024-13-01 using format %Y-%d-%m
[2024-06-19T18:30:03.169+0000] {file_jsons_to_postgres.py:53} WARNING - Failed to parse date 2024/15/06 with available formats
[2024-06-19T18:30:03.169+0000] {file_jsons_to_postgres.py:49} INFO - Successfully parsed date 13.06.2024 using format %d.%m.%Y
[2024-06-19T18:30:03.170+0000] {file_jsons_to_postgres.py:49} INFO - Successfully parsed date 06.13.24 using format %m.%d.%y
[2024-06-19T18:30:03.170+0000] {file_jsons_to_postgres.py:49} INFO - Successfully parsed date 13/06/24 using format %d/%m/%y
[2024-06-19T18:30:03.171+0000] {file_jsons_to_postgres.py:53} WARNING - Failed to parse date 2024-02-30 with available formats
[2024-06-19T18:30:03.172+0000] {file_jsons_to_postgres.py:49} INFO - Successfully parsed date 06.13.24 using format %m.%d.%y
[2024-06-19T18:30:03.172+0000] {file_jsons_to_postgres.py:53} WARNING - Failed to parse date 2024-00-01 with available formats
[2024-06-19T18:30:03.173+0000] {file_jsons_to_postgres.py:53} WARNING - Failed to parse date 2024-06-32 with available formats
[2024-06-19T18:30:03.173+0000] {file_jsons_to_postgres.py:49} INFO - Successfully parsed date 06/13/2024 using format %m/%d/%Y
[2024-06-19T18:30:03.174+0000] {file_jsons_to_postgres.py:49} INFO - Successfully parsed date 06.13.24 using format %m.%d.%y
[2024-06-19T18:30:03.174+0000] {file_jsons_to_postgres.py:49} INFO - Successfully parsed date 06.13.24 using format %m.%d.%y
[2024-06-19T18:30:03.175+0000] {file_jsons_to_postgres.py:53} WARNING - Failed to parse date 2024-00-01 with available formats
[2024-06-19T18:30:03.175+0000] {file_jsons_to_postgres.py:49} INFO - Successfully parsed date 2024-06-13 using format %Y-%m-%d
[2024-06-19T18:30:03.176+0000] {file_jsons_to_postgres.py:49} INFO - Successfully parsed date 24-06-13 using format %d-%m-%y
[2024-06-19T18:30:03.176+0000] {file_jsons_to_postgres.py:49} INFO - Successfully parsed date 13/06/24 using format %d/%m/%y
[2024-06-19T18:30:03.177+0000] {file_jsons_to_postgres.py:49} INFO - Successfully parsed date 13/06/24 using format %d/%m/%y
[2024-06-19T18:30:03.178+0000] {file_jsons_to_postgres.py:53} WARNING - Failed to parse date 2024-02-30 with available formats
[2024-06-19T18:30:03.178+0000] {file_jsons_to_postgres.py:53} WARNING - Failed to parse date 2024-06-32 with available formats
[2024-06-19T18:30:03.179+0000] {file_jsons_to_postgres.py:53} WARNING - Failed to parse date 2024-02-30 with available formats
[2024-06-19T18:30:03.179+0000] {file_jsons_to_postgres.py:49} INFO - Successfully parsed date 06.13.24 using format %m.%d.%y
[2024-06-19T18:30:03.180+0000] {file_jsons_to_postgres.py:53} WARNING - Failed to parse date 2024-06-32 with available formats
[2024-06-19T18:30:03.181+0000] {file_jsons_to_postgres.py:49} INFO - Successfully parsed date 13/06/24 using format %d/%m/%y
[2024-06-19T18:30:03.181+0000] {file_jsons_to_postgres.py:49} INFO - Successfully parsed date 06.13.24 using format %m.%d.%y
[2024-06-19T18:30:03.182+0000] {file_jsons_to_postgres.py:49} INFO - Successfully parsed date 13/06/24 using format %d/%m/%y
[2024-06-19T18:30:03.182+0000] {file_jsons_to_postgres.py:49} INFO - Successfully parsed date 24-06-13 using format %d-%m-%y
[2024-06-19T18:30:03.183+0000] {file_jsons_to_postgres.py:49} INFO - Successfully parsed date 06.13.24 using format %m.%d.%y
[2024-06-19T18:30:03.184+0000] {file_jsons_to_postgres.py:53} WARNING - Failed to parse date 2024-06-32 with available formats
[2024-06-19T18:30:03.184+0000] {file_jsons_to_postgres.py:53} WARNING - Failed to parse date 2024-06-32 with available formats
[2024-06-19T18:30:03.185+0000] {file_jsons_to_postgres.py:49} INFO - Successfully parsed date 13-06-2024 using format %d-%m-%Y
[2024-06-19T18:30:03.185+0000] {file_jsons_to_postgres.py:49} INFO - Successfully parsed date 13/06/24 using format %d/%m/%y
[2024-06-19T18:30:03.186+0000] {file_jsons_to_postgres.py:49} INFO - Successfully parsed date 06.13.24 using format %m.%d.%y
[2024-06-19T18:30:03.186+0000] {file_jsons_to_postgres.py:49} INFO - Successfully parsed date 13-06-2024 using format %d-%m-%Y
[2024-06-19T18:30:03.187+0000] {file_jsons_to_postgres.py:53} WARNING - Failed to parse date 2024-06-32 with available formats
[2024-06-19T18:30:03.187+0000] {file_jsons_to_postgres.py:49} INFO - Successfully parsed date 06.13.24 using format %m.%d.%y
[2024-06-19T18:30:03.188+0000] {file_jsons_to_postgres.py:49} INFO - Successfully parsed date 13.06.2024 using format %d.%m.%Y
[2024-06-19T18:30:03.188+0000] {file_jsons_to_postgres.py:49} INFO - Successfully parsed date 2024/06/13 using format %Y/%m/%d
[2024-06-19T18:30:03.189+0000] {file_jsons_to_postgres.py:49} INFO - Successfully parsed date 13-06-2024 using format %d-%m-%Y
[2024-06-19T18:30:03.189+0000] {file_jsons_to_postgres.py:49} INFO - Successfully parsed date 13.06.2024 using format %d.%m.%Y
[2024-06-19T18:30:03.190+0000] {file_jsons_to_postgres.py:53} WARNING - Failed to parse date 2024-06-13 15:30:00 with available formats
[2024-06-19T18:30:03.190+0000] {file_jsons_to_postgres.py:53} WARNING - Failed to parse date 2024/15/06 with available formats
[2024-06-19T18:30:03.190+0000] {file_jsons_to_postgres.py:49} INFO - Successfully parsed date 2024-06-13 using format %Y-%m-%d
[2024-06-19T18:30:03.191+0000] {file_jsons_to_postgres.py:49} INFO - Successfully parsed date 13.06.2024 using format %d.%m.%Y
[2024-06-19T18:30:03.191+0000] {file_jsons_to_postgres.py:49} INFO - Successfully parsed date 2024-13-01 using format %Y-%d-%m
[2024-06-19T18:30:03.192+0000] {file_jsons_to_postgres.py:49} INFO - Successfully parsed date 2024-13-01 using format %Y-%d-%m
[2024-06-19T18:30:03.192+0000] {file_jsons_to_postgres.py:49} INFO - Successfully parsed date 13.06.2024 using format %d.%m.%Y
[2024-06-19T18:30:03.193+0000] {file_jsons_to_postgres.py:49} INFO - Successfully parsed date 13-06-2024 using format %d-%m-%Y
[2024-06-19T18:30:03.193+0000] {file_jsons_to_postgres.py:49} INFO - Successfully parsed date 13/06/24 using format %d/%m/%y
[2024-06-19T18:30:03.193+0000] {file_jsons_to_postgres.py:49} INFO - Successfully parsed date 06/13/2024 using format %m/%d/%Y
[2024-06-19T18:30:03.194+0000] {file_jsons_to_postgres.py:49} INFO - Successfully parsed date 2024-06-13 using format %Y-%m-%d
[2024-06-19T18:30:03.194+0000] {file_jsons_to_postgres.py:53} WARNING - Failed to parse date 2024-02-30 with available formats
[2024-06-19T18:30:03.195+0000] {file_jsons_to_postgres.py:49} INFO - Successfully parsed date 2024-13-01 using format %Y-%d-%m
[2024-06-19T18:30:03.195+0000] {file_jsons_to_postgres.py:49} INFO - Successfully parsed date 06.13.24 using format %m.%d.%y
[2024-06-19T18:30:03.196+0000] {file_jsons_to_postgres.py:49} INFO - Successfully parsed date 2024-13-01 using format %Y-%d-%m
[2024-06-19T18:30:03.196+0000] {file_jsons_to_postgres.py:53} WARNING - Failed to parse date 2024-06-32 with available formats
[2024-06-19T18:30:03.197+0000] {file_jsons_to_postgres.py:53} WARNING - Failed to parse date 2024-00-01 with available formats
[2024-06-19T18:30:03.197+0000] {file_jsons_to_postgres.py:49} INFO - Successfully parsed date 2024-13-01 using format %Y-%d-%m
[2024-06-19T18:30:03.198+0000] {file_jsons_to_postgres.py:49} INFO - Successfully parsed date 06.13.24 using format %m.%d.%y
[2024-06-19T18:30:03.198+0000] {file_jsons_to_postgres.py:49} INFO - Successfully parsed date 06/13/2024 using format %m/%d/%Y
[2024-06-19T18:30:03.199+0000] {file_jsons_to_postgres.py:49} INFO - Successfully parsed date 13-06-2024 using format %d-%m-%Y
[2024-06-19T18:30:03.199+0000] {file_jsons_to_postgres.py:49} INFO - Successfully parsed date 13.06.2024 using format %d.%m.%Y
[2024-06-19T18:30:03.200+0000] {file_jsons_to_postgres.py:53} WARNING - Failed to parse date 2024-02-30 with available formats
[2024-06-19T18:30:03.200+0000] {file_jsons_to_postgres.py:53} WARNING - Failed to parse date 2024-00-01 with available formats
[2024-06-19T18:30:03.200+0000] {file_jsons_to_postgres.py:49} INFO - Successfully parsed date 2024-06-13 using format %Y-%m-%d
[2024-06-19T18:30:03.201+0000] {file_jsons_to_postgres.py:49} INFO - Successfully parsed date 2024-13-01 using format %Y-%d-%m
[2024-06-19T18:30:03.201+0000] {file_jsons_to_postgres.py:49} INFO - Successfully parsed date 24-06-13 using format %d-%m-%y
[2024-06-19T18:30:03.202+0000] {file_jsons_to_postgres.py:53} WARNING - Failed to parse date 2024/15/06 with available formats
[2024-06-19T18:30:03.203+0000] {file_jsons_to_postgres.py:49} INFO - Successfully parsed date 13/06/24 using format %d/%m/%y
[2024-06-19T18:30:03.203+0000] {file_jsons_to_postgres.py:49} INFO - Successfully parsed date 06.13.24 using format %m.%d.%y
[2024-06-19T18:30:03.204+0000] {file_jsons_to_postgres.py:49} INFO - Successfully parsed date 13/06/24 using format %d/%m/%y
[2024-06-19T18:30:03.204+0000] {file_jsons_to_postgres.py:53} WARNING - Failed to parse date 2024/15/06 with available formats
[2024-06-19T18:30:03.205+0000] {file_jsons_to_postgres.py:49} INFO - Successfully parsed date 2024/06/13 using format %Y/%m/%d
[2024-06-19T18:30:03.205+0000] {file_jsons_to_postgres.py:53} WARNING - Failed to parse date 2024-06-13 15:30:00 with available formats
[2024-06-19T18:30:03.206+0000] {file_jsons_to_postgres.py:49} INFO - Successfully parsed date 13-06-2024 using format %d-%m-%Y
[2024-06-19T18:30:03.206+0000] {file_jsons_to_postgres.py:53} WARNING - Failed to parse date 2024/15/06 with available formats
[2024-06-19T18:30:03.207+0000] {file_jsons_to_postgres.py:53} WARNING - Failed to parse date 2024-06-13 15:30:00 with available formats
[2024-06-19T18:30:03.208+0000] {file_jsons_to_postgres.py:53} WARNING - Failed to parse date 2024-06-13 15:30:00 with available formats
[2024-06-19T18:30:03.208+0000] {file_jsons_to_postgres.py:53} WARNING - Failed to parse date 2024/15/06 with available formats
[2024-06-19T18:30:03.209+0000] {file_jsons_to_postgres.py:53} WARNING - Failed to parse date 2024-02-30 with available formats
[2024-06-19T18:30:03.209+0000] {file_jsons_to_postgres.py:49} INFO - Successfully parsed date 06.13.24 using format %m.%d.%y
[2024-06-19T18:30:03.210+0000] {file_jsons_to_postgres.py:49} INFO - Successfully parsed date 24-06-13 using format %d-%m-%y
[2024-06-19T18:30:03.210+0000] {file_jsons_to_postgres.py:49} INFO - Successfully parsed date 24-06-13 using format %d-%m-%y
[2024-06-19T18:30:03.211+0000] {file_jsons_to_postgres.py:49} INFO - Successfully parsed date 2024-06-13 using format %Y-%m-%d
[2024-06-19T18:30:03.211+0000] {file_jsons_to_postgres.py:49} INFO - Successfully parsed date 06/13/2024 using format %m/%d/%Y
[2024-06-19T18:30:03.212+0000] {file_jsons_to_postgres.py:49} INFO - Successfully parsed date 06.13.24 using format %m.%d.%y
[2024-06-19T18:30:03.212+0000] {file_jsons_to_postgres.py:49} INFO - Successfully parsed date 2024-13-01 using format %Y-%d-%m
[2024-06-19T18:30:03.213+0000] {file_jsons_to_postgres.py:49} INFO - Successfully parsed date 06.13.24 using format %m.%d.%y
[2024-06-19T18:30:03.213+0000] {file_jsons_to_postgres.py:49} INFO - Successfully parsed date 2024-06-13 using format %Y-%m-%d
[2024-06-19T18:30:03.213+0000] {file_jsons_to_postgres.py:53} WARNING - Failed to parse date 2024-06-32 with available formats
[2024-06-19T18:30:03.214+0000] {file_jsons_to_postgres.py:49} INFO - Successfully parsed date 13.06.2024 using format %d.%m.%Y
[2024-06-19T18:30:03.215+0000] {file_jsons_to_postgres.py:53} WARNING - Failed to parse date 2024/15/06 with available formats
[2024-06-19T18:30:03.215+0000] {file_jsons_to_postgres.py:49} INFO - Successfully parsed date 13-06-2024 using format %d-%m-%Y
[2024-06-19T18:30:03.215+0000] {file_jsons_to_postgres.py:49} INFO - Successfully parsed date 2024-13-01 using format %Y-%d-%m
[2024-06-19T18:30:03.216+0000] {file_jsons_to_postgres.py:53} WARNING - Failed to parse date 2024-00-01 with available formats
[2024-06-19T18:30:03.216+0000] {file_jsons_to_postgres.py:49} INFO - Successfully parsed date 24-06-13 using format %d-%m-%y
[2024-06-19T18:30:03.217+0000] {file_jsons_to_postgres.py:49} INFO - Successfully parsed date 06.13.24 using format %m.%d.%y
[2024-06-19T18:30:03.218+0000] {file_jsons_to_postgres.py:53} WARNING - Failed to parse date 2024-02-30 with available formats
[2024-06-19T18:30:03.218+0000] {file_jsons_to_postgres.py:53} WARNING - Failed to parse date 2024-02-30 with available formats
[2024-06-19T18:30:03.219+0000] {file_jsons_to_postgres.py:49} INFO - Successfully parsed date 2024-13-01 using format %Y-%d-%m
[2024-06-19T18:30:03.219+0000] {file_jsons_to_postgres.py:49} INFO - Successfully parsed date 13/06/24 using format %d/%m/%y
[2024-06-19T18:30:03.220+0000] {file_jsons_to_postgres.py:49} INFO - Successfully parsed date 13-06-2024 using format %d-%m-%Y
[2024-06-19T18:30:03.220+0000] {file_jsons_to_postgres.py:49} INFO - Successfully parsed date 13.06.2024 using format %d.%m.%Y
[2024-06-19T18:30:03.221+0000] {file_jsons_to_postgres.py:53} WARNING - Failed to parse date 2024-02-30 with available formats
[2024-06-19T18:30:03.221+0000] {file_jsons_to_postgres.py:49} INFO - Successfully parsed date 06.13.24 using format %m.%d.%y
[2024-06-19T18:30:03.222+0000] {file_jsons_to_postgres.py:49} INFO - Successfully parsed date 06.13.24 using format %m.%d.%y
[2024-06-19T18:30:03.222+0000] {file_jsons_to_postgres.py:49} INFO - Successfully parsed date 2024/06/13 using format %Y/%m/%d
[2024-06-19T18:30:03.223+0000] {file_jsons_to_postgres.py:53} WARNING - Failed to parse date 2024/15/06 with available formats
[2024-06-19T18:30:03.223+0000] {file_jsons_to_postgres.py:49} INFO - Successfully parsed date 06.13.24 using format %m.%d.%y
[2024-06-19T18:30:03.224+0000] {file_jsons_to_postgres.py:49} INFO - Successfully parsed date 13.06.2024 using format %d.%m.%Y
[2024-06-19T18:30:03.224+0000] {file_jsons_to_postgres.py:49} INFO - Successfully parsed date 2024/06/13 using format %Y/%m/%d
[2024-06-19T18:30:03.225+0000] {file_jsons_to_postgres.py:49} INFO - Successfully parsed date 24-06-13 using format %d-%m-%y
[2024-06-19T18:30:03.225+0000] {file_jsons_to_postgres.py:53} WARNING - Failed to parse date 2024-02-30 with available formats
[2024-06-19T18:30:03.226+0000] {file_jsons_to_postgres.py:49} INFO - Successfully parsed date 13/06/24 using format %d/%m/%y
[2024-06-19T18:30:03.227+0000] {file_jsons_to_postgres.py:53} WARNING - Failed to parse date 2024-02-30 with available formats
[2024-06-19T18:30:03.227+0000] {file_jsons_to_postgres.py:49} INFO - Successfully parsed date 06.13.24 using format %m.%d.%y
[2024-06-19T18:30:03.228+0000] {file_jsons_to_postgres.py:53} WARNING - Failed to parse date 2024-06-32 with available formats
[2024-06-19T18:30:03.228+0000] {file_jsons_to_postgres.py:49} INFO - Successfully parsed date 2024-13-01 using format %Y-%d-%m
[2024-06-19T18:30:03.229+0000] {file_jsons_to_postgres.py:49} INFO - Successfully parsed date 2024-13-01 using format %Y-%d-%m
[2024-06-19T18:30:03.229+0000] {file_jsons_to_postgres.py:49} INFO - Successfully parsed date 13.06.2024 using format %d.%m.%Y
[2024-06-19T18:30:03.230+0000] {file_jsons_to_postgres.py:49} INFO - Successfully parsed date 13.06.2024 using format %d.%m.%Y
[2024-06-19T18:30:03.230+0000] {file_jsons_to_postgres.py:49} INFO - Successfully parsed date 06.13.24 using format %m.%d.%y
[2024-06-19T18:30:03.231+0000] {file_jsons_to_postgres.py:53} WARNING - Failed to parse date 2024-06-32 with available formats
[2024-06-19T18:30:03.232+0000] {file_jsons_to_postgres.py:53} WARNING - Failed to parse date 2024-02-30 with available formats
[2024-06-19T18:30:03.232+0000] {file_jsons_to_postgres.py:53} WARNING - Failed to parse date 2024-00-01 with available formats
[2024-06-19T18:30:03.233+0000] {file_jsons_to_postgres.py:49} INFO - Successfully parsed date 13.06.2024 using format %d.%m.%Y
[2024-06-19T18:30:03.233+0000] {file_jsons_to_postgres.py:53} WARNING - Failed to parse date 2024-02-30 with available formats
[2024-06-19T18:30:03.234+0000] {file_jsons_to_postgres.py:53} WARNING - Failed to parse date 2024/15/06 with available formats
[2024-06-19T18:30:03.234+0000] {file_jsons_to_postgres.py:49} INFO - Successfully parsed date 13/06/24 using format %d/%m/%y
[2024-06-19T18:30:03.235+0000] {file_jsons_to_postgres.py:49} INFO - Successfully parsed date 2024-13-01 using format %Y-%d-%m
[2024-06-19T18:30:03.235+0000] {file_jsons_to_postgres.py:53} WARNING - Failed to parse date 2024-02-30 with available formats
[2024-06-19T18:30:03.236+0000] {file_jsons_to_postgres.py:49} INFO - Successfully parsed date 13.06.2024 using format %d.%m.%Y
[2024-06-19T18:30:03.236+0000] {file_jsons_to_postgres.py:49} INFO - Successfully parsed date 24-06-13 using format %d-%m-%y
[2024-06-19T18:30:03.237+0000] {file_jsons_to_postgres.py:49} INFO - Successfully parsed date 13-06-2024 using format %d-%m-%Y
[2024-06-19T18:30:03.237+0000] {file_jsons_to_postgres.py:49} INFO - Successfully parsed date 13/06/24 using format %d/%m/%y
[2024-06-19T18:30:03.238+0000] {file_jsons_to_postgres.py:53} WARNING - Failed to parse date 2024-00-01 with available formats
[2024-06-19T18:30:03.238+0000] {file_jsons_to_postgres.py:53} WARNING - Failed to parse date 2024-02-30 with available formats
[2024-06-19T18:30:03.239+0000] {file_jsons_to_postgres.py:49} INFO - Successfully parsed date 2024-06-13 using format %Y-%m-%d
[2024-06-19T18:30:03.239+0000] {file_jsons_to_postgres.py:49} INFO - Successfully parsed date 13-06-2024 using format %d-%m-%Y
[2024-06-19T18:30:03.240+0000] {file_jsons_to_postgres.py:53} WARNING - Failed to parse date 2024-00-01 with available formats
[2024-06-19T18:30:03.240+0000] {file_jsons_to_postgres.py:53} WARNING - Failed to parse date 2024-00-01 with available formats
[2024-06-19T18:30:03.241+0000] {file_jsons_to_postgres.py:49} INFO - Successfully parsed date 13/06/24 using format %d/%m/%y
[2024-06-19T18:30:03.241+0000] {file_jsons_to_postgres.py:49} INFO - Successfully parsed date 24-06-13 using format %d-%m-%y
[2024-06-19T18:30:03.242+0000] {file_jsons_to_postgres.py:49} INFO - Successfully parsed date 24-06-13 using format %d-%m-%y
[2024-06-19T18:30:03.242+0000] {file_jsons_to_postgres.py:53} WARNING - Failed to parse date 2024-00-01 with available formats
[2024-06-19T18:30:03.243+0000] {file_jsons_to_postgres.py:49} INFO - Successfully parsed date 13/06/24 using format %d/%m/%y
[2024-06-19T18:30:03.243+0000] {file_jsons_to_postgres.py:49} INFO - Successfully parsed date 2024-06-13 using format %Y-%m-%d
[2024-06-19T18:30:03.244+0000] {file_jsons_to_postgres.py:53} WARNING - Failed to parse date 2024-02-30 with available formats
[2024-06-19T18:30:03.244+0000] {file_jsons_to_postgres.py:49} INFO - Successfully parsed date 13-06-2024 using format %d-%m-%Y
[2024-06-19T18:30:03.245+0000] {file_jsons_to_postgres.py:49} INFO - Successfully parsed date 13/06/24 using format %d/%m/%y
[2024-06-19T18:30:03.245+0000] {file_jsons_to_postgres.py:49} INFO - Successfully parsed date 24-06-13 using format %d-%m-%y
[2024-06-19T18:30:03.245+0000] {file_jsons_to_postgres.py:49} INFO - Successfully parsed date 06/13/2024 using format %m/%d/%Y
[2024-06-19T18:30:03.246+0000] {file_jsons_to_postgres.py:49} INFO - Successfully parsed date 13-06-2024 using format %d-%m-%Y
[2024-06-19T18:30:03.246+0000] {file_jsons_to_postgres.py:49} INFO - Successfully parsed date 2024-13-01 using format %Y-%d-%m
[2024-06-19T18:30:03.247+0000] {file_jsons_to_postgres.py:49} INFO - Successfully parsed date 24-06-13 using format %d-%m-%y
[2024-06-19T18:30:03.247+0000] {file_jsons_to_postgres.py:49} INFO - Successfully parsed date 13/06/24 using format %d/%m/%y
[2024-06-19T18:30:03.248+0000] {file_jsons_to_postgres.py:49} INFO - Successfully parsed date 13-06-2024 using format %d-%m-%Y
[2024-06-19T18:30:03.248+0000] {file_jsons_to_postgres.py:49} INFO - Successfully parsed date 06.13.24 using format %m.%d.%y
[2024-06-19T18:30:03.249+0000] {file_jsons_to_postgres.py:49} INFO - Successfully parsed date 2024-13-01 using format %Y-%d-%m
[2024-06-19T18:30:03.249+0000] {file_jsons_to_postgres.py:53} WARNING - Failed to parse date 2024-02-30 with available formats
[2024-06-19T18:30:03.250+0000] {file_jsons_to_postgres.py:53} WARNING - Failed to parse date 2024-06-13 15:30:00 with available formats
[2024-06-19T18:30:03.250+0000] {file_jsons_to_postgres.py:49} INFO - Successfully parsed date 2024/06/13 using format %Y/%m/%d
[2024-06-19T18:30:03.251+0000] {file_jsons_to_postgres.py:49} INFO - Successfully parsed date 13/06/24 using format %d/%m/%y
[2024-06-19T18:30:03.251+0000] {file_jsons_to_postgres.py:53} WARNING - Failed to parse date 2024-02-30 with available formats
[2024-06-19T18:30:03.252+0000] {file_jsons_to_postgres.py:53} WARNING - Failed to parse date 2024-02-30 with available formats
[2024-06-19T18:30:03.252+0000] {file_jsons_to_postgres.py:49} INFO - Successfully parsed date 06/13/2024 using format %m/%d/%Y
[2024-06-19T18:30:03.253+0000] {file_jsons_to_postgres.py:49} INFO - Successfully parsed date 13-06-2024 using format %d-%m-%Y
[2024-06-19T18:30:03.253+0000] {file_jsons_to_postgres.py:53} WARNING - Failed to parse date 2024-02-30 with available formats
[2024-06-19T18:30:03.254+0000] {file_jsons_to_postgres.py:49} INFO - Successfully parsed date 06.13.24 using format %m.%d.%y
[2024-06-19T18:30:03.255+0000] {file_jsons_to_postgres.py:49} INFO - Successfully parsed date 13/06/24 using format %d/%m/%y
[2024-06-19T18:30:03.255+0000] {file_jsons_to_postgres.py:49} INFO - Successfully parsed date 06/13/2024 using format %m/%d/%Y
[2024-06-19T18:30:03.255+0000] {file_jsons_to_postgres.py:49} INFO - Successfully parsed date 2024-06-13 using format %Y-%m-%d
[2024-06-19T18:30:03.256+0000] {file_jsons_to_postgres.py:53} WARNING - Failed to parse date 2024-02-30 with available formats
[2024-06-19T18:30:03.256+0000] {file_jsons_to_postgres.py:49} INFO - Successfully parsed date 13/06/24 using format %d/%m/%y
[2024-06-19T18:30:03.257+0000] {file_jsons_to_postgres.py:49} INFO - Successfully parsed date 06.13.24 using format %m.%d.%y
[2024-06-19T18:30:03.258+0000] {file_jsons_to_postgres.py:53} WARNING - Failed to parse date 2024-06-32 with available formats
[2024-06-19T18:30:03.258+0000] {file_jsons_to_postgres.py:49} INFO - Successfully parsed date 2024-06-13 using format %Y-%m-%d
[2024-06-19T18:30:03.258+0000] {file_jsons_to_postgres.py:49} INFO - Successfully parsed date 2024/06/13 using format %Y/%m/%d
[2024-06-19T18:30:03.259+0000] {file_jsons_to_postgres.py:53} WARNING - Failed to parse date 2024-00-01 with available formats
[2024-06-19T18:30:03.260+0000] {file_jsons_to_postgres.py:49} INFO - Successfully parsed date 06.13.24 using format %m.%d.%y
[2024-06-19T18:30:03.260+0000] {file_jsons_to_postgres.py:53} WARNING - Failed to parse date 2024/15/06 with available formats
[2024-06-19T18:30:03.261+0000] {file_jsons_to_postgres.py:49} INFO - Successfully parsed date 13/06/24 using format %d/%m/%y
[2024-06-19T18:30:03.261+0000] {file_jsons_to_postgres.py:49} INFO - Successfully parsed date 2024/06/13 using format %Y/%m/%d
[2024-06-19T18:30:03.262+0000] {file_jsons_to_postgres.py:49} INFO - Successfully parsed date 13/06/24 using format %d/%m/%y
[2024-06-19T18:30:03.263+0000] {file_jsons_to_postgres.py:71} INFO - Filtered valid data: [{'name': 'Sekhar', 'email': 'f5gqiw!vz4@kowtjsn.mb', 'date': '2024-06-13'}, {'name': 'Praneeth', 'email': 'jj%fpfe!2a@ltuyxhh.vw', 'date': '2024-06-13'}, {'name': 'Kiran', 'email': 'b@kbzv.jg', 'date': '2024-06-13'}, {'name': 'Ushasri', 'email': 'dfkcn@wpdrh.fbg', 'date': '2024-06-13'}, {'name': 'Nagavamsi', 'email': '44ldpo@wci.zl', 'date': '2024-06-13'}, {'name': 'Nadikatla', 'email': 'h#zn1l3pu@hstx.rf', 'date': '2024-06-13'}, {'name': 'Ushasri', 'email': 'jemhz4^i!#@nns.ld', 'date': '2024-01-13'}, {'name': 'Masthan', 'email': '6b5v@jkaznzpsw.bw', 'date': '2024-06-13'}, {'name': 'Soukhya', 'email': 'ihww2@noqe.mf', 'date': '2024-01-13'}, {'name': 'Prasanna', 'email': 'l&@cbclt.keo', 'date': '2024-06-13'}, {'name': 'Dathrika', 'email': 'f.z$ig!x&!@qow.iz', 'date': '2024-06-13'}, {'name': 'Spandana', 'email': 'caonya#wz@mzkmcma.fe', 'date': '2024-06-13'}, {'name': 'Saiteja', 'email': 'tbyhsqy@juh.dae', 'date': '2024-06-13'}, {'name': 'Vadlamudi', 'email': 'tjcuy^8f5v@wcujzcxm.zi', 'date': '2024-06-13'}, {'name': 'Bahoju', 'email': 'r&lx00k0e1@xadkfvwpy.ecq', 'date': '2024-06-13'}, {'name': 'Udugula', 'email': 'mu67%^thy@nvji.tw', 'date': '2024-06-13'}, {'name': 'Chandra', 'email': '5nss&r*!d@glt.bjk', 'date': '2024-06-13'}, {'name': 'Machupalli', 'email': 'dcufgw@g.de', 'date': '2024-06-13'}, {'name': 'Karnati', 'email': 'y@ezzgxyr.wly', 'date': '2024-06-13'}, {'name': 'Moru', 'email': '3&bs@zzn.we', 'date': '2024-06-13'}, {'name': 'Vankamamidi', 'email': 'y0decbadz@ycuuckeix.fc', 'date': '2024-06-13'}, {'name': 'Mohammad', 'email': 'pr*@vvfgsrgy.ltl', 'date': '2024-06-13'}, {'name': 'Saiteja', 'email': 'r5$yd&.@jotkhbpro.kpp', 'date': '2024-06-13'}, {'name': 'Suma', 'email': 'y@a.aen', 'date': '2013-06-24'}, {'name': 'Akhilesh', 'email': 'kx@nlqudvj.yyk', 'date': '2024-06-13'}, {'name': 'Adepu', 'email': 'h57!p^plx6@mx.ahk', 'date': '2024-06-13'}, {'name': 'Vadlamudi', 'email': 'h@fsodmmbxi.ya', 'date': '2024-06-13'}, {'name': 'Chandrakanth', 'email': 'ze@kbc.ulm', 'date': '2024-06-13'}, {'name': 'Shareef', 'email': 'ki9hv5@mjugdkxl.qa', 'date': '2024-06-13'}, {'name': 'Komati', 'email': '10$*u@c.qt', 'date': '2024-06-13'}, {'name': 'Anthati', 'email': '4@yjlw.fx', 'date': '2024-06-13'}, {'name': 'Nikhil', 'email': 'cokto@zbpiwpi.mb', 'date': '2024-06-13'}, {'name': 'Chandrakanth', 'email': 'z.4k#@qwpml.bl', 'date': '2024-06-13'}, {'name': 'Chirneni', 'email': 'kv3*qy@jxoy.fxy', 'date': '2024-06-13'}, {'name': 'Sree', 'email': 'ou@xfemwoclu.hm', 'date': '2024-06-13'}, {'name': 'Bahoju', 'email': '4!w7@gezqtv.hk', 'date': '2024-06-13'}, {'name': 'Karnati', 'email': 'ot@lwj.dc', 'date': '2024-06-13'}, {'name': 'Suma', 'email': 'wj1k*!@vwejlvvp.hvi', 'date': '2024-06-13'}, {'name': 'Davis', 'email': '23@faijzja.nt', 'date': '2024-06-13'}, {'name': 'Krishna', 'email': 'q#$$j@yjxdinptj.gvl', 'date': '2024-06-13'}, {'name': 'Sree', 'email': 'gvy&%4pec@g.wmh', 'date': '2024-06-13'}, {'name': 'Sekhar', 'email': 'uv@afafb.rg', 'date': '2024-06-13'}, {'name': 'Aishwarya', 'email': 'rp5@pccierqb.vxb', 'date': '2024-06-13'}, {'name': 'Narandas', 'email': '4gct!j@begxgno.si', 'date': '2024-06-13'}, {'name': 'Jyothi', 'email': '8r5xyb.!@bji.su', 'date': '2013-06-24'}, {'name': 'Brahmadevara', 'email': '9%0@wxjgvhn.kt', 'date': '2024-06-13'}, {'name': 'Gopalakrishna', 'email': 'bw@nnadav.it', 'date': '2024-06-13'}, {'name': 'Krishna', 'email': 'u7s5y@rtam.qi', 'date': '2024-01-13'}, {'name': 'Goud', 'email': 'e^@woyafva.yxu', 'date': '2024-06-13'}, {'name': 'Komati', 'email': 'wcom.3@qbyppcsc.yvg', 'date': '2024-06-13'}, {'name': 'Srikanth', 'email': '21fjr8@ufvf.nd', 'date': '2024-06-13'}, {'name': 'Moru', 'email': 'jxwn@vytncdk.ch', 'date': '2024-06-13'}, {'name': 'Rayapusetty', 'email': 'r&@h.djw', 'date': '2024-06-13'}, {'name': 'Machupalli', 'email': 'b$2@whc.pa', 'date': '2024-06-13'}, {'name': 'Prudhvi', 'email': '50d@mi.uk', 'date': '2024-06-13'}, {'name': 'Vankamamidi', 'email': '9@quplf.tuo', 'date': '2024-06-13'}, {'name': 'Kambhampati', 'email': 'g03$u2x5o@ijep.gl', 'date': '2024-06-13'}, {'name': 'Sundar', 'email': 'd3ng8xv@npciy.jf', 'date': '2024-06-13'}, {'name': 'Vishnu', 'email': 'dyclw@qwm.fm', 'date': '2024-06-13'}, {'name': 'Pavan', 'email': 'lmgv043q^s@haebqn.ajl', 'date': '2024-06-13'}, {'name': 'Vinay', 'email': 'j&#hmz@xc.vev', 'date': '2024-01-13'}, {'name': 'Majji', 'email': 'n!$ji@xah.mmi', 'date': '2024-01-13'}, {'name': 'Keerthana', 'email': 'n9hb@j.wjz', 'date': '2013-06-24'}, {'name': 'Adepu', 'email': '1x2fpbmxo@odswnvhzy.lyj', 'date': '2024-06-13'}, {'name': 'Vemuri', 'email': 'm$@hhndqwuov.ijr', 'date': '2024-06-13'}, {'name': 'Sekhar', 'email': 'e@vrevyu.hsv', 'date': '2024-06-13'}, {'name': 'Udugula', 'email': '6d&i@jswggj.np', 'date': '2024-06-13'}, {'name': 'Vinay', 'email': '8wq&$f@hwpdqmszg.udh', 'date': '2024-06-13'}, {'name': 'Vadlamudi', 'email': '3obud^v%@akykqyk.zb', 'date': '2024-06-13'}, {'name': 'Koti', 'email': 'o@chjwllurx.khj', 'date': '2024-06-13'}, {'name': 'Lakshmi', 'email': 'wx%la6c@svvgyqar.pnb', 'date': '2024-06-13'}, {'name': 'Vankamamidi', 'email': 'qm9it5403a@mpqh.ne', 'date': '2024-06-13'}, {'name': 'Brahmadevara', 'email': '7i9j@fgvh.fvw', 'date': '2024-06-13'}, {'name': 'Ramya', 'email': '1z@d.ms', 'date': '2024-06-13'}, {'name': 'Pottabathini', 'email': '4we@extjg.bs', 'date': '2024-06-13'}, {'name': 'Kambhampati', 'email': 'z@atze.vbh', 'date': '2024-06-13'}, {'name': 'Pottabathini', 'email': 'j2l&$diihs@xy.xln', 'date': '2024-06-13'}, {'name': 'Sree', 'email': 'csqdsvr.ch@mp.cb', 'date': '2024-06-13'}, {'name': 'Srikanth', 'email': 'uz!*101@ie.aum', 'date': '2013-06-24'}, {'name': 'Bharath', 'email': 'rvecd^^@zdomsy.hz', 'date': '2013-06-24'}, {'name': 'Narandas', 'email': 'in5!4ay9fc@bxtsj.lt', 'date': '2024-06-13'}, {'name': 'Nagavamsi', 'email': '6vo^yn$1^@irvyvnaci.oqr', 'date': '2013-06-24'}, {'name': 'Nadikatla', 'email': 'cdzhu803gh@xk.st', 'date': '2024-06-13'}, {'name': 'Zainuddin', 'email': 'i#r&h@jsokx.dq', 'date': '2024-06-13'}, {'name': 'Thej', 'email': 'y*j1lsdfi4@wvw.yi', 'date': '2013-06-24'}, {'name': 'Nagavamsi', 'email': '05380!o.d1@nu.lg', 'date': '2024-06-13'}, {'name': 'Vemuri', 'email': '4ygv@ujxosenc.vj', 'date': '2024-06-13'}, {'name': 'Moru', 'email': '7ozln$fxk9@ywgwaeyx.fe', 'date': '2024-06-13'}, {'name': 'Uday', 'email': 'ilqb&kl0@pyzwu.jb', 'date': '2024-06-13'}, {'name': 'Mohammad', 'email': 'ditbf#ra@madjr.sm', 'date': '2024-06-13'}, {'name': 'Shaik', 'email': '3@yn.hy', 'date': '2024-06-13'}, {'name': 'Soukhya', 'email': 'ga0e@uzfj.mi', 'date': '2024-06-13'}, {'name': 'Prasanna', 'email': 'm!3ze0@aqfww.uxu', 'date': '2024-06-13'}, {'name': 'Ganji', 'email': '8$5av%1@cwad.ywc', 'date': '2024-06-13'}, {'name': 'Chandra', 'email': 'iw#!yt1wo@xv.rf', 'date': '2024-06-13'}, {'name': 'Pottabathini', 'email': '4qmem&1hx7@eyj.okp', 'date': '2024-06-13'}, {'name': 'Anthati', 'email': 'pfx!k@hzwrzo.iaa', 'date': '2024-06-13'}, {'name': 'Goud', 'email': 'mq7.o5vz^#@nt.rqf', 'date': '2024-06-13'}, {'name': 'Shashank', 'email': 'ousks@nvxwrlk.si', 'date': '2024-06-13'}, {'name': 'Zainuddin', 'email': 'gk0s987@aa.lnx', 'date': '2024-06-13'}, {'name': 'Adepu', 'email': 'xo31hid@isuzeis.lns', 'date': '2024-06-13'}, {'name': 'Kuppireddy', 'email': 'ah9pr@rajnzlvp.suc', 'date': '2024-06-13'}, {'name': 'Saiteja', 'email': 'zt3@vkehzvlky.ty', 'date': '2024-06-13'}, {'name': 'Goud', 'email': '4a5kpe1n@yfl.trh', 'date': '2024-06-13'}, {'name': 'Pottabathini', 'email': 'zqm@scl.km', 'date': '2024-06-13'}, {'name': 'Nadikatla', 'email': 'pjbd.t@my.df', 'date': '2024-06-13'}, {'name': 'Anthati', 'email': '1bp1rx.@s.me', 'date': '2024-06-13'}, {'name': 'Narandas', 'email': '7@z.gki', 'date': '2024-06-13'}, {'name': 'Bharath', 'email': 'n%j7ro0@uf.fp', 'date': '2024-06-13'}, {'name': 'Komati', 'email': '73*d@zy.phd', 'date': '2013-06-24'}, {'name': 'Chandrakanth', 'email': '32w@elrrxocmi.eza', 'date': '2024-06-13'}, {'name': 'Gopalakrishna', 'email': 'aajiu@lnev.ufk', 'date': '2024-01-13'}, {'name': 'Ramya', 'email': 'd.8fq!63@zchoa.pz', 'date': '2024-01-13'}, {'name': 'Arun', 'email': '7f3@cxoqlke.yk', 'date': '2024-06-13'}, {'name': 'Pavan', 'email': '2k&y#&2j@drb.nzl', 'date': '2024-06-13'}, {'name': 'Sree', 'email': 'rbp4xu5rto@j.kf', 'date': '2024-06-13'}, {'name': 'Bhargavi', 'email': 'ry3*d@ylrl.gol', 'date': '2024-06-13'}, {'name': 'Sanka', 'email': 'nl@bksbfrr.nc', 'date': '2024-06-13'}, {'name': 'Kiran', 'email': 'l8n%7x4@mrd.hio', 'date': '2024-01-13'}, {'name': 'Nagavamsi', 'email': 'k^w0s81i@vtdwjpi.tp', 'date': '2024-01-13'}, {'name': 'Sadvika', 'email': 'g&yg8@uidd.rmd', 'date': '2024-01-13'}, {'name': 'Addala', 'email': 'atqsgotlzm@nuwiifpnf.fb', 'date': '2024-06-13'}, {'name': 'Pottabathini', 'email': '3qxh*@jalrtcsz.cm', 'date': '2024-06-13'}, {'name': 'Samala', 'email': 'ra.f@vzfvgvgj.sxy', 'date': '2024-06-13'}, {'name': 'Davis', 'email': 'ace.#a&eqq@dxqyze.xpb', 'date': '2024-06-13'}, {'name': 'Komati', 'email': 'p7u#zrj2if@n.uto', 'date': '2024-06-13'}, {'name': 'Prudhvi', 'email': 'v9f9qas@yg.lj', 'date': '2024-06-13'}, {'name': 'Adepu', 'email': 'r*8v@udcsu.bp', 'date': '2024-06-13'}, {'name': 'Kambhampati', 'email': 'c&k@zrahmwzr.gvg', 'date': '2024-06-13'}, {'name': 'Gopalakrishna', 'email': '7m@ihwlcf.jj', 'date': '2013-06-24'}, {'name': 'Raghu', 'email': 'd8xzd@bwrulrw.ghv', 'date': '2024-06-13'}, {'name': 'Sekhar', 'email': 'ruh9m5#&c@aycfulbk.wxo', 'date': '2024-06-13'}, {'name': 'Thej', 'email': 'kytemkeol@eyc.bu', 'date': '2024-06-13'}, {'name': 'Naga', 'email': 'm@o.ads', 'date': '2024-06-13'}, {'name': 'Ushasri', 'email': 'exdq01h@mo.tob', 'date': '2024-06-13'}, {'name': 'Arun', 'email': '570gjb1hgx@kgeyx.jo', 'date': '2024-06-13'}, {'name': 'Pottabathini', 'email': '79dz!q@bomxmlp.vsi', 'date': '2013-06-24'}, {'name': 'Kuppireddy', 'email': 'n#f0%n^y&@tkdikebg.dip', 'date': '2024-06-13'}, {'name': 'Ganji', 'email': 'rd#9s@rctobises.xx', 'date': '2024-06-13'}, {'name': 'Narandas', 'email': 'hnv.n5k*og@gjyhhxohm.gqh', 'date': '2024-06-13'}, {'name': 'Thej', 'email': 'wqqxvh7f1@juqec.sw', 'date': '2024-06-13'}, {'name': 'Maneesha', 'email': '6@kevxzdvw.ir', 'date': '2024-06-13'}, {'name': 'Pottabathini', 'email': 'b660h7nqib@ajzytpjkz.kwx', 'date': '2024-06-13'}, {'name': 'Vemuri', 'email': 'y3ljf2@qefwgcgx.pzm', 'date': '2024-06-13'}, {'name': 'Maneesha', 'email': 'a4zfppg*@aox.jej', 'date': '2024-06-13'}, {'name': 'Naga', 'email': 'v*l7%$kuz@mcrfvey.gtq', 'date': '2024-06-13'}, {'name': 'Nikhil', 'email': 'w0@fhgpxgtqu.sdo', 'date': '2024-06-13'}, {'name': 'Kuruva', 'email': 'xdlj@nzxhe.dx', 'date': '2024-06-13'}, {'name': 'Uday', 'email': 'u66.t8ou@ikbhoui.yj', 'date': '2024-06-13'}, {'name': 'Podipireddi', 'email': 'sjej2!p@npizdxriy.bap', 'date': '2024-01-13'}, {'name': 'Gopalakrishna', 'email': 'n@kqfbznc.rcl', 'date': '2024-01-13'}, {'name': 'Addala', 'email': 'y@sutozx.nm', 'date': '2024-06-13'}, {'name': 'Raghu', 'email': 'l9k5oll5!@xvtl.ytx', 'date': '2024-06-13'}, {'name': 'Nikhil', 'email': 'j@uq.mo', 'date': '2024-06-13'}, {'name': 'Anyam', 'email': 'h9jk@d.lvi', 'date': '2024-06-13'}, {'name': 'Masthan', 'email': 'g0@er.ovp', 'date': '2024-06-13'}, {'name': 'McLaine', 'email': '636@nikft.zvb', 'date': '2024-01-13'}, {'name': 'Sivani', 'email': 'tga@ev.jpm', 'date': '2024-06-13'}, {'name': 'Sree', 'email': 'oka&gb%s@z.ge', 'date': '2024-01-13'}, {'name': 'Chirneni', 'email': 'c@mj.os', 'date': '2024-01-13'}, {'name': 'Praneeth', 'email': 'a%*@fdvqggh.on', 'date': '2024-06-13'}, {'name': 'Samala', 'email': 'dpd%08yi@olssjp.vyz', 'date': '2024-06-13'}, {'name': 'Koti', 'email': 'swk*mcl&!@etsrxnhrq.piw', 'date': '2024-06-13'}, {'name': 'Chirneni', 'email': 'hsh5xvw@dfqptcxn.pb', 'date': '2024-06-13'}, {'name': 'Kuruva', 'email': 'k@mg.ve', 'date': '2024-06-13'}, {'name': 'Brahmadevara', 'email': 'fg6f#9@cws.oz', 'date': '2024-01-13'}, {'name': 'Vadlamudi', 'email': 'nl.oxhzn@csmz.cg', 'date': '2013-06-24'}, {'name': 'Anwesh', 'email': '5uk@qi.ond', 'date': '2024-06-13'}, {'name': 'Komati', 'email': 'ixam@vqw.bsf', 'date': '2024-06-13'}, {'name': 'Shaik', 'email': '9!fp%wg@ly.okr', 'date': '2024-06-13'}, {'name': 'Keerthana', 'email': 'th@hpyehou.xv', 'date': '2024-06-13'}, {'name': 'Ushasri', 'email': 'rgqd.u93fl@xvcrrex.tdu', 'date': '2024-06-13'}, {'name': 'Nikhil', 'email': 'zau@systwn.sp', 'date': '2024-06-13'}, {'name': 'Brahmadevara', 'email': 'sycnmzb9@gxupggxhw.gg', 'date': '2013-06-24'}, {'name': 'Krishna', 'email': 'kmp1.%@fubdrrokn.ib', 'date': '2013-06-24'}, {'name': 'Saiteja', 'email': '0j*q723j%@kg.qu', 'date': '2024-06-13'}, {'name': 'Narandas', 'email': 'z3@pzn.ht', 'date': '2024-06-13'}, {'name': 'Ramya', 'email': 'rzsu8b@lneilk.efu', 'date': '2024-06-13'}, {'name': 'Spandana', 'email': 'ny25pkmi@kuhfkiee.ql', 'date': '2024-01-13'}, {'name': 'Pavan', 'email': 'pwynq!y2@wjogpe.ku', 'date': '2024-06-13'}, {'name': 'Ramya', 'email': 'lzq^46@rpjpoedo.vj', 'date': '2024-06-13'}, {'name': 'Shashank', 'email': 'ziu.wz@e.ywq', 'date': '2024-06-13'}, {'name': 'Nikhitha', 'email': '2!i@vtatqbs.gxq', 'date': '2024-06-13'}, {'name': 'Chary', 'email': 'he@hk.xtq', 'date': '2024-01-13'}, {'name': 'Kaithapu', 'email': 'u4uypr0pps@vxd.ulc', 'date': '2013-06-24'}, {'name': 'Bhargavi', 'email': '506m9z$s8u@vvfr.rjl', 'date': '2024-06-13'}, {'name': 'Jyothi', 'email': '6yv8j&$@ew.xhp', 'date': '2024-01-13'}, {'name': 'Pinninti', 'email': 'g7z4!x@zfxqycaxh.dm', 'date': '2024-06-13'}, {'name': 'Nagavamsi', 'email': 'hxh5jvj0r@u.kko', 'date': '2024-06-13'}, {'name': 'Goud', 'email': '1se!3x0a!2@fcbetzuw.wsh', 'date': '2024-06-13'}, {'name': 'Praneeth', 'email': 'jaq@vq.lfl', 'date': '2024-06-13'}, {'name': 'Mohammad', 'email': 'w@hfrz.vde', 'date': '2024-06-13'}, {'name': 'Kambhampati', 'email': 'd#^u6gm0l@ucan.cwe', 'date': '2024-06-13'}, {'name': 'Kambhampati', 'email': 'e@oiqkreei.cp', 'date': '2024-06-13'}, {'name': 'Karnati', 'email': '17sg@vm.dq', 'date': '2024-06-13'}, {'name': 'Srikanth', 'email': '1*$yc9x0a@pewlcmv.dba', 'date': '2024-06-13'}, {'name': 'Addala', 'email': 'o^@rtgqvifvv.frl', 'date': '2013-06-24'}, {'name': 'Dathrika', 'email': 'snq0@vzuylor.wg', 'date': '2024-06-13'}, {'name': 'Lakshmi', 'email': '8l6t7z%15%@jrzrgf.yb', 'date': '2024-06-13'}, {'name': 'Jyothi', 'email': 'a5@kaab.to', 'date': '2024-01-13'}, {'name': 'Kunche', 'email': 'sb!v4@ew.owb', 'date': '2024-01-13'}, {'name': 'Masthan', 'email': '64srjrv@iwnxirgz.xy', 'date': '2024-06-13'}, {'name': 'Vasamsetti', 'email': 'u6.9le@iqrru.yt', 'date': '2024-06-13'}, {'name': 'Praneeth', 'email': 'pp7!q@uxmzfr.vi', 'date': '2024-06-13'}, {'name': 'Chary', 'email': 'kmdpp54@tcgmq.ge', 'date': '2024-06-13'}, {'name': 'Aishwarya', 'email': '3pnu7%@x.qaw', 'date': '2024-06-13'}, {'name': 'Soukhya', 'email': 'pnn@f.ye', 'date': '2024-01-13'}, {'name': 'Naga', 'email': 'b56pv@ztlbnie.ju', 'date': '2024-06-13'}, {'name': 'McLaine', 'email': 'd@vaphajcqc.it', 'date': '2013-06-24'}, {'name': 'Reddy', 'email': 't!@zdgoix.pw', 'date': '2024-06-13'}, {'name': 'Maneesha', 'email': '0%b^t4^#yj@ohv.jqa', 'date': '2024-06-13'}, {'name': 'Adepu', 'email': 'p^j5w00vx.@dvs.wes', 'date': '2024-06-13'}, {'name': 'Ramya', 'email': '0&og4@mgoyu.nd', 'date': '2024-06-13'}, {'name': 'Sanka', 'email': 'zyd0dpu*g#@psqzyfa.wv', 'date': '2024-06-13'}, {'name': 'Namburi', 'email': 'dy@pxzwsbgp.hy', 'date': '2013-06-24'}, {'name': 'Sekhar', 'email': '3*^w@gwegl.vtr', 'date': '2013-06-24'}, {'name': 'Vishnu', 'email': 'bgyl2#gknk@hqdnsc.ijs', 'date': '2024-06-13'}, {'name': 'Sundar', 'email': 'gl@tzlfbeb.bwq', 'date': '2024-06-13'}, {'name': 'Pavan', 'email': 'p13vcq7b1@ritvrnm.un', 'date': '2024-06-13'}, {'name': 'Praneeth', 'email': 'dvd@p.cy', 'date': '2024-06-13'}, {'name': 'Krishna', 'email': '2ku2#w^@t.nap', 'date': '2013-06-24'}, {'name': 'Vishnu', 'email': '5g4%7zx@tdezuglaq.qct', 'date': '2024-06-13'}, {'name': 'Karnati', 'email': 'ic%k2m$@b.xot', 'date': '2024-06-13'}, {'name': 'Kadagalla', 'email': 'us6p2@omzqzgzq.xr', 'date': '2024-01-13'}, {'name': 'Srikanth', 'email': '8t0%@chwwxdopm.yjr', 'date': '2013-06-24'}, {'name': 'Suma', 'email': 'x2nl!gquvb@ubmr.rtf', 'date': '2024-06-13'}, {'name': 'Chirneni', 'email': '5a9&rb#@o.vst', 'date': '2024-06-13'}, {'name': 'Chandrakanth', 'email': '000*s@pjw.gp', 'date': '2024-06-13'}, {'name': 'Sivani', 'email': 'pmjd$yw4e9@lgkrormz.hww', 'date': '2024-01-13'}, {'name': 'Karnati', 'email': 'wtror84uh@n.dak', 'date': '2024-06-13'}, {'name': 'Koti', 'email': 'mu@hekfylz.wk', 'date': '2024-06-13'}, {'name': 'Vadlamudi', 'email': 'n7$3p5o$6w@tyztxdmvt.ik', 'date': '2024-06-13'}, {'name': 'Bharath', 'email': '3gs@ojzqa.kaf', 'date': '2024-06-13'}, {'name': 'Raghu', 'email': 'omj0@vledemaeo.vj', 'date': '2024-06-13'}, {'name': 'Anyam', 'email': 'h3jn@ejjyeayx.dwp', 'date': '2024-06-13'}, {'name': 'Dathrika', 'email': '627%uak^rl@nz.qz', 'date': '2024-06-13'}, {'name': 'Bahoju', 'email': '22io48!1%@knapgqrq.hd', 'date': '2024-06-13'}, {'name': 'Anwesh', 'email': 'hgy2%@qppsrb.vg', 'date': '2024-06-13'}, {'name': 'Narandas', 'email': '4$wo97@gw.yh', 'date': '2024-06-13'}, {'name': 'Praneeth', 'email': '1z%2p@wxnux.cf', 'date': '2024-06-13'}, {'name': 'Spandana', 'email': 't*.@qg.pey', 'date': '2024-06-13'}, {'name': 'Pottabathini', 'email': '8cdz&m@vvojyh.dlp', 'date': '2024-06-13'}, {'name': 'Anwesh', 'email': 'fw0jrmo7@upft.kh', 'date': '2024-06-13'}, {'name': 'Chary', 'email': 'x5.@ltjpapjcw.rhp', 'date': '2024-06-13'}, {'name': 'Vemuri', 'email': '34*2851o@pila.kj', 'date': '2024-06-13'}]
[2024-06-19T18:30:03.282+0000] {python.py:237} INFO - Done. Returned value was: None
[2024-06-19T18:30:03.282+0000] {taskinstance.py:441} INFO - ::group::Post task execution logs
[2024-06-19T18:30:03.294+0000] {taskinstance.py:1206} INFO - Marking task as SUCCESS. dag_id=file_jsons_to_postgres, task_id=filter_data, run_id=scheduled__2024-06-19T18:25:00+00:00, execution_date=20240619T182500, start_date=20240619T183002, end_date=20240619T183003
[2024-06-19T18:30:03.348+0000] {local_task_job_runner.py:240} INFO - Task exited with return code 0
[2024-06-19T18:30:03.385+0000] {taskinstance.py:3498} INFO - 1 downstream tasks scheduled from follow-on schedule check
[2024-06-19T18:30:03.387+0000] {local_task_job_runner.py:222} INFO - ::endgroup::
