[2024-06-18T17:33:02.484+0000] {local_task_job_runner.py:120} INFO - ::group::Pre task execution logs
[2024-06-18T17:33:02.515+0000] {taskinstance.py:2076} INFO - Dependencies all met for dep_context=non-requeueable deps ti=<TaskInstance: alerting_skipped_final.start_run scheduled__2024-06-18T17:32:00+00:00 [queued]>
[2024-06-18T17:33:02.526+0000] {taskinstance.py:2076} INFO - Dependencies all met for dep_context=requeueable deps ti=<TaskInstance: alerting_skipped_final.start_run scheduled__2024-06-18T17:32:00+00:00 [queued]>
[2024-06-18T17:33:02.526+0000] {taskinstance.py:2306} INFO - Starting attempt 1 of 6
[2024-06-18T17:33:02.540+0000] {taskinstance.py:2330} INFO - Executing <Task(PythonOperator): start_run> on 2024-06-18 17:32:00+00:00
[2024-06-18T17:33:02.545+0000] {warnings.py:110} WARNING - /home/***/.local/lib/python3.12/site-packages/***/task/task_runner/standard_task_runner.py:61: DeprecationWarning: This process (pid=140) is multi-threaded, use of fork() may lead to deadlocks in the child.
  pid = os.fork()

[2024-06-18T17:33:02.546+0000] {standard_task_runner.py:63} INFO - Started process 141 to run task
[2024-06-18T17:33:02.547+0000] {standard_task_runner.py:90} INFO - Running: ['***', 'tasks', 'run', 'alerting_skipped_final', 'start_run', 'scheduled__2024-06-18T17:32:00+00:00', '--job-id', '857', '--raw', '--subdir', 'DAGS_FOLDER/alerting_skipped.py', '--cfg-path', '/tmp/tmpywudnznz']
[2024-06-18T17:33:02.548+0000] {standard_task_runner.py:91} INFO - Job 857: Subtask start_run
[2024-06-18T17:33:02.587+0000] {task_command.py:426} INFO - Running <TaskInstance: alerting_skipped_final.start_run scheduled__2024-06-18T17:32:00+00:00 [running]> on host 9e4d135130fa
[2024-06-18T17:33:02.688+0000] {taskinstance.py:2648} INFO - Exporting env vars: AIRFLOW_CTX_DAG_OWNER='***' AIRFLOW_CTX_DAG_ID='alerting_skipped_final' AIRFLOW_CTX_TASK_ID='start_run' AIRFLOW_CTX_EXECUTION_DATE='2024-06-18T17:32:00+00:00' AIRFLOW_CTX_TRY_NUMBER='1' AIRFLOW_CTX_DAG_RUN_ID='scheduled__2024-06-18T17:32:00+00:00'
[2024-06-18T17:33:02.689+0000] {taskinstance.py:430} INFO - ::endgroup::
[2024-06-18T17:33:02.702+0000] {logging_mixin.py:188} INFO - Started run successfully
[2024-06-18T17:33:02.702+0000] {python.py:237} INFO - Done. Returned value was: None
[2024-06-18T17:33:02.702+0000] {taskinstance.py:441} INFO - ::group::Post task execution logs
[2024-06-18T17:33:02.712+0000] {taskinstance.py:1206} INFO - Marking task as SUCCESS. dag_id=alerting_skipped_final, task_id=start_run, run_id=scheduled__2024-06-18T17:32:00+00:00, execution_date=20240618T173200, start_date=20240618T173302, end_date=20240618T173302
[2024-06-18T17:33:02.760+0000] {local_task_job_runner.py:240} INFO - Task exited with return code 0
[2024-06-18T17:33:02.775+0000] {taskinstance.py:3498} INFO - 0 downstream tasks scheduled from follow-on schedule check
[2024-06-18T17:33:02.776+0000] {local_task_job_runner.py:222} INFO - ::endgroup::
