[2024-06-12T11:22:53.683+0000] {local_task_job_runner.py:120} INFO - ::group::Pre task execution logs
[2024-06-12T11:22:53.723+0000] {taskinstance.py:2076} INFO - Dependencies all met for dep_context=non-requeueable deps ti=<TaskInstance: airflow_example.read_file manual__2024-06-12T11:22:52.374067+00:00 [queued]>
[2024-06-12T11:22:53.736+0000] {taskinstance.py:2076} INFO - Dependencies all met for dep_context=requeueable deps ti=<TaskInstance: airflow_example.read_file manual__2024-06-12T11:22:52.374067+00:00 [queued]>
[2024-06-12T11:22:53.736+0000] {taskinstance.py:2306} INFO - Starting attempt 1 of 6
[2024-06-12T11:22:53.757+0000] {taskinstance.py:2330} INFO - Executing <Task(PythonOperator): read_file> on 2024-06-12 11:22:52.374067+00:00
[2024-06-12T11:22:53.763+0000] {warnings.py:110} WARNING - /home/***/.local/lib/python3.12/site-packages/***/task/task_runner/standard_task_runner.py:61: DeprecationWarning: This process (pid=3849) is multi-threaded, use of fork() may lead to deadlocks in the child.
  pid = os.fork()

[2024-06-12T11:22:53.765+0000] {standard_task_runner.py:63} INFO - Started process 3850 to run task
[2024-06-12T11:22:53.765+0000] {standard_task_runner.py:90} INFO - Running: ['***', 'tasks', 'run', '***_example', 'read_file', 'manual__2024-06-12T11:22:52.374067+00:00', '--job-id', '158', '--raw', '--subdir', 'DAGS_FOLDER/file_jsons_to_postgres.py', '--cfg-path', '/tmp/tmp5n_r93gz']
[2024-06-12T11:22:53.767+0000] {standard_task_runner.py:91} INFO - Job 158: Subtask read_file
[2024-06-12T11:22:53.828+0000] {task_command.py:426} INFO - Running <TaskInstance: airflow_example.read_file manual__2024-06-12T11:22:52.374067+00:00 [running]> on host 7bea3768514b
[2024-06-12T11:22:53.968+0000] {taskinstance.py:2648} INFO - Exporting env vars: AIRFLOW_CTX_DAG_OWNER='***' AIRFLOW_CTX_DAG_ID='***_example' AIRFLOW_CTX_TASK_ID='read_file' AIRFLOW_CTX_EXECUTION_DATE='2024-06-12T11:22:52.374067+00:00' AIRFLOW_CTX_TRY_NUMBER='1' AIRFLOW_CTX_DAG_RUN_ID='manual__2024-06-12T11:22:52.374067+00:00'
[2024-06-12T11:22:53.970+0000] {taskinstance.py:430} INFO - ::endgroup::
[2024-06-12T11:22:53.997+0000] {file_jsons_to_postgres.py:30} INFO - Loaded JSON data: [{'name': '', 'phoneNumber': '6234567890', 'date': '2022-05-11T10:08:00.026Z', 'email': 'N!k#!1$*@gmail.com'}, {'phoneNumber': '6234567890', 'date': '2022-05-11T10:08:00.026Z', 'email': 'N!k#!1$*@gmail.com'}, {'name': 'nikhil11', 'phoneNumber': '6234567890', 'date': '2022-05-11T10:08:00.026Z', 'email': 'N!k#!1$*@gmail.com'}, {'name': 'nikhil4', 'phoneNumber': '6234567890', 'date': '2022-05-11T10:08:00.026Z', 'email': 'sdfghgjhgf'}, {'name': 'nikhil5', 'phoneNumber': '6234567890', 'date': '2022-05-11T10:08:00.026Z'}, {'name': 'nikhil1', 'phoneNumber': '6234567890', 'date': '2022-05-11T10:08:00.026Z', 'email': 'N!k#!1$*@gmail.com'}, {'name': 'nikhil6', 'phoneNumber': '6234567890', 'date': '', 'email': 'N!k#!1$*@gmail.com'}, {'name': 'nikhil7', 'phoneNumber': '6234567890', 'email': 'N!k#!1$*@gmail.com'}, {'name': 'nikhil12', 'phoneNumber': '6234567890', 'date': '2022-05-11T10:08:00.026Z', 'email': 'N!k#!1$*@gmail.com'}]
[2024-06-12T11:22:54.015+0000] {python.py:237} INFO - Done. Returned value was: None
[2024-06-12T11:22:54.018+0000] {taskinstance.py:441} INFO - ::group::Post task execution logs
[2024-06-12T11:22:54.034+0000] {taskinstance.py:1206} INFO - Marking task as SUCCESS. dag_id=***_example, task_id=read_file, run_id=manual__2024-06-12T11:22:52.374067+00:00, execution_date=20240612T112252, start_date=20240612T112253, end_date=20240612T112254
[2024-06-12T11:22:54.099+0000] {local_task_job_runner.py:240} INFO - Task exited with return code 0
[2024-06-12T11:22:54.157+0000] {taskinstance.py:3498} INFO - 1 downstream tasks scheduled from follow-on schedule check
[2024-06-12T11:22:54.159+0000] {local_task_job_runner.py:222} INFO - ::endgroup::
