[2024-06-28T10:01:05.360+0000] {local_task_job_runner.py:120} INFO - ::group::Pre task execution logs
[2024-06-28T10:01:05.384+0000] {taskinstance.py:2076} INFO - Dependencies all met for dep_context=non-requeueable deps ti=<TaskInstance: demo_dag_for_alerting_final.check_data_in_stream scheduled__2024-06-28T10:00:00+00:00 [queued]>
[2024-06-28T10:01:05.393+0000] {taskinstance.py:2076} INFO - Dependencies all met for dep_context=requeueable deps ti=<TaskInstance: demo_dag_for_alerting_final.check_data_in_stream scheduled__2024-06-28T10:00:00+00:00 [queued]>
[2024-06-28T10:01:05.393+0000] {taskinstance.py:2306} INFO - Starting attempt 1 of 6
[2024-06-28T10:01:05.410+0000] {taskinstance.py:2330} INFO - Executing <Task(BranchPythonOperator): check_data_in_stream> on 2024-06-28 10:00:00+00:00
[2024-06-28T10:01:05.417+0000] {warnings.py:110} WARNING - /home/***/.local/lib/python3.12/site-packages/***/task/task_runner/standard_task_runner.py:61: DeprecationWarning: This process (pid=8553) is multi-threaded, use of fork() may lead to deadlocks in the child.
  pid = os.fork()

[2024-06-28T10:01:05.418+0000] {standard_task_runner.py:63} INFO - Started process 8556 to run task
[2024-06-28T10:01:05.418+0000] {standard_task_runner.py:90} INFO - Running: ['***', 'tasks', 'run', 'demo_dag_for_alerting_final', 'check_data_in_stream', 'scheduled__2024-06-28T10:00:00+00:00', '--job-id', '4902', '--raw', '--subdir', 'DAGS_FOLDER/demo_dag_for_alerting.py', '--cfg-path', '/tmp/tmpqyx3gyb3']
[2024-06-28T10:01:05.420+0000] {standard_task_runner.py:91} INFO - Job 4902: Subtask check_data_in_stream
[2024-06-28T10:01:05.470+0000] {task_command.py:426} INFO - Running <TaskInstance: demo_dag_for_alerting_final.check_data_in_stream scheduled__2024-06-28T10:00:00+00:00 [running]> on host eeacb89bcfc1
[2024-06-28T10:01:05.584+0000] {taskinstance.py:2648} INFO - Exporting env vars: AIRFLOW_CTX_DAG_OWNER='***' AIRFLOW_CTX_DAG_ID='demo_dag_for_alerting_final' AIRFLOW_CTX_TASK_ID='check_data_in_stream' AIRFLOW_CTX_EXECUTION_DATE='2024-06-28T10:00:00+00:00' AIRFLOW_CTX_TRY_NUMBER='1' AIRFLOW_CTX_DAG_RUN_ID='scheduled__2024-06-28T10:00:00+00:00'
[2024-06-28T10:01:05.585+0000] {taskinstance.py:430} INFO - ::endgroup::
[2024-06-28T10:01:05.605+0000] {baseoperator.py:399} WARNING - BranchPythonOperator.execute cannot be called outside TaskInstance!
[2024-06-28T10:01:05.606+0000] {helper_functions.py:145} INFO - Reading encrypted details from ('/opt/***/dags/postgres_connection.py', '/opt/***/dags/***_api_configuration.py')
[2024-06-28T10:01:05.612+0000] {helper_functions.py:148} INFO - Decrypted postgres connection: {'user': '***', 'password': '***', 'dbname': '***', 'host': '172.240.2.2', 'port': '5432'}
[2024-06-28T10:01:05.615+0000] {helper_functions.py:108} INFO - Executing create table SQL
[2024-06-28T10:01:05.616+0000] {helper_functions.py:112} INFO - Checking existing record for dag_id and task_id
[2024-06-28T10:01:05.617+0000] {helper_functions.py:118} INFO - Updating skip count for demo_dag_for_alerting_final - check_data_in_stream
[2024-06-28T10:01:05.620+0000] {python.py:237} INFO - Done. Returned value was: skipped_due_to_data_unavailability
[2024-06-28T10:01:05.620+0000] {branch.py:36} INFO - Branch into skipped_due_to_data_unavailability
[2024-06-28T10:01:05.621+0000] {skipmixin.py:178} INFO - Following branch skipped_due_to_data_unavailability
[2024-06-28T10:01:05.635+0000] {skipmixin.py:246} INFO - Skipping tasks [('insert_new_record_into_audit_table', -1)]
[2024-06-28T10:01:05.659+0000] {taskinstance.py:441} INFO - ::group::Post task execution logs
[2024-06-28T10:01:05.677+0000] {taskinstance.py:1206} INFO - Marking task as SUCCESS. dag_id=demo_dag_for_alerting_final, task_id=check_data_in_stream, run_id=scheduled__2024-06-28T10:00:00+00:00, execution_date=20240628T100000, start_date=20240628T100105, end_date=20240628T100105
[2024-06-28T10:01:05.712+0000] {local_task_job_runner.py:240} INFO - Task exited with return code 0
[2024-06-28T10:01:05.744+0000] {taskinstance.py:3498} INFO - 1 downstream tasks scheduled from follow-on schedule check
[2024-06-28T10:01:05.748+0000] {local_task_job_runner.py:222} INFO - ::endgroup::
