[2024-06-18T07:51:49.682+0000] {local_task_job_runner.py:120} INFO - ::group::Pre task execution logs
[2024-06-18T07:51:49.711+0000] {taskinstance.py:2076} INFO - Dependencies all met for dep_context=non-requeueable deps ti=<TaskInstance: alerting_skipped.check_previous_run_status scheduled__2024-06-18T07:45:00+00:00 [queued]>
[2024-06-18T07:51:49.719+0000] {taskinstance.py:2076} INFO - Dependencies all met for dep_context=requeueable deps ti=<TaskInstance: alerting_skipped.check_previous_run_status scheduled__2024-06-18T07:45:00+00:00 [queued]>
[2024-06-18T07:51:49.720+0000] {taskinstance.py:2306} INFO - Starting attempt 1 of 6
[2024-06-18T07:51:49.734+0000] {taskinstance.py:2330} INFO - Executing <Task(BranchPythonOperator): check_previous_run_status> on 2024-06-18 07:45:00+00:00
[2024-06-18T07:51:49.740+0000] {warnings.py:110} WARNING - /home/***/.local/lib/python3.12/site-packages/***/task/task_runner/standard_task_runner.py:61: DeprecationWarning: This process (pid=1560) is multi-threaded, use of fork() may lead to deadlocks in the child.
  pid = os.fork()

[2024-06-18T07:51:49.740+0000] {standard_task_runner.py:63} INFO - Started process 1562 to run task
[2024-06-18T07:51:49.741+0000] {standard_task_runner.py:90} INFO - Running: ['***', 'tasks', 'run', 'alerting_skipped', 'check_previous_run_status', 'scheduled__2024-06-18T07:45:00+00:00', '--job-id', '429', '--raw', '--subdir', 'DAGS_FOLDER/alerting_skipped.py', '--cfg-path', '/tmp/tmp168dwerl']
[2024-06-18T07:51:49.742+0000] {standard_task_runner.py:91} INFO - Job 429: Subtask check_previous_run_status
[2024-06-18T07:51:49.788+0000] {task_command.py:426} INFO - Running <TaskInstance: alerting_skipped.check_previous_run_status scheduled__2024-06-18T07:45:00+00:00 [running]> on host fa5c5d972e05
[2024-06-18T07:51:49.881+0000] {taskinstance.py:2648} INFO - Exporting env vars: AIRFLOW_CTX_DAG_OWNER='***' AIRFLOW_CTX_DAG_ID='alerting_skipped' AIRFLOW_CTX_TASK_ID='check_previous_run_status' AIRFLOW_CTX_EXECUTION_DATE='2024-06-18T07:45:00+00:00' AIRFLOW_CTX_TRY_NUMBER='1' AIRFLOW_CTX_DAG_RUN_ID='scheduled__2024-06-18T07:45:00+00:00'
[2024-06-18T07:51:49.882+0000] {taskinstance.py:430} INFO - ::endgroup::
[2024-06-18T07:51:49.896+0000] {baseoperator.py:399} WARNING - BranchPythonOperator.execute cannot be called outside TaskInstance!
[2024-06-18T07:51:49.896+0000] {helper_functions.py:13} ERROR - Failed to run alerting_skipped with task check_last_run_status: This task is skipped on purpose
[2024-06-18T07:51:49.896+0000] {python.py:237} INFO - Done. Returned value was: start_run
[2024-06-18T07:51:49.897+0000] {branch.py:36} INFO - Branch into start_run
[2024-06-18T07:51:49.897+0000] {skipmixin.py:178} INFO - Following branch start_run
[2024-06-18T07:51:49.914+0000] {skipmixin.py:246} INFO - Skipping tasks [('skip_run', -1)]
[2024-06-18T07:51:49.938+0000] {taskinstance.py:441} INFO - ::group::Post task execution logs
[2024-06-18T07:51:49.956+0000] {taskinstance.py:1206} INFO - Marking task as SUCCESS. dag_id=alerting_skipped, task_id=check_previous_run_status, run_id=scheduled__2024-06-18T07:45:00+00:00, execution_date=20240618T074500, start_date=20240618T075149, end_date=20240618T075149
[2024-06-18T07:51:49.994+0000] {local_task_job_runner.py:240} INFO - Task exited with return code 0
[2024-06-18T07:51:50.026+0000] {taskinstance.py:3498} INFO - 0 downstream tasks scheduled from follow-on schedule check
[2024-06-18T07:51:50.027+0000] {local_task_job_runner.py:222} INFO - ::endgroup::
