[2024-06-12T10:21:50.939+0000] {local_task_job_runner.py:120} INFO - ::group::Pre task execution logs
[2024-06-12T10:21:50.972+0000] {taskinstance.py:2076} INFO - Dependencies all met for dep_context=non-requeueable deps ti=<TaskInstance: airflow_example1.create_table manual__2024-06-12T10:21:46.969226+00:00 [queued]>
[2024-06-12T10:21:50.984+0000] {taskinstance.py:2076} INFO - Dependencies all met for dep_context=requeueable deps ti=<TaskInstance: airflow_example1.create_table manual__2024-06-12T10:21:46.969226+00:00 [queued]>
[2024-06-12T10:21:50.985+0000] {taskinstance.py:2306} INFO - Starting attempt 1 of 6
[2024-06-12T10:21:51.005+0000] {taskinstance.py:2330} INFO - Executing <Task(PythonOperator): create_table> on 2024-06-12 10:21:46.969226+00:00
[2024-06-12T10:21:51.013+0000] {warnings.py:110} WARNING - /home/***/.local/lib/python3.12/site-packages/***/task/task_runner/standard_task_runner.py:61: DeprecationWarning: This process (pid=3064) is multi-threaded, use of fork() may lead to deadlocks in the child.
  pid = os.fork()

[2024-06-12T10:21:51.016+0000] {standard_task_runner.py:63} INFO - Started process 3065 to run task
[2024-06-12T10:21:51.016+0000] {standard_task_runner.py:90} INFO - Running: ['***', 'tasks', 'run', '***_example1', 'create_table', 'manual__2024-06-12T10:21:46.969226+00:00', '--job-id', '152', '--raw', '--subdir', 'DAGS_FOLDER/file_jsons_to_postgres.py', '--cfg-path', '/tmp/tmpt3j4xs1_']
[2024-06-12T10:21:51.018+0000] {standard_task_runner.py:91} INFO - Job 152: Subtask create_table
[2024-06-12T10:21:51.076+0000] {task_command.py:426} INFO - Running <TaskInstance: airflow_example1.create_table manual__2024-06-12T10:21:46.969226+00:00 [running]> on host 7bea3768514b
[2024-06-12T10:21:51.194+0000] {taskinstance.py:2648} INFO - Exporting env vars: AIRFLOW_CTX_DAG_OWNER='***' AIRFLOW_CTX_DAG_ID='***_example1' AIRFLOW_CTX_TASK_ID='create_table' AIRFLOW_CTX_EXECUTION_DATE='2024-06-12T10:21:46.969226+00:00' AIRFLOW_CTX_TRY_NUMBER='1' AIRFLOW_CTX_DAG_RUN_ID='manual__2024-06-12T10:21:46.969226+00:00'
[2024-06-12T10:21:51.195+0000] {taskinstance.py:430} INFO - ::endgroup::
[2024-06-12T10:21:51.240+0000] {base.py:84} INFO - Using connection ID 'postgres_conn' for task execution.
[2024-06-12T10:21:51.244+0000] {sql.py:470} INFO - Running statement: 
    CREATE TABLE IF NOT EXISTS valid_data (
        id SERIAL PRIMARY KEY,
        name VARCHAR(255) NOT NULL,
        email VARCHAR(255) NOT NULL,
        date TIMESTAMP NOT NULL
    );
    , parameters: None
[2024-06-12T10:21:51.246+0000] {python.py:237} INFO - Done. Returned value was: None
[2024-06-12T10:21:51.249+0000] {taskinstance.py:441} INFO - ::group::Post task execution logs
[2024-06-12T10:21:51.266+0000] {taskinstance.py:1206} INFO - Marking task as SUCCESS. dag_id=***_example1, task_id=create_table, run_id=manual__2024-06-12T10:21:46.969226+00:00, execution_date=20240612T102146, start_date=20240612T102150, end_date=20240612T102151
[2024-06-12T10:21:51.311+0000] {local_task_job_runner.py:240} INFO - Task exited with return code 0
[2024-06-12T10:21:51.349+0000] {taskinstance.py:3498} INFO - 1 downstream tasks scheduled from follow-on schedule check
[2024-06-12T10:21:51.352+0000] {local_task_job_runner.py:222} INFO - ::endgroup::
