[2024-06-12T11:39:46.138+0000] {local_task_job_runner.py:120} INFO - ::group::Pre task execution logs
[2024-06-12T11:39:46.177+0000] {taskinstance.py:2076} INFO - Dependencies all met for dep_context=non-requeueable deps ti=<TaskInstance: airflow_example.insert_json manual__2024-06-12T11:39:40.406958+00:00 [queued]>
[2024-06-12T11:39:46.194+0000] {taskinstance.py:2076} INFO - Dependencies all met for dep_context=requeueable deps ti=<TaskInstance: airflow_example.insert_json manual__2024-06-12T11:39:40.406958+00:00 [queued]>
[2024-06-12T11:39:46.194+0000] {taskinstance.py:2306} INFO - Starting attempt 1 of 6
[2024-06-12T11:39:46.229+0000] {taskinstance.py:2330} INFO - Executing <Task(PythonOperator): insert_json> on 2024-06-12 11:39:40.406958+00:00
[2024-06-12T11:39:46.238+0000] {warnings.py:110} WARNING - /home/***/.local/lib/python3.12/site-packages/***/task/task_runner/standard_task_runner.py:61: DeprecationWarning: This process (pid=4072) is multi-threaded, use of fork() may lead to deadlocks in the child.
  pid = os.fork()

[2024-06-12T11:39:46.240+0000] {standard_task_runner.py:63} INFO - Started process 4079 to run task
[2024-06-12T11:39:46.239+0000] {standard_task_runner.py:90} INFO - Running: ['***', 'tasks', 'run', '***_example', 'insert_json', 'manual__2024-06-12T11:39:40.406958+00:00', '--job-id', '169', '--raw', '--subdir', 'DAGS_FOLDER/file_jsons_to_postgres.py', '--cfg-path', '/tmp/tmp_7pdxiys']
[2024-06-12T11:39:46.240+0000] {standard_task_runner.py:91} INFO - Job 169: Subtask insert_json
[2024-06-12T11:39:46.307+0000] {task_command.py:426} INFO - Running <TaskInstance: airflow_example.insert_json manual__2024-06-12T11:39:40.406958+00:00 [running]> on host 7bea3768514b
[2024-06-12T11:39:46.465+0000] {taskinstance.py:2648} INFO - Exporting env vars: AIRFLOW_CTX_DAG_OWNER='***' AIRFLOW_CTX_DAG_ID='***_example' AIRFLOW_CTX_TASK_ID='insert_json' AIRFLOW_CTX_EXECUTION_DATE='2024-06-12T11:39:40.406958+00:00' AIRFLOW_CTX_TRY_NUMBER='1' AIRFLOW_CTX_DAG_RUN_ID='manual__2024-06-12T11:39:40.406958+00:00'
[2024-06-12T11:39:46.466+0000] {taskinstance.py:430} INFO - ::endgroup::
[2024-06-12T11:39:46.513+0000] {file_jsons_to_postgres.py:99} INFO - Inserting entry: {'name': 'nikhil11', 'phoneNumber': '6234567890', 'date': '2022-05-11T10:08:00.026Z', 'email': 'N!k#!1$*@gmail.com'}
[2024-06-12T11:39:46.515+0000] {file_jsons_to_postgres.py:99} INFO - Inserting entry: {'name': 'nikhil1', 'phoneNumber': '6234567890', 'date': '2022-05-11T10:08:00.026Z', 'email': 'N!k#!1$*@gmail.com'}
[2024-06-12T11:39:46.517+0000] {file_jsons_to_postgres.py:99} INFO - Inserting entry: {'name': 'nikhil12', 'phoneNumber': '6234567890', 'date': '2022-05-11T10:08:00.026Z', 'email': 'N!k#!1$*@gmail.com'}
[2024-06-12T11:39:46.521+0000] {file_jsons_to_postgres.py:102} INFO - Data insertion completed successfully.
[2024-06-12T11:39:46.522+0000] {python.py:237} INFO - Done. Returned value was: None
[2024-06-12T11:39:46.522+0000] {taskinstance.py:441} INFO - ::group::Post task execution logs
[2024-06-12T11:39:46.535+0000] {taskinstance.py:1206} INFO - Marking task as SUCCESS. dag_id=***_example, task_id=insert_json, run_id=manual__2024-06-12T11:39:40.406958+00:00, execution_date=20240612T113940, start_date=20240612T113946, end_date=20240612T113946
[2024-06-12T11:39:46.576+0000] {local_task_job_runner.py:240} INFO - Task exited with return code 0
[2024-06-12T11:39:46.596+0000] {taskinstance.py:3498} INFO - 0 downstream tasks scheduled from follow-on schedule check
[2024-06-12T11:39:46.597+0000] {local_task_job_runner.py:222} INFO - ::endgroup::
