[2024-06-25T12:50:04.964+0000] {local_task_job_runner.py:120} INFO - ::group::Pre task execution logs
[2024-06-25T12:50:04.991+0000] {taskinstance.py:2076} INFO - Dependencies all met for dep_context=non-requeueable deps ti=<TaskInstance: demo_dag_for_alerting_final_1.check_data_in_stream scheduled__2024-06-25T12:49:00+00:00 [queued]>
[2024-06-25T12:50:05.001+0000] {taskinstance.py:2076} INFO - Dependencies all met for dep_context=requeueable deps ti=<TaskInstance: demo_dag_for_alerting_final_1.check_data_in_stream scheduled__2024-06-25T12:49:00+00:00 [queued]>
[2024-06-25T12:50:05.002+0000] {taskinstance.py:2306} INFO - Starting attempt 1 of 6
[2024-06-25T12:50:05.019+0000] {taskinstance.py:2330} INFO - Executing <Task(BranchPythonOperator): check_data_in_stream> on 2024-06-25 12:49:00+00:00
[2024-06-25T12:50:05.025+0000] {warnings.py:110} WARNING - /home/***/.local/lib/python3.12/site-packages/***/task/task_runner/standard_task_runner.py:61: DeprecationWarning: This process (pid=1735) is multi-threaded, use of fork() may lead to deadlocks in the child.
  pid = os.fork()

[2024-06-25T12:50:05.026+0000] {standard_task_runner.py:63} INFO - Started process 1736 to run task
[2024-06-25T12:50:05.027+0000] {standard_task_runner.py:90} INFO - Running: ['***', 'tasks', 'run', 'demo_dag_for_alerting_final_1', 'check_data_in_stream', 'scheduled__2024-06-25T12:49:00+00:00', '--job-id', '3900', '--raw', '--subdir', 'DAGS_FOLDER/demo_dag_for_alerting.py', '--cfg-path', '/tmp/tmp0ciw2hsw']
[2024-06-25T12:50:05.028+0000] {standard_task_runner.py:91} INFO - Job 3900: Subtask check_data_in_stream
[2024-06-25T12:50:05.075+0000] {task_command.py:426} INFO - Running <TaskInstance: demo_dag_for_alerting_final_1.check_data_in_stream scheduled__2024-06-25T12:49:00+00:00 [running]> on host ced2311e92d2
[2024-06-25T12:50:05.163+0000] {taskinstance.py:2648} INFO - Exporting env vars: AIRFLOW_CTX_DAG_OWNER='***' AIRFLOW_CTX_DAG_ID='demo_dag_for_alerting_final_1' AIRFLOW_CTX_TASK_ID='check_data_in_stream' AIRFLOW_CTX_EXECUTION_DATE='2024-06-25T12:49:00+00:00' AIRFLOW_CTX_TRY_NUMBER='1' AIRFLOW_CTX_DAG_RUN_ID='scheduled__2024-06-25T12:49:00+00:00'
[2024-06-25T12:50:05.164+0000] {taskinstance.py:430} INFO - ::endgroup::
[2024-06-25T12:50:05.176+0000] {baseoperator.py:399} WARNING - BranchPythonOperator.execute cannot be called outside TaskInstance!
[2024-06-25T12:50:05.176+0000] {helper_functions.py:67} INFO - Reading encrypted postgres connection details from /opt/***/dags/postgres_connection.py
[2024-06-25T12:50:05.176+0000] {helper_functions.py:71} INFO - Decrypting postgres connection details
[2024-06-25T12:50:05.181+0000] {helper_functions.py:74} INFO - Decrypted postgres connection: {'user': '***', 'password': '***', 'dbname': '***', 'host': '172.240.4.3', 'port': '5432'}
[2024-06-25T12:50:05.184+0000] {helper_functions.py:87} INFO - Executing create table SQL
[2024-06-25T12:50:05.185+0000] {helper_functions.py:91} INFO - Checking existing record for dag_id and task_id
[2024-06-25T12:50:05.186+0000] {helper_functions.py:105} INFO - Updating success count for demo_dag_for_alerting_final_1 - check_data_in_stream
[2024-06-25T12:50:05.188+0000] {python.py:237} INFO - Done. Returned value was: insert_new_record_into_audit_table
[2024-06-25T12:50:05.188+0000] {branch.py:36} INFO - Branch into insert_new_record_into_audit_table
[2024-06-25T12:50:05.189+0000] {skipmixin.py:178} INFO - Following branch insert_new_record_into_audit_table
[2024-06-25T12:50:05.203+0000] {skipmixin.py:246} INFO - Skipping tasks [('skipped_due_to_data_unavailability', -1)]
[2024-06-25T12:50:05.223+0000] {taskinstance.py:441} INFO - ::group::Post task execution logs
[2024-06-25T12:50:05.240+0000] {taskinstance.py:1206} INFO - Marking task as SUCCESS. dag_id=demo_dag_for_alerting_final_1, task_id=check_data_in_stream, run_id=scheduled__2024-06-25T12:49:00+00:00, execution_date=20240625T124900, start_date=20240625T125004, end_date=20240625T125005
[2024-06-25T12:50:05.280+0000] {local_task_job_runner.py:240} INFO - Task exited with return code 0
[2024-06-25T12:50:05.309+0000] {taskinstance.py:3498} INFO - 1 downstream tasks scheduled from follow-on schedule check
[2024-06-25T12:50:05.311+0000] {local_task_job_runner.py:222} INFO - ::endgroup::
