[2024-06-13T06:07:32.090+0000] {local_task_job_runner.py:120} INFO - ::group::Pre task execution logs
[2024-06-13T06:07:32.115+0000] {taskinstance.py:2076} INFO - Dependencies all met for dep_context=non-requeueable deps ti=<TaskInstance: airflow_example.insert_json manual__2024-06-13T06:07:27.162079+00:00 [queued]>
[2024-06-13T06:07:32.124+0000] {taskinstance.py:2076} INFO - Dependencies all met for dep_context=requeueable deps ti=<TaskInstance: airflow_example.insert_json manual__2024-06-13T06:07:27.162079+00:00 [queued]>
[2024-06-13T06:07:32.124+0000] {taskinstance.py:2306} INFO - Starting attempt 1 of 6
[2024-06-13T06:07:32.139+0000] {taskinstance.py:2330} INFO - Executing <Task(PythonOperator): insert_json> on 2024-06-13 06:07:27.162079+00:00
[2024-06-13T06:07:32.145+0000] {warnings.py:110} WARNING - /home/***/.local/lib/python3.12/site-packages/***/task/task_runner/standard_task_runner.py:61: DeprecationWarning: This process (pid=328) is multi-threaded, use of fork() may lead to deadlocks in the child.
  pid = os.fork()

[2024-06-13T06:07:32.146+0000] {standard_task_runner.py:63} INFO - Started process 329 to run task
[2024-06-13T06:07:32.147+0000] {standard_task_runner.py:90} INFO - Running: ['***', 'tasks', 'run', '***_example', 'insert_json', 'manual__2024-06-13T06:07:27.162079+00:00', '--job-id', '179', '--raw', '--subdir', 'DAGS_FOLDER/file_jsons_to_postgres.py', '--cfg-path', '/tmp/tmpzi_c2nmb']
[2024-06-13T06:07:32.148+0000] {standard_task_runner.py:91} INFO - Job 179: Subtask insert_json
[2024-06-13T06:07:32.188+0000] {task_command.py:426} INFO - Running <TaskInstance: airflow_example.insert_json manual__2024-06-13T06:07:27.162079+00:00 [running]> on host 8cc8d7c9eee4
[2024-06-13T06:07:32.282+0000] {taskinstance.py:2648} INFO - Exporting env vars: AIRFLOW_CTX_DAG_OWNER='***' AIRFLOW_CTX_DAG_ID='***_example' AIRFLOW_CTX_TASK_ID='insert_json' AIRFLOW_CTX_EXECUTION_DATE='2024-06-13T06:07:27.162079+00:00' AIRFLOW_CTX_TRY_NUMBER='1' AIRFLOW_CTX_DAG_RUN_ID='manual__2024-06-13T06:07:27.162079+00:00'
[2024-06-13T06:07:32.283+0000] {taskinstance.py:430} INFO - ::endgroup::
[2024-06-13T06:07:32.309+0000] {file_jsons_to_postgres.py:99} INFO - Inserting entry: {'name': 'Vankamamidi', 'email': '85mej@cf.eqt', 'date': '20230101'}
[2024-06-13T06:07:32.312+0000] {file_jsons_to_postgres.py:102} INFO - Data insertion completed successfully.
[2024-06-13T06:07:32.313+0000] {python.py:237} INFO - Done. Returned value was: None
[2024-06-13T06:07:32.313+0000] {taskinstance.py:441} INFO - ::group::Post task execution logs
[2024-06-13T06:07:32.323+0000] {taskinstance.py:1206} INFO - Marking task as SUCCESS. dag_id=***_example, task_id=insert_json, run_id=manual__2024-06-13T06:07:27.162079+00:00, execution_date=20240613T060727, start_date=20240613T060732, end_date=20240613T060732
[2024-06-13T06:07:32.360+0000] {local_task_job_runner.py:240} INFO - Task exited with return code 0
[2024-06-13T06:07:32.379+0000] {taskinstance.py:3498} INFO - 0 downstream tasks scheduled from follow-on schedule check
[2024-06-13T06:07:32.380+0000] {local_task_job_runner.py:222} INFO - ::endgroup::
