[2024-06-27T05:05:50.930+0000] {local_task_job_runner.py:120} INFO - ::group::Pre task execution logs
[2024-06-27T05:05:50.954+0000] {taskinstance.py:2076} INFO - Dependencies all met for dep_context=non-requeueable deps ti=<TaskInstance: alerting_all_dags_using_apis.get_all_active_dags manual__2024-06-27T05:05:48.306836+00:00 [queued]>
[2024-06-27T05:05:50.962+0000] {taskinstance.py:2076} INFO - Dependencies all met for dep_context=requeueable deps ti=<TaskInstance: alerting_all_dags_using_apis.get_all_active_dags manual__2024-06-27T05:05:48.306836+00:00 [queued]>
[2024-06-27T05:05:50.963+0000] {taskinstance.py:2306} INFO - Starting attempt 1 of 6
[2024-06-27T05:05:50.979+0000] {taskinstance.py:2330} INFO - Executing <Task(PythonOperator): get_all_active_dags> on 2024-06-27 05:05:48.306836+00:00
[2024-06-27T05:05:50.985+0000] {warnings.py:110} WARNING - /home/***/.local/lib/python3.12/site-packages/***/task/task_runner/standard_task_runner.py:61: DeprecationWarning: This process (pid=614) is multi-threaded, use of fork() may lead to deadlocks in the child.
  pid = os.fork()

[2024-06-27T05:05:50.986+0000] {standard_task_runner.py:63} INFO - Started process 615 to run task
[2024-06-27T05:05:50.986+0000] {standard_task_runner.py:90} INFO - Running: ['***', 'tasks', 'run', 'alerting_all_dags_using_apis', 'get_all_active_dags', 'manual__2024-06-27T05:05:48.306836+00:00', '--job-id', '4564', '--raw', '--subdir', 'DAGS_FOLDER/alerting_all_dags_using_apis.py', '--cfg-path', '/tmp/tmpptuqx2v2']
[2024-06-27T05:05:50.987+0000] {standard_task_runner.py:91} INFO - Job 4564: Subtask get_all_active_dags
[2024-06-27T05:05:51.032+0000] {task_command.py:426} INFO - Running <TaskInstance: alerting_all_dags_using_apis.get_all_active_dags manual__2024-06-27T05:05:48.306836+00:00 [running]> on host eeacb89bcfc1
[2024-06-27T05:05:51.128+0000] {taskinstance.py:2648} INFO - Exporting env vars: AIRFLOW_CTX_DAG_OWNER='***' AIRFLOW_CTX_DAG_ID='alerting_all_dags_using_apis' AIRFLOW_CTX_TASK_ID='get_all_active_dags' AIRFLOW_CTX_EXECUTION_DATE='2024-06-27T05:05:48.306836+00:00' AIRFLOW_CTX_TRY_NUMBER='1' AIRFLOW_CTX_DAG_RUN_ID='manual__2024-06-27T05:05:48.306836+00:00'
[2024-06-27T05:05:51.129+0000] {taskinstance.py:430} INFO - ::endgroup::
[2024-06-27T05:05:51.143+0000] {helper_functions.py:211} ERROR - Failed to run alerting_all_dags_using_apis with task get_all_active_dags: HelperFunctions.get_all_active_dags() missing 1 required positional argument: 'ti'
[2024-06-27T05:05:51.143+0000] {python.py:237} INFO - Done. Returned value was: None
[2024-06-27T05:05:51.146+0000] {taskinstance.py:441} INFO - ::group::Post task execution logs
[2024-06-27T05:05:51.158+0000] {taskinstance.py:1206} INFO - Marking task as SUCCESS. dag_id=alerting_all_dags_using_apis, task_id=get_all_active_dags, run_id=manual__2024-06-27T05:05:48.306836+00:00, execution_date=20240627T050548, start_date=20240627T050550, end_date=20240627T050551
[2024-06-27T05:05:51.200+0000] {local_task_job_runner.py:240} INFO - Task exited with return code 0
[2024-06-27T05:05:51.230+0000] {taskinstance.py:3498} INFO - 1 downstream tasks scheduled from follow-on schedule check
[2024-06-27T05:05:51.232+0000] {local_task_job_runner.py:222} INFO - ::endgroup::
