[2024-06-24T12:30:03.019+0000] {local_task_job_runner.py:120} INFO - ::group::Pre task execution logs
[2024-06-24T12:30:03.040+0000] {taskinstance.py:2076} INFO - Dependencies all met for dep_context=non-requeueable deps ti=<TaskInstance: alerting_all_dags_using_apis.get_all_dag_ids_last_limit_run_ids scheduled__2024-06-24T12:15:00+00:00 [queued]>
[2024-06-24T12:30:03.049+0000] {taskinstance.py:2076} INFO - Dependencies all met for dep_context=requeueable deps ti=<TaskInstance: alerting_all_dags_using_apis.get_all_dag_ids_last_limit_run_ids scheduled__2024-06-24T12:15:00+00:00 [queued]>
[2024-06-24T12:30:03.049+0000] {taskinstance.py:2306} INFO - Starting attempt 1 of 6
[2024-06-24T12:30:03.062+0000] {taskinstance.py:2330} INFO - Executing <Task(PythonOperator): get_all_dag_ids_last_limit_run_ids> on 2024-06-24 12:15:00+00:00
[2024-06-24T12:30:03.066+0000] {warnings.py:110} WARNING - /home/***/.local/lib/python3.12/site-packages/***/task/task_runner/standard_task_runner.py:61: DeprecationWarning: This process (pid=4416) is multi-threaded, use of fork() may lead to deadlocks in the child.
  pid = os.fork()

[2024-06-24T12:30:03.067+0000] {standard_task_runner.py:63} INFO - Started process 4417 to run task
[2024-06-24T12:30:03.068+0000] {standard_task_runner.py:90} INFO - Running: ['***', 'tasks', 'run', 'alerting_all_dags_using_apis', 'get_all_dag_ids_last_limit_run_ids', 'scheduled__2024-06-24T12:15:00+00:00', '--job-id', '3639', '--raw', '--subdir', 'DAGS_FOLDER/alerting_all_dags_using_apis.py', '--cfg-path', '/tmp/tmp36v6o7f4']
[2024-06-24T12:30:03.069+0000] {standard_task_runner.py:91} INFO - Job 3639: Subtask get_all_dag_ids_last_limit_run_ids
[2024-06-24T12:30:03.108+0000] {task_command.py:426} INFO - Running <TaskInstance: alerting_all_dags_using_apis.get_all_dag_ids_last_limit_run_ids scheduled__2024-06-24T12:15:00+00:00 [running]> on host bf895605831d
[2024-06-24T12:30:03.210+0000] {taskinstance.py:2648} INFO - Exporting env vars: AIRFLOW_CTX_DAG_OWNER='***' AIRFLOW_CTX_DAG_ID='alerting_all_dags_using_apis' AIRFLOW_CTX_TASK_ID='get_all_dag_ids_last_limit_run_ids' AIRFLOW_CTX_EXECUTION_DATE='2024-06-24T12:15:00+00:00' AIRFLOW_CTX_TRY_NUMBER='1' AIRFLOW_CTX_DAG_RUN_ID='scheduled__2024-06-24T12:15:00+00:00'
[2024-06-24T12:30:03.211+0000] {taskinstance.py:430} INFO - ::endgroup::
[2024-06-24T12:30:03.222+0000] {helper_functions.py:222} INFO - Requesting http://***:***@172.240.2.5:8080/api/v1/dags/alerting_all_dags_using_apis/dagRuns?limit=3&order_by=-start_date
[2024-06-24T12:30:03.408+0000] {helper_functions.py:222} INFO - Requesting http://***:***@172.240.2.5:8080/api/v1/dags/create_table/dagRuns?limit=3&order_by=-start_date
[2024-06-24T12:30:03.607+0000] {helper_functions.py:222} INFO - Requesting http://***:***@172.240.2.5:8080/api/v1/dags/demo_dag_for_alerting_apis_final/dagRuns?limit=3&order_by=-start_date
[2024-06-24T12:30:03.860+0000] {helper_functions.py:222} INFO - Requesting http://***:***@172.240.2.5:8080/api/v1/dags/demo_dag_for_alerting_final_1/dagRuns?limit=3&order_by=-start_date
[2024-06-24T12:30:04.081+0000] {helper_functions.py:222} INFO - Requesting http://***:***@172.240.2.5:8080/api/v1/dags/file_jsons_to_postgres/dagRuns?limit=3&order_by=-start_date
[2024-06-24T12:30:04.274+0000] {helper_functions.py:227} INFO - Run IDs: {'alerting_all_dags_using_apis': ['scheduled__2024-06-24T12:15:00+00:00', 'manual__2024-06-24T12:16:24.664187+00:00', 'manual__2024-06-24T12:15:41.639515+00:00'], 'create_table': ['scheduled__2024-06-18T00:00:00+00:00', 'manual__2024-06-12T06:16:49.488642+00:00', 'manual__2024-06-12T06:08:17.088814+00:00'], 'demo_dag_for_alerting_apis_final': ['scheduled__2024-06-24T09:49:00+00:00', 'scheduled__2024-06-24T09:48:00+00:00', 'scheduled__2024-06-24T09:47:00+00:00'], 'demo_dag_for_alerting_final_1': ['scheduled__2024-06-24T09:49:00+00:00', 'scheduled__2024-06-24T09:48:00+00:00', 'scheduled__2024-06-24T09:47:00+00:00'], 'file_jsons_to_postgres': ['scheduled__2024-06-19T18:40:00+00:00', 'scheduled__2024-06-19T18:35:00+00:00', 'scheduled__2024-06-19T18:30:00+00:00']}
[2024-06-24T12:30:04.275+0000] {python.py:237} INFO - Done. Returned value was: {'alerting_all_dags_using_apis': ['scheduled__2024-06-24T12:15:00+00:00', 'manual__2024-06-24T12:16:24.664187+00:00', 'manual__2024-06-24T12:15:41.639515+00:00'], 'create_table': ['scheduled__2024-06-18T00:00:00+00:00', 'manual__2024-06-12T06:16:49.488642+00:00', 'manual__2024-06-12T06:08:17.088814+00:00'], 'demo_dag_for_alerting_apis_final': ['scheduled__2024-06-24T09:49:00+00:00', 'scheduled__2024-06-24T09:48:00+00:00', 'scheduled__2024-06-24T09:47:00+00:00'], 'demo_dag_for_alerting_final_1': ['scheduled__2024-06-24T09:49:00+00:00', 'scheduled__2024-06-24T09:48:00+00:00', 'scheduled__2024-06-24T09:47:00+00:00'], 'file_jsons_to_postgres': ['scheduled__2024-06-19T18:40:00+00:00', 'scheduled__2024-06-19T18:35:00+00:00', 'scheduled__2024-06-19T18:30:00+00:00']}
[2024-06-24T12:30:04.275+0000] {taskinstance.py:441} INFO - ::group::Post task execution logs
[2024-06-24T12:30:04.294+0000] {taskinstance.py:1206} INFO - Marking task as SUCCESS. dag_id=alerting_all_dags_using_apis, task_id=get_all_dag_ids_last_limit_run_ids, run_id=scheduled__2024-06-24T12:15:00+00:00, execution_date=20240624T121500, start_date=20240624T123003, end_date=20240624T123004
[2024-06-24T12:30:04.323+0000] {local_task_job_runner.py:240} INFO - Task exited with return code 0
[2024-06-24T12:30:04.347+0000] {taskinstance.py:3498} INFO - 1 downstream tasks scheduled from follow-on schedule check
[2024-06-24T12:30:04.349+0000] {local_task_job_runner.py:222} INFO - ::endgroup::
