[2024-06-24T12:16:33.706+0000] {local_task_job_runner.py:120} INFO - ::group::Pre task execution logs
[2024-06-24T12:16:33.731+0000] {taskinstance.py:2076} INFO - Dependencies all met for dep_context=non-requeueable deps ti=<TaskInstance: alerting_all_dags_using_apis.alert_all_continuous_skipped_dags manual__2024-06-24T12:16:24.664187+00:00 [queued]>
[2024-06-24T12:16:33.740+0000] {taskinstance.py:2076} INFO - Dependencies all met for dep_context=requeueable deps ti=<TaskInstance: alerting_all_dags_using_apis.alert_all_continuous_skipped_dags manual__2024-06-24T12:16:24.664187+00:00 [queued]>
[2024-06-24T12:16:33.741+0000] {taskinstance.py:2306} INFO - Starting attempt 1 of 6
[2024-06-24T12:16:33.754+0000] {taskinstance.py:2330} INFO - Executing <Task(PythonOperator): alert_all_continuous_skipped_dags> on 2024-06-24 12:16:24.664187+00:00
[2024-06-24T12:16:33.760+0000] {warnings.py:110} WARNING - /home/***/.local/lib/python3.12/site-packages/***/task/task_runner/standard_task_runner.py:61: DeprecationWarning: This process (pid=4236) is multi-threaded, use of fork() may lead to deadlocks in the child.
  pid = os.fork()

[2024-06-24T12:16:33.762+0000] {standard_task_runner.py:63} INFO - Started process 4237 to run task
[2024-06-24T12:16:33.762+0000] {standard_task_runner.py:90} INFO - Running: ['***', 'tasks', 'run', 'alerting_all_dags_using_apis', 'alert_all_continuous_skipped_dags', 'manual__2024-06-24T12:16:24.664187+00:00', '--job-id', '3637', '--raw', '--subdir', 'DAGS_FOLDER/alerting_all_dags_using_apis.py', '--cfg-path', '/tmp/tmp80gu1b9f']
[2024-06-24T12:16:33.763+0000] {standard_task_runner.py:91} INFO - Job 3637: Subtask alert_all_continuous_skipped_dags
[2024-06-24T12:16:33.801+0000] {task_command.py:426} INFO - Running <TaskInstance: alerting_all_dags_using_apis.alert_all_continuous_skipped_dags manual__2024-06-24T12:16:24.664187+00:00 [running]> on host bf895605831d
[2024-06-24T12:16:33.910+0000] {taskinstance.py:2648} INFO - Exporting env vars: AIRFLOW_CTX_DAG_OWNER='***' AIRFLOW_CTX_DAG_ID='alerting_all_dags_using_apis' AIRFLOW_CTX_TASK_ID='alert_all_continuous_skipped_dags' AIRFLOW_CTX_EXECUTION_DATE='2024-06-24T12:16:24.664187+00:00' AIRFLOW_CTX_TRY_NUMBER='1' AIRFLOW_CTX_DAG_RUN_ID='manual__2024-06-24T12:16:24.664187+00:00'
[2024-06-24T12:16:33.911+0000] {taskinstance.py:430} INFO - ::endgroup::
[2024-06-24T12:16:33.926+0000] {helper_functions.py:265} INFO - The DAG demo_dag_for_alerting_apis_final has reached its threshold skips, please look into it

[2024-06-24T12:16:33.927+0000] {helper_functions.py:265} INFO - The DAG demo_dag_for_alerting_final_1 has reached its threshold skips, please look into it

[2024-06-24T12:16:33.927+0000] {python.py:237} INFO - Done. Returned value was: None
[2024-06-24T12:16:33.927+0000] {taskinstance.py:441} INFO - ::group::Post task execution logs
[2024-06-24T12:16:33.938+0000] {taskinstance.py:1206} INFO - Marking task as SUCCESS. dag_id=alerting_all_dags_using_apis, task_id=alert_all_continuous_skipped_dags, run_id=manual__2024-06-24T12:16:24.664187+00:00, execution_date=20240624T121624, start_date=20240624T121633, end_date=20240624T121633
[2024-06-24T12:16:33.976+0000] {local_task_job_runner.py:240} INFO - Task exited with return code 0
[2024-06-24T12:16:33.996+0000] {taskinstance.py:3498} INFO - 0 downstream tasks scheduled from follow-on schedule check
[2024-06-24T12:16:33.997+0000] {local_task_job_runner.py:222} INFO - ::endgroup::
