[2024-06-13T06:11:43.707+0000] {local_task_job_runner.py:120} INFO - ::group::Pre task execution logs
[2024-06-13T06:11:43.733+0000] {taskinstance.py:2076} INFO - Dependencies all met for dep_context=non-requeueable deps ti=<TaskInstance: airflow_example.filter_data manual__2024-06-13T06:11:40.957601+00:00 [queued]>
[2024-06-13T06:11:43.742+0000] {taskinstance.py:2076} INFO - Dependencies all met for dep_context=requeueable deps ti=<TaskInstance: airflow_example.filter_data manual__2024-06-13T06:11:40.957601+00:00 [queued]>
[2024-06-13T06:11:43.743+0000] {taskinstance.py:2306} INFO - Starting attempt 1 of 6
[2024-06-13T06:11:43.760+0000] {taskinstance.py:2330} INFO - Executing <Task(PythonOperator): filter_data> on 2024-06-13 06:11:40.957601+00:00
[2024-06-13T06:11:43.765+0000] {warnings.py:110} WARNING - /home/***/.local/lib/python3.12/site-packages/***/task/task_runner/standard_task_runner.py:61: DeprecationWarning: This process (pid=388) is multi-threaded, use of fork() may lead to deadlocks in the child.
  pid = os.fork()

[2024-06-13T06:11:43.766+0000] {standard_task_runner.py:63} INFO - Started process 389 to run task
[2024-06-13T06:11:43.766+0000] {standard_task_runner.py:90} INFO - Running: ['***', 'tasks', 'run', '***_example', 'filter_data', 'manual__2024-06-13T06:11:40.957601+00:00', '--job-id', '181', '--raw', '--subdir', 'DAGS_FOLDER/file_jsons_to_postgres.py', '--cfg-path', '/tmp/tmpq9cwo092']
[2024-06-13T06:11:43.768+0000] {standard_task_runner.py:91} INFO - Job 181: Subtask filter_data
[2024-06-13T06:11:43.816+0000] {task_command.py:426} INFO - Running <TaskInstance: airflow_example.filter_data manual__2024-06-13T06:11:40.957601+00:00 [running]> on host 8cc8d7c9eee4
[2024-06-13T06:11:43.908+0000] {taskinstance.py:2648} INFO - Exporting env vars: AIRFLOW_CTX_DAG_OWNER='***' AIRFLOW_CTX_DAG_ID='***_example' AIRFLOW_CTX_TASK_ID='filter_data' AIRFLOW_CTX_EXECUTION_DATE='2024-06-13T06:11:40.957601+00:00' AIRFLOW_CTX_TRY_NUMBER='1' AIRFLOW_CTX_DAG_RUN_ID='manual__2024-06-13T06:11:40.957601+00:00'
[2024-06-13T06:11:43.909+0000] {taskinstance.py:430} INFO - ::endgroup::
[2024-06-13T06:11:43.937+0000] {file_jsons_to_postgres.py:52} INFO - Filtered valid data: [{'name': 'Vankamamidi', 'email': '85mej@cf.eqt', 'date': '20230101'}]
[2024-06-13T06:11:43.949+0000] {python.py:237} INFO - Done. Returned value was: None
[2024-06-13T06:11:43.950+0000] {taskinstance.py:441} INFO - ::group::Post task execution logs
[2024-06-13T06:11:43.959+0000] {taskinstance.py:1206} INFO - Marking task as SUCCESS. dag_id=***_example, task_id=filter_data, run_id=manual__2024-06-13T06:11:40.957601+00:00, execution_date=20240613T061140, start_date=20240613T061143, end_date=20240613T061143
[2024-06-13T06:11:43.980+0000] {local_task_job_runner.py:240} INFO - Task exited with return code 0
[2024-06-13T06:11:44.008+0000] {taskinstance.py:3498} INFO - 1 downstream tasks scheduled from follow-on schedule check
[2024-06-13T06:11:44.010+0000] {local_task_job_runner.py:222} INFO - ::endgroup::
