[2024-06-18T17:31:47.538+0000] {local_task_job_runner.py:120} INFO - ::group::Pre task execution logs
[2024-06-18T17:31:47.576+0000] {taskinstance.py:2076} INFO - Dependencies all met for dep_context=non-requeueable deps ti=<TaskInstance: alerting_skipped_final.start_run scheduled__2024-06-18T17:25:00+00:00 [queued]>
[2024-06-18T17:31:47.591+0000] {taskinstance.py:2076} INFO - Dependencies all met for dep_context=requeueable deps ti=<TaskInstance: alerting_skipped_final.start_run scheduled__2024-06-18T17:25:00+00:00 [queued]>
[2024-06-18T17:31:47.591+0000] {taskinstance.py:2306} INFO - Starting attempt 1 of 6
[2024-06-18T17:31:47.610+0000] {taskinstance.py:2330} INFO - Executing <Task(PythonOperator): start_run> on 2024-06-18 17:25:00+00:00
[2024-06-18T17:31:47.618+0000] {warnings.py:110} WARNING - /home/***/.local/lib/python3.12/site-packages/***/task/task_runner/standard_task_runner.py:61: DeprecationWarning: This process (pid=109) is multi-threaded, use of fork() may lead to deadlocks in the child.
  pid = os.fork()

[2024-06-18T17:31:47.619+0000] {standard_task_runner.py:63} INFO - Started process 111 to run task
[2024-06-18T17:31:47.620+0000] {standard_task_runner.py:90} INFO - Running: ['***', 'tasks', 'run', 'alerting_skipped_final', 'start_run', 'scheduled__2024-06-18T17:25:00+00:00', '--job-id', '853', '--raw', '--subdir', 'DAGS_FOLDER/alerting_skipped.py', '--cfg-path', '/tmp/tmph4f7qt6w']
[2024-06-18T17:31:47.621+0000] {standard_task_runner.py:91} INFO - Job 853: Subtask start_run
[2024-06-18T17:31:47.677+0000] {task_command.py:426} INFO - Running <TaskInstance: alerting_skipped_final.start_run scheduled__2024-06-18T17:25:00+00:00 [running]> on host 9e4d135130fa
[2024-06-18T17:31:47.813+0000] {taskinstance.py:2648} INFO - Exporting env vars: AIRFLOW_CTX_DAG_OWNER='***' AIRFLOW_CTX_DAG_ID='alerting_skipped_final' AIRFLOW_CTX_TASK_ID='start_run' AIRFLOW_CTX_EXECUTION_DATE='2024-06-18T17:25:00+00:00' AIRFLOW_CTX_TRY_NUMBER='1' AIRFLOW_CTX_DAG_RUN_ID='scheduled__2024-06-18T17:25:00+00:00'
[2024-06-18T17:31:47.814+0000] {taskinstance.py:430} INFO - ::endgroup::
[2024-06-18T17:31:47.832+0000] {logging_mixin.py:188} INFO - Started run successfully
[2024-06-18T17:31:47.832+0000] {python.py:237} INFO - Done. Returned value was: None
[2024-06-18T17:31:47.833+0000] {taskinstance.py:441} INFO - ::group::Post task execution logs
[2024-06-18T17:31:47.845+0000] {taskinstance.py:1206} INFO - Marking task as SUCCESS. dag_id=alerting_skipped_final, task_id=start_run, run_id=scheduled__2024-06-18T17:25:00+00:00, execution_date=20240618T172500, start_date=20240618T173147, end_date=20240618T173147
[2024-06-18T17:31:47.873+0000] {local_task_job_runner.py:240} INFO - Task exited with return code 0
[2024-06-18T17:31:47.897+0000] {taskinstance.py:3498} INFO - 0 downstream tasks scheduled from follow-on schedule check
[2024-06-18T17:31:47.900+0000] {local_task_job_runner.py:222} INFO - ::endgroup::
