[2024-06-18T13:38:02.028+0000] {local_task_job_runner.py:120} INFO - ::group::Pre task execution logs
[2024-06-18T13:38:02.059+0000] {taskinstance.py:2076} INFO - Dependencies all met for dep_context=non-requeueable deps ti=<TaskInstance: alerting_skipped.check_previous_run_status scheduled__2024-06-18T13:37:00+00:00 [queued]>
[2024-06-18T13:38:02.071+0000] {taskinstance.py:2076} INFO - Dependencies all met for dep_context=requeueable deps ti=<TaskInstance: alerting_skipped.check_previous_run_status scheduled__2024-06-18T13:37:00+00:00 [queued]>
[2024-06-18T13:38:02.071+0000] {taskinstance.py:2306} INFO - Starting attempt 1 of 6
[2024-06-18T13:38:02.088+0000] {taskinstance.py:2330} INFO - Executing <Task(BranchPythonOperator): check_previous_run_status> on 2024-06-18 13:37:00+00:00
[2024-06-18T13:38:02.095+0000] {warnings.py:110} WARNING - /home/***/.local/lib/python3.12/site-packages/***/task/task_runner/standard_task_runner.py:61: DeprecationWarning: This process (pid=6004) is multi-threaded, use of fork() may lead to deadlocks in the child.
  pid = os.fork()

[2024-06-18T13:38:02.097+0000] {standard_task_runner.py:63} INFO - Started process 6005 to run task
[2024-06-18T13:38:02.097+0000] {standard_task_runner.py:90} INFO - Running: ['***', 'tasks', 'run', 'alerting_skipped', 'check_previous_run_status', 'scheduled__2024-06-18T13:37:00+00:00', '--job-id', '762', '--raw', '--subdir', 'DAGS_FOLDER/alerting_skipped.py', '--cfg-path', '/tmp/tmph0a81fgs']
[2024-06-18T13:38:02.098+0000] {standard_task_runner.py:91} INFO - Job 762: Subtask check_previous_run_status
[2024-06-18T13:38:02.158+0000] {task_command.py:426} INFO - Running <TaskInstance: alerting_skipped.check_previous_run_status scheduled__2024-06-18T13:37:00+00:00 [running]> on host fa5c5d972e05
[2024-06-18T13:38:02.273+0000] {taskinstance.py:2648} INFO - Exporting env vars: AIRFLOW_CTX_DAG_OWNER='***' AIRFLOW_CTX_DAG_ID='alerting_skipped' AIRFLOW_CTX_TASK_ID='check_previous_run_status' AIRFLOW_CTX_EXECUTION_DATE='2024-06-18T13:37:00+00:00' AIRFLOW_CTX_TRY_NUMBER='1' AIRFLOW_CTX_DAG_RUN_ID='scheduled__2024-06-18T13:37:00+00:00'
[2024-06-18T13:38:02.274+0000] {taskinstance.py:430} INFO - ::endgroup::
[2024-06-18T13:38:02.291+0000] {baseoperator.py:399} WARNING - BranchPythonOperator.execute cannot be called outside TaskInstance!
[2024-06-18T13:38:02.291+0000] {helper_functions.py:39} ERROR - Failed to run alerting_skipped with task check_previous_run_status: name 'psycopg2' is not defined
[2024-06-18T13:38:02.292+0000] {python.py:237} INFO - Done. Returned value was: start_run
[2024-06-18T13:38:02.292+0000] {branch.py:36} INFO - Branch into start_run
[2024-06-18T13:38:02.292+0000] {skipmixin.py:178} INFO - Following branch start_run
[2024-06-18T13:38:02.308+0000] {skipmixin.py:246} INFO - Skipping tasks [('skip_run', -1)]
[2024-06-18T13:38:02.333+0000] {taskinstance.py:441} INFO - ::group::Post task execution logs
[2024-06-18T13:38:02.354+0000] {taskinstance.py:1206} INFO - Marking task as SUCCESS. dag_id=alerting_skipped, task_id=check_previous_run_status, run_id=scheduled__2024-06-18T13:37:00+00:00, execution_date=20240618T133700, start_date=20240618T133802, end_date=20240618T133802
[2024-06-18T13:38:02.391+0000] {local_task_job_runner.py:240} INFO - Task exited with return code 0
[2024-06-18T13:38:02.419+0000] {taskinstance.py:3498} INFO - 1 downstream tasks scheduled from follow-on schedule check
[2024-06-18T13:38:02.421+0000] {local_task_job_runner.py:222} INFO - ::endgroup::
