[2024-06-27T05:52:57.829+0000] {local_task_job_runner.py:120} INFO - ::group::Pre task execution logs
[2024-06-27T05:52:57.855+0000] {taskinstance.py:2076} INFO - Dependencies all met for dep_context=non-requeueable deps ti=<TaskInstance: alerting_all_dags_using_apis.get_all_dag_ids_last_limit_run_ids manual__2024-06-27T05:52:53.096944+00:00 [queued]>
[2024-06-27T05:52:57.865+0000] {taskinstance.py:2076} INFO - Dependencies all met for dep_context=requeueable deps ti=<TaskInstance: alerting_all_dags_using_apis.get_all_dag_ids_last_limit_run_ids manual__2024-06-27T05:52:53.096944+00:00 [queued]>
[2024-06-27T05:52:57.865+0000] {taskinstance.py:2306} INFO - Starting attempt 1 of 6
[2024-06-27T05:52:57.881+0000] {taskinstance.py:2330} INFO - Executing <Task(PythonOperator): get_all_dag_ids_last_limit_run_ids> on 2024-06-27 05:52:53.096944+00:00
[2024-06-27T05:52:57.887+0000] {warnings.py:110} WARNING - /home/***/.local/lib/python3.12/site-packages/***/task/task_runner/standard_task_runner.py:61: DeprecationWarning: This process (pid=1319) is multi-threaded, use of fork() may lead to deadlocks in the child.
  pid = os.fork()

[2024-06-27T05:52:57.888+0000] {standard_task_runner.py:63} INFO - Started process 1320 to run task
[2024-06-27T05:52:57.889+0000] {standard_task_runner.py:90} INFO - Running: ['***', 'tasks', 'run', 'alerting_all_dags_using_apis', 'get_all_dag_ids_last_limit_run_ids', 'manual__2024-06-27T05:52:53.096944+00:00', '--job-id', '4694', '--raw', '--subdir', 'DAGS_FOLDER/alerting_all_dags_using_apis.py', '--cfg-path', '/tmp/tmpmj4wkpad']
[2024-06-27T05:52:57.890+0000] {standard_task_runner.py:91} INFO - Job 4694: Subtask get_all_dag_ids_last_limit_run_ids
[2024-06-27T05:52:57.932+0000] {task_command.py:426} INFO - Running <TaskInstance: alerting_all_dags_using_apis.get_all_dag_ids_last_limit_run_ids manual__2024-06-27T05:52:53.096944+00:00 [running]> on host eeacb89bcfc1
[2024-06-27T05:52:58.046+0000] {taskinstance.py:2648} INFO - Exporting env vars: AIRFLOW_CTX_DAG_OWNER='***' AIRFLOW_CTX_DAG_ID='alerting_all_dags_using_apis' AIRFLOW_CTX_TASK_ID='get_all_dag_ids_last_limit_run_ids' AIRFLOW_CTX_EXECUTION_DATE='2024-06-27T05:52:53.096944+00:00' AIRFLOW_CTX_TRY_NUMBER='1' AIRFLOW_CTX_DAG_RUN_ID='manual__2024-06-27T05:52:53.096944+00:00'
[2024-06-27T05:52:58.047+0000] {taskinstance.py:430} INFO - ::endgroup::
[2024-06-27T05:52:58.065+0000] {helper_functions.py:282} INFO - Requesting http://***:***@172.240.2.5:8080/api/v1/dags/alerting_all_dags_using_apis/dagRuns?limit=3&order_by=-start_date
[2024-06-27T05:52:58.262+0000] {helper_functions.py:282} INFO - Requesting http://***:***@172.240.2.5:8080/api/v1/dags/demo_dag_for_alerting_apis_final/dagRuns?limit=3&order_by=-start_date
[2024-06-27T05:52:58.470+0000] {helper_functions.py:282} INFO - Requesting http://***:***@172.240.2.5:8080/api/v1/dags/demo_dag_for_alerting_final/dagRuns?limit=3&order_by=-start_date
[2024-06-27T05:52:58.680+0000] {python.py:237} INFO - Done. Returned value was: [['alerting_all_dags_using_apis', 'manual__2024-06-27T05:52:53.096944+00:00'], ['alerting_all_dags_using_apis', 'manual__2024-06-27T05:52:24.476537+00:00'], ['alerting_all_dags_using_apis', 'manual__2024-06-27T05:52:00.037721+00:00'], ['demo_dag_for_alerting_apis_final', 'scheduled__2024-06-27T05:50:00+00:00'], ['demo_dag_for_alerting_apis_final', 'scheduled__2024-06-27T05:49:00+00:00'], ['demo_dag_for_alerting_apis_final', 'scheduled__2024-06-27T05:48:00+00:00'], ['demo_dag_for_alerting_final', 'scheduled__2024-06-27T05:50:00+00:00'], ['demo_dag_for_alerting_final', 'scheduled__2024-06-27T05:49:00+00:00'], ['demo_dag_for_alerting_final', 'scheduled__2024-06-27T05:48:00+00:00']]
[2024-06-27T05:52:58.680+0000] {taskinstance.py:441} INFO - ::group::Post task execution logs
[2024-06-27T05:52:58.710+0000] {taskinstance.py:1206} INFO - Marking task as SUCCESS. dag_id=alerting_all_dags_using_apis, task_id=get_all_dag_ids_last_limit_run_ids, run_id=manual__2024-06-27T05:52:53.096944+00:00, execution_date=20240627T055253, start_date=20240627T055257, end_date=20240627T055258
[2024-06-27T05:52:58.744+0000] {local_task_job_runner.py:240} INFO - Task exited with return code 0
[2024-06-27T05:52:58.778+0000] {taskinstance.py:3498} INFO - 1 downstream tasks scheduled from follow-on schedule check
[2024-06-27T05:52:58.779+0000] {local_task_job_runner.py:222} INFO - ::endgroup::
