[2024-06-19T11:11:04.255+0000] {local_task_job_runner.py:120} INFO - ::group::Pre task execution logs
[2024-06-19T11:11:04.356+0000] {taskinstance.py:2076} INFO - Dependencies all met for dep_context=non-requeueable deps ti=<TaskInstance: demo_dag_for_alerting_final_1.check_previous_run_status scheduled__2024-06-19T11:10:00+00:00 [queued]>
[2024-06-19T11:11:04.392+0000] {taskinstance.py:2076} INFO - Dependencies all met for dep_context=requeueable deps ti=<TaskInstance: demo_dag_for_alerting_final_1.check_previous_run_status scheduled__2024-06-19T11:10:00+00:00 [queued]>
[2024-06-19T11:11:04.393+0000] {taskinstance.py:2306} INFO - Starting attempt 1 of 6
[2024-06-19T11:11:04.488+0000] {taskinstance.py:2330} INFO - Executing <Task(BranchPythonOperator): check_previous_run_status> on 2024-06-19 11:10:00+00:00
[2024-06-19T11:11:04.505+0000] {warnings.py:110} WARNING - /home/***/.local/lib/python3.12/site-packages/***/task/task_runner/standard_task_runner.py:61: DeprecationWarning: This process (pid=5060) is multi-threaded, use of fork() may lead to deadlocks in the child.
  pid = os.fork()

[2024-06-19T11:11:04.509+0000] {standard_task_runner.py:63} INFO - Started process 5061 to run task
[2024-06-19T11:11:04.510+0000] {standard_task_runner.py:90} INFO - Running: ['***', 'tasks', 'run', 'demo_dag_for_alerting_final_1', 'check_previous_run_status', 'scheduled__2024-06-19T11:10:00+00:00', '--job-id', '1511', '--raw', '--subdir', 'DAGS_FOLDER/demo_dag_for_alerting.py', '--cfg-path', '/tmp/tmp7gr4cv45']
[2024-06-19T11:11:04.514+0000] {standard_task_runner.py:91} INFO - Job 1511: Subtask check_previous_run_status
[2024-06-19T11:11:04.695+0000] {task_command.py:426} INFO - Running <TaskInstance: demo_dag_for_alerting_final_1.check_previous_run_status scheduled__2024-06-19T11:10:00+00:00 [running]> on host 9e4d135130fa
[2024-06-19T11:11:05.056+0000] {taskinstance.py:2648} INFO - Exporting env vars: AIRFLOW_CTX_DAG_OWNER='***' AIRFLOW_CTX_DAG_ID='demo_dag_for_alerting_final_1' AIRFLOW_CTX_TASK_ID='check_previous_run_status' AIRFLOW_CTX_EXECUTION_DATE='2024-06-19T11:10:00+00:00' AIRFLOW_CTX_TRY_NUMBER='1' AIRFLOW_CTX_DAG_RUN_ID='scheduled__2024-06-19T11:10:00+00:00'
[2024-06-19T11:11:05.059+0000] {taskinstance.py:430} INFO - ::endgroup::
[2024-06-19T11:11:05.110+0000] {baseoperator.py:399} WARNING - BranchPythonOperator.execute cannot be called outside TaskInstance!
[2024-06-19T11:11:05.132+0000] {python.py:237} INFO - Done. Returned value was: start_run
[2024-06-19T11:11:05.133+0000] {branch.py:36} INFO - Branch into start_run
[2024-06-19T11:11:05.135+0000] {skipmixin.py:178} INFO - Following branch start_run
[2024-06-19T11:11:05.196+0000] {skipmixin.py:246} INFO - Skipping tasks [('skip_run', -1)]
[2024-06-19T11:11:05.306+0000] {taskinstance.py:441} INFO - ::group::Post task execution logs
[2024-06-19T11:11:05.377+0000] {taskinstance.py:1206} INFO - Marking task as SUCCESS. dag_id=demo_dag_for_alerting_final_1, task_id=check_previous_run_status, run_id=scheduled__2024-06-19T11:10:00+00:00, execution_date=20240619T111000, start_date=20240619T111104, end_date=20240619T111105
[2024-06-19T11:11:05.449+0000] {local_task_job_runner.py:240} INFO - Task exited with return code 0
[2024-06-19T11:11:05.583+0000] {taskinstance.py:3498} INFO - 0 downstream tasks scheduled from follow-on schedule check
[2024-06-19T11:11:05.587+0000] {local_task_job_runner.py:222} INFO - ::endgroup::
