[2024-06-13T06:30:03.255+0000] {local_task_job_runner.py:120} INFO - ::group::Pre task execution logs
[2024-06-13T06:30:03.284+0000] {taskinstance.py:2076} INFO - Dependencies all met for dep_context=non-requeueable deps ti=<TaskInstance: airflow_example1.filter_data manual__2024-06-13T06:30:00.965754+00:00 [queued]>
[2024-06-13T06:30:03.294+0000] {taskinstance.py:2076} INFO - Dependencies all met for dep_context=requeueable deps ti=<TaskInstance: airflow_example1.filter_data manual__2024-06-13T06:30:00.965754+00:00 [queued]>
[2024-06-13T06:30:03.295+0000] {taskinstance.py:2306} INFO - Starting attempt 1 of 6
[2024-06-13T06:30:03.313+0000] {taskinstance.py:2330} INFO - Executing <Task(PythonOperator): filter_data> on 2024-06-13 06:30:00.965754+00:00
[2024-06-13T06:30:03.318+0000] {warnings.py:110} WARNING - /home/***/.local/lib/python3.12/site-packages/***/task/task_runner/standard_task_runner.py:61: DeprecationWarning: This process (pid=676) is multi-threaded, use of fork() may lead to deadlocks in the child.
  pid = os.fork()

[2024-06-13T06:30:03.320+0000] {standard_task_runner.py:63} INFO - Started process 677 to run task
[2024-06-13T06:30:03.320+0000] {standard_task_runner.py:90} INFO - Running: ['***', 'tasks', 'run', '***_example1', 'filter_data', 'manual__2024-06-13T06:30:00.965754+00:00', '--job-id', '208', '--raw', '--subdir', 'DAGS_FOLDER/file_jsons_to_postgres.py', '--cfg-path', '/tmp/tmp7r0jepr0']
[2024-06-13T06:30:03.322+0000] {standard_task_runner.py:91} INFO - Job 208: Subtask filter_data
[2024-06-13T06:30:03.366+0000] {task_command.py:426} INFO - Running <TaskInstance: airflow_example1.filter_data manual__2024-06-13T06:30:00.965754+00:00 [running]> on host 8cc8d7c9eee4
[2024-06-13T06:30:03.460+0000] {taskinstance.py:2648} INFO - Exporting env vars: AIRFLOW_CTX_DAG_OWNER='***' AIRFLOW_CTX_DAG_ID='***_example1' AIRFLOW_CTX_TASK_ID='filter_data' AIRFLOW_CTX_EXECUTION_DATE='2024-06-13T06:30:00.965754+00:00' AIRFLOW_CTX_TRY_NUMBER='1' AIRFLOW_CTX_DAG_RUN_ID='manual__2024-06-13T06:30:00.965754+00:00'
[2024-06-13T06:30:03.462+0000] {taskinstance.py:430} INFO - ::endgroup::
[2024-06-13T06:30:03.489+0000] {taskinstance.py:441} INFO - ::group::Post task execution logs
[2024-06-13T06:30:03.490+0000] {taskinstance.py:2905} ERROR - Task failed with exception
Traceback (most recent call last):
  File "/home/airflow/.local/lib/python3.12/site-packages/airflow/models/taskinstance.py", line 465, in _execute_task
    result = _execute_callable(context=context, **execute_callable_kwargs)
             ^^^^^^^^^^^^^^^^^^^^^^^^^^^^^^^^^^^^^^^^^^^^^^^^^^^^^^^^^^^^^
  File "/home/airflow/.local/lib/python3.12/site-packages/airflow/models/taskinstance.py", line 432, in _execute_callable
    return execute_callable(context=context, **execute_callable_kwargs)
           ^^^^^^^^^^^^^^^^^^^^^^^^^^^^^^^^^^^^^^^^^^^^^^^^^^^^^^^^^^^^
  File "/home/airflow/.local/lib/python3.12/site-packages/airflow/models/baseoperator.py", line 400, in wrapper
    return func(self, *args, **kwargs)
           ^^^^^^^^^^^^^^^^^^^^^^^^^^^
  File "/home/airflow/.local/lib/python3.12/site-packages/airflow/operators/python.py", line 235, in execute
    return_value = self.execute_callable()
                   ^^^^^^^^^^^^^^^^^^^^^^^
  File "/home/airflow/.local/lib/python3.12/site-packages/airflow/operators/python.py", line 252, in execute_callable
    return self.python_callable(*self.op_args, **self.op_kwargs)
           ^^^^^^^^^^^^^^^^^^^^^^^^^^^^^^^^^^^^^^^^^^^^^^^^^^^^^
  File "/opt/airflow/dags/file_jsons_to_postgres.py", line 50, in filter_data
    and 'date' in entry and is_valid_date(entry['date'])
                            ^^^^^^^^^^^^^^^^^^^^^^^^^^^^
  File "/opt/airflow/dags/file_jsons_to_postgres.py", line 36, in is_valid_date
    parser.parse(date_str)
    ^^^^^^
NameError: name 'parser' is not defined
[2024-06-13T06:30:03.503+0000] {taskinstance.py:1206} INFO - Marking task as UP_FOR_RETRY. dag_id=***_example1, task_id=filter_data, run_id=manual__2024-06-13T06:30:00.965754+00:00, execution_date=20240613T063000, start_date=20240613T063003, end_date=20240613T063003
[2024-06-13T06:30:03.517+0000] {standard_task_runner.py:110} ERROR - Failed to execute job 208 for task filter_data (name 'parser' is not defined; 677)
[2024-06-13T06:30:03.533+0000] {local_task_job_runner.py:240} INFO - Task exited with return code 1
[2024-06-13T06:30:03.557+0000] {taskinstance.py:3498} INFO - 0 downstream tasks scheduled from follow-on schedule check
[2024-06-13T06:30:03.559+0000] {local_task_job_runner.py:222} INFO - ::endgroup::
