[2024-06-12T05:44:50.085+0000] {local_task_job_runner.py:120} INFO - ::group::Pre task execution logs
[2024-06-12T05:44:50.113+0000] {taskinstance.py:2076} INFO - Dependencies all met for dep_context=non-requeueable deps ti=<TaskInstance: manual_json_to_postgres1.process_json manual__2024-06-12T05:44:48.683688+00:00 [queued]>
[2024-06-12T05:44:50.123+0000] {taskinstance.py:2076} INFO - Dependencies all met for dep_context=requeueable deps ti=<TaskInstance: manual_json_to_postgres1.process_json manual__2024-06-12T05:44:48.683688+00:00 [queued]>
[2024-06-12T05:44:50.124+0000] {taskinstance.py:2306} INFO - Starting attempt 1 of 6
[2024-06-12T05:44:50.139+0000] {taskinstance.py:2330} INFO - Executing <Task(PythonOperator): process_json> on 2024-06-12 05:44:48.683688+00:00
[2024-06-12T05:44:50.145+0000] {warnings.py:110} WARNING - /home/***/.local/lib/python3.12/site-packages/***/task/task_runner/standard_task_runner.py:61: DeprecationWarning: This process (pid=668) is multi-threaded, use of fork() may lead to deadlocks in the child.
  pid = os.fork()

[2024-06-12T05:44:50.146+0000] {standard_task_runner.py:63} INFO - Started process 669 to run task
[2024-06-12T05:44:50.146+0000] {standard_task_runner.py:90} INFO - Running: ['***', 'tasks', 'run', 'manual_json_to_postgres1', 'process_json', 'manual__2024-06-12T05:44:48.683688+00:00', '--job-id', '113', '--raw', '--subdir', 'DAGS_FOLDER/manual_json_to_postgres.py', '--cfg-path', '/tmp/tmp9wpm0qi3']
[2024-06-12T05:44:50.147+0000] {standard_task_runner.py:91} INFO - Job 113: Subtask process_json
[2024-06-12T05:44:50.194+0000] {task_command.py:426} INFO - Running <TaskInstance: manual_json_to_postgres1.process_json manual__2024-06-12T05:44:48.683688+00:00 [running]> on host 7bea3768514b
[2024-06-12T05:44:50.291+0000] {taskinstance.py:2648} INFO - Exporting env vars: AIRFLOW_CTX_DAG_OWNER='***' AIRFLOW_CTX_DAG_ID='manual_json_to_postgres1' AIRFLOW_CTX_TASK_ID='process_json' AIRFLOW_CTX_EXECUTION_DATE='2024-06-12T05:44:48.683688+00:00' AIRFLOW_CTX_TRY_NUMBER='1' AIRFLOW_CTX_DAG_RUN_ID='manual__2024-06-12T05:44:48.683688+00:00'
[2024-06-12T05:44:50.291+0000] {taskinstance.py:430} INFO - ::endgroup::
[2024-06-12T05:44:50.307+0000] {manual_json_to_postgres.py:38} INFO - Loaded JSON data: [{'name': 'John Doe', 'email': 'john@example.com', 'date': '2023-06-01'}, {'name': 'Jane Smith', 'email': 'jane@example.com', 'date': '2023-06-02'}, {'name': 'Invalid Entry', 'date': '2023-06-03'}]
[2024-06-12T05:44:50.307+0000] {manual_json_to_postgres.py:42} INFO - Filtered valid data: [{'name': 'John Doe', 'email': 'john@example.com', 'date': '2023-06-01'}, {'name': 'Jane Smith', 'email': 'jane@example.com', 'date': '2023-06-02'}]
[2024-06-12T05:44:50.307+0000] {manual_json_to_postgres.py:51} INFO - Inserting entry: {'name': 'John Doe', 'email': 'john@example.com', 'date': '2023-06-01'}
[2024-06-12T05:44:50.315+0000] {base.py:84} INFO - Using connection ID 'postgres_conn' for task execution.
[2024-06-12T05:44:50.319+0000] {sql.py:470} INFO - Running statement: 
            INSERT INTO valid_data (name, email, date) VALUES (%s, %s, %s)
            , parameters: ('John Doe', 'john@example.com', '2023-06-01')
[2024-06-12T05:44:50.320+0000] {sql.py:479} INFO - Rows affected: 1
[2024-06-12T05:44:50.321+0000] {manual_json_to_postgres.py:51} INFO - Inserting entry: {'name': 'Jane Smith', 'email': 'jane@example.com', 'date': '2023-06-02'}
[2024-06-12T05:44:50.328+0000] {base.py:84} INFO - Using connection ID 'postgres_conn' for task execution.
[2024-06-12T05:44:50.331+0000] {sql.py:470} INFO - Running statement: 
            INSERT INTO valid_data (name, email, date) VALUES (%s, %s, %s)
            , parameters: ('Jane Smith', 'jane@example.com', '2023-06-02')
[2024-06-12T05:44:50.332+0000] {sql.py:479} INFO - Rows affected: 1
[2024-06-12T05:44:50.334+0000] {manual_json_to_postgres.py:53} INFO - Data insertion completed successfully.
[2024-06-12T05:44:50.334+0000] {python.py:237} INFO - Done. Returned value was: None
[2024-06-12T05:44:50.335+0000] {taskinstance.py:441} INFO - ::group::Post task execution logs
[2024-06-12T05:44:50.345+0000] {taskinstance.py:1206} INFO - Marking task as SUCCESS. dag_id=manual_json_to_postgres1, task_id=process_json, run_id=manual__2024-06-12T05:44:48.683688+00:00, execution_date=20240612T054448, start_date=20240612T054450, end_date=20240612T054450
[2024-06-12T05:44:50.399+0000] {local_task_job_runner.py:240} INFO - Task exited with return code 0
[2024-06-12T05:44:50.432+0000] {taskinstance.py:3498} INFO - 0 downstream tasks scheduled from follow-on schedule check
[2024-06-12T05:44:50.433+0000] {local_task_job_runner.py:222} INFO - ::endgroup::
