[2024-06-17T05:17:57.873+0000] {local_task_job_runner.py:120} INFO - ::group::Pre task execution logs
[2024-06-17T05:17:57.907+0000] {taskinstance.py:2076} INFO - Dependencies all met for dep_context=non-requeueable deps ti=<TaskInstance: status_dag_v3.failed_state manual__2024-06-17T05:17:56.226215+00:00 [queued]>
[2024-06-17T05:17:57.919+0000] {taskinstance.py:2076} INFO - Dependencies all met for dep_context=requeueable deps ti=<TaskInstance: status_dag_v3.failed_state manual__2024-06-17T05:17:56.226215+00:00 [queued]>
[2024-06-17T05:17:57.920+0000] {taskinstance.py:2306} INFO - Starting attempt 1 of 1
[2024-06-17T05:17:57.941+0000] {taskinstance.py:2330} INFO - Executing <Task(PythonOperator): failed_state> on 2024-06-17 05:17:56.226215+00:00
[2024-06-17T05:17:57.947+0000] {warnings.py:110} WARNING - /home/***/.local/lib/python3.12/site-packages/***/task/task_runner/standard_task_runner.py:61: DeprecationWarning: This process (pid=5507) is multi-threaded, use of fork() may lead to deadlocks in the child.
  pid = os.fork()

[2024-06-17T05:17:57.948+0000] {standard_task_runner.py:63} INFO - Started process 5508 to run task
[2024-06-17T05:17:57.948+0000] {standard_task_runner.py:90} INFO - Running: ['***', 'tasks', 'run', 'status_dag_v3', 'failed_state', 'manual__2024-06-17T05:17:56.226215+00:00', '--job-id', '292', '--raw', '--subdir', 'DAGS_FOLDER/status_dag_v3.py', '--cfg-path', '/tmp/tmp2qreqsd6']
[2024-06-17T05:17:57.949+0000] {standard_task_runner.py:91} INFO - Job 292: Subtask failed_state
[2024-06-17T05:17:58.008+0000] {task_command.py:426} INFO - Running <TaskInstance: status_dag_v3.failed_state manual__2024-06-17T05:17:56.226215+00:00 [running]> on host 8cc8d7c9eee4
[2024-06-17T05:17:58.117+0000] {taskinstance.py:2648} INFO - Exporting env vars: AIRFLOW_CTX_DAG_OWNER='ariflow' AIRFLOW_CTX_DAG_ID='status_dag_v3' AIRFLOW_CTX_TASK_ID='failed_state' AIRFLOW_CTX_EXECUTION_DATE='2024-06-17T05:17:56.226215+00:00' AIRFLOW_CTX_TRY_NUMBER='1' AIRFLOW_CTX_DAG_RUN_ID='manual__2024-06-17T05:17:56.226215+00:00'
[2024-06-17T05:17:58.118+0000] {taskinstance.py:430} INFO - ::endgroup::
[2024-06-17T05:17:58.150+0000] {status_dag_v3.py:8} ERROR - Failed....
[2024-06-17T05:17:58.150+0000] {taskinstance.py:441} INFO - ::group::Post task execution logs
[2024-06-17T05:17:58.151+0000] {taskinstance.py:2905} ERROR - Task failed with exception
Traceback (most recent call last):
  File "/home/airflow/.local/lib/python3.12/site-packages/airflow/models/taskinstance.py", line 465, in _execute_task
    result = _execute_callable(context=context, **execute_callable_kwargs)
             ^^^^^^^^^^^^^^^^^^^^^^^^^^^^^^^^^^^^^^^^^^^^^^^^^^^^^^^^^^^^^
  File "/home/airflow/.local/lib/python3.12/site-packages/airflow/models/taskinstance.py", line 432, in _execute_callable
    return execute_callable(context=context, **execute_callable_kwargs)
           ^^^^^^^^^^^^^^^^^^^^^^^^^^^^^^^^^^^^^^^^^^^^^^^^^^^^^^^^^^^^
  File "/home/airflow/.local/lib/python3.12/site-packages/airflow/models/baseoperator.py", line 400, in wrapper
    return func(self, *args, **kwargs)
           ^^^^^^^^^^^^^^^^^^^^^^^^^^^
  File "/home/airflow/.local/lib/python3.12/site-packages/airflow/operators/python.py", line 235, in execute
    return_value = self.execute_callable()
                   ^^^^^^^^^^^^^^^^^^^^^^^
  File "/home/airflow/.local/lib/python3.12/site-packages/airflow/operators/python.py", line 252, in execute_callable
    return self.python_callable(*self.op_args, **self.op_kwargs)
           ^^^^^^^^^^^^^^^^^^^^^^^^^^^^^^^^^^^^^^^^^^^^^^^^^^^^^
  File "/opt/airflow/dags/status_dag_v3.py", line 9, in fail_state
    raise Exception('Failed....')
Exception: Failed....
[2024-06-17T05:17:58.163+0000] {taskinstance.py:1206} INFO - Marking task as FAILED. dag_id=status_dag_v3, task_id=failed_state, run_id=manual__2024-06-17T05:17:56.226215+00:00, execution_date=20240617T051756, start_date=20240617T051757, end_date=20240617T051758
[2024-06-17T05:17:58.179+0000] {standard_task_runner.py:110} ERROR - Failed to execute job 292 for task failed_state (Failed....; 5508)
[2024-06-17T05:17:58.201+0000] {local_task_job_runner.py:240} INFO - Task exited with return code 1
[2024-06-17T05:17:58.234+0000] {taskinstance.py:3498} INFO - 0 downstream tasks scheduled from follow-on schedule check
[2024-06-17T05:17:58.241+0000] {local_task_job_runner.py:222} INFO - ::endgroup::
