[2024-06-20T18:45:02.082+0000] {local_task_job_runner.py:120} INFO - ::group::Pre task execution logs
[2024-06-20T18:45:02.116+0000] {taskinstance.py:2076} INFO - Dependencies all met for dep_context=non-requeueable deps ti=<TaskInstance: demo_dag_for_alerting_apis_final.check_previous_run_status scheduled__2024-06-20T18:44:00+00:00 [queued]>
[2024-06-20T18:45:02.133+0000] {taskinstance.py:2076} INFO - Dependencies all met for dep_context=requeueable deps ti=<TaskInstance: demo_dag_for_alerting_apis_final.check_previous_run_status scheduled__2024-06-20T18:44:00+00:00 [queued]>
[2024-06-20T18:45:02.134+0000] {taskinstance.py:2306} INFO - Starting attempt 1 of 6
[2024-06-20T18:45:02.158+0000] {taskinstance.py:2330} INFO - Executing <Task(BranchPythonOperator): check_previous_run_status> on 2024-06-20 18:44:00+00:00
[2024-06-20T18:45:02.166+0000] {warnings.py:110} WARNING - /home/***/.local/lib/python3.12/site-packages/***/task/task_runner/standard_task_runner.py:61: DeprecationWarning: This process (pid=1845) is multi-threaded, use of fork() may lead to deadlocks in the child.
  pid = os.fork()

[2024-06-20T18:45:02.168+0000] {standard_task_runner.py:63} INFO - Started process 1846 to run task
[2024-06-20T18:45:02.172+0000] {standard_task_runner.py:90} INFO - Running: ['***', 'tasks', 'run', 'demo_dag_for_alerting_apis_final', 'check_previous_run_status', 'scheduled__2024-06-20T18:44:00+00:00', '--job-id', '2579', '--raw', '--subdir', 'DAGS_FOLDER/demo_dag_for_alerting_apis.py', '--cfg-path', '/tmp/tmp86imx7kw']
[2024-06-20T18:45:02.174+0000] {standard_task_runner.py:91} INFO - Job 2579: Subtask check_previous_run_status
[2024-06-20T18:45:02.231+0000] {task_command.py:426} INFO - Running <TaskInstance: demo_dag_for_alerting_apis_final.check_previous_run_status scheduled__2024-06-20T18:44:00+00:00 [running]> on host e66744caf823
[2024-06-20T18:45:02.356+0000] {taskinstance.py:2648} INFO - Exporting env vars: AIRFLOW_CTX_DAG_OWNER='***' AIRFLOW_CTX_DAG_ID='demo_dag_for_alerting_apis_final' AIRFLOW_CTX_TASK_ID='check_previous_run_status' AIRFLOW_CTX_EXECUTION_DATE='2024-06-20T18:44:00+00:00' AIRFLOW_CTX_TRY_NUMBER='1' AIRFLOW_CTX_DAG_RUN_ID='scheduled__2024-06-20T18:44:00+00:00'
[2024-06-20T18:45:02.357+0000] {taskinstance.py:430} INFO - ::endgroup::
[2024-06-20T18:45:02.375+0000] {baseoperator.py:399} WARNING - BranchPythonOperator.execute cannot be called outside TaskInstance!
[2024-06-20T18:45:02.375+0000] {python.py:237} INFO - Done. Returned value was: start_run
[2024-06-20T18:45:02.376+0000] {branch.py:36} INFO - Branch into start_run
[2024-06-20T18:45:02.376+0000] {skipmixin.py:178} INFO - Following branch start_run
[2024-06-20T18:45:02.392+0000] {skipmixin.py:246} INFO - Skipping tasks [('skip_run', -1)]
[2024-06-20T18:45:02.417+0000] {taskinstance.py:441} INFO - ::group::Post task execution logs
[2024-06-20T18:45:02.436+0000] {taskinstance.py:1206} INFO - Marking task as SUCCESS. dag_id=demo_dag_for_alerting_apis_final, task_id=check_previous_run_status, run_id=scheduled__2024-06-20T18:44:00+00:00, execution_date=20240620T184400, start_date=20240620T184502, end_date=20240620T184502
[2024-06-20T18:45:02.462+0000] {local_task_job_runner.py:240} INFO - Task exited with return code 0
[2024-06-20T18:45:02.513+0000] {taskinstance.py:3498} INFO - 0 downstream tasks scheduled from follow-on schedule check
[2024-06-20T18:45:02.514+0000] {local_task_job_runner.py:222} INFO - ::endgroup::
