[2024-06-19T04:04:01.777+0000] {local_task_job_runner.py:120} INFO - ::group::Pre task execution logs
[2024-06-19T04:04:01.805+0000] {taskinstance.py:2076} INFO - Dependencies all met for dep_context=non-requeueable deps ti=<TaskInstance: demo_dag_for_alerting_apis.skip_run scheduled__2024-06-19T04:03:00+00:00 [queued]>
[2024-06-19T04:04:01.816+0000] {taskinstance.py:2076} INFO - Dependencies all met for dep_context=requeueable deps ti=<TaskInstance: demo_dag_for_alerting_apis.skip_run scheduled__2024-06-19T04:03:00+00:00 [queued]>
[2024-06-19T04:04:01.817+0000] {taskinstance.py:2306} INFO - Starting attempt 1 of 6
[2024-06-19T04:04:01.832+0000] {taskinstance.py:2330} INFO - Executing <Task(PythonOperator): skip_run> on 2024-06-19 04:03:00+00:00
[2024-06-19T04:04:01.836+0000] {warnings.py:110} WARNING - /home/***/.local/lib/python3.12/site-packages/***/task/task_runner/standard_task_runner.py:61: DeprecationWarning: This process (pid=461) is multi-threaded, use of fork() may lead to deadlocks in the child.
  pid = os.fork()

[2024-06-19T04:04:01.837+0000] {standard_task_runner.py:63} INFO - Started process 462 to run task
[2024-06-19T04:04:01.838+0000] {standard_task_runner.py:90} INFO - Running: ['***', 'tasks', 'run', 'demo_dag_for_alerting_apis', 'skip_run', 'scheduled__2024-06-19T04:03:00+00:00', '--job-id', '968', '--raw', '--subdir', 'DAGS_FOLDER/demo_dag_for_alerting_apis.py', '--cfg-path', '/tmp/tmpj_gl8kpd']
[2024-06-19T04:04:01.839+0000] {standard_task_runner.py:91} INFO - Job 968: Subtask skip_run
[2024-06-19T04:04:01.878+0000] {task_command.py:426} INFO - Running <TaskInstance: demo_dag_for_alerting_apis.skip_run scheduled__2024-06-19T04:03:00+00:00 [running]> on host 9e4d135130fa
[2024-06-19T04:04:01.964+0000] {taskinstance.py:2648} INFO - Exporting env vars: AIRFLOW_CTX_DAG_OWNER='***' AIRFLOW_CTX_DAG_ID='demo_dag_for_alerting_apis' AIRFLOW_CTX_TASK_ID='skip_run' AIRFLOW_CTX_EXECUTION_DATE='2024-06-19T04:03:00+00:00' AIRFLOW_CTX_TRY_NUMBER='1' AIRFLOW_CTX_DAG_RUN_ID='scheduled__2024-06-19T04:03:00+00:00'
[2024-06-19T04:04:01.965+0000] {taskinstance.py:430} INFO - ::endgroup::
[2024-06-19T04:04:01.981+0000] {helper_functions.py:148} ERROR - HTTP request failed: HTTPConnectionPool(host='localhost', port=8080): Max retries exceeded with url: /api/v1/dags/demo_dag_for_alerting_apis/dagRuns?limit=3&order_by=-start_date (Caused by NewConnectionError('<urllib3.connection.HTTPConnection object at 0x786d6cd0d730>: Failed to establish a new connection: [Errno 111] Connection refused'))
[2024-06-19T04:04:01.981+0000] {python.py:237} INFO - Done. Returned value was: None
[2024-06-19T04:04:01.982+0000] {taskinstance.py:441} INFO - ::group::Post task execution logs
[2024-06-19T04:04:01.989+0000] {taskinstance.py:1206} INFO - Marking task as SUCCESS. dag_id=demo_dag_for_alerting_apis, task_id=skip_run, run_id=scheduled__2024-06-19T04:03:00+00:00, execution_date=20240619T040300, start_date=20240619T040401, end_date=20240619T040401
[2024-06-19T04:04:02.011+0000] {local_task_job_runner.py:240} INFO - Task exited with return code 0
[2024-06-19T04:04:02.026+0000] {taskinstance.py:3498} INFO - 0 downstream tasks scheduled from follow-on schedule check
[2024-06-19T04:04:02.028+0000] {local_task_job_runner.py:222} INFO - ::endgroup::
