[2024-06-11T13:51:08.518+0000] {local_task_job_runner.py:120} INFO - ::group::Pre task execution logs
[2024-06-11T13:51:08.544+0000] {taskinstance.py:2076} INFO - Dependencies all met for dep_context=non-requeueable deps ti=<TaskInstance: postgres_example.postgres_task manual__2024-06-11T13:51:06.686610+00:00 [queued]>
[2024-06-11T13:51:08.557+0000] {taskinstance.py:2076} INFO - Dependencies all met for dep_context=requeueable deps ti=<TaskInstance: postgres_example.postgres_task manual__2024-06-11T13:51:06.686610+00:00 [queued]>
[2024-06-11T13:51:08.557+0000] {taskinstance.py:2306} INFO - Starting attempt 1 of 1
[2024-06-11T13:51:08.576+0000] {taskinstance.py:2330} INFO - Executing <Task(PostgresOperator): postgres_task> on 2024-06-11 13:51:06.686610+00:00
[2024-06-11T13:51:08.583+0000] {warnings.py:110} WARNING - /home/***/.local/lib/python3.12/site-packages/***/task/task_runner/standard_task_runner.py:61: DeprecationWarning: This process (pid=105) is multi-threaded, use of fork() may lead to deadlocks in the child.
  pid = os.fork()

[2024-06-11T13:51:08.585+0000] {standard_task_runner.py:63} INFO - Started process 106 to run task
[2024-06-11T13:51:08.585+0000] {standard_task_runner.py:90} INFO - Running: ['***', 'tasks', 'run', 'postgres_example', 'postgres_task', 'manual__2024-06-11T13:51:06.686610+00:00', '--job-id', '11', '--raw', '--subdir', 'DAGS_FOLDER/postgres_conn.py', '--cfg-path', '/tmp/tmpyson99oy']
[2024-06-11T13:51:08.586+0000] {standard_task_runner.py:91} INFO - Job 11: Subtask postgres_task
[2024-06-11T13:51:08.634+0000] {task_command.py:426} INFO - Running <TaskInstance: postgres_example.postgres_task manual__2024-06-11T13:51:06.686610+00:00 [running]> on host ed9d1e161c39
[2024-06-11T13:51:08.740+0000] {taskinstance.py:2648} INFO - Exporting env vars: AIRFLOW_CTX_DAG_OWNER='***' AIRFLOW_CTX_DAG_ID='postgres_example' AIRFLOW_CTX_TASK_ID='postgres_task' AIRFLOW_CTX_EXECUTION_DATE='2024-06-11T13:51:06.686610+00:00' AIRFLOW_CTX_TRY_NUMBER='1' AIRFLOW_CTX_DAG_RUN_ID='manual__2024-06-11T13:51:06.686610+00:00'
[2024-06-11T13:51:08.740+0000] {taskinstance.py:430} INFO - ::endgroup::
[2024-06-11T13:51:08.778+0000] {sql.py:276} INFO - Executing: SELECT * FROM users
[2024-06-11T13:51:08.790+0000] {base.py:84} INFO - Using connection ID 'postgres_conn' for task execution.
[2024-06-11T13:51:08.804+0000] {base.py:84} INFO - Using connection ID 'postgres_conn' for task execution.
[2024-06-11T13:53:22.242+0000] {taskinstance.py:441} INFO - ::group::Post task execution logs
[2024-06-11T13:53:22.244+0000] {taskinstance.py:2905} ERROR - Task failed with exception
Traceback (most recent call last):
  File "/home/airflow/.local/lib/python3.12/site-packages/airflow/models/taskinstance.py", line 465, in _execute_task
    result = _execute_callable(context=context, **execute_callable_kwargs)
             ^^^^^^^^^^^^^^^^^^^^^^^^^^^^^^^^^^^^^^^^^^^^^^^^^^^^^^^^^^^^^
  File "/home/airflow/.local/lib/python3.12/site-packages/airflow/models/taskinstance.py", line 432, in _execute_callable
    return execute_callable(context=context, **execute_callable_kwargs)
           ^^^^^^^^^^^^^^^^^^^^^^^^^^^^^^^^^^^^^^^^^^^^^^^^^^^^^^^^^^^^
  File "/home/airflow/.local/lib/python3.12/site-packages/airflow/models/baseoperator.py", line 400, in wrapper
    return func(self, *args, **kwargs)
           ^^^^^^^^^^^^^^^^^^^^^^^^^^^
  File "/home/airflow/.local/lib/python3.12/site-packages/airflow/providers/common/sql/operators/sql.py", line 282, in execute
    output = hook.run(
             ^^^^^^^^^
  File "/home/airflow/.local/lib/python3.12/site-packages/airflow/providers/common/sql/hooks/sql.py", line 411, in run
    with closing(self.get_conn()) as conn:
                 ^^^^^^^^^^^^^^^
  File "/home/airflow/.local/lib/python3.12/site-packages/airflow/providers/postgres/hooks/postgres.py", line 161, in get_conn
    self.conn = psycopg2.connect(**conn_args)
                ^^^^^^^^^^^^^^^^^^^^^^^^^^^^^
  File "/home/airflow/.local/lib/python3.12/site-packages/psycopg2/__init__.py", line 122, in connect
    conn = _connect(dsn, connection_factory=connection_factory, **kwasync)
           ^^^^^^^^^^^^^^^^^^^^^^^^^^^^^^^^^^^^^^^^^^^^^^^^^^^^^^^^^^^^^^^
psycopg2.OperationalError: connection to server at "172.240.3.3", port 5432 failed: Connection timed out
	Is the server running on that host and accepting TCP/IP connections?

[2024-06-11T13:53:22.277+0000] {taskinstance.py:1206} INFO - Marking task as FAILED. dag_id=postgres_example, task_id=postgres_task, run_id=manual__2024-06-11T13:51:06.686610+00:00, execution_date=20240611T135106, start_date=20240611T135108, end_date=20240611T135322
[2024-06-11T13:53:22.318+0000] {standard_task_runner.py:110} ERROR - Failed to execute job 11 for task postgres_task (connection to server at "172.240.3.3", port 5432 failed: Connection timed out
	Is the server running on that host and accepting TCP/IP connections?
; 106)
[2024-06-11T13:53:22.335+0000] {local_task_job_runner.py:240} INFO - Task exited with return code 1
[2024-06-11T13:53:22.352+0000] {taskinstance.py:3498} INFO - 0 downstream tasks scheduled from follow-on schedule check
[2024-06-11T13:53:22.354+0000] {local_task_job_runner.py:222} INFO - ::endgroup::
