[2024-06-27T04:41:04.047+0000] {local_task_job_runner.py:120} INFO - ::group::Pre task execution logs
[2024-06-27T04:41:04.103+0000] {taskinstance.py:2076} INFO - Dependencies all met for dep_context=non-requeueable deps ti=<TaskInstance: demo_dag_for_alerting_apis_final.skip_run scheduled__2024-06-27T04:40:00+00:00 [queued]>
[2024-06-27T04:41:04.128+0000] {taskinstance.py:2076} INFO - Dependencies all met for dep_context=requeueable deps ti=<TaskInstance: demo_dag_for_alerting_apis_final.skip_run scheduled__2024-06-27T04:40:00+00:00 [queued]>
[2024-06-27T04:41:04.128+0000] {taskinstance.py:2306} INFO - Starting attempt 1 of 6
[2024-06-27T04:41:04.155+0000] {taskinstance.py:2330} INFO - Executing <Task(PythonOperator): skip_run> on 2024-06-27 04:40:00+00:00
[2024-06-27T04:41:04.166+0000] {warnings.py:110} WARNING - /home/***/.local/lib/python3.12/site-packages/***/task/task_runner/standard_task_runner.py:61: DeprecationWarning: This process (pid=232) is multi-threaded, use of fork() may lead to deadlocks in the child.
  pid = os.fork()

[2024-06-27T04:41:04.169+0000] {standard_task_runner.py:63} INFO - Started process 242 to run task
[2024-06-27T04:41:04.169+0000] {standard_task_runner.py:90} INFO - Running: ['***', 'tasks', 'run', 'demo_dag_for_alerting_apis_final', 'skip_run', 'scheduled__2024-06-27T04:40:00+00:00', '--job-id', '4536', '--raw', '--subdir', 'DAGS_FOLDER/demo_dag_for_alerting_apis.py', '--cfg-path', '/tmp/tmpub4btjar']
[2024-06-27T04:41:04.171+0000] {standard_task_runner.py:91} INFO - Job 4536: Subtask skip_run
[2024-06-27T04:41:04.259+0000] {task_command.py:426} INFO - Running <TaskInstance: demo_dag_for_alerting_apis_final.skip_run scheduled__2024-06-27T04:40:00+00:00 [running]> on host eeacb89bcfc1
[2024-06-27T04:41:04.445+0000] {taskinstance.py:2648} INFO - Exporting env vars: AIRFLOW_CTX_DAG_OWNER='***' AIRFLOW_CTX_DAG_ID='demo_dag_for_alerting_apis_final' AIRFLOW_CTX_TASK_ID='skip_run' AIRFLOW_CTX_EXECUTION_DATE='2024-06-27T04:40:00+00:00' AIRFLOW_CTX_TRY_NUMBER='1' AIRFLOW_CTX_DAG_RUN_ID='scheduled__2024-06-27T04:40:00+00:00'
[2024-06-27T04:41:04.446+0000] {taskinstance.py:430} INFO - ::endgroup::
[2024-06-27T04:41:04.855+0000] {helper_functions.py:226} INFO - ['scheduled__2024-06-27T04:39:00+00:00', 'scheduled__2024-06-26T10:46:00+00:00']
[2024-06-27T04:41:05.271+0000] {helper_functions.py:235} INFO - ['skipped', 'success']
[2024-06-27T04:41:05.272+0000] {python.py:237} INFO - Done. Returned value was: None
[2024-06-27T04:41:05.272+0000] {taskinstance.py:441} INFO - ::group::Post task execution logs
[2024-06-27T04:41:05.286+0000] {taskinstance.py:1206} INFO - Marking task as SUCCESS. dag_id=demo_dag_for_alerting_apis_final, task_id=skip_run, run_id=scheduled__2024-06-27T04:40:00+00:00, execution_date=20240627T044000, start_date=20240627T044104, end_date=20240627T044105
[2024-06-27T04:41:05.327+0000] {local_task_job_runner.py:240} INFO - Task exited with return code 0
[2024-06-27T04:41:05.344+0000] {taskinstance.py:3498} INFO - 0 downstream tasks scheduled from follow-on schedule check
[2024-06-27T04:41:05.346+0000] {local_task_job_runner.py:222} INFO - ::endgroup::
