[2024-06-18T05:30:02.901+0000] {local_task_job_runner.py:120} INFO - ::group::Pre task execution logs
[2024-06-18T05:30:02.924+0000] {taskinstance.py:2076} INFO - Dependencies all met for dep_context=non-requeueable deps ti=<TaskInstance: alerting_skipped.task1 scheduled__2024-06-18T05:25:00+00:00 [queued]>
[2024-06-18T05:30:02.932+0000] {taskinstance.py:2076} INFO - Dependencies all met for dep_context=requeueable deps ti=<TaskInstance: alerting_skipped.task1 scheduled__2024-06-18T05:25:00+00:00 [queued]>
[2024-06-18T05:30:02.932+0000] {taskinstance.py:2306} INFO - Starting attempt 1 of 6
[2024-06-18T05:30:02.946+0000] {taskinstance.py:2330} INFO - Executing <Task(PythonOperator): task1> on 2024-06-18 05:25:00+00:00
[2024-06-18T05:30:02.951+0000] {warnings.py:110} WARNING - /home/***/.local/lib/python3.12/site-packages/***/task/task_runner/standard_task_runner.py:61: DeprecationWarning: This process (pid=319) is multi-threaded, use of fork() may lead to deadlocks in the child.
  pid = os.fork()

[2024-06-18T05:30:02.952+0000] {standard_task_runner.py:63} INFO - Started process 320 to run task
[2024-06-18T05:30:02.952+0000] {standard_task_runner.py:90} INFO - Running: ['***', 'tasks', 'run', 'alerting_skipped', 'task1', 'scheduled__2024-06-18T05:25:00+00:00', '--job-id', '422', '--raw', '--subdir', 'DAGS_FOLDER/alerting_skipped.py', '--cfg-path', '/tmp/tmp7yj24jjt']
[2024-06-18T05:30:02.953+0000] {standard_task_runner.py:91} INFO - Job 422: Subtask task1
[2024-06-18T05:30:02.989+0000] {task_command.py:426} INFO - Running <TaskInstance: alerting_skipped.task1 scheduled__2024-06-18T05:25:00+00:00 [running]> on host fa5c5d972e05
[2024-06-18T05:30:03.069+0000] {taskinstance.py:2648} INFO - Exporting env vars: AIRFLOW_CTX_DAG_OWNER='***' AIRFLOW_CTX_DAG_ID='alerting_skipped' AIRFLOW_CTX_TASK_ID='task1' AIRFLOW_CTX_EXECUTION_DATE='2024-06-18T05:25:00+00:00' AIRFLOW_CTX_TRY_NUMBER='1' AIRFLOW_CTX_DAG_RUN_ID='scheduled__2024-06-18T05:25:00+00:00'
[2024-06-18T05:30:03.070+0000] {taskinstance.py:430} INFO - ::endgroup::
[2024-06-18T05:30:03.081+0000] {alerting_skipped.py:26} INFO - Task is intentionally skipped
[2024-06-18T05:30:03.082+0000] {taskinstance.py:441} INFO - ::group::Post task execution logs
[2024-06-18T05:30:03.082+0000] {taskinstance.py:2506} INFO - This task is intentionally skipped
[2024-06-18T05:30:03.090+0000] {taskinstance.py:1206} INFO - Marking task as SKIPPED. dag_id=alerting_skipped, task_id=task1, run_id=scheduled__2024-06-18T05:25:00+00:00, execution_date=20240618T052500, start_date=20240618T053002, end_date=20240618T053003
[2024-06-18T05:30:03.125+0000] {local_task_job_runner.py:240} INFO - Task exited with return code 0
[2024-06-18T05:30:03.145+0000] {taskinstance.py:3498} INFO - 0 downstream tasks scheduled from follow-on schedule check
[2024-06-18T05:30:03.146+0000] {local_task_job_runner.py:222} INFO - ::endgroup::
