[2024-06-26T10:35:47.220+0000] {local_task_job_runner.py:120} INFO - ::group::Pre task execution logs
[2024-06-26T10:35:47.247+0000] {taskinstance.py:2076} INFO - Dependencies all met for dep_context=non-requeueable deps ti=<TaskInstance: demo_dag_for_alerting_final.refresh_external_table manual__2024-06-26T10:35:42.864313+00:00 [queued]>
[2024-06-26T10:35:47.259+0000] {taskinstance.py:2076} INFO - Dependencies all met for dep_context=requeueable deps ti=<TaskInstance: demo_dag_for_alerting_final.refresh_external_table manual__2024-06-26T10:35:42.864313+00:00 [queued]>
[2024-06-26T10:35:47.259+0000] {taskinstance.py:2306} INFO - Starting attempt 1 of 6
[2024-06-26T10:35:47.275+0000] {taskinstance.py:2330} INFO - Executing <Task(PythonOperator): refresh_external_table> on 2024-06-26 10:35:42.864313+00:00
[2024-06-26T10:35:47.286+0000] {warnings.py:110} WARNING - /home/***/.local/lib/python3.12/site-packages/***/task/task_runner/standard_task_runner.py:61: DeprecationWarning: This process (pid=6715) is multi-threaded, use of fork() may lead to deadlocks in the child.
  pid = os.fork()

[2024-06-26T10:35:47.288+0000] {standard_task_runner.py:63} INFO - Started process 6716 to run task
[2024-06-26T10:35:47.289+0000] {standard_task_runner.py:90} INFO - Running: ['***', 'tasks', 'run', 'demo_dag_for_alerting_final', 'refresh_external_table', 'manual__2024-06-26T10:35:42.864313+00:00', '--job-id', '4341', '--raw', '--subdir', 'DAGS_FOLDER/demo_dag_for_alerting.py', '--cfg-path', '/tmp/tmp6t7r0_qt']
[2024-06-26T10:35:47.290+0000] {standard_task_runner.py:91} INFO - Job 4341: Subtask refresh_external_table
[2024-06-26T10:35:47.343+0000] {task_command.py:426} INFO - Running <TaskInstance: demo_dag_for_alerting_final.refresh_external_table manual__2024-06-26T10:35:42.864313+00:00 [running]> on host ced2311e92d2
[2024-06-26T10:35:47.469+0000] {taskinstance.py:2648} INFO - Exporting env vars: AIRFLOW_CTX_DAG_OWNER='***' AIRFLOW_CTX_DAG_ID='demo_dag_for_alerting_final' AIRFLOW_CTX_TASK_ID='refresh_external_table' AIRFLOW_CTX_EXECUTION_DATE='2024-06-26T10:35:42.864313+00:00' AIRFLOW_CTX_TRY_NUMBER='1' AIRFLOW_CTX_DAG_RUN_ID='manual__2024-06-26T10:35:42.864313+00:00'
[2024-06-26T10:35:47.470+0000] {taskinstance.py:430} INFO - ::endgroup::
[2024-06-26T10:35:47.498+0000] {logging_mixin.py:188} INFO - refresh_crm_campaign_run_external_table
[2024-06-26T10:35:47.499+0000] {python.py:237} INFO - Done. Returned value was: None
[2024-06-26T10:35:47.501+0000] {taskinstance.py:441} INFO - ::group::Post task execution logs
[2024-06-26T10:35:47.517+0000] {taskinstance.py:1206} INFO - Marking task as SUCCESS. dag_id=demo_dag_for_alerting_final, task_id=refresh_external_table, run_id=manual__2024-06-26T10:35:42.864313+00:00, execution_date=20240626T103542, start_date=20240626T103547, end_date=20240626T103547
[2024-06-26T10:35:47.544+0000] {local_task_job_runner.py:240} INFO - Task exited with return code 0
[2024-06-26T10:35:47.603+0000] {taskinstance.py:3498} INFO - 1 downstream tasks scheduled from follow-on schedule check
[2024-06-26T10:35:47.605+0000] {local_task_job_runner.py:222} INFO - ::endgroup::
