[2024-06-21T07:15:05.609+0000] {local_task_job_runner.py:120} INFO - ::group::Pre task execution logs
[2024-06-21T07:15:05.636+0000] {taskinstance.py:2076} INFO - Dependencies all met for dep_context=non-requeueable deps ti=<TaskInstance: alerting_all_dags_using_apis.get_all_dagruns_task_instances scheduled__2024-06-21T07:00:00+00:00 [queued]>
[2024-06-21T07:15:05.646+0000] {taskinstance.py:2076} INFO - Dependencies all met for dep_context=requeueable deps ti=<TaskInstance: alerting_all_dags_using_apis.get_all_dagruns_task_instances scheduled__2024-06-21T07:00:00+00:00 [queued]>
[2024-06-21T07:15:05.646+0000] {taskinstance.py:2306} INFO - Starting attempt 1 of 6
[2024-06-21T07:15:05.662+0000] {taskinstance.py:2330} INFO - Executing <Task(PythonOperator): get_all_dagruns_task_instances> on 2024-06-21 07:00:00+00:00
[2024-06-21T07:15:05.666+0000] {warnings.py:110} WARNING - /home/***/.local/lib/python3.12/site-packages/***/task/task_runner/standard_task_runner.py:61: DeprecationWarning: This process (pid=2604) is multi-threaded, use of fork() may lead to deadlocks in the child.
  pid = os.fork()

[2024-06-21T07:15:05.667+0000] {standard_task_runner.py:63} INFO - Started process 2605 to run task
[2024-06-21T07:15:05.668+0000] {standard_task_runner.py:90} INFO - Running: ['***', 'tasks', 'run', 'alerting_all_dags_using_apis', 'get_all_dagruns_task_instances', 'scheduled__2024-06-21T07:00:00+00:00', '--job-id', '2909', '--raw', '--subdir', 'DAGS_FOLDER/alerting_all_dags_using_apis.py', '--cfg-path', '/tmp/tmp143n56g0']
[2024-06-21T07:15:05.669+0000] {standard_task_runner.py:91} INFO - Job 2909: Subtask get_all_dagruns_task_instances
[2024-06-21T07:15:05.707+0000] {task_command.py:426} INFO - Running <TaskInstance: alerting_all_dags_using_apis.get_all_dagruns_task_instances scheduled__2024-06-21T07:00:00+00:00 [running]> on host e66744caf823
[2024-06-21T07:15:05.803+0000] {taskinstance.py:2648} INFO - Exporting env vars: AIRFLOW_CTX_DAG_OWNER='***' AIRFLOW_CTX_DAG_ID='alerting_all_dags_using_apis' AIRFLOW_CTX_TASK_ID='get_all_dagruns_task_instances' AIRFLOW_CTX_EXECUTION_DATE='2024-06-21T07:00:00+00:00' AIRFLOW_CTX_TRY_NUMBER='1' AIRFLOW_CTX_DAG_RUN_ID='scheduled__2024-06-21T07:00:00+00:00'
[2024-06-21T07:15:05.803+0000] {taskinstance.py:430} INFO - ::endgroup::
[2024-06-21T07:15:05.816+0000] {helper_functions.py:121} ERROR - Failed to run alerting_all_dags_using_apis with task get_all_dagruns_task_instances: 'str' object has no attribute 'items'
[2024-06-21T07:15:05.817+0000] {python.py:237} INFO - Done. Returned value was: None
[2024-06-21T07:15:05.817+0000] {taskinstance.py:441} INFO - ::group::Post task execution logs
[2024-06-21T07:15:05.827+0000] {taskinstance.py:1206} INFO - Marking task as SUCCESS. dag_id=alerting_all_dags_using_apis, task_id=get_all_dagruns_task_instances, run_id=scheduled__2024-06-21T07:00:00+00:00, execution_date=20240621T070000, start_date=20240621T071505, end_date=20240621T071505
[2024-06-21T07:15:05.881+0000] {local_task_job_runner.py:240} INFO - Task exited with return code 0
[2024-06-21T07:15:05.943+0000] {taskinstance.py:3498} INFO - 1 downstream tasks scheduled from follow-on schedule check
[2024-06-21T07:15:05.948+0000] {local_task_job_runner.py:222} INFO - ::endgroup::
