[2024-06-26T05:40:02.602+0000] {local_task_job_runner.py:120} INFO - ::group::Pre task execution logs
[2024-06-26T05:40:02.637+0000] {taskinstance.py:2076} INFO - Dependencies all met for dep_context=non-requeueable deps ti=<TaskInstance: demo_dag_for_alerting_final_1.check_previous_run_status scheduled__2024-06-26T05:39:00+00:00 [queued]>
[2024-06-26T05:40:02.651+0000] {taskinstance.py:2076} INFO - Dependencies all met for dep_context=requeueable deps ti=<TaskInstance: demo_dag_for_alerting_final_1.check_previous_run_status scheduled__2024-06-26T05:39:00+00:00 [queued]>
[2024-06-26T05:40:02.652+0000] {taskinstance.py:2306} INFO - Starting attempt 1 of 6
[2024-06-26T05:40:02.679+0000] {taskinstance.py:2330} INFO - Executing <Task(BranchPythonOperator): check_previous_run_status> on 2024-06-26 05:39:00+00:00
[2024-06-26T05:40:02.687+0000] {warnings.py:110} WARNING - /home/***/.local/lib/python3.12/site-packages/***/task/task_runner/standard_task_runner.py:61: DeprecationWarning: This process (pid=3437) is multi-threaded, use of fork() may lead to deadlocks in the child.
  pid = os.fork()

[2024-06-26T05:40:02.689+0000] {standard_task_runner.py:63} INFO - Started process 3438 to run task
[2024-06-26T05:40:02.689+0000] {standard_task_runner.py:90} INFO - Running: ['***', 'tasks', 'run', 'demo_dag_for_alerting_final_1', 'check_previous_run_status', 'scheduled__2024-06-26T05:39:00+00:00', '--job-id', '4051', '--raw', '--subdir', 'DAGS_FOLDER/demo_dag_for_alerting.py', '--cfg-path', '/tmp/tmp2x1pa2zg']
[2024-06-26T05:40:02.690+0000] {standard_task_runner.py:91} INFO - Job 4051: Subtask check_previous_run_status
[2024-06-26T05:40:02.749+0000] {task_command.py:426} INFO - Running <TaskInstance: demo_dag_for_alerting_final_1.check_previous_run_status scheduled__2024-06-26T05:39:00+00:00 [running]> on host ced2311e92d2
[2024-06-26T05:40:02.859+0000] {taskinstance.py:2648} INFO - Exporting env vars: AIRFLOW_CTX_DAG_OWNER='***' AIRFLOW_CTX_DAG_ID='demo_dag_for_alerting_final_1' AIRFLOW_CTX_TASK_ID='check_previous_run_status' AIRFLOW_CTX_EXECUTION_DATE='2024-06-26T05:39:00+00:00' AIRFLOW_CTX_TRY_NUMBER='1' AIRFLOW_CTX_DAG_RUN_ID='scheduled__2024-06-26T05:39:00+00:00'
[2024-06-26T05:40:02.860+0000] {taskinstance.py:430} INFO - ::endgroup::
[2024-06-26T05:40:02.875+0000] {baseoperator.py:399} WARNING - BranchPythonOperator.execute cannot be called outside TaskInstance!
[2024-06-26T05:40:02.875+0000] {helper_functions.py:67} INFO - Reading encrypted postgres connection details from /opt/***/dags/postgres_connection.py
[2024-06-26T05:40:02.875+0000] {helper_functions.py:71} INFO - Decrypting postgres connection details
[2024-06-26T05:40:02.881+0000] {helper_functions.py:74} INFO - Decrypted postgres connection: {'user': '***', 'password': '***', 'dbname': '***', 'host': '172.240.4.3', 'port': '5432'}
[2024-06-26T05:40:02.885+0000] {helper_functions.py:87} INFO - Executing create table SQL
[2024-06-26T05:40:02.885+0000] {helper_functions.py:91} INFO - Checking existing record for dag_id and task_id
[2024-06-26T05:40:02.887+0000] {helper_functions.py:97} INFO - Updating skip count for demo_dag_for_alerting_final_1 - check_previous_run_status
[2024-06-26T05:40:02.889+0000] {python.py:237} INFO - Done. Returned value was: skip_run
[2024-06-26T05:40:02.889+0000] {branch.py:36} INFO - Branch into skip_run
[2024-06-26T05:40:02.890+0000] {skipmixin.py:178} INFO - Following branch skip_run
[2024-06-26T05:40:02.905+0000] {skipmixin.py:246} INFO - Skipping tasks [('start_run', -1)]
[2024-06-26T05:40:02.931+0000] {taskinstance.py:441} INFO - ::group::Post task execution logs
[2024-06-26T05:40:02.952+0000] {taskinstance.py:1206} INFO - Marking task as SUCCESS. dag_id=demo_dag_for_alerting_final_1, task_id=check_previous_run_status, run_id=scheduled__2024-06-26T05:39:00+00:00, execution_date=20240626T053900, start_date=20240626T054002, end_date=20240626T054002
[2024-06-26T05:40:02.983+0000] {local_task_job_runner.py:240} INFO - Task exited with return code 0
[2024-06-26T05:40:03.019+0000] {taskinstance.py:3498} INFO - 1 downstream tasks scheduled from follow-on schedule check
[2024-06-26T05:40:03.025+0000] {local_task_job_runner.py:222} INFO - ::endgroup::
