[2024-06-26T10:34:09.484+0000] {local_task_job_runner.py:120} INFO - ::group::Pre task execution logs
[2024-06-26T10:34:09.510+0000] {taskinstance.py:2076} INFO - Dependencies all met for dep_context=non-requeueable deps ti=<TaskInstance: demo_dag_for_alerting_final.check_data_in_stream scheduled__2024-06-26T10:31:00+00:00 [queued]>
[2024-06-26T10:34:09.520+0000] {taskinstance.py:2076} INFO - Dependencies all met for dep_context=requeueable deps ti=<TaskInstance: demo_dag_for_alerting_final.check_data_in_stream scheduled__2024-06-26T10:31:00+00:00 [queued]>
[2024-06-26T10:34:09.520+0000] {taskinstance.py:2306} INFO - Starting attempt 3 of 6
[2024-06-26T10:34:09.535+0000] {taskinstance.py:2330} INFO - Executing <Task(BranchPythonOperator): check_data_in_stream> on 2024-06-26 10:31:00+00:00
[2024-06-26T10:34:09.540+0000] {warnings.py:110} WARNING - /home/***/.local/lib/python3.12/site-packages/***/task/task_runner/standard_task_runner.py:61: DeprecationWarning: This process (pid=6673) is multi-threaded, use of fork() may lead to deadlocks in the child.
  pid = os.fork()

[2024-06-26T10:34:09.542+0000] {standard_task_runner.py:63} INFO - Started process 6674 to run task
[2024-06-26T10:34:09.542+0000] {standard_task_runner.py:90} INFO - Running: ['***', 'tasks', 'run', 'demo_dag_for_alerting_final', 'check_data_in_stream', 'scheduled__2024-06-26T10:31:00+00:00', '--job-id', '4330', '--raw', '--subdir', 'DAGS_FOLDER/demo_dag_for_alerting.py', '--cfg-path', '/tmp/tmp8qzw_x5g']
[2024-06-26T10:34:09.543+0000] {standard_task_runner.py:91} INFO - Job 4330: Subtask check_data_in_stream
[2024-06-26T10:34:09.593+0000] {task_command.py:426} INFO - Running <TaskInstance: demo_dag_for_alerting_final.check_data_in_stream scheduled__2024-06-26T10:31:00+00:00 [running]> on host ced2311e92d2
[2024-06-26T10:34:09.711+0000] {taskinstance.py:2648} INFO - Exporting env vars: AIRFLOW_CTX_DAG_OWNER='***' AIRFLOW_CTX_DAG_ID='demo_dag_for_alerting_final' AIRFLOW_CTX_TASK_ID='check_data_in_stream' AIRFLOW_CTX_EXECUTION_DATE='2024-06-26T10:31:00+00:00' AIRFLOW_CTX_TRY_NUMBER='3' AIRFLOW_CTX_DAG_RUN_ID='scheduled__2024-06-26T10:31:00+00:00'
[2024-06-26T10:34:09.712+0000] {taskinstance.py:430} INFO - ::endgroup::
[2024-06-26T10:34:09.726+0000] {baseoperator.py:399} WARNING - BranchPythonOperator.execute cannot be called outside TaskInstance!
[2024-06-26T10:34:09.727+0000] {helper_functions.py:120} INFO - Reading encrypted details from ('/opt/***/dags/postgres_connection.py', '/opt/***/dags/***_api_configuration.py')
[2024-06-26T10:34:09.734+0000] {helper_functions.py:123} INFO - Decrypted postgres connection: {'user': '***', 'password': '***', 'dbname': '***', 'host': '172.240.4.3', 'port': '5432'}
[2024-06-26T10:34:09.737+0000] {helper_functions.py:88} INFO - Executing create table SQL
[2024-06-26T10:34:09.739+0000] {helper_functions.py:92} INFO - Checking existing record for dag_id and task_id
[2024-06-26T10:34:09.740+0000] {helper_functions.py:109} INFO - Inserting new record for demo_dag_for_alerting_final - check_data_in_stream
[2024-06-26T10:34:09.740+0000] {helper_functions.py:113} ERROR - Failed to update database for demo_dag_for_alerting_final - check_data_in_stream: can't execute an empty query
Traceback (most recent call last):
  File "/opt/airflow/dags/helper_functions.py", line 110, in update_database
    cur.execute(self.insert_query, (dag_id, task_id, current_time))
psycopg2.ProgrammingError: can't execute an empty query
[2024-06-26T10:34:09.743+0000] {python.py:237} INFO - Done. Returned value was: insert_new_record_into_audit_table
[2024-06-26T10:34:09.743+0000] {branch.py:36} INFO - Branch into insert_new_record_into_audit_table
[2024-06-26T10:34:09.744+0000] {skipmixin.py:178} INFO - Following branch insert_new_record_into_audit_table
[2024-06-26T10:34:09.760+0000] {skipmixin.py:246} INFO - Skipping tasks [('skipped_due_to_data_unavailability', -1)]
[2024-06-26T10:34:09.785+0000] {taskinstance.py:441} INFO - ::group::Post task execution logs
[2024-06-26T10:34:09.807+0000] {taskinstance.py:1206} INFO - Marking task as SUCCESS. dag_id=demo_dag_for_alerting_final, task_id=check_data_in_stream, run_id=scheduled__2024-06-26T10:31:00+00:00, execution_date=20240626T103100, start_date=20240626T103409, end_date=20240626T103409
[2024-06-26T10:34:09.835+0000] {local_task_job_runner.py:240} INFO - Task exited with return code 0
[2024-06-26T10:34:09.871+0000] {taskinstance.py:3498} INFO - 1 downstream tasks scheduled from follow-on schedule check
[2024-06-26T10:34:09.873+0000] {local_task_job_runner.py:222} INFO - ::endgroup::
