[2024-06-19T10:57:02.652+0000] {local_task_job_runner.py:120} INFO - ::group::Pre task execution logs
[2024-06-19T10:57:02.679+0000] {taskinstance.py:2076} INFO - Dependencies all met for dep_context=non-requeueable deps ti=<TaskInstance: demo_dag_for_alerting_final.check_previous_run_status scheduled__2024-06-19T10:56:00+00:00 [queued]>
[2024-06-19T10:57:02.689+0000] {taskinstance.py:2076} INFO - Dependencies all met for dep_context=requeueable deps ti=<TaskInstance: demo_dag_for_alerting_final.check_previous_run_status scheduled__2024-06-19T10:56:00+00:00 [queued]>
[2024-06-19T10:57:02.690+0000] {taskinstance.py:2306} INFO - Starting attempt 1 of 6
[2024-06-19T10:57:02.706+0000] {taskinstance.py:2330} INFO - Executing <Task(BranchPythonOperator): check_previous_run_status> on 2024-06-19 10:56:00+00:00
[2024-06-19T10:57:02.711+0000] {warnings.py:110} WARNING - /home/***/.local/lib/python3.12/site-packages/***/task/task_runner/standard_task_runner.py:61: DeprecationWarning: This process (pid=4767) is multi-threaded, use of fork() may lead to deadlocks in the child.
  pid = os.fork()

[2024-06-19T10:57:02.713+0000] {standard_task_runner.py:63} INFO - Started process 4768 to run task
[2024-06-19T10:57:02.713+0000] {standard_task_runner.py:90} INFO - Running: ['***', 'tasks', 'run', 'demo_dag_for_alerting_final', 'check_previous_run_status', 'scheduled__2024-06-19T10:56:00+00:00', '--job-id', '1447', '--raw', '--subdir', 'DAGS_FOLDER/demo_dag_for_alerting.py', '--cfg-path', '/tmp/tmpgmslvwaw']
[2024-06-19T10:57:02.714+0000] {standard_task_runner.py:91} INFO - Job 1447: Subtask check_previous_run_status
[2024-06-19T10:57:02.762+0000] {task_command.py:426} INFO - Running <TaskInstance: demo_dag_for_alerting_final.check_previous_run_status scheduled__2024-06-19T10:56:00+00:00 [running]> on host 9e4d135130fa
[2024-06-19T10:57:02.871+0000] {taskinstance.py:2648} INFO - Exporting env vars: AIRFLOW_CTX_DAG_OWNER='***' AIRFLOW_CTX_DAG_ID='demo_dag_for_alerting_final' AIRFLOW_CTX_TASK_ID='check_previous_run_status' AIRFLOW_CTX_EXECUTION_DATE='2024-06-19T10:56:00+00:00' AIRFLOW_CTX_TRY_NUMBER='1' AIRFLOW_CTX_DAG_RUN_ID='scheduled__2024-06-19T10:56:00+00:00'
[2024-06-19T10:57:02.872+0000] {taskinstance.py:430} INFO - ::endgroup::
[2024-06-19T10:57:02.888+0000] {baseoperator.py:399} WARNING - BranchPythonOperator.execute cannot be called outside TaskInstance!
[2024-06-19T10:57:02.896+0000] {python.py:237} INFO - Done. Returned value was: start_run
[2024-06-19T10:57:02.896+0000] {branch.py:36} INFO - Branch into start_run
[2024-06-19T10:57:02.897+0000] {skipmixin.py:178} INFO - Following branch start_run
[2024-06-19T10:57:02.913+0000] {skipmixin.py:246} INFO - Skipping tasks [('skip_run', -1)]
[2024-06-19T10:57:02.937+0000] {taskinstance.py:441} INFO - ::group::Post task execution logs
[2024-06-19T10:57:02.958+0000] {taskinstance.py:1206} INFO - Marking task as SUCCESS. dag_id=demo_dag_for_alerting_final, task_id=check_previous_run_status, run_id=scheduled__2024-06-19T10:56:00+00:00, execution_date=20240619T105600, start_date=20240619T105702, end_date=20240619T105702
[2024-06-19T10:57:03.006+0000] {local_task_job_runner.py:240} INFO - Task exited with return code 0
[2024-06-19T10:57:03.042+0000] {taskinstance.py:3498} INFO - 0 downstream tasks scheduled from follow-on schedule check
[2024-06-19T10:57:03.044+0000] {local_task_job_runner.py:222} INFO - ::endgroup::
