[2024-06-21T07:12:03.575+0000] {local_task_job_runner.py:120} INFO - ::group::Pre task execution logs
[2024-06-21T07:12:03.600+0000] {taskinstance.py:2076} INFO - Dependencies all met for dep_context=non-requeueable deps ti=<TaskInstance: demo_dag_for_alerting_apis_final.skip_run scheduled__2024-06-21T07:11:00+00:00 [queued]>
[2024-06-21T07:12:03.610+0000] {taskinstance.py:2076} INFO - Dependencies all met for dep_context=requeueable deps ti=<TaskInstance: demo_dag_for_alerting_apis_final.skip_run scheduled__2024-06-21T07:11:00+00:00 [queued]>
[2024-06-21T07:12:03.610+0000] {taskinstance.py:2306} INFO - Starting attempt 1 of 6
[2024-06-21T07:12:03.624+0000] {taskinstance.py:2330} INFO - Executing <Task(PythonOperator): skip_run> on 2024-06-21 07:11:00+00:00
[2024-06-21T07:12:03.629+0000] {warnings.py:110} WARNING - /home/***/.local/lib/python3.12/site-packages/***/task/task_runner/standard_task_runner.py:61: DeprecationWarning: This process (pid=2521) is multi-threaded, use of fork() may lead to deadlocks in the child.
  pid = os.fork()

[2024-06-21T07:12:03.630+0000] {standard_task_runner.py:63} INFO - Started process 2524 to run task
[2024-06-21T07:12:03.630+0000] {standard_task_runner.py:90} INFO - Running: ['***', 'tasks', 'run', 'demo_dag_for_alerting_apis_final', 'skip_run', 'scheduled__2024-06-21T07:11:00+00:00', '--job-id', '2885', '--raw', '--subdir', 'DAGS_FOLDER/demo_dag_for_alerting_apis.py', '--cfg-path', '/tmp/tmpyl03s7ap']
[2024-06-21T07:12:03.631+0000] {standard_task_runner.py:91} INFO - Job 2885: Subtask skip_run
[2024-06-21T07:12:03.670+0000] {task_command.py:426} INFO - Running <TaskInstance: demo_dag_for_alerting_apis_final.skip_run scheduled__2024-06-21T07:11:00+00:00 [running]> on host e66744caf823
[2024-06-21T07:12:03.767+0000] {taskinstance.py:2648} INFO - Exporting env vars: AIRFLOW_CTX_DAG_OWNER='***' AIRFLOW_CTX_DAG_ID='demo_dag_for_alerting_apis_final' AIRFLOW_CTX_TASK_ID='skip_run' AIRFLOW_CTX_EXECUTION_DATE='2024-06-21T07:11:00+00:00' AIRFLOW_CTX_TRY_NUMBER='1' AIRFLOW_CTX_DAG_RUN_ID='scheduled__2024-06-21T07:11:00+00:00'
[2024-06-21T07:12:03.768+0000] {taskinstance.py:430} INFO - ::endgroup::
[2024-06-21T07:12:03.971+0000] {helper_functions.py:136} INFO - ['scheduled__2024-06-21T07:10:00+00:00', 'scheduled__2024-06-21T07:09:00+00:00']
[2024-06-21T07:12:04.331+0000] {helper_functions.py:146} INFO - ['success', 'success']
[2024-06-21T07:12:04.332+0000] {python.py:237} INFO - Done. Returned value was: None
[2024-06-21T07:12:04.332+0000] {taskinstance.py:441} INFO - ::group::Post task execution logs
[2024-06-21T07:12:04.340+0000] {taskinstance.py:1206} INFO - Marking task as SUCCESS. dag_id=demo_dag_for_alerting_apis_final, task_id=skip_run, run_id=scheduled__2024-06-21T07:11:00+00:00, execution_date=20240621T071100, start_date=20240621T071203, end_date=20240621T071204
[2024-06-21T07:12:04.364+0000] {local_task_job_runner.py:240} INFO - Task exited with return code 0
[2024-06-21T07:12:04.381+0000] {taskinstance.py:3498} INFO - 0 downstream tasks scheduled from follow-on schedule check
[2024-06-21T07:12:04.382+0000] {local_task_job_runner.py:222} INFO - ::endgroup::
