[2024-06-24T09:30:04.623+0000] {local_task_job_runner.py:120} INFO - ::group::Pre task execution logs
[2024-06-24T09:30:04.646+0000] {taskinstance.py:2076} INFO - Dependencies all met for dep_context=non-requeueable deps ti=<TaskInstance: demo_dag_for_alerting_final_1.check_data_in_stream scheduled__2024-06-24T09:29:00+00:00 [queued]>
[2024-06-24T09:30:04.654+0000] {taskinstance.py:2076} INFO - Dependencies all met for dep_context=requeueable deps ti=<TaskInstance: demo_dag_for_alerting_final_1.check_data_in_stream scheduled__2024-06-24T09:29:00+00:00 [queued]>
[2024-06-24T09:30:04.655+0000] {taskinstance.py:2306} INFO - Starting attempt 1 of 6
[2024-06-24T09:30:04.668+0000] {taskinstance.py:2330} INFO - Executing <Task(BranchPythonOperator): check_data_in_stream> on 2024-06-24 09:29:00+00:00
[2024-06-24T09:30:04.673+0000] {warnings.py:110} WARNING - /home/***/.local/lib/python3.12/site-packages/***/task/task_runner/standard_task_runner.py:61: DeprecationWarning: This process (pid=1793) is multi-threaded, use of fork() may lead to deadlocks in the child.
  pid = os.fork()

[2024-06-24T09:30:04.674+0000] {standard_task_runner.py:63} INFO - Started process 1794 to run task
[2024-06-24T09:30:04.674+0000] {standard_task_runner.py:90} INFO - Running: ['***', 'tasks', 'run', 'demo_dag_for_alerting_final_1', 'check_data_in_stream', 'scheduled__2024-06-24T09:29:00+00:00', '--job-id', '3462', '--raw', '--subdir', 'DAGS_FOLDER/demo_dag_for_alerting.py', '--cfg-path', '/tmp/tmphwxp0y3w']
[2024-06-24T09:30:04.675+0000] {standard_task_runner.py:91} INFO - Job 3462: Subtask check_data_in_stream
[2024-06-24T09:30:04.714+0000] {task_command.py:426} INFO - Running <TaskInstance: demo_dag_for_alerting_final_1.check_data_in_stream scheduled__2024-06-24T09:29:00+00:00 [running]> on host bf895605831d
[2024-06-24T09:30:04.801+0000] {taskinstance.py:2648} INFO - Exporting env vars: AIRFLOW_CTX_DAG_OWNER='***' AIRFLOW_CTX_DAG_ID='demo_dag_for_alerting_final_1' AIRFLOW_CTX_TASK_ID='check_data_in_stream' AIRFLOW_CTX_EXECUTION_DATE='2024-06-24T09:29:00+00:00' AIRFLOW_CTX_TRY_NUMBER='1' AIRFLOW_CTX_DAG_RUN_ID='scheduled__2024-06-24T09:29:00+00:00'
[2024-06-24T09:30:04.802+0000] {taskinstance.py:430} INFO - ::endgroup::
[2024-06-24T09:30:04.814+0000] {baseoperator.py:399} WARNING - BranchPythonOperator.execute cannot be called outside TaskInstance!
[2024-06-24T09:30:04.819+0000] {python.py:237} INFO - Done. Returned value was: insert_new_record_into_audit_table
[2024-06-24T09:30:04.820+0000] {branch.py:36} INFO - Branch into insert_new_record_into_audit_table
[2024-06-24T09:30:04.820+0000] {skipmixin.py:178} INFO - Following branch insert_new_record_into_audit_table
[2024-06-24T09:30:04.833+0000] {skipmixin.py:246} INFO - Skipping tasks [('skipped_due_to_data_unavailability', -1)]
[2024-06-24T09:30:04.854+0000] {taskinstance.py:441} INFO - ::group::Post task execution logs
[2024-06-24T09:30:04.877+0000] {taskinstance.py:1206} INFO - Marking task as SUCCESS. dag_id=demo_dag_for_alerting_final_1, task_id=check_data_in_stream, run_id=scheduled__2024-06-24T09:29:00+00:00, execution_date=20240624T092900, start_date=20240624T093004, end_date=20240624T093004
[2024-06-24T09:30:04.928+0000] {local_task_job_runner.py:240} INFO - Task exited with return code 0
[2024-06-24T09:30:04.960+0000] {taskinstance.py:3498} INFO - 1 downstream tasks scheduled from follow-on schedule check
[2024-06-24T09:30:04.962+0000] {local_task_job_runner.py:222} INFO - ::endgroup::
