[2024-06-12T09:27:47.222+0000] {local_task_job_runner.py:120} INFO - ::group::Pre task execution logs
[2024-06-12T09:27:47.264+0000] {taskinstance.py:2076} INFO - Dependencies all met for dep_context=non-requeueable deps ti=<TaskInstance: file_convert.create_table manual__2024-06-12T09:27:46.385199+00:00 [queued]>
[2024-06-12T09:27:47.278+0000] {taskinstance.py:2076} INFO - Dependencies all met for dep_context=requeueable deps ti=<TaskInstance: file_convert.create_table manual__2024-06-12T09:27:46.385199+00:00 [queued]>
[2024-06-12T09:27:47.278+0000] {taskinstance.py:2306} INFO - Starting attempt 1 of 1
[2024-06-12T09:27:47.298+0000] {taskinstance.py:2330} INFO - Executing <Task(PythonOperator): create_table> on 2024-06-12 09:27:46.385199+00:00
[2024-06-12T09:27:47.305+0000] {warnings.py:110} WARNING - /home/***/.local/lib/python3.12/site-packages/***/task/task_runner/standard_task_runner.py:61: DeprecationWarning: This process (pid=2351) is multi-threaded, use of fork() may lead to deadlocks in the child.
  pid = os.fork()

[2024-06-12T09:27:47.307+0000] {standard_task_runner.py:63} INFO - Started process 2352 to run task
[2024-06-12T09:27:47.307+0000] {standard_task_runner.py:90} INFO - Running: ['***', 'tasks', 'run', 'file_convert', 'create_table', 'manual__2024-06-12T09:27:46.385199+00:00', '--job-id', '142', '--raw', '--subdir', 'DAGS_FOLDER/file_jsons_to_postgres.py', '--cfg-path', '/tmp/tmpnp0dr0kx']
[2024-06-12T09:27:47.308+0000] {standard_task_runner.py:91} INFO - Job 142: Subtask create_table
[2024-06-12T09:27:47.355+0000] {task_command.py:426} INFO - Running <TaskInstance: file_convert.create_table manual__2024-06-12T09:27:46.385199+00:00 [running]> on host 7bea3768514b
[2024-06-12T09:27:47.442+0000] {taskinstance.py:2648} INFO - Exporting env vars: AIRFLOW_CTX_DAG_OWNER='***' AIRFLOW_CTX_DAG_ID='file_convert' AIRFLOW_CTX_TASK_ID='create_table' AIRFLOW_CTX_EXECUTION_DATE='2024-06-12T09:27:46.385199+00:00' AIRFLOW_CTX_TRY_NUMBER='1' AIRFLOW_CTX_DAG_RUN_ID='manual__2024-06-12T09:27:46.385199+00:00'
[2024-06-12T09:27:47.442+0000] {taskinstance.py:430} INFO - ::endgroup::
[2024-06-12T09:27:47.464+0000] {base.py:84} INFO - Using connection ID 'postgres_conn' for task execution.
[2024-06-12T09:27:47.469+0000] {sql.py:470} INFO - Running statement: 
    CREATE TABLE IF NOT EXISTS valid_data2 (
        id SERIAL PRIMARY KEY,
        name VARCHAR(255) NOT NULL,
        email VARCHAR(255) NOT NULL,
        date TIMESTAMP NOT NULL
    );
    , parameters: None
[2024-06-12T09:27:47.469+0000] {python.py:237} INFO - Done. Returned value was: None
[2024-06-12T09:27:47.470+0000] {taskinstance.py:441} INFO - ::group::Post task execution logs
[2024-06-12T09:27:47.479+0000] {taskinstance.py:1206} INFO - Marking task as SUCCESS. dag_id=file_convert, task_id=create_table, run_id=manual__2024-06-12T09:27:46.385199+00:00, execution_date=20240612T092746, start_date=20240612T092747, end_date=20240612T092747
[2024-06-12T09:27:47.520+0000] {local_task_job_runner.py:240} INFO - Task exited with return code 0
[2024-06-12T09:27:47.543+0000] {taskinstance.py:3498} INFO - 1 downstream tasks scheduled from follow-on schedule check
[2024-06-12T09:27:47.545+0000] {local_task_job_runner.py:222} INFO - ::endgroup::
