[2024-06-12T09:25:45.715+0000] {local_task_job_runner.py:120} INFO - ::group::Pre task execution logs
[2024-06-12T09:25:45.746+0000] {taskinstance.py:2076} INFO - Dependencies all met for dep_context=non-requeueable deps ti=<TaskInstance: file_cpnvert.process_json manual__2024-06-12T09:25:42.612368+00:00 [queued]>
[2024-06-12T09:25:45.756+0000] {taskinstance.py:2076} INFO - Dependencies all met for dep_context=requeueable deps ti=<TaskInstance: file_cpnvert.process_json manual__2024-06-12T09:25:42.612368+00:00 [queued]>
[2024-06-12T09:25:45.757+0000] {taskinstance.py:2306} INFO - Starting attempt 1 of 6
[2024-06-12T09:25:45.771+0000] {taskinstance.py:2330} INFO - Executing <Task(PythonOperator): process_json> on 2024-06-12 09:25:42.612368+00:00
[2024-06-12T09:25:45.777+0000] {warnings.py:110} WARNING - /home/***/.local/lib/python3.12/site-packages/***/task/task_runner/standard_task_runner.py:61: DeprecationWarning: This process (pid=2321) is multi-threaded, use of fork() may lead to deadlocks in the child.
  pid = os.fork()

[2024-06-12T09:25:45.778+0000] {standard_task_runner.py:63} INFO - Started process 2322 to run task
[2024-06-12T09:25:45.779+0000] {standard_task_runner.py:90} INFO - Running: ['***', 'tasks', 'run', 'file_cpnvert', 'process_json', 'manual__2024-06-12T09:25:42.612368+00:00', '--job-id', '141', '--raw', '--subdir', 'DAGS_FOLDER/file_jsons_to_postgres.py', '--cfg-path', '/tmp/tmpjttnd2as']
[2024-06-12T09:25:45.780+0000] {standard_task_runner.py:91} INFO - Job 141: Subtask process_json
[2024-06-12T09:25:45.829+0000] {task_command.py:426} INFO - Running <TaskInstance: file_cpnvert.process_json manual__2024-06-12T09:25:42.612368+00:00 [running]> on host 7bea3768514b
[2024-06-12T09:25:45.920+0000] {taskinstance.py:2648} INFO - Exporting env vars: AIRFLOW_CTX_DAG_OWNER='***' AIRFLOW_CTX_DAG_ID='file_cpnvert' AIRFLOW_CTX_TASK_ID='process_json' AIRFLOW_CTX_EXECUTION_DATE='2024-06-12T09:25:42.612368+00:00' AIRFLOW_CTX_TRY_NUMBER='1' AIRFLOW_CTX_DAG_RUN_ID='manual__2024-06-12T09:25:42.612368+00:00'
[2024-06-12T09:25:45.921+0000] {taskinstance.py:430} INFO - ::endgroup::
[2024-06-12T09:25:45.936+0000] {file_jsons_to_postgres.py:56} INFO - Loaded JSON data: [{'name': '', 'phoneNumber': '6234567890', 'date': '2022-05-11T10:08:00.026Z', 'email': 'N!k#!1$*@gmail.com'}, {'phoneNumber': '6234567890', 'date': '2022-05-11T10:08:00.026Z', 'email': 'N!k#!1$*@gmail.com'}, {'name': 'nikhil11', 'phoneNumber': '6234567890', 'date': '2022-05-11T10:08:00.026Z', 'email': 'N!k#!1$*@gmail.com'}, {'name': 'nikhil4', 'phoneNumber': '6234567890', 'date': '2022-05-11T10:08:00.026Z', 'email': 'sdfghgjhgf'}, {'name': 'nikhil5', 'phoneNumber': '6234567890', 'date': '2022-05-11T10:08:00.026Z'}, {'name': 'nikhil1', 'phoneNumber': '6234567890', 'date': '2022-05-11T10:08:00.026Z', 'email': 'N!k#!1$*@gmail.com'}, {'name': 'nikhil6', 'phoneNumber': '6234567890', 'date': '', 'email': 'N!k#!1$*@gmail.com'}, {'name': 'nikhil7', 'phoneNumber': '6234567890', 'email': 'N!k#!1$*@gmail.com'}, {'name': 'nikhil12', 'phoneNumber': '6234567890', 'date': '2022-05-11T10:08:00.026Z', 'email': 'N!k#!1$*@gmail.com'}]
[2024-06-12T09:25:45.937+0000] {file_jsons_to_postgres.py:65} INFO - Filtered valid data: [{'name': 'nikhil11', 'phoneNumber': '6234567890', 'date': '2022-05-11T10:08:00.026Z', 'email': 'N!k#!1$*@gmail.com'}, {'name': 'nikhil1', 'phoneNumber': '6234567890', 'date': '2022-05-11T10:08:00.026Z', 'email': 'N!k#!1$*@gmail.com'}, {'name': 'nikhil12', 'phoneNumber': '6234567890', 'date': '2022-05-11T10:08:00.026Z', 'email': 'N!k#!1$*@gmail.com'}]
[2024-06-12T09:25:45.937+0000] {file_jsons_to_postgres.py:74} INFO - Inserting entry: {'name': 'nikhil11', 'phoneNumber': '6234567890', 'date': '2022-05-11T10:08:00.026Z', 'email': 'N!k#!1$*@gmail.com'}
[2024-06-12T09:25:45.946+0000] {base.py:84} INFO - Using connection ID 'postgres_conn' for task execution.
[2024-06-12T09:25:45.950+0000] {sql.py:470} INFO - Running statement: 
            INSERT INTO valid_data2 (name, email, date) VALUES (%s, %s, %s)
            , parameters: ('nikhil11', 'N!k#!1$*@gmail.com', '2022-05-11T10:08:00.026Z')
[2024-06-12T09:25:45.951+0000] {sql.py:479} INFO - Rows affected: 1
[2024-06-12T09:25:45.952+0000] {file_jsons_to_postgres.py:74} INFO - Inserting entry: {'name': 'nikhil1', 'phoneNumber': '6234567890', 'date': '2022-05-11T10:08:00.026Z', 'email': 'N!k#!1$*@gmail.com'}
[2024-06-12T09:25:45.959+0000] {base.py:84} INFO - Using connection ID 'postgres_conn' for task execution.
[2024-06-12T09:25:45.962+0000] {sql.py:470} INFO - Running statement: 
            INSERT INTO valid_data2 (name, email, date) VALUES (%s, %s, %s)
            , parameters: ('nikhil1', 'N!k#!1$*@gmail.com', '2022-05-11T10:08:00.026Z')
[2024-06-12T09:25:45.963+0000] {sql.py:479} INFO - Rows affected: 1
[2024-06-12T09:25:45.964+0000] {file_jsons_to_postgres.py:74} INFO - Inserting entry: {'name': 'nikhil12', 'phoneNumber': '6234567890', 'date': '2022-05-11T10:08:00.026Z', 'email': 'N!k#!1$*@gmail.com'}
[2024-06-12T09:25:45.971+0000] {base.py:84} INFO - Using connection ID 'postgres_conn' for task execution.
[2024-06-12T09:25:45.974+0000] {sql.py:470} INFO - Running statement: 
            INSERT INTO valid_data2 (name, email, date) VALUES (%s, %s, %s)
            , parameters: ('nikhil12', 'N!k#!1$*@gmail.com', '2022-05-11T10:08:00.026Z')
[2024-06-12T09:25:45.975+0000] {sql.py:479} INFO - Rows affected: 1
[2024-06-12T09:25:45.977+0000] {file_jsons_to_postgres.py:76} INFO - Data insertion completed successfully.
[2024-06-12T09:25:45.977+0000] {python.py:237} INFO - Done. Returned value was: None
[2024-06-12T09:25:45.978+0000] {taskinstance.py:441} INFO - ::group::Post task execution logs
[2024-06-12T09:25:45.987+0000] {taskinstance.py:1206} INFO - Marking task as SUCCESS. dag_id=file_cpnvert, task_id=process_json, run_id=manual__2024-06-12T09:25:42.612368+00:00, execution_date=20240612T092542, start_date=20240612T092545, end_date=20240612T092545
[2024-06-12T09:25:46.032+0000] {local_task_job_runner.py:240} INFO - Task exited with return code 0
[2024-06-12T09:25:46.079+0000] {taskinstance.py:3498} INFO - 0 downstream tasks scheduled from follow-on schedule check
[2024-06-12T09:25:46.080+0000] {local_task_job_runner.py:222} INFO - ::endgroup::
