[2024-06-28T10:18:05.909+0000] {local_task_job_runner.py:120} INFO - ::group::Pre task execution logs
[2024-06-28T10:18:05.942+0000] {taskinstance.py:2076} INFO - Dependencies all met for dep_context=non-requeueable deps ti=<TaskInstance: demo_dag_for_alerting_apis_final.skipped_due_to_data_unavailability scheduled__2024-06-28T10:17:00+00:00 [queued]>
[2024-06-28T10:18:05.957+0000] {taskinstance.py:2076} INFO - Dependencies all met for dep_context=requeueable deps ti=<TaskInstance: demo_dag_for_alerting_apis_final.skipped_due_to_data_unavailability scheduled__2024-06-28T10:17:00+00:00 [queued]>
[2024-06-28T10:18:05.957+0000] {taskinstance.py:2306} INFO - Starting attempt 1 of 6
[2024-06-28T10:18:05.981+0000] {taskinstance.py:2330} INFO - Executing <Task(PythonOperator): skipped_due_to_data_unavailability> on 2024-06-28 10:17:00+00:00
[2024-06-28T10:18:05.988+0000] {warnings.py:110} WARNING - /home/***/.local/lib/python3.12/site-packages/***/task/task_runner/standard_task_runner.py:61: DeprecationWarning: This process (pid=298) is multi-threaded, use of fork() may lead to deadlocks in the child.
  pid = os.fork()

[2024-06-28T10:18:05.989+0000] {standard_task_runner.py:63} INFO - Started process 300 to run task
[2024-06-28T10:18:05.990+0000] {standard_task_runner.py:90} INFO - Running: ['***', 'tasks', 'run', 'demo_dag_for_alerting_apis_final', 'skipped_due_to_data_unavailability', 'scheduled__2024-06-28T10:17:00+00:00', '--job-id', '4990', '--raw', '--subdir', 'DAGS_FOLDER/demo_dag_for_alerting_apis.py', '--cfg-path', '/tmp/tmpaekgof_5']
[2024-06-28T10:18:05.991+0000] {standard_task_runner.py:91} INFO - Job 4990: Subtask skipped_due_to_data_unavailability
[2024-06-28T10:18:06.040+0000] {task_command.py:426} INFO - Running <TaskInstance: demo_dag_for_alerting_apis_final.skipped_due_to_data_unavailability scheduled__2024-06-28T10:17:00+00:00 [running]> on host 2552e7b36400
[2024-06-28T10:18:06.148+0000] {taskinstance.py:2648} INFO - Exporting env vars: AIRFLOW_CTX_DAG_OWNER='***' AIRFLOW_CTX_DAG_ID='demo_dag_for_alerting_apis_final' AIRFLOW_CTX_TASK_ID='skipped_due_to_data_unavailability' AIRFLOW_CTX_EXECUTION_DATE='2024-06-28T10:17:00+00:00' AIRFLOW_CTX_TRY_NUMBER='1' AIRFLOW_CTX_DAG_RUN_ID='scheduled__2024-06-28T10:17:00+00:00'
[2024-06-28T10:18:06.149+0000] {taskinstance.py:430} INFO - ::endgroup::
[2024-06-28T10:18:06.468+0000] {helper_functions.py:242} INFO - []
[2024-06-28T10:18:06.469+0000] {helper_functions.py:250} INFO - []
[2024-06-28T10:18:06.470+0000] {python.py:237} INFO - Done. Returned value was: None
[2024-06-28T10:18:06.470+0000] {taskinstance.py:441} INFO - ::group::Post task execution logs
[2024-06-28T10:18:06.479+0000] {taskinstance.py:1206} INFO - Marking task as SUCCESS. dag_id=demo_dag_for_alerting_apis_final, task_id=skipped_due_to_data_unavailability, run_id=scheduled__2024-06-28T10:17:00+00:00, execution_date=20240628T101700, start_date=20240628T101805, end_date=20240628T101806
[2024-06-28T10:18:06.524+0000] {local_task_job_runner.py:240} INFO - Task exited with return code 0
[2024-06-28T10:18:06.546+0000] {taskinstance.py:3498} INFO - 0 downstream tasks scheduled from follow-on schedule check
[2024-06-28T10:18:06.548+0000] {local_task_job_runner.py:222} INFO - ::endgroup::
