[2024-06-19T11:17:51.716+0000] {local_task_job_runner.py:120} INFO - ::group::Pre task execution logs
[2024-06-19T11:17:51.812+0000] {taskinstance.py:2076} INFO - Dependencies all met for dep_context=non-requeueable deps ti=<TaskInstance: demo_dag_for_alerting_apis_final.check_data_in_stream manual__2024-06-19T11:17:41.459515+00:00 [queued]>
[2024-06-19T11:17:51.852+0000] {taskinstance.py:2076} INFO - Dependencies all met for dep_context=requeueable deps ti=<TaskInstance: demo_dag_for_alerting_apis_final.check_data_in_stream manual__2024-06-19T11:17:41.459515+00:00 [queued]>
[2024-06-19T11:17:51.853+0000] {taskinstance.py:2306} INFO - Starting attempt 1 of 6
[2024-06-19T11:17:51.920+0000] {taskinstance.py:2330} INFO - Executing <Task(BranchPythonOperator): check_data_in_stream> on 2024-06-19 11:17:41.459515+00:00
[2024-06-19T11:17:51.944+0000] {warnings.py:110} WARNING - /home/***/.local/lib/python3.12/site-packages/***/task/task_runner/standard_task_runner.py:61: DeprecationWarning: This process (pid=5191) is multi-threaded, use of fork() may lead to deadlocks in the child.
  pid = os.fork()

[2024-06-19T11:17:51.950+0000] {standard_task_runner.py:63} INFO - Started process 5192 to run task
[2024-06-19T11:17:51.963+0000] {standard_task_runner.py:90} INFO - Running: ['***', 'tasks', 'run', 'demo_dag_for_alerting_apis_final', 'check_data_in_stream', 'manual__2024-06-19T11:17:41.459515+00:00', '--job-id', '1542', '--raw', '--subdir', 'DAGS_FOLDER/demo_dag_for_alerting_apis.py', '--cfg-path', '/tmp/tmpe8toay90']
[2024-06-19T11:17:51.969+0000] {standard_task_runner.py:91} INFO - Job 1542: Subtask check_data_in_stream
[2024-06-19T11:17:52.220+0000] {task_command.py:426} INFO - Running <TaskInstance: demo_dag_for_alerting_apis_final.check_data_in_stream manual__2024-06-19T11:17:41.459515+00:00 [running]> on host 9e4d135130fa
[2024-06-19T11:17:52.549+0000] {taskinstance.py:2648} INFO - Exporting env vars: AIRFLOW_CTX_DAG_OWNER='***' AIRFLOW_CTX_DAG_ID='demo_dag_for_alerting_apis_final' AIRFLOW_CTX_TASK_ID='check_data_in_stream' AIRFLOW_CTX_EXECUTION_DATE='2024-06-19T11:17:41.459515+00:00' AIRFLOW_CTX_TRY_NUMBER='1' AIRFLOW_CTX_DAG_RUN_ID='manual__2024-06-19T11:17:41.459515+00:00'
[2024-06-19T11:17:52.552+0000] {taskinstance.py:430} INFO - ::endgroup::
[2024-06-19T11:17:52.615+0000] {baseoperator.py:399} WARNING - BranchPythonOperator.execute cannot be called outside TaskInstance!
[2024-06-19T11:17:52.617+0000] {python.py:237} INFO - Done. Returned value was: insert_new_record_into_audit_table
[2024-06-19T11:17:52.618+0000] {branch.py:36} INFO - Branch into insert_new_record_into_audit_table
[2024-06-19T11:17:52.620+0000] {skipmixin.py:178} INFO - Following branch insert_new_record_into_audit_table
[2024-06-19T11:17:52.694+0000] {skipmixin.py:246} INFO - Skipping tasks [('skipped_due_to_data_unavailability', -1)]
[2024-06-19T11:17:52.778+0000] {taskinstance.py:441} INFO - ::group::Post task execution logs
[2024-06-19T11:17:52.847+0000] {taskinstance.py:1206} INFO - Marking task as SUCCESS. dag_id=demo_dag_for_alerting_apis_final, task_id=check_data_in_stream, run_id=manual__2024-06-19T11:17:41.459515+00:00, execution_date=20240619T111741, start_date=20240619T111751, end_date=20240619T111752
[2024-06-19T11:17:52.909+0000] {local_task_job_runner.py:240} INFO - Task exited with return code 0
[2024-06-19T11:17:53.024+0000] {taskinstance.py:3498} INFO - 0 downstream tasks scheduled from follow-on schedule check
[2024-06-19T11:17:53.027+0000] {local_task_job_runner.py:222} INFO - ::endgroup::
