[2024-06-21T07:14:46.983+0000] {local_task_job_runner.py:120} INFO - ::group::Pre task execution logs
[2024-06-21T07:14:47.005+0000] {taskinstance.py:2076} INFO - Dependencies all met for dep_context=non-requeueable deps ti=<TaskInstance: alerting_all_dags_using_apis.alert_all_continuous_skipped_dags manual__2024-06-21T07:14:40.562115+00:00 [queued]>
[2024-06-21T07:14:47.013+0000] {taskinstance.py:2076} INFO - Dependencies all met for dep_context=requeueable deps ti=<TaskInstance: alerting_all_dags_using_apis.alert_all_continuous_skipped_dags manual__2024-06-21T07:14:40.562115+00:00 [queued]>
[2024-06-21T07:14:47.013+0000] {taskinstance.py:2306} INFO - Starting attempt 1 of 6
[2024-06-21T07:14:47.028+0000] {taskinstance.py:2330} INFO - Executing <Task(PythonOperator): alert_all_continuous_skipped_dags> on 2024-06-21 07:14:40.562115+00:00
[2024-06-21T07:14:47.032+0000] {warnings.py:110} WARNING - /home/***/.local/lib/python3.12/site-packages/***/task/task_runner/standard_task_runner.py:61: DeprecationWarning: This process (pid=2590) is multi-threaded, use of fork() may lead to deadlocks in the child.
  pid = os.fork()

[2024-06-21T07:14:47.033+0000] {standard_task_runner.py:63} INFO - Started process 2591 to run task
[2024-06-21T07:14:47.033+0000] {standard_task_runner.py:90} INFO - Running: ['***', 'tasks', 'run', 'alerting_all_dags_using_apis', 'alert_all_continuous_skipped_dags', 'manual__2024-06-21T07:14:40.562115+00:00', '--job-id', '2902', '--raw', '--subdir', 'DAGS_FOLDER/alerting_all_dags_using_apis.py', '--cfg-path', '/tmp/tmpg0559wh9']
[2024-06-21T07:14:47.034+0000] {standard_task_runner.py:91} INFO - Job 2902: Subtask alert_all_continuous_skipped_dags
[2024-06-21T07:14:47.070+0000] {task_command.py:426} INFO - Running <TaskInstance: alerting_all_dags_using_apis.alert_all_continuous_skipped_dags manual__2024-06-21T07:14:40.562115+00:00 [running]> on host e66744caf823
[2024-06-21T07:14:47.163+0000] {taskinstance.py:2648} INFO - Exporting env vars: AIRFLOW_CTX_DAG_OWNER='***' AIRFLOW_CTX_DAG_ID='alerting_all_dags_using_apis' AIRFLOW_CTX_TASK_ID='alert_all_continuous_skipped_dags' AIRFLOW_CTX_EXECUTION_DATE='2024-06-21T07:14:40.562115+00:00' AIRFLOW_CTX_TRY_NUMBER='1' AIRFLOW_CTX_DAG_RUN_ID='manual__2024-06-21T07:14:40.562115+00:00'
[2024-06-21T07:14:47.163+0000] {taskinstance.py:430} INFO - ::endgroup::
[2024-06-21T07:14:47.175+0000] {helper_functions.py:121} ERROR - Failed to run alerting_all_dags_using_apis with task alert_all_continuous_skipped_dags: 'str' object has no attribute 'items'
[2024-06-21T07:14:47.175+0000] {python.py:237} INFO - Done. Returned value was: None
[2024-06-21T07:14:47.176+0000] {taskinstance.py:441} INFO - ::group::Post task execution logs
[2024-06-21T07:14:47.184+0000] {taskinstance.py:1206} INFO - Marking task as SUCCESS. dag_id=alerting_all_dags_using_apis, task_id=alert_all_continuous_skipped_dags, run_id=manual__2024-06-21T07:14:40.562115+00:00, execution_date=20240621T071440, start_date=20240621T071447, end_date=20240621T071447
[2024-06-21T07:14:47.206+0000] {local_task_job_runner.py:240} INFO - Task exited with return code 0
[2024-06-21T07:14:47.223+0000] {taskinstance.py:3498} INFO - 0 downstream tasks scheduled from follow-on schedule check
[2024-06-21T07:14:47.225+0000] {local_task_job_runner.py:222} INFO - ::endgroup::
