[2024-06-18T11:55:02.697+0000] {local_task_job_runner.py:120} INFO - ::group::Pre task execution logs
[2024-06-18T11:55:02.723+0000] {taskinstance.py:2076} INFO - Dependencies all met for dep_context=non-requeueable deps ti=<TaskInstance: alerting_skipped.skip_run scheduled__2024-06-18T11:54:00+00:00 [queued]>
[2024-06-18T11:55:02.733+0000] {taskinstance.py:2076} INFO - Dependencies all met for dep_context=requeueable deps ti=<TaskInstance: alerting_skipped.skip_run scheduled__2024-06-18T11:54:00+00:00 [queued]>
[2024-06-18T11:55:02.734+0000] {taskinstance.py:2306} INFO - Starting attempt 1 of 6
[2024-06-18T11:55:02.746+0000] {taskinstance.py:2330} INFO - Executing <Task(PythonOperator): skip_run> on 2024-06-18 11:54:00+00:00
[2024-06-18T11:55:02.751+0000] {warnings.py:110} WARNING - /home/***/.local/lib/python3.12/site-packages/***/task/task_runner/standard_task_runner.py:61: DeprecationWarning: This process (pid=5230) is multi-threaded, use of fork() may lead to deadlocks in the child.
  pid = os.fork()

[2024-06-18T11:55:02.751+0000] {standard_task_runner.py:63} INFO - Started process 5231 to run task
[2024-06-18T11:55:02.752+0000] {standard_task_runner.py:90} INFO - Running: ['***', 'tasks', 'run', 'alerting_skipped', 'skip_run', 'scheduled__2024-06-18T11:54:00+00:00', '--job-id', '729', '--raw', '--subdir', 'DAGS_FOLDER/alerting_skipped.py', '--cfg-path', '/tmp/tmp462c4vaq']
[2024-06-18T11:55:02.753+0000] {standard_task_runner.py:91} INFO - Job 729: Subtask skip_run
[2024-06-18T11:55:02.790+0000] {task_command.py:426} INFO - Running <TaskInstance: alerting_skipped.skip_run scheduled__2024-06-18T11:54:00+00:00 [running]> on host fa5c5d972e05
[2024-06-18T11:55:02.870+0000] {taskinstance.py:2648} INFO - Exporting env vars: AIRFLOW_CTX_DAG_OWNER='***' AIRFLOW_CTX_DAG_ID='alerting_skipped' AIRFLOW_CTX_TASK_ID='skip_run' AIRFLOW_CTX_EXECUTION_DATE='2024-06-18T11:54:00+00:00' AIRFLOW_CTX_TRY_NUMBER='1' AIRFLOW_CTX_DAG_RUN_ID='scheduled__2024-06-18T11:54:00+00:00'
[2024-06-18T11:55:02.871+0000] {taskinstance.py:430} INFO - ::endgroup::
[2024-06-18T11:55:02.895+0000] {helper_functions.py:66} ERROR - Failed to check skipped status for alerting_skipped with task skip_run: HTTPConnectionPool(host='localhost', port=8080): Max retries exceeded with url: /api/v1/dags/alerting_skipped/dagRuns/scheduled__2024-06-18T11:54:00+00:00/taskInstances/skip_run (Caused by NewConnectionError('<urllib3.connection.HTTPConnection object at 0x70e7bb3af1d0>: Failed to establish a new connection: [Errno 111] Connection refused'))
[2024-06-18T11:55:02.895+0000] {python.py:237} INFO - Done. Returned value was: None
[2024-06-18T11:55:02.896+0000] {taskinstance.py:441} INFO - ::group::Post task execution logs
[2024-06-18T11:55:02.903+0000] {taskinstance.py:1206} INFO - Marking task as SUCCESS. dag_id=alerting_skipped, task_id=skip_run, run_id=scheduled__2024-06-18T11:54:00+00:00, execution_date=20240618T115400, start_date=20240618T115502, end_date=20240618T115502
[2024-06-18T11:55:02.925+0000] {local_task_job_runner.py:240} INFO - Task exited with return code 0
[2024-06-18T11:55:02.940+0000] {taskinstance.py:3498} INFO - 0 downstream tasks scheduled from follow-on schedule check
[2024-06-18T11:55:02.941+0000] {local_task_job_runner.py:222} INFO - ::endgroup::
