[2024-06-25T11:58:52.014+0000] {local_task_job_runner.py:120} INFO - ::group::Pre task execution logs
[2024-06-25T11:58:52.049+0000] {taskinstance.py:2076} INFO - Dependencies all met for dep_context=non-requeueable deps ti=<TaskInstance: demo_dag_for_alerting_final_1.check_previous_run_status manual__2024-06-25T11:58:50.194106+00:00 [queued]>
[2024-06-25T11:58:52.062+0000] {taskinstance.py:2076} INFO - Dependencies all met for dep_context=requeueable deps ti=<TaskInstance: demo_dag_for_alerting_final_1.check_previous_run_status manual__2024-06-25T11:58:50.194106+00:00 [queued]>
[2024-06-25T11:58:52.062+0000] {taskinstance.py:2306} INFO - Starting attempt 1 of 6
[2024-06-25T11:58:52.083+0000] {taskinstance.py:2330} INFO - Executing <Task(BranchPythonOperator): check_previous_run_status> on 2024-06-25 11:58:50.194106+00:00
[2024-06-25T11:58:52.091+0000] {warnings.py:110} WARNING - /home/***/.local/lib/python3.12/site-packages/***/task/task_runner/standard_task_runner.py:61: DeprecationWarning: This process (pid=1098) is multi-threaded, use of fork() may lead to deadlocks in the child.
  pid = os.fork()

[2024-06-25T11:58:52.092+0000] {standard_task_runner.py:63} INFO - Started process 1099 to run task
[2024-06-25T11:58:52.092+0000] {standard_task_runner.py:90} INFO - Running: ['***', 'tasks', 'run', 'demo_dag_for_alerting_final_1', 'check_previous_run_status', 'manual__2024-06-25T11:58:50.194106+00:00', '--job-id', '3854', '--raw', '--subdir', 'DAGS_FOLDER/demo_dag_for_alerting.py', '--cfg-path', '/tmp/tmpp07yr2lw']
[2024-06-25T11:58:52.093+0000] {standard_task_runner.py:91} INFO - Job 3854: Subtask check_previous_run_status
[2024-06-25T11:58:52.173+0000] {task_command.py:426} INFO - Running <TaskInstance: demo_dag_for_alerting_final_1.check_previous_run_status manual__2024-06-25T11:58:50.194106+00:00 [running]> on host ced2311e92d2
[2024-06-25T11:58:52.326+0000] {taskinstance.py:2648} INFO - Exporting env vars: AIRFLOW_CTX_DAG_OWNER='***' AIRFLOW_CTX_DAG_ID='demo_dag_for_alerting_final_1' AIRFLOW_CTX_TASK_ID='check_previous_run_status' AIRFLOW_CTX_EXECUTION_DATE='2024-06-25T11:58:50.194106+00:00' AIRFLOW_CTX_TRY_NUMBER='1' AIRFLOW_CTX_DAG_RUN_ID='manual__2024-06-25T11:58:50.194106+00:00'
[2024-06-25T11:58:52.327+0000] {taskinstance.py:430} INFO - ::endgroup::
[2024-06-25T11:58:52.354+0000] {baseoperator.py:399} WARNING - BranchPythonOperator.execute cannot be called outside TaskInstance!
[2024-06-25T11:58:52.355+0000] {helper_functions.py:112} ERROR - Failed to run demo_dag_for_alerting_final_1 with task check_previous_run_status: 
[2024-06-25T11:58:52.355+0000] {python.py:237} INFO - Done. Returned value was: None
[2024-06-25T11:58:52.356+0000] {branch.py:36} INFO - Branch into None
[2024-06-25T11:58:52.356+0000] {skipmixin.py:178} INFO - Following branch None
[2024-06-25T11:58:52.375+0000] {skipmixin.py:246} INFO - Skipping tasks [('skip_run', -1), ('start_run', -1)]
[2024-06-25T11:58:52.405+0000] {taskinstance.py:441} INFO - ::group::Post task execution logs
[2024-06-25T11:58:52.418+0000] {taskinstance.py:1206} INFO - Marking task as SUCCESS. dag_id=demo_dag_for_alerting_final_1, task_id=check_previous_run_status, run_id=manual__2024-06-25T11:58:50.194106+00:00, execution_date=20240625T115850, start_date=20240625T115852, end_date=20240625T115852
[2024-06-25T11:58:52.467+0000] {local_task_job_runner.py:240} INFO - Task exited with return code 0
[2024-06-25T11:58:52.501+0000] {taskinstance.py:3498} INFO - 0 downstream tasks scheduled from follow-on schedule check
[2024-06-25T11:58:52.506+0000] {local_task_job_runner.py:222} INFO - ::endgroup::
