[2024-06-21T08:32:01.850+0000] {local_task_job_runner.py:120} INFO - ::group::Pre task execution logs
[2024-06-21T08:32:01.879+0000] {taskinstance.py:2076} INFO - Dependencies all met for dep_context=non-requeueable deps ti=<TaskInstance: demo_dag_for_alerting_final_1.check_previous_run_status scheduled__2024-06-21T08:31:00+00:00 [queued]>
[2024-06-21T08:32:01.890+0000] {taskinstance.py:2076} INFO - Dependencies all met for dep_context=requeueable deps ti=<TaskInstance: demo_dag_for_alerting_final_1.check_previous_run_status scheduled__2024-06-21T08:31:00+00:00 [queued]>
[2024-06-21T08:32:01.891+0000] {taskinstance.py:2306} INFO - Starting attempt 1 of 6
[2024-06-21T08:32:01.909+0000] {taskinstance.py:2330} INFO - Executing <Task(BranchPythonOperator): check_previous_run_status> on 2024-06-21 08:31:00+00:00
[2024-06-21T08:32:01.915+0000] {warnings.py:110} WARNING - /home/***/.local/lib/python3.12/site-packages/***/task/task_runner/standard_task_runner.py:61: DeprecationWarning: This process (pid=4255) is multi-threaded, use of fork() may lead to deadlocks in the child.
  pid = os.fork()

[2024-06-21T08:32:01.916+0000] {standard_task_runner.py:63} INFO - Started process 4257 to run task
[2024-06-21T08:32:01.916+0000] {standard_task_runner.py:90} INFO - Running: ['***', 'tasks', 'run', 'demo_dag_for_alerting_final_1', 'check_previous_run_status', 'scheduled__2024-06-21T08:31:00+00:00', '--job-id', '3239', '--raw', '--subdir', 'DAGS_FOLDER/demo_dag_for_alerting.py', '--cfg-path', '/tmp/tmpja_p2p7r']
[2024-06-21T08:32:01.917+0000] {standard_task_runner.py:91} INFO - Job 3239: Subtask check_previous_run_status
[2024-06-21T08:32:01.981+0000] {task_command.py:426} INFO - Running <TaskInstance: demo_dag_for_alerting_final_1.check_previous_run_status scheduled__2024-06-21T08:31:00+00:00 [running]> on host e66744caf823
[2024-06-21T08:32:02.114+0000] {taskinstance.py:2648} INFO - Exporting env vars: AIRFLOW_CTX_DAG_OWNER='***' AIRFLOW_CTX_DAG_ID='demo_dag_for_alerting_final_1' AIRFLOW_CTX_TASK_ID='check_previous_run_status' AIRFLOW_CTX_EXECUTION_DATE='2024-06-21T08:31:00+00:00' AIRFLOW_CTX_TRY_NUMBER='1' AIRFLOW_CTX_DAG_RUN_ID='scheduled__2024-06-21T08:31:00+00:00'
[2024-06-21T08:32:02.115+0000] {taskinstance.py:430} INFO - ::endgroup::
[2024-06-21T08:32:02.134+0000] {baseoperator.py:399} WARNING - BranchPythonOperator.execute cannot be called outside TaskInstance!
[2024-06-21T08:32:02.142+0000] {python.py:237} INFO - Done. Returned value was: skip_run
[2024-06-21T08:32:02.143+0000] {branch.py:36} INFO - Branch into skip_run
[2024-06-21T08:32:02.143+0000] {skipmixin.py:178} INFO - Following branch skip_run
[2024-06-21T08:32:02.166+0000] {skipmixin.py:246} INFO - Skipping tasks [('start_run', -1)]
[2024-06-21T08:32:02.200+0000] {taskinstance.py:441} INFO - ::group::Post task execution logs
[2024-06-21T08:32:02.224+0000] {taskinstance.py:1206} INFO - Marking task as SUCCESS. dag_id=demo_dag_for_alerting_final_1, task_id=check_previous_run_status, run_id=scheduled__2024-06-21T08:31:00+00:00, execution_date=20240621T083100, start_date=20240621T083201, end_date=20240621T083202
[2024-06-21T08:32:02.250+0000] {local_task_job_runner.py:240} INFO - Task exited with return code 0
[2024-06-21T08:32:02.393+0000] {taskinstance.py:3498} INFO - 1 downstream tasks scheduled from follow-on schedule check
[2024-06-21T08:32:02.404+0000] {local_task_job_runner.py:222} INFO - ::endgroup::
