[2024-06-25T09:43:59.287+0000] {local_task_job_runner.py:120} INFO - ::group::Pre task execution logs
[2024-06-25T09:43:59.359+0000] {taskinstance.py:2076} INFO - Dependencies all met for dep_context=non-requeueable deps ti=<TaskInstance: demo_dag_for_alerting_apis_final.check_data_in_stream manual__2024-06-25T09:06:46.601435+00:00 [queued]>
[2024-06-25T09:43:59.382+0000] {taskinstance.py:2076} INFO - Dependencies all met for dep_context=requeueable deps ti=<TaskInstance: demo_dag_for_alerting_apis_final.check_data_in_stream manual__2024-06-25T09:06:46.601435+00:00 [queued]>
[2024-06-25T09:43:59.385+0000] {taskinstance.py:2306} INFO - Starting attempt 1 of 6
[2024-06-25T09:43:59.448+0000] {taskinstance.py:2330} INFO - Executing <Task(BranchPythonOperator): check_data_in_stream> on 2024-06-25 09:06:46.601435+00:00
[2024-06-25T09:43:59.462+0000] {warnings.py:110} WARNING - /home/***/.local/lib/python3.12/site-packages/***/task/task_runner/standard_task_runner.py:61: DeprecationWarning: This process (pid=283) is multi-threaded, use of fork() may lead to deadlocks in the child.
  pid = os.fork()

[2024-06-25T09:43:59.464+0000] {standard_task_runner.py:63} INFO - Started process 291 to run task
[2024-06-25T09:43:59.476+0000] {standard_task_runner.py:90} INFO - Running: ['***', 'tasks', 'run', 'demo_dag_for_alerting_apis_final', 'check_data_in_stream', 'manual__2024-06-25T09:06:46.601435+00:00', '--job-id', '3723', '--raw', '--subdir', 'DAGS_FOLDER/demo_dag_for_alerting_apis.py', '--cfg-path', '/tmp/tmpuqkw0_gd']
[2024-06-25T09:43:59.477+0000] {standard_task_runner.py:91} INFO - Job 3723: Subtask check_data_in_stream
[2024-06-25T09:43:59.590+0000] {task_command.py:426} INFO - Running <TaskInstance: demo_dag_for_alerting_apis_final.check_data_in_stream manual__2024-06-25T09:06:46.601435+00:00 [running]> on host ced2311e92d2
[2024-06-25T09:43:59.823+0000] {taskinstance.py:2648} INFO - Exporting env vars: AIRFLOW_CTX_DAG_OWNER='***' AIRFLOW_CTX_DAG_ID='demo_dag_for_alerting_apis_final' AIRFLOW_CTX_TASK_ID='check_data_in_stream' AIRFLOW_CTX_EXECUTION_DATE='2024-06-25T09:06:46.601435+00:00' AIRFLOW_CTX_TRY_NUMBER='1' AIRFLOW_CTX_DAG_RUN_ID='manual__2024-06-25T09:06:46.601435+00:00'
[2024-06-25T09:43:59.824+0000] {taskinstance.py:430} INFO - ::endgroup::
[2024-06-25T09:43:59.884+0000] {baseoperator.py:399} WARNING - BranchPythonOperator.execute cannot be called outside TaskInstance!
[2024-06-25T09:43:59.884+0000] {python.py:237} INFO - Done. Returned value was: insert_new_record_into_audit_table
[2024-06-25T09:43:59.888+0000] {branch.py:36} INFO - Branch into insert_new_record_into_audit_table
[2024-06-25T09:43:59.888+0000] {skipmixin.py:178} INFO - Following branch insert_new_record_into_audit_table
[2024-06-25T09:43:59.933+0000] {skipmixin.py:246} INFO - Skipping tasks [('skipped_due_to_data_unavailability', -1)]
[2024-06-25T09:43:59.999+0000] {taskinstance.py:441} INFO - ::group::Post task execution logs
[2024-06-25T09:44:00.055+0000] {taskinstance.py:1206} INFO - Marking task as SUCCESS. dag_id=demo_dag_for_alerting_apis_final, task_id=check_data_in_stream, run_id=manual__2024-06-25T09:06:46.601435+00:00, execution_date=20240625T090646, start_date=20240625T094359, end_date=20240625T094400
[2024-06-25T09:44:00.135+0000] {local_task_job_runner.py:240} INFO - Task exited with return code 0
[2024-06-25T09:44:00.202+0000] {taskinstance.py:3498} INFO - 0 downstream tasks scheduled from follow-on schedule check
[2024-06-25T09:44:00.206+0000] {local_task_job_runner.py:222} INFO - ::endgroup::
