[2024-06-28T05:10:02.279+0000] {local_task_job_runner.py:120} INFO - ::group::Pre task execution logs
[2024-06-28T05:10:02.305+0000] {taskinstance.py:2076} INFO - Dependencies all met for dep_context=non-requeueable deps ti=<TaskInstance: demo_dag_for_alerting_final.check_previous_run_status scheduled__2024-06-28T05:09:00+00:00 [queued]>
[2024-06-28T05:10:02.316+0000] {taskinstance.py:2076} INFO - Dependencies all met for dep_context=requeueable deps ti=<TaskInstance: demo_dag_for_alerting_final.check_previous_run_status scheduled__2024-06-28T05:09:00+00:00 [queued]>
[2024-06-28T05:10:02.316+0000] {taskinstance.py:2306} INFO - Starting attempt 1 of 6
[2024-06-28T05:10:02.334+0000] {taskinstance.py:2330} INFO - Executing <Task(BranchPythonOperator): check_previous_run_status> on 2024-06-28 05:09:00+00:00
[2024-06-28T05:10:02.340+0000] {warnings.py:110} WARNING - /home/***/.local/lib/python3.12/site-packages/***/task/task_runner/standard_task_runner.py:61: DeprecationWarning: This process (pid=6167) is multi-threaded, use of fork() may lead to deadlocks in the child.
  pid = os.fork()

[2024-06-28T05:10:02.341+0000] {standard_task_runner.py:63} INFO - Started process 6169 to run task
[2024-06-28T05:10:02.342+0000] {standard_task_runner.py:90} INFO - Running: ['***', 'tasks', 'run', 'demo_dag_for_alerting_final', 'check_previous_run_status', 'scheduled__2024-06-28T05:09:00+00:00', '--job-id', '4806', '--raw', '--subdir', 'DAGS_FOLDER/demo_dag_for_alerting.py', '--cfg-path', '/tmp/tmpxqrromyb']
[2024-06-28T05:10:02.343+0000] {standard_task_runner.py:91} INFO - Job 4806: Subtask check_previous_run_status
[2024-06-28T05:10:02.395+0000] {task_command.py:426} INFO - Running <TaskInstance: demo_dag_for_alerting_final.check_previous_run_status scheduled__2024-06-28T05:09:00+00:00 [running]> on host eeacb89bcfc1
[2024-06-28T05:10:02.513+0000] {taskinstance.py:2648} INFO - Exporting env vars: AIRFLOW_CTX_DAG_OWNER='***' AIRFLOW_CTX_DAG_ID='demo_dag_for_alerting_final' AIRFLOW_CTX_TASK_ID='check_previous_run_status' AIRFLOW_CTX_EXECUTION_DATE='2024-06-28T05:09:00+00:00' AIRFLOW_CTX_TRY_NUMBER='1' AIRFLOW_CTX_DAG_RUN_ID='scheduled__2024-06-28T05:09:00+00:00'
[2024-06-28T05:10:02.513+0000] {taskinstance.py:430} INFO - ::endgroup::
[2024-06-28T05:10:02.531+0000] {baseoperator.py:399} WARNING - BranchPythonOperator.execute cannot be called outside TaskInstance!
[2024-06-28T05:10:02.532+0000] {helper_functions.py:145} INFO - Reading encrypted details from ('/opt/***/dags/postgres_connection.py', '/opt/***/dags/***_api_configuration.py')
[2024-06-28T05:10:02.537+0000] {helper_functions.py:148} INFO - Decrypted postgres connection: {'user': '***', 'password': '***', 'dbname': '***', 'host': '172.240.2.2', 'port': '5432'}
[2024-06-28T05:10:02.541+0000] {helper_functions.py:108} INFO - Executing create table SQL
[2024-06-28T05:10:02.542+0000] {helper_functions.py:112} INFO - Checking existing record for dag_id and task_id
[2024-06-28T05:10:02.543+0000] {helper_functions.py:126} INFO - Updating success count for demo_dag_for_alerting_final - check_previous_run_status
[2024-06-28T05:10:02.546+0000] {python.py:237} INFO - Done. Returned value was: start_run
[2024-06-28T05:10:02.546+0000] {branch.py:36} INFO - Branch into start_run
[2024-06-28T05:10:02.547+0000] {skipmixin.py:178} INFO - Following branch start_run
[2024-06-28T05:10:02.566+0000] {skipmixin.py:246} INFO - Skipping tasks [('skip_run', -1)]
[2024-06-28T05:10:02.593+0000] {taskinstance.py:441} INFO - ::group::Post task execution logs
[2024-06-28T05:10:02.613+0000] {taskinstance.py:1206} INFO - Marking task as SUCCESS. dag_id=demo_dag_for_alerting_final, task_id=check_previous_run_status, run_id=scheduled__2024-06-28T05:09:00+00:00, execution_date=20240628T050900, start_date=20240628T051002, end_date=20240628T051002
[2024-06-28T05:10:02.635+0000] {local_task_job_runner.py:240} INFO - Task exited with return code 0
[2024-06-28T05:10:02.671+0000] {taskinstance.py:3498} INFO - 0 downstream tasks scheduled from follow-on schedule check
[2024-06-28T05:10:02.673+0000] {local_task_job_runner.py:222} INFO - ::endgroup::
