[2024-06-20T18:08:28.195+0000] {local_task_job_runner.py:120} INFO - ::group::Pre task execution logs
[2024-06-20T18:08:28.233+0000] {taskinstance.py:2076} INFO - Dependencies all met for dep_context=non-requeueable deps ti=<TaskInstance: demo_dag_for_alerting_final_1.refresh_external_table scheduled__2024-06-20T18:07:00+00:00 [queued]>
[2024-06-20T18:08:28.245+0000] {taskinstance.py:2076} INFO - Dependencies all met for dep_context=requeueable deps ti=<TaskInstance: demo_dag_for_alerting_final_1.refresh_external_table scheduled__2024-06-20T18:07:00+00:00 [queued]>
[2024-06-20T18:08:28.245+0000] {taskinstance.py:2306} INFO - Starting attempt 1 of 6
[2024-06-20T18:08:28.269+0000] {taskinstance.py:2330} INFO - Executing <Task(PythonOperator): refresh_external_table> on 2024-06-20 18:07:00+00:00
[2024-06-20T18:08:28.275+0000] {warnings.py:110} WARNING - /home/***/.local/lib/python3.12/site-packages/***/task/task_runner/standard_task_runner.py:61: DeprecationWarning: This process (pid=1284) is multi-threaded, use of fork() may lead to deadlocks in the child.
  pid = os.fork()

[2024-06-20T18:08:28.276+0000] {standard_task_runner.py:63} INFO - Started process 1287 to run task
[2024-06-20T18:08:28.276+0000] {standard_task_runner.py:90} INFO - Running: ['***', 'tasks', 'run', 'demo_dag_for_alerting_final_1', 'refresh_external_table', 'scheduled__2024-06-20T18:07:00+00:00', '--job-id', '2533', '--raw', '--subdir', 'DAGS_FOLDER/demo_dag_for_alerting.py', '--cfg-path', '/tmp/tmp2lbcqvel']
[2024-06-20T18:08:28.278+0000] {standard_task_runner.py:91} INFO - Job 2533: Subtask refresh_external_table
[2024-06-20T18:08:28.330+0000] {task_command.py:426} INFO - Running <TaskInstance: demo_dag_for_alerting_final_1.refresh_external_table scheduled__2024-06-20T18:07:00+00:00 [running]> on host e66744caf823
[2024-06-20T18:08:28.444+0000] {taskinstance.py:2648} INFO - Exporting env vars: AIRFLOW_CTX_DAG_OWNER='***' AIRFLOW_CTX_DAG_ID='demo_dag_for_alerting_final_1' AIRFLOW_CTX_TASK_ID='refresh_external_table' AIRFLOW_CTX_EXECUTION_DATE='2024-06-20T18:07:00+00:00' AIRFLOW_CTX_TRY_NUMBER='1' AIRFLOW_CTX_DAG_RUN_ID='scheduled__2024-06-20T18:07:00+00:00'
[2024-06-20T18:08:28.445+0000] {taskinstance.py:430} INFO - ::endgroup::
[2024-06-20T18:08:28.462+0000] {logging_mixin.py:188} INFO - refresh_crm_campaign_run_external_table
[2024-06-20T18:08:28.463+0000] {python.py:237} INFO - Done. Returned value was: None
[2024-06-20T18:08:28.465+0000] {taskinstance.py:441} INFO - ::group::Post task execution logs
[2024-06-20T18:08:28.477+0000] {taskinstance.py:1206} INFO - Marking task as SUCCESS. dag_id=demo_dag_for_alerting_final_1, task_id=refresh_external_table, run_id=scheduled__2024-06-20T18:07:00+00:00, execution_date=20240620T180700, start_date=20240620T180828, end_date=20240620T180828
[2024-06-20T18:08:28.530+0000] {local_task_job_runner.py:240} INFO - Task exited with return code 0
[2024-06-20T18:08:28.559+0000] {taskinstance.py:3498} INFO - 1 downstream tasks scheduled from follow-on schedule check
[2024-06-20T18:08:28.561+0000] {local_task_job_runner.py:222} INFO - ::endgroup::
