[2024-06-26T10:25:22.496+0000] {local_task_job_runner.py:120} INFO - ::group::Pre task execution logs
[2024-06-26T10:25:22.524+0000] {taskinstance.py:2076} INFO - Dependencies all met for dep_context=non-requeueable deps ti=<TaskInstance: demo_dag_for_alerting_final.check_previous_run_status manual__2024-06-26T10:25:20.395493+00:00 [queued]>
[2024-06-26T10:25:22.535+0000] {taskinstance.py:2076} INFO - Dependencies all met for dep_context=requeueable deps ti=<TaskInstance: demo_dag_for_alerting_final.check_previous_run_status manual__2024-06-26T10:25:20.395493+00:00 [queued]>
[2024-06-26T10:25:22.535+0000] {taskinstance.py:2306} INFO - Starting attempt 1 of 6
[2024-06-26T10:25:22.552+0000] {taskinstance.py:2330} INFO - Executing <Task(BranchPythonOperator): check_previous_run_status> on 2024-06-26 10:25:20.395493+00:00
[2024-06-26T10:25:22.560+0000] {warnings.py:110} WARNING - /home/***/.local/lib/python3.12/site-packages/***/task/task_runner/standard_task_runner.py:61: DeprecationWarning: This process (pid=6502) is multi-threaded, use of fork() may lead to deadlocks in the child.
  pid = os.fork()

[2024-06-26T10:25:22.562+0000] {standard_task_runner.py:63} INFO - Started process 6503 to run task
[2024-06-26T10:25:22.561+0000] {standard_task_runner.py:90} INFO - Running: ['***', 'tasks', 'run', 'demo_dag_for_alerting_final', 'check_previous_run_status', 'manual__2024-06-26T10:25:20.395493+00:00', '--job-id', '4300', '--raw', '--subdir', 'DAGS_FOLDER/demo_dag_for_alerting.py', '--cfg-path', '/tmp/tmpoqutm71o']
[2024-06-26T10:25:22.562+0000] {standard_task_runner.py:91} INFO - Job 4300: Subtask check_previous_run_status
[2024-06-26T10:25:22.612+0000] {task_command.py:426} INFO - Running <TaskInstance: demo_dag_for_alerting_final.check_previous_run_status manual__2024-06-26T10:25:20.395493+00:00 [running]> on host ced2311e92d2
[2024-06-26T10:25:22.723+0000] {taskinstance.py:2648} INFO - Exporting env vars: AIRFLOW_CTX_DAG_OWNER='***' AIRFLOW_CTX_DAG_ID='demo_dag_for_alerting_final' AIRFLOW_CTX_TASK_ID='check_previous_run_status' AIRFLOW_CTX_EXECUTION_DATE='2024-06-26T10:25:20.395493+00:00' AIRFLOW_CTX_TRY_NUMBER='1' AIRFLOW_CTX_DAG_RUN_ID='manual__2024-06-26T10:25:20.395493+00:00'
[2024-06-26T10:25:22.724+0000] {taskinstance.py:430} INFO - ::endgroup::
[2024-06-26T10:25:22.741+0000] {baseoperator.py:399} WARNING - BranchPythonOperator.execute cannot be called outside TaskInstance!
[2024-06-26T10:25:22.742+0000] {helper_functions.py:132} INFO - Reading encrypted details from ('/opt/***/dags/postgres_connection.py', '/opt/***/dags/***_api_configuration.py')
[2024-06-26T10:25:22.749+0000] {helper_functions.py:135} INFO - Decrypted postgres connection: {'user': '***', 'password': '***', 'dbname': '***', 'host': '172.240.4.3', 'port': '5432'}
[2024-06-26T10:25:22.754+0000] {helper_functions.py:82} INFO - Executing create table SQL
[2024-06-26T10:25:22.756+0000] {helper_functions.py:89} INFO - Checking existing record for dag_id and task_id
[2024-06-26T10:25:22.758+0000] {helper_functions.py:117} INFO - Inserting new record for demo_dag_for_alerting_final - check_previous_run_status
[2024-06-26T10:25:22.758+0000] {helper_functions.py:121} ERROR - insert_query is empty
[2024-06-26T10:25:22.759+0000] {python.py:237} INFO - Done. Returned value was: skip_run
[2024-06-26T10:25:22.760+0000] {branch.py:36} INFO - Branch into skip_run
[2024-06-26T10:25:22.760+0000] {skipmixin.py:178} INFO - Following branch skip_run
[2024-06-26T10:25:22.778+0000] {skipmixin.py:246} INFO - Skipping tasks [('start_run', -1)]
[2024-06-26T10:25:22.808+0000] {taskinstance.py:441} INFO - ::group::Post task execution logs
[2024-06-26T10:25:22.835+0000] {taskinstance.py:1206} INFO - Marking task as SUCCESS. dag_id=demo_dag_for_alerting_final, task_id=check_previous_run_status, run_id=manual__2024-06-26T10:25:20.395493+00:00, execution_date=20240626T102520, start_date=20240626T102522, end_date=20240626T102522
[2024-06-26T10:25:22.896+0000] {local_task_job_runner.py:240} INFO - Task exited with return code 0
[2024-06-26T10:25:22.946+0000] {taskinstance.py:3498} INFO - 1 downstream tasks scheduled from follow-on schedule check
[2024-06-26T10:25:22.953+0000] {local_task_job_runner.py:222} INFO - ::endgroup::
