[2024-06-26T10:09:13.319+0000] {local_task_job_runner.py:120} INFO - ::group::Pre task execution logs
[2024-06-26T10:09:13.377+0000] {taskinstance.py:2076} INFO - Dependencies all met for dep_context=non-requeueable deps ti=<TaskInstance: demo_dag_for_alerting_final.check_previous_run_status scheduled__2024-06-26T10:08:00+00:00 [queued]>
[2024-06-26T10:09:13.398+0000] {taskinstance.py:2076} INFO - Dependencies all met for dep_context=requeueable deps ti=<TaskInstance: demo_dag_for_alerting_final.check_previous_run_status scheduled__2024-06-26T10:08:00+00:00 [queued]>
[2024-06-26T10:09:13.398+0000] {taskinstance.py:2306} INFO - Starting attempt 1 of 6
[2024-06-26T10:09:13.422+0000] {taskinstance.py:2330} INFO - Executing <Task(BranchPythonOperator): check_previous_run_status> on 2024-06-26 10:08:00+00:00
[2024-06-26T10:09:13.433+0000] {warnings.py:110} WARNING - /home/***/.local/lib/python3.12/site-packages/***/task/task_runner/standard_task_runner.py:61: DeprecationWarning: This process (pid=6197) is multi-threaded, use of fork() may lead to deadlocks in the child.
  pid = os.fork()

[2024-06-26T10:09:13.434+0000] {standard_task_runner.py:90} INFO - Running: ['***', 'tasks', 'run', 'demo_dag_for_alerting_final', 'check_previous_run_status', 'scheduled__2024-06-26T10:08:00+00:00', '--job-id', '4248', '--raw', '--subdir', 'DAGS_FOLDER/demo_dag_for_alerting.py', '--cfg-path', '/tmp/tmp7ej7jozy']
[2024-06-26T10:09:13.435+0000] {standard_task_runner.py:63} INFO - Started process 6198 to run task
[2024-06-26T10:09:13.435+0000] {standard_task_runner.py:91} INFO - Job 4248: Subtask check_previous_run_status
[2024-06-26T10:09:13.520+0000] {task_command.py:426} INFO - Running <TaskInstance: demo_dag_for_alerting_final.check_previous_run_status scheduled__2024-06-26T10:08:00+00:00 [running]> on host ced2311e92d2
[2024-06-26T10:09:13.737+0000] {taskinstance.py:2648} INFO - Exporting env vars: AIRFLOW_CTX_DAG_OWNER='***' AIRFLOW_CTX_DAG_ID='demo_dag_for_alerting_final' AIRFLOW_CTX_TASK_ID='check_previous_run_status' AIRFLOW_CTX_EXECUTION_DATE='2024-06-26T10:08:00+00:00' AIRFLOW_CTX_TRY_NUMBER='1' AIRFLOW_CTX_DAG_RUN_ID='scheduled__2024-06-26T10:08:00+00:00'
[2024-06-26T10:09:13.738+0000] {taskinstance.py:430} INFO - ::endgroup::
[2024-06-26T10:09:13.766+0000] {baseoperator.py:399} WARNING - BranchPythonOperator.execute cannot be called outside TaskInstance!
[2024-06-26T10:09:13.767+0000] {helper_functions.py:114} INFO - Reading encrypted details from ('/opt/***/dags/postgres_connection.py', '/opt/***/dags/***_api_configuration.py')
[2024-06-26T10:09:13.823+0000] {helper_functions.py:117} INFO - Decrypted postgres connection: {'user': '***', 'password': '***', 'dbname': '***', 'host': '172.240.4.3', 'port': '5432'}
[2024-06-26T10:09:13.829+0000] {helper_functions.py:82} INFO - Executing create table SQL
[2024-06-26T10:09:13.831+0000] {helper_functions.py:86} INFO - Checking existing record for dag_id and task_id
[2024-06-26T10:09:13.832+0000] {helper_functions.py:103} INFO - Inserting new record for demo_dag_for_alerting_final - check_previous_run_status
[2024-06-26T10:09:13.833+0000] {helper_functions.py:107} ERROR - Failed to update database for demo_dag_for_alerting_final - check_previous_run_status: can't execute an empty query
Traceback (most recent call last):
  File "/opt/airflow/dags/helper_functions.py", line 104, in update_database
    cur.execute(self.insert_query, (dag_id, task_id, current_time))
psycopg2.ProgrammingError: can't execute an empty query
[2024-06-26T10:09:13.835+0000] {python.py:237} INFO - Done. Returned value was: start_run
[2024-06-26T10:09:13.835+0000] {branch.py:36} INFO - Branch into start_run
[2024-06-26T10:09:13.836+0000] {skipmixin.py:178} INFO - Following branch start_run
[2024-06-26T10:09:13.857+0000] {skipmixin.py:246} INFO - Skipping tasks [('skip_run', -1)]
[2024-06-26T10:09:13.892+0000] {taskinstance.py:441} INFO - ::group::Post task execution logs
[2024-06-26T10:09:13.928+0000] {taskinstance.py:1206} INFO - Marking task as SUCCESS. dag_id=demo_dag_for_alerting_final, task_id=check_previous_run_status, run_id=scheduled__2024-06-26T10:08:00+00:00, execution_date=20240626T100800, start_date=20240626T100913, end_date=20240626T100913
[2024-06-26T10:09:13.978+0000] {local_task_job_runner.py:240} INFO - Task exited with return code 0
[2024-06-26T10:09:14.087+0000] {taskinstance.py:3498} INFO - 0 downstream tasks scheduled from follow-on schedule check
[2024-06-26T10:09:14.088+0000] {local_task_job_runner.py:222} INFO - ::endgroup::
