[2024-06-25T13:03:48.242+0000] {local_task_job_runner.py:120} INFO - ::group::Pre task execution logs
[2024-06-25T13:03:48.281+0000] {taskinstance.py:2076} INFO - Dependencies all met for dep_context=non-requeueable deps ti=<TaskInstance: demo_dag_for_alerting_apis_final.check_previous_run_status scheduled__2024-06-25T13:02:00+00:00 [queued]>
[2024-06-25T13:03:48.294+0000] {taskinstance.py:2076} INFO - Dependencies all met for dep_context=requeueable deps ti=<TaskInstance: demo_dag_for_alerting_apis_final.check_previous_run_status scheduled__2024-06-25T13:02:00+00:00 [queued]>
[2024-06-25T13:03:48.295+0000] {taskinstance.py:2306} INFO - Starting attempt 1 of 6
[2024-06-25T13:03:48.319+0000] {taskinstance.py:2330} INFO - Executing <Task(BranchPythonOperator): check_previous_run_status> on 2024-06-25 13:02:00+00:00
[2024-06-25T13:03:48.331+0000] {warnings.py:110} WARNING - /home/***/.local/lib/python3.12/site-packages/***/task/task_runner/standard_task_runner.py:61: DeprecationWarning: This process (pid=1982) is multi-threaded, use of fork() may lead to deadlocks in the child.
  pid = os.fork()

[2024-06-25T13:03:48.332+0000] {standard_task_runner.py:63} INFO - Started process 1991 to run task
[2024-06-25T13:03:48.332+0000] {standard_task_runner.py:90} INFO - Running: ['***', 'tasks', 'run', 'demo_dag_for_alerting_apis_final', 'check_previous_run_status', 'scheduled__2024-06-25T13:02:00+00:00', '--job-id', '3942', '--raw', '--subdir', 'DAGS_FOLDER/demo_dag_for_alerting_apis.py', '--cfg-path', '/tmp/tmpq67j3y1t']
[2024-06-25T13:03:48.334+0000] {standard_task_runner.py:91} INFO - Job 3942: Subtask check_previous_run_status
[2024-06-25T13:03:48.404+0000] {task_command.py:426} INFO - Running <TaskInstance: demo_dag_for_alerting_apis_final.check_previous_run_status scheduled__2024-06-25T13:02:00+00:00 [running]> on host ced2311e92d2
[2024-06-25T13:03:48.544+0000] {taskinstance.py:2648} INFO - Exporting env vars: AIRFLOW_CTX_DAG_OWNER='***' AIRFLOW_CTX_DAG_ID='demo_dag_for_alerting_apis_final' AIRFLOW_CTX_TASK_ID='check_previous_run_status' AIRFLOW_CTX_EXECUTION_DATE='2024-06-25T13:02:00+00:00' AIRFLOW_CTX_TRY_NUMBER='1' AIRFLOW_CTX_DAG_RUN_ID='scheduled__2024-06-25T13:02:00+00:00'
[2024-06-25T13:03:48.544+0000] {taskinstance.py:430} INFO - ::endgroup::
[2024-06-25T13:03:48.562+0000] {baseoperator.py:399} WARNING - BranchPythonOperator.execute cannot be called outside TaskInstance!
[2024-06-25T13:03:48.563+0000] {python.py:237} INFO - Done. Returned value was: skip_run
[2024-06-25T13:03:48.563+0000] {branch.py:36} INFO - Branch into skip_run
[2024-06-25T13:03:48.563+0000] {skipmixin.py:178} INFO - Following branch skip_run
[2024-06-25T13:03:48.585+0000] {skipmixin.py:246} INFO - Skipping tasks [('start_run', -1)]
[2024-06-25T13:03:48.622+0000] {taskinstance.py:441} INFO - ::group::Post task execution logs
[2024-06-25T13:03:48.646+0000] {taskinstance.py:1206} INFO - Marking task as SUCCESS. dag_id=demo_dag_for_alerting_apis_final, task_id=check_previous_run_status, run_id=scheduled__2024-06-25T13:02:00+00:00, execution_date=20240625T130200, start_date=20240625T130348, end_date=20240625T130348
[2024-06-25T13:03:48.688+0000] {local_task_job_runner.py:240} INFO - Task exited with return code 0
[2024-06-25T13:03:48.748+0000] {taskinstance.py:3498} INFO - 1 downstream tasks scheduled from follow-on schedule check
[2024-06-25T13:03:48.753+0000] {local_task_job_runner.py:222} INFO - ::endgroup::
