[2024-06-28T05:04:50.264+0000] {local_task_job_runner.py:120} INFO - ::group::Pre task execution logs
[2024-06-28T05:04:50.290+0000] {taskinstance.py:2076} INFO - Dependencies all met for dep_context=non-requeueable deps ti=<TaskInstance: alerting_all_dags_using_apis.get_all_dag_ids_last_limit_run_ids scheduled__2024-06-28T05:00:00+00:00 [queued]>
[2024-06-28T05:04:50.302+0000] {taskinstance.py:2076} INFO - Dependencies all met for dep_context=requeueable deps ti=<TaskInstance: alerting_all_dags_using_apis.get_all_dag_ids_last_limit_run_ids scheduled__2024-06-28T05:00:00+00:00 [queued]>
[2024-06-28T05:04:50.303+0000] {taskinstance.py:2306} INFO - Starting attempt 1 of 6
[2024-06-28T05:04:50.321+0000] {taskinstance.py:2330} INFO - Executing <Task(PythonOperator): get_all_dag_ids_last_limit_run_ids> on 2024-06-28 05:00:00+00:00
[2024-06-28T05:04:50.329+0000] {warnings.py:110} WARNING - /home/***/.local/lib/python3.12/site-packages/***/task/task_runner/standard_task_runner.py:61: DeprecationWarning: This process (pid=6033) is multi-threaded, use of fork() may lead to deadlocks in the child.
  pid = os.fork()

[2024-06-28T05:04:50.331+0000] {standard_task_runner.py:63} INFO - Started process 6034 to run task
[2024-06-28T05:04:50.331+0000] {standard_task_runner.py:90} INFO - Running: ['***', 'tasks', 'run', 'alerting_all_dags_using_apis', 'get_all_dag_ids_last_limit_run_ids', 'scheduled__2024-06-28T05:00:00+00:00', '--job-id', '4770', '--raw', '--subdir', 'DAGS_FOLDER/alerting_all_dags_using_apis.py', '--cfg-path', '/tmp/tmp0u7sr377']
[2024-06-28T05:04:50.332+0000] {standard_task_runner.py:91} INFO - Job 4770: Subtask get_all_dag_ids_last_limit_run_ids
[2024-06-28T05:04:50.383+0000] {task_command.py:426} INFO - Running <TaskInstance: alerting_all_dags_using_apis.get_all_dag_ids_last_limit_run_ids scheduled__2024-06-28T05:00:00+00:00 [running]> on host eeacb89bcfc1
[2024-06-28T05:04:50.552+0000] {taskinstance.py:2648} INFO - Exporting env vars: AIRFLOW_CTX_DAG_OWNER='***' AIRFLOW_CTX_DAG_ID='alerting_all_dags_using_apis' AIRFLOW_CTX_TASK_ID='get_all_dag_ids_last_limit_run_ids' AIRFLOW_CTX_EXECUTION_DATE='2024-06-28T05:00:00+00:00' AIRFLOW_CTX_TRY_NUMBER='1' AIRFLOW_CTX_DAG_RUN_ID='scheduled__2024-06-28T05:00:00+00:00'
[2024-06-28T05:04:50.553+0000] {taskinstance.py:430} INFO - ::endgroup::
[2024-06-28T05:04:50.600+0000] {helper_functions.py:300} INFO - Requesting http://***:***@172.240.2.5:8080/api/v1/dags/alerting_all_dags_using_apis/dagRuns?limit=3&order_by=-start_date
[2024-06-28T05:04:50.917+0000] {helper_functions.py:300} INFO - Requesting http://***:***@172.240.2.5:8080/api/v1/dags/demo_dag_for_alerting_apis_final/dagRuns?limit=3&order_by=-start_date
[2024-06-28T05:04:51.156+0000] {helper_functions.py:300} INFO - Requesting http://***:***@172.240.2.5:8080/api/v1/dags/demo_dag_for_alerting_final/dagRuns?limit=3&order_by=-start_date
[2024-06-28T05:04:51.389+0000] {python.py:237} INFO - Done. Returned value was: [['alerting_all_dags_using_apis', 'scheduled__2024-06-28T05:00:00+00:00'], ['alerting_all_dags_using_apis', 'scheduled__2024-06-28T04:42:00+00:00'], ['alerting_all_dags_using_apis', 'manual__2024-06-28T04:44:55.035506+00:00'], ['demo_dag_for_alerting_apis_final', 'manual__2024-06-27T13:04:35.922681+00:00'], ['demo_dag_for_alerting_apis_final', 'scheduled__2024-06-27T13:03:00+00:00'], ['demo_dag_for_alerting_apis_final', 'scheduled__2024-06-27T13:00:00+00:00'], ['demo_dag_for_alerting_final', 'scheduled__2024-06-27T05:50:00+00:00'], ['demo_dag_for_alerting_final', 'scheduled__2024-06-27T05:49:00+00:00'], ['demo_dag_for_alerting_final', 'scheduled__2024-06-27T05:48:00+00:00']]
[2024-06-28T05:04:51.389+0000] {taskinstance.py:441} INFO - ::group::Post task execution logs
[2024-06-28T05:04:51.415+0000] {taskinstance.py:1206} INFO - Marking task as SUCCESS. dag_id=alerting_all_dags_using_apis, task_id=get_all_dag_ids_last_limit_run_ids, run_id=scheduled__2024-06-28T05:00:00+00:00, execution_date=20240628T050000, start_date=20240628T050450, end_date=20240628T050451
[2024-06-28T05:04:51.468+0000] {local_task_job_runner.py:240} INFO - Task exited with return code 0
[2024-06-28T05:04:51.513+0000] {taskinstance.py:3498} INFO - 1 downstream tasks scheduled from follow-on schedule check
[2024-06-28T05:04:51.515+0000] {local_task_job_runner.py:222} INFO - ::endgroup::
