[2024-06-28T10:26:03.541+0000] {local_task_job_runner.py:120} INFO - ::group::Pre task execution logs
[2024-06-28T10:26:03.577+0000] {taskinstance.py:2076} INFO - Dependencies all met for dep_context=non-requeueable deps ti=<TaskInstance: demo_dag_for_alerting_final.skip_run scheduled__2024-06-28T10:25:00+00:00 [queued]>
[2024-06-28T10:26:03.592+0000] {taskinstance.py:2076} INFO - Dependencies all met for dep_context=requeueable deps ti=<TaskInstance: demo_dag_for_alerting_final.skip_run scheduled__2024-06-28T10:25:00+00:00 [queued]>
[2024-06-28T10:26:03.593+0000] {taskinstance.py:2306} INFO - Starting attempt 1 of 6
[2024-06-28T10:26:03.610+0000] {taskinstance.py:2330} INFO - Executing <Task(PythonOperator): skip_run> on 2024-06-28 10:25:00+00:00
[2024-06-28T10:26:03.621+0000] {warnings.py:110} WARNING - /home/***/.local/lib/python3.12/site-packages/***/task/task_runner/standard_task_runner.py:61: DeprecationWarning: This process (pid=468) is multi-threaded, use of fork() may lead to deadlocks in the child.
  pid = os.fork()

[2024-06-28T10:26:03.622+0000] {standard_task_runner.py:63} INFO - Started process 470 to run task
[2024-06-28T10:26:03.623+0000] {standard_task_runner.py:90} INFO - Running: ['***', 'tasks', 'run', 'demo_dag_for_alerting_final', 'skip_run', 'scheduled__2024-06-28T10:25:00+00:00', '--job-id', '5025', '--raw', '--subdir', 'DAGS_FOLDER/demo_dag_for_alerting.py', '--cfg-path', '/tmp/tmpwvutlk_b']
[2024-06-28T10:26:03.624+0000] {standard_task_runner.py:91} INFO - Job 5025: Subtask skip_run
[2024-06-28T10:26:03.678+0000] {task_command.py:426} INFO - Running <TaskInstance: demo_dag_for_alerting_final.skip_run scheduled__2024-06-28T10:25:00+00:00 [running]> on host 2552e7b36400
[2024-06-28T10:26:03.800+0000] {taskinstance.py:2648} INFO - Exporting env vars: AIRFLOW_CTX_DAG_OWNER='***' AIRFLOW_CTX_DAG_ID='demo_dag_for_alerting_final' AIRFLOW_CTX_TASK_ID='skip_run' AIRFLOW_CTX_EXECUTION_DATE='2024-06-28T10:25:00+00:00' AIRFLOW_CTX_TRY_NUMBER='1' AIRFLOW_CTX_DAG_RUN_ID='scheduled__2024-06-28T10:25:00+00:00'
[2024-06-28T10:26:03.801+0000] {taskinstance.py:430} INFO - ::endgroup::
[2024-06-28T10:26:03.822+0000] {helper_functions.py:196} INFO - The DAG demo_dag_for_alerting_final was skipped at 2024-06-28 10:26:03.822832

[2024-06-28T10:26:03.823+0000] {python.py:237} INFO - Done. Returned value was: None
[2024-06-28T10:26:03.823+0000] {taskinstance.py:441} INFO - ::group::Post task execution logs
[2024-06-28T10:26:03.835+0000] {taskinstance.py:1206} INFO - Marking task as SUCCESS. dag_id=demo_dag_for_alerting_final, task_id=skip_run, run_id=scheduled__2024-06-28T10:25:00+00:00, execution_date=20240628T102500, start_date=20240628T102603, end_date=20240628T102603
[2024-06-28T10:26:03.876+0000] {local_task_job_runner.py:240} INFO - Task exited with return code 0
[2024-06-28T10:26:03.902+0000] {taskinstance.py:3498} INFO - 0 downstream tasks scheduled from follow-on schedule check
[2024-06-28T10:26:03.905+0000] {local_task_job_runner.py:222} INFO - ::endgroup::
