[2024-06-12T05:42:43.630+0000] {local_task_job_runner.py:120} INFO - ::group::Pre task execution logs
[2024-06-12T05:42:43.654+0000] {taskinstance.py:2076} INFO - Dependencies all met for dep_context=non-requeueable deps ti=<TaskInstance: create_table.create_table manual__2024-06-12T05:42:42.682440+00:00 [queued]>
[2024-06-12T05:42:43.665+0000] {taskinstance.py:2076} INFO - Dependencies all met for dep_context=requeueable deps ti=<TaskInstance: create_table.create_table manual__2024-06-12T05:42:42.682440+00:00 [queued]>
[2024-06-12T05:42:43.665+0000] {taskinstance.py:2306} INFO - Starting attempt 1 of 6
[2024-06-12T05:42:43.682+0000] {taskinstance.py:2330} INFO - Executing <Task(PythonOperator): create_table> on 2024-06-12 05:42:42.682440+00:00
[2024-06-12T05:42:43.687+0000] {warnings.py:110} WARNING - /home/***/.local/lib/python3.12/site-packages/***/task/task_runner/standard_task_runner.py:61: DeprecationWarning: This process (pid=636) is multi-threaded, use of fork() may lead to deadlocks in the child.
  pid = os.fork()

[2024-06-12T05:42:43.688+0000] {standard_task_runner.py:63} INFO - Started process 637 to run task
[2024-06-12T05:42:43.689+0000] {standard_task_runner.py:90} INFO - Running: ['***', 'tasks', 'run', 'create_table', 'create_table', 'manual__2024-06-12T05:42:42.682440+00:00', '--job-id', '111', '--raw', '--subdir', 'DAGS_FOLDER/create_table.py', '--cfg-path', '/tmp/tmpv1ear8o0']
[2024-06-12T05:42:43.690+0000] {standard_task_runner.py:91} INFO - Job 111: Subtask create_table
[2024-06-12T05:42:43.735+0000] {task_command.py:426} INFO - Running <TaskInstance: create_table.create_table manual__2024-06-12T05:42:42.682440+00:00 [running]> on host 7bea3768514b
[2024-06-12T05:42:43.834+0000] {taskinstance.py:2648} INFO - Exporting env vars: AIRFLOW_CTX_DAG_OWNER='***' AIRFLOW_CTX_DAG_ID='create_table' AIRFLOW_CTX_TASK_ID='create_table' AIRFLOW_CTX_EXECUTION_DATE='2024-06-12T05:42:42.682440+00:00' AIRFLOW_CTX_TRY_NUMBER='1' AIRFLOW_CTX_DAG_RUN_ID='manual__2024-06-12T05:42:42.682440+00:00'
[2024-06-12T05:42:43.835+0000] {taskinstance.py:430} INFO - ::endgroup::
[2024-06-12T05:42:43.857+0000] {base.py:84} INFO - Using connection ID 'postgres_conn' for task execution.
[2024-06-12T05:42:43.861+0000] {sql.py:470} INFO - Running statement: 
    CREATE TABLE IF NOT EXISTS valid_data (
        id SERIAL PRIMARY KEY,
        name VARCHAR(255) NOT NULL,
        email VARCHAR(255) NOT NULL,
        date TIMESTAMP NOT NULL
    );
    , parameters: None
[2024-06-12T05:42:43.862+0000] {python.py:237} INFO - Done. Returned value was: None
[2024-06-12T05:42:43.864+0000] {taskinstance.py:441} INFO - ::group::Post task execution logs
[2024-06-12T05:42:43.872+0000] {taskinstance.py:1206} INFO - Marking task as SUCCESS. dag_id=create_table, task_id=create_table, run_id=manual__2024-06-12T05:42:42.682440+00:00, execution_date=20240612T054242, start_date=20240612T054243, end_date=20240612T054243
[2024-06-12T05:42:43.902+0000] {local_task_job_runner.py:240} INFO - Task exited with return code 0
[2024-06-12T05:42:43.932+0000] {taskinstance.py:3498} INFO - 0 downstream tasks scheduled from follow-on schedule check
[2024-06-12T05:42:43.933+0000] {local_task_job_runner.py:222} INFO - ::endgroup::
