[2024-06-18T08:06:02.333+0000] {local_task_job_runner.py:120} INFO - ::group::Pre task execution logs
[2024-06-18T08:06:02.363+0000] {taskinstance.py:2076} INFO - Dependencies all met for dep_context=non-requeueable deps ti=<TaskInstance: alerting_skipped.check_previous_run_status scheduled__2024-06-18T08:00:00+00:00 [queued]>
[2024-06-18T08:06:02.375+0000] {taskinstance.py:2076} INFO - Dependencies all met for dep_context=requeueable deps ti=<TaskInstance: alerting_skipped.check_previous_run_status scheduled__2024-06-18T08:00:00+00:00 [queued]>
[2024-06-18T08:06:02.376+0000] {taskinstance.py:2306} INFO - Starting attempt 1 of 6
[2024-06-18T08:06:02.394+0000] {taskinstance.py:2330} INFO - Executing <Task(BranchPythonOperator): check_previous_run_status> on 2024-06-18 08:00:00+00:00
[2024-06-18T08:06:02.401+0000] {warnings.py:110} WARNING - /home/***/.local/lib/python3.12/site-packages/***/task/task_runner/standard_task_runner.py:61: DeprecationWarning: This process (pid=1748) is multi-threaded, use of fork() may lead to deadlocks in the child.
  pid = os.fork()

[2024-06-18T08:06:02.402+0000] {standard_task_runner.py:63} INFO - Started process 1749 to run task
[2024-06-18T08:06:02.402+0000] {standard_task_runner.py:90} INFO - Running: ['***', 'tasks', 'run', 'alerting_skipped', 'check_previous_run_status', 'scheduled__2024-06-18T08:00:00+00:00', '--job-id', '430', '--raw', '--subdir', 'DAGS_FOLDER/alerting_skipped.py', '--cfg-path', '/tmp/tmpptnojw7a']
[2024-06-18T08:06:02.403+0000] {standard_task_runner.py:91} INFO - Job 430: Subtask check_previous_run_status
[2024-06-18T08:06:02.444+0000] {task_command.py:426} INFO - Running <TaskInstance: alerting_skipped.check_previous_run_status scheduled__2024-06-18T08:00:00+00:00 [running]> on host fa5c5d972e05
[2024-06-18T08:06:02.523+0000] {taskinstance.py:2648} INFO - Exporting env vars: AIRFLOW_CTX_DAG_OWNER='***' AIRFLOW_CTX_DAG_ID='alerting_skipped' AIRFLOW_CTX_TASK_ID='check_previous_run_status' AIRFLOW_CTX_EXECUTION_DATE='2024-06-18T08:00:00+00:00' AIRFLOW_CTX_TRY_NUMBER='1' AIRFLOW_CTX_DAG_RUN_ID='scheduled__2024-06-18T08:00:00+00:00'
[2024-06-18T08:06:02.524+0000] {taskinstance.py:430} INFO - ::endgroup::
[2024-06-18T08:06:02.535+0000] {baseoperator.py:399} WARNING - BranchPythonOperator.execute cannot be called outside TaskInstance!
[2024-06-18T08:06:02.536+0000] {python.py:237} INFO - Done. Returned value was: check_last_run_status
[2024-06-18T08:06:02.536+0000] {branch.py:36} INFO - Branch into check_last_run_status
[2024-06-18T08:06:02.536+0000] {skipmixin.py:178} INFO - Following branch check_last_run_status
[2024-06-18T08:06:02.536+0000] {taskinstance.py:441} INFO - ::group::Post task execution logs
[2024-06-18T08:06:02.545+0000] {taskinstance.py:2905} ERROR - Task failed with exception
Traceback (most recent call last):
  File "/home/airflow/.local/lib/python3.12/site-packages/airflow/models/taskinstance.py", line 465, in _execute_task
    result = _execute_callable(context=context, **execute_callable_kwargs)
             ^^^^^^^^^^^^^^^^^^^^^^^^^^^^^^^^^^^^^^^^^^^^^^^^^^^^^^^^^^^^^
  File "/home/airflow/.local/lib/python3.12/site-packages/airflow/models/taskinstance.py", line 432, in _execute_callable
    return execute_callable(context=context, **execute_callable_kwargs)
           ^^^^^^^^^^^^^^^^^^^^^^^^^^^^^^^^^^^^^^^^^^^^^^^^^^^^^^^^^^^^
  File "/home/airflow/.local/lib/python3.12/site-packages/airflow/models/baseoperator.py", line 400, in wrapper
    return func(self, *args, **kwargs)
           ^^^^^^^^^^^^^^^^^^^^^^^^^^^
  File "/home/airflow/.local/lib/python3.12/site-packages/airflow/operators/python.py", line 269, in execute
    return self.do_branch(context, super().execute(context))
           ^^^^^^^^^^^^^^^^^^^^^^^^^^^^^^^^^^^^^^^^^^^^^^^^^
  File "/home/airflow/.local/lib/python3.12/site-packages/airflow/operators/branch.py", line 37, in do_branch
    self.skip_all_except(context["ti"], branches_to_execute)
  File "/home/airflow/.local/lib/python3.12/site-packages/airflow/models/skipmixin.py", line 215, in skip_all_except
    raise AirflowException(
airflow.exceptions.AirflowException: 'branch_task_ids' must contain only valid task_ids. Invalid tasks found: {'check_last_run_status'}.
[2024-06-18T08:06:02.548+0000] {taskinstance.py:1206} INFO - Marking task as UP_FOR_RETRY. dag_id=alerting_skipped, task_id=check_previous_run_status, run_id=scheduled__2024-06-18T08:00:00+00:00, execution_date=20240618T080000, start_date=20240618T080602, end_date=20240618T080602
[2024-06-18T08:06:02.558+0000] {standard_task_runner.py:110} ERROR - Failed to execute job 430 for task check_previous_run_status ('branch_task_ids' must contain only valid task_ids. Invalid tasks found: {'check_last_run_status'}.; 1749)
[2024-06-18T08:06:02.575+0000] {local_task_job_runner.py:240} INFO - Task exited with return code 1
[2024-06-18T08:06:02.595+0000] {taskinstance.py:3498} INFO - 0 downstream tasks scheduled from follow-on schedule check
[2024-06-18T08:06:02.597+0000] {local_task_job_runner.py:222} INFO - ::endgroup::
