[2024-06-21T07:51:03.741+0000] {local_task_job_runner.py:120} INFO - ::group::Pre task execution logs
[2024-06-21T07:51:03.768+0000] {taskinstance.py:2076} INFO - Dependencies all met for dep_context=non-requeueable deps ti=<TaskInstance: demo_dag_for_alerting_apis_final.skip_run scheduled__2024-06-21T07:50:00+00:00 [queued]>
[2024-06-21T07:51:03.780+0000] {taskinstance.py:2076} INFO - Dependencies all met for dep_context=requeueable deps ti=<TaskInstance: demo_dag_for_alerting_apis_final.skip_run scheduled__2024-06-21T07:50:00+00:00 [queued]>
[2024-06-21T07:51:03.781+0000] {taskinstance.py:2306} INFO - Starting attempt 1 of 6
[2024-06-21T07:51:03.794+0000] {taskinstance.py:2330} INFO - Executing <Task(PythonOperator): skip_run> on 2024-06-21 07:50:00+00:00
[2024-06-21T07:51:03.798+0000] {warnings.py:110} WARNING - /home/***/.local/lib/python3.12/site-packages/***/task/task_runner/standard_task_runner.py:61: DeprecationWarning: This process (pid=3381) is multi-threaded, use of fork() may lead to deadlocks in the child.
  pid = os.fork()

[2024-06-21T07:51:03.799+0000] {standard_task_runner.py:63} INFO - Started process 3383 to run task
[2024-06-21T07:51:03.800+0000] {standard_task_runner.py:90} INFO - Running: ['***', 'tasks', 'run', 'demo_dag_for_alerting_apis_final', 'skip_run', 'scheduled__2024-06-21T07:50:00+00:00', '--job-id', '3065', '--raw', '--subdir', 'DAGS_FOLDER/demo_dag_for_alerting_apis.py', '--cfg-path', '/tmp/tmpldywi000']
[2024-06-21T07:51:03.800+0000] {standard_task_runner.py:91} INFO - Job 3065: Subtask skip_run
[2024-06-21T07:51:03.842+0000] {task_command.py:426} INFO - Running <TaskInstance: demo_dag_for_alerting_apis_final.skip_run scheduled__2024-06-21T07:50:00+00:00 [running]> on host e66744caf823
[2024-06-21T07:51:03.929+0000] {taskinstance.py:2648} INFO - Exporting env vars: AIRFLOW_CTX_DAG_OWNER='***' AIRFLOW_CTX_DAG_ID='demo_dag_for_alerting_apis_final' AIRFLOW_CTX_TASK_ID='skip_run' AIRFLOW_CTX_EXECUTION_DATE='2024-06-21T07:50:00+00:00' AIRFLOW_CTX_TRY_NUMBER='1' AIRFLOW_CTX_DAG_RUN_ID='scheduled__2024-06-21T07:50:00+00:00'
[2024-06-21T07:51:03.930+0000] {taskinstance.py:430} INFO - ::endgroup::
[2024-06-21T07:51:04.122+0000] {helper_functions.py:136} INFO - ['scheduled__2024-06-21T07:49:00+00:00', 'scheduled__2024-06-21T07:48:00+00:00']
[2024-06-21T07:51:04.474+0000] {helper_functions.py:146} INFO - ['success', 'success']
[2024-06-21T07:51:04.475+0000] {python.py:237} INFO - Done. Returned value was: None
[2024-06-21T07:51:04.475+0000] {taskinstance.py:441} INFO - ::group::Post task execution logs
[2024-06-21T07:51:04.483+0000] {taskinstance.py:1206} INFO - Marking task as SUCCESS. dag_id=demo_dag_for_alerting_apis_final, task_id=skip_run, run_id=scheduled__2024-06-21T07:50:00+00:00, execution_date=20240621T075000, start_date=20240621T075103, end_date=20240621T075104
[2024-06-21T07:51:04.534+0000] {local_task_job_runner.py:240} INFO - Task exited with return code 0
[2024-06-21T07:51:04.545+0000] {local_task_job_runner.py:222} INFO - ::endgroup::
