[2024-06-18T11:00:04.741+0000] {local_task_job_runner.py:120} INFO - ::group::Pre task execution logs
[2024-06-18T11:00:04.779+0000] {taskinstance.py:2076} INFO - Dependencies all met for dep_context=non-requeueable deps ti=<TaskInstance: alerting_skipped.skip_run scheduled__2024-06-18T10:59:00+00:00 [queued]>
[2024-06-18T11:00:04.797+0000] {taskinstance.py:2076} INFO - Dependencies all met for dep_context=requeueable deps ti=<TaskInstance: alerting_skipped.skip_run scheduled__2024-06-18T10:59:00+00:00 [queued]>
[2024-06-18T11:00:04.798+0000] {taskinstance.py:2306} INFO - Starting attempt 1 of 6
[2024-06-18T11:00:04.818+0000] {taskinstance.py:2330} INFO - Executing <Task(PythonOperator): skip_run> on 2024-06-18 10:59:00+00:00
[2024-06-18T11:00:04.824+0000] {warnings.py:110} WARNING - /home/***/.local/lib/python3.12/site-packages/***/task/task_runner/standard_task_runner.py:61: DeprecationWarning: This process (pid=4423) is multi-threaded, use of fork() may lead to deadlocks in the child.
  pid = os.fork()

[2024-06-18T11:00:04.825+0000] {standard_task_runner.py:63} INFO - Started process 4424 to run task
[2024-06-18T11:00:04.827+0000] {standard_task_runner.py:90} INFO - Running: ['***', 'tasks', 'run', 'alerting_skipped', 'skip_run', 'scheduled__2024-06-18T10:59:00+00:00', '--job-id', '678', '--raw', '--subdir', 'DAGS_FOLDER/alerting_skipped.py', '--cfg-path', '/tmp/tmpfuk080es']
[2024-06-18T11:00:04.829+0000] {standard_task_runner.py:91} INFO - Job 678: Subtask skip_run
[2024-06-18T11:00:04.894+0000] {task_command.py:426} INFO - Running <TaskInstance: alerting_skipped.skip_run scheduled__2024-06-18T10:59:00+00:00 [running]> on host fa5c5d972e05
[2024-06-18T11:00:05.026+0000] {taskinstance.py:2648} INFO - Exporting env vars: AIRFLOW_CTX_DAG_OWNER='***' AIRFLOW_CTX_DAG_ID='alerting_skipped' AIRFLOW_CTX_TASK_ID='skip_run' AIRFLOW_CTX_EXECUTION_DATE='2024-06-18T10:59:00+00:00' AIRFLOW_CTX_TRY_NUMBER='1' AIRFLOW_CTX_DAG_RUN_ID='scheduled__2024-06-18T10:59:00+00:00'
[2024-06-18T11:00:05.027+0000] {taskinstance.py:430} INFO - ::endgroup::
[2024-06-18T11:00:05.058+0000] {logging_mixin.py:188} INFO - Retrieved DAG runs: [datetime.datetime(2024, 6, 18, 10, 59, tzinfo=Timezone('UTC')), datetime.datetime(2024, 6, 18, 10, 58, tzinfo=Timezone('UTC')), datetime.datetime(2024, 6, 18, 10, 57, tzinfo=Timezone('UTC'))]
[2024-06-18T11:00:05.067+0000] {logging_mixin.py:188} INFO - Task skip_run in DAG run 2024-06-18 10:59:00+00:00 has state running
[2024-06-18T11:00:05.067+0000] {logging_mixin.py:188} INFO - Task start in DAG run 2024-06-18 10:59:00+00:00 has state success
[2024-06-18T11:00:05.067+0000] {logging_mixin.py:188} INFO - Task start_run in DAG run 2024-06-18 10:59:00+00:00 has state skipped
[2024-06-18T11:00:05.068+0000] {logging_mixin.py:188} INFO - Task check_previous_run_status in DAG run 2024-06-18 10:59:00+00:00 has state success
[2024-06-18T11:00:05.068+0000] {logging_mixin.py:188} INFO - Not all 'skip_run' tasks were successful for DAG alerting_skipped
[2024-06-18T11:00:05.069+0000] {python.py:237} INFO - Done. Returned value was: None
[2024-06-18T11:00:05.069+0000] {taskinstance.py:441} INFO - ::group::Post task execution logs
[2024-06-18T11:00:05.081+0000] {taskinstance.py:1206} INFO - Marking task as SUCCESS. dag_id=alerting_skipped, task_id=skip_run, run_id=scheduled__2024-06-18T10:59:00+00:00, execution_date=20240618T105900, start_date=20240618T110004, end_date=20240618T110005
[2024-06-18T11:00:05.120+0000] {local_task_job_runner.py:240} INFO - Task exited with return code 0
[2024-06-18T11:00:05.136+0000] {taskinstance.py:3498} INFO - 0 downstream tasks scheduled from follow-on schedule check
[2024-06-18T11:00:05.138+0000] {local_task_job_runner.py:222} INFO - ::endgroup::
