[2024-06-24T11:45:06.581+0000] {local_task_job_runner.py:120} INFO - ::group::Pre task execution logs
[2024-06-24T11:45:06.673+0000] {taskinstance.py:2076} INFO - Dependencies all met for dep_context=non-requeueable deps ti=<TaskInstance: alerting_all_dags_using_apis.get_all_dag_ids_last_limit_run_ids scheduled__2024-06-24T11:30:00+00:00 [queued]>
[2024-06-24T11:45:06.703+0000] {taskinstance.py:2076} INFO - Dependencies all met for dep_context=requeueable deps ti=<TaskInstance: alerting_all_dags_using_apis.get_all_dag_ids_last_limit_run_ids scheduled__2024-06-24T11:30:00+00:00 [queued]>
[2024-06-24T11:45:06.704+0000] {taskinstance.py:2306} INFO - Starting attempt 1 of 6
[2024-06-24T11:45:06.753+0000] {taskinstance.py:2330} INFO - Executing <Task(PythonOperator): get_all_dag_ids_last_limit_run_ids> on 2024-06-24 11:30:00+00:00
[2024-06-24T11:45:06.767+0000] {warnings.py:110} WARNING - /home/***/.local/lib/python3.12/site-packages/***/task/task_runner/standard_task_runner.py:61: DeprecationWarning: This process (pid=3783) is multi-threaded, use of fork() may lead to deadlocks in the child.
  pid = os.fork()

[2024-06-24T11:45:06.770+0000] {standard_task_runner.py:63} INFO - Started process 3791 to run task
[2024-06-24T11:45:06.771+0000] {standard_task_runner.py:90} INFO - Running: ['***', 'tasks', 'run', 'alerting_all_dags_using_apis', 'get_all_dag_ids_last_limit_run_ids', 'scheduled__2024-06-24T11:30:00+00:00', '--job-id', '3615', '--raw', '--subdir', 'DAGS_FOLDER/alerting_all_dags_using_apis.py', '--cfg-path', '/tmp/tmpqm2ihxgu']
[2024-06-24T11:45:06.775+0000] {standard_task_runner.py:91} INFO - Job 3615: Subtask get_all_dag_ids_last_limit_run_ids
[2024-06-24T11:45:06.904+0000] {task_command.py:426} INFO - Running <TaskInstance: alerting_all_dags_using_apis.get_all_dag_ids_last_limit_run_ids scheduled__2024-06-24T11:30:00+00:00 [running]> on host bf895605831d
[2024-06-24T11:45:07.286+0000] {taskinstance.py:2648} INFO - Exporting env vars: AIRFLOW_CTX_DAG_OWNER='***' AIRFLOW_CTX_DAG_ID='alerting_all_dags_using_apis' AIRFLOW_CTX_TASK_ID='get_all_dag_ids_last_limit_run_ids' AIRFLOW_CTX_EXECUTION_DATE='2024-06-24T11:30:00+00:00' AIRFLOW_CTX_TRY_NUMBER='1' AIRFLOW_CTX_DAG_RUN_ID='scheduled__2024-06-24T11:30:00+00:00'
[2024-06-24T11:45:07.288+0000] {taskinstance.py:430} INFO - ::endgroup::
[2024-06-24T11:45:07.336+0000] {helper_functions.py:212} ERROR - Failed to get DAG IDs and their last limit run IDs: 'NoneType' object is not iterable
Traceback (most recent call last):
  File "/opt/airflow/dags/helper_functions.py", line 202, in get_all_dag_ids_last_limit_run_ids
    for dag_id in active_dag_ids:
TypeError: 'NoneType' object is not iterable
[2024-06-24T11:45:07.338+0000] {python.py:237} INFO - Done. Returned value was: None
[2024-06-24T11:45:07.339+0000] {taskinstance.py:441} INFO - ::group::Post task execution logs
[2024-06-24T11:45:07.369+0000] {taskinstance.py:1206} INFO - Marking task as SUCCESS. dag_id=alerting_all_dags_using_apis, task_id=get_all_dag_ids_last_limit_run_ids, run_id=scheduled__2024-06-24T11:30:00+00:00, execution_date=20240624T113000, start_date=20240624T114506, end_date=20240624T114507
[2024-06-24T11:45:07.428+0000] {local_task_job_runner.py:240} INFO - Task exited with return code 0
[2024-06-24T11:45:07.522+0000] {taskinstance.py:3498} INFO - 0 downstream tasks scheduled from follow-on schedule check
[2024-06-24T11:45:07.526+0000] {local_task_job_runner.py:222} INFO - ::endgroup::
