[2024-06-25T13:03:01.664+0000] {local_task_job_runner.py:120} INFO - ::group::Pre task execution logs
[2024-06-25T13:03:01.686+0000] {taskinstance.py:2076} INFO - Dependencies all met for dep_context=non-requeueable deps ti=<TaskInstance: demo_dag_for_alerting_final_1.check_previous_run_status scheduled__2024-06-25T13:02:00+00:00 [queued]>
[2024-06-25T13:03:01.697+0000] {taskinstance.py:2076} INFO - Dependencies all met for dep_context=requeueable deps ti=<TaskInstance: demo_dag_for_alerting_final_1.check_previous_run_status scheduled__2024-06-25T13:02:00+00:00 [queued]>
[2024-06-25T13:03:01.697+0000] {taskinstance.py:2306} INFO - Starting attempt 1 of 6
[2024-06-25T13:03:01.712+0000] {taskinstance.py:2330} INFO - Executing <Task(BranchPythonOperator): check_previous_run_status> on 2024-06-25 13:02:00+00:00
[2024-06-25T13:03:01.718+0000] {warnings.py:110} WARNING - /home/***/.local/lib/python3.12/site-packages/***/task/task_runner/standard_task_runner.py:61: DeprecationWarning: This process (pid=1963) is multi-threaded, use of fork() may lead to deadlocks in the child.
  pid = os.fork()

[2024-06-25T13:03:01.719+0000] {standard_task_runner.py:63} INFO - Started process 1964 to run task
[2024-06-25T13:03:01.720+0000] {standard_task_runner.py:90} INFO - Running: ['***', 'tasks', 'run', 'demo_dag_for_alerting_final_1', 'check_previous_run_status', 'scheduled__2024-06-25T13:02:00+00:00', '--job-id', '3932', '--raw', '--subdir', 'DAGS_FOLDER/demo_dag_for_alerting.py', '--cfg-path', '/tmp/tmpmourkb_c']
[2024-06-25T13:03:01.721+0000] {standard_task_runner.py:91} INFO - Job 3932: Subtask check_previous_run_status
[2024-06-25T13:03:01.767+0000] {task_command.py:426} INFO - Running <TaskInstance: demo_dag_for_alerting_final_1.check_previous_run_status scheduled__2024-06-25T13:02:00+00:00 [running]> on host ced2311e92d2
[2024-06-25T13:03:01.873+0000] {taskinstance.py:2648} INFO - Exporting env vars: AIRFLOW_CTX_DAG_OWNER='***' AIRFLOW_CTX_DAG_ID='demo_dag_for_alerting_final_1' AIRFLOW_CTX_TASK_ID='check_previous_run_status' AIRFLOW_CTX_EXECUTION_DATE='2024-06-25T13:02:00+00:00' AIRFLOW_CTX_TRY_NUMBER='1' AIRFLOW_CTX_DAG_RUN_ID='scheduled__2024-06-25T13:02:00+00:00'
[2024-06-25T13:03:01.873+0000] {taskinstance.py:430} INFO - ::endgroup::
[2024-06-25T13:03:01.889+0000] {baseoperator.py:399} WARNING - BranchPythonOperator.execute cannot be called outside TaskInstance!
[2024-06-25T13:03:01.889+0000] {helper_functions.py:67} INFO - Reading encrypted postgres connection details from /opt/***/dags/postgres_connection.py
[2024-06-25T13:03:01.890+0000] {helper_functions.py:71} INFO - Decrypting postgres connection details
[2024-06-25T13:03:01.896+0000] {helper_functions.py:74} INFO - Decrypted postgres connection: {'user': '***', 'password': '***', 'dbname': '***', 'host': '172.240.4.3', 'port': '5432'}
[2024-06-25T13:03:01.899+0000] {helper_functions.py:87} INFO - Executing create table SQL
[2024-06-25T13:03:01.900+0000] {helper_functions.py:91} INFO - Checking existing record for dag_id and task_id
[2024-06-25T13:03:01.902+0000] {helper_functions.py:97} INFO - Updating skip count for demo_dag_for_alerting_final_1 - check_previous_run_status
[2024-06-25T13:03:01.906+0000] {python.py:237} INFO - Done. Returned value was: skip_run
[2024-06-25T13:03:01.906+0000] {branch.py:36} INFO - Branch into skip_run
[2024-06-25T13:03:01.906+0000] {skipmixin.py:178} INFO - Following branch skip_run
[2024-06-25T13:03:01.923+0000] {skipmixin.py:246} INFO - Skipping tasks [('start_run', -1)]
[2024-06-25T13:03:01.951+0000] {taskinstance.py:441} INFO - ::group::Post task execution logs
[2024-06-25T13:03:01.969+0000] {taskinstance.py:1206} INFO - Marking task as SUCCESS. dag_id=demo_dag_for_alerting_final_1, task_id=check_previous_run_status, run_id=scheduled__2024-06-25T13:02:00+00:00, execution_date=20240625T130200, start_date=20240625T130301, end_date=20240625T130301
[2024-06-25T13:03:02.013+0000] {local_task_job_runner.py:240} INFO - Task exited with return code 0
[2024-06-25T13:03:02.046+0000] {taskinstance.py:3498} INFO - 1 downstream tasks scheduled from follow-on schedule check
[2024-06-25T13:03:02.050+0000] {local_task_job_runner.py:222} INFO - ::endgroup::
