[2024-06-20T19:01:03.368+0000] {local_task_job_runner.py:120} INFO - ::group::Pre task execution logs
[2024-06-20T19:01:03.396+0000] {taskinstance.py:2076} INFO - Dependencies all met for dep_context=non-requeueable deps ti=<TaskInstance: demo_dag_for_alerting_apis_final.skip_run scheduled__2024-06-20T19:00:00+00:00 [queued]>
[2024-06-20T19:01:03.406+0000] {taskinstance.py:2076} INFO - Dependencies all met for dep_context=requeueable deps ti=<TaskInstance: demo_dag_for_alerting_apis_final.skip_run scheduled__2024-06-20T19:00:00+00:00 [queued]>
[2024-06-20T19:01:03.406+0000] {taskinstance.py:2306} INFO - Starting attempt 1 of 6
[2024-06-20T19:01:03.422+0000] {taskinstance.py:2330} INFO - Executing <Task(PythonOperator): skip_run> on 2024-06-20 19:00:00+00:00
[2024-06-20T19:01:03.427+0000] {warnings.py:110} WARNING - /home/***/.local/lib/python3.12/site-packages/***/task/task_runner/standard_task_runner.py:61: DeprecationWarning: This process (pid=2307) is multi-threaded, use of fork() may lead to deadlocks in the child.
  pid = os.fork()

[2024-06-20T19:01:03.428+0000] {standard_task_runner.py:63} INFO - Started process 2309 to run task
[2024-06-20T19:01:03.429+0000] {standard_task_runner.py:90} INFO - Running: ['***', 'tasks', 'run', 'demo_dag_for_alerting_apis_final', 'skip_run', 'scheduled__2024-06-20T19:00:00+00:00', '--job-id', '2709', '--raw', '--subdir', 'DAGS_FOLDER/demo_dag_for_alerting_apis.py', '--cfg-path', '/tmp/tmpzxr4xuii']
[2024-06-20T19:01:03.430+0000] {standard_task_runner.py:91} INFO - Job 2709: Subtask skip_run
[2024-06-20T19:01:03.475+0000] {task_command.py:426} INFO - Running <TaskInstance: demo_dag_for_alerting_apis_final.skip_run scheduled__2024-06-20T19:00:00+00:00 [running]> on host e66744caf823
[2024-06-20T19:01:03.572+0000] {taskinstance.py:2648} INFO - Exporting env vars: AIRFLOW_CTX_DAG_OWNER='***' AIRFLOW_CTX_DAG_ID='demo_dag_for_alerting_apis_final' AIRFLOW_CTX_TASK_ID='skip_run' AIRFLOW_CTX_EXECUTION_DATE='2024-06-20T19:00:00+00:00' AIRFLOW_CTX_TRY_NUMBER='1' AIRFLOW_CTX_DAG_RUN_ID='scheduled__2024-06-20T19:00:00+00:00'
[2024-06-20T19:01:03.573+0000] {taskinstance.py:430} INFO - ::endgroup::
[2024-06-20T19:01:03.776+0000] {helper_functions.py:137} INFO - ['scheduled__2024-06-20T18:59:00+00:00', 'scheduled__2024-06-20T18:58:00+00:00']
[2024-06-20T19:01:04.164+0000] {helper_functions.py:147} INFO - ['success', 'success']
[2024-06-20T19:01:04.165+0000] {python.py:237} INFO - Done. Returned value was: None
[2024-06-20T19:01:04.165+0000] {taskinstance.py:441} INFO - ::group::Post task execution logs
[2024-06-20T19:01:04.173+0000] {taskinstance.py:1206} INFO - Marking task as SUCCESS. dag_id=demo_dag_for_alerting_apis_final, task_id=skip_run, run_id=scheduled__2024-06-20T19:00:00+00:00, execution_date=20240620T190000, start_date=20240620T190103, end_date=20240620T190104
[2024-06-20T19:01:04.204+0000] {local_task_job_runner.py:240} INFO - Task exited with return code 0
[2024-06-20T19:01:04.220+0000] {taskinstance.py:3498} INFO - 0 downstream tasks scheduled from follow-on schedule check
[2024-06-20T19:01:04.221+0000] {local_task_job_runner.py:222} INFO - ::endgroup::
