[2024-06-18T11:01:03.869+0000] {local_task_job_runner.py:120} INFO - ::group::Pre task execution logs
[2024-06-18T11:01:03.899+0000] {taskinstance.py:2076} INFO - Dependencies all met for dep_context=non-requeueable deps ti=<TaskInstance: alerting_skipped.skip_run scheduled__2024-06-18T11:00:00+00:00 [queued]>
[2024-06-18T11:01:03.912+0000] {taskinstance.py:2076} INFO - Dependencies all met for dep_context=requeueable deps ti=<TaskInstance: alerting_skipped.skip_run scheduled__2024-06-18T11:00:00+00:00 [queued]>
[2024-06-18T11:01:03.912+0000] {taskinstance.py:2306} INFO - Starting attempt 1 of 6
[2024-06-18T11:01:03.926+0000] {taskinstance.py:2330} INFO - Executing <Task(PythonOperator): skip_run> on 2024-06-18 11:00:00+00:00
[2024-06-18T11:01:03.931+0000] {warnings.py:110} WARNING - /home/***/.local/lib/python3.12/site-packages/***/task/task_runner/standard_task_runner.py:61: DeprecationWarning: This process (pid=4441) is multi-threaded, use of fork() may lead to deadlocks in the child.
  pid = os.fork()

[2024-06-18T11:01:03.932+0000] {standard_task_runner.py:63} INFO - Started process 4442 to run task
[2024-06-18T11:01:03.933+0000] {standard_task_runner.py:90} INFO - Running: ['***', 'tasks', 'run', 'alerting_skipped', 'skip_run', 'scheduled__2024-06-18T11:00:00+00:00', '--job-id', '680', '--raw', '--subdir', 'DAGS_FOLDER/alerting_skipped.py', '--cfg-path', '/tmp/tmpmfth1hb7']
[2024-06-18T11:01:03.933+0000] {standard_task_runner.py:91} INFO - Job 680: Subtask skip_run
[2024-06-18T11:01:03.979+0000] {task_command.py:426} INFO - Running <TaskInstance: alerting_skipped.skip_run scheduled__2024-06-18T11:00:00+00:00 [running]> on host fa5c5d972e05
[2024-06-18T11:01:04.078+0000] {taskinstance.py:2648} INFO - Exporting env vars: AIRFLOW_CTX_DAG_OWNER='***' AIRFLOW_CTX_DAG_ID='alerting_skipped' AIRFLOW_CTX_TASK_ID='skip_run' AIRFLOW_CTX_EXECUTION_DATE='2024-06-18T11:00:00+00:00' AIRFLOW_CTX_TRY_NUMBER='1' AIRFLOW_CTX_DAG_RUN_ID='scheduled__2024-06-18T11:00:00+00:00'
[2024-06-18T11:01:04.079+0000] {taskinstance.py:430} INFO - ::endgroup::
[2024-06-18T11:01:04.121+0000] {logging_mixin.py:188} INFO - Retrieved DAG runs: [datetime.datetime(2024, 6, 18, 11, 0, tzinfo=Timezone('UTC')), datetime.datetime(2024, 6, 18, 10, 59, tzinfo=Timezone('UTC')), datetime.datetime(2024, 6, 18, 10, 58, tzinfo=Timezone('UTC'))]
[2024-06-18T11:01:04.135+0000] {logging_mixin.py:188} INFO - Task start in DAG run 2024-06-18 11:00:00+00:00 has state success
[2024-06-18T11:01:04.136+0000] {logging_mixin.py:188} INFO - Task skip_run in DAG run 2024-06-18 11:00:00+00:00 has state running
[2024-06-18T11:01:04.136+0000] {logging_mixin.py:188} INFO - Task start_run in DAG run 2024-06-18 11:00:00+00:00 has state skipped
[2024-06-18T11:01:04.136+0000] {logging_mixin.py:188} INFO - Task check_previous_run_status in DAG run 2024-06-18 11:00:00+00:00 has state success
[2024-06-18T11:01:04.137+0000] {logging_mixin.py:188} INFO - Not all 'skip_run' tasks were successful for DAG alerting_skipped
[2024-06-18T11:01:04.138+0000] {python.py:237} INFO - Done. Returned value was: None
[2024-06-18T11:01:04.139+0000] {taskinstance.py:441} INFO - ::group::Post task execution logs
[2024-06-18T11:01:04.151+0000] {taskinstance.py:1206} INFO - Marking task as SUCCESS. dag_id=alerting_skipped, task_id=skip_run, run_id=scheduled__2024-06-18T11:00:00+00:00, execution_date=20240618T110000, start_date=20240618T110103, end_date=20240618T110104
[2024-06-18T11:01:04.186+0000] {local_task_job_runner.py:240} INFO - Task exited with return code 0
[2024-06-18T11:01:04.208+0000] {taskinstance.py:3498} INFO - 0 downstream tasks scheduled from follow-on schedule check
[2024-06-18T11:01:04.210+0000] {local_task_job_runner.py:222} INFO - ::endgroup::
