[2024-06-26T08:53:56.063+0000] {local_task_job_runner.py:120} INFO - ::group::Pre task execution logs
[2024-06-26T08:53:56.094+0000] {taskinstance.py:2076} INFO - Dependencies all met for dep_context=non-requeueable deps ti=<TaskInstance: alerting_all_dags_using_apis.get_all_dag_ids_last_limit_run_ids scheduled__2024-06-26T08:48:00+00:00 [queued]>
[2024-06-26T08:53:56.105+0000] {taskinstance.py:2076} INFO - Dependencies all met for dep_context=requeueable deps ti=<TaskInstance: alerting_all_dags_using_apis.get_all_dag_ids_last_limit_run_ids scheduled__2024-06-26T08:48:00+00:00 [queued]>
[2024-06-26T08:53:56.105+0000] {taskinstance.py:2306} INFO - Starting attempt 1 of 6
[2024-06-26T08:53:56.121+0000] {taskinstance.py:2330} INFO - Executing <Task(PythonOperator): get_all_dag_ids_last_limit_run_ids> on 2024-06-26 08:48:00+00:00
[2024-06-26T08:53:56.131+0000] {warnings.py:110} WARNING - /home/***/.local/lib/python3.12/site-packages/***/task/task_runner/standard_task_runner.py:61: DeprecationWarning: This process (pid=5195) is multi-threaded, use of fork() may lead to deadlocks in the child.
  pid = os.fork()

[2024-06-26T08:53:56.132+0000] {standard_task_runner.py:63} INFO - Started process 5196 to run task
[2024-06-26T08:53:56.132+0000] {standard_task_runner.py:90} INFO - Running: ['***', 'tasks', 'run', 'alerting_all_dags_using_apis', 'get_all_dag_ids_last_limit_run_ids', 'scheduled__2024-06-26T08:48:00+00:00', '--job-id', '4193', '--raw', '--subdir', 'DAGS_FOLDER/alerting_all_dags_using_apis.py', '--cfg-path', '/tmp/tmpwn2g9uhz']
[2024-06-26T08:53:56.133+0000] {standard_task_runner.py:91} INFO - Job 4193: Subtask get_all_dag_ids_last_limit_run_ids
[2024-06-26T08:53:56.181+0000] {task_command.py:426} INFO - Running <TaskInstance: alerting_all_dags_using_apis.get_all_dag_ids_last_limit_run_ids scheduled__2024-06-26T08:48:00+00:00 [running]> on host ced2311e92d2
[2024-06-26T08:53:56.321+0000] {taskinstance.py:2648} INFO - Exporting env vars: AIRFLOW_CTX_DAG_OWNER='***' AIRFLOW_CTX_DAG_ID='alerting_all_dags_using_apis' AIRFLOW_CTX_TASK_ID='get_all_dag_ids_last_limit_run_ids' AIRFLOW_CTX_EXECUTION_DATE='2024-06-26T08:48:00+00:00' AIRFLOW_CTX_TRY_NUMBER='1' AIRFLOW_CTX_DAG_RUN_ID='scheduled__2024-06-26T08:48:00+00:00'
[2024-06-26T08:53:56.322+0000] {taskinstance.py:430} INFO - ::endgroup::
[2024-06-26T08:53:56.345+0000] {helper_functions.py:244} INFO - Requesting http://***:***@172.240.4.4:8080/api/v1/dags/alerting_all_dags_using_apis/dagRuns?limit=3&order_by=-start_date
[2024-06-26T08:53:56.583+0000] {helper_functions.py:244} INFO - Requesting http://***:***@172.240.4.4:8080/api/v1/dags/demo_dag_for_alerting_apis_final/dagRuns?limit=3&order_by=-start_date
[2024-06-26T08:53:56.921+0000] {helper_functions.py:244} INFO - Requesting http://***:***@172.240.4.4:8080/api/v1/dags/demo_dag_for_alerting_final/dagRuns?limit=3&order_by=-start_date
[2024-06-26T08:53:57.280+0000] {python.py:237} INFO - Done. Returned value was: [['alerting_all_dags_using_apis', 'scheduled__2024-06-26T08:48:00+00:00'], ['alerting_all_dags_using_apis', 'scheduled__2024-06-26T08:27:00+00:00'], ['demo_dag_for_alerting_apis_final', 'scheduled__2024-06-26T08:51:00+00:00'], ['demo_dag_for_alerting_apis_final', 'scheduled__2024-06-26T08:31:00+00:00'], ['demo_dag_for_alerting_apis_final', 'scheduled__2024-06-26T08:30:00+00:00'], ['demo_dag_for_alerting_final', 'scheduled__2024-06-26T08:51:00+00:00'], ['demo_dag_for_alerting_final', 'scheduled__2024-06-26T08:31:00+00:00'], ['demo_dag_for_alerting_final', 'scheduled__2024-06-26T08:30:00+00:00']]
[2024-06-26T08:53:57.280+0000] {taskinstance.py:441} INFO - ::group::Post task execution logs
[2024-06-26T08:53:57.306+0000] {taskinstance.py:1206} INFO - Marking task as SUCCESS. dag_id=alerting_all_dags_using_apis, task_id=get_all_dag_ids_last_limit_run_ids, run_id=scheduled__2024-06-26T08:48:00+00:00, execution_date=20240626T084800, start_date=20240626T085356, end_date=20240626T085357
[2024-06-26T08:53:57.350+0000] {local_task_job_runner.py:240} INFO - Task exited with return code 0
[2024-06-26T08:53:57.383+0000] {taskinstance.py:3498} INFO - 1 downstream tasks scheduled from follow-on schedule check
[2024-06-26T08:53:57.384+0000] {local_task_job_runner.py:222} INFO - ::endgroup::
