[2024-06-24T09:10:02.094+0000] {local_task_job_runner.py:120} INFO - ::group::Pre task execution logs
[2024-06-24T09:10:02.120+0000] {taskinstance.py:2076} INFO - Dependencies all met for dep_context=non-requeueable deps ti=<TaskInstance: demo_dag_for_alerting_final_1.check_previous_run_status scheduled__2024-06-24T09:09:00+00:00 [queued]>
[2024-06-24T09:10:02.127+0000] {taskinstance.py:2076} INFO - Dependencies all met for dep_context=requeueable deps ti=<TaskInstance: demo_dag_for_alerting_final_1.check_previous_run_status scheduled__2024-06-24T09:09:00+00:00 [queued]>
[2024-06-24T09:10:02.127+0000] {taskinstance.py:2306} INFO - Starting attempt 1 of 6
[2024-06-24T09:10:02.144+0000] {taskinstance.py:2330} INFO - Executing <Task(BranchPythonOperator): check_previous_run_status> on 2024-06-24 09:09:00+00:00
[2024-06-24T09:10:02.149+0000] {warnings.py:110} WARNING - /home/***/.local/lib/python3.12/site-packages/***/task/task_runner/standard_task_runner.py:61: DeprecationWarning: This process (pid=1433) is multi-threaded, use of fork() may lead to deadlocks in the child.
  pid = os.fork()

[2024-06-24T09:10:02.150+0000] {standard_task_runner.py:63} INFO - Started process 1434 to run task
[2024-06-24T09:10:02.151+0000] {standard_task_runner.py:90} INFO - Running: ['***', 'tasks', 'run', 'demo_dag_for_alerting_final_1', 'check_previous_run_status', 'scheduled__2024-06-24T09:09:00+00:00', '--job-id', '3414', '--raw', '--subdir', 'DAGS_FOLDER/demo_dag_for_alerting.py', '--cfg-path', '/tmp/tmpgp2yh_6c']
[2024-06-24T09:10:02.151+0000] {standard_task_runner.py:91} INFO - Job 3414: Subtask check_previous_run_status
[2024-06-24T09:10:02.191+0000] {task_command.py:426} INFO - Running <TaskInstance: demo_dag_for_alerting_final_1.check_previous_run_status scheduled__2024-06-24T09:09:00+00:00 [running]> on host bf895605831d
[2024-06-24T09:10:02.296+0000] {taskinstance.py:2648} INFO - Exporting env vars: AIRFLOW_CTX_DAG_OWNER='***' AIRFLOW_CTX_DAG_ID='demo_dag_for_alerting_final_1' AIRFLOW_CTX_TASK_ID='check_previous_run_status' AIRFLOW_CTX_EXECUTION_DATE='2024-06-24T09:09:00+00:00' AIRFLOW_CTX_TRY_NUMBER='1' AIRFLOW_CTX_DAG_RUN_ID='scheduled__2024-06-24T09:09:00+00:00'
[2024-06-24T09:10:02.297+0000] {taskinstance.py:430} INFO - ::endgroup::
[2024-06-24T09:10:02.324+0000] {baseoperator.py:399} WARNING - BranchPythonOperator.execute cannot be called outside TaskInstance!
[2024-06-24T09:10:02.330+0000] {python.py:237} INFO - Done. Returned value was: skip_run
[2024-06-24T09:10:02.331+0000] {branch.py:36} INFO - Branch into skip_run
[2024-06-24T09:10:02.331+0000] {skipmixin.py:178} INFO - Following branch skip_run
[2024-06-24T09:10:02.344+0000] {skipmixin.py:246} INFO - Skipping tasks [('start_run', -1)]
[2024-06-24T09:10:02.365+0000] {taskinstance.py:441} INFO - ::group::Post task execution logs
[2024-06-24T09:10:02.382+0000] {taskinstance.py:1206} INFO - Marking task as SUCCESS. dag_id=demo_dag_for_alerting_final_1, task_id=check_previous_run_status, run_id=scheduled__2024-06-24T09:09:00+00:00, execution_date=20240624T090900, start_date=20240624T091002, end_date=20240624T091002
[2024-06-24T09:10:02.404+0000] {local_task_job_runner.py:240} INFO - Task exited with return code 0
[2024-06-24T09:10:02.439+0000] {taskinstance.py:3498} INFO - 1 downstream tasks scheduled from follow-on schedule check
[2024-06-24T09:10:02.442+0000] {local_task_job_runner.py:222} INFO - ::endgroup::
