[2024-06-19T10:58:46.658+0000] {local_task_job_runner.py:120} INFO - ::group::Pre task execution logs
[2024-06-19T10:58:46.691+0000] {taskinstance.py:2076} INFO - Dependencies all met for dep_context=non-requeueable deps ti=<TaskInstance: demo_dag_for_alerting_final.check_previous_run_status manual__2024-06-19T10:58:44.716533+00:00 [queued]>
[2024-06-19T10:58:46.703+0000] {taskinstance.py:2076} INFO - Dependencies all met for dep_context=requeueable deps ti=<TaskInstance: demo_dag_for_alerting_final.check_previous_run_status manual__2024-06-19T10:58:44.716533+00:00 [queued]>
[2024-06-19T10:58:46.703+0000] {taskinstance.py:2306} INFO - Starting attempt 1 of 6
[2024-06-19T10:58:46.722+0000] {taskinstance.py:2330} INFO - Executing <Task(BranchPythonOperator): check_previous_run_status> on 2024-06-19 10:58:44.716533+00:00
[2024-06-19T10:58:46.728+0000] {warnings.py:110} WARNING - /home/***/.local/lib/python3.12/site-packages/***/task/task_runner/standard_task_runner.py:61: DeprecationWarning: This process (pid=4804) is multi-threaded, use of fork() may lead to deadlocks in the child.
  pid = os.fork()

[2024-06-19T10:58:46.730+0000] {standard_task_runner.py:63} INFO - Started process 4805 to run task
[2024-06-19T10:58:46.730+0000] {standard_task_runner.py:90} INFO - Running: ['***', 'tasks', 'run', 'demo_dag_for_alerting_final', 'check_previous_run_status', 'manual__2024-06-19T10:58:44.716533+00:00', '--job-id', '1455', '--raw', '--subdir', 'DAGS_FOLDER/demo_dag_for_alerting.py', '--cfg-path', '/tmp/tmp1w8z3fwc']
[2024-06-19T10:58:46.732+0000] {standard_task_runner.py:91} INFO - Job 1455: Subtask check_previous_run_status
[2024-06-19T10:58:46.789+0000] {task_command.py:426} INFO - Running <TaskInstance: demo_dag_for_alerting_final.check_previous_run_status manual__2024-06-19T10:58:44.716533+00:00 [running]> on host 9e4d135130fa
[2024-06-19T10:58:46.945+0000] {taskinstance.py:2648} INFO - Exporting env vars: AIRFLOW_CTX_DAG_OWNER='***' AIRFLOW_CTX_DAG_ID='demo_dag_for_alerting_final' AIRFLOW_CTX_TASK_ID='check_previous_run_status' AIRFLOW_CTX_EXECUTION_DATE='2024-06-19T10:58:44.716533+00:00' AIRFLOW_CTX_TRY_NUMBER='1' AIRFLOW_CTX_DAG_RUN_ID='manual__2024-06-19T10:58:44.716533+00:00'
[2024-06-19T10:58:46.946+0000] {taskinstance.py:430} INFO - ::endgroup::
[2024-06-19T10:58:46.969+0000] {baseoperator.py:399} WARNING - BranchPythonOperator.execute cannot be called outside TaskInstance!
[2024-06-19T10:58:46.977+0000] {python.py:237} INFO - Done. Returned value was: start_run
[2024-06-19T10:58:46.977+0000] {branch.py:36} INFO - Branch into start_run
[2024-06-19T10:58:46.977+0000] {skipmixin.py:178} INFO - Following branch start_run
[2024-06-19T10:58:46.998+0000] {skipmixin.py:246} INFO - Skipping tasks [('skip_run', -1)]
[2024-06-19T10:58:47.028+0000] {taskinstance.py:441} INFO - ::group::Post task execution logs
[2024-06-19T10:58:47.053+0000] {taskinstance.py:1206} INFO - Marking task as SUCCESS. dag_id=demo_dag_for_alerting_final, task_id=check_previous_run_status, run_id=manual__2024-06-19T10:58:44.716533+00:00, execution_date=20240619T105844, start_date=20240619T105846, end_date=20240619T105847
[2024-06-19T10:58:47.104+0000] {local_task_job_runner.py:240} INFO - Task exited with return code 0
[2024-06-19T10:58:47.162+0000] {taskinstance.py:3498} INFO - 0 downstream tasks scheduled from follow-on schedule check
[2024-06-19T10:58:47.164+0000] {local_task_job_runner.py:222} INFO - ::endgroup::
