[2024-06-19T18:26:03.814+0000] {local_task_job_runner.py:120} INFO - ::group::Pre task execution logs
[2024-06-19T18:26:03.844+0000] {taskinstance.py:2076} INFO - Dependencies all met for dep_context=non-requeueable deps ti=<TaskInstance: demo_dag_for_alerting_apis_final.skipped_due_to_data_unavailability scheduled__2024-06-19T18:25:00+00:00 [queued]>
[2024-06-19T18:26:03.855+0000] {taskinstance.py:2076} INFO - Dependencies all met for dep_context=requeueable deps ti=<TaskInstance: demo_dag_for_alerting_apis_final.skipped_due_to_data_unavailability scheduled__2024-06-19T18:25:00+00:00 [queued]>
[2024-06-19T18:26:03.855+0000] {taskinstance.py:2306} INFO - Starting attempt 1 of 6
[2024-06-19T18:26:03.868+0000] {taskinstance.py:2330} INFO - Executing <Task(PythonOperator): skipped_due_to_data_unavailability> on 2024-06-19 18:25:00+00:00
[2024-06-19T18:26:03.873+0000] {warnings.py:110} WARNING - /home/***/.local/lib/python3.12/site-packages/***/task/task_runner/standard_task_runner.py:61: DeprecationWarning: This process (pid=1165) is multi-threaded, use of fork() may lead to deadlocks in the child.
  pid = os.fork()

[2024-06-19T18:26:03.874+0000] {standard_task_runner.py:63} INFO - Started process 1168 to run task
[2024-06-19T18:26:03.874+0000] {standard_task_runner.py:90} INFO - Running: ['***', 'tasks', 'run', 'demo_dag_for_alerting_apis_final', 'skipped_due_to_data_unavailability', 'scheduled__2024-06-19T18:25:00+00:00', '--job-id', '1657', '--raw', '--subdir', 'DAGS_FOLDER/demo_dag_for_alerting_apis.py', '--cfg-path', '/tmp/tmp7nwfgg39']
[2024-06-19T18:26:03.875+0000] {standard_task_runner.py:91} INFO - Job 1657: Subtask skipped_due_to_data_unavailability
[2024-06-19T18:26:03.917+0000] {task_command.py:426} INFO - Running <TaskInstance: demo_dag_for_alerting_apis_final.skipped_due_to_data_unavailability scheduled__2024-06-19T18:25:00+00:00 [running]> on host e66744caf823
[2024-06-19T18:26:04.010+0000] {taskinstance.py:2648} INFO - Exporting env vars: AIRFLOW_CTX_DAG_OWNER='***' AIRFLOW_CTX_DAG_ID='demo_dag_for_alerting_apis_final' AIRFLOW_CTX_TASK_ID='skipped_due_to_data_unavailability' AIRFLOW_CTX_EXECUTION_DATE='2024-06-19T18:25:00+00:00' AIRFLOW_CTX_TRY_NUMBER='1' AIRFLOW_CTX_DAG_RUN_ID='scheduled__2024-06-19T18:25:00+00:00'
[2024-06-19T18:26:04.011+0000] {taskinstance.py:430} INFO - ::endgroup::
[2024-06-19T18:26:04.027+0000] {helper_functions.py:156} ERROR - HTTP request failed: HTTPConnectionPool(host='172.240.2.5', port=8080): Max retries exceeded with url: /api/v1/demo_dag_for_alerting_apis_final/dagRuns?limit=3&order_by=-start_date (Caused by NewConnectionError('<urllib3.connection.HTTPConnection object at 0x7812aea33d40>: Failed to establish a new connection: [Errno 111] Connection refused'))
[2024-06-19T18:26:04.028+0000] {python.py:237} INFO - Done. Returned value was: None
[2024-06-19T18:26:04.028+0000] {taskinstance.py:441} INFO - ::group::Post task execution logs
[2024-06-19T18:26:04.036+0000] {taskinstance.py:1206} INFO - Marking task as SUCCESS. dag_id=demo_dag_for_alerting_apis_final, task_id=skipped_due_to_data_unavailability, run_id=scheduled__2024-06-19T18:25:00+00:00, execution_date=20240619T182500, start_date=20240619T182603, end_date=20240619T182604
[2024-06-19T18:26:04.087+0000] {local_task_job_runner.py:240} INFO - Task exited with return code 0
[2024-06-19T18:26:04.101+0000] {taskinstance.py:3498} INFO - 0 downstream tasks scheduled from follow-on schedule check
[2024-06-19T18:26:04.103+0000] {local_task_job_runner.py:222} INFO - ::endgroup::
