[2024-06-28T10:22:37.777+0000] {local_task_job_runner.py:120} INFO - ::group::Pre task execution logs
[2024-06-28T10:22:37.805+0000] {taskinstance.py:2076} INFO - Dependencies all met for dep_context=non-requeueable deps ti=<TaskInstance: alerting_all_dags_using_apis.get_all_dagruns_task_instances scheduled__2024-06-28T10:18:00+00:00 [queued]>
[2024-06-28T10:22:37.813+0000] {taskinstance.py:2076} INFO - Dependencies all met for dep_context=requeueable deps ti=<TaskInstance: alerting_all_dags_using_apis.get_all_dagruns_task_instances scheduled__2024-06-28T10:18:00+00:00 [queued]>
[2024-06-28T10:22:37.814+0000] {taskinstance.py:2306} INFO - Starting attempt 1 of 6
[2024-06-28T10:22:37.828+0000] {taskinstance.py:2330} INFO - Executing <Task(PythonOperator): get_all_dagruns_task_instances> on 2024-06-28 10:18:00+00:00
[2024-06-28T10:22:37.834+0000] {warnings.py:110} WARNING - /home/***/.local/lib/python3.12/site-packages/***/task/task_runner/standard_task_runner.py:61: DeprecationWarning: This process (pid=381) is multi-threaded, use of fork() may lead to deadlocks in the child.
  pid = os.fork()

[2024-06-28T10:22:37.835+0000] {standard_task_runner.py:63} INFO - Started process 382 to run task
[2024-06-28T10:22:37.835+0000] {standard_task_runner.py:90} INFO - Running: ['***', 'tasks', 'run', 'alerting_all_dags_using_apis', 'get_all_dagruns_task_instances', 'scheduled__2024-06-28T10:18:00+00:00', '--job-id', '5002', '--raw', '--subdir', 'DAGS_FOLDER/alerting_all_dags_using_apis.py', '--cfg-path', '/tmp/tmpzmxzd303']
[2024-06-28T10:22:37.836+0000] {standard_task_runner.py:91} INFO - Job 5002: Subtask get_all_dagruns_task_instances
[2024-06-28T10:22:37.883+0000] {task_command.py:426} INFO - Running <TaskInstance: alerting_all_dags_using_apis.get_all_dagruns_task_instances scheduled__2024-06-28T10:18:00+00:00 [running]> on host 2552e7b36400
[2024-06-28T10:22:37.981+0000] {taskinstance.py:2648} INFO - Exporting env vars: AIRFLOW_CTX_DAG_OWNER='***' AIRFLOW_CTX_DAG_ID='alerting_all_dags_using_apis' AIRFLOW_CTX_TASK_ID='get_all_dagruns_task_instances' AIRFLOW_CTX_EXECUTION_DATE='2024-06-28T10:18:00+00:00' AIRFLOW_CTX_TRY_NUMBER='1' AIRFLOW_CTX_DAG_RUN_ID='scheduled__2024-06-28T10:18:00+00:00'
[2024-06-28T10:22:37.982+0000] {taskinstance.py:430} INFO - ::endgroup::
[2024-06-28T10:22:38.001+0000] {helper_functions.py:325} INFO - Requesting http://***:***@172.240.3.6:8080/api/v1/dags/alerting_all_dags_using_apis/dagRuns/scheduled__2024-06-28T10:18:00+00:00/taskInstances/end
[2024-06-28T10:22:38.224+0000] {helper_functions.py:325} INFO - Requesting http://***:***@172.240.3.6:8080/api/v1/dags/demo_dag_for_alerting_apis_final/dagRuns/scheduled__2024-06-28T10:21:00+00:00/taskInstances/end
[2024-06-28T10:22:38.448+0000] {helper_functions.py:325} INFO - Requesting http://***:***@172.240.3.6:8080/api/v1/dags/demo_dag_for_alerting_final/dagRuns/scheduled__2024-06-28T10:21:00+00:00/taskInstances/end
[2024-06-28T10:22:38.688+0000] {python.py:237} INFO - Done. Returned value was: {'alerting_all_dags_using_apis': 1}
[2024-06-28T10:22:38.688+0000] {taskinstance.py:441} INFO - ::group::Post task execution logs
[2024-06-28T10:22:38.710+0000] {taskinstance.py:1206} INFO - Marking task as SUCCESS. dag_id=alerting_all_dags_using_apis, task_id=get_all_dagruns_task_instances, run_id=scheduled__2024-06-28T10:18:00+00:00, execution_date=20240628T101800, start_date=20240628T102237, end_date=20240628T102238
[2024-06-28T10:22:38.731+0000] {local_task_job_runner.py:240} INFO - Task exited with return code 0
[2024-06-28T10:22:38.769+0000] {taskinstance.py:3498} INFO - 1 downstream tasks scheduled from follow-on schedule check
[2024-06-28T10:22:38.771+0000] {local_task_job_runner.py:222} INFO - ::endgroup::
