[2024-06-19T04:58:01.609+0000] {local_task_job_runner.py:120} INFO - ::group::Pre task execution logs
[2024-06-19T04:58:01.635+0000] {taskinstance.py:2076} INFO - Dependencies all met for dep_context=non-requeueable deps ti=<TaskInstance: demo_dag_for_alerting.check_previous_run_status scheduled__2024-06-19T04:57:00+00:00 [queued]>
[2024-06-19T04:58:01.644+0000] {taskinstance.py:2076} INFO - Dependencies all met for dep_context=requeueable deps ti=<TaskInstance: demo_dag_for_alerting.check_previous_run_status scheduled__2024-06-19T04:57:00+00:00 [queued]>
[2024-06-19T04:58:01.644+0000] {taskinstance.py:2306} INFO - Starting attempt 1 of 6
[2024-06-19T04:58:01.658+0000] {taskinstance.py:2330} INFO - Executing <Task(BranchPythonOperator): check_previous_run_status> on 2024-06-19 04:57:00+00:00
[2024-06-19T04:58:01.664+0000] {warnings.py:110} WARNING - /home/***/.local/lib/python3.12/site-packages/***/task/task_runner/standard_task_runner.py:61: DeprecationWarning: This process (pid=868) is multi-threaded, use of fork() may lead to deadlocks in the child.
  pid = os.fork()

[2024-06-19T04:58:01.665+0000] {standard_task_runner.py:63} INFO - Started process 869 to run task
[2024-06-19T04:58:01.665+0000] {standard_task_runner.py:90} INFO - Running: ['***', 'tasks', 'run', 'demo_dag_for_alerting', 'check_previous_run_status', 'scheduled__2024-06-19T04:57:00+00:00', '--job-id', '1021', '--raw', '--subdir', 'DAGS_FOLDER/demo_dag_for_alerting.py', '--cfg-path', '/tmp/tmp9_ep6hbm']
[2024-06-19T04:58:01.666+0000] {standard_task_runner.py:91} INFO - Job 1021: Subtask check_previous_run_status
[2024-06-19T04:58:01.711+0000] {task_command.py:426} INFO - Running <TaskInstance: demo_dag_for_alerting.check_previous_run_status scheduled__2024-06-19T04:57:00+00:00 [running]> on host 9e4d135130fa
[2024-06-19T04:58:01.834+0000] {taskinstance.py:2648} INFO - Exporting env vars: AIRFLOW_CTX_DAG_OWNER='***' AIRFLOW_CTX_DAG_ID='demo_dag_for_alerting' AIRFLOW_CTX_TASK_ID='check_previous_run_status' AIRFLOW_CTX_EXECUTION_DATE='2024-06-19T04:57:00+00:00' AIRFLOW_CTX_TRY_NUMBER='1' AIRFLOW_CTX_DAG_RUN_ID='scheduled__2024-06-19T04:57:00+00:00'
[2024-06-19T04:58:01.834+0000] {taskinstance.py:430} INFO - ::endgroup::
[2024-06-19T04:58:01.851+0000] {baseoperator.py:399} WARNING - BranchPythonOperator.execute cannot be called outside TaskInstance!
[2024-06-19T04:58:01.857+0000] {python.py:237} INFO - Done. Returned value was: refresh_external_table
[2024-06-19T04:58:01.857+0000] {branch.py:36} INFO - Branch into refresh_external_table
[2024-06-19T04:58:01.857+0000] {skipmixin.py:178} INFO - Following branch refresh_external_table
[2024-06-19T04:58:01.873+0000] {skipmixin.py:246} INFO - Skipping tasks [('skip_run', -1)]
[2024-06-19T04:58:01.896+0000] {taskinstance.py:441} INFO - ::group::Post task execution logs
[2024-06-19T04:58:01.915+0000] {taskinstance.py:1206} INFO - Marking task as SUCCESS. dag_id=demo_dag_for_alerting, task_id=check_previous_run_status, run_id=scheduled__2024-06-19T04:57:00+00:00, execution_date=20240619T045700, start_date=20240619T045801, end_date=20240619T045801
[2024-06-19T04:58:01.959+0000] {local_task_job_runner.py:240} INFO - Task exited with return code 0
[2024-06-19T04:58:01.987+0000] {taskinstance.py:3498} INFO - 1 downstream tasks scheduled from follow-on schedule check
[2024-06-19T04:58:01.989+0000] {local_task_job_runner.py:222} INFO - ::endgroup::
