[2024-06-26T10:30:05.863+0000] {local_task_job_runner.py:120} INFO - ::group::Pre task execution logs
[2024-06-26T10:30:05.903+0000] {taskinstance.py:2076} INFO - Dependencies all met for dep_context=non-requeueable deps ti=<TaskInstance: demo_dag_for_alerting_final.insert_new_record_into_audit_table scheduled__2024-06-26T10:29:00+00:00 [queued]>
[2024-06-26T10:30:05.915+0000] {taskinstance.py:2076} INFO - Dependencies all met for dep_context=requeueable deps ti=<TaskInstance: demo_dag_for_alerting_final.insert_new_record_into_audit_table scheduled__2024-06-26T10:29:00+00:00 [queued]>
[2024-06-26T10:30:05.916+0000] {taskinstance.py:2306} INFO - Starting attempt 1 of 6
[2024-06-26T10:30:05.933+0000] {taskinstance.py:2330} INFO - Executing <Task(PythonOperator): insert_new_record_into_audit_table> on 2024-06-26 10:29:00+00:00
[2024-06-26T10:30:05.939+0000] {warnings.py:110} WARNING - /home/***/.local/lib/python3.12/site-packages/***/task/task_runner/standard_task_runner.py:61: DeprecationWarning: This process (pid=6595) is multi-threaded, use of fork() may lead to deadlocks in the child.
  pid = os.fork()

[2024-06-26T10:30:05.941+0000] {standard_task_runner.py:63} INFO - Started process 6596 to run task
[2024-06-26T10:30:05.941+0000] {standard_task_runner.py:90} INFO - Running: ['***', 'tasks', 'run', 'demo_dag_for_alerting_final', 'insert_new_record_into_audit_table', 'scheduled__2024-06-26T10:29:00+00:00', '--job-id', '4319', '--raw', '--subdir', 'DAGS_FOLDER/demo_dag_for_alerting.py', '--cfg-path', '/tmp/tmpqxybx190']
[2024-06-26T10:30:05.943+0000] {standard_task_runner.py:91} INFO - Job 4319: Subtask insert_new_record_into_audit_table
[2024-06-26T10:30:05.996+0000] {task_command.py:426} INFO - Running <TaskInstance: demo_dag_for_alerting_final.insert_new_record_into_audit_table scheduled__2024-06-26T10:29:00+00:00 [running]> on host ced2311e92d2
[2024-06-26T10:30:06.113+0000] {taskinstance.py:2648} INFO - Exporting env vars: AIRFLOW_CTX_DAG_OWNER='***' AIRFLOW_CTX_DAG_ID='demo_dag_for_alerting_final' AIRFLOW_CTX_TASK_ID='insert_new_record_into_audit_table' AIRFLOW_CTX_EXECUTION_DATE='2024-06-26T10:29:00+00:00' AIRFLOW_CTX_TRY_NUMBER='1' AIRFLOW_CTX_DAG_RUN_ID='scheduled__2024-06-26T10:29:00+00:00'
[2024-06-26T10:30:06.115+0000] {taskinstance.py:430} INFO - ::endgroup::
[2024-06-26T10:30:06.132+0000] {logging_mixin.py:188} INFO - insert_into_audit_table_for_adhoc_data
[2024-06-26T10:30:06.132+0000] {python.py:237} INFO - Done. Returned value was: None
[2024-06-26T10:30:06.132+0000] {taskinstance.py:441} INFO - ::group::Post task execution logs
[2024-06-26T10:30:06.144+0000] {taskinstance.py:1206} INFO - Marking task as SUCCESS. dag_id=demo_dag_for_alerting_final, task_id=insert_new_record_into_audit_table, run_id=scheduled__2024-06-26T10:29:00+00:00, execution_date=20240626T102900, start_date=20240626T103005, end_date=20240626T103006
[2024-06-26T10:30:06.195+0000] {local_task_job_runner.py:240} INFO - Task exited with return code 0
[2024-06-26T10:30:06.215+0000] {taskinstance.py:3498} INFO - 0 downstream tasks scheduled from follow-on schedule check
[2024-06-26T10:30:06.218+0000] {local_task_job_runner.py:222} INFO - ::endgroup::
