[2024-06-19T10:45:06.863+0000] {local_task_job_runner.py:120} INFO - ::group::Pre task execution logs
[2024-06-19T10:45:06.894+0000] {taskinstance.py:2076} INFO - Dependencies all met for dep_context=non-requeueable deps ti=<TaskInstance: demo_dag_for_alerting_final.insert_new_record_into_audit_table scheduled__2024-06-19T10:44:00+00:00 [queued]>
[2024-06-19T10:45:06.906+0000] {taskinstance.py:2076} INFO - Dependencies all met for dep_context=requeueable deps ti=<TaskInstance: demo_dag_for_alerting_final.insert_new_record_into_audit_table scheduled__2024-06-19T10:44:00+00:00 [queued]>
[2024-06-19T10:45:06.907+0000] {taskinstance.py:2306} INFO - Starting attempt 1 of 6
[2024-06-19T10:45:06.922+0000] {taskinstance.py:2330} INFO - Executing <Task(PythonOperator): insert_new_record_into_audit_table> on 2024-06-19 10:44:00+00:00
[2024-06-19T10:45:06.928+0000] {warnings.py:110} WARNING - /home/***/.local/lib/python3.12/site-packages/***/task/task_runner/standard_task_runner.py:61: DeprecationWarning: This process (pid=4520) is multi-threaded, use of fork() may lead to deadlocks in the child.
  pid = os.fork()

[2024-06-19T10:45:06.929+0000] {standard_task_runner.py:63} INFO - Started process 4521 to run task
[2024-06-19T10:45:06.929+0000] {standard_task_runner.py:90} INFO - Running: ['***', 'tasks', 'run', 'demo_dag_for_alerting_final', 'insert_new_record_into_audit_table', 'scheduled__2024-06-19T10:44:00+00:00', '--job-id', '1402', '--raw', '--subdir', 'DAGS_FOLDER/demo_dag_for_alerting.py', '--cfg-path', '/tmp/tmp_2v9l_zr']
[2024-06-19T10:45:06.930+0000] {standard_task_runner.py:91} INFO - Job 1402: Subtask insert_new_record_into_audit_table
[2024-06-19T10:45:06.979+0000] {task_command.py:426} INFO - Running <TaskInstance: demo_dag_for_alerting_final.insert_new_record_into_audit_table scheduled__2024-06-19T10:44:00+00:00 [running]> on host 9e4d135130fa
[2024-06-19T10:45:07.081+0000] {taskinstance.py:2648} INFO - Exporting env vars: AIRFLOW_CTX_DAG_OWNER='***' AIRFLOW_CTX_DAG_ID='demo_dag_for_alerting_final' AIRFLOW_CTX_TASK_ID='insert_new_record_into_audit_table' AIRFLOW_CTX_EXECUTION_DATE='2024-06-19T10:44:00+00:00' AIRFLOW_CTX_TRY_NUMBER='1' AIRFLOW_CTX_DAG_RUN_ID='scheduled__2024-06-19T10:44:00+00:00'
[2024-06-19T10:45:07.082+0000] {taskinstance.py:430} INFO - ::endgroup::
[2024-06-19T10:45:07.096+0000] {helper_functions.py:75} ERROR - Failed to run demo_dag_for_alerting_final with task insert_new_record_into_audit_table: 'EmptyOperator' object is not callable
[2024-06-19T10:45:07.096+0000] {python.py:237} INFO - Done. Returned value was: refresh_external_table
[2024-06-19T10:45:07.097+0000] {taskinstance.py:441} INFO - ::group::Post task execution logs
[2024-06-19T10:45:07.120+0000] {taskinstance.py:1206} INFO - Marking task as SUCCESS. dag_id=demo_dag_for_alerting_final, task_id=insert_new_record_into_audit_table, run_id=scheduled__2024-06-19T10:44:00+00:00, execution_date=20240619T104400, start_date=20240619T104506, end_date=20240619T104507
[2024-06-19T10:45:07.143+0000] {local_task_job_runner.py:240} INFO - Task exited with return code 0
[2024-06-19T10:45:07.171+0000] {taskinstance.py:3498} INFO - 0 downstream tasks scheduled from follow-on schedule check
[2024-06-19T10:45:07.173+0000] {local_task_job_runner.py:222} INFO - ::endgroup::
