[2024-06-25T11:42:22.074+0000] {local_task_job_runner.py:120} INFO - ::group::Pre task execution logs
[2024-06-25T11:42:22.108+0000] {taskinstance.py:2076} INFO - Dependencies all met for dep_context=non-requeueable deps ti=<TaskInstance: demo_dag_for_alerting_final_1.check_previous_run_status manual__2024-06-25T11:42:19.538320+00:00 [queued]>
[2024-06-25T11:42:22.117+0000] {taskinstance.py:2076} INFO - Dependencies all met for dep_context=requeueable deps ti=<TaskInstance: demo_dag_for_alerting_final_1.check_previous_run_status manual__2024-06-25T11:42:19.538320+00:00 [queued]>
[2024-06-25T11:42:22.117+0000] {taskinstance.py:2306} INFO - Starting attempt 1 of 6
[2024-06-25T11:42:22.135+0000] {taskinstance.py:2330} INFO - Executing <Task(BranchPythonOperator): check_previous_run_status> on 2024-06-25 11:42:19.538320+00:00
[2024-06-25T11:42:22.143+0000] {warnings.py:110} WARNING - /home/***/.local/lib/python3.12/site-packages/***/task/task_runner/standard_task_runner.py:61: DeprecationWarning: This process (pid=747) is multi-threaded, use of fork() may lead to deadlocks in the child.
  pid = os.fork()

[2024-06-25T11:42:22.144+0000] {standard_task_runner.py:63} INFO - Started process 748 to run task
[2024-06-25T11:42:22.144+0000] {standard_task_runner.py:90} INFO - Running: ['***', 'tasks', 'run', 'demo_dag_for_alerting_final_1', 'check_previous_run_status', 'manual__2024-06-25T11:42:19.538320+00:00', '--job-id', '3781', '--raw', '--subdir', 'DAGS_FOLDER/demo_dag_for_alerting.py', '--cfg-path', '/tmp/tmpj86rzlmk']
[2024-06-25T11:42:22.145+0000] {standard_task_runner.py:91} INFO - Job 3781: Subtask check_previous_run_status
[2024-06-25T11:42:22.194+0000] {task_command.py:426} INFO - Running <TaskInstance: demo_dag_for_alerting_final_1.check_previous_run_status manual__2024-06-25T11:42:19.538320+00:00 [running]> on host ced2311e92d2
[2024-06-25T11:42:22.303+0000] {taskinstance.py:2648} INFO - Exporting env vars: AIRFLOW_CTX_DAG_OWNER='***' AIRFLOW_CTX_DAG_ID='demo_dag_for_alerting_final_1' AIRFLOW_CTX_TASK_ID='check_previous_run_status' AIRFLOW_CTX_EXECUTION_DATE='2024-06-25T11:42:19.538320+00:00' AIRFLOW_CTX_TRY_NUMBER='1' AIRFLOW_CTX_DAG_RUN_ID='manual__2024-06-25T11:42:19.538320+00:00'
[2024-06-25T11:42:22.304+0000] {taskinstance.py:430} INFO - ::endgroup::
[2024-06-25T11:42:22.320+0000] {baseoperator.py:399} WARNING - BranchPythonOperator.execute cannot be called outside TaskInstance!
[2024-06-25T11:42:22.334+0000] {helper_functions.py:119} ERROR - Failed to run demo_dag_for_alerting_final_1 with task check_previous_run_status: data must be bytes
[2024-06-25T11:42:22.335+0000] {python.py:237} INFO - Done. Returned value was: None
[2024-06-25T11:42:22.336+0000] {branch.py:36} INFO - Branch into None
[2024-06-25T11:42:22.336+0000] {skipmixin.py:178} INFO - Following branch None
[2024-06-25T11:42:22.356+0000] {skipmixin.py:246} INFO - Skipping tasks [('skip_run', -1), ('start_run', -1)]
[2024-06-25T11:42:22.388+0000] {taskinstance.py:441} INFO - ::group::Post task execution logs
[2024-06-25T11:42:22.401+0000] {taskinstance.py:1206} INFO - Marking task as SUCCESS. dag_id=demo_dag_for_alerting_final_1, task_id=check_previous_run_status, run_id=manual__2024-06-25T11:42:19.538320+00:00, execution_date=20240625T114219, start_date=20240625T114222, end_date=20240625T114222
[2024-06-25T11:42:22.438+0000] {local_task_job_runner.py:240} INFO - Task exited with return code 0
[2024-06-25T11:42:22.475+0000] {taskinstance.py:3498} INFO - 0 downstream tasks scheduled from follow-on schedule check
[2024-06-25T11:42:22.479+0000] {local_task_job_runner.py:222} INFO - ::endgroup::
