[2024-06-18T05:10:23.489+0000] {local_task_job_runner.py:120} INFO - ::group::Pre task execution logs
[2024-06-18T05:10:23.510+0000] {taskinstance.py:2076} INFO - Dependencies all met for dep_context=non-requeueable deps ti=<TaskInstance: alerting_skipped.check_last_3runs_status scheduled__2024-06-18T05:05:00+00:00 [queued]>
[2024-06-18T05:10:23.518+0000] {taskinstance.py:2076} INFO - Dependencies all met for dep_context=requeueable deps ti=<TaskInstance: alerting_skipped.check_last_3runs_status scheduled__2024-06-18T05:05:00+00:00 [queued]>
[2024-06-18T05:10:23.518+0000] {taskinstance.py:2306} INFO - Starting attempt 1 of 6
[2024-06-18T05:10:23.531+0000] {taskinstance.py:2330} INFO - Executing <Task(PythonOperator): check_last_3runs_status> on 2024-06-18 05:05:00+00:00
[2024-06-18T05:10:23.536+0000] {warnings.py:110} WARNING - /home/***/.local/lib/python3.12/site-packages/***/task/task_runner/standard_task_runner.py:61: DeprecationWarning: This process (pid=49) is multi-threaded, use of fork() may lead to deadlocks in the child.
  pid = os.fork()

[2024-06-18T05:10:23.537+0000] {standard_task_runner.py:63} INFO - Started process 50 to run task
[2024-06-18T05:10:23.538+0000] {standard_task_runner.py:90} INFO - Running: ['***', 'tasks', 'run', 'alerting_skipped', 'check_last_3runs_status', 'scheduled__2024-06-18T05:05:00+00:00', '--job-id', '396', '--raw', '--subdir', 'DAGS_FOLDER/alerting_skipped.py', '--cfg-path', '/tmp/tmpl77p1m84']
[2024-06-18T05:10:23.539+0000] {standard_task_runner.py:91} INFO - Job 396: Subtask check_last_3runs_status
[2024-06-18T05:10:23.581+0000] {task_command.py:426} INFO - Running <TaskInstance: alerting_skipped.check_last_3runs_status scheduled__2024-06-18T05:05:00+00:00 [running]> on host fa5c5d972e05
[2024-06-18T05:10:23.668+0000] {taskinstance.py:2648} INFO - Exporting env vars: AIRFLOW_CTX_DAG_OWNER='***' AIRFLOW_CTX_DAG_ID='alerting_skipped' AIRFLOW_CTX_TASK_ID='check_last_3runs_status' AIRFLOW_CTX_EXECUTION_DATE='2024-06-18T05:05:00+00:00' AIRFLOW_CTX_TRY_NUMBER='1' AIRFLOW_CTX_DAG_RUN_ID='scheduled__2024-06-18T05:05:00+00:00'
[2024-06-18T05:10:23.669+0000] {taskinstance.py:430} INFO - ::endgroup::
[2024-06-18T05:10:23.694+0000] {alerting_skipped.py:35} INFO - Checking the last 3 runs status for DAG: alerting_skipped
[2024-06-18T05:10:23.702+0000] {alerting_skipped.py:42} INFO - DAG Run ID: scheduled__2024-06-18T05:05:00+00:00, Execution Date: 2024-06-18 05:05:00+00:00, State: running
[2024-06-18T05:10:23.712+0000] {alerting_skipped.py:52} INFO - Task Instance State for task1: None
[2024-06-18T05:10:23.712+0000] {alerting_skipped.py:42} INFO - DAG Run ID: scheduled__2024-06-18T05:00:00+00:00, Execution Date: 2024-06-18 05:00:00+00:00, State: success
[2024-06-18T05:10:23.715+0000] {alerting_skipped.py:52} INFO - Task Instance State for task1: skipped
[2024-06-18T05:10:23.715+0000] {alerting_skipped.py:42} INFO - DAG Run ID: manual__2024-06-17T16:52:28.731676+00:00, Execution Date: 2024-06-17 16:52:28.731676+00:00, State: success
[2024-06-18T05:10:23.718+0000] {alerting_skipped.py:52} INFO - Task Instance State for task1: skipped
[2024-06-18T05:10:23.718+0000] {alerting_skipped.py:56} INFO - Task 'task1' has been skipped 2 times in the last 3 runs.
[2024-06-18T05:10:23.719+0000] {python.py:237} INFO - Done. Returned value was: None
[2024-06-18T05:10:23.719+0000] {taskinstance.py:441} INFO - ::group::Post task execution logs
[2024-06-18T05:10:23.727+0000] {taskinstance.py:1206} INFO - Marking task as SUCCESS. dag_id=alerting_skipped, task_id=check_last_3runs_status, run_id=scheduled__2024-06-18T05:05:00+00:00, execution_date=20240618T050500, start_date=20240618T051023, end_date=20240618T051023
[2024-06-18T05:10:23.751+0000] {local_task_job_runner.py:240} INFO - Task exited with return code 0
[2024-06-18T05:10:23.770+0000] {taskinstance.py:3498} INFO - 1 downstream tasks scheduled from follow-on schedule check
[2024-06-18T05:10:23.772+0000] {local_task_job_runner.py:222} INFO - ::endgroup::
[2024-06-18T05:13:07.972+0000] {local_task_job_runner.py:120} INFO - ::group::Pre task execution logs
[2024-06-18T05:13:08.011+0000] {taskinstance.py:2076} INFO - Dependencies all met for dep_context=non-requeueable deps ti=<TaskInstance: alerting_skipped.check_last_3runs_status scheduled__2024-06-18T05:05:00+00:00 [queued]>
[2024-06-18T05:13:08.023+0000] {taskinstance.py:2076} INFO - Dependencies all met for dep_context=requeueable deps ti=<TaskInstance: alerting_skipped.check_last_3runs_status scheduled__2024-06-18T05:05:00+00:00 [queued]>
[2024-06-18T05:13:08.024+0000] {taskinstance.py:2306} INFO - Starting attempt 1 of 6
[2024-06-18T05:13:08.042+0000] {taskinstance.py:2330} INFO - Executing <Task(PythonOperator): check_last_3runs_status> on 2024-06-18 05:05:00+00:00
[2024-06-18T05:13:08.049+0000] {warnings.py:110} WARNING - /home/***/.local/lib/python3.12/site-packages/***/task/task_runner/standard_task_runner.py:61: DeprecationWarning: This process (pid=56) is multi-threaded, use of fork() may lead to deadlocks in the child.
  pid = os.fork()

[2024-06-18T05:13:08.050+0000] {standard_task_runner.py:63} INFO - Started process 58 to run task
[2024-06-18T05:13:08.050+0000] {standard_task_runner.py:90} INFO - Running: ['***', 'tasks', 'run', 'alerting_skipped', 'check_last_3runs_status', 'scheduled__2024-06-18T05:05:00+00:00', '--job-id', '401', '--raw', '--subdir', 'DAGS_FOLDER/alerting_skipped.py', '--cfg-path', '/tmp/tmppsqigztp']
[2024-06-18T05:13:08.051+0000] {standard_task_runner.py:91} INFO - Job 401: Subtask check_last_3runs_status
[2024-06-18T05:13:08.102+0000] {task_command.py:426} INFO - Running <TaskInstance: alerting_skipped.check_last_3runs_status scheduled__2024-06-18T05:05:00+00:00 [running]> on host fa5c5d972e05
[2024-06-18T05:13:08.200+0000] {taskinstance.py:2648} INFO - Exporting env vars: AIRFLOW_CTX_DAG_OWNER='***' AIRFLOW_CTX_DAG_ID='alerting_skipped' AIRFLOW_CTX_TASK_ID='check_last_3runs_status' AIRFLOW_CTX_EXECUTION_DATE='2024-06-18T05:05:00+00:00' AIRFLOW_CTX_TRY_NUMBER='1' AIRFLOW_CTX_DAG_RUN_ID='scheduled__2024-06-18T05:05:00+00:00'
[2024-06-18T05:13:08.201+0000] {taskinstance.py:430} INFO - ::endgroup::
[2024-06-18T05:13:08.214+0000] {alerting_skipped.py:35} INFO - Checking the last 3 runs status for DAG: alerting_skipped
[2024-06-18T05:13:08.223+0000] {alerting_skipped.py:42} INFO - DAG Run ID: manual__2024-06-18T05:13:06.617406+00:00, Execution Date: 2024-06-18 05:13:06.617406+00:00, State: running
[2024-06-18T05:13:08.236+0000] {alerting_skipped.py:52} INFO - Task Instance State for task1: None
[2024-06-18T05:13:08.236+0000] {alerting_skipped.py:42} INFO - DAG Run ID: scheduled__2024-06-18T05:05:00+00:00, Execution Date: 2024-06-18 05:05:00+00:00, State: running
[2024-06-18T05:13:08.239+0000] {alerting_skipped.py:52} INFO - Task Instance State for task1: None
[2024-06-18T05:13:08.240+0000] {alerting_skipped.py:56} INFO - Task 'task1' has been skipped 0 times in the last 3 runs.
[2024-06-18T05:13:08.240+0000] {python.py:237} INFO - Done. Returned value was: None
[2024-06-18T05:13:08.241+0000] {taskinstance.py:441} INFO - ::group::Post task execution logs
[2024-06-18T05:13:08.252+0000] {taskinstance.py:1206} INFO - Marking task as SUCCESS. dag_id=alerting_skipped, task_id=check_last_3runs_status, run_id=scheduled__2024-06-18T05:05:00+00:00, execution_date=20240618T050500, start_date=20240618T051308, end_date=20240618T051308
[2024-06-18T05:13:08.303+0000] {local_task_job_runner.py:240} INFO - Task exited with return code 0
[2024-06-18T05:13:08.332+0000] {taskinstance.py:3498} INFO - 1 downstream tasks scheduled from follow-on schedule check
[2024-06-18T05:13:08.334+0000] {local_task_job_runner.py:222} INFO - ::endgroup::
