[2024-06-18T17:31:46.184+0000] {local_task_job_runner.py:120} INFO - ::group::Pre task execution logs
[2024-06-18T17:31:46.216+0000] {taskinstance.py:2076} INFO - Dependencies all met for dep_context=non-requeueable deps ti=<TaskInstance: alerting_skipped_final.check_previous_run_status scheduled__2024-06-18T17:25:00+00:00 [queued]>
[2024-06-18T17:31:46.227+0000] {taskinstance.py:2076} INFO - Dependencies all met for dep_context=requeueable deps ti=<TaskInstance: alerting_skipped_final.check_previous_run_status scheduled__2024-06-18T17:25:00+00:00 [queued]>
[2024-06-18T17:31:46.228+0000] {taskinstance.py:2306} INFO - Starting attempt 1 of 6
[2024-06-18T17:31:46.247+0000] {taskinstance.py:2330} INFO - Executing <Task(BranchPythonOperator): check_previous_run_status> on 2024-06-18 17:25:00+00:00
[2024-06-18T17:31:46.254+0000] {warnings.py:110} WARNING - /home/***/.local/lib/python3.12/site-packages/***/task/task_runner/standard_task_runner.py:61: DeprecationWarning: This process (pid=104) is multi-threaded, use of fork() may lead to deadlocks in the child.
  pid = os.fork()

[2024-06-18T17:31:46.255+0000] {standard_task_runner.py:63} INFO - Started process 107 to run task
[2024-06-18T17:31:46.256+0000] {standard_task_runner.py:90} INFO - Running: ['***', 'tasks', 'run', 'alerting_skipped_final', 'check_previous_run_status', 'scheduled__2024-06-18T17:25:00+00:00', '--job-id', '851', '--raw', '--subdir', 'DAGS_FOLDER/alerting_skipped.py', '--cfg-path', '/tmp/tmpydnvwstx']
[2024-06-18T17:31:46.257+0000] {standard_task_runner.py:91} INFO - Job 851: Subtask check_previous_run_status
[2024-06-18T17:31:46.314+0000] {task_command.py:426} INFO - Running <TaskInstance: alerting_skipped_final.check_previous_run_status scheduled__2024-06-18T17:25:00+00:00 [running]> on host 9e4d135130fa
[2024-06-18T17:31:46.429+0000] {taskinstance.py:2648} INFO - Exporting env vars: AIRFLOW_CTX_DAG_OWNER='***' AIRFLOW_CTX_DAG_ID='alerting_skipped_final' AIRFLOW_CTX_TASK_ID='check_previous_run_status' AIRFLOW_CTX_EXECUTION_DATE='2024-06-18T17:25:00+00:00' AIRFLOW_CTX_TRY_NUMBER='1' AIRFLOW_CTX_DAG_RUN_ID='scheduled__2024-06-18T17:25:00+00:00'
[2024-06-18T17:31:46.430+0000] {taskinstance.py:430} INFO - ::endgroup::
[2024-06-18T17:31:46.464+0000] {baseoperator.py:399} WARNING - BranchPythonOperator.execute cannot be called outside TaskInstance!
[2024-06-18T17:31:46.464+0000] {logging_mixin.py:188} INFO - Type of result is  <class 'str'>
[2024-06-18T17:31:46.483+0000] {python.py:237} INFO - Done. Returned value was: start_run
[2024-06-18T17:31:46.483+0000] {branch.py:36} INFO - Branch into start_run
[2024-06-18T17:31:46.484+0000] {skipmixin.py:178} INFO - Following branch start_run
[2024-06-18T17:31:46.508+0000] {skipmixin.py:246} INFO - Skipping tasks [('skip_run', -1)]
[2024-06-18T17:31:46.536+0000] {taskinstance.py:441} INFO - ::group::Post task execution logs
[2024-06-18T17:31:46.560+0000] {taskinstance.py:1206} INFO - Marking task as SUCCESS. dag_id=alerting_skipped_final, task_id=check_previous_run_status, run_id=scheduled__2024-06-18T17:25:00+00:00, execution_date=20240618T172500, start_date=20240618T173146, end_date=20240618T173146
[2024-06-18T17:31:46.589+0000] {local_task_job_runner.py:240} INFO - Task exited with return code 0
[2024-06-18T17:31:46.624+0000] {taskinstance.py:3498} INFO - 1 downstream tasks scheduled from follow-on schedule check
[2024-06-18T17:31:46.626+0000] {local_task_job_runner.py:222} INFO - ::endgroup::
