[2024-06-12T05:57:31.486+0000] {local_task_job_runner.py:120} INFO - ::group::Pre task execution logs
[2024-06-12T05:57:31.514+0000] {taskinstance.py:2076} INFO - Dependencies all met for dep_context=non-requeueable deps ti=<TaskInstance: manual_json_to_postgres4.process_json manual__2024-06-12T05:57:30.424659+00:00 [queued]>
[2024-06-12T05:57:31.523+0000] {taskinstance.py:2076} INFO - Dependencies all met for dep_context=requeueable deps ti=<TaskInstance: manual_json_to_postgres4.process_json manual__2024-06-12T05:57:30.424659+00:00 [queued]>
[2024-06-12T05:57:31.524+0000] {taskinstance.py:2306} INFO - Starting attempt 1 of 6
[2024-06-12T05:57:31.540+0000] {taskinstance.py:2330} INFO - Executing <Task(PythonOperator): process_json> on 2024-06-12 05:57:30.424659+00:00
[2024-06-12T05:57:31.546+0000] {warnings.py:110} WARNING - /home/***/.local/lib/python3.12/site-packages/***/task/task_runner/standard_task_runner.py:61: DeprecationWarning: This process (pid=833) is multi-threaded, use of fork() may lead to deadlocks in the child.
  pid = os.fork()

[2024-06-12T05:57:31.548+0000] {standard_task_runner.py:63} INFO - Started process 834 to run task
[2024-06-12T05:57:31.548+0000] {standard_task_runner.py:90} INFO - Running: ['***', 'tasks', 'run', 'manual_json_to_postgres4', 'process_json', 'manual__2024-06-12T05:57:30.424659+00:00', '--job-id', '116', '--raw', '--subdir', 'DAGS_FOLDER/manual_json_to_postgres.py', '--cfg-path', '/tmp/tmp13x2zlos']
[2024-06-12T05:57:31.549+0000] {standard_task_runner.py:91} INFO - Job 116: Subtask process_json
[2024-06-12T05:57:31.595+0000] {task_command.py:426} INFO - Running <TaskInstance: manual_json_to_postgres4.process_json manual__2024-06-12T05:57:30.424659+00:00 [running]> on host 7bea3768514b
[2024-06-12T05:57:31.690+0000] {taskinstance.py:2648} INFO - Exporting env vars: AIRFLOW_CTX_DAG_OWNER='***' AIRFLOW_CTX_DAG_ID='manual_json_to_postgres4' AIRFLOW_CTX_TASK_ID='process_json' AIRFLOW_CTX_EXECUTION_DATE='2024-06-12T05:57:30.424659+00:00' AIRFLOW_CTX_TRY_NUMBER='1' AIRFLOW_CTX_DAG_RUN_ID='manual__2024-06-12T05:57:30.424659+00:00'
[2024-06-12T05:57:31.691+0000] {taskinstance.py:430} INFO - ::endgroup::
[2024-06-12T05:57:31.707+0000] {manual_json_to_postgres.py:44} INFO - Loaded JSON data: [{'name': 'John Doe', 'email': 'john@example.com', 'date': '2023-06-01'}, {'name': 'Jane Smith', 'email': 'jane@example.com', 'date': '2023-06-02'}, {'name': 'nikhil1', 'phoneNumber': '6234567890', 'date': '2022-05-11T10:08:00.026Z', 'email': 'N!k#!1$*@gmail.com'}, {'name': '', 'phoneNumber': '6234567890', 'date': '2022-05-11T10:08:00.026Z', 'email': 'N!k#!1$*@gmail.com'}, {'phoneNumber': '6234567890', 'date': '2022-05-11T10:08:00.026Z', 'email': 'N!k#!1$*@gmail.com'}, {'name': 'nikhil4', 'phoneNumber': '6234567890', 'date': '2022-05-11T10:08:00.026Z', 'email': ''}, {'name': 'nikhil5', 'phoneNumber': '6234567890', 'date': '2022-05-11T10:08:00.026Z'}, {'name': 'nikhil6', 'phoneNumber': '6234567890', 'date': '', 'email': 'N!k#!1$*@gmail.com'}, {'name': 'nikhil7', 'phoneNumber': '6234567890', 'email': 'N!k#!1$*@gmail.com'}]
[2024-06-12T05:57:31.708+0000] {manual_json_to_postgres.py:48} INFO - Filtered valid data: [{'name': 'John Doe', 'email': 'john@example.com', 'date': '2023-06-01'}, {'name': 'Jane Smith', 'email': 'jane@example.com', 'date': '2023-06-02'}, {'name': 'nikhil1', 'phoneNumber': '6234567890', 'date': '2022-05-11T10:08:00.026Z', 'email': 'N!k#!1$*@gmail.com'}, {'name': '', 'phoneNumber': '6234567890', 'date': '2022-05-11T10:08:00.026Z', 'email': 'N!k#!1$*@gmail.com'}, {'name': 'nikhil4', 'phoneNumber': '6234567890', 'date': '2022-05-11T10:08:00.026Z', 'email': ''}, {'name': 'nikhil6', 'phoneNumber': '6234567890', 'date': '', 'email': 'N!k#!1$*@gmail.com'}]
[2024-06-12T05:57:31.708+0000] {manual_json_to_postgres.py:57} INFO - Inserting entry: {'name': 'John Doe', 'email': 'john@example.com', 'date': '2023-06-01'}
[2024-06-12T05:57:31.717+0000] {base.py:84} INFO - Using connection ID 'postgres_conn' for task execution.
[2024-06-12T05:57:31.721+0000] {sql.py:470} INFO - Running statement: 
            INSERT INTO valid_data (name, email, date) VALUES (%s, %s, %s)
            , parameters: ('John Doe', 'john@example.com', '2023-06-01')
[2024-06-12T05:57:31.722+0000] {sql.py:479} INFO - Rows affected: 1
[2024-06-12T05:57:31.730+0000] {manual_json_to_postgres.py:57} INFO - Inserting entry: {'name': 'Jane Smith', 'email': 'jane@example.com', 'date': '2023-06-02'}
[2024-06-12T05:57:31.752+0000] {base.py:84} INFO - Using connection ID 'postgres_conn' for task execution.
[2024-06-12T05:57:31.759+0000] {sql.py:470} INFO - Running statement: 
            INSERT INTO valid_data (name, email, date) VALUES (%s, %s, %s)
            , parameters: ('Jane Smith', 'jane@example.com', '2023-06-02')
[2024-06-12T05:57:31.761+0000] {sql.py:479} INFO - Rows affected: 1
[2024-06-12T05:57:31.763+0000] {manual_json_to_postgres.py:57} INFO - Inserting entry: {'name': 'nikhil1', 'phoneNumber': '6234567890', 'date': '2022-05-11T10:08:00.026Z', 'email': 'N!k#!1$*@gmail.com'}
[2024-06-12T05:57:31.774+0000] {base.py:84} INFO - Using connection ID 'postgres_conn' for task execution.
[2024-06-12T05:57:31.780+0000] {sql.py:470} INFO - Running statement: 
            INSERT INTO valid_data (name, email, date) VALUES (%s, %s, %s)
            , parameters: ('nikhil1', 'N!k#!1$*@gmail.com', '2022-05-11T10:08:00.026Z')
[2024-06-12T05:57:31.782+0000] {sql.py:479} INFO - Rows affected: 1
[2024-06-12T05:57:31.784+0000] {manual_json_to_postgres.py:57} INFO - Inserting entry: {'name': '', 'phoneNumber': '6234567890', 'date': '2022-05-11T10:08:00.026Z', 'email': 'N!k#!1$*@gmail.com'}
[2024-06-12T05:57:31.792+0000] {base.py:84} INFO - Using connection ID 'postgres_conn' for task execution.
[2024-06-12T05:57:31.797+0000] {sql.py:470} INFO - Running statement: 
            INSERT INTO valid_data (name, email, date) VALUES (%s, %s, %s)
            , parameters: ('', 'N!k#!1$*@gmail.com', '2022-05-11T10:08:00.026Z')
[2024-06-12T05:57:31.798+0000] {sql.py:479} INFO - Rows affected: 1
[2024-06-12T05:57:31.800+0000] {manual_json_to_postgres.py:57} INFO - Inserting entry: {'name': 'nikhil4', 'phoneNumber': '6234567890', 'date': '2022-05-11T10:08:00.026Z', 'email': ''}
[2024-06-12T05:57:31.808+0000] {base.py:84} INFO - Using connection ID 'postgres_conn' for task execution.
[2024-06-12T05:57:31.812+0000] {sql.py:470} INFO - Running statement: 
            INSERT INTO valid_data (name, email, date) VALUES (%s, %s, %s)
            , parameters: ('nikhil4', '', '2022-05-11T10:08:00.026Z')
[2024-06-12T05:57:31.813+0000] {sql.py:479} INFO - Rows affected: 1
[2024-06-12T05:57:31.814+0000] {manual_json_to_postgres.py:57} INFO - Inserting entry: {'name': 'nikhil6', 'phoneNumber': '6234567890', 'date': '', 'email': 'N!k#!1$*@gmail.com'}
[2024-06-12T05:57:31.821+0000] {base.py:84} INFO - Using connection ID 'postgres_conn' for task execution.
[2024-06-12T05:57:31.826+0000] {sql.py:470} INFO - Running statement: 
            INSERT INTO valid_data (name, email, date) VALUES (%s, %s, %s)
            , parameters: ('nikhil6', 'N!k#!1$*@gmail.com', '')
[2024-06-12T05:57:31.827+0000] {manual_json_to_postgres.py:64} ERROR - Error processing JSON data: invalid input syntax for type timestamp: ""
LINE 2: ...e, email, date) VALUES ('nikhil6', 'N!k#!1$*@gmail.com', '')
                                                                    ^

[2024-06-12T05:57:31.827+0000] {python.py:237} INFO - Done. Returned value was: None
[2024-06-12T05:57:31.829+0000] {taskinstance.py:441} INFO - ::group::Post task execution logs
[2024-06-12T05:57:31.842+0000] {taskinstance.py:1206} INFO - Marking task as SUCCESS. dag_id=manual_json_to_postgres4, task_id=process_json, run_id=manual__2024-06-12T05:57:30.424659+00:00, execution_date=20240612T055730, start_date=20240612T055731, end_date=20240612T055731
[2024-06-12T05:57:31.882+0000] {local_task_job_runner.py:240} INFO - Task exited with return code 0
[2024-06-12T05:57:31.933+0000] {taskinstance.py:3498} INFO - 0 downstream tasks scheduled from follow-on schedule check
[2024-06-12T05:57:31.936+0000] {local_task_job_runner.py:222} INFO - ::endgroup::
