[2024-06-18T07:00:03.485+0000] {local_task_job_runner.py:120} INFO - ::group::Pre task execution logs
[2024-06-18T07:00:03.514+0000] {taskinstance.py:2076} INFO - Dependencies all met for dep_context=non-requeueable deps ti=<TaskInstance: alerting_skipped.check_status scheduled__2024-06-18T06:55:00+00:00 [queued]>
[2024-06-18T07:00:03.525+0000] {taskinstance.py:2076} INFO - Dependencies all met for dep_context=requeueable deps ti=<TaskInstance: alerting_skipped.check_status scheduled__2024-06-18T06:55:00+00:00 [queued]>
[2024-06-18T07:00:03.525+0000] {taskinstance.py:2306} INFO - Starting attempt 1 of 6
[2024-06-18T07:00:03.541+0000] {taskinstance.py:2330} INFO - Executing <Task(BranchPythonOperator): check_status> on 2024-06-18 06:55:00+00:00
[2024-06-18T07:00:03.546+0000] {warnings.py:110} WARNING - /home/***/.local/lib/python3.12/site-packages/***/task/task_runner/standard_task_runner.py:61: DeprecationWarning: This process (pid=1395) is multi-threaded, use of fork() may lead to deadlocks in the child.
  pid = os.fork()

[2024-06-18T07:00:03.547+0000] {standard_task_runner.py:63} INFO - Started process 1396 to run task
[2024-06-18T07:00:03.548+0000] {standard_task_runner.py:90} INFO - Running: ['***', 'tasks', 'run', 'alerting_skipped', 'check_status', 'scheduled__2024-06-18T06:55:00+00:00', '--job-id', '424', '--raw', '--subdir', 'DAGS_FOLDER/alerting_skipped.py', '--cfg-path', '/tmp/tmp_zum9ulu']
[2024-06-18T07:00:03.549+0000] {standard_task_runner.py:91} INFO - Job 424: Subtask check_status
[2024-06-18T07:00:03.598+0000] {task_command.py:426} INFO - Running <TaskInstance: alerting_skipped.check_status scheduled__2024-06-18T06:55:00+00:00 [running]> on host fa5c5d972e05
[2024-06-18T07:00:03.716+0000] {taskinstance.py:2648} INFO - Exporting env vars: AIRFLOW_CTX_DAG_OWNER='***' AIRFLOW_CTX_DAG_ID='alerting_skipped' AIRFLOW_CTX_TASK_ID='check_status' AIRFLOW_CTX_EXECUTION_DATE='2024-06-18T06:55:00+00:00' AIRFLOW_CTX_TRY_NUMBER='1' AIRFLOW_CTX_DAG_RUN_ID='scheduled__2024-06-18T06:55:00+00:00'
[2024-06-18T07:00:03.717+0000] {taskinstance.py:430} INFO - ::endgroup::
[2024-06-18T07:00:03.734+0000] {baseoperator.py:399} WARNING - BranchPythonOperator.execute cannot be called outside TaskInstance!
[2024-06-18T07:00:03.735+0000] {helper_functions.py:13} ERROR - Failed to run alerting_skipped with task skip_run: This task is skipped on purpose
[2024-06-18T07:00:03.735+0000] {python.py:237} INFO - Done. Returned value was: start_run
[2024-06-18T07:00:03.735+0000] {branch.py:36} INFO - Branch into start_run
[2024-06-18T07:00:03.736+0000] {skipmixin.py:178} INFO - Following branch start_run
[2024-06-18T07:00:03.752+0000] {skipmixin.py:246} INFO - Skipping tasks [('skip_run', -1)]
[2024-06-18T07:00:03.780+0000] {taskinstance.py:441} INFO - ::group::Post task execution logs
[2024-06-18T07:00:03.801+0000] {taskinstance.py:1206} INFO - Marking task as SUCCESS. dag_id=alerting_skipped, task_id=check_status, run_id=scheduled__2024-06-18T06:55:00+00:00, execution_date=20240618T065500, start_date=20240618T070003, end_date=20240618T070003
[2024-06-18T07:00:03.841+0000] {local_task_job_runner.py:240} INFO - Task exited with return code 0
[2024-06-18T07:00:03.871+0000] {taskinstance.py:3498} INFO - 0 downstream tasks scheduled from follow-on schedule check
[2024-06-18T07:00:03.873+0000] {local_task_job_runner.py:222} INFO - ::endgroup::
