[2024-06-24T12:07:11.223+0000] {local_task_job_runner.py:120} INFO - ::group::Pre task execution logs
[2024-06-24T12:07:11.252+0000] {taskinstance.py:2076} INFO - Dependencies all met for dep_context=non-requeueable deps ti=<TaskInstance: alerting_all_dags_using_apis.get_all_dagruns_task_instances manual__2024-06-24T12:07:06.654962+00:00 [queued]>
[2024-06-24T12:07:11.266+0000] {taskinstance.py:2076} INFO - Dependencies all met for dep_context=requeueable deps ti=<TaskInstance: alerting_all_dags_using_apis.get_all_dagruns_task_instances manual__2024-06-24T12:07:06.654962+00:00 [queued]>
[2024-06-24T12:07:11.266+0000] {taskinstance.py:2306} INFO - Starting attempt 1 of 6
[2024-06-24T12:07:11.283+0000] {taskinstance.py:2330} INFO - Executing <Task(PythonOperator): get_all_dagruns_task_instances> on 2024-06-24 12:07:06.654962+00:00
[2024-06-24T12:07:11.288+0000] {warnings.py:110} WARNING - /home/***/.local/lib/python3.12/site-packages/***/task/task_runner/standard_task_runner.py:61: DeprecationWarning: This process (pid=4090) is multi-threaded, use of fork() may lead to deadlocks in the child.
  pid = os.fork()

[2024-06-24T12:07:11.289+0000] {standard_task_runner.py:63} INFO - Started process 4091 to run task
[2024-06-24T12:07:11.290+0000] {standard_task_runner.py:90} INFO - Running: ['***', 'tasks', 'run', 'alerting_all_dags_using_apis', 'get_all_dagruns_task_instances', 'manual__2024-06-24T12:07:06.654962+00:00', '--job-id', '3624', '--raw', '--subdir', 'DAGS_FOLDER/alerting_all_dags_using_apis.py', '--cfg-path', '/tmp/tmpxttoltyy']
[2024-06-24T12:07:11.291+0000] {standard_task_runner.py:91} INFO - Job 3624: Subtask get_all_dagruns_task_instances
[2024-06-24T12:07:11.341+0000] {task_command.py:426} INFO - Running <TaskInstance: alerting_all_dags_using_apis.get_all_dagruns_task_instances manual__2024-06-24T12:07:06.654962+00:00 [running]> on host bf895605831d
[2024-06-24T12:07:11.482+0000] {taskinstance.py:2648} INFO - Exporting env vars: AIRFLOW_CTX_DAG_OWNER='***' AIRFLOW_CTX_DAG_ID='alerting_all_dags_using_apis' AIRFLOW_CTX_TASK_ID='get_all_dagruns_task_instances' AIRFLOW_CTX_EXECUTION_DATE='2024-06-24T12:07:06.654962+00:00' AIRFLOW_CTX_TRY_NUMBER='1' AIRFLOW_CTX_DAG_RUN_ID='manual__2024-06-24T12:07:06.654962+00:00'
[2024-06-24T12:07:11.483+0000] {taskinstance.py:430} INFO - ::endgroup::
[2024-06-24T12:07:11.506+0000] {helper_functions.py:250} ERROR - Failed to get task instances for all DAG runs: 'NoneType' object has no attribute 'items'
Traceback (most recent call last):
  File "/opt/airflow/dags/helper_functions.py", line 237, in get_all_dagruns_task_instances
    for dag_id, dag_run_ids in run_ids.items():
                               ^^^^^^^^^^^^^
AttributeError: 'NoneType' object has no attribute 'items'
[2024-06-24T12:07:11.508+0000] {python.py:237} INFO - Done. Returned value was: None
[2024-06-24T12:07:11.508+0000] {taskinstance.py:441} INFO - ::group::Post task execution logs
[2024-06-24T12:07:11.518+0000] {taskinstance.py:1206} INFO - Marking task as SUCCESS. dag_id=alerting_all_dags_using_apis, task_id=get_all_dagruns_task_instances, run_id=manual__2024-06-24T12:07:06.654962+00:00, execution_date=20240624T120706, start_date=20240624T120711, end_date=20240624T120711
[2024-06-24T12:07:11.543+0000] {local_task_job_runner.py:240} INFO - Task exited with return code 0
[2024-06-24T12:07:11.573+0000] {taskinstance.py:3498} INFO - 1 downstream tasks scheduled from follow-on schedule check
[2024-06-24T12:07:11.575+0000] {local_task_job_runner.py:222} INFO - ::endgroup::
