[2024-06-12T05:42:41.509+0000] {local_task_job_runner.py:120} INFO - ::group::Pre task execution logs
[2024-06-12T05:42:41.534+0000] {taskinstance.py:2076} INFO - Dependencies all met for dep_context=non-requeueable deps ti=<TaskInstance: create_table.create_table scheduled__2024-06-11T00:00:00+00:00 [queued]>
[2024-06-12T05:42:41.544+0000] {taskinstance.py:2076} INFO - Dependencies all met for dep_context=requeueable deps ti=<TaskInstance: create_table.create_table scheduled__2024-06-11T00:00:00+00:00 [queued]>
[2024-06-12T05:42:41.545+0000] {taskinstance.py:2306} INFO - Starting attempt 1 of 6
[2024-06-12T05:42:41.560+0000] {taskinstance.py:2330} INFO - Executing <Task(PythonOperator): create_table> on 2024-06-11 00:00:00+00:00
[2024-06-12T05:42:41.565+0000] {warnings.py:110} WARNING - /home/***/.local/lib/python3.12/site-packages/***/task/task_runner/standard_task_runner.py:61: DeprecationWarning: This process (pid=634) is multi-threaded, use of fork() may lead to deadlocks in the child.
  pid = os.fork()

[2024-06-12T05:42:41.565+0000] {standard_task_runner.py:63} INFO - Started process 635 to run task
[2024-06-12T05:42:41.566+0000] {standard_task_runner.py:90} INFO - Running: ['***', 'tasks', 'run', 'create_table', 'create_table', 'scheduled__2024-06-11T00:00:00+00:00', '--job-id', '110', '--raw', '--subdir', 'DAGS_FOLDER/create_table.py', '--cfg-path', '/tmp/tmp6twkvvsp']
[2024-06-12T05:42:41.567+0000] {standard_task_runner.py:91} INFO - Job 110: Subtask create_table
[2024-06-12T05:42:41.605+0000] {task_command.py:426} INFO - Running <TaskInstance: create_table.create_table scheduled__2024-06-11T00:00:00+00:00 [running]> on host 7bea3768514b
[2024-06-12T05:42:41.683+0000] {taskinstance.py:2648} INFO - Exporting env vars: AIRFLOW_CTX_DAG_OWNER='***' AIRFLOW_CTX_DAG_ID='create_table' AIRFLOW_CTX_TASK_ID='create_table' AIRFLOW_CTX_EXECUTION_DATE='2024-06-11T00:00:00+00:00' AIRFLOW_CTX_TRY_NUMBER='1' AIRFLOW_CTX_DAG_RUN_ID='scheduled__2024-06-11T00:00:00+00:00'
[2024-06-12T05:42:41.683+0000] {taskinstance.py:430} INFO - ::endgroup::
[2024-06-12T05:42:41.703+0000] {base.py:84} INFO - Using connection ID 'postgres_conn' for task execution.
[2024-06-12T05:42:41.706+0000] {sql.py:470} INFO - Running statement: 
    CREATE TABLE IF NOT EXISTS valid_data (
        id SERIAL PRIMARY KEY,
        name VARCHAR(255) NOT NULL,
        email VARCHAR(255) NOT NULL,
        date TIMESTAMP NOT NULL
    );
    , parameters: None
[2024-06-12T05:42:41.712+0000] {python.py:237} INFO - Done. Returned value was: None
[2024-06-12T05:42:41.713+0000] {taskinstance.py:441} INFO - ::group::Post task execution logs
[2024-06-12T05:42:41.721+0000] {taskinstance.py:1206} INFO - Marking task as SUCCESS. dag_id=create_table, task_id=create_table, run_id=scheduled__2024-06-11T00:00:00+00:00, execution_date=20240611T000000, start_date=20240612T054241, end_date=20240612T054241
[2024-06-12T05:42:41.739+0000] {local_task_job_runner.py:240} INFO - Task exited with return code 0
[2024-06-12T05:42:41.766+0000] {taskinstance.py:3498} INFO - 0 downstream tasks scheduled from follow-on schedule check
[2024-06-12T05:42:41.767+0000] {local_task_job_runner.py:222} INFO - ::endgroup::
[2024-06-12T06:08:16.134+0000] {local_task_job_runner.py:120} INFO - ::group::Pre task execution logs
[2024-06-12T06:08:16.156+0000] {taskinstance.py:2076} INFO - Dependencies all met for dep_context=non-requeueable deps ti=<TaskInstance: create_table.create_table scheduled__2024-06-11T00:00:00+00:00 [queued]>
[2024-06-12T06:08:16.164+0000] {taskinstance.py:2076} INFO - Dependencies all met for dep_context=requeueable deps ti=<TaskInstance: create_table.create_table scheduled__2024-06-11T00:00:00+00:00 [queued]>
[2024-06-12T06:08:16.164+0000] {taskinstance.py:2306} INFO - Starting attempt 1 of 6
[2024-06-12T06:08:16.178+0000] {taskinstance.py:2330} INFO - Executing <Task(PythonOperator): create_table> on 2024-06-11 00:00:00+00:00
[2024-06-12T06:08:16.183+0000] {warnings.py:110} WARNING - /home/***/.local/lib/python3.12/site-packages/***/task/task_runner/standard_task_runner.py:61: DeprecationWarning: This process (pid=977) is multi-threaded, use of fork() may lead to deadlocks in the child.
  pid = os.fork()

[2024-06-12T06:08:16.184+0000] {standard_task_runner.py:63} INFO - Started process 978 to run task
[2024-06-12T06:08:16.184+0000] {standard_task_runner.py:90} INFO - Running: ['***', 'tasks', 'run', 'create_table', 'create_table', 'scheduled__2024-06-11T00:00:00+00:00', '--job-id', '117', '--raw', '--subdir', 'DAGS_FOLDER/create_table.py', '--cfg-path', '/tmp/tmpj6vc4zef']
[2024-06-12T06:08:16.185+0000] {standard_task_runner.py:91} INFO - Job 117: Subtask create_table
[2024-06-12T06:08:16.223+0000] {task_command.py:426} INFO - Running <TaskInstance: create_table.create_table scheduled__2024-06-11T00:00:00+00:00 [running]> on host 7bea3768514b
[2024-06-12T06:08:16.320+0000] {taskinstance.py:2648} INFO - Exporting env vars: AIRFLOW_CTX_DAG_OWNER='***' AIRFLOW_CTX_DAG_ID='create_table' AIRFLOW_CTX_TASK_ID='create_table' AIRFLOW_CTX_EXECUTION_DATE='2024-06-11T00:00:00+00:00' AIRFLOW_CTX_TRY_NUMBER='1' AIRFLOW_CTX_DAG_RUN_ID='scheduled__2024-06-11T00:00:00+00:00'
[2024-06-12T06:08:16.321+0000] {taskinstance.py:430} INFO - ::endgroup::
[2024-06-12T06:08:16.354+0000] {base.py:84} INFO - Using connection ID 'postgres_conn' for task execution.
[2024-06-12T06:08:16.359+0000] {sql.py:470} INFO - Running statement: 
    CREATE TABLE IF NOT EXISTS valid_data (
        id SERIAL PRIMARY KEY,
        name VARCHAR(255) NOT NULL,
        email VARCHAR(255) NOT NULL,
        date TIMESTAMP NOT NULL
    );
    , parameters: None
[2024-06-12T06:08:16.369+0000] {python.py:237} INFO - Done. Returned value was: None
[2024-06-12T06:08:16.371+0000] {taskinstance.py:441} INFO - ::group::Post task execution logs
[2024-06-12T06:08:16.384+0000] {taskinstance.py:1206} INFO - Marking task as SUCCESS. dag_id=create_table, task_id=create_table, run_id=scheduled__2024-06-11T00:00:00+00:00, execution_date=20240611T000000, start_date=20240612T060816, end_date=20240612T060816
[2024-06-12T06:08:16.437+0000] {local_task_job_runner.py:240} INFO - Task exited with return code 0
[2024-06-12T06:08:16.460+0000] {taskinstance.py:3498} INFO - 0 downstream tasks scheduled from follow-on schedule check
[2024-06-12T06:08:16.462+0000] {local_task_job_runner.py:222} INFO - ::endgroup::
