[2024-06-27T05:50:05.695+0000] {local_task_job_runner.py:120} INFO - ::group::Pre task execution logs
[2024-06-27T05:50:05.720+0000] {taskinstance.py:2076} INFO - Dependencies all met for dep_context=non-requeueable deps ti=<TaskInstance: demo_dag_for_alerting_final.check_data_in_stream scheduled__2024-06-27T05:49:00+00:00 [queued]>
[2024-06-27T05:50:05.731+0000] {taskinstance.py:2076} INFO - Dependencies all met for dep_context=requeueable deps ti=<TaskInstance: demo_dag_for_alerting_final.check_data_in_stream scheduled__2024-06-27T05:49:00+00:00 [queued]>
[2024-06-27T05:50:05.731+0000] {taskinstance.py:2306} INFO - Starting attempt 1 of 6
[2024-06-27T05:50:05.748+0000] {taskinstance.py:2330} INFO - Executing <Task(BranchPythonOperator): check_data_in_stream> on 2024-06-27 05:49:00+00:00
[2024-06-27T05:50:05.753+0000] {warnings.py:110} WARNING - /home/***/.local/lib/python3.12/site-packages/***/task/task_runner/standard_task_runner.py:61: DeprecationWarning: This process (pid=1250) is multi-threaded, use of fork() may lead to deadlocks in the child.
  pid = os.fork()

[2024-06-27T05:50:05.754+0000] {standard_task_runner.py:63} INFO - Started process 1251 to run task
[2024-06-27T05:50:05.755+0000] {standard_task_runner.py:90} INFO - Running: ['***', 'tasks', 'run', 'demo_dag_for_alerting_final', 'check_data_in_stream', 'scheduled__2024-06-27T05:49:00+00:00', '--job-id', '4676', '--raw', '--subdir', 'DAGS_FOLDER/demo_dag_for_alerting.py', '--cfg-path', '/tmp/tmpn4tfylg6']
[2024-06-27T05:50:05.756+0000] {standard_task_runner.py:91} INFO - Job 4676: Subtask check_data_in_stream
[2024-06-27T05:50:05.807+0000] {task_command.py:426} INFO - Running <TaskInstance: demo_dag_for_alerting_final.check_data_in_stream scheduled__2024-06-27T05:49:00+00:00 [running]> on host eeacb89bcfc1
[2024-06-27T05:50:05.904+0000] {taskinstance.py:2648} INFO - Exporting env vars: AIRFLOW_CTX_DAG_OWNER='***' AIRFLOW_CTX_DAG_ID='demo_dag_for_alerting_final' AIRFLOW_CTX_TASK_ID='check_data_in_stream' AIRFLOW_CTX_EXECUTION_DATE='2024-06-27T05:49:00+00:00' AIRFLOW_CTX_TRY_NUMBER='1' AIRFLOW_CTX_DAG_RUN_ID='scheduled__2024-06-27T05:49:00+00:00'
[2024-06-27T05:50:05.905+0000] {taskinstance.py:430} INFO - ::endgroup::
[2024-06-27T05:50:05.917+0000] {baseoperator.py:399} WARNING - BranchPythonOperator.execute cannot be called outside TaskInstance!
[2024-06-27T05:50:05.918+0000] {helper_functions.py:134} INFO - Reading encrypted details from ('/opt/***/dags/postgres_connection.py', '/opt/***/dags/***_api_configuration.py')
[2024-06-27T05:50:05.923+0000] {helper_functions.py:137} INFO - Decrypted postgres connection: {'user': '***', 'password': '***', 'dbname': '***', 'host': '172.240.2.2', 'port': '5432'}
[2024-06-27T05:50:05.925+0000] {helper_functions.py:98} INFO - Executing create table SQL
[2024-06-27T05:50:05.926+0000] {helper_functions.py:102} INFO - Checking existing record for dag_id and task_id
[2024-06-27T05:50:05.927+0000] {helper_functions.py:108} INFO - Updating skip count for demo_dag_for_alerting_final - check_data_in_stream
[2024-06-27T05:50:05.930+0000] {python.py:237} INFO - Done. Returned value was: skipped_due_to_data_unavailability
[2024-06-27T05:50:05.930+0000] {branch.py:36} INFO - Branch into skipped_due_to_data_unavailability
[2024-06-27T05:50:05.931+0000] {skipmixin.py:178} INFO - Following branch skipped_due_to_data_unavailability
[2024-06-27T05:50:05.948+0000] {skipmixin.py:246} INFO - Skipping tasks [('insert_new_record_into_audit_table', -1)]
[2024-06-27T05:50:05.967+0000] {taskinstance.py:441} INFO - ::group::Post task execution logs
[2024-06-27T05:50:05.983+0000] {taskinstance.py:1206} INFO - Marking task as SUCCESS. dag_id=demo_dag_for_alerting_final, task_id=check_data_in_stream, run_id=scheduled__2024-06-27T05:49:00+00:00, execution_date=20240627T054900, start_date=20240627T055005, end_date=20240627T055005
[2024-06-27T05:50:06.008+0000] {local_task_job_runner.py:240} INFO - Task exited with return code 0
[2024-06-27T05:50:06.038+0000] {taskinstance.py:3498} INFO - 1 downstream tasks scheduled from follow-on schedule check
[2024-06-27T05:50:06.041+0000] {local_task_job_runner.py:222} INFO - ::endgroup::
