[2024-06-25T13:09:07.636+0000] {local_task_job_runner.py:120} INFO - ::group::Pre task execution logs
[2024-06-25T13:09:07.678+0000] {taskinstance.py:2076} INFO - Dependencies all met for dep_context=non-requeueable deps ti=<TaskInstance: demo_dag_for_alerting_apis_final.skip_run scheduled__2024-06-25T13:06:00+00:00 [queued]>
[2024-06-25T13:09:07.694+0000] {taskinstance.py:2076} INFO - Dependencies all met for dep_context=requeueable deps ti=<TaskInstance: demo_dag_for_alerting_apis_final.skip_run scheduled__2024-06-25T13:06:00+00:00 [queued]>
[2024-06-25T13:09:07.695+0000] {taskinstance.py:2306} INFO - Starting attempt 3 of 6
[2024-06-25T13:09:07.718+0000] {taskinstance.py:2330} INFO - Executing <Task(PythonOperator): skip_run> on 2024-06-25 13:06:00+00:00
[2024-06-25T13:09:07.725+0000] {warnings.py:110} WARNING - /home/***/.local/lib/python3.12/site-packages/***/task/task_runner/standard_task_runner.py:61: DeprecationWarning: This process (pid=2181) is multi-threaded, use of fork() may lead to deadlocks in the child.
  pid = os.fork()

[2024-06-25T13:09:07.727+0000] {standard_task_runner.py:63} INFO - Started process 2183 to run task
[2024-06-25T13:09:07.727+0000] {standard_task_runner.py:90} INFO - Running: ['***', 'tasks', 'run', 'demo_dag_for_alerting_apis_final', 'skip_run', 'scheduled__2024-06-25T13:06:00+00:00', '--job-id', '4003', '--raw', '--subdir', 'DAGS_FOLDER/demo_dag_for_alerting_apis.py', '--cfg-path', '/tmp/tmp7uhkmi22']
[2024-06-25T13:09:07.728+0000] {standard_task_runner.py:91} INFO - Job 4003: Subtask skip_run
[2024-06-25T13:09:07.792+0000] {task_command.py:426} INFO - Running <TaskInstance: demo_dag_for_alerting_apis_final.skip_run scheduled__2024-06-25T13:06:00+00:00 [running]> on host ced2311e92d2
[2024-06-25T13:09:07.948+0000] {taskinstance.py:2648} INFO - Exporting env vars: AIRFLOW_CTX_DAG_OWNER='***' AIRFLOW_CTX_DAG_ID='demo_dag_for_alerting_apis_final' AIRFLOW_CTX_TASK_ID='skip_run' AIRFLOW_CTX_EXECUTION_DATE='2024-06-25T13:06:00+00:00' AIRFLOW_CTX_TRY_NUMBER='3' AIRFLOW_CTX_DAG_RUN_ID='scheduled__2024-06-25T13:06:00+00:00'
[2024-06-25T13:09:07.950+0000] {taskinstance.py:430} INFO - ::endgroup::
[2024-06-25T13:09:08.386+0000] {helper_functions.py:195} INFO - ['scheduled__2024-06-25T13:08:00+00:00', 'manual__2024-06-25T13:08:53.649199+00:00', 'scheduled__2024-06-25T13:07:00+00:00']
[2024-06-25T13:09:09.750+0000] {helper_functions.py:205} INFO - ['success', 'success', 'success']
[2024-06-25T13:09:09.752+0000] {python.py:237} INFO - Done. Returned value was: None
[2024-06-25T13:09:09.752+0000] {taskinstance.py:441} INFO - ::group::Post task execution logs
[2024-06-25T13:09:09.772+0000] {taskinstance.py:1206} INFO - Marking task as SUCCESS. dag_id=demo_dag_for_alerting_apis_final, task_id=skip_run, run_id=scheduled__2024-06-25T13:06:00+00:00, execution_date=20240625T130600, start_date=20240625T130907, end_date=20240625T130909
[2024-06-25T13:09:09.917+0000] {local_task_job_runner.py:240} INFO - Task exited with return code 0
[2024-06-25T13:09:09.958+0000] {taskinstance.py:3498} INFO - 0 downstream tasks scheduled from follow-on schedule check
[2024-06-25T13:09:09.965+0000] {local_task_job_runner.py:222} INFO - ::endgroup::
