[2024-06-25T13:09:11.810+0000] {local_task_job_runner.py:120} INFO - ::group::Pre task execution logs
[2024-06-25T13:09:11.911+0000] {taskinstance.py:2076} INFO - Dependencies all met for dep_context=non-requeueable deps ti=<TaskInstance: demo_dag_for_alerting_apis_final.skip_run scheduled__2024-06-25T13:03:00+00:00 [queued]>
[2024-06-25T13:09:11.946+0000] {taskinstance.py:2076} INFO - Dependencies all met for dep_context=requeueable deps ti=<TaskInstance: demo_dag_for_alerting_apis_final.skip_run scheduled__2024-06-25T13:03:00+00:00 [queued]>
[2024-06-25T13:09:11.948+0000] {taskinstance.py:2306} INFO - Starting attempt 6 of 6
[2024-06-25T13:09:11.979+0000] {taskinstance.py:2330} INFO - Executing <Task(PythonOperator): skip_run> on 2024-06-25 13:03:00+00:00
[2024-06-25T13:09:11.992+0000] {warnings.py:110} WARNING - /home/***/.local/lib/python3.12/site-packages/***/task/task_runner/standard_task_runner.py:61: DeprecationWarning: This process (pid=2189) is multi-threaded, use of fork() may lead to deadlocks in the child.
  pid = os.fork()

[2024-06-25T13:09:11.994+0000] {standard_task_runner.py:63} INFO - Started process 2190 to run task
[2024-06-25T13:09:11.995+0000] {standard_task_runner.py:90} INFO - Running: ['***', 'tasks', 'run', 'demo_dag_for_alerting_apis_final', 'skip_run', 'scheduled__2024-06-25T13:03:00+00:00', '--job-id', '4007', '--raw', '--subdir', 'DAGS_FOLDER/demo_dag_for_alerting_apis.py', '--cfg-path', '/tmp/tmpggslwetq']
[2024-06-25T13:09:11.997+0000] {standard_task_runner.py:91} INFO - Job 4007: Subtask skip_run
[2024-06-25T13:09:12.089+0000] {task_command.py:426} INFO - Running <TaskInstance: demo_dag_for_alerting_apis_final.skip_run scheduled__2024-06-25T13:03:00+00:00 [running]> on host ced2311e92d2
[2024-06-25T13:09:12.436+0000] {taskinstance.py:2648} INFO - Exporting env vars: AIRFLOW_CTX_DAG_OWNER='***' AIRFLOW_CTX_DAG_ID='demo_dag_for_alerting_apis_final' AIRFLOW_CTX_TASK_ID='skip_run' AIRFLOW_CTX_EXECUTION_DATE='2024-06-25T13:03:00+00:00' AIRFLOW_CTX_TRY_NUMBER='6' AIRFLOW_CTX_DAG_RUN_ID='scheduled__2024-06-25T13:03:00+00:00'
[2024-06-25T13:09:12.437+0000] {taskinstance.py:430} INFO - ::endgroup::
[2024-06-25T13:09:12.865+0000] {helper_functions.py:195} INFO - ['scheduled__2024-06-25T13:08:00+00:00', 'manual__2024-06-25T13:08:53.649199+00:00', 'scheduled__2024-06-25T13:07:00+00:00']
[2024-06-25T13:09:13.720+0000] {helper_functions.py:205} INFO - ['success', 'success', 'success']
[2024-06-25T13:09:13.721+0000] {python.py:237} INFO - Done. Returned value was: None
[2024-06-25T13:09:13.722+0000] {taskinstance.py:441} INFO - ::group::Post task execution logs
[2024-06-25T13:09:13.732+0000] {taskinstance.py:1206} INFO - Marking task as SUCCESS. dag_id=demo_dag_for_alerting_apis_final, task_id=skip_run, run_id=scheduled__2024-06-25T13:03:00+00:00, execution_date=20240625T130300, start_date=20240625T130911, end_date=20240625T130913
[2024-06-25T13:09:13.789+0000] {local_task_job_runner.py:240} INFO - Task exited with return code 0
[2024-06-25T13:09:13.809+0000] {taskinstance.py:3498} INFO - 0 downstream tasks scheduled from follow-on schedule check
[2024-06-25T13:09:13.812+0000] {local_task_job_runner.py:222} INFO - ::endgroup::
