[2024-06-16T07:25:34.824+0000] {local_task_job_runner.py:120} INFO - ::group::Pre task execution logs
[2024-06-16T07:25:34.859+0000] {taskinstance.py:2076} INFO - Dependencies all met for dep_context=non-requeueable deps ti=<TaskInstance: airflow_example.insert_json scheduled__2024-06-15T00:00:00+00:00 [queued]>
[2024-06-16T07:25:34.873+0000] {taskinstance.py:2076} INFO - Dependencies all met for dep_context=requeueable deps ti=<TaskInstance: airflow_example.insert_json scheduled__2024-06-15T00:00:00+00:00 [queued]>
[2024-06-16T07:25:34.873+0000] {taskinstance.py:2306} INFO - Starting attempt 1 of 6
[2024-06-16T07:25:34.899+0000] {taskinstance.py:2330} INFO - Executing <Task(PythonOperator): insert_json> on 2024-06-15 00:00:00+00:00
[2024-06-16T07:25:34.906+0000] {warnings.py:110} WARNING - /home/***/.local/lib/python3.12/site-packages/***/task/task_runner/standard_task_runner.py:61: DeprecationWarning: This process (pid=5157) is multi-threaded, use of fork() may lead to deadlocks in the child.
  pid = os.fork()

[2024-06-16T07:25:34.908+0000] {standard_task_runner.py:63} INFO - Started process 5165 to run task
[2024-06-16T07:25:34.908+0000] {standard_task_runner.py:90} INFO - Running: ['***', 'tasks', 'run', '***_example', 'insert_json', 'scheduled__2024-06-15T00:00:00+00:00', '--job-id', '286', '--raw', '--subdir', 'DAGS_FOLDER/file_jsons_to_postgres.py', '--cfg-path', '/tmp/tmpxiluqsv1']
[2024-06-16T07:25:34.909+0000] {standard_task_runner.py:91} INFO - Job 286: Subtask insert_json
[2024-06-16T07:25:34.963+0000] {task_command.py:426} INFO - Running <TaskInstance: airflow_example.insert_json scheduled__2024-06-15T00:00:00+00:00 [running]> on host 8cc8d7c9eee4
[2024-06-16T07:25:35.077+0000] {taskinstance.py:2648} INFO - Exporting env vars: AIRFLOW_CTX_DAG_OWNER='***' AIRFLOW_CTX_DAG_ID='***_example' AIRFLOW_CTX_TASK_ID='insert_json' AIRFLOW_CTX_EXECUTION_DATE='2024-06-15T00:00:00+00:00' AIRFLOW_CTX_TRY_NUMBER='1' AIRFLOW_CTX_DAG_RUN_ID='scheduled__2024-06-15T00:00:00+00:00'
[2024-06-16T07:25:35.077+0000] {taskinstance.py:430} INFO - ::endgroup::
[2024-06-16T07:25:35.117+0000] {file_jsons_to_postgres.py:115} INFO - Inserting entry: {'name': 'Sekhar', 'email': 'f5gqiw!vz4@kowtjsn.mb', 'date': '2024-06-13'}
[2024-06-16T07:25:35.118+0000] {file_jsons_to_postgres.py:115} INFO - Inserting entry: {'name': 'Praneeth', 'email': 'jj%fpfe!2a@ltuyxhh.vw', 'date': '2024-06-13'}
[2024-06-16T07:25:35.120+0000] {file_jsons_to_postgres.py:115} INFO - Inserting entry: {'name': 'Kiran', 'email': 'b@kbzv.jg', 'date': '2024-06-13'}
[2024-06-16T07:25:35.121+0000] {file_jsons_to_postgres.py:115} INFO - Inserting entry: {'name': 'Ushasri', 'email': 'dfkcn@wpdrh.fbg', 'date': '2024-06-13'}
[2024-06-16T07:25:35.122+0000] {file_jsons_to_postgres.py:115} INFO - Inserting entry: {'name': 'Nagavamsi', 'email': '44ldpo@wci.zl', 'date': '2024-06-13'}
[2024-06-16T07:25:35.123+0000] {file_jsons_to_postgres.py:115} INFO - Inserting entry: {'name': 'Nadikatla', 'email': 'h#zn1l3pu@hstx.rf', 'date': '2024-06-13'}
[2024-06-16T07:25:35.124+0000] {file_jsons_to_postgres.py:115} INFO - Inserting entry: {'name': 'Ushasri', 'email': 'jemhz4^i!#@nns.ld', 'date': '2024-01-13'}
[2024-06-16T07:25:35.125+0000] {file_jsons_to_postgres.py:115} INFO - Inserting entry: {'name': 'Masthan', 'email': '6b5v@jkaznzpsw.bw', 'date': '2024-06-13'}
[2024-06-16T07:25:35.126+0000] {file_jsons_to_postgres.py:115} INFO - Inserting entry: {'name': 'Soukhya', 'email': 'ihww2@noqe.mf', 'date': '2024-01-13'}
[2024-06-16T07:25:35.129+0000] {file_jsons_to_postgres.py:115} INFO - Inserting entry: {'name': 'Prasanna', 'email': 'l&@cbclt.keo', 'date': '2024-06-13'}
[2024-06-16T07:25:35.130+0000] {file_jsons_to_postgres.py:115} INFO - Inserting entry: {'name': 'Dathrika', 'email': 'f.z$ig!x&!@qow.iz', 'date': '2024-06-13'}
[2024-06-16T07:25:35.131+0000] {file_jsons_to_postgres.py:115} INFO - Inserting entry: {'name': 'Spandana', 'email': 'caonya#wz@mzkmcma.fe', 'date': '2024-06-13'}
[2024-06-16T07:25:35.132+0000] {file_jsons_to_postgres.py:115} INFO - Inserting entry: {'name': 'Saiteja', 'email': 'tbyhsqy@juh.dae', 'date': '2024-06-13'}
[2024-06-16T07:25:35.133+0000] {file_jsons_to_postgres.py:115} INFO - Inserting entry: {'name': 'Vadlamudi', 'email': 'tjcuy^8f5v@wcujzcxm.zi', 'date': '2024-06-13'}
[2024-06-16T07:25:35.134+0000] {file_jsons_to_postgres.py:115} INFO - Inserting entry: {'name': 'Bahoju', 'email': 'r&lx00k0e1@xadkfvwpy.ecq', 'date': '2024-06-13'}
[2024-06-16T07:25:35.135+0000] {file_jsons_to_postgres.py:115} INFO - Inserting entry: {'name': 'Udugula', 'email': 'mu67%^thy@nvji.tw', 'date': '2024-06-13'}
[2024-06-16T07:25:35.136+0000] {file_jsons_to_postgres.py:115} INFO - Inserting entry: {'name': 'Chandra', 'email': '5nss&r*!d@glt.bjk', 'date': '2024-06-13'}
[2024-06-16T07:25:35.137+0000] {file_jsons_to_postgres.py:115} INFO - Inserting entry: {'name': 'Machupalli', 'email': 'dcufgw@g.de', 'date': '2024-06-13'}
[2024-06-16T07:25:35.138+0000] {file_jsons_to_postgres.py:115} INFO - Inserting entry: {'name': 'Karnati', 'email': 'y@ezzgxyr.wly', 'date': '2024-06-13'}
[2024-06-16T07:25:35.139+0000] {file_jsons_to_postgres.py:115} INFO - Inserting entry: {'name': 'Moru', 'email': '3&bs@zzn.we', 'date': '2024-06-13'}
[2024-06-16T07:25:35.140+0000] {file_jsons_to_postgres.py:115} INFO - Inserting entry: {'name': 'Vankamamidi', 'email': 'y0decbadz@ycuuckeix.fc', 'date': '2024-06-13'}
[2024-06-16T07:25:35.141+0000] {file_jsons_to_postgres.py:115} INFO - Inserting entry: {'name': 'Mohammad', 'email': 'pr*@vvfgsrgy.ltl', 'date': '2024-06-13'}
[2024-06-16T07:25:35.142+0000] {file_jsons_to_postgres.py:115} INFO - Inserting entry: {'name': 'Saiteja', 'email': 'r5$yd&.@jotkhbpro.kpp', 'date': '2024-06-13'}
[2024-06-16T07:25:35.143+0000] {file_jsons_to_postgres.py:115} INFO - Inserting entry: {'name': 'Suma', 'email': 'y@a.aen', 'date': '2013-06-24'}
[2024-06-16T07:25:35.144+0000] {file_jsons_to_postgres.py:115} INFO - Inserting entry: {'name': 'Akhilesh', 'email': 'kx@nlqudvj.yyk', 'date': '2024-06-13'}
[2024-06-16T07:25:35.146+0000] {file_jsons_to_postgres.py:115} INFO - Inserting entry: {'name': 'Adepu', 'email': 'h57!p^plx6@mx.ahk', 'date': '2024-06-13'}
[2024-06-16T07:25:35.147+0000] {file_jsons_to_postgres.py:115} INFO - Inserting entry: {'name': 'Vadlamudi', 'email': 'h@fsodmmbxi.ya', 'date': '2024-06-13'}
[2024-06-16T07:25:35.149+0000] {file_jsons_to_postgres.py:115} INFO - Inserting entry: {'name': 'Chandrakanth', 'email': 'ze@kbc.ulm', 'date': '2024-06-13'}
[2024-06-16T07:25:35.150+0000] {file_jsons_to_postgres.py:115} INFO - Inserting entry: {'name': 'Shareef', 'email': 'ki9hv5@mjugdkxl.qa', 'date': '2024-06-13'}
[2024-06-16T07:25:35.151+0000] {file_jsons_to_postgres.py:115} INFO - Inserting entry: {'name': 'Komati', 'email': '10$*u@c.qt', 'date': '2024-06-13'}
[2024-06-16T07:25:35.152+0000] {file_jsons_to_postgres.py:115} INFO - Inserting entry: {'name': 'Anthati', 'email': '4@yjlw.fx', 'date': '2024-06-13'}
[2024-06-16T07:25:35.153+0000] {file_jsons_to_postgres.py:115} INFO - Inserting entry: {'name': 'Nikhil', 'email': 'cokto@zbpiwpi.mb', 'date': '2024-06-13'}
[2024-06-16T07:25:35.154+0000] {file_jsons_to_postgres.py:115} INFO - Inserting entry: {'name': 'Chandrakanth', 'email': 'z.4k#@qwpml.bl', 'date': '2024-06-13'}
[2024-06-16T07:25:35.156+0000] {file_jsons_to_postgres.py:115} INFO - Inserting entry: {'name': 'Chirneni', 'email': 'kv3*qy@jxoy.fxy', 'date': '2024-06-13'}
[2024-06-16T07:25:35.157+0000] {file_jsons_to_postgres.py:115} INFO - Inserting entry: {'name': 'Sree', 'email': 'ou@xfemwoclu.hm', 'date': '2024-06-13'}
[2024-06-16T07:25:35.157+0000] {file_jsons_to_postgres.py:115} INFO - Inserting entry: {'name': 'Bahoju', 'email': '4!w7@gezqtv.hk', 'date': '2024-06-13'}
[2024-06-16T07:25:35.158+0000] {file_jsons_to_postgres.py:115} INFO - Inserting entry: {'name': 'Karnati', 'email': 'ot@lwj.dc', 'date': '2024-06-13'}
[2024-06-16T07:25:35.160+0000] {file_jsons_to_postgres.py:115} INFO - Inserting entry: {'name': 'Suma', 'email': 'wj1k*!@vwejlvvp.hvi', 'date': '2024-06-13'}
[2024-06-16T07:25:35.161+0000] {file_jsons_to_postgres.py:115} INFO - Inserting entry: {'name': 'Davis', 'email': '23@faijzja.nt', 'date': '2024-06-13'}
[2024-06-16T07:25:35.162+0000] {file_jsons_to_postgres.py:115} INFO - Inserting entry: {'name': 'Krishna', 'email': 'q#$$j@yjxdinptj.gvl', 'date': '2024-06-13'}
[2024-06-16T07:25:35.163+0000] {file_jsons_to_postgres.py:115} INFO - Inserting entry: {'name': 'Sree', 'email': 'gvy&%4pec@g.wmh', 'date': '2024-06-13'}
[2024-06-16T07:25:35.165+0000] {file_jsons_to_postgres.py:115} INFO - Inserting entry: {'name': 'Sekhar', 'email': 'uv@afafb.rg', 'date': '2024-06-13'}
[2024-06-16T07:25:35.166+0000] {file_jsons_to_postgres.py:115} INFO - Inserting entry: {'name': 'Aishwarya', 'email': 'rp5@pccierqb.vxb', 'date': '2024-06-13'}
[2024-06-16T07:25:35.167+0000] {file_jsons_to_postgres.py:115} INFO - Inserting entry: {'name': 'Narandas', 'email': '4gct!j@begxgno.si', 'date': '2024-06-13'}
[2024-06-16T07:25:35.169+0000] {file_jsons_to_postgres.py:115} INFO - Inserting entry: {'name': 'Jyothi', 'email': '8r5xyb.!@bji.su', 'date': '2013-06-24'}
[2024-06-16T07:25:35.170+0000] {file_jsons_to_postgres.py:115} INFO - Inserting entry: {'name': 'Brahmadevara', 'email': '9%0@wxjgvhn.kt', 'date': '2024-06-13'}
[2024-06-16T07:25:35.171+0000] {file_jsons_to_postgres.py:115} INFO - Inserting entry: {'name': 'Gopalakrishna', 'email': 'bw@nnadav.it', 'date': '2024-06-13'}
[2024-06-16T07:25:35.172+0000] {file_jsons_to_postgres.py:115} INFO - Inserting entry: {'name': 'Krishna', 'email': 'u7s5y@rtam.qi', 'date': '2024-01-13'}
[2024-06-16T07:25:35.173+0000] {file_jsons_to_postgres.py:115} INFO - Inserting entry: {'name': 'Goud', 'email': 'e^@woyafva.yxu', 'date': '2024-06-13'}
[2024-06-16T07:25:35.173+0000] {file_jsons_to_postgres.py:115} INFO - Inserting entry: {'name': 'Komati', 'email': 'wcom.3@qbyppcsc.yvg', 'date': '2024-06-13'}
[2024-06-16T07:25:35.175+0000] {file_jsons_to_postgres.py:115} INFO - Inserting entry: {'name': 'Srikanth', 'email': '21fjr8@ufvf.nd', 'date': '2024-06-13'}
[2024-06-16T07:25:35.176+0000] {file_jsons_to_postgres.py:115} INFO - Inserting entry: {'name': 'Moru', 'email': 'jxwn@vytncdk.ch', 'date': '2024-06-13'}
[2024-06-16T07:25:35.177+0000] {file_jsons_to_postgres.py:115} INFO - Inserting entry: {'name': 'Rayapusetty', 'email': 'r&@h.djw', 'date': '2024-06-13'}
[2024-06-16T07:25:35.178+0000] {file_jsons_to_postgres.py:115} INFO - Inserting entry: {'name': 'Machupalli', 'email': 'b$2@whc.pa', 'date': '2024-06-13'}
[2024-06-16T07:25:35.179+0000] {file_jsons_to_postgres.py:115} INFO - Inserting entry: {'name': 'Prudhvi', 'email': '50d@mi.uk', 'date': '2024-06-13'}
[2024-06-16T07:25:35.180+0000] {file_jsons_to_postgres.py:115} INFO - Inserting entry: {'name': 'Vankamamidi', 'email': '9@quplf.tuo', 'date': '2024-06-13'}
[2024-06-16T07:25:35.181+0000] {file_jsons_to_postgres.py:115} INFO - Inserting entry: {'name': 'Kambhampati', 'email': 'g03$u2x5o@ijep.gl', 'date': '2024-06-13'}
[2024-06-16T07:25:35.183+0000] {file_jsons_to_postgres.py:115} INFO - Inserting entry: {'name': 'Sundar', 'email': 'd3ng8xv@npciy.jf', 'date': '2024-06-13'}
[2024-06-16T07:25:35.184+0000] {file_jsons_to_postgres.py:115} INFO - Inserting entry: {'name': 'Vishnu', 'email': 'dyclw@qwm.fm', 'date': '2024-06-13'}
[2024-06-16T07:25:35.185+0000] {file_jsons_to_postgres.py:115} INFO - Inserting entry: {'name': 'Pavan', 'email': 'lmgv043q^s@haebqn.ajl', 'date': '2024-06-13'}
[2024-06-16T07:25:35.186+0000] {file_jsons_to_postgres.py:115} INFO - Inserting entry: {'name': 'Vinay', 'email': 'j&#hmz@xc.vev', 'date': '2024-01-13'}
[2024-06-16T07:25:35.187+0000] {file_jsons_to_postgres.py:115} INFO - Inserting entry: {'name': 'Majji', 'email': 'n!$ji@xah.mmi', 'date': '2024-01-13'}
[2024-06-16T07:25:35.189+0000] {file_jsons_to_postgres.py:115} INFO - Inserting entry: {'name': 'Keerthana', 'email': 'n9hb@j.wjz', 'date': '2013-06-24'}
[2024-06-16T07:25:35.190+0000] {file_jsons_to_postgres.py:115} INFO - Inserting entry: {'name': 'Adepu', 'email': '1x2fpbmxo@odswnvhzy.lyj', 'date': '2024-06-13'}
[2024-06-16T07:25:35.191+0000] {file_jsons_to_postgres.py:115} INFO - Inserting entry: {'name': 'Vemuri', 'email': 'm$@hhndqwuov.ijr', 'date': '2024-06-13'}
[2024-06-16T07:25:35.192+0000] {file_jsons_to_postgres.py:115} INFO - Inserting entry: {'name': 'Sekhar', 'email': 'e@vrevyu.hsv', 'date': '2024-06-13'}
[2024-06-16T07:25:35.193+0000] {file_jsons_to_postgres.py:115} INFO - Inserting entry: {'name': 'Udugula', 'email': '6d&i@jswggj.np', 'date': '2024-06-13'}
[2024-06-16T07:25:35.194+0000] {file_jsons_to_postgres.py:115} INFO - Inserting entry: {'name': 'Vinay', 'email': '8wq&$f@hwpdqmszg.udh', 'date': '2024-06-13'}
[2024-06-16T07:25:35.195+0000] {file_jsons_to_postgres.py:115} INFO - Inserting entry: {'name': 'Vadlamudi', 'email': '3obud^v%@akykqyk.zb', 'date': '2024-06-13'}
[2024-06-16T07:25:35.196+0000] {file_jsons_to_postgres.py:115} INFO - Inserting entry: {'name': 'Koti', 'email': 'o@chjwllurx.khj', 'date': '2024-06-13'}
[2024-06-16T07:25:35.197+0000] {file_jsons_to_postgres.py:115} INFO - Inserting entry: {'name': 'Lakshmi', 'email': 'wx%la6c@svvgyqar.pnb', 'date': '2024-06-13'}
[2024-06-16T07:25:35.198+0000] {file_jsons_to_postgres.py:115} INFO - Inserting entry: {'name': 'Vankamamidi', 'email': 'qm9it5403a@mpqh.ne', 'date': '2024-06-13'}
[2024-06-16T07:25:35.200+0000] {file_jsons_to_postgres.py:115} INFO - Inserting entry: {'name': 'Brahmadevara', 'email': '7i9j@fgvh.fvw', 'date': '2024-06-13'}
[2024-06-16T07:25:35.202+0000] {file_jsons_to_postgres.py:115} INFO - Inserting entry: {'name': 'Ramya', 'email': '1z@d.ms', 'date': '2024-06-13'}
[2024-06-16T07:25:35.203+0000] {file_jsons_to_postgres.py:115} INFO - Inserting entry: {'name': 'Pottabathini', 'email': '4we@extjg.bs', 'date': '2024-06-13'}
[2024-06-16T07:25:35.204+0000] {file_jsons_to_postgres.py:115} INFO - Inserting entry: {'name': 'Kambhampati', 'email': 'z@atze.vbh', 'date': '2024-06-13'}
[2024-06-16T07:25:35.207+0000] {file_jsons_to_postgres.py:115} INFO - Inserting entry: {'name': 'Pottabathini', 'email': 'j2l&$diihs@xy.xln', 'date': '2024-06-13'}
[2024-06-16T07:25:35.208+0000] {file_jsons_to_postgres.py:115} INFO - Inserting entry: {'name': 'Sree', 'email': 'csqdsvr.ch@mp.cb', 'date': '2024-06-13'}
[2024-06-16T07:25:35.210+0000] {file_jsons_to_postgres.py:115} INFO - Inserting entry: {'name': 'Srikanth', 'email': 'uz!*101@ie.aum', 'date': '2013-06-24'}
[2024-06-16T07:25:35.211+0000] {file_jsons_to_postgres.py:115} INFO - Inserting entry: {'name': 'Bharath', 'email': 'rvecd^^@zdomsy.hz', 'date': '2013-06-24'}
[2024-06-16T07:25:35.212+0000] {file_jsons_to_postgres.py:115} INFO - Inserting entry: {'name': 'Narandas', 'email': 'in5!4ay9fc@bxtsj.lt', 'date': '2024-06-13'}
[2024-06-16T07:25:35.213+0000] {file_jsons_to_postgres.py:115} INFO - Inserting entry: {'name': 'Nagavamsi', 'email': '6vo^yn$1^@irvyvnaci.oqr', 'date': '2013-06-24'}
[2024-06-16T07:25:35.214+0000] {file_jsons_to_postgres.py:115} INFO - Inserting entry: {'name': 'Nadikatla', 'email': 'cdzhu803gh@xk.st', 'date': '2024-06-13'}
[2024-06-16T07:25:35.215+0000] {file_jsons_to_postgres.py:115} INFO - Inserting entry: {'name': 'Zainuddin', 'email': 'i#r&h@jsokx.dq', 'date': '2024-06-13'}
[2024-06-16T07:25:35.216+0000] {file_jsons_to_postgres.py:115} INFO - Inserting entry: {'name': 'Thej', 'email': 'y*j1lsdfi4@wvw.yi', 'date': '2013-06-24'}
[2024-06-16T07:25:35.217+0000] {file_jsons_to_postgres.py:115} INFO - Inserting entry: {'name': 'Nagavamsi', 'email': '05380!o.d1@nu.lg', 'date': '2024-06-13'}
[2024-06-16T07:25:35.218+0000] {file_jsons_to_postgres.py:115} INFO - Inserting entry: {'name': 'Vemuri', 'email': '4ygv@ujxosenc.vj', 'date': '2024-06-13'}
[2024-06-16T07:25:35.219+0000] {file_jsons_to_postgres.py:115} INFO - Inserting entry: {'name': 'Moru', 'email': '7ozln$fxk9@ywgwaeyx.fe', 'date': '2024-06-13'}
[2024-06-16T07:25:35.221+0000] {file_jsons_to_postgres.py:115} INFO - Inserting entry: {'name': 'Uday', 'email': 'ilqb&kl0@pyzwu.jb', 'date': '2024-06-13'}
[2024-06-16T07:25:35.222+0000] {file_jsons_to_postgres.py:115} INFO - Inserting entry: {'name': 'Mohammad', 'email': 'ditbf#ra@madjr.sm', 'date': '2024-06-13'}
[2024-06-16T07:25:35.223+0000] {file_jsons_to_postgres.py:115} INFO - Inserting entry: {'name': 'Shaik', 'email': '3@yn.hy', 'date': '2024-06-13'}
[2024-06-16T07:25:35.224+0000] {file_jsons_to_postgres.py:115} INFO - Inserting entry: {'name': 'Soukhya', 'email': 'ga0e@uzfj.mi', 'date': '2024-06-13'}
[2024-06-16T07:25:35.225+0000] {file_jsons_to_postgres.py:115} INFO - Inserting entry: {'name': 'Prasanna', 'email': 'm!3ze0@aqfww.uxu', 'date': '2024-06-13'}
[2024-06-16T07:25:35.226+0000] {file_jsons_to_postgres.py:115} INFO - Inserting entry: {'name': 'Ganji', 'email': '8$5av%1@cwad.ywc', 'date': '2024-06-13'}
[2024-06-16T07:25:35.227+0000] {file_jsons_to_postgres.py:115} INFO - Inserting entry: {'name': 'Chandra', 'email': 'iw#!yt1wo@xv.rf', 'date': '2024-06-13'}
[2024-06-16T07:25:35.228+0000] {file_jsons_to_postgres.py:115} INFO - Inserting entry: {'name': 'Pottabathini', 'email': '4qmem&1hx7@eyj.okp', 'date': '2024-06-13'}
[2024-06-16T07:25:35.229+0000] {file_jsons_to_postgres.py:115} INFO - Inserting entry: {'name': 'Anthati', 'email': 'pfx!k@hzwrzo.iaa', 'date': '2024-06-13'}
[2024-06-16T07:25:35.230+0000] {file_jsons_to_postgres.py:115} INFO - Inserting entry: {'name': 'Goud', 'email': 'mq7.o5vz^#@nt.rqf', 'date': '2024-06-13'}
[2024-06-16T07:25:35.232+0000] {file_jsons_to_postgres.py:115} INFO - Inserting entry: {'name': 'Shashank', 'email': 'ousks@nvxwrlk.si', 'date': '2024-06-13'}
[2024-06-16T07:25:35.233+0000] {file_jsons_to_postgres.py:115} INFO - Inserting entry: {'name': 'Zainuddin', 'email': 'gk0s987@aa.lnx', 'date': '2024-06-13'}
[2024-06-16T07:25:35.234+0000] {file_jsons_to_postgres.py:115} INFO - Inserting entry: {'name': 'Adepu', 'email': 'xo31hid@isuzeis.lns', 'date': '2024-06-13'}
[2024-06-16T07:25:35.235+0000] {file_jsons_to_postgres.py:115} INFO - Inserting entry: {'name': 'Kuppireddy', 'email': 'ah9pr@rajnzlvp.suc', 'date': '2024-06-13'}
[2024-06-16T07:25:35.236+0000] {file_jsons_to_postgres.py:115} INFO - Inserting entry: {'name': 'Saiteja', 'email': 'zt3@vkehzvlky.ty', 'date': '2024-06-13'}
[2024-06-16T07:25:35.238+0000] {file_jsons_to_postgres.py:115} INFO - Inserting entry: {'name': 'Goud', 'email': '4a5kpe1n@yfl.trh', 'date': '2024-06-13'}
[2024-06-16T07:25:35.239+0000] {file_jsons_to_postgres.py:115} INFO - Inserting entry: {'name': 'Pottabathini', 'email': 'zqm@scl.km', 'date': '2024-06-13'}
[2024-06-16T07:25:35.240+0000] {file_jsons_to_postgres.py:115} INFO - Inserting entry: {'name': 'Nadikatla', 'email': 'pjbd.t@my.df', 'date': '2024-06-13'}
[2024-06-16T07:25:35.241+0000] {file_jsons_to_postgres.py:115} INFO - Inserting entry: {'name': 'Anthati', 'email': '1bp1rx.@s.me', 'date': '2024-06-13'}
[2024-06-16T07:25:35.242+0000] {file_jsons_to_postgres.py:115} INFO - Inserting entry: {'name': 'Narandas', 'email': '7@z.gki', 'date': '2024-06-13'}
[2024-06-16T07:25:35.244+0000] {file_jsons_to_postgres.py:115} INFO - Inserting entry: {'name': 'Bharath', 'email': 'n%j7ro0@uf.fp', 'date': '2024-06-13'}
[2024-06-16T07:25:35.245+0000] {file_jsons_to_postgres.py:115} INFO - Inserting entry: {'name': 'Komati', 'email': '73*d@zy.phd', 'date': '2013-06-24'}
[2024-06-16T07:25:35.246+0000] {file_jsons_to_postgres.py:115} INFO - Inserting entry: {'name': 'Chandrakanth', 'email': '32w@elrrxocmi.eza', 'date': '2024-06-13'}
[2024-06-16T07:25:35.247+0000] {file_jsons_to_postgres.py:115} INFO - Inserting entry: {'name': 'Gopalakrishna', 'email': 'aajiu@lnev.ufk', 'date': '2024-01-13'}
[2024-06-16T07:25:35.248+0000] {file_jsons_to_postgres.py:115} INFO - Inserting entry: {'name': 'Ramya', 'email': 'd.8fq!63@zchoa.pz', 'date': '2024-01-13'}
[2024-06-16T07:25:35.249+0000] {file_jsons_to_postgres.py:115} INFO - Inserting entry: {'name': 'Arun', 'email': '7f3@cxoqlke.yk', 'date': '2024-06-13'}
[2024-06-16T07:25:35.250+0000] {file_jsons_to_postgres.py:115} INFO - Inserting entry: {'name': 'Pavan', 'email': '2k&y#&2j@drb.nzl', 'date': '2024-06-13'}
[2024-06-16T07:25:35.251+0000] {file_jsons_to_postgres.py:115} INFO - Inserting entry: {'name': 'Sree', 'email': 'rbp4xu5rto@j.kf', 'date': '2024-06-13'}
[2024-06-16T07:25:35.252+0000] {file_jsons_to_postgres.py:115} INFO - Inserting entry: {'name': 'Bhargavi', 'email': 'ry3*d@ylrl.gol', 'date': '2024-06-13'}
[2024-06-16T07:25:35.253+0000] {file_jsons_to_postgres.py:115} INFO - Inserting entry: {'name': 'Sanka', 'email': 'nl@bksbfrr.nc', 'date': '2024-06-13'}
[2024-06-16T07:25:35.254+0000] {file_jsons_to_postgres.py:115} INFO - Inserting entry: {'name': 'Kiran', 'email': 'l8n%7x4@mrd.hio', 'date': '2024-01-13'}
[2024-06-16T07:25:35.255+0000] {file_jsons_to_postgres.py:115} INFO - Inserting entry: {'name': 'Nagavamsi', 'email': 'k^w0s81i@vtdwjpi.tp', 'date': '2024-01-13'}
[2024-06-16T07:25:35.257+0000] {file_jsons_to_postgres.py:115} INFO - Inserting entry: {'name': 'Sadvika', 'email': 'g&yg8@uidd.rmd', 'date': '2024-01-13'}
[2024-06-16T07:25:35.259+0000] {file_jsons_to_postgres.py:115} INFO - Inserting entry: {'name': 'Addala', 'email': 'atqsgotlzm@nuwiifpnf.fb', 'date': '2024-06-13'}
[2024-06-16T07:25:35.260+0000] {file_jsons_to_postgres.py:115} INFO - Inserting entry: {'name': 'Pottabathini', 'email': '3qxh*@jalrtcsz.cm', 'date': '2024-06-13'}
[2024-06-16T07:25:35.261+0000] {file_jsons_to_postgres.py:115} INFO - Inserting entry: {'name': 'Samala', 'email': 'ra.f@vzfvgvgj.sxy', 'date': '2024-06-13'}
[2024-06-16T07:25:35.262+0000] {file_jsons_to_postgres.py:115} INFO - Inserting entry: {'name': 'Davis', 'email': 'ace.#a&eqq@dxqyze.xpb', 'date': '2024-06-13'}
[2024-06-16T07:25:35.265+0000] {file_jsons_to_postgres.py:115} INFO - Inserting entry: {'name': 'Komati', 'email': 'p7u#zrj2if@n.uto', 'date': '2024-06-13'}
[2024-06-16T07:25:35.266+0000] {file_jsons_to_postgres.py:115} INFO - Inserting entry: {'name': 'Prudhvi', 'email': 'v9f9qas@yg.lj', 'date': '2024-06-13'}
[2024-06-16T07:25:35.267+0000] {file_jsons_to_postgres.py:115} INFO - Inserting entry: {'name': 'Adepu', 'email': 'r*8v@udcsu.bp', 'date': '2024-06-13'}
[2024-06-16T07:25:35.268+0000] {file_jsons_to_postgres.py:115} INFO - Inserting entry: {'name': 'Kambhampati', 'email': 'c&k@zrahmwzr.gvg', 'date': '2024-06-13'}
[2024-06-16T07:25:35.269+0000] {file_jsons_to_postgres.py:115} INFO - Inserting entry: {'name': 'Gopalakrishna', 'email': '7m@ihwlcf.jj', 'date': '2013-06-24'}
[2024-06-16T07:25:35.270+0000] {file_jsons_to_postgres.py:115} INFO - Inserting entry: {'name': 'Raghu', 'email': 'd8xzd@bwrulrw.ghv', 'date': '2024-06-13'}
[2024-06-16T07:25:35.271+0000] {file_jsons_to_postgres.py:115} INFO - Inserting entry: {'name': 'Sekhar', 'email': 'ruh9m5#&c@aycfulbk.wxo', 'date': '2024-06-13'}
[2024-06-16T07:25:35.272+0000] {file_jsons_to_postgres.py:115} INFO - Inserting entry: {'name': 'Thej', 'email': 'kytemkeol@eyc.bu', 'date': '2024-06-13'}
[2024-06-16T07:25:35.272+0000] {file_jsons_to_postgres.py:115} INFO - Inserting entry: {'name': 'Naga', 'email': 'm@o.ads', 'date': '2024-06-13'}
[2024-06-16T07:25:35.274+0000] {file_jsons_to_postgres.py:115} INFO - Inserting entry: {'name': 'Ushasri', 'email': 'exdq01h@mo.tob', 'date': '2024-06-13'}
[2024-06-16T07:25:35.275+0000] {file_jsons_to_postgres.py:115} INFO - Inserting entry: {'name': 'Arun', 'email': '570gjb1hgx@kgeyx.jo', 'date': '2024-06-13'}
[2024-06-16T07:25:35.276+0000] {file_jsons_to_postgres.py:115} INFO - Inserting entry: {'name': 'Pottabathini', 'email': '79dz!q@bomxmlp.vsi', 'date': '2013-06-24'}
[2024-06-16T07:25:35.277+0000] {file_jsons_to_postgres.py:115} INFO - Inserting entry: {'name': 'Kuppireddy', 'email': 'n#f0%n^y&@tkdikebg.dip', 'date': '2024-06-13'}
[2024-06-16T07:25:35.279+0000] {file_jsons_to_postgres.py:115} INFO - Inserting entry: {'name': 'Ganji', 'email': 'rd#9s@rctobises.xx', 'date': '2024-06-13'}
[2024-06-16T07:25:35.280+0000] {file_jsons_to_postgres.py:115} INFO - Inserting entry: {'name': 'Narandas', 'email': 'hnv.n5k*og@gjyhhxohm.gqh', 'date': '2024-06-13'}
[2024-06-16T07:25:35.281+0000] {file_jsons_to_postgres.py:115} INFO - Inserting entry: {'name': 'Thej', 'email': 'wqqxvh7f1@juqec.sw', 'date': '2024-06-13'}
[2024-06-16T07:25:35.282+0000] {file_jsons_to_postgres.py:115} INFO - Inserting entry: {'name': 'Maneesha', 'email': '6@kevxzdvw.ir', 'date': '2024-06-13'}
[2024-06-16T07:25:35.283+0000] {file_jsons_to_postgres.py:115} INFO - Inserting entry: {'name': 'Pottabathini', 'email': 'b660h7nqib@ajzytpjkz.kwx', 'date': '2024-06-13'}
[2024-06-16T07:25:35.284+0000] {file_jsons_to_postgres.py:115} INFO - Inserting entry: {'name': 'Vemuri', 'email': 'y3ljf2@qefwgcgx.pzm', 'date': '2024-06-13'}
[2024-06-16T07:25:35.285+0000] {file_jsons_to_postgres.py:115} INFO - Inserting entry: {'name': 'Maneesha', 'email': 'a4zfppg*@aox.jej', 'date': '2024-06-13'}
[2024-06-16T07:25:35.286+0000] {file_jsons_to_postgres.py:115} INFO - Inserting entry: {'name': 'Naga', 'email': 'v*l7%$kuz@mcrfvey.gtq', 'date': '2024-06-13'}
[2024-06-16T07:25:35.287+0000] {file_jsons_to_postgres.py:115} INFO - Inserting entry: {'name': 'Nikhil', 'email': 'w0@fhgpxgtqu.sdo', 'date': '2024-06-13'}
[2024-06-16T07:25:35.289+0000] {file_jsons_to_postgres.py:115} INFO - Inserting entry: {'name': 'Kuruva', 'email': 'xdlj@nzxhe.dx', 'date': '2024-06-13'}
[2024-06-16T07:25:35.290+0000] {file_jsons_to_postgres.py:115} INFO - Inserting entry: {'name': 'Uday', 'email': 'u66.t8ou@ikbhoui.yj', 'date': '2024-06-13'}
[2024-06-16T07:25:35.292+0000] {file_jsons_to_postgres.py:115} INFO - Inserting entry: {'name': 'Podipireddi', 'email': 'sjej2!p@npizdxriy.bap', 'date': '2024-01-13'}
[2024-06-16T07:25:35.293+0000] {file_jsons_to_postgres.py:115} INFO - Inserting entry: {'name': 'Gopalakrishna', 'email': 'n@kqfbznc.rcl', 'date': '2024-01-13'}
[2024-06-16T07:25:35.294+0000] {file_jsons_to_postgres.py:115} INFO - Inserting entry: {'name': 'Addala', 'email': 'y@sutozx.nm', 'date': '2024-06-13'}
[2024-06-16T07:25:35.297+0000] {file_jsons_to_postgres.py:115} INFO - Inserting entry: {'name': 'Raghu', 'email': 'l9k5oll5!@xvtl.ytx', 'date': '2024-06-13'}
[2024-06-16T07:25:35.298+0000] {file_jsons_to_postgres.py:115} INFO - Inserting entry: {'name': 'Nikhil', 'email': 'j@uq.mo', 'date': '2024-06-13'}
[2024-06-16T07:25:35.299+0000] {file_jsons_to_postgres.py:115} INFO - Inserting entry: {'name': 'Anyam', 'email': 'h9jk@d.lvi', 'date': '2024-06-13'}
[2024-06-16T07:25:35.300+0000] {file_jsons_to_postgres.py:115} INFO - Inserting entry: {'name': 'Masthan', 'email': 'g0@er.ovp', 'date': '2024-06-13'}
[2024-06-16T07:25:35.301+0000] {file_jsons_to_postgres.py:115} INFO - Inserting entry: {'name': 'McLaine', 'email': '636@nikft.zvb', 'date': '2024-01-13'}
[2024-06-16T07:25:35.302+0000] {file_jsons_to_postgres.py:115} INFO - Inserting entry: {'name': 'Sivani', 'email': 'tga@ev.jpm', 'date': '2024-06-13'}
[2024-06-16T07:25:35.303+0000] {file_jsons_to_postgres.py:115} INFO - Inserting entry: {'name': 'Sree', 'email': 'oka&gb%s@z.ge', 'date': '2024-01-13'}
[2024-06-16T07:25:35.304+0000] {file_jsons_to_postgres.py:115} INFO - Inserting entry: {'name': 'Chirneni', 'email': 'c@mj.os', 'date': '2024-01-13'}
[2024-06-16T07:25:35.305+0000] {file_jsons_to_postgres.py:115} INFO - Inserting entry: {'name': 'Praneeth', 'email': 'a%*@fdvqggh.on', 'date': '2024-06-13'}
[2024-06-16T07:25:35.306+0000] {file_jsons_to_postgres.py:115} INFO - Inserting entry: {'name': 'Samala', 'email': 'dpd%08yi@olssjp.vyz', 'date': '2024-06-13'}
[2024-06-16T07:25:35.307+0000] {file_jsons_to_postgres.py:115} INFO - Inserting entry: {'name': 'Koti', 'email': 'swk*mcl&!@etsrxnhrq.piw', 'date': '2024-06-13'}
[2024-06-16T07:25:35.308+0000] {file_jsons_to_postgres.py:115} INFO - Inserting entry: {'name': 'Chirneni', 'email': 'hsh5xvw@dfqptcxn.pb', 'date': '2024-06-13'}
[2024-06-16T07:25:35.309+0000] {file_jsons_to_postgres.py:115} INFO - Inserting entry: {'name': 'Kuruva', 'email': 'k@mg.ve', 'date': '2024-06-13'}
[2024-06-16T07:25:35.310+0000] {file_jsons_to_postgres.py:115} INFO - Inserting entry: {'name': 'Brahmadevara', 'email': 'fg6f#9@cws.oz', 'date': '2024-01-13'}
[2024-06-16T07:25:35.311+0000] {file_jsons_to_postgres.py:115} INFO - Inserting entry: {'name': 'Vadlamudi', 'email': 'nl.oxhzn@csmz.cg', 'date': '2013-06-24'}
[2024-06-16T07:25:35.313+0000] {file_jsons_to_postgres.py:115} INFO - Inserting entry: {'name': 'Anwesh', 'email': '5uk@qi.ond', 'date': '2024-06-13'}
[2024-06-16T07:25:35.314+0000] {file_jsons_to_postgres.py:115} INFO - Inserting entry: {'name': 'Komati', 'email': 'ixam@vqw.bsf', 'date': '2024-06-13'}
[2024-06-16T07:25:35.315+0000] {file_jsons_to_postgres.py:115} INFO - Inserting entry: {'name': 'Shaik', 'email': '9!fp%wg@ly.okr', 'date': '2024-06-13'}
[2024-06-16T07:25:35.316+0000] {file_jsons_to_postgres.py:115} INFO - Inserting entry: {'name': 'Keerthana', 'email': 'th@hpyehou.xv', 'date': '2024-06-13'}
[2024-06-16T07:25:35.317+0000] {file_jsons_to_postgres.py:115} INFO - Inserting entry: {'name': 'Ushasri', 'email': 'rgqd.u93fl@xvcrrex.tdu', 'date': '2024-06-13'}
[2024-06-16T07:25:35.318+0000] {file_jsons_to_postgres.py:115} INFO - Inserting entry: {'name': 'Nikhil', 'email': 'zau@systwn.sp', 'date': '2024-06-13'}
[2024-06-16T07:25:35.319+0000] {file_jsons_to_postgres.py:115} INFO - Inserting entry: {'name': 'Brahmadevara', 'email': 'sycnmzb9@gxupggxhw.gg', 'date': '2013-06-24'}
[2024-06-16T07:25:35.321+0000] {file_jsons_to_postgres.py:115} INFO - Inserting entry: {'name': 'Krishna', 'email': 'kmp1.%@fubdrrokn.ib', 'date': '2013-06-24'}
[2024-06-16T07:25:35.322+0000] {file_jsons_to_postgres.py:115} INFO - Inserting entry: {'name': 'Saiteja', 'email': '0j*q723j%@kg.qu', 'date': '2024-06-13'}
[2024-06-16T07:25:35.323+0000] {file_jsons_to_postgres.py:115} INFO - Inserting entry: {'name': 'Narandas', 'email': 'z3@pzn.ht', 'date': '2024-06-13'}
[2024-06-16T07:25:35.324+0000] {file_jsons_to_postgres.py:115} INFO - Inserting entry: {'name': 'Ramya', 'email': 'rzsu8b@lneilk.efu', 'date': '2024-06-13'}
[2024-06-16T07:25:35.325+0000] {file_jsons_to_postgres.py:115} INFO - Inserting entry: {'name': 'Spandana', 'email': 'ny25pkmi@kuhfkiee.ql', 'date': '2024-01-13'}
[2024-06-16T07:25:35.327+0000] {file_jsons_to_postgres.py:115} INFO - Inserting entry: {'name': 'Pavan', 'email': 'pwynq!y2@wjogpe.ku', 'date': '2024-06-13'}
[2024-06-16T07:25:35.329+0000] {file_jsons_to_postgres.py:115} INFO - Inserting entry: {'name': 'Ramya', 'email': 'lzq^46@rpjpoedo.vj', 'date': '2024-06-13'}
[2024-06-16T07:25:35.330+0000] {file_jsons_to_postgres.py:115} INFO - Inserting entry: {'name': 'Shashank', 'email': 'ziu.wz@e.ywq', 'date': '2024-06-13'}
[2024-06-16T07:25:35.331+0000] {file_jsons_to_postgres.py:115} INFO - Inserting entry: {'name': 'Nikhitha', 'email': '2!i@vtatqbs.gxq', 'date': '2024-06-13'}
[2024-06-16T07:25:35.332+0000] {file_jsons_to_postgres.py:115} INFO - Inserting entry: {'name': 'Chary', 'email': 'he@hk.xtq', 'date': '2024-01-13'}
[2024-06-16T07:25:35.333+0000] {file_jsons_to_postgres.py:115} INFO - Inserting entry: {'name': 'Kaithapu', 'email': 'u4uypr0pps@vxd.ulc', 'date': '2013-06-24'}
[2024-06-16T07:25:35.334+0000] {file_jsons_to_postgres.py:115} INFO - Inserting entry: {'name': 'Bhargavi', 'email': '506m9z$s8u@vvfr.rjl', 'date': '2024-06-13'}
[2024-06-16T07:25:35.335+0000] {file_jsons_to_postgres.py:115} INFO - Inserting entry: {'name': 'Jyothi', 'email': '6yv8j&$@ew.xhp', 'date': '2024-01-13'}
[2024-06-16T07:25:35.336+0000] {file_jsons_to_postgres.py:115} INFO - Inserting entry: {'name': 'Pinninti', 'email': 'g7z4!x@zfxqycaxh.dm', 'date': '2024-06-13'}
[2024-06-16T07:25:35.337+0000] {file_jsons_to_postgres.py:115} INFO - Inserting entry: {'name': 'Nagavamsi', 'email': 'hxh5jvj0r@u.kko', 'date': '2024-06-13'}
[2024-06-16T07:25:35.338+0000] {file_jsons_to_postgres.py:115} INFO - Inserting entry: {'name': 'Goud', 'email': '1se!3x0a!2@fcbetzuw.wsh', 'date': '2024-06-13'}
[2024-06-16T07:25:35.339+0000] {file_jsons_to_postgres.py:115} INFO - Inserting entry: {'name': 'Praneeth', 'email': 'jaq@vq.lfl', 'date': '2024-06-13'}
[2024-06-16T07:25:35.340+0000] {file_jsons_to_postgres.py:115} INFO - Inserting entry: {'name': 'Mohammad', 'email': 'w@hfrz.vde', 'date': '2024-06-13'}
[2024-06-16T07:25:35.341+0000] {file_jsons_to_postgres.py:115} INFO - Inserting entry: {'name': 'Kambhampati', 'email': 'd#^u6gm0l@ucan.cwe', 'date': '2024-06-13'}
[2024-06-16T07:25:35.342+0000] {file_jsons_to_postgres.py:115} INFO - Inserting entry: {'name': 'Kambhampati', 'email': 'e@oiqkreei.cp', 'date': '2024-06-13'}
[2024-06-16T07:25:35.342+0000] {file_jsons_to_postgres.py:115} INFO - Inserting entry: {'name': 'Karnati', 'email': '17sg@vm.dq', 'date': '2024-06-13'}
[2024-06-16T07:25:35.343+0000] {file_jsons_to_postgres.py:115} INFO - Inserting entry: {'name': 'Srikanth', 'email': '1*$yc9x0a@pewlcmv.dba', 'date': '2024-06-13'}
[2024-06-16T07:25:35.344+0000] {file_jsons_to_postgres.py:115} INFO - Inserting entry: {'name': 'Addala', 'email': 'o^@rtgqvifvv.frl', 'date': '2013-06-24'}
[2024-06-16T07:25:35.345+0000] {file_jsons_to_postgres.py:115} INFO - Inserting entry: {'name': 'Dathrika', 'email': 'snq0@vzuylor.wg', 'date': '2024-06-13'}
[2024-06-16T07:25:35.346+0000] {file_jsons_to_postgres.py:115} INFO - Inserting entry: {'name': 'Lakshmi', 'email': '8l6t7z%15%@jrzrgf.yb', 'date': '2024-06-13'}
[2024-06-16T07:25:35.347+0000] {file_jsons_to_postgres.py:115} INFO - Inserting entry: {'name': 'Jyothi', 'email': 'a5@kaab.to', 'date': '2024-01-13'}
[2024-06-16T07:25:35.348+0000] {file_jsons_to_postgres.py:115} INFO - Inserting entry: {'name': 'Kunche', 'email': 'sb!v4@ew.owb', 'date': '2024-01-13'}
[2024-06-16T07:25:35.349+0000] {file_jsons_to_postgres.py:115} INFO - Inserting entry: {'name': 'Masthan', 'email': '64srjrv@iwnxirgz.xy', 'date': '2024-06-13'}
[2024-06-16T07:25:35.350+0000] {file_jsons_to_postgres.py:115} INFO - Inserting entry: {'name': 'Vasamsetti', 'email': 'u6.9le@iqrru.yt', 'date': '2024-06-13'}
[2024-06-16T07:25:35.351+0000] {file_jsons_to_postgres.py:115} INFO - Inserting entry: {'name': 'Praneeth', 'email': 'pp7!q@uxmzfr.vi', 'date': '2024-06-13'}
[2024-06-16T07:25:35.352+0000] {file_jsons_to_postgres.py:115} INFO - Inserting entry: {'name': 'Chary', 'email': 'kmdpp54@tcgmq.ge', 'date': '2024-06-13'}
[2024-06-16T07:25:35.353+0000] {file_jsons_to_postgres.py:115} INFO - Inserting entry: {'name': 'Aishwarya', 'email': '3pnu7%@x.qaw', 'date': '2024-06-13'}
[2024-06-16T07:25:35.354+0000] {file_jsons_to_postgres.py:115} INFO - Inserting entry: {'name': 'Soukhya', 'email': 'pnn@f.ye', 'date': '2024-01-13'}
[2024-06-16T07:25:35.354+0000] {file_jsons_to_postgres.py:115} INFO - Inserting entry: {'name': 'Naga', 'email': 'b56pv@ztlbnie.ju', 'date': '2024-06-13'}
[2024-06-16T07:25:35.356+0000] {file_jsons_to_postgres.py:115} INFO - Inserting entry: {'name': 'McLaine', 'email': 'd@vaphajcqc.it', 'date': '2013-06-24'}
[2024-06-16T07:25:35.356+0000] {file_jsons_to_postgres.py:115} INFO - Inserting entry: {'name': 'Reddy', 'email': 't!@zdgoix.pw', 'date': '2024-06-13'}
[2024-06-16T07:25:35.357+0000] {file_jsons_to_postgres.py:115} INFO - Inserting entry: {'name': 'Maneesha', 'email': '0%b^t4^#yj@ohv.jqa', 'date': '2024-06-13'}
[2024-06-16T07:25:35.358+0000] {file_jsons_to_postgres.py:115} INFO - Inserting entry: {'name': 'Adepu', 'email': 'p^j5w00vx.@dvs.wes', 'date': '2024-06-13'}
[2024-06-16T07:25:35.359+0000] {file_jsons_to_postgres.py:115} INFO - Inserting entry: {'name': 'Ramya', 'email': '0&og4@mgoyu.nd', 'date': '2024-06-13'}
[2024-06-16T07:25:35.360+0000] {file_jsons_to_postgres.py:115} INFO - Inserting entry: {'name': 'Sanka', 'email': 'zyd0dpu*g#@psqzyfa.wv', 'date': '2024-06-13'}
[2024-06-16T07:25:35.361+0000] {file_jsons_to_postgres.py:115} INFO - Inserting entry: {'name': 'Namburi', 'email': 'dy@pxzwsbgp.hy', 'date': '2013-06-24'}
[2024-06-16T07:25:35.363+0000] {file_jsons_to_postgres.py:115} INFO - Inserting entry: {'name': 'Sekhar', 'email': '3*^w@gwegl.vtr', 'date': '2013-06-24'}
[2024-06-16T07:25:35.365+0000] {file_jsons_to_postgres.py:115} INFO - Inserting entry: {'name': 'Vishnu', 'email': 'bgyl2#gknk@hqdnsc.ijs', 'date': '2024-06-13'}
[2024-06-16T07:25:35.366+0000] {file_jsons_to_postgres.py:115} INFO - Inserting entry: {'name': 'Sundar', 'email': 'gl@tzlfbeb.bwq', 'date': '2024-06-13'}
[2024-06-16T07:25:35.367+0000] {file_jsons_to_postgres.py:115} INFO - Inserting entry: {'name': 'Pavan', 'email': 'p13vcq7b1@ritvrnm.un', 'date': '2024-06-13'}
[2024-06-16T07:25:35.369+0000] {file_jsons_to_postgres.py:115} INFO - Inserting entry: {'name': 'Praneeth', 'email': 'dvd@p.cy', 'date': '2024-06-13'}
[2024-06-16T07:25:35.370+0000] {file_jsons_to_postgres.py:115} INFO - Inserting entry: {'name': 'Krishna', 'email': '2ku2#w^@t.nap', 'date': '2013-06-24'}
[2024-06-16T07:25:35.371+0000] {file_jsons_to_postgres.py:115} INFO - Inserting entry: {'name': 'Vishnu', 'email': '5g4%7zx@tdezuglaq.qct', 'date': '2024-06-13'}
[2024-06-16T07:25:35.371+0000] {file_jsons_to_postgres.py:115} INFO - Inserting entry: {'name': 'Karnati', 'email': 'ic%k2m$@b.xot', 'date': '2024-06-13'}
[2024-06-16T07:25:35.372+0000] {file_jsons_to_postgres.py:115} INFO - Inserting entry: {'name': 'Kadagalla', 'email': 'us6p2@omzqzgzq.xr', 'date': '2024-01-13'}
[2024-06-16T07:25:35.374+0000] {file_jsons_to_postgres.py:115} INFO - Inserting entry: {'name': 'Srikanth', 'email': '8t0%@chwwxdopm.yjr', 'date': '2013-06-24'}
[2024-06-16T07:25:35.375+0000] {file_jsons_to_postgres.py:115} INFO - Inserting entry: {'name': 'Suma', 'email': 'x2nl!gquvb@ubmr.rtf', 'date': '2024-06-13'}
[2024-06-16T07:25:35.376+0000] {file_jsons_to_postgres.py:115} INFO - Inserting entry: {'name': 'Chirneni', 'email': '5a9&rb#@o.vst', 'date': '2024-06-13'}
[2024-06-16T07:25:35.377+0000] {file_jsons_to_postgres.py:115} INFO - Inserting entry: {'name': 'Chandrakanth', 'email': '000*s@pjw.gp', 'date': '2024-06-13'}
[2024-06-16T07:25:35.378+0000] {file_jsons_to_postgres.py:115} INFO - Inserting entry: {'name': 'Sivani', 'email': 'pmjd$yw4e9@lgkrormz.hww', 'date': '2024-01-13'}
[2024-06-16T07:25:35.379+0000] {file_jsons_to_postgres.py:115} INFO - Inserting entry: {'name': 'Karnati', 'email': 'wtror84uh@n.dak', 'date': '2024-06-13'}
[2024-06-16T07:25:35.380+0000] {file_jsons_to_postgres.py:115} INFO - Inserting entry: {'name': 'Koti', 'email': 'mu@hekfylz.wk', 'date': '2024-06-13'}
[2024-06-16T07:25:35.383+0000] {file_jsons_to_postgres.py:115} INFO - Inserting entry: {'name': 'Vadlamudi', 'email': 'n7$3p5o$6w@tyztxdmvt.ik', 'date': '2024-06-13'}
[2024-06-16T07:25:35.384+0000] {file_jsons_to_postgres.py:115} INFO - Inserting entry: {'name': 'Bharath', 'email': '3gs@ojzqa.kaf', 'date': '2024-06-13'}
[2024-06-16T07:25:35.385+0000] {file_jsons_to_postgres.py:115} INFO - Inserting entry: {'name': 'Raghu', 'email': 'omj0@vledemaeo.vj', 'date': '2024-06-13'}
[2024-06-16T07:25:35.386+0000] {file_jsons_to_postgres.py:115} INFO - Inserting entry: {'name': 'Anyam', 'email': 'h3jn@ejjyeayx.dwp', 'date': '2024-06-13'}
[2024-06-16T07:25:35.388+0000] {file_jsons_to_postgres.py:115} INFO - Inserting entry: {'name': 'Dathrika', 'email': '627%uak^rl@nz.qz', 'date': '2024-06-13'}
[2024-06-16T07:25:35.389+0000] {file_jsons_to_postgres.py:115} INFO - Inserting entry: {'name': 'Bahoju', 'email': '22io48!1%@knapgqrq.hd', 'date': '2024-06-13'}
[2024-06-16T07:25:35.390+0000] {file_jsons_to_postgres.py:115} INFO - Inserting entry: {'name': 'Anwesh', 'email': 'hgy2%@qppsrb.vg', 'date': '2024-06-13'}
[2024-06-16T07:25:35.391+0000] {file_jsons_to_postgres.py:115} INFO - Inserting entry: {'name': 'Narandas', 'email': '4$wo97@gw.yh', 'date': '2024-06-13'}
[2024-06-16T07:25:35.392+0000] {file_jsons_to_postgres.py:115} INFO - Inserting entry: {'name': 'Praneeth', 'email': '1z%2p@wxnux.cf', 'date': '2024-06-13'}
[2024-06-16T07:25:35.393+0000] {file_jsons_to_postgres.py:115} INFO - Inserting entry: {'name': 'Spandana', 'email': 't*.@qg.pey', 'date': '2024-06-13'}
[2024-06-16T07:25:35.395+0000] {file_jsons_to_postgres.py:115} INFO - Inserting entry: {'name': 'Pottabathini', 'email': '8cdz&m@vvojyh.dlp', 'date': '2024-06-13'}
[2024-06-16T07:25:35.396+0000] {file_jsons_to_postgres.py:115} INFO - Inserting entry: {'name': 'Anwesh', 'email': 'fw0jrmo7@upft.kh', 'date': '2024-06-13'}
[2024-06-16T07:25:35.397+0000] {file_jsons_to_postgres.py:115} INFO - Inserting entry: {'name': 'Chary', 'email': 'x5.@ltjpapjcw.rhp', 'date': '2024-06-13'}
[2024-06-16T07:25:35.398+0000] {file_jsons_to_postgres.py:115} INFO - Inserting entry: {'name': 'Vemuri', 'email': '34*2851o@pila.kj', 'date': '2024-06-13'}
[2024-06-16T07:25:35.400+0000] {file_jsons_to_postgres.py:121} INFO - Data insertion completed successfully.
[2024-06-16T07:25:35.400+0000] {python.py:237} INFO - Done. Returned value was: None
[2024-06-16T07:25:35.400+0000] {taskinstance.py:441} INFO - ::group::Post task execution logs
[2024-06-16T07:25:35.410+0000] {taskinstance.py:1206} INFO - Marking task as SUCCESS. dag_id=***_example, task_id=insert_json, run_id=scheduled__2024-06-15T00:00:00+00:00, execution_date=20240615T000000, start_date=20240616T072534, end_date=20240616T072535
[2024-06-16T07:25:35.443+0000] {local_task_job_runner.py:240} INFO - Task exited with return code 0
[2024-06-16T07:25:35.462+0000] {taskinstance.py:3498} INFO - 0 downstream tasks scheduled from follow-on schedule check
[2024-06-16T07:25:35.463+0000] {local_task_job_runner.py:222} INFO - ::endgroup::
