[2024-06-20T18:59:57.814+0000] {local_task_job_runner.py:120} INFO - ::group::Pre task execution logs
[2024-06-20T18:59:57.840+0000] {taskinstance.py:2076} INFO - Dependencies all met for dep_context=non-requeueable deps ti=<TaskInstance: alerting_all_dags_using_apis.get_all_dag_ids_last_limit_run_ids manual__2024-06-20T18:58:53.214498+00:00 [queued]>
[2024-06-20T18:59:57.851+0000] {taskinstance.py:2076} INFO - Dependencies all met for dep_context=requeueable deps ti=<TaskInstance: alerting_all_dags_using_apis.get_all_dag_ids_last_limit_run_ids manual__2024-06-20T18:58:53.214498+00:00 [queued]>
[2024-06-20T18:59:57.851+0000] {taskinstance.py:2306} INFO - Starting attempt 2 of 6
[2024-06-20T18:59:57.869+0000] {taskinstance.py:2330} INFO - Executing <Task(PythonOperator): get_all_dag_ids_last_limit_run_ids> on 2024-06-20 18:58:53.214498+00:00
[2024-06-20T18:59:57.873+0000] {warnings.py:110} WARNING - /home/***/.local/lib/python3.12/site-packages/***/task/task_runner/standard_task_runner.py:61: DeprecationWarning: This process (pid=2268) is multi-threaded, use of fork() may lead to deadlocks in the child.
  pid = os.fork()

[2024-06-20T18:59:57.874+0000] {standard_task_runner.py:63} INFO - Started process 2269 to run task
[2024-06-20T18:59:57.875+0000] {standard_task_runner.py:90} INFO - Running: ['***', 'tasks', 'run', 'alerting_all_dags_using_apis', 'get_all_dag_ids_last_limit_run_ids', 'manual__2024-06-20T18:58:53.214498+00:00', '--job-id', '2696', '--raw', '--subdir', 'DAGS_FOLDER/alerting_all_dags_using_apis.py', '--cfg-path', '/tmp/tmp3os6dcbe']
[2024-06-20T18:59:57.876+0000] {standard_task_runner.py:91} INFO - Job 2696: Subtask get_all_dag_ids_last_limit_run_ids
[2024-06-20T18:59:57.920+0000] {task_command.py:426} INFO - Running <TaskInstance: alerting_all_dags_using_apis.get_all_dag_ids_last_limit_run_ids manual__2024-06-20T18:58:53.214498+00:00 [running]> on host e66744caf823
[2024-06-20T18:59:58.029+0000] {taskinstance.py:2648} INFO - Exporting env vars: AIRFLOW_CTX_DAG_OWNER='***' AIRFLOW_CTX_DAG_ID='alerting_all_dags_using_apis' AIRFLOW_CTX_TASK_ID='get_all_dag_ids_last_limit_run_ids' AIRFLOW_CTX_EXECUTION_DATE='2024-06-20T18:58:53.214498+00:00' AIRFLOW_CTX_TRY_NUMBER='2' AIRFLOW_CTX_DAG_RUN_ID='manual__2024-06-20T18:58:53.214498+00:00'
[2024-06-20T18:59:58.030+0000] {taskinstance.py:430} INFO - ::endgroup::
[2024-06-20T18:59:58.043+0000] {helper_functions.py:184} INFO - Requesting http://***:***@172.240.2.7:8080/api/v1/dags/{'dag_display_name': 'alerting_all_dags_using_apis', 'dag_id': 'alerting_all_dags_using_apis', 'default_view': 'grid', 'description': 'Check all the DAGs that are active and check the latest runs of each active DAGs and based on the state Alert to Slack', 'file_token': 'Ii9vcHQvYWlyZmxvdy9kYWdzL2FsZXJ0aW5nX2FsbF9kYWdzX3VzaW5nX2FwaXMucHki.Vgr9cxYY1Pm8yE58RkkVitn2sVE', 'fileloc': '/opt/***/dags/alerting_all_dags_using_apis.py', 'has_import_errors': False, 'has_task_concurrency_limits': False, 'is_active': True, 'is_paused': False, 'is_subdag': False, 'last_expired': None, 'last_parsed_time': '2024-06-20T18:58:26.797259+00:00', 'last_pickled': None, 'max_active_runs': 16, 'max_active_tasks': 16, 'max_consecutive_failed_dag_runs': 0, 'next_dagrun': '2024-06-20T18:45:00+00:00', 'next_dagrun_create_after': '2024-06-20T19:00:00+00:00', 'next_dagrun_data_interval_end': '2024-06-20T19:00:00+00:00', 'next_dagrun_data_interval_start': '2024-06-20T18:45:00+00:00', 'owners': ['***'], 'pickle_id': None, 'root_dag_id': None, 'schedule_interval': {'__type': 'CronExpression', 'value': '*/15 * * * *'}, 'scheduler_lock': None, 'tags': [], 'timetable_description': 'Every 15 minutes'}/dagRuns?limit=3&order_by=-start_date
[2024-06-20T18:59:58.057+0000] {taskinstance.py:441} INFO - ::group::Post task execution logs
[2024-06-20T18:59:58.058+0000] {taskinstance.py:2905} ERROR - Task failed with exception
Traceback (most recent call last):
  File "/home/airflow/.local/lib/python3.12/site-packages/airflow/models/taskinstance.py", line 465, in _execute_task
    result = _execute_callable(context=context, **execute_callable_kwargs)
             ^^^^^^^^^^^^^^^^^^^^^^^^^^^^^^^^^^^^^^^^^^^^^^^^^^^^^^^^^^^^^
  File "/home/airflow/.local/lib/python3.12/site-packages/airflow/models/taskinstance.py", line 432, in _execute_callable
    return execute_callable(context=context, **execute_callable_kwargs)
           ^^^^^^^^^^^^^^^^^^^^^^^^^^^^^^^^^^^^^^^^^^^^^^^^^^^^^^^^^^^^
  File "/home/airflow/.local/lib/python3.12/site-packages/airflow/models/baseoperator.py", line 400, in wrapper
    return func(self, *args, **kwargs)
           ^^^^^^^^^^^^^^^^^^^^^^^^^^^
  File "/home/airflow/.local/lib/python3.12/site-packages/airflow/operators/python.py", line 235, in execute
    return_value = self.execute_callable()
                   ^^^^^^^^^^^^^^^^^^^^^^^
  File "/home/airflow/.local/lib/python3.12/site-packages/airflow/operators/python.py", line 252, in execute_callable
    return self.python_callable(*self.op_args, **self.op_kwargs)
           ^^^^^^^^^^^^^^^^^^^^^^^^^^^^^^^^^^^^^^^^^^^^^^^^^^^^^
  File "/opt/airflow/dags/helper_functions.py", line 186, in get_all_dag_ids_last_limit_run_ids
    response.raise_for_status()
  File "/home/airflow/.local/lib/python3.12/site-packages/requests/models.py", line 1021, in raise_for_status
    raise HTTPError(http_error_msg, response=self)
requests.exceptions.HTTPError: 404 Client Error: NOT FOUND for url: http://***:***@172.240.2.7:8080/api/v1/dags/%7B'dag_display_name':%20'alerting_all_dags_using_apis',%20'dag_id':%20'alerting_all_dags_using_apis',%20'default_view':%20'grid',%20'description':%20'Check%20all%20the%20DAGs%20that%20are%20active%20and%20check%20the%20latest%20runs%20of%20each%20active%20DAGs%20and%20based%20on%20the%20state%20Alert%20to%20Slack',%20'file_token':%20'Ii9vcHQvYWlyZmxvdy9kYWdzL2FsZXJ0aW5nX2FsbF9kYWdzX3VzaW5nX2FwaXMucHki.Vgr9cxYY1Pm8yE58RkkVitn2sVE',%20'fileloc':%20'/opt/***/dags/alerting_all_dags_using_apis.py',%20'has_import_errors':%20False,%20'has_task_concurrency_limits':%20False,%20'is_active':%20True,%20'is_paused':%20False,%20'is_subdag':%20False,%20'last_expired':%20None,%20'last_parsed_time':%20'2024-06-20T18:58:26.797259+00:00',%20'last_pickled':%20None,%20'max_active_runs':%2016,%20'max_active_tasks':%2016,%20'max_consecutive_failed_dag_runs':%200,%20'next_dagrun':%20'2024-06-20T18:45:00+00:00',%20'next_dagrun_create_after':%20'2024-06-20T19:00:00+00:00',%20'next_dagrun_data_interval_end':%20'2024-06-20T19:00:00+00:00',%20'next_dagrun_data_interval_start':%20'2024-06-20T18:45:00+00:00',%20'owners':%20%5B'***'%5D,%20'pickle_id':%20None,%20'root_dag_id':%20None,%20'schedule_interval':%20%7B'__type':%20'CronExpression',%20'value':%20'*/15%20*%20*%20*%20*'%7D,%20'scheduler_lock':%20None,%20'tags':%20%5B%5D,%20'timetable_description':%20'Every%2015%20minutes'%7D/dagRuns?limit=3&order_by=-start_date
[2024-06-20T18:59:58.067+0000] {taskinstance.py:1206} INFO - Marking task as UP_FOR_RETRY. dag_id=alerting_all_dags_using_apis, task_id=get_all_dag_ids_last_limit_run_ids, run_id=manual__2024-06-20T18:58:53.214498+00:00, execution_date=20240620T185853, start_date=20240620T185957, end_date=20240620T185958
[2024-06-20T18:59:58.079+0000] {standard_task_runner.py:110} ERROR - Failed to execute job 2696 for task get_all_dag_ids_last_limit_run_ids (404 Client Error: NOT FOUND for url: http://***:***@172.240.2.7:8080/api/v1/dags/%7B'dag_display_name':%20'alerting_all_dags_using_apis',%20'dag_id':%20'alerting_all_dags_using_apis',%20'default_view':%20'grid',%20'description':%20'Check%20all%20the%20DAGs%20that%20are%20active%20and%20check%20the%20latest%20runs%20of%20each%20active%20DAGs%20and%20based%20on%20the%20state%20Alert%20to%20Slack',%20'file_token':%20'Ii9vcHQvYWlyZmxvdy9kYWdzL2FsZXJ0aW5nX2FsbF9kYWdzX3VzaW5nX2FwaXMucHki.Vgr9cxYY1Pm8yE58RkkVitn2sVE',%20'fileloc':%20'/opt/***/dags/alerting_all_dags_using_apis.py',%20'has_import_errors':%20False,%20'has_task_concurrency_limits':%20False,%20'is_active':%20True,%20'is_paused':%20False,%20'is_subdag':%20False,%20'last_expired':%20None,%20'last_parsed_time':%20'2024-06-20T18:58:26.797259+00:00',%20'last_pickled':%20None,%20'max_active_runs':%2016,%20'max_active_tasks':%2016,%20'max_consecutive_failed_dag_runs':%200,%20'next_dagrun':%20'2024-06-20T18:45:00+00:00',%20'next_dagrun_create_after':%20'2024-06-20T19:00:00+00:00',%20'next_dagrun_data_interval_end':%20'2024-06-20T19:00:00+00:00',%20'next_dagrun_data_interval_start':%20'2024-06-20T18:45:00+00:00',%20'owners':%20%5B'***'%5D,%20'pickle_id':%20None,%20'root_dag_id':%20None,%20'schedule_interval':%20%7B'__type':%20'CronExpression',%20'value':%20'*/15%20*%20*%20*%20*'%7D,%20'scheduler_lock':%20None,%20'tags':%20%5B%5D,%20'timetable_description':%20'Every%2015%20minutes'%7D/dagRuns?limit=3&order_by=-start_date; 2269)
[2024-06-20T18:59:58.088+0000] {local_task_job_runner.py:240} INFO - Task exited with return code 1
[2024-06-20T18:59:58.111+0000] {taskinstance.py:3498} INFO - 0 downstream tasks scheduled from follow-on schedule check
[2024-06-20T18:59:58.115+0000] {local_task_job_runner.py:222} INFO - ::endgroup::
