[2024-06-12T11:24:12.369+0000] {local_task_job_runner.py:120} INFO - ::group::Pre task execution logs
[2024-06-12T11:24:12.397+0000] {taskinstance.py:2076} INFO - Dependencies all met for dep_context=non-requeueable deps ti=<TaskInstance: airflow_example.insert_json manual__2024-06-12T11:24:06.274562+00:00 [queued]>
[2024-06-12T11:24:12.410+0000] {taskinstance.py:2076} INFO - Dependencies all met for dep_context=requeueable deps ti=<TaskInstance: airflow_example.insert_json manual__2024-06-12T11:24:06.274562+00:00 [queued]>
[2024-06-12T11:24:12.410+0000] {taskinstance.py:2306} INFO - Starting attempt 1 of 6
[2024-06-12T11:24:12.430+0000] {taskinstance.py:2330} INFO - Executing <Task(PythonOperator): insert_json> on 2024-06-12 11:24:06.274562+00:00
[2024-06-12T11:24:12.438+0000] {warnings.py:110} WARNING - /home/***/.local/lib/python3.12/site-packages/***/task/task_runner/standard_task_runner.py:61: DeprecationWarning: This process (pid=3877) is multi-threaded, use of fork() may lead to deadlocks in the child.
  pid = os.fork()

[2024-06-12T11:24:12.439+0000] {standard_task_runner.py:63} INFO - Started process 3878 to run task
[2024-06-12T11:24:12.439+0000] {standard_task_runner.py:90} INFO - Running: ['***', 'tasks', 'run', '***_example', 'insert_json', 'manual__2024-06-12T11:24:06.274562+00:00', '--job-id', '165', '--raw', '--subdir', 'DAGS_FOLDER/file_jsons_to_postgres.py', '--cfg-path', '/tmp/tmpcom9ww5i']
[2024-06-12T11:24:12.440+0000] {standard_task_runner.py:91} INFO - Job 165: Subtask insert_json
[2024-06-12T11:24:12.497+0000] {task_command.py:426} INFO - Running <TaskInstance: airflow_example.insert_json manual__2024-06-12T11:24:06.274562+00:00 [running]> on host 7bea3768514b
[2024-06-12T11:24:12.615+0000] {taskinstance.py:2648} INFO - Exporting env vars: AIRFLOW_CTX_DAG_OWNER='***' AIRFLOW_CTX_DAG_ID='***_example' AIRFLOW_CTX_TASK_ID='insert_json' AIRFLOW_CTX_EXECUTION_DATE='2024-06-12T11:24:06.274562+00:00' AIRFLOW_CTX_TRY_NUMBER='1' AIRFLOW_CTX_DAG_RUN_ID='manual__2024-06-12T11:24:06.274562+00:00'
[2024-06-12T11:24:12.616+0000] {taskinstance.py:430} INFO - ::endgroup::
[2024-06-12T11:24:12.648+0000] {file_jsons_to_postgres.py:98} INFO - Inserting entry: {'name': 'nikhil11', 'phoneNumber': '6234567890', 'date': '2022-05-11T10:08:00.026Z', 'email': 'N!k#!1$*@gmail.com'}
[2024-06-12T11:24:12.650+0000] {file_jsons_to_postgres.py:98} INFO - Inserting entry: {'name': 'nikhil1', 'phoneNumber': '6234567890', 'date': '2022-05-11T10:08:00.026Z', 'email': 'N!k#!1$*@gmail.com'}
[2024-06-12T11:24:12.651+0000] {file_jsons_to_postgres.py:98} INFO - Inserting entry: {'name': 'nikhil12', 'phoneNumber': '6234567890', 'date': '2022-05-11T10:08:00.026Z', 'email': 'N!k#!1$*@gmail.com'}
[2024-06-12T11:24:12.653+0000] {file_jsons_to_postgres.py:101} INFO - Data insertion completed successfully.
[2024-06-12T11:24:12.653+0000] {python.py:237} INFO - Done. Returned value was: None
[2024-06-12T11:24:12.654+0000] {taskinstance.py:441} INFO - ::group::Post task execution logs
[2024-06-12T11:24:12.667+0000] {taskinstance.py:1206} INFO - Marking task as SUCCESS. dag_id=***_example, task_id=insert_json, run_id=manual__2024-06-12T11:24:06.274562+00:00, execution_date=20240612T112406, start_date=20240612T112412, end_date=20240612T112412
[2024-06-12T11:24:12.698+0000] {local_task_job_runner.py:240} INFO - Task exited with return code 0
[2024-06-12T11:24:12.720+0000] {taskinstance.py:3498} INFO - 0 downstream tasks scheduled from follow-on schedule check
[2024-06-12T11:24:12.721+0000] {local_task_job_runner.py:222} INFO - ::endgroup::
