[2024-06-13T07:07:40.126+0000] {local_task_job_runner.py:120} INFO - ::group::Pre task execution logs
[2024-06-13T07:07:40.155+0000] {taskinstance.py:2076} INFO - Dependencies all met for dep_context=non-requeueable deps ti=<TaskInstance: airflow_example.read_file manual__2024-06-13T07:07:38.511205+00:00 [queued]>
[2024-06-13T07:07:40.167+0000] {taskinstance.py:2076} INFO - Dependencies all met for dep_context=requeueable deps ti=<TaskInstance: airflow_example.read_file manual__2024-06-13T07:07:38.511205+00:00 [queued]>
[2024-06-13T07:07:40.167+0000] {taskinstance.py:2306} INFO - Starting attempt 1 of 6
[2024-06-13T07:07:40.184+0000] {taskinstance.py:2330} INFO - Executing <Task(PythonOperator): read_file> on 2024-06-13 07:07:38.511205+00:00
[2024-06-13T07:07:40.190+0000] {warnings.py:110} WARNING - /home/***/.local/lib/python3.12/site-packages/***/task/task_runner/standard_task_runner.py:61: DeprecationWarning: This process (pid=1247) is multi-threaded, use of fork() may lead to deadlocks in the child.
  pid = os.fork()

[2024-06-13T07:07:40.191+0000] {standard_task_runner.py:63} INFO - Started process 1248 to run task
[2024-06-13T07:07:40.191+0000] {standard_task_runner.py:90} INFO - Running: ['***', 'tasks', 'run', '***_example', 'read_file', 'manual__2024-06-13T07:07:38.511205+00:00', '--job-id', '250', '--raw', '--subdir', 'DAGS_FOLDER/file_jsons_to_postgres.py', '--cfg-path', '/tmp/tmpwb8d76m_']
[2024-06-13T07:07:40.192+0000] {standard_task_runner.py:91} INFO - Job 250: Subtask read_file
[2024-06-13T07:07:40.240+0000] {task_command.py:426} INFO - Running <TaskInstance: airflow_example.read_file manual__2024-06-13T07:07:38.511205+00:00 [running]> on host 8cc8d7c9eee4
[2024-06-13T07:07:40.338+0000] {taskinstance.py:2648} INFO - Exporting env vars: AIRFLOW_CTX_DAG_OWNER='***' AIRFLOW_CTX_DAG_ID='***_example' AIRFLOW_CTX_TASK_ID='read_file' AIRFLOW_CTX_EXECUTION_DATE='2024-06-13T07:07:38.511205+00:00' AIRFLOW_CTX_TRY_NUMBER='1' AIRFLOW_CTX_DAG_RUN_ID='manual__2024-06-13T07:07:38.511205+00:00'
[2024-06-13T07:07:40.338+0000] {taskinstance.py:430} INFO - ::endgroup::
[2024-06-13T07:07:40.354+0000] {file_jsons_to_postgres.py:31} INFO - Loaded JSON data: [{'name': 'Bharath', 'email': 'fkk@lechzb.dx', 'date': '2024-00-01'}, {'name': 'Davis', 'email': '#v@g.joo', 'date': '13/06/24'}, {'name': 'Ganji', 'email': '9@ujrdoirgr.cnx', 'date': '2024/15/06'}, {'name': 'Addala', 'email': 'f6o@ubsdvm.uk', 'date': '06.13.24'}, {'name': 'Vasamsetti', 'email': 'cpx@k.bkt', 'date': '2024-13-01'}, {'name': 'Chandra', 'email': '!ray&xx6.@xzuvqmtrx.hpf', 'date': '2024-06-32'}, {'name': 'Majji', 'email': '!#y154^hr@v.ab', 'date': '13.06.2024'}, {'name': 'Arun', 'email': 's1@hb&@9@e.yxx', 'date': '13.06.2024'}, {'name': 'Nimmaturi', 'email': '1$*7$7uqs@vvww.fn', 'date': '2024-00-01'}, {'name': 'Narandas', 'email': 'r$!@yg.je', 'date': '06/13/2024'}, {'name': 'Rayapusetty', 'email': 'viuy.1^^nx@wypa.kt', 'date': '2024-06-32'}, {'name': 'Anwesh', 'email': '59k@bnezfvhqq.sh', 'date': '2024-00-01'}, {'name': 'Nikhil', 'email': '23@qwoslcf.lpo', 'date': '13/06/24'}, {'name': 'Chandrakanth', 'email': 'pfu$wl!v@joni.ev', 'date': '2024-06-32'}, {'name': 'Ushasri', 'email': 'xhn$0wf@kvoe.nu', 'date': '2024-06-13'}, {'name': 'Sai', 'email': 'mz.%3zi@lgocnwmo.hun', 'date': '13/06/24'}, {'name': 'Adepu', 'email': '1l50w@tuoxe.st', 'date': '2024-02-30'}, {'name': 'Arun', 'email': '3f@cyu.ahf', 'date': '2024-06-13'}, {'name': 'Adepu', 'email': '6*w@hvl.xg', 'date': '13.06.2024'}, {'name': 'Sanka', 'email': '&pfjus@o.jv', 'date': '2024-13-01'}, {'name': 'Kaithapu', 'email': 'wl74ywl@fhzoh.fz', 'date': '2024-06-13'}, {'name': 'Rayapusetty', 'email': 'y11qg@tofspltnw.qfl', 'date': '13/06/24'}, {'name': 'Udugula', 'email': '&wbxb&t*q@alwq.dia', 'date': '06/13/2024'}, {'name': 'Saketh', 'email': 'uh@epodwtld.xy', 'date': '2024-02-30'}, {'name': 'Sadvika', 'email': '8%@zianypbt.sg', 'date': '2024-02-30'}, {'name': 'Manideep', 'email': 'a8o8.0d$@b.cko', 'date': '2024/15/06'}, {'name': 'Shareef', 'email': 'q*6sjzzus@uirlvyy.oa', 'date': '2024-06-32'}, {'name': 'Kiran', 'email': 'u5^nm53@zfjxra.yzh', 'date': '06.13.24'}, {'name': 'Sridhar', 'email': 'wg.@gz.ixw', 'date': '24-06-13'}, {'name': 'Karnati', 'email': 'ndt6!yf@aedje.jrp', 'date': '2024-06-32'}]
[2024-06-13T07:07:40.370+0000] {python.py:237} INFO - Done. Returned value was: None
[2024-06-13T07:07:40.371+0000] {taskinstance.py:441} INFO - ::group::Post task execution logs
[2024-06-13T07:07:40.379+0000] {taskinstance.py:1206} INFO - Marking task as SUCCESS. dag_id=***_example, task_id=read_file, run_id=manual__2024-06-13T07:07:38.511205+00:00, execution_date=20240613T070738, start_date=20240613T070740, end_date=20240613T070740
[2024-06-13T07:07:40.404+0000] {local_task_job_runner.py:240} INFO - Task exited with return code 0
[2024-06-13T07:07:40.436+0000] {taskinstance.py:3498} INFO - 1 downstream tasks scheduled from follow-on schedule check
[2024-06-13T07:07:40.438+0000] {local_task_job_runner.py:222} INFO - ::endgroup::
