[2024-06-12T07:05:52.056+0000] {local_task_job_runner.py:120} INFO - ::group::Pre task execution logs
[2024-06-12T07:05:52.086+0000] {taskinstance.py:2076} INFO - Dependencies all met for dep_context=non-requeueable deps ti=<TaskInstance: manual_json_to_postgres4.process_json manual__2024-06-12T07:05:50.830559+00:00 [queued]>
[2024-06-12T07:05:52.098+0000] {taskinstance.py:2076} INFO - Dependencies all met for dep_context=requeueable deps ti=<TaskInstance: manual_json_to_postgres4.process_json manual__2024-06-12T07:05:50.830559+00:00 [queued]>
[2024-06-12T07:05:52.098+0000] {taskinstance.py:2306} INFO - Starting attempt 1 of 6
[2024-06-12T07:05:52.115+0000] {taskinstance.py:2330} INFO - Executing <Task(PythonOperator): process_json> on 2024-06-12 07:05:50.830559+00:00
[2024-06-12T07:05:52.121+0000] {warnings.py:110} WARNING - /home/***/.local/lib/python3.12/site-packages/***/task/task_runner/standard_task_runner.py:61: DeprecationWarning: This process (pid=1730) is multi-threaded, use of fork() may lead to deadlocks in the child.
  pid = os.fork()

[2024-06-12T07:05:52.123+0000] {standard_task_runner.py:63} INFO - Started process 1731 to run task
[2024-06-12T07:05:52.123+0000] {standard_task_runner.py:90} INFO - Running: ['***', 'tasks', 'run', 'manual_json_to_postgres4', 'process_json', 'manual__2024-06-12T07:05:50.830559+00:00', '--job-id', '130', '--raw', '--subdir', 'DAGS_FOLDER/manual_json_to_postgres.py', '--cfg-path', '/tmp/tmpa2mnpqri']
[2024-06-12T07:05:52.125+0000] {standard_task_runner.py:91} INFO - Job 130: Subtask process_json
[2024-06-12T07:05:52.177+0000] {task_command.py:426} INFO - Running <TaskInstance: manual_json_to_postgres4.process_json manual__2024-06-12T07:05:50.830559+00:00 [running]> on host 7bea3768514b
[2024-06-12T07:05:52.307+0000] {taskinstance.py:2648} INFO - Exporting env vars: AIRFLOW_CTX_DAG_OWNER='***' AIRFLOW_CTX_DAG_ID='manual_json_to_postgres4' AIRFLOW_CTX_TASK_ID='process_json' AIRFLOW_CTX_EXECUTION_DATE='2024-06-12T07:05:50.830559+00:00' AIRFLOW_CTX_TRY_NUMBER='1' AIRFLOW_CTX_DAG_RUN_ID='manual__2024-06-12T07:05:50.830559+00:00'
[2024-06-12T07:05:52.308+0000] {taskinstance.py:430} INFO - ::endgroup::
[2024-06-12T07:05:52.329+0000] {manual_json_to_postgres.py:70} ERROR - Error processing JSON data: [Errno 2] No such file or directory: '/home/***/data/dataForAirflow.txt'
[2024-06-12T07:05:52.330+0000] {python.py:237} INFO - Done. Returned value was: None
[2024-06-12T07:05:52.331+0000] {taskinstance.py:441} INFO - ::group::Post task execution logs
[2024-06-12T07:05:52.343+0000] {taskinstance.py:1206} INFO - Marking task as SUCCESS. dag_id=manual_json_to_postgres4, task_id=process_json, run_id=manual__2024-06-12T07:05:50.830559+00:00, execution_date=20240612T070550, start_date=20240612T070552, end_date=20240612T070552
[2024-06-12T07:05:52.381+0000] {local_task_job_runner.py:240} INFO - Task exited with return code 0
[2024-06-12T07:05:52.405+0000] {taskinstance.py:3498} INFO - 0 downstream tasks scheduled from follow-on schedule check
[2024-06-12T07:05:52.407+0000] {local_task_job_runner.py:222} INFO - ::endgroup::
