[2024-06-17T16:50:02.025+0000] {local_task_job_runner.py:120} INFO - ::group::Pre task execution logs
[2024-06-17T16:50:02.054+0000] {taskinstance.py:2076} INFO - Dependencies all met for dep_context=non-requeueable deps ti=<TaskInstance: alerting_skipped.task1 scheduled__2024-06-17T16:45:00+00:00 [queued]>
[2024-06-17T16:50:02.067+0000] {taskinstance.py:2076} INFO - Dependencies all met for dep_context=requeueable deps ti=<TaskInstance: alerting_skipped.task1 scheduled__2024-06-17T16:45:00+00:00 [queued]>
[2024-06-17T16:50:02.067+0000] {taskinstance.py:2306} INFO - Starting attempt 1 of 6
[2024-06-17T16:50:02.085+0000] {taskinstance.py:2330} INFO - Executing <Task(PythonOperator): task1> on 2024-06-17 16:45:00+00:00
[2024-06-17T16:50:02.091+0000] {warnings.py:110} WARNING - /home/***/.local/lib/python3.12/site-packages/***/task/task_runner/standard_task_runner.py:61: DeprecationWarning: This process (pid=6884) is multi-threaded, use of fork() may lead to deadlocks in the child.
  pid = os.fork()

[2024-06-17T16:50:02.092+0000] {standard_task_runner.py:63} INFO - Started process 6885 to run task
[2024-06-17T16:50:02.093+0000] {standard_task_runner.py:90} INFO - Running: ['***', 'tasks', 'run', 'alerting_skipped', 'task1', 'scheduled__2024-06-17T16:45:00+00:00', '--job-id', '380', '--raw', '--subdir', 'DAGS_FOLDER/alerting_skipped.py', '--cfg-path', '/tmp/tmpiyeptq6j']
[2024-06-17T16:50:02.094+0000] {standard_task_runner.py:91} INFO - Job 380: Subtask task1
[2024-06-17T16:50:02.145+0000] {task_command.py:426} INFO - Running <TaskInstance: alerting_skipped.task1 scheduled__2024-06-17T16:45:00+00:00 [running]> on host 4d71c837c754
[2024-06-17T16:50:02.257+0000] {taskinstance.py:2648} INFO - Exporting env vars: AIRFLOW_CTX_DAG_OWNER='***' AIRFLOW_CTX_DAG_ID='alerting_skipped' AIRFLOW_CTX_TASK_ID='task1' AIRFLOW_CTX_EXECUTION_DATE='2024-06-17T16:45:00+00:00' AIRFLOW_CTX_TRY_NUMBER='1' AIRFLOW_CTX_DAG_RUN_ID='scheduled__2024-06-17T16:45:00+00:00'
[2024-06-17T16:50:02.258+0000] {taskinstance.py:430} INFO - ::endgroup::
[2024-06-17T16:50:02.275+0000] {alerting_skipped.py:28} INFO - Skipping task as intended.
[2024-06-17T16:50:02.276+0000] {taskinstance.py:441} INFO - ::group::Post task execution logs
[2024-06-17T16:50:02.276+0000] {taskinstance.py:2506} INFO - This task is intentionally skipped
[2024-06-17T16:50:02.288+0000] {taskinstance.py:1206} INFO - Marking task as SKIPPED. dag_id=alerting_skipped, task_id=task1, run_id=scheduled__2024-06-17T16:45:00+00:00, execution_date=20240617T164500, start_date=20240617T165002, end_date=20240617T165002
[2024-06-17T16:50:02.346+0000] {local_task_job_runner.py:240} INFO - Task exited with return code 0
[2024-06-17T16:50:02.375+0000] {taskinstance.py:3498} INFO - 0 downstream tasks scheduled from follow-on schedule check
[2024-06-17T16:50:02.380+0000] {local_task_job_runner.py:222} INFO - ::endgroup::
