[2024-06-18T15:04:13.921+0000] {local_task_job_runner.py:120} INFO - ::group::Pre task execution logs
[2024-06-18T15:04:13.954+0000] {taskinstance.py:2076} INFO - Dependencies all met for dep_context=non-requeueable deps ti=<TaskInstance: alerting_skipped.check_previous_run_status manual__2024-06-18T15:04:12.021205+00:00 [queued]>
[2024-06-18T15:04:13.967+0000] {taskinstance.py:2076} INFO - Dependencies all met for dep_context=requeueable deps ti=<TaskInstance: alerting_skipped.check_previous_run_status manual__2024-06-18T15:04:12.021205+00:00 [queued]>
[2024-06-18T15:04:13.967+0000] {taskinstance.py:2306} INFO - Starting attempt 1 of 6
[2024-06-18T15:04:13.988+0000] {taskinstance.py:2330} INFO - Executing <Task(BranchPythonOperator): check_previous_run_status> on 2024-06-18 15:04:12.021205+00:00
[2024-06-18T15:04:13.994+0000] {warnings.py:110} WARNING - /home/***/.local/lib/python3.12/site-packages/***/task/task_runner/standard_task_runner.py:61: DeprecationWarning: This process (pid=6800) is multi-threaded, use of fork() may lead to deadlocks in the child.
  pid = os.fork()

[2024-06-18T15:04:13.995+0000] {standard_task_runner.py:63} INFO - Started process 6801 to run task
[2024-06-18T15:04:13.997+0000] {standard_task_runner.py:90} INFO - Running: ['***', 'tasks', 'run', 'alerting_skipped', 'check_previous_run_status', 'manual__2024-06-18T15:04:12.021205+00:00', '--job-id', '828', '--raw', '--subdir', 'DAGS_FOLDER/alerting_skipped.py', '--cfg-path', '/tmp/tmp4lyx_7lz']
[2024-06-18T15:04:13.999+0000] {standard_task_runner.py:91} INFO - Job 828: Subtask check_previous_run_status
[2024-06-18T15:04:14.049+0000] {task_command.py:426} INFO - Running <TaskInstance: alerting_skipped.check_previous_run_status manual__2024-06-18T15:04:12.021205+00:00 [running]> on host fa5c5d972e05
[2024-06-18T15:04:14.174+0000] {taskinstance.py:2648} INFO - Exporting env vars: AIRFLOW_CTX_DAG_OWNER='***' AIRFLOW_CTX_DAG_ID='alerting_skipped' AIRFLOW_CTX_TASK_ID='check_previous_run_status' AIRFLOW_CTX_EXECUTION_DATE='2024-06-18T15:04:12.021205+00:00' AIRFLOW_CTX_TRY_NUMBER='1' AIRFLOW_CTX_DAG_RUN_ID='manual__2024-06-18T15:04:12.021205+00:00'
[2024-06-18T15:04:14.175+0000] {taskinstance.py:430} INFO - ::endgroup::
[2024-06-18T15:04:14.194+0000] {baseoperator.py:399} WARNING - BranchPythonOperator.execute cannot be called outside TaskInstance!
[2024-06-18T15:04:14.195+0000] {logging_mixin.py:188} INFO - Type of result is  <class 'str'>
[2024-06-18T15:04:14.202+0000] {helper_functions.py:70} ERROR - Error interacting with the database: name 'skip_run' is not defined
[2024-06-18T15:04:14.202+0000] {python.py:237} INFO - Done. Returned value was: skip_run
[2024-06-18T15:04:14.202+0000] {branch.py:36} INFO - Branch into skip_run
[2024-06-18T15:04:14.203+0000] {skipmixin.py:178} INFO - Following branch skip_run
[2024-06-18T15:04:14.220+0000] {skipmixin.py:246} INFO - Skipping tasks [('start_run', -1)]
[2024-06-18T15:04:14.250+0000] {taskinstance.py:441} INFO - ::group::Post task execution logs
[2024-06-18T15:04:14.272+0000] {taskinstance.py:1206} INFO - Marking task as SUCCESS. dag_id=alerting_skipped, task_id=check_previous_run_status, run_id=manual__2024-06-18T15:04:12.021205+00:00, execution_date=20240618T150412, start_date=20240618T150413, end_date=20240618T150414
[2024-06-18T15:04:14.331+0000] {local_task_job_runner.py:240} INFO - Task exited with return code 0
[2024-06-18T15:04:14.362+0000] {taskinstance.py:3498} INFO - 1 downstream tasks scheduled from follow-on schedule check
[2024-06-18T15:04:14.364+0000] {local_task_job_runner.py:222} INFO - ::endgroup::
