[2024-06-26T10:42:29.375+0000] {local_task_job_runner.py:120} INFO - ::group::Pre task execution logs
[2024-06-26T10:42:29.404+0000] {taskinstance.py:2076} INFO - Dependencies all met for dep_context=non-requeueable deps ti=<TaskInstance: demo_dag_for_alerting_final.check_previous_run_status manual__2024-06-26T10:42:27.605606+00:00 [queued]>
[2024-06-26T10:42:29.415+0000] {taskinstance.py:2076} INFO - Dependencies all met for dep_context=requeueable deps ti=<TaskInstance: demo_dag_for_alerting_final.check_previous_run_status manual__2024-06-26T10:42:27.605606+00:00 [queued]>
[2024-06-26T10:42:29.416+0000] {taskinstance.py:2306} INFO - Starting attempt 1 of 6
[2024-06-26T10:42:29.433+0000] {taskinstance.py:2330} INFO - Executing <Task(BranchPythonOperator): check_previous_run_status> on 2024-06-26 10:42:27.605606+00:00
[2024-06-26T10:42:29.441+0000] {warnings.py:110} WARNING - /home/***/.local/lib/python3.12/site-packages/***/task/task_runner/standard_task_runner.py:61: DeprecationWarning: This process (pid=6894) is multi-threaded, use of fork() may lead to deadlocks in the child.
  pid = os.fork()

[2024-06-26T10:42:29.443+0000] {standard_task_runner.py:63} INFO - Started process 6895 to run task
[2024-06-26T10:42:29.443+0000] {standard_task_runner.py:90} INFO - Running: ['***', 'tasks', 'run', 'demo_dag_for_alerting_final', 'check_previous_run_status', 'manual__2024-06-26T10:42:27.605606+00:00', '--job-id', '4388', '--raw', '--subdir', 'DAGS_FOLDER/demo_dag_for_alerting.py', '--cfg-path', '/tmp/tmp3pep8haz']
[2024-06-26T10:42:29.444+0000] {standard_task_runner.py:91} INFO - Job 4388: Subtask check_previous_run_status
[2024-06-26T10:42:29.504+0000] {task_command.py:426} INFO - Running <TaskInstance: demo_dag_for_alerting_final.check_previous_run_status manual__2024-06-26T10:42:27.605606+00:00 [running]> on host ced2311e92d2
[2024-06-26T10:42:29.631+0000] {taskinstance.py:2648} INFO - Exporting env vars: AIRFLOW_CTX_DAG_OWNER='***' AIRFLOW_CTX_DAG_ID='demo_dag_for_alerting_final' AIRFLOW_CTX_TASK_ID='check_previous_run_status' AIRFLOW_CTX_EXECUTION_DATE='2024-06-26T10:42:27.605606+00:00' AIRFLOW_CTX_TRY_NUMBER='1' AIRFLOW_CTX_DAG_RUN_ID='manual__2024-06-26T10:42:27.605606+00:00'
[2024-06-26T10:42:29.632+0000] {taskinstance.py:430} INFO - ::endgroup::
[2024-06-26T10:42:29.649+0000] {baseoperator.py:399} WARNING - BranchPythonOperator.execute cannot be called outside TaskInstance!
[2024-06-26T10:42:29.650+0000] {helper_functions.py:114} INFO - Reading encrypted details from ('/opt/***/dags/postgres_connection.py', '/opt/***/dags/***_api_configuration.py')
[2024-06-26T10:42:29.659+0000] {helper_functions.py:117} INFO - Decrypted postgres connection: {'user': '***', 'password': '***', 'dbname': '***', 'host': '172.240.4.3', 'port': '5432'}
[2024-06-26T10:42:29.663+0000] {helper_functions.py:82} INFO - Executing create table SQL
[2024-06-26T10:42:29.664+0000] {helper_functions.py:86} INFO - Checking existing record for dag_id and task_id
[2024-06-26T10:42:29.666+0000] {helper_functions.py:103} INFO - Inserting new record for demo_dag_for_alerting_final - check_previous_run_status
[2024-06-26T10:42:29.669+0000] {python.py:237} INFO - Done. Returned value was: start_run
[2024-06-26T10:42:29.670+0000] {branch.py:36} INFO - Branch into start_run
[2024-06-26T10:42:29.671+0000] {skipmixin.py:178} INFO - Following branch start_run
[2024-06-26T10:42:29.692+0000] {skipmixin.py:246} INFO - Skipping tasks [('skip_run', -1)]
[2024-06-26T10:42:29.726+0000] {taskinstance.py:441} INFO - ::group::Post task execution logs
[2024-06-26T10:42:29.747+0000] {taskinstance.py:1206} INFO - Marking task as SUCCESS. dag_id=demo_dag_for_alerting_final, task_id=check_previous_run_status, run_id=manual__2024-06-26T10:42:27.605606+00:00, execution_date=20240626T104227, start_date=20240626T104229, end_date=20240626T104229
[2024-06-26T10:42:29.778+0000] {local_task_job_runner.py:240} INFO - Task exited with return code 0
[2024-06-26T10:42:29.834+0000] {taskinstance.py:3498} INFO - 0 downstream tasks scheduled from follow-on schedule check
[2024-06-26T10:42:29.836+0000] {local_task_job_runner.py:222} INFO - ::endgroup::
