[2024-06-24T06:16:40.118+0000] {local_task_job_runner.py:120} INFO - ::group::Pre task execution logs
[2024-06-24T06:16:40.191+0000] {taskinstance.py:2076} INFO - Dependencies all met for dep_context=non-requeueable deps ti=<TaskInstance: demo_dag_for_alerting_final_1.insert_new_record_into_audit_table manual__2024-06-24T06:08:31.186513+00:00 [queued]>
[2024-06-24T06:16:40.216+0000] {taskinstance.py:2076} INFO - Dependencies all met for dep_context=requeueable deps ti=<TaskInstance: demo_dag_for_alerting_final_1.insert_new_record_into_audit_table manual__2024-06-24T06:08:31.186513+00:00 [queued]>
[2024-06-24T06:16:40.217+0000] {taskinstance.py:2306} INFO - Starting attempt 1 of 6
[2024-06-24T06:16:40.258+0000] {taskinstance.py:2330} INFO - Executing <Task(PythonOperator): insert_new_record_into_audit_table> on 2024-06-24 06:08:31.186513+00:00
[2024-06-24T06:16:40.269+0000] {warnings.py:110} WARNING - /home/***/.local/lib/python3.12/site-packages/***/task/task_runner/standard_task_runner.py:61: DeprecationWarning: This process (pid=151) is multi-threaded, use of fork() may lead to deadlocks in the child.
  pid = os.fork()

[2024-06-24T06:16:40.273+0000] {standard_task_runner.py:63} INFO - Started process 162 to run task
[2024-06-24T06:16:40.279+0000] {standard_task_runner.py:90} INFO - Running: ['***', 'tasks', 'run', 'demo_dag_for_alerting_final_1', 'insert_new_record_into_audit_table', 'manual__2024-06-24T06:08:31.186513+00:00', '--job-id', '3340', '--raw', '--subdir', 'DAGS_FOLDER/demo_dag_for_alerting.py', '--cfg-path', '/tmp/tmpmfzy3l7u']
[2024-06-24T06:16:40.281+0000] {standard_task_runner.py:91} INFO - Job 3340: Subtask insert_new_record_into_audit_table
[2024-06-24T06:16:40.437+0000] {task_command.py:426} INFO - Running <TaskInstance: demo_dag_for_alerting_final_1.insert_new_record_into_audit_table manual__2024-06-24T06:08:31.186513+00:00 [running]> on host bf895605831d
[2024-06-24T06:16:40.685+0000] {taskinstance.py:2648} INFO - Exporting env vars: AIRFLOW_CTX_DAG_OWNER='***' AIRFLOW_CTX_DAG_ID='demo_dag_for_alerting_final_1' AIRFLOW_CTX_TASK_ID='insert_new_record_into_audit_table' AIRFLOW_CTX_EXECUTION_DATE='2024-06-24T06:08:31.186513+00:00' AIRFLOW_CTX_TRY_NUMBER='1' AIRFLOW_CTX_DAG_RUN_ID='manual__2024-06-24T06:08:31.186513+00:00'
[2024-06-24T06:16:40.686+0000] {taskinstance.py:430} INFO - ::endgroup::
[2024-06-24T06:16:40.706+0000] {logging_mixin.py:188} INFO - insert_into_audit_table_for_adhoc_data
[2024-06-24T06:16:40.706+0000] {python.py:237} INFO - Done. Returned value was: None
[2024-06-24T06:16:40.707+0000] {taskinstance.py:441} INFO - ::group::Post task execution logs
[2024-06-24T06:16:40.723+0000] {taskinstance.py:1206} INFO - Marking task as SUCCESS. dag_id=demo_dag_for_alerting_final_1, task_id=insert_new_record_into_audit_table, run_id=manual__2024-06-24T06:08:31.186513+00:00, execution_date=20240624T060831, start_date=20240624T061640, end_date=20240624T061640
[2024-06-24T06:16:40.781+0000] {local_task_job_runner.py:240} INFO - Task exited with return code 0
[2024-06-24T06:16:40.826+0000] {taskinstance.py:3498} INFO - 0 downstream tasks scheduled from follow-on schedule check
[2024-06-24T06:16:40.833+0000] {local_task_job_runner.py:222} INFO - ::endgroup::
