[2024-06-17T13:19:33.305+0000] {local_task_job_runner.py:120} INFO - ::group::Pre task execution logs
[2024-06-17T13:19:33.340+0000] {taskinstance.py:2076} INFO - Dependencies all met for dep_context=non-requeueable deps ti=<TaskInstance: file_jsons_to_postgres.get_task_instances manual__2024-06-17T13:19:31.535675+00:00 [queued]>
[2024-06-17T13:19:33.354+0000] {taskinstance.py:2076} INFO - Dependencies all met for dep_context=requeueable deps ti=<TaskInstance: file_jsons_to_postgres.get_task_instances manual__2024-06-17T13:19:31.535675+00:00 [queued]>
[2024-06-17T13:19:33.355+0000] {taskinstance.py:2306} INFO - Starting attempt 1 of 6
[2024-06-17T13:19:33.373+0000] {taskinstance.py:2330} INFO - Executing <Task(PythonOperator): get_task_instances> on 2024-06-17 13:19:31.535675+00:00
[2024-06-17T13:19:33.380+0000] {warnings.py:110} WARNING - /home/***/.local/lib/python3.12/site-packages/***/task/task_runner/standard_task_runner.py:61: DeprecationWarning: This process (pid=5199) is multi-threaded, use of fork() may lead to deadlocks in the child.
  pid = os.fork()

[2024-06-17T13:19:33.381+0000] {standard_task_runner.py:63} INFO - Started process 5202 to run task
[2024-06-17T13:19:33.381+0000] {standard_task_runner.py:90} INFO - Running: ['***', 'tasks', 'run', 'file_jsons_to_postgres', 'get_task_instances', 'manual__2024-06-17T13:19:31.535675+00:00', '--job-id', '346', '--raw', '--subdir', 'DAGS_FOLDER/file_jsons_to_postgres.py', '--cfg-path', '/tmp/tmpovq0kbkx']
[2024-06-17T13:19:33.383+0000] {standard_task_runner.py:91} INFO - Job 346: Subtask get_task_instances
[2024-06-17T13:19:33.437+0000] {task_command.py:426} INFO - Running <TaskInstance: file_jsons_to_postgres.get_task_instances manual__2024-06-17T13:19:31.535675+00:00 [running]> on host 4d71c837c754
[2024-06-17T13:19:33.580+0000] {taskinstance.py:2648} INFO - Exporting env vars: AIRFLOW_CTX_DAG_OWNER='***' AIRFLOW_CTX_DAG_ID='file_jsons_to_postgres' AIRFLOW_CTX_TASK_ID='get_task_instances' AIRFLOW_CTX_EXECUTION_DATE='2024-06-17T13:19:31.535675+00:00' AIRFLOW_CTX_TRY_NUMBER='1' AIRFLOW_CTX_DAG_RUN_ID='manual__2024-06-17T13:19:31.535675+00:00'
[2024-06-17T13:19:33.581+0000] {taskinstance.py:430} INFO - ::endgroup::
[2024-06-17T13:19:33.608+0000] {file_jsons_to_postgres.py:164} INFO - Attempting to fetch task instances from: http://localhost:8080/api/v1/dags/file_jsons_to_postgres/tasks/insert_json
[2024-06-17T13:19:33.631+0000] {file_jsons_to_postgres.py:171} ERROR - Request failed: HTTPConnectionPool(host='localhost', port=8080): Max retries exceeded with url: /api/v1/dags/file_jsons_to_postgres/tasks/insert_json (Caused by NewConnectionError('<urllib3.connection.HTTPConnection object at 0x717665feccb0>: Failed to establish a new connection: [Errno 111] Connection refused'))
[2024-06-17T13:19:33.632+0000] {python.py:237} INFO - Done. Returned value was: None
[2024-06-17T13:19:33.634+0000] {taskinstance.py:441} INFO - ::group::Post task execution logs
[2024-06-17T13:19:33.664+0000] {taskinstance.py:1206} INFO - Marking task as SUCCESS. dag_id=file_jsons_to_postgres, task_id=get_task_instances, run_id=manual__2024-06-17T13:19:31.535675+00:00, execution_date=20240617T131931, start_date=20240617T131933, end_date=20240617T131933
[2024-06-17T13:19:33.729+0000] {local_task_job_runner.py:240} INFO - Task exited with return code 0
[2024-06-17T13:19:33.747+0000] {taskinstance.py:3498} INFO - 0 downstream tasks scheduled from follow-on schedule check
[2024-06-17T13:19:33.748+0000] {local_task_job_runner.py:222} INFO - ::endgroup::
