[2024-06-20T18:51:23.703+0000] {local_task_job_runner.py:120} INFO - ::group::Pre task execution logs
[2024-06-20T18:51:23.730+0000] {taskinstance.py:2076} INFO - Dependencies all met for dep_context=non-requeueable deps ti=<TaskInstance: alerting_all_dags_using_apis.get_all_active_dags manual__2024-06-20T18:51:20.917313+00:00 [queued]>
[2024-06-20T18:51:23.739+0000] {taskinstance.py:2076} INFO - Dependencies all met for dep_context=requeueable deps ti=<TaskInstance: alerting_all_dags_using_apis.get_all_active_dags manual__2024-06-20T18:51:20.917313+00:00 [queued]>
[2024-06-20T18:51:23.740+0000] {taskinstance.py:2306} INFO - Starting attempt 1 of 6
[2024-06-20T18:51:23.756+0000] {taskinstance.py:2330} INFO - Executing <Task(PythonOperator): get_all_active_dags> on 2024-06-20 18:51:20.917313+00:00
[2024-06-20T18:51:23.763+0000] {warnings.py:110} WARNING - /home/***/.local/lib/python3.12/site-packages/***/task/task_runner/standard_task_runner.py:61: DeprecationWarning: This process (pid=2036) is multi-threaded, use of fork() may lead to deadlocks in the child.
  pid = os.fork()

[2024-06-20T18:51:23.764+0000] {standard_task_runner.py:63} INFO - Started process 2037 to run task
[2024-06-20T18:51:23.765+0000] {standard_task_runner.py:90} INFO - Running: ['***', 'tasks', 'run', 'alerting_all_dags_using_apis', 'get_all_active_dags', 'manual__2024-06-20T18:51:20.917313+00:00', '--job-id', '2634', '--raw', '--subdir', 'DAGS_FOLDER/alerting_all_dags_using_apis.py', '--cfg-path', '/tmp/tmpyagkr02m']
[2024-06-20T18:51:23.766+0000] {standard_task_runner.py:91} INFO - Job 2634: Subtask get_all_active_dags
[2024-06-20T18:51:23.811+0000] {task_command.py:426} INFO - Running <TaskInstance: alerting_all_dags_using_apis.get_all_active_dags manual__2024-06-20T18:51:20.917313+00:00 [running]> on host e66744caf823
[2024-06-20T18:51:23.928+0000] {taskinstance.py:2648} INFO - Exporting env vars: AIRFLOW_CTX_DAG_OWNER='***' AIRFLOW_CTX_DAG_ID='alerting_all_dags_using_apis' AIRFLOW_CTX_TASK_ID='get_all_active_dags' AIRFLOW_CTX_EXECUTION_DATE='2024-06-20T18:51:20.917313+00:00' AIRFLOW_CTX_TRY_NUMBER='1' AIRFLOW_CTX_DAG_RUN_ID='manual__2024-06-20T18:51:20.917313+00:00'
[2024-06-20T18:51:23.929+0000] {taskinstance.py:430} INFO - ::endgroup::
[2024-06-20T18:51:23.946+0000] {helper_functions.py:169} INFO - Requesting http://***:***@172.240.2.7:8080/api/v1/dags?only_active=true
[2024-06-20T18:51:24.203+0000] {helper_functions.py:177} INFO - Active DAGs: ['alerting_all_dags_using_apis', 'create_table', 'demo_dag_for_alerting_apis_final', 'demo_dag_for_alerting_final_1', 'file_jsons_to_postgres']
[2024-06-20T18:51:24.203+0000] {python.py:237} INFO - Done. Returned value was: ['alerting_all_dags_using_apis', 'create_table', 'demo_dag_for_alerting_apis_final', 'demo_dag_for_alerting_final_1', 'file_jsons_to_postgres']
[2024-06-20T18:51:24.203+0000] {taskinstance.py:441} INFO - ::group::Post task execution logs
[2024-06-20T18:51:24.227+0000] {taskinstance.py:1206} INFO - Marking task as SUCCESS. dag_id=alerting_all_dags_using_apis, task_id=get_all_active_dags, run_id=manual__2024-06-20T18:51:20.917313+00:00, execution_date=20240620T185120, start_date=20240620T185123, end_date=20240620T185124
[2024-06-20T18:51:24.259+0000] {local_task_job_runner.py:240} INFO - Task exited with return code 0
[2024-06-20T18:51:24.289+0000] {taskinstance.py:3498} INFO - 1 downstream tasks scheduled from follow-on schedule check
[2024-06-20T18:51:24.290+0000] {local_task_job_runner.py:222} INFO - ::endgroup::
