[2024-06-20T19:15:02.559+0000] {local_task_job_runner.py:120} INFO - ::group::Pre task execution logs
[2024-06-20T19:15:02.593+0000] {taskinstance.py:2076} INFO - Dependencies all met for dep_context=non-requeueable deps ti=<TaskInstance: demo_dag_for_alerting_apis_final.skip_run scheduled__2024-06-20T19:14:00+00:00 [queued]>
[2024-06-20T19:15:02.609+0000] {taskinstance.py:2076} INFO - Dependencies all met for dep_context=requeueable deps ti=<TaskInstance: demo_dag_for_alerting_apis_final.skip_run scheduled__2024-06-20T19:14:00+00:00 [queued]>
[2024-06-20T19:15:02.610+0000] {taskinstance.py:2306} INFO - Starting attempt 1 of 6
[2024-06-20T19:15:02.623+0000] {taskinstance.py:2330} INFO - Executing <Task(PythonOperator): skip_run> on 2024-06-20 19:14:00+00:00
[2024-06-20T19:15:02.629+0000] {warnings.py:110} WARNING - /home/***/.local/lib/python3.12/site-packages/***/task/task_runner/standard_task_runner.py:61: DeprecationWarning: This process (pid=2625) is multi-threaded, use of fork() may lead to deadlocks in the child.
  pid = os.fork()

[2024-06-20T19:15:02.630+0000] {standard_task_runner.py:63} INFO - Started process 2627 to run task
[2024-06-20T19:15:02.630+0000] {standard_task_runner.py:90} INFO - Running: ['***', 'tasks', 'run', 'demo_dag_for_alerting_apis_final', 'skip_run', 'scheduled__2024-06-20T19:14:00+00:00', '--job-id', '2775', '--raw', '--subdir', 'DAGS_FOLDER/demo_dag_for_alerting_apis.py', '--cfg-path', '/tmp/tmphmq_dnhj']
[2024-06-20T19:15:02.631+0000] {standard_task_runner.py:91} INFO - Job 2775: Subtask skip_run
[2024-06-20T19:15:02.682+0000] {task_command.py:426} INFO - Running <TaskInstance: demo_dag_for_alerting_apis_final.skip_run scheduled__2024-06-20T19:14:00+00:00 [running]> on host e66744caf823
[2024-06-20T19:15:02.794+0000] {taskinstance.py:2648} INFO - Exporting env vars: AIRFLOW_CTX_DAG_OWNER='***' AIRFLOW_CTX_DAG_ID='demo_dag_for_alerting_apis_final' AIRFLOW_CTX_TASK_ID='skip_run' AIRFLOW_CTX_EXECUTION_DATE='2024-06-20T19:14:00+00:00' AIRFLOW_CTX_TRY_NUMBER='1' AIRFLOW_CTX_DAG_RUN_ID='scheduled__2024-06-20T19:14:00+00:00'
[2024-06-20T19:15:02.795+0000] {taskinstance.py:430} INFO - ::endgroup::
[2024-06-20T19:15:02.999+0000] {helper_functions.py:137} INFO - ['scheduled__2024-06-20T19:13:00+00:00', 'scheduled__2024-06-20T19:12:00+00:00']
[2024-06-20T19:15:03.375+0000] {helper_functions.py:147} INFO - ['success', 'success']
[2024-06-20T19:15:03.376+0000] {python.py:237} INFO - Done. Returned value was: None
[2024-06-20T19:15:03.376+0000] {taskinstance.py:441} INFO - ::group::Post task execution logs
[2024-06-20T19:15:03.385+0000] {taskinstance.py:1206} INFO - Marking task as SUCCESS. dag_id=demo_dag_for_alerting_apis_final, task_id=skip_run, run_id=scheduled__2024-06-20T19:14:00+00:00, execution_date=20240620T191400, start_date=20240620T191502, end_date=20240620T191503
[2024-06-20T19:15:03.405+0000] {local_task_job_runner.py:240} INFO - Task exited with return code 0
[2024-06-20T19:15:03.419+0000] {taskinstance.py:3498} INFO - 0 downstream tasks scheduled from follow-on schedule check
[2024-06-20T19:15:03.420+0000] {local_task_job_runner.py:222} INFO - ::endgroup::
