[2024-06-20T18:47:26.824+0000] {local_task_job_runner.py:120} INFO - ::group::Pre task execution logs
[2024-06-20T18:47:26.853+0000] {taskinstance.py:2076} INFO - Dependencies all met for dep_context=non-requeueable deps ti=<TaskInstance: demo_dag_for_alerting_apis_final.check_previous_run_status manual__2024-06-20T18:47:25.146757+00:00 [queued]>
[2024-06-20T18:47:26.866+0000] {taskinstance.py:2076} INFO - Dependencies all met for dep_context=requeueable deps ti=<TaskInstance: demo_dag_for_alerting_apis_final.check_previous_run_status manual__2024-06-20T18:47:25.146757+00:00 [queued]>
[2024-06-20T18:47:26.867+0000] {taskinstance.py:2306} INFO - Starting attempt 1 of 6
[2024-06-20T18:47:26.890+0000] {taskinstance.py:2330} INFO - Executing <Task(BranchPythonOperator): check_previous_run_status> on 2024-06-20 18:47:25.146757+00:00
[2024-06-20T18:47:26.900+0000] {warnings.py:110} WARNING - /home/***/.local/lib/python3.12/site-packages/***/task/task_runner/standard_task_runner.py:61: DeprecationWarning: This process (pid=1942) is multi-threaded, use of fork() may lead to deadlocks in the child.
  pid = os.fork()

[2024-06-20T18:47:26.901+0000] {standard_task_runner.py:63} INFO - Started process 1943 to run task
[2024-06-20T18:47:26.902+0000] {standard_task_runner.py:90} INFO - Running: ['***', 'tasks', 'run', 'demo_dag_for_alerting_apis_final', 'check_previous_run_status', 'manual__2024-06-20T18:47:25.146757+00:00', '--job-id', '2611', '--raw', '--subdir', 'DAGS_FOLDER/demo_dag_for_alerting_apis.py', '--cfg-path', '/tmp/tmpjxm7yd8z']
[2024-06-20T18:47:26.903+0000] {standard_task_runner.py:91} INFO - Job 2611: Subtask check_previous_run_status
[2024-06-20T18:47:26.954+0000] {task_command.py:426} INFO - Running <TaskInstance: demo_dag_for_alerting_apis_final.check_previous_run_status manual__2024-06-20T18:47:25.146757+00:00 [running]> on host e66744caf823
[2024-06-20T18:47:27.134+0000] {taskinstance.py:2648} INFO - Exporting env vars: AIRFLOW_CTX_DAG_OWNER='***' AIRFLOW_CTX_DAG_ID='demo_dag_for_alerting_apis_final' AIRFLOW_CTX_TASK_ID='check_previous_run_status' AIRFLOW_CTX_EXECUTION_DATE='2024-06-20T18:47:25.146757+00:00' AIRFLOW_CTX_TRY_NUMBER='1' AIRFLOW_CTX_DAG_RUN_ID='manual__2024-06-20T18:47:25.146757+00:00'
[2024-06-20T18:47:27.135+0000] {taskinstance.py:430} INFO - ::endgroup::
[2024-06-20T18:47:27.151+0000] {baseoperator.py:399} WARNING - BranchPythonOperator.execute cannot be called outside TaskInstance!
[2024-06-20T18:47:27.151+0000] {python.py:237} INFO - Done. Returned value was: skip_run
[2024-06-20T18:47:27.152+0000] {branch.py:36} INFO - Branch into skip_run
[2024-06-20T18:47:27.152+0000] {skipmixin.py:178} INFO - Following branch skip_run
[2024-06-20T18:47:27.170+0000] {skipmixin.py:246} INFO - Skipping tasks [('start_run', -1)]
[2024-06-20T18:47:27.204+0000] {taskinstance.py:441} INFO - ::group::Post task execution logs
[2024-06-20T18:47:27.229+0000] {taskinstance.py:1206} INFO - Marking task as SUCCESS. dag_id=demo_dag_for_alerting_apis_final, task_id=check_previous_run_status, run_id=manual__2024-06-20T18:47:25.146757+00:00, execution_date=20240620T184725, start_date=20240620T184726, end_date=20240620T184727
[2024-06-20T18:47:27.279+0000] {local_task_job_runner.py:240} INFO - Task exited with return code 0
[2024-06-20T18:47:27.333+0000] {taskinstance.py:3498} INFO - 1 downstream tasks scheduled from follow-on schedule check
[2024-06-20T18:47:27.338+0000] {local_task_job_runner.py:222} INFO - ::endgroup::
