[2024-06-27T04:39:03.528+0000] {local_task_job_runner.py:120} INFO - ::group::Pre task execution logs
[2024-06-27T04:39:03.563+0000] {taskinstance.py:2076} INFO - Dependencies all met for dep_context=non-requeueable deps ti=<TaskInstance: demo_dag_for_alerting_final.check_previous_run_status scheduled__2024-06-27T04:38:00+00:00 [queued]>
[2024-06-27T04:39:03.581+0000] {taskinstance.py:2076} INFO - Dependencies all met for dep_context=requeueable deps ti=<TaskInstance: demo_dag_for_alerting_final.check_previous_run_status scheduled__2024-06-27T04:38:00+00:00 [queued]>
[2024-06-27T04:39:03.584+0000] {taskinstance.py:2306} INFO - Starting attempt 1 of 6
[2024-06-27T04:39:03.606+0000] {taskinstance.py:2330} INFO - Executing <Task(BranchPythonOperator): check_previous_run_status> on 2024-06-27 04:38:00+00:00
[2024-06-27T04:39:03.614+0000] {warnings.py:110} WARNING - /home/***/.local/lib/python3.12/site-packages/***/task/task_runner/standard_task_runner.py:61: DeprecationWarning: This process (pid=177) is multi-threaded, use of fork() may lead to deadlocks in the child.
  pid = os.fork()

[2024-06-27T04:39:03.616+0000] {standard_task_runner.py:63} INFO - Started process 179 to run task
[2024-06-27T04:39:03.618+0000] {standard_task_runner.py:90} INFO - Running: ['***', 'tasks', 'run', 'demo_dag_for_alerting_final', 'check_previous_run_status', 'scheduled__2024-06-27T04:38:00+00:00', '--job-id', '4519', '--raw', '--subdir', 'DAGS_FOLDER/demo_dag_for_alerting.py', '--cfg-path', '/tmp/tmplbxugvph']
[2024-06-27T04:39:03.620+0000] {standard_task_runner.py:91} INFO - Job 4519: Subtask check_previous_run_status
[2024-06-27T04:39:03.668+0000] {task_command.py:426} INFO - Running <TaskInstance: demo_dag_for_alerting_final.check_previous_run_status scheduled__2024-06-27T04:38:00+00:00 [running]> on host eeacb89bcfc1
[2024-06-27T04:39:03.770+0000] {taskinstance.py:2648} INFO - Exporting env vars: AIRFLOW_CTX_DAG_OWNER='***' AIRFLOW_CTX_DAG_ID='demo_dag_for_alerting_final' AIRFLOW_CTX_TASK_ID='check_previous_run_status' AIRFLOW_CTX_EXECUTION_DATE='2024-06-27T04:38:00+00:00' AIRFLOW_CTX_TRY_NUMBER='1' AIRFLOW_CTX_DAG_RUN_ID='scheduled__2024-06-27T04:38:00+00:00'
[2024-06-27T04:39:03.771+0000] {taskinstance.py:430} INFO - ::endgroup::
[2024-06-27T04:39:03.786+0000] {baseoperator.py:399} WARNING - BranchPythonOperator.execute cannot be called outside TaskInstance!
[2024-06-27T04:39:03.786+0000] {helper_functions.py:133} INFO - Reading encrypted details from ('/opt/***/dags/postgres_connection.py', '/opt/***/dags/***_api_configuration.py')
[2024-06-27T04:39:03.792+0000] {helper_functions.py:136} INFO - Decrypted postgres connection: {'user': '***', 'password': '***', 'dbname': '***', 'host': '172.240.2.2', 'port': '5432'}
[2024-06-27T04:39:03.794+0000] {helper_functions.py:97} INFO - Executing create table SQL
[2024-06-27T04:39:03.795+0000] {helper_functions.py:101} INFO - Checking existing record for dag_id and task_id
[2024-06-27T04:39:03.797+0000] {helper_functions.py:115} INFO - Updating success count for demo_dag_for_alerting_final - check_previous_run_status
[2024-06-27T04:39:03.799+0000] {python.py:237} INFO - Done. Returned value was: start_run
[2024-06-27T04:39:03.800+0000] {branch.py:36} INFO - Branch into start_run
[2024-06-27T04:39:03.800+0000] {skipmixin.py:178} INFO - Following branch start_run
[2024-06-27T04:39:03.817+0000] {skipmixin.py:246} INFO - Skipping tasks [('skip_run', -1)]
[2024-06-27T04:39:03.840+0000] {taskinstance.py:441} INFO - ::group::Post task execution logs
[2024-06-27T04:39:03.859+0000] {taskinstance.py:1206} INFO - Marking task as SUCCESS. dag_id=demo_dag_for_alerting_final, task_id=check_previous_run_status, run_id=scheduled__2024-06-27T04:38:00+00:00, execution_date=20240627T043800, start_date=20240627T043903, end_date=20240627T043903
[2024-06-27T04:39:03.910+0000] {local_task_job_runner.py:240} INFO - Task exited with return code 0
[2024-06-27T04:39:03.949+0000] {taskinstance.py:3498} INFO - 0 downstream tasks scheduled from follow-on schedule check
[2024-06-27T04:39:03.950+0000] {local_task_job_runner.py:222} INFO - ::endgroup::
