[2024-06-25T13:15:03.688+0000] {local_task_job_runner.py:120} INFO - ::group::Pre task execution logs
[2024-06-25T13:15:03.736+0000] {taskinstance.py:2076} INFO - Dependencies all met for dep_context=non-requeueable deps ti=<TaskInstance: alerting_all_dags_using_apis.get_all_dagruns_task_instances scheduled__2024-06-25T13:00:00+00:00 [queued]>
[2024-06-25T13:15:03.751+0000] {taskinstance.py:2076} INFO - Dependencies all met for dep_context=requeueable deps ti=<TaskInstance: alerting_all_dags_using_apis.get_all_dagruns_task_instances scheduled__2024-06-25T13:00:00+00:00 [queued]>
[2024-06-25T13:15:03.752+0000] {taskinstance.py:2306} INFO - Starting attempt 1 of 6
[2024-06-25T13:15:03.778+0000] {taskinstance.py:2330} INFO - Executing <Task(PythonOperator): get_all_dagruns_task_instances> on 2024-06-25 13:00:00+00:00
[2024-06-25T13:15:03.786+0000] {warnings.py:110} WARNING - /home/***/.local/lib/python3.12/site-packages/***/task/task_runner/standard_task_runner.py:61: DeprecationWarning: This process (pid=2285) is multi-threaded, use of fork() may lead to deadlocks in the child.
  pid = os.fork()

[2024-06-25T13:15:03.788+0000] {standard_task_runner.py:63} INFO - Started process 2286 to run task
[2024-06-25T13:15:03.787+0000] {standard_task_runner.py:90} INFO - Running: ['***', 'tasks', 'run', 'alerting_all_dags_using_apis', 'get_all_dagruns_task_instances', 'scheduled__2024-06-25T13:00:00+00:00', '--job-id', '4016', '--raw', '--subdir', 'DAGS_FOLDER/alerting_all_dags_using_apis.py', '--cfg-path', '/tmp/tmp200ecib3']
[2024-06-25T13:15:03.788+0000] {standard_task_runner.py:91} INFO - Job 4016: Subtask get_all_dagruns_task_instances
[2024-06-25T13:15:03.832+0000] {task_command.py:426} INFO - Running <TaskInstance: alerting_all_dags_using_apis.get_all_dagruns_task_instances scheduled__2024-06-25T13:00:00+00:00 [running]> on host ced2311e92d2
[2024-06-25T13:15:03.940+0000] {taskinstance.py:2648} INFO - Exporting env vars: AIRFLOW_CTX_DAG_OWNER='***' AIRFLOW_CTX_DAG_ID='alerting_all_dags_using_apis' AIRFLOW_CTX_TASK_ID='get_all_dagruns_task_instances' AIRFLOW_CTX_EXECUTION_DATE='2024-06-25T13:00:00+00:00' AIRFLOW_CTX_TRY_NUMBER='1' AIRFLOW_CTX_DAG_RUN_ID='scheduled__2024-06-25T13:00:00+00:00'
[2024-06-25T13:15:03.940+0000] {taskinstance.py:430} INFO - ::endgroup::
[2024-06-25T13:15:03.956+0000] {helper_functions.py:320} ERROR - Failed to get task instances for all DAG runs: 'NoneType' object has no attribute 'items'
Traceback (most recent call last):
  File "/opt/airflow/dags/helper_functions.py", line 303, in get_all_dagruns_task_instances
    for dag_id, dag_run_ids in run_ids.items():
                               ^^^^^^^^^^^^^
AttributeError: 'NoneType' object has no attribute 'items'
[2024-06-25T13:15:03.957+0000] {python.py:237} INFO - Done. Returned value was: None
[2024-06-25T13:15:03.958+0000] {taskinstance.py:441} INFO - ::group::Post task execution logs
[2024-06-25T13:15:03.966+0000] {taskinstance.py:1206} INFO - Marking task as SUCCESS. dag_id=alerting_all_dags_using_apis, task_id=get_all_dagruns_task_instances, run_id=scheduled__2024-06-25T13:00:00+00:00, execution_date=20240625T130000, start_date=20240625T131503, end_date=20240625T131503
[2024-06-25T13:15:04.002+0000] {local_task_job_runner.py:240} INFO - Task exited with return code 0
[2024-06-25T13:15:04.034+0000] {taskinstance.py:3498} INFO - 1 downstream tasks scheduled from follow-on schedule check
[2024-06-25T13:15:04.035+0000] {local_task_job_runner.py:222} INFO - ::endgroup::
