[2024-06-21T07:43:01.829+0000] {local_task_job_runner.py:120} INFO - ::group::Pre task execution logs
[2024-06-21T07:43:01.856+0000] {taskinstance.py:2076} INFO - Dependencies all met for dep_context=non-requeueable deps ti=<TaskInstance: demo_dag_for_alerting_apis_final.check_previous_run_status scheduled__2024-06-21T07:42:00+00:00 [queued]>
[2024-06-21T07:43:01.866+0000] {taskinstance.py:2076} INFO - Dependencies all met for dep_context=requeueable deps ti=<TaskInstance: demo_dag_for_alerting_apis_final.check_previous_run_status scheduled__2024-06-21T07:42:00+00:00 [queued]>
[2024-06-21T07:43:01.866+0000] {taskinstance.py:2306} INFO - Starting attempt 1 of 6
[2024-06-21T07:43:01.885+0000] {taskinstance.py:2330} INFO - Executing <Task(BranchPythonOperator): check_previous_run_status> on 2024-06-21 07:42:00+00:00
[2024-06-21T07:43:01.890+0000] {warnings.py:110} WARNING - /home/***/.local/lib/python3.12/site-packages/***/task/task_runner/standard_task_runner.py:61: DeprecationWarning: This process (pid=3201) is multi-threaded, use of fork() may lead to deadlocks in the child.
  pid = os.fork()

[2024-06-21T07:43:01.891+0000] {standard_task_runner.py:63} INFO - Started process 3202 to run task
[2024-06-21T07:43:01.891+0000] {standard_task_runner.py:90} INFO - Running: ['***', 'tasks', 'run', 'demo_dag_for_alerting_apis_final', 'check_previous_run_status', 'scheduled__2024-06-21T07:42:00+00:00', '--job-id', '3027', '--raw', '--subdir', 'DAGS_FOLDER/demo_dag_for_alerting_apis.py', '--cfg-path', '/tmp/tmprz2rf3ag']
[2024-06-21T07:43:01.892+0000] {standard_task_runner.py:91} INFO - Job 3027: Subtask check_previous_run_status
[2024-06-21T07:43:01.937+0000] {task_command.py:426} INFO - Running <TaskInstance: demo_dag_for_alerting_apis_final.check_previous_run_status scheduled__2024-06-21T07:42:00+00:00 [running]> on host e66744caf823
[2024-06-21T07:43:02.032+0000] {taskinstance.py:2648} INFO - Exporting env vars: AIRFLOW_CTX_DAG_OWNER='***' AIRFLOW_CTX_DAG_ID='demo_dag_for_alerting_apis_final' AIRFLOW_CTX_TASK_ID='check_previous_run_status' AIRFLOW_CTX_EXECUTION_DATE='2024-06-21T07:42:00+00:00' AIRFLOW_CTX_TRY_NUMBER='1' AIRFLOW_CTX_DAG_RUN_ID='scheduled__2024-06-21T07:42:00+00:00'
[2024-06-21T07:43:02.033+0000] {taskinstance.py:430} INFO - ::endgroup::
[2024-06-21T07:43:02.045+0000] {baseoperator.py:399} WARNING - BranchPythonOperator.execute cannot be called outside TaskInstance!
[2024-06-21T07:43:02.045+0000] {python.py:237} INFO - Done. Returned value was: skip_run
[2024-06-21T07:43:02.046+0000] {branch.py:36} INFO - Branch into skip_run
[2024-06-21T07:43:02.046+0000] {skipmixin.py:178} INFO - Following branch skip_run
[2024-06-21T07:43:02.060+0000] {skipmixin.py:246} INFO - Skipping tasks [('start_run', -1)]
[2024-06-21T07:43:02.081+0000] {taskinstance.py:441} INFO - ::group::Post task execution logs
[2024-06-21T07:43:02.099+0000] {taskinstance.py:1206} INFO - Marking task as SUCCESS. dag_id=demo_dag_for_alerting_apis_final, task_id=check_previous_run_status, run_id=scheduled__2024-06-21T07:42:00+00:00, execution_date=20240621T074200, start_date=20240621T074301, end_date=20240621T074302
[2024-06-21T07:43:02.144+0000] {local_task_job_runner.py:240} INFO - Task exited with return code 0
[2024-06-21T07:43:02.180+0000] {taskinstance.py:3498} INFO - 1 downstream tasks scheduled from follow-on schedule check
[2024-06-21T07:43:02.184+0000] {local_task_job_runner.py:222} INFO - ::endgroup::
