[2024-06-18T11:49:54.902+0000] {local_task_job_runner.py:120} INFO - ::group::Pre task execution logs
[2024-06-18T11:49:54.933+0000] {taskinstance.py:2076} INFO - Dependencies all met for dep_context=non-requeueable deps ti=<TaskInstance: alerting_skipped.skip_run manual__2024-06-18T11:49:51.561287+00:00 [queued]>
[2024-06-18T11:49:54.948+0000] {taskinstance.py:2076} INFO - Dependencies all met for dep_context=requeueable deps ti=<TaskInstance: alerting_skipped.skip_run manual__2024-06-18T11:49:51.561287+00:00 [queued]>
[2024-06-18T11:49:54.948+0000] {taskinstance.py:2306} INFO - Starting attempt 1 of 6
[2024-06-18T11:49:54.965+0000] {taskinstance.py:2330} INFO - Executing <Task(PythonOperator): skip_run> on 2024-06-18 11:49:51.561287+00:00
[2024-06-18T11:49:54.971+0000] {warnings.py:110} WARNING - /home/***/.local/lib/python3.12/site-packages/***/task/task_runner/standard_task_runner.py:61: DeprecationWarning: This process (pid=5136) is multi-threaded, use of fork() may lead to deadlocks in the child.
  pid = os.fork()

[2024-06-18T11:49:54.972+0000] {standard_task_runner.py:63} INFO - Started process 5137 to run task
[2024-06-18T11:49:54.972+0000] {standard_task_runner.py:90} INFO - Running: ['***', 'tasks', 'run', 'alerting_skipped', 'skip_run', 'manual__2024-06-18T11:49:51.561287+00:00', '--job-id', '716', '--raw', '--subdir', 'DAGS_FOLDER/alerting_skipped.py', '--cfg-path', '/tmp/tmp3pz9jxr1']
[2024-06-18T11:49:54.973+0000] {standard_task_runner.py:91} INFO - Job 716: Subtask skip_run
[2024-06-18T11:49:55.030+0000] {task_command.py:426} INFO - Running <TaskInstance: alerting_skipped.skip_run manual__2024-06-18T11:49:51.561287+00:00 [running]> on host fa5c5d972e05
[2024-06-18T11:49:55.155+0000] {taskinstance.py:2648} INFO - Exporting env vars: AIRFLOW_CTX_DAG_OWNER='***' AIRFLOW_CTX_DAG_ID='alerting_skipped' AIRFLOW_CTX_TASK_ID='skip_run' AIRFLOW_CTX_EXECUTION_DATE='2024-06-18T11:49:51.561287+00:00' AIRFLOW_CTX_TRY_NUMBER='1' AIRFLOW_CTX_DAG_RUN_ID='manual__2024-06-18T11:49:51.561287+00:00'
[2024-06-18T11:49:55.156+0000] {taskinstance.py:430} INFO - ::endgroup::
[2024-06-18T11:49:55.206+0000] {helper_functions.py:66} ERROR - Failed to check skipped status for alerting_skipped with task skip_run: HTTPConnectionPool(host='localhost', port=8080): Max retries exceeded with url: /api/v1/dags/alerting_skipped/dagRuns/manual__2024-06-18T11:49:51.561287+00:00/taskInstances/skip_run (Caused by NewConnectionError('<urllib3.connection.HTTPConnection object at 0x70e7bb32f800>: Failed to establish a new connection: [Errno 111] Connection refused'))
[2024-06-18T11:49:55.207+0000] {python.py:237} INFO - Done. Returned value was: None
[2024-06-18T11:49:55.207+0000] {taskinstance.py:441} INFO - ::group::Post task execution logs
[2024-06-18T11:49:55.224+0000] {taskinstance.py:1206} INFO - Marking task as SUCCESS. dag_id=alerting_skipped, task_id=skip_run, run_id=manual__2024-06-18T11:49:51.561287+00:00, execution_date=20240618T114951, start_date=20240618T114954, end_date=20240618T114955
[2024-06-18T11:49:55.267+0000] {local_task_job_runner.py:240} INFO - Task exited with return code 0
[2024-06-18T11:49:55.289+0000] {taskinstance.py:3498} INFO - 0 downstream tasks scheduled from follow-on schedule check
[2024-06-18T11:49:55.291+0000] {local_task_job_runner.py:222} INFO - ::endgroup::
