[2024-06-27T05:01:10.123+0000] {local_task_job_runner.py:120} INFO - ::group::Pre task execution logs
[2024-06-27T05:01:10.149+0000] {taskinstance.py:2076} INFO - Dependencies all met for dep_context=non-requeueable deps ti=<TaskInstance: alerting_all_dags_using_apis.get_all_active_dags scheduled__2024-06-27T04:57:00+00:00 [queued]>
[2024-06-27T05:01:10.159+0000] {taskinstance.py:2076} INFO - Dependencies all met for dep_context=requeueable deps ti=<TaskInstance: alerting_all_dags_using_apis.get_all_active_dags scheduled__2024-06-27T04:57:00+00:00 [queued]>
[2024-06-27T05:01:10.159+0000] {taskinstance.py:2306} INFO - Starting attempt 1 of 6
[2024-06-27T05:01:10.177+0000] {taskinstance.py:2330} INFO - Executing <Task(PythonOperator): get_all_active_dags> on 2024-06-27 04:57:00+00:00
[2024-06-27T05:01:10.183+0000] {warnings.py:110} WARNING - /home/***/.local/lib/python3.12/site-packages/***/task/task_runner/standard_task_runner.py:61: DeprecationWarning: This process (pid=534) is multi-threaded, use of fork() may lead to deadlocks in the child.
  pid = os.fork()

[2024-06-27T05:01:10.184+0000] {standard_task_runner.py:63} INFO - Started process 535 to run task
[2024-06-27T05:01:10.185+0000] {standard_task_runner.py:90} INFO - Running: ['***', 'tasks', 'run', 'alerting_all_dags_using_apis', 'get_all_active_dags', 'scheduled__2024-06-27T04:57:00+00:00', '--job-id', '4556', '--raw', '--subdir', 'DAGS_FOLDER/alerting_all_dags_using_apis.py', '--cfg-path', '/tmp/tmp0vmkodfk']
[2024-06-27T05:01:10.186+0000] {standard_task_runner.py:91} INFO - Job 4556: Subtask get_all_active_dags
[2024-06-27T05:01:10.232+0000] {task_command.py:426} INFO - Running <TaskInstance: alerting_all_dags_using_apis.get_all_active_dags scheduled__2024-06-27T04:57:00+00:00 [running]> on host eeacb89bcfc1
[2024-06-27T05:01:10.328+0000] {taskinstance.py:2648} INFO - Exporting env vars: AIRFLOW_CTX_DAG_OWNER='***' AIRFLOW_CTX_DAG_ID='alerting_all_dags_using_apis' AIRFLOW_CTX_TASK_ID='get_all_active_dags' AIRFLOW_CTX_EXECUTION_DATE='2024-06-27T04:57:00+00:00' AIRFLOW_CTX_TRY_NUMBER='1' AIRFLOW_CTX_DAG_RUN_ID='scheduled__2024-06-27T04:57:00+00:00'
[2024-06-27T05:01:10.329+0000] {taskinstance.py:430} INFO - ::endgroup::
[2024-06-27T05:01:10.350+0000] {helper_functions.py:254} INFO - Requesting http://***:***@172.240.2.5:8080/api/v1/dags?only_active=truedasfgh
[2024-06-27T05:01:10.356+0000] {helper_functions.py:257} ERROR - Received status code 400 from http://***:***@172.240.2.5:8080/api/v1/dags?only_active=truedasfgh
[2024-06-27T05:01:10.356+0000] {helper_functions.py:266} ERROR - Failed to get active DAGs: Failed to get active DAGs, status code: 400
Traceback (most recent call last):
  File "/opt/airflow/dags/helper_functions.py", line 258, in get_all_active_dags
    raise AirflowFailException(f"Failed to get active DAGs, status code: {response.status_code}")
airflow.exceptions.AirflowFailException: Failed to get active DAGs, status code: 400
[2024-06-27T05:01:10.357+0000] {helper_functions.py:210} ERROR - Failed to run alerting_all_dags_using_apis with task get_all_active_dags: Failed to get active DAGs: Failed to get active DAGs, status code: 400
[2024-06-27T05:01:10.357+0000] {python.py:237} INFO - Done. Returned value was: None
[2024-06-27T05:01:10.358+0000] {taskinstance.py:441} INFO - ::group::Post task execution logs
[2024-06-27T05:01:10.369+0000] {taskinstance.py:1206} INFO - Marking task as SUCCESS. dag_id=alerting_all_dags_using_apis, task_id=get_all_active_dags, run_id=scheduled__2024-06-27T04:57:00+00:00, execution_date=20240627T045700, start_date=20240627T050110, end_date=20240627T050110
[2024-06-27T05:01:10.398+0000] {local_task_job_runner.py:240} INFO - Task exited with return code 0
[2024-06-27T05:01:10.432+0000] {taskinstance.py:3498} INFO - 1 downstream tasks scheduled from follow-on schedule check
[2024-06-27T05:01:10.433+0000] {local_task_job_runner.py:222} INFO - ::endgroup::
