[2024-06-19T05:47:07.550+0000] {local_task_job_runner.py:120} INFO - ::group::Pre task execution logs
[2024-06-19T05:47:07.650+0000] {taskinstance.py:2076} INFO - Dependencies all met for dep_context=non-requeueable deps ti=<TaskInstance: demo_dag_for_alerting_apis_final.skip_run scheduled__2024-06-19T05:46:00+00:00 [queued]>
[2024-06-19T05:47:07.690+0000] {taskinstance.py:2076} INFO - Dependencies all met for dep_context=requeueable deps ti=<TaskInstance: demo_dag_for_alerting_apis_final.skip_run scheduled__2024-06-19T05:46:00+00:00 [queued]>
[2024-06-19T05:47:07.692+0000] {taskinstance.py:2306} INFO - Starting attempt 1 of 6
[2024-06-19T05:47:07.737+0000] {taskinstance.py:2330} INFO - Executing <Task(PythonOperator): skip_run> on 2024-06-19 05:46:00+00:00
[2024-06-19T05:47:07.751+0000] {warnings.py:110} WARNING - /home/***/.local/lib/python3.12/site-packages/***/task/task_runner/standard_task_runner.py:61: DeprecationWarning: This process (pid=1642) is multi-threaded, use of fork() may lead to deadlocks in the child.
  pid = os.fork()

[2024-06-19T05:47:07.754+0000] {standard_task_runner.py:63} INFO - Started process 1643 to run task
[2024-06-19T05:47:07.756+0000] {standard_task_runner.py:90} INFO - Running: ['***', 'tasks', 'run', 'demo_dag_for_alerting_apis_final', 'skip_run', 'scheduled__2024-06-19T05:46:00+00:00', '--job-id', '1112', '--raw', '--subdir', 'DAGS_FOLDER/demo_dag_for_alerting_apis.py', '--cfg-path', '/tmp/tmpnfczehen']
[2024-06-19T05:47:07.759+0000] {standard_task_runner.py:91} INFO - Job 1112: Subtask skip_run
[2024-06-19T05:47:07.910+0000] {task_command.py:426} INFO - Running <TaskInstance: demo_dag_for_alerting_apis_final.skip_run scheduled__2024-06-19T05:46:00+00:00 [running]> on host 9e4d135130fa
[2024-06-19T05:47:08.241+0000] {taskinstance.py:2648} INFO - Exporting env vars: AIRFLOW_CTX_DAG_OWNER='***' AIRFLOW_CTX_DAG_ID='demo_dag_for_alerting_apis_final' AIRFLOW_CTX_TASK_ID='skip_run' AIRFLOW_CTX_EXECUTION_DATE='2024-06-19T05:46:00+00:00' AIRFLOW_CTX_TRY_NUMBER='1' AIRFLOW_CTX_DAG_RUN_ID='scheduled__2024-06-19T05:46:00+00:00'
[2024-06-19T05:47:08.243+0000] {taskinstance.py:430} INFO - ::endgroup::
[2024-06-19T05:47:08.327+0000] {helper_functions.py:151} ERROR - HTTP request failed: 403 Client Error: FORBIDDEN for url: http://172.240.2.5:8080/api/v1/dags/demo_dag_for_alerting_apis_final/dagRuns?limit=3&order_by=-start_date
[2024-06-19T05:47:08.329+0000] {python.py:237} INFO - Done. Returned value was: None
[2024-06-19T05:47:08.330+0000] {taskinstance.py:441} INFO - ::group::Post task execution logs
[2024-06-19T05:47:08.365+0000] {taskinstance.py:1206} INFO - Marking task as SUCCESS. dag_id=demo_dag_for_alerting_apis_final, task_id=skip_run, run_id=scheduled__2024-06-19T05:46:00+00:00, execution_date=20240619T054600, start_date=20240619T054707, end_date=20240619T054708
[2024-06-19T05:47:08.413+0000] {local_task_job_runner.py:240} INFO - Task exited with return code 0
[2024-06-19T05:47:08.461+0000] {taskinstance.py:3498} INFO - 0 downstream tasks scheduled from follow-on schedule check
[2024-06-19T05:47:08.465+0000] {local_task_job_runner.py:222} INFO - ::endgroup::
