[2024-06-26T11:38:28.578+0000] {local_task_job_runner.py:120} INFO - ::group::Pre task execution logs
[2024-06-26T11:38:28.604+0000] {taskinstance.py:2076} INFO - Dependencies all met for dep_context=non-requeueable deps ti=<TaskInstance: alerting_all_dags_using_apis.get_all_dagruns_task_instances scheduled__2024-06-26T11:33:00+00:00 [queued]>
[2024-06-26T11:38:28.613+0000] {taskinstance.py:2076} INFO - Dependencies all met for dep_context=requeueable deps ti=<TaskInstance: alerting_all_dags_using_apis.get_all_dagruns_task_instances scheduled__2024-06-26T11:33:00+00:00 [queued]>
[2024-06-26T11:38:28.614+0000] {taskinstance.py:2306} INFO - Starting attempt 1 of 6
[2024-06-26T11:38:28.630+0000] {taskinstance.py:2330} INFO - Executing <Task(PythonOperator): get_all_dagruns_task_instances> on 2024-06-26 11:33:00+00:00
[2024-06-26T11:38:28.635+0000] {warnings.py:110} WARNING - /home/***/.local/lib/python3.12/site-packages/***/task/task_runner/standard_task_runner.py:61: DeprecationWarning: This process (pid=7728) is multi-threaded, use of fork() may lead to deadlocks in the child.
  pid = os.fork()

[2024-06-26T11:38:28.636+0000] {standard_task_runner.py:63} INFO - Started process 7729 to run task
[2024-06-26T11:38:28.636+0000] {standard_task_runner.py:90} INFO - Running: ['***', 'tasks', 'run', 'alerting_all_dags_using_apis', 'get_all_dagruns_task_instances', 'scheduled__2024-06-26T11:33:00+00:00', '--job-id', '4480', '--raw', '--subdir', 'DAGS_FOLDER/alerting_all_dags_using_apis.py', '--cfg-path', '/tmp/tmpc5w9jwkl']
[2024-06-26T11:38:28.637+0000] {standard_task_runner.py:91} INFO - Job 4480: Subtask get_all_dagruns_task_instances
[2024-06-26T11:38:28.679+0000] {task_command.py:426} INFO - Running <TaskInstance: alerting_all_dags_using_apis.get_all_dagruns_task_instances scheduled__2024-06-26T11:33:00+00:00 [running]> on host ced2311e92d2
[2024-06-26T11:38:28.778+0000] {taskinstance.py:2648} INFO - Exporting env vars: AIRFLOW_CTX_DAG_OWNER='***' AIRFLOW_CTX_DAG_ID='alerting_all_dags_using_apis' AIRFLOW_CTX_TASK_ID='get_all_dagruns_task_instances' AIRFLOW_CTX_EXECUTION_DATE='2024-06-26T11:33:00+00:00' AIRFLOW_CTX_TRY_NUMBER='1' AIRFLOW_CTX_DAG_RUN_ID='scheduled__2024-06-26T11:33:00+00:00'
[2024-06-26T11:38:28.778+0000] {taskinstance.py:430} INFO - ::endgroup::
[2024-06-26T11:38:28.796+0000] {helper_functions.py:266} ERROR - Failed to get task instances for all DAG runs: 'NoneType' object is not iterable
Traceback (most recent call last):
  File "/opt/airflow/dags/helper_functions.py", line 253, in get_all_dagruns_task_instances
    for dag_id, run_id in run_ids:
TypeError: 'NoneType' object is not iterable
[2024-06-26T11:38:28.797+0000] {python.py:237} INFO - Done. Returned value was: None
[2024-06-26T11:38:28.797+0000] {taskinstance.py:441} INFO - ::group::Post task execution logs
[2024-06-26T11:38:28.807+0000] {taskinstance.py:1206} INFO - Marking task as SUCCESS. dag_id=alerting_all_dags_using_apis, task_id=get_all_dagruns_task_instances, run_id=scheduled__2024-06-26T11:33:00+00:00, execution_date=20240626T113300, start_date=20240626T113828, end_date=20240626T113828
[2024-06-26T11:38:28.849+0000] {local_task_job_runner.py:240} INFO - Task exited with return code 0
[2024-06-26T11:38:28.875+0000] {taskinstance.py:3498} INFO - 1 downstream tasks scheduled from follow-on schedule check
[2024-06-26T11:38:28.876+0000] {local_task_job_runner.py:222} INFO - ::endgroup::
