[2024-06-18T05:30:01.230+0000] {local_task_job_runner.py:120} INFO - ::group::Pre task execution logs
[2024-06-18T05:30:01.252+0000] {taskinstance.py:2076} INFO - Dependencies all met for dep_context=non-requeueable deps ti=<TaskInstance: alerting_skipped.check_status scheduled__2024-06-18T05:25:00+00:00 [queued]>
[2024-06-18T05:30:01.260+0000] {taskinstance.py:2076} INFO - Dependencies all met for dep_context=requeueable deps ti=<TaskInstance: alerting_skipped.check_status scheduled__2024-06-18T05:25:00+00:00 [queued]>
[2024-06-18T05:30:01.261+0000] {taskinstance.py:2306} INFO - Starting attempt 1 of 6
[2024-06-18T05:30:01.274+0000] {taskinstance.py:2330} INFO - Executing <Task(PythonOperator): check_status> on 2024-06-18 05:25:00+00:00
[2024-06-18T05:30:01.279+0000] {warnings.py:110} WARNING - /home/***/.local/lib/python3.12/site-packages/***/task/task_runner/standard_task_runner.py:61: DeprecationWarning: This process (pid=317) is multi-threaded, use of fork() may lead to deadlocks in the child.
  pid = os.fork()

[2024-06-18T05:30:01.280+0000] {standard_task_runner.py:63} INFO - Started process 318 to run task
[2024-06-18T05:30:01.281+0000] {standard_task_runner.py:90} INFO - Running: ['***', 'tasks', 'run', 'alerting_skipped', 'check_status', 'scheduled__2024-06-18T05:25:00+00:00', '--job-id', '421', '--raw', '--subdir', 'DAGS_FOLDER/alerting_skipped.py', '--cfg-path', '/tmp/tmpxfbejj6g']
[2024-06-18T05:30:01.281+0000] {standard_task_runner.py:91} INFO - Job 421: Subtask check_status
[2024-06-18T05:30:01.321+0000] {task_command.py:426} INFO - Running <TaskInstance: alerting_skipped.check_status scheduled__2024-06-18T05:25:00+00:00 [running]> on host fa5c5d972e05
[2024-06-18T05:30:01.405+0000] {taskinstance.py:2648} INFO - Exporting env vars: AIRFLOW_CTX_DAG_OWNER='***' AIRFLOW_CTX_DAG_ID='alerting_skipped' AIRFLOW_CTX_TASK_ID='check_status' AIRFLOW_CTX_EXECUTION_DATE='2024-06-18T05:25:00+00:00' AIRFLOW_CTX_TRY_NUMBER='1' AIRFLOW_CTX_DAG_RUN_ID='scheduled__2024-06-18T05:25:00+00:00'
[2024-06-18T05:30:01.406+0000] {taskinstance.py:430} INFO - ::endgroup::
[2024-06-18T05:30:01.424+0000] {alerting_skipped.py:67} ERROR - Error querying DAG run status: HTTPConnectionPool(host='localhost', port=8080): Max retries exceeded with url: /api/v1/dags/alerting_skipped/dagRuns?limit=3&order_by=-execution_date (Caused by NewConnectionError('<urllib3.connection.HTTPConnection object at 0x70e7c4b54920>: Failed to establish a new connection: [Errno 111] Connection refused'))
[2024-06-18T05:30:01.424+0000] {python.py:237} INFO - Done. Returned value was: False
[2024-06-18T05:30:01.425+0000] {taskinstance.py:441} INFO - ::group::Post task execution logs
[2024-06-18T05:30:01.448+0000] {taskinstance.py:1206} INFO - Marking task as SUCCESS. dag_id=alerting_skipped, task_id=check_status, run_id=scheduled__2024-06-18T05:25:00+00:00, execution_date=20240618T052500, start_date=20240618T053001, end_date=20240618T053001
[2024-06-18T05:30:01.493+0000] {local_task_job_runner.py:240} INFO - Task exited with return code 0
[2024-06-18T05:30:01.512+0000] {taskinstance.py:3498} INFO - 1 downstream tasks scheduled from follow-on schedule check
[2024-06-18T05:30:01.513+0000] {local_task_job_runner.py:222} INFO - ::endgroup::
